#
# A fatal error has been detected by the Java Runtime Environment:
#
#  SIGSEGV (0xb) at pc=0x00007f5ed20c3e36, pid=12629, tid=12638
#
# JRE version: OpenJDK Runtime Environment (11.0.19+7) (build 11.0.19+7-post-Ubuntu-0ubuntu122.04.1)
# Java VM: OpenJDK 64-Bit Server VM (11.0.19+7-post-Ubuntu-0ubuntu122.04.1, mixed mode, sharing, tiered, compressed oops, g1 gc, linux-amd64)
# Problematic frame:
# C  [libLLVM-13.so+0xcc3e36]  llvm::GetElementPtrInst::getIndexedType(llvm::Type*, llvm::ArrayRef<llvm::Value*>)+0x66
#
# Core dump will be written. Default location: Core dumps may be processed with "/usr/share/apport/apport -p%p -s%s -c%c -d%d -P%P -u%u -g%g -- %E" (or dumping to /home/doudou/lab/Lab/core.12629)
#
# If you would like to submit a bug report, please visit:
#   https://bugs.launchpad.net/ubuntu/+source/openjdk-lts
# The crash happened outside the Java Virtual Machine in native code.
# See problematic frame for where to report the bug.
#

---------------  S U M M A R Y ------------

Command Line: -agentlib:jdwp=transport=dt_socket,address=127.0.0.1:57555,suspend=y,server=n -javaagent:/snap/intellij-idea-ultimate/437/plugins/java/lib/rt/debugger-agent.jar -Dfile.encoding=UTF-8 Main /home/doudou/lab/Lab/tests/test1.sysy /home/doudou/lab/Lab/tests/out.txt

Host: 11th Gen Intel(R) Core(TM) i7-1165G7 @ 2.80GHz, 2 cores, 3G, Ubuntu 22.04.2 LTS
Time: Tue Jun 27 17:19:19 2023 CST elapsed time: 61.674723 seconds (0d 0h 1m 1s)

---------------  T H R E A D  ---------------

Current thread (0x00007f5f30019800):  JavaThread "main" [_thread_in_native, id=12638, stack(0x00007f5f35d00000,0x00007f5f35e00000)]

Stack: [0x00007f5f35d00000,0x00007f5f35e00000],  sp=0x00007f5f35dfdd00,  free space=1015k
Native frames: (J=compiled Java code, A=aot compiled Java code, j=interpreted, Vv=VM code, C=native code)
C  [libLLVM-13.so+0xcc3e36]  llvm::GetElementPtrInst::getIndexedType(llvm::Type*, llvm::ArrayRef<llvm::Value*>)+0x66

Java frames: (J=compiled Java code, j=interpreted, Vv=VM code)
j  org.bytedeco.llvm.global.LLVM.LLVMBuildInBoundsGEP(Lorg/bytedeco/llvm/LLVM/LLVMBuilderRef;Lorg/bytedeco/llvm/LLVM/LLVMValueRef;Lorg/bytedeco/javacpp/PointerPointer;ILjava/lang/String;)Lorg/bytedeco/llvm/LLVM/LLVMValueRef;+0
j  SysYLlvmVisitor.visitLVal(LSysYParser$LValContext;)Lorg/bytedeco/llvm/LLVM/LLVMValueRef;+178
j  SysYLlvmVisitor.visitExp(LSysYParser$ExpContext;)Lorg/bytedeco/llvm/LLVM/LLVMValueRef;+55
j  SysYLlvmVisitor.visitStmt(LSysYParser$StmtContext;)Lorg/bytedeco/llvm/LLVM/LLVMValueRef;+21
j  SysYLlvmVisitor.visitStmt(LSysYParser$StmtContext;)Ljava/lang/Object;+2
j  SysYParser$StmtContext.accept(Lorg/antlr/v4/runtime/tree/ParseTreeVisitor;)Ljava/lang/Object;+12
j  org.antlr.v4.runtime.tree.AbstractParseTreeVisitor.visitChildren(Lorg/antlr/v4/runtime/tree/RuleNode;)Ljava/lang/Object;+46
j  SysYParserBaseVisitor.visitBlockItem(LSysYParser$BlockItemContext;)Ljava/lang/Object;+2
j  SysYParser$BlockItemContext.accept(Lorg/antlr/v4/runtime/tree/ParseTreeVisitor;)Ljava/lang/Object;+12
j  org.antlr.v4.runtime.tree.AbstractParseTreeVisitor.visitChildren(Lorg/antlr/v4/runtime/tree/RuleNode;)Ljava/lang/Object;+46
j  SysYParserBaseVisitor.visitBlock(LSysYParser$BlockContext;)Ljava/lang/Object;+2
j  SysYParser$BlockContext.accept(Lorg/antlr/v4/runtime/tree/ParseTreeVisitor;)Ljava/lang/Object;+12
j  org.antlr.v4.runtime.tree.AbstractParseTreeVisitor.visit(Lorg/antlr/v4/runtime/tree/ParseTree;)Ljava/lang/Object;+2
j  SysYLlvmVisitor.visitFuncDef(LSysYParser$FuncDefContext;)Lorg/bytedeco/llvm/LLVM/LLVMValueRef;+520
j  SysYLlvmVisitor.visitCompUnit(LSysYParser$CompUnitContext;)Lorg/bytedeco/llvm/LLVM/LLVMValueRef;+896
j  SysYLlvmVisitor.visitCompUnit(LSysYParser$CompUnitContext;)Ljava/lang/Object;+2
j  SysYParser$CompUnitContext.accept(Lorg/antlr/v4/runtime/tree/ParseTreeVisitor;)Ljava/lang/Object;+12
j  org.antlr.v4.runtime.tree.AbstractParseTreeVisitor.visitChildren(Lorg/antlr/v4/runtime/tree/RuleNode;)Ljava/lang/Object;+46
j  SysYParserBaseVisitor.visitProgram(LSysYParser$ProgramContext;)Ljava/lang/Object;+2
j  SysYParser$ProgramContext.accept(Lorg/antlr/v4/runtime/tree/ParseTreeVisitor;)Ljava/lang/Object;+12
j  org.antlr.v4.runtime.tree.AbstractParseTreeVisitor.visit(Lorg/antlr/v4/runtime/tree/ParseTree;)Ljava/lang/Object;+2
j  Main.main([Ljava/lang/String;)V+218
v  ~StubRoutines::call_stub

siginfo: si_signo: 11 (SIGSEGV), si_code: 1 (SEGV_MAPERR), si_addr: 0x0000000000000000

Register to memory mapping:

RAX=0x000000000000000f is an unknown value
RBX=0x00007f5ed800a328 points into unknown readable memory: 0x0000000000000000 | 00 00 00 00 00 00 00 00
RCX=0x00007f5f303d6890 points into unknown readable memory: 0x00007f5f303bd840 | 40 d8 3b 30 5f 7f 00 00
RDX=0x0000000000000002 is an unknown value
RSP=0x00007f5f35dfdd00 is pointing into the stack for thread: 0x00007f5f30019800
RBP=0x00007f5f303d6870 points into unknown readable memory: 0x00007f5f303bd840 | 40 d8 3b 30 5f 7f 00 00
RSI=0x00007f5ed800a320 points into unknown readable memory: 0x00007f5f303d5bd0 | d0 5b 3d 30 5f 7f 00 00
RDI=0x00007f5f303d6870 points into unknown readable memory: 0x00007f5f303bd840 | 40 d8 3b 30 5f 7f 00 00
R8 =0x0 is NULL
R9 =0x0000000000000002 is an unknown value
R10=0x00007f5ed1454fd0: <offset 0x0000000000054fd0> in /home/doudou/.javacpp/cache/llvm-13.0.1-1.5.7-linux-x86_64.jar/org/bytedeco/llvm/linux-x86_64/libLLVM-13.so at 0x00007f5ed1400000
R11=0x00007f5ed202d210: LLVMBuildInBoundsGEP+0x0000000000000000 in /home/doudou/.javacpp/cache/llvm-13.0.1-1.5.7-linux-x86_64.jar/org/bytedeco/llvm/linux-x86_64/libLLVM-13.so at 0x00007f5ed1400000
R12=0x00007f5ed800a330 points into unknown readable memory: 0x000000000000003b | 3b 00 00 00 00 00 00 00
R13=0x0 is NULL
R14=0x0000000000000002 is an unknown value
R15=0x00007f5f303d6870 points into unknown readable memory: 0x00007f5f303bd840 | 40 d8 3b 30 5f 7f 00 00


Registers:
RAX=0x000000000000000f, RBX=0x00007f5ed800a328, RCX=0x00007f5f303d6890, RDX=0x0000000000000002
RSP=0x00007f5f35dfdd00, RBP=0x00007f5f303d6870, RSI=0x00007f5ed800a320, RDI=0x00007f5f303d6870
R8 =0x0000000000000000, R9 =0x0000000000000002, R10=0x00007f5ed1454fd0, R11=0x00007f5ed202d210
R12=0x00007f5ed800a330, R13=0x0000000000000000, R14=0x0000000000000002, R15=0x00007f5f303d6870
RIP=0x00007f5ed20c3e36, EFLAGS=0x0000000000010287, CSGSFS=0x002b000000000033, ERR=0x0000000000000004
  TRAPNO=0x000000000000000e

Top of Stack: (sp=0x00007f5f35dfdd00)
0x00007f5f35dfdd00:   0000000000000060 00007f5f303ad170
0x00007f5f35dfdd10:   00007f5f303e0240 00007f5f303d0800
0x00007f5f35dfdd20:   00007f5ed800a320 00007f5ed202d2fa
0x00007f5f35dfdd30:   0000000000000000 00007f5f303d07a0 

Instructions: (pc=0x00007f5ed20c3e36)
0x00007f5ed20c3d36:   89 ef 5d 41 5c e9 40 d1 08 00 48 8b 36 0f b6 56
0x00007f5ed20c3d46:   08 89 d1 83 ea 12 83 fa 01 77 0b 48 8b 56 10 48
0x00007f5ed20c3d56:   8b 12 0f b6 4a 08 80 f9 0d 75 07 83 e8 11 3c 02
0x00007f5ed20c3d66:   76 10 48 83 c4 08 31 c0 5d 41 5c c3 66 0f 1f 44
0x00007f5ed20c3d76:   00 00 48 8b 45 18 48 83 c4 08 5d 41 5c c3 66 2e
0x00007f5ed20c3d86:   0f 1f 84 00 00 00 00 00 66 90 0f b6 47 08 3c 10
0x00007f5ed20c3d96:   75 18 8b 47 0c 48 39 c6 73 28 48 8b 47 10 4c 8b
0x00007f5ed20c3da6:   04 f0 4c 89 c0 c3 0f 1f 40 00 83 e8 11 45 31 c0
0x00007f5ed20c3db6:   3c 02 77 ee 4c 8b 47 18 4c 89 c0 c3 66 0f 1f 44
0x00007f5ed20c3dc6:   00 00 45 31 c0 eb db 0f 1f 00 48 89 f8 48 85 d2
0x00007f5ed20c3dd6:   0f 84 a4 00 00 00 41 55 41 54 4c 8d 24 d6 55 48
0x00007f5ed20c3de6:   89 fd 53 48 8d 5e 08 48 83 ec 08 4c 39 e3 75 35
0x00007f5ed20c3df6:   eb 7a 0f 1f 84 00 00 00 00 00 4c 89 ee 48 89 ef
0x00007f5ed20c3e06:   e8 a5 d0 08 00 84 c0 74 61 48 89 ef 4c 89 ee e8
0x00007f5ed20c3e16:   66 d0 08 00 48 89 c5 48 85 ed 74 4e 48 83 c3 08
0x00007f5ed20c3e26:   49 39 dc 74 5d 0f b6 45 08 4c 8b 2b 3c 10 74 ca
0x00007f5ed20c3e36:   49 8b 75 00 0f b6 4e 08 89 ca 83 e9 12 83 f9 01
0x00007f5ed20c3e46:   77 0b 48 8b 56 10 48 8b 12 0f b6 52 08 80 fa 0d
0x00007f5ed20c3e56:   75 18 3c 11 75 0c 48 8b 6d 18 eb bb 66 0f 1f 44
0x00007f5ed20c3e66:   00 00 83 e8 12 83 f8 01 76 ec 31 c0 48 83 c4 08
0x00007f5ed20c3e76:   5b 5d 41 5c 41 5d c3 0f 1f 00 c3 0f 1f 80 00 00
0x00007f5ed20c3e86:   00 00 48 83 c4 08 48 89 e8 5b 5d 41 5c 41 5d c3
0x00007f5ed20c3e96:   66 2e 0f 1f 84 00 00 00 00 00 48 89 f8 48 85 d2
0x00007f5ed20c3ea6:   0f 84 a4 00 00 00 41 55 41 54 4c 8d 24 d6 55 48
0x00007f5ed20c3eb6:   89 fd 53 48 8d 5e 08 48 83 ec 08 4c 39 e3 75 35
0x00007f5ed20c3ec6:   eb 7a 0f 1f 84 00 00 00 00 00 4c 89 ee 48 89 ef
0x00007f5ed20c3ed6:   e8 d5 cf 08 00 84 c0 74 61 48 89 ef 4c 89 ee e8
0x00007f5ed20c3ee6:   96 cf 08 00 48 89 c5 48 85 ed 74 4e 48 83 c3 08
0x00007f5ed20c3ef6:   49 39 dc 74 5d 0f b6 45 08 4c 8b 2b 3c 10 74 ca
0x00007f5ed20c3f06:   49 8b 75 00 0f b6 4e 08 89 ca 83 e9 12 83 f9 01
0x00007f5ed20c3f16:   77 0b 48 8b 56 10 48 8b 12 0f b6 52 08 80 fa 0d
0x00007f5ed20c3f26:   75 18 3c 11 75 0c 48 8b 6d 18 eb bb 66 0f 1f 44 


Stack slot to memory mapping:
stack at sp + 0 slots: 0x0000000000000060 is an unknown value
stack at sp + 1 slots: 0x00007f5f303ad170 points into unknown readable memory: 0x00007f5f303ad180 | 80 d1 3a 30 5f 7f 00 00
stack at sp + 2 slots: 0x00007f5f303e0240 points into unknown readable memory: 0x00007f5f303d6890 | 90 68 3d 30 5f 7f 00 00
stack at sp + 3 slots: 0x00007f5f303d0800 points into unknown readable memory: 0x6c6c2f6568636163 | 63 61 63 68 65 2f 6c 6c
stack at sp + 4 slots: 0x00007f5ed800a320 points into unknown readable memory: 0x00007f5f303d5bd0 | d0 5b 3d 30 5f 7f 00 00
stack at sp + 5 slots: 0x00007f5ed202d2fa: LLVMBuildInBoundsGEP+0x00000000000000ea in /home/doudou/.javacpp/cache/llvm-13.0.1-1.5.7-linux-x86_64.jar/org/bytedeco/llvm/linux-x86_64/libLLVM-13.so at 0x00007f5ed1400000
stack at sp + 6 slots: 0x0 is NULL
stack at sp + 7 slots: 0x00007f5f303d07a0 points into unknown readable memory: 0x0000000000000000 | 00 00 00 00 00 00 00 00


---------------  P R O C E S S  ---------------

Threads class SMR info:
_java_thread_list=0x00007f5f302274d0, length=13, elements={
0x00007f5f30019800, 0x00007f5f30124000, 0x00007f5f30126000, 0x00007f5f3012a800,
0x00007f5f3012c800, 0x00007f5f3012e800, 0x00007f5f30130800, 0x00007f5f30132800,
0x00007f5f30141000, 0x00007f5f3019a000, 0x00007f5f3019e800, 0x000055fb28c73000,
0x00007f5f30226000
}

Java Threads: ( => current thread )
=>0x00007f5f30019800 JavaThread "main" [_thread_in_native, id=12638, stack(0x00007f5f35d00000,0x00007f5f35e00000)]
  0x00007f5f30124000 JavaThread "Reference Handler" daemon [_thread_blocked, id=12647, stack(0x00007f5f1469f000,0x00007f5f1479f000)]
  0x00007f5f30126000 JavaThread "Finalizer" daemon [_thread_blocked, id=12648, stack(0x00007f5f1459f000,0x00007f5f1469f000)]
  0x00007f5f3012a800 JavaThread "Signal Dispatcher" daemon [_thread_blocked, id=12649, stack(0x00007f5f1449f000,0x00007f5f1459f000)]
  0x00007f5f3012c800 JavaThread "Service Thread" daemon [_thread_blocked, id=12650, stack(0x00007f5f1439f000,0x00007f5f1449f000)]
  0x00007f5f3012e800 JavaThread "C2 CompilerThread0" daemon [_thread_blocked, id=12651, stack(0x00007f5f1429f000,0x00007f5f1439f000)]
  0x00007f5f30130800 JavaThread "C1 CompilerThread0" daemon [_thread_blocked, id=12652, stack(0x00007f5f1419f000,0x00007f5f1429f000)]
  0x00007f5f30132800 JavaThread "Sweeper thread" daemon [_thread_blocked, id=12653, stack(0x00007f5f1409f000,0x00007f5f1419f000)]
  0x00007f5f30141000 JavaThread "Common-Cleaner" daemon [_thread_blocked, id=12654, stack(0x00007f5f05f00000,0x00007f5f06000000)]
  0x00007f5f3019a000 JavaThread "JDWP Transport Listener: dt_socket" daemon [_thread_blocked, id=12655, stack(0x00007f5f05e00000,0x00007f5f05f00000)]
  0x00007f5f3019e800 JavaThread "JDWP Event Helper Thread" daemon [_thread_blocked, id=12657, stack(0x00007f5f05d00000,0x00007f5f05e00000)]
  0x000055fb28c73000 JavaThread "JDWP Command Reader" daemon [_thread_in_native, id=12659, stack(0x00007f5f05c00000,0x00007f5f05d00000)]
  0x00007f5f30226000 JavaThread "JavaCPP Deallocator" daemon [_thread_blocked, id=12662, stack(0x00007f5f059fe000,0x00007f5f05afe000)]

Other Threads:
  0x00007f5f30121000 VMThread "VM Thread" [stack: 0x00007f5f147a1000,0x00007f5f148a1000] [id=12646]
  0x00007f5f301b0000 WatcherThread [stack: 0x00007f5f05b00000,0x00007f5f05c00000] [id=12661]
  0x00007f5f30033800 GCTaskThread "GC Thread#0" [stack: 0x00007f5f34415000,0x00007f5f34515000] [id=12639]
  0x00007f5efc001000 GCTaskThread "GC Thread#1" [stack: 0x00007f5f058fe000,0x00007f5f059fe000] [id=12663]
  0x00007f5f3004e800 ConcurrentGCThread "G1 Main Marker" [stack: 0x00007f5f15687000,0x00007f5f15787000] [id=12640]
  0x00007f5f30050800 ConcurrentGCThread "G1 Conc#0" [stack: 0x00007f5f15585000,0x00007f5f15685000] [id=12642]
  0x00007f5f3008b800 ConcurrentGCThread "G1 Refine#0" [stack: 0x00007f5f15281000,0x00007f5f15381000] [id=12644]
  0x00007f5f3008d800 ConcurrentGCThread "G1 Young RemSet Sampling" [stack: 0x00007f5f1517f000,0x00007f5f1527f000] [id=12645]

Threads with active compile tasks:

VM state:not at safepoint (normal execution)

VM Mutex/Monitor currently owned by a thread: None

Heap address: 0x00000000c2e00000, size: 978 MB, Compressed Oops mode: 32-bit
Narrow klass base: 0x0000000800000000, Narrow klass shift: 3
Compressed class space size: 1073741824 Address: 0x0000000840000000

Heap:
 garbage-first heap   total 65536K, used 7859K [0x00000000c2e00000, 0x0000000100000000)
  region size 1024K, 9 young (9216K), 1 survivors (1024K)
 Metaspace       used 3935K, capacity 6617K, committed 6912K, reserved 1056768K
  class space    used 421K, capacity 694K, committed 768K, reserved 1048576K
Heap Regions: E=young(eden), S=young(survivor), O=old, HS=humongous(starts), HC=humongous(continues), CS=collection set, F=free, A=archive, TAMS=top-at-mark-start (previous, next)
|   0|0x00000000c2e00000, 0x00000000c2e00000, 0x00000000c2f00000|  0%| F|  |TAMS 0x00000000c2e00000, 0x00000000c2e00000| Untracked 
|   1|0x00000000c2f00000, 0x00000000c2f00000, 0x00000000c3000000|  0%| F|  |TAMS 0x00000000c2f00000, 0x00000000c2f00000| Untracked 
|   2|0x00000000c3000000, 0x00000000c3000000, 0x00000000c3100000|  0%| F|  |TAMS 0x00000000c3000000, 0x00000000c3000000| Untracked 
|   3|0x00000000c3100000, 0x00000000c3100000, 0x00000000c3200000|  0%| F|  |TAMS 0x00000000c3100000, 0x00000000c3100000| Untracked 
|   4|0x00000000c3200000, 0x00000000c3200000, 0x00000000c3300000|  0%| F|  |TAMS 0x00000000c3200000, 0x00000000c3200000| Untracked 
|   5|0x00000000c3300000, 0x00000000c3300000, 0x00000000c3400000|  0%| F|  |TAMS 0x00000000c3300000, 0x00000000c3300000| Untracked 
|   6|0x00000000c3400000, 0x00000000c3400000, 0x00000000c3500000|  0%| F|  |TAMS 0x00000000c3400000, 0x00000000c3400000| Untracked 
|   7|0x00000000c3500000, 0x00000000c3500000, 0x00000000c3600000|  0%| F|  |TAMS 0x00000000c3500000, 0x00000000c3500000| Untracked 
|   8|0x00000000c3600000, 0x00000000c3600000, 0x00000000c3700000|  0%| F|  |TAMS 0x00000000c3600000, 0x00000000c3600000| Untracked 
|   9|0x00000000c3700000, 0x00000000c3700000, 0x00000000c3800000|  0%| F|  |TAMS 0x00000000c3700000, 0x00000000c3700000| Untracked 
|  10|0x00000000c3800000, 0x00000000c3800000, 0x00000000c3900000|  0%| F|  |TAMS 0x00000000c3800000, 0x00000000c3800000| Untracked 
|  11|0x00000000c3900000, 0x00000000c3900000, 0x00000000c3a00000|  0%| F|  |TAMS 0x00000000c3900000, 0x00000000c3900000| Untracked 
|  12|0x00000000c3a00000, 0x00000000c3a00000, 0x00000000c3b00000|  0%| F|  |TAMS 0x00000000c3a00000, 0x00000000c3a00000| Untracked 
|  13|0x00000000c3b00000, 0x00000000c3b00000, 0x00000000c3c00000|  0%| F|  |TAMS 0x00000000c3b00000, 0x00000000c3b00000| Untracked 
|  14|0x00000000c3c00000, 0x00000000c3c00000, 0x00000000c3d00000|  0%| F|  |TAMS 0x00000000c3c00000, 0x00000000c3c00000| Untracked 
|  15|0x00000000c3d00000, 0x00000000c3d00000, 0x00000000c3e00000|  0%| F|  |TAMS 0x00000000c3d00000, 0x00000000c3d00000| Untracked 
|  16|0x00000000c3e00000, 0x00000000c3e00000, 0x00000000c3f00000|  0%| F|  |TAMS 0x00000000c3e00000, 0x00000000c3e00000| Untracked 
|  17|0x00000000c3f00000, 0x00000000c3f00000, 0x00000000c4000000|  0%| F|  |TAMS 0x00000000c3f00000, 0x00000000c3f00000| Untracked 
|  18|0x00000000c4000000, 0x00000000c4000000, 0x00000000c4100000|  0%| F|  |TAMS 0x00000000c4000000, 0x00000000c4000000| Untracked 
|  19|0x00000000c4100000, 0x00000000c4100000, 0x00000000c4200000|  0%| F|  |TAMS 0x00000000c4100000, 0x00000000c4100000| Untracked 
|  20|0x00000000c4200000, 0x00000000c4200000, 0x00000000c4300000|  0%| F|  |TAMS 0x00000000c4200000, 0x00000000c4200000| Untracked 
|  21|0x00000000c4300000, 0x00000000c4300000, 0x00000000c4400000|  0%| F|  |TAMS 0x00000000c4300000, 0x00000000c4300000| Untracked 
|  22|0x00000000c4400000, 0x00000000c4400000, 0x00000000c4500000|  0%| F|  |TAMS 0x00000000c4400000, 0x00000000c4400000| Untracked 
|  23|0x00000000c4500000, 0x00000000c4500000, 0x00000000c4600000|  0%| F|  |TAMS 0x00000000c4500000, 0x00000000c4500000| Untracked 
|  24|0x00000000c4600000, 0x00000000c4600000, 0x00000000c4700000|  0%| F|  |TAMS 0x00000000c4600000, 0x00000000c4600000| Untracked 
|  25|0x00000000c4700000, 0x00000000c4700000, 0x00000000c4800000|  0%| F|  |TAMS 0x00000000c4700000, 0x00000000c4700000| Untracked 
|  26|0x00000000c4800000, 0x00000000c4800000, 0x00000000c4900000|  0%| F|  |TAMS 0x00000000c4800000, 0x00000000c4800000| Untracked 
|  27|0x00000000c4900000, 0x00000000c4900000, 0x00000000c4a00000|  0%| F|  |TAMS 0x00000000c4900000, 0x00000000c4900000| Untracked 
|  28|0x00000000c4a00000, 0x00000000c4a00000, 0x00000000c4b00000|  0%| F|  |TAMS 0x00000000c4a00000, 0x00000000c4a00000| Untracked 
|  29|0x00000000c4b00000, 0x00000000c4b00000, 0x00000000c4c00000|  0%| F|  |TAMS 0x00000000c4b00000, 0x00000000c4b00000| Untracked 
|  30|0x00000000c4c00000, 0x00000000c4c00000, 0x00000000c4d00000|  0%| F|  |TAMS 0x00000000c4c00000, 0x00000000c4c00000| Untracked 
|  31|0x00000000c4d00000, 0x00000000c4d00000, 0x00000000c4e00000|  0%| F|  |TAMS 0x00000000c4d00000, 0x00000000c4d00000| Untracked 
|  32|0x00000000c4e00000, 0x00000000c4e00000, 0x00000000c4f00000|  0%| F|  |TAMS 0x00000000c4e00000, 0x00000000c4e00000| Untracked 
|  33|0x00000000c4f00000, 0x00000000c4f00000, 0x00000000c5000000|  0%| F|  |TAMS 0x00000000c4f00000, 0x00000000c4f00000| Untracked 
|  34|0x00000000c5000000, 0x00000000c5000000, 0x00000000c5100000|  0%| F|  |TAMS 0x00000000c5000000, 0x00000000c5000000| Untracked 
|  35|0x00000000c5100000, 0x00000000c5100000, 0x00000000c5200000|  0%| F|  |TAMS 0x00000000c5100000, 0x00000000c5100000| Untracked 
|  36|0x00000000c5200000, 0x00000000c5200000, 0x00000000c5300000|  0%| F|  |TAMS 0x00000000c5200000, 0x00000000c5200000| Untracked 
|  37|0x00000000c5300000, 0x00000000c5300000, 0x00000000c5400000|  0%| F|  |TAMS 0x00000000c5300000, 0x00000000c5300000| Untracked 
|  38|0x00000000c5400000, 0x00000000c5400000, 0x00000000c5500000|  0%| F|  |TAMS 0x00000000c5400000, 0x00000000c5400000| Untracked 
|  39|0x00000000c5500000, 0x00000000c5500000, 0x00000000c5600000|  0%| F|  |TAMS 0x00000000c5500000, 0x00000000c5500000| Untracked 
|  40|0x00000000c5600000, 0x00000000c5600000, 0x00000000c5700000|  0%| F|  |TAMS 0x00000000c5600000, 0x00000000c5600000| Untracked 
|  41|0x00000000c5700000, 0x00000000c5700000, 0x00000000c5800000|  0%| F|  |TAMS 0x00000000c5700000, 0x00000000c5700000| Untracked 
|  42|0x00000000c5800000, 0x00000000c5800000, 0x00000000c5900000|  0%| F|  |TAMS 0x00000000c5800000, 0x00000000c5800000| Untracked 
|  43|0x00000000c5900000, 0x00000000c5900000, 0x00000000c5a00000|  0%| F|  |TAMS 0x00000000c5900000, 0x00000000c5900000| Untracked 
|  44|0x00000000c5a00000, 0x00000000c5a00000, 0x00000000c5b00000|  0%| F|  |TAMS 0x00000000c5a00000, 0x00000000c5a00000| Untracked 
|  45|0x00000000c5b00000, 0x00000000c5b00000, 0x00000000c5c00000|  0%| F|  |TAMS 0x00000000c5b00000, 0x00000000c5b00000| Untracked 
|  46|0x00000000c5c00000, 0x00000000c5c00000, 0x00000000c5d00000|  0%| F|  |TAMS 0x00000000c5c00000, 0x00000000c5c00000| Untracked 
|  47|0x00000000c5d00000, 0x00000000c5d00000, 0x00000000c5e00000|  0%| F|  |TAMS 0x00000000c5d00000, 0x00000000c5d00000| Untracked 
|  48|0x00000000c5e00000, 0x00000000c5e00000, 0x00000000c5f00000|  0%| F|  |TAMS 0x00000000c5e00000, 0x00000000c5e00000| Untracked 
|  49|0x00000000c5f00000, 0x00000000c5f00000, 0x00000000c6000000|  0%| F|  |TAMS 0x00000000c5f00000, 0x00000000c5f00000| Untracked 
|  50|0x00000000c6000000, 0x00000000c6000000, 0x00000000c6100000|  0%| F|  |TAMS 0x00000000c6000000, 0x00000000c6000000| Untracked 
|  51|0x00000000c6100000, 0x00000000c6100000, 0x00000000c6200000|  0%| F|  |TAMS 0x00000000c6100000, 0x00000000c6100000| Untracked 
|  52|0x00000000c6200000, 0x00000000c6200000, 0x00000000c6300000|  0%| F|  |TAMS 0x00000000c6200000, 0x00000000c6200000| Untracked 
|  53|0x00000000c6300000, 0x00000000c6380800, 0x00000000c6400000| 50%| E|  |TAMS 0x00000000c6300000, 0x00000000c6300000| Complete 
|  54|0x00000000c6400000, 0x00000000c64fadc0, 0x00000000c6500000| 97%| S|CS|TAMS 0x00000000c6400000, 0x00000000c6400000| Complete 
|  55|0x00000000c6500000, 0x00000000c6600000, 0x00000000c6600000|100%| E|CS|TAMS 0x00000000c6500000, 0x00000000c6500000| Complete 
|  56|0x00000000c6600000, 0x00000000c6700000, 0x00000000c6700000|100%| E|CS|TAMS 0x00000000c6600000, 0x00000000c6600000| Complete 
|  57|0x00000000c6700000, 0x00000000c6800000, 0x00000000c6800000|100%| E|CS|TAMS 0x00000000c6700000, 0x00000000c6700000| Complete 
|  58|0x00000000c6800000, 0x00000000c6900000, 0x00000000c6900000|100%| E|CS|TAMS 0x00000000c6800000, 0x00000000c6800000| Complete 
|  59|0x00000000c6900000, 0x00000000c6a00000, 0x00000000c6a00000|100%| E|  |TAMS 0x00000000c6900000, 0x00000000c6900000| Complete 
|  60|0x00000000c6a00000, 0x00000000c6b00000, 0x00000000c6b00000|100%| E|CS|TAMS 0x00000000c6a00000, 0x00000000c6a00000| Complete 
|  61|0x00000000c6b00000, 0x00000000c6c00000, 0x00000000c6c00000|100%| E|CS|TAMS 0x00000000c6b00000, 0x00000000c6b00000| Complete 
| 976|0x00000000ffe00000, 0x00000000ffe47000, 0x00000000fff00000| 27%|OA|  |TAMS 0x00000000ffe00000, 0x00000000ffe00000| Untracked 
| 977|0x00000000fff00000, 0x00000000fff6b000, 0x0000000100000000| 41%|CA|  |TAMS 0x00000000fff00000, 0x00000000fff00000| Untracked 

Card table byte_map: [0x00007f5f2fe17000,0x00007f5f30000000] _byte_map_base: 0x00007f5f2f800000

Marking Bits (Prev, Next): (CMBitMap*) 0x00007f5f30049bc8, (CMBitMap*) 0x00007f5f30049c00
 Prev Bits: [0x00007f5f166cf000, 0x00007f5f17617000)
 Next Bits: [0x00007f5f15787000, 0x00007f5f166cf000)

Polling page: 0x00007f5f36153000

Metaspace:

Usage:
  Non-class:      5.78 MB capacity,     3.43 MB ( 59%) used,     2.35 MB ( 41%) free+waste,     7.19 KB ( <1%) overhead. 
      Class:    694.00 KB capacity,   421.98 KB ( 61%) used,   268.34 KB ( 39%) free+waste,     3.69 KB ( <1%) overhead. 
       Both:      6.46 MB capacity,     3.84 MB ( 59%) used,     2.61 MB ( 40%) free+waste,    10.88 KB ( <1%) overhead. 

Virtual space:
  Non-class space:        8.00 MB reserved,       6.00 MB ( 75%) committed 
      Class space:        1.00 GB reserved,     768.00 KB ( <1%) committed 
             Both:        1.01 GB reserved,       6.75 MB ( <1%) committed 

Chunk freelists:
   Non-Class:  41.00 KB
       Class:  10.00 KB
        Both:  51.00 KB

MaxMetaspaceSize: unlimited
CompressedClassSpaceSize: 1.00 GB
Initial GC threshold: 20.80 MB
Current GC threshold: 20.80 MB
CDS: on

CodeHeap 'non-profiled nmethods': size=120036Kb used=229Kb max_used=229Kb free=119806Kb
 bounds [0x00007f5f1f2c7000, 0x00007f5f1f537000, 0x00007f5f26800000]
CodeHeap 'profiled nmethods': size=120032Kb used=1430Kb max_used=1430Kb free=118602Kb
 bounds [0x00007f5f17d8f000, 0x00007f5f17fff000, 0x00007f5f1f2c7000]
CodeHeap 'non-nmethods': size=5692Kb used=1214Kb max_used=1226Kb free=4478Kb
 bounds [0x00007f5f17800000, 0x00007f5f17a70000, 0x00007f5f17d8f000]
 total_blobs=1182 nmethods=784 adapters=320
 compilation: enabled
              stopped_count=0, restarted_count=0
 full_count=0

Compilation events (20 events):
Event: 5.097 Thread 0x00007f5f30130800  767       1       java.lang.invoke.LambdaForm$Name::type (5 bytes)
Event: 5.097 Thread 0x00007f5f30130800 nmethod 767 0x00007f5f1f2ff910 code [0x00007f5f1f2ffac0, 0x00007f5f1f2ffb90]
Event: 5.097 Thread 0x00007f5f30130800  769       3       java.lang.invoke.MethodTypeForm::canonicalize (64 bytes)
Event: 5.097 Thread 0x00007f5f30130800 nmethod 769 0x00007f5f17ef0890 code [0x00007f5f17ef0a80, 0x00007f5f17ef0d80]
Event: 5.099 Thread 0x00007f5f30130800  775       3       java.lang.invoke.MethodType$ConcurrentWeakInternSet$WeakEntry::<init> (15 bytes)
Event: 5.099 Thread 0x00007f5f30130800 nmethod 775 0x00007f5f17ef0f10 code [0x00007f5f17ef1100, 0x00007f5f17ef1540]
Event: 5.099 Thread 0x00007f5f30130800  778       3       java.util.ImmutableCollections$ListN::size (6 bytes)
Event: 5.099 Thread 0x00007f5f30130800 nmethod 778 0x00007f5f17ef1690 code [0x00007f5f17ef1840, 0x00007f5f17ef1970]
Event: 5.099 Thread 0x00007f5f30130800  777       3       java.lang.invoke.LambdaForm::forceInterpretation (14 bytes)
Event: 5.099 Thread 0x00007f5f30130800 nmethod 777 0x00007f5f17ef1a10 code [0x00007f5f17ef1bc0, 0x00007f5f17ef1d30]
Event: 5.099 Thread 0x00007f5f30130800  780       3       java.lang.invoke.LambdaForm$NamedFunction::methodType (23 bytes)
Event: 5.100 Thread 0x00007f5f30130800 nmethod 780 0x00007f5f17ef1d90 code [0x00007f5f17ef1f60, 0x00007f5f17ef21c0]
Event: 5.100 Thread 0x00007f5f30130800  781       3       java.lang.invoke.InvokerBytecodeGenerator::emitImplicitConversion (159 bytes)
Event: 5.101 Thread 0x00007f5f30130800 nmethod 781 0x00007f5f17ef2290 code [0x00007f5f17ef25e0, 0x00007f5f17ef36d0]
Event: 5.101 Thread 0x00007f5f30130800  782       3       java.util.ArrayList::grow (18 bytes)
Event: 5.101 Thread 0x00007f5f30130800 nmethod 782 0x00007f5f17ef3c90 code [0x00007f5f17ef3e60, 0x00007f5f17ef40f0]
Event: 5.545 Thread 0x00007f5f3012e800  783       4       java.lang.StringBuilder::<init> (7 bytes)
Event: 5.547 Thread 0x00007f5f3012e800 nmethod 783 0x00007f5f1f300210 code [0x00007f5f1f3003a0, 0x00007f5f1f300558]
Event: 6.699 Thread 0x00007f5f30130800  784       3       java.lang.Class::cast (27 bytes)
Event: 6.700 Thread 0x00007f5f30130800 nmethod 784 0x00007f5f17ef4210 code [0x00007f5f17ef43e0, 0x00007f5f17ef46b0]

GC Heap History (2 events):
Event: 0.457 GC heap before
{Heap before GC invocations=0 (full 0):
 garbage-first heap   total 65536K, used 7880K [0x00000000c2e00000, 0x0000000100000000)
  region size 1024K, 7 young (7168K), 0 survivors (0K)
 Metaspace       used 2395K, capacity 5462K, committed 5760K, reserved 1056768K
  class space    used 254K, capacity 521K, committed 640K, reserved 1048576K
}
Event: 0.463 GC heap after
{Heap after GC invocations=1 (full 0):
 garbage-first heap   total 65536K, used 1715K [0x00000000c2e00000, 0x0000000100000000)
  region size 1024K, 1 young (1024K), 1 survivors (1024K)
 Metaspace       used 2395K, capacity 5462K, committed 5760K, reserved 1056768K
  class space    used 254K, capacity 521K, committed 640K, reserved 1048576K
}

Deoptimization events (20 events):
Event: 0.763 Thread 0x00007f5f30019800 DEOPT PACKING pc=0x00007f5f17e666d4 sp=0x00007f5f35dfbfa0
Event: 0.763 Thread 0x00007f5f30019800 DEOPT UNPACKING pc=0x00007f5f178499fa sp=0x00007f5f35dfb490 mode 1
Event: 0.763 Thread 0x00007f5f30019800 DEOPT PACKING pc=0x00007f5f17e666d4 sp=0x00007f5f35dfbfa0
Event: 0.763 Thread 0x00007f5f30019800 DEOPT UNPACKING pc=0x00007f5f178499fa sp=0x00007f5f35dfb490 mode 1
Event: 0.763 Thread 0x00007f5f30019800 DEOPT PACKING pc=0x00007f5f17e666d4 sp=0x00007f5f35dfbfa0
Event: 0.763 Thread 0x00007f5f30019800 DEOPT UNPACKING pc=0x00007f5f178499fa sp=0x00007f5f35dfb490 mode 1
Event: 0.763 Thread 0x00007f5f30019800 DEOPT PACKING pc=0x00007f5f17e666d4 sp=0x00007f5f35dfbfa0
Event: 0.763 Thread 0x00007f5f30019800 DEOPT UNPACKING pc=0x00007f5f178499fa sp=0x00007f5f35dfb490 mode 1
Event: 0.763 Thread 0x00007f5f30019800 DEOPT PACKING pc=0x00007f5f17e666d4 sp=0x00007f5f35dfbfa0
Event: 0.763 Thread 0x00007f5f30019800 DEOPT UNPACKING pc=0x00007f5f178499fa sp=0x00007f5f35dfb490 mode 1
Event: 0.763 Thread 0x00007f5f30019800 DEOPT PACKING pc=0x00007f5f17e666d4 sp=0x00007f5f35dfbfa0
Event: 0.763 Thread 0x00007f5f30019800 DEOPT UNPACKING pc=0x00007f5f178499fa sp=0x00007f5f35dfb490 mode 1
Event: 0.763 Thread 0x00007f5f30019800 DEOPT PACKING pc=0x00007f5f17e666d4 sp=0x00007f5f35dfbfa0
Event: 0.763 Thread 0x00007f5f30019800 DEOPT UNPACKING pc=0x00007f5f178499fa sp=0x00007f5f35dfb490 mode 1
Event: 0.763 Thread 0x00007f5f30019800 DEOPT PACKING pc=0x00007f5f17e666d4 sp=0x00007f5f35dfbfa0
Event: 0.763 Thread 0x00007f5f30019800 DEOPT UNPACKING pc=0x00007f5f178499fa sp=0x00007f5f35dfb490 mode 1
Event: 0.763 Thread 0x00007f5f30019800 DEOPT PACKING pc=0x00007f5f17e666d4 sp=0x00007f5f35dfbfa0
Event: 0.763 Thread 0x00007f5f30019800 DEOPT UNPACKING pc=0x00007f5f178499fa sp=0x00007f5f35dfb490 mode 1
Event: 0.794 Thread 0x00007f5f30019800 DEOPT PACKING pc=0x00007f5f17dfcf8a sp=0x00007f5f35dfd450
Event: 0.794 Thread 0x00007f5f30019800 DEOPT UNPACKING pc=0x00007f5f178499fa sp=0x00007f5f35dfc8f8 mode 0

Classes redefined (0 events):
No events

Internal exceptions (20 events):
Event: 0.763 Thread 0x00007f5f30019800 Exception <a 'java/security/PrivilegedActionException'{0x00000000c6876f18}> (0x00000000c6876f18) thrown at [./src/hotspot/share/prims/jvm.cpp, line 1304]
Event: 0.763 Thread 0x00007f5f30019800 Exception <a 'java/security/PrivilegedActionException'{0x00000000c68771e8}> (0x00000000c68771e8) thrown at [./src/hotspot/share/prims/jvm.cpp, line 1304]
Event: 0.763 Thread 0x00007f5f30019800 Exception <a 'java/security/PrivilegedActionException'{0x00000000c6877b38}> (0x00000000c6877b38) thrown at [./src/hotspot/share/prims/jvm.cpp, line 1304]
Event: 0.763 Thread 0x00007f5f30019800 Exception <a 'java/security/PrivilegedActionException'{0x00000000c6877e08}> (0x00000000c6877e08) thrown at [./src/hotspot/share/prims/jvm.cpp, line 1304]
Event: 0.763 Thread 0x00007f5f30019800 Exception <a 'java/security/PrivilegedActionException'{0x00000000c6878790}> (0x00000000c6878790) thrown at [./src/hotspot/share/prims/jvm.cpp, line 1304]
Event: 0.763 Thread 0x00007f5f30019800 Exception <a 'java/security/PrivilegedActionException'{0x00000000c6878a60}> (0x00000000c6878a60) thrown at [./src/hotspot/share/prims/jvm.cpp, line 1304]
Event: 0.763 Thread 0x00007f5f30019800 Exception <a 'java/security/PrivilegedActionException'{0x00000000c68793d0}> (0x00000000c68793d0) thrown at [./src/hotspot/share/prims/jvm.cpp, line 1304]
Event: 0.763 Thread 0x00007f5f30019800 Exception <a 'java/security/PrivilegedActionException'{0x00000000c68796a0}> (0x00000000c68796a0) thrown at [./src/hotspot/share/prims/jvm.cpp, line 1304]
Event: 0.763 Thread 0x00007f5f30019800 Exception <a 'java/security/PrivilegedActionException'{0x00000000c687a010}> (0x00000000c687a010) thrown at [./src/hotspot/share/prims/jvm.cpp, line 1304]
Event: 0.763 Thread 0x00007f5f30019800 Exception <a 'java/security/PrivilegedActionException'{0x00000000c687a2e0}> (0x00000000c687a2e0) thrown at [./src/hotspot/share/prims/jvm.cpp, line 1304]
Event: 0.763 Thread 0x00007f5f30019800 Exception <a 'java/security/PrivilegedActionException'{0x00000000c687ac68}> (0x00000000c687ac68) thrown at [./src/hotspot/share/prims/jvm.cpp, line 1304]
Event: 0.763 Thread 0x00007f5f30019800 Exception <a 'java/security/PrivilegedActionException'{0x00000000c687af38}> (0x00000000c687af38) thrown at [./src/hotspot/share/prims/jvm.cpp, line 1304]
Event: 0.763 Thread 0x00007f5f30019800 Exception <a 'java/security/PrivilegedActionException'{0x00000000c687b8c0}> (0x00000000c687b8c0) thrown at [./src/hotspot/share/prims/jvm.cpp, line 1304]
Event: 0.763 Thread 0x00007f5f30019800 Exception <a 'java/security/PrivilegedActionException'{0x00000000c687bb90}> (0x00000000c687bb90) thrown at [./src/hotspot/share/prims/jvm.cpp, line 1304]
Event: 0.763 Thread 0x00007f5f30019800 Exception <a 'java/security/PrivilegedActionException'{0x00000000c687c518}> (0x00000000c687c518) thrown at [./src/hotspot/share/prims/jvm.cpp, line 1304]
Event: 0.763 Thread 0x00007f5f30019800 Exception <a 'java/security/PrivilegedActionException'{0x00000000c687c7e8}> (0x00000000c687c7e8) thrown at [./src/hotspot/share/prims/jvm.cpp, line 1304]
Event: 0.763 Thread 0x00007f5f30019800 Exception <a 'java/security/PrivilegedActionException'{0x00000000c687d158}> (0x00000000c687d158) thrown at [./src/hotspot/share/prims/jvm.cpp, line 1304]
Event: 0.763 Thread 0x00007f5f30019800 Exception <a 'java/security/PrivilegedActionException'{0x00000000c687d428}> (0x00000000c687d428) thrown at [./src/hotspot/share/prims/jvm.cpp, line 1304]
Event: 0.763 Thread 0x00007f5f30019800 Exception <a 'java/security/PrivilegedActionException'{0x00000000c687ddb0}> (0x00000000c687ddb0) thrown at [./src/hotspot/share/prims/jvm.cpp, line 1304]
Event: 0.763 Thread 0x00007f5f30019800 Exception <a 'java/security/PrivilegedActionException'{0x00000000c687e080}> (0x00000000c687e080) thrown at [./src/hotspot/share/prims/jvm.cpp, line 1304]

Events (20 events):
Event: 61.671 Executing VM operation: ChangeSingleStep
Event: 61.671 Executing VM operation: ChangeSingleStep done
Event: 61.671 Executing VM operation: ChangeSingleStep
Event: 61.671 Executing VM operation: ChangeSingleStep done
Event: 61.672 Executing VM operation: GetCurrentLocation
Event: 61.672 Executing VM operation: GetCurrentLocation done
Event: 61.672 Executing VM operation: ChangeSingleStep
Event: 61.672 Executing VM operation: ChangeSingleStep done
Event: 61.672 Executing VM operation: ChangeSingleStep
Event: 61.672 Executing VM operation: ChangeSingleStep done
Event: 61.672 Executing VM operation: GetCurrentLocation
Event: 61.672 Executing VM operation: GetCurrentLocation done
Event: 61.673 Executing VM operation: ChangeSingleStep
Event: 61.673 Executing VM operation: ChangeSingleStep done
Event: 61.673 Executing VM operation: ChangeSingleStep
Event: 61.673 Executing VM operation: ChangeSingleStep done
Event: 61.673 Executing VM operation: GetCurrentLocation
Event: 61.673 Executing VM operation: GetCurrentLocation done
Event: 61.673 Executing VM operation: ChangeSingleStep
Event: 61.673 Executing VM operation: ChangeSingleStep done


Dynamic libraries:
c2e00000-c6c00000 rw-p 00000000 00:00 0 
c6c00000-ffe00000 ---p 00000000 00:00 0 
ffe00000-ffe47000 rw-p 00b0a000 08:03 1060156                            /usr/lib/jvm/java-11-openjdk-amd64/lib/server/classes.jsa
ffe47000-fff00000 rw-p 00000000 00:00 0 
fff00000-fff6b000 rw-p 00a9f000 08:03 1060156                            /usr/lib/jvm/java-11-openjdk-amd64/lib/server/classes.jsa
fff6b000-100000000 rw-p 00000000 00:00 0 
800000000-800002000 rwxp 00001000 08:03 1060156                          /usr/lib/jvm/java-11-openjdk-amd64/lib/server/classes.jsa
800002000-800a9e000 rw-p 00003000 08:03 1060156                          /usr/lib/jvm/java-11-openjdk-amd64/lib/server/classes.jsa
840000000-8400c0000 rw-p 00000000 00:00 0 
8400c0000-880000000 ---p 00000000 00:00 0 
55fb274a7000-55fb274a8000 r--p 00000000 08:03 1058673                    /usr/lib/jvm/java-11-openjdk-amd64/bin/java
55fb274a8000-55fb274a9000 r-xp 00001000 08:03 1058673                    /usr/lib/jvm/java-11-openjdk-amd64/bin/java
55fb274a9000-55fb274aa000 r--p 00002000 08:03 1058673                    /usr/lib/jvm/java-11-openjdk-amd64/bin/java
55fb274aa000-55fb274ab000 r--p 00002000 08:03 1058673                    /usr/lib/jvm/java-11-openjdk-amd64/bin/java
55fb274ab000-55fb274ac000 rw-p 00003000 08:03 1058673                    /usr/lib/jvm/java-11-openjdk-amd64/bin/java
55fb28c59000-55fb28cbc000 rw-p 00000000 00:00 0                          [heap]
7f5ed1400000-7f5ed1d26000 r--p 00000000 08:03 1579535                    /home/doudou/.javacpp/cache/llvm-13.0.1-1.5.7-linux-x86_64.jar/org/bytedeco/llvm/linux-x86_64/libLLVM-13.so
7f5ed1d26000-7f5ed56e9000 r-xp 00926000 08:03 1579535                    /home/doudou/.javacpp/cache/llvm-13.0.1-1.5.7-linux-x86_64.jar/org/bytedeco/llvm/linux-x86_64/libLLVM-13.so
7f5ed56e9000-7f5ed793e000 r--p 042e9000 08:03 1579535                    /home/doudou/.javacpp/cache/llvm-13.0.1-1.5.7-linux-x86_64.jar/org/bytedeco/llvm/linux-x86_64/libLLVM-13.so
7f5ed793e000-7f5ed7e53000 r--p 0653d000 08:03 1579535                    /home/doudou/.javacpp/cache/llvm-13.0.1-1.5.7-linux-x86_64.jar/org/bytedeco/llvm/linux-x86_64/libLLVM-13.so
7f5ed7e53000-7f5ed7e5e000 rw-p 06a52000 08:03 1579535                    /home/doudou/.javacpp/cache/llvm-13.0.1-1.5.7-linux-x86_64.jar/org/bytedeco/llvm/linux-x86_64/libLLVM-13.so
7f5ed7e5e000-7f5ed7ed4000 rw-p 00000000 00:00 0 
7f5ed8000000-7f5ed8021000 rw-p 00000000 00:00 0 
7f5ed8021000-7f5edc000000 ---p 00000000 00:00 0 
7f5edc000000-7f5edc021000 rw-p 00000000 00:00 0 
7f5edc021000-7f5ee0000000 ---p 00000000 00:00 0 
7f5ee0000000-7f5ee039c000 rw-p 00000000 00:00 0 
7f5ee039c000-7f5ee4000000 ---p 00000000 00:00 0 
7f5ee4000000-7f5ee4377000 rw-p 00000000 00:00 0 
7f5ee4377000-7f5ee8000000 ---p 00000000 00:00 0 
7f5ee8000000-7f5ee8021000 rw-p 00000000 00:00 0 
7f5ee8021000-7f5eec000000 ---p 00000000 00:00 0 
7f5eec000000-7f5eec021000 rw-p 00000000 00:00 0 
7f5eec021000-7f5ef0000000 ---p 00000000 00:00 0 
7f5ef0000000-7f5ef0021000 rw-p 00000000 00:00 0 
7f5ef0021000-7f5ef4000000 ---p 00000000 00:00 0 
7f5ef4000000-7f5ef4021000 rw-p 00000000 00:00 0 
7f5ef4021000-7f5ef8000000 ---p 00000000 00:00 0 
7f5ef8000000-7f5ef8021000 rw-p 00000000 00:00 0 
7f5ef8021000-7f5efc000000 ---p 00000000 00:00 0 
7f5efc000000-7f5efc034000 rw-p 00000000 00:00 0 
7f5efc034000-7f5f00000000 ---p 00000000 00:00 0 
7f5f00000000-7f5f00021000 rw-p 00000000 00:00 0 
7f5f00021000-7f5f04000000 ---p 00000000 00:00 0 
7f5f057f6000-7f5f0585b000 r--p 00000000 08:03 1579540                    /home/doudou/.javacpp/cache/llvm-13.0.1-1.5.7-linux-x86_64.jar/org/bytedeco/llvm/linux-x86_64/libjniLLVM.so
7f5f0585b000-7f5f058c9000 r-xp 00065000 08:03 1579540                    /home/doudou/.javacpp/cache/llvm-13.0.1-1.5.7-linux-x86_64.jar/org/bytedeco/llvm/linux-x86_64/libjniLLVM.so
7f5f058c9000-7f5f058f4000 r--p 000d3000 08:03 1579540                    /home/doudou/.javacpp/cache/llvm-13.0.1-1.5.7-linux-x86_64.jar/org/bytedeco/llvm/linux-x86_64/libjniLLVM.so
7f5f058f4000-7f5f058f7000 r--p 000fd000 08:03 1579540                    /home/doudou/.javacpp/cache/llvm-13.0.1-1.5.7-linux-x86_64.jar/org/bytedeco/llvm/linux-x86_64/libjniLLVM.so
7f5f058f7000-7f5f058fa000 rw-p 00100000 08:03 1579540                    /home/doudou/.javacpp/cache/llvm-13.0.1-1.5.7-linux-x86_64.jar/org/bytedeco/llvm/linux-x86_64/libjniLLVM.so
7f5f058fa000-7f5f058fc000 rw-p 00000000 00:00 0 
7f5f058fc000-7f5f058fd000 ---p 00000000 00:00 0 
7f5f058fd000-7f5f059fe000 rw-p 00000000 00:00 0 
7f5f059fe000-7f5f05a02000 ---p 00000000 00:00 0 
7f5f05a02000-7f5f05afe000 rw-p 00000000 00:00 0 
7f5f05afe000-7f5f05aff000 ---p 00000000 00:00 0 
7f5f05aff000-7f5f05c00000 rw-p 00000000 00:00 0 
7f5f05c00000-7f5f05c04000 ---p 00000000 00:00 0 
7f5f05c04000-7f5f05d00000 rw-p 00000000 00:00 0 
7f5f05d00000-7f5f05d04000 ---p 00000000 00:00 0 
7f5f05d04000-7f5f05e00000 rw-p 00000000 00:00 0 
7f5f05e00000-7f5f05e04000 ---p 00000000 00:00 0 
7f5f05e04000-7f5f05f00000 rw-p 00000000 00:00 0 
7f5f05f00000-7f5f05f04000 ---p 00000000 00:00 0 
7f5f05f04000-7f5f08000000 rw-p 00000000 00:00 0 
7f5f08000000-7f5f08021000 rw-p 00000000 00:00 0 
7f5f08021000-7f5f0c000000 ---p 00000000 00:00 0 
7f5f0c000000-7f5f0c021000 rw-p 00000000 00:00 0 
7f5f0c021000-7f5f10000000 ---p 00000000 00:00 0 
7f5f10000000-7f5f10021000 rw-p 00000000 00:00 0 
7f5f10021000-7f5f14000000 ---p 00000000 00:00 0 
7f5f1409f000-7f5f140a3000 ---p 00000000 00:00 0 
7f5f140a3000-7f5f1419f000 rw-p 00000000 00:00 0 
7f5f1419f000-7f5f141a3000 ---p 00000000 00:00 0 
7f5f141a3000-7f5f1429f000 rw-p 00000000 00:00 0 
7f5f1429f000-7f5f142a3000 ---p 00000000 00:00 0 
7f5f142a3000-7f5f1439f000 rw-p 00000000 00:00 0 
7f5f1439f000-7f5f143a3000 ---p 00000000 00:00 0 
7f5f143a3000-7f5f1449f000 rw-p 00000000 00:00 0 
7f5f1449f000-7f5f144a3000 ---p 00000000 00:00 0 
7f5f144a3000-7f5f1459f000 rw-p 00000000 00:00 0 
7f5f1459f000-7f5f145a3000 ---p 00000000 00:00 0 
7f5f145a3000-7f5f1469f000 rw-p 00000000 00:00 0 
7f5f1469f000-7f5f146a3000 ---p 00000000 00:00 0 
7f5f146a3000-7f5f1479f000 rw-p 00000000 00:00 0 
7f5f1479f000-7f5f147a0000 ---p 00000000 00:00 0 
7f5f147a0000-7f5f14f7d000 rw-p 00000000 00:00 0 
7f5f14f7d000-7f5f1517d000 ---p 00000000 00:00 0 
7f5f1517d000-7f5f1517e000 ---p 00000000 00:00 0 
7f5f1517e000-7f5f1527f000 rw-p 00000000 00:00 0 
7f5f1527f000-7f5f15280000 ---p 00000000 00:00 0 
7f5f15280000-7f5f15583000 rw-p 00000000 00:00 0 
7f5f15583000-7f5f15584000 ---p 00000000 00:00 0 
7f5f15584000-7f5f15685000 rw-p 00000000 00:00 0 
7f5f15685000-7f5f15686000 ---p 00000000 00:00 0 
7f5f15686000-7f5f1587f000 rw-p 00000000 00:00 0 
7f5f1587f000-7f5f166c7000 ---p 00000000 00:00 0 
7f5f166c7000-7f5f167c7000 rw-p 00000000 00:00 0 
7f5f167c7000-7f5f1760f000 ---p 00000000 00:00 0 
7f5f1760f000-7f5f17636000 rw-p 00000000 00:00 0 
7f5f17636000-7f5f177ff000 ---p 00000000 00:00 0 
7f5f177ff000-7f5f17800000 rw-p 00000000 00:00 0 
7f5f17800000-7f5f17a70000 rwxp 00000000 00:00 0 
7f5f17a70000-7f5f17d8f000 ---p 00000000 00:00 0 
7f5f17d8f000-7f5f17fff000 rwxp 00000000 00:00 0 
7f5f17fff000-7f5f1f2c7000 ---p 00000000 00:00 0 
7f5f1f2c7000-7f5f1f537000 rwxp 00000000 00:00 0 
7f5f1f537000-7f5f26800000 ---p 00000000 00:00 0 
7f5f26800000-7f5f275e7000 r--p 00000000 08:03 534858                     /usr/lib/locale/locale-archive
7f5f275ed000-7f5f275f4000 r--p 00000000 08:03 1579536                    /home/doudou/.javacpp/cache/llvm-13.0.1-1.5.7-linux-x86_64.jar/org/bytedeco/llvm/linux-x86_64/libLTO.so.13
7f5f275f4000-7f5f275fc000 r-xp 00007000 08:03 1579536                    /home/doudou/.javacpp/cache/llvm-13.0.1-1.5.7-linux-x86_64.jar/org/bytedeco/llvm/linux-x86_64/libLTO.so.13
7f5f275fc000-7f5f275fe000 r--p 0000f000 08:03 1579536                    /home/doudou/.javacpp/cache/llvm-13.0.1-1.5.7-linux-x86_64.jar/org/bytedeco/llvm/linux-x86_64/libLTO.so.13
7f5f275fe000-7f5f275ff000 r--p 00010000 08:03 1579536                    /home/doudou/.javacpp/cache/llvm-13.0.1-1.5.7-linux-x86_64.jar/org/bytedeco/llvm/linux-x86_64/libLTO.so.13
7f5f275ff000-7f5f27600000 rw-p 00011000 08:03 1579536                    /home/doudou/.javacpp/cache/llvm-13.0.1-1.5.7-linux-x86_64.jar/org/bytedeco/llvm/linux-x86_64/libLTO.so.13
7f5f27600000-7f5f2fe0b000 r--s 00000000 08:03 1058832                    /usr/lib/jvm/java-11-openjdk-amd64/lib/modules
7f5f2fe17000-7f5f2fe36000 rw-p 00000000 00:00 0 
7f5f2fe36000-7f5f2ffff000 ---p 00000000 00:00 0 
7f5f2ffff000-7f5f30000000 rw-p 00000000 00:00 0 
7f5f30000000-7f5f303e1000 rw-p 00000000 00:00 0 
7f5f303e1000-7f5f34000000 ---p 00000000 00:00 0 
7f5f34003000-7f5f34004000 r--p 00000000 08:03 551276                     /usr/lib/x86_64-linux-gnu/libdl.so.2
7f5f34004000-7f5f34005000 r-xp 00001000 08:03 551276                     /usr/lib/x86_64-linux-gnu/libdl.so.2
7f5f34005000-7f5f34006000 r--p 00002000 08:03 551276                     /usr/lib/x86_64-linux-gnu/libdl.so.2
7f5f34006000-7f5f34007000 r--p 00002000 08:03 551276                     /usr/lib/x86_64-linux-gnu/libdl.so.2
7f5f34007000-7f5f34008000 rw-p 00003000 08:03 551276                     /usr/lib/x86_64-linux-gnu/libdl.so.2
7f5f34012000-7f5f34013000 r--p 00000000 08:03 1579538                    /home/doudou/.javacpp/cache/llvm-13.0.1-1.5.7-linux-x86_64.jar/org/bytedeco/llvm/linux-x86_64/libRemarks.so.13
7f5f34013000-7f5f34014000 r-xp 00001000 08:03 1579538                    /home/doudou/.javacpp/cache/llvm-13.0.1-1.5.7-linux-x86_64.jar/org/bytedeco/llvm/linux-x86_64/libRemarks.so.13
7f5f34014000-7f5f34015000 r--p 00002000 08:03 1579538                    /home/doudou/.javacpp/cache/llvm-13.0.1-1.5.7-linux-x86_64.jar/org/bytedeco/llvm/linux-x86_64/libRemarks.so.13
7f5f34015000-7f5f34016000 r--p 00002000 08:03 1579538                    /home/doudou/.javacpp/cache/llvm-13.0.1-1.5.7-linux-x86_64.jar/org/bytedeco/llvm/linux-x86_64/libRemarks.so.13
7f5f34016000-7f5f34017000 rw-p 00003000 08:03 1579538                    /home/doudou/.javacpp/cache/llvm-13.0.1-1.5.7-linux-x86_64.jar/org/bytedeco/llvm/linux-x86_64/libRemarks.so.13
7f5f34017000-7f5f3401b000 r--p 00000000 08:03 1579530                    /home/doudou/.javacpp/cache/javacpp-1.5.7-linux-x86_64.jar/org/bytedeco/javacpp/linux-x86_64/libjnijavacpp.so
7f5f3401b000-7f5f34022000 r-xp 00004000 08:03 1579530                    /home/doudou/.javacpp/cache/javacpp-1.5.7-linux-x86_64.jar/org/bytedeco/javacpp/linux-x86_64/libjnijavacpp.so
7f5f34022000-7f5f34026000 r--p 0000b000 08:03 1579530                    /home/doudou/.javacpp/cache/javacpp-1.5.7-linux-x86_64.jar/org/bytedeco/javacpp/linux-x86_64/libjnijavacpp.so
7f5f34026000-7f5f34027000 r--p 0000e000 08:03 1579530                    /home/doudou/.javacpp/cache/javacpp-1.5.7-linux-x86_64.jar/org/bytedeco/javacpp/linux-x86_64/libjnijavacpp.so
7f5f34027000-7f5f34028000 rw-p 0000f000 08:03 1579530                    /home/doudou/.javacpp/cache/javacpp-1.5.7-linux-x86_64.jar/org/bytedeco/javacpp/linux-x86_64/libjnijavacpp.so
7f5f34028000-7f5f34047000 rw-p 00000000 00:00 0 
7f5f34047000-7f5f34210000 ---p 00000000 00:00 0 
7f5f34210000-7f5f34413000 rw-p 00000000 00:00 0 
7f5f34413000-7f5f34414000 ---p 00000000 00:00 0 
7f5f34414000-7f5f3451a000 rw-p 00000000 00:00 0 
7f5f3451a000-7f5f34600000 ---p 00000000 00:00 0 
7f5f34600000-7f5f3469a000 r--p 00000000 08:03 552221                     /usr/lib/x86_64-linux-gnu/libstdc++.so.6.0.30
7f5f3469a000-7f5f347aa000 r-xp 0009a000 08:03 552221                     /usr/lib/x86_64-linux-gnu/libstdc++.so.6.0.30
7f5f347aa000-7f5f34819000 r--p 001aa000 08:03 552221                     /usr/lib/x86_64-linux-gnu/libstdc++.so.6.0.30
7f5f34819000-7f5f34824000 r--p 00218000 08:03 552221                     /usr/lib/x86_64-linux-gnu/libstdc++.so.6.0.30
7f5f34824000-7f5f34827000 rw-p 00223000 08:03 552221                     /usr/lib/x86_64-linux-gnu/libstdc++.so.6.0.30
7f5f34827000-7f5f3482a000 rw-p 00000000 00:00 0 
7f5f3482a000-7f5f3482b000 r--p 00000000 08:03 552054                     /usr/lib/x86_64-linux-gnu/libpthread.so.0
7f5f3482b000-7f5f3482c000 r-xp 00001000 08:03 552054                     /usr/lib/x86_64-linux-gnu/libpthread.so.0
7f5f3482c000-7f5f3482d000 r--p 00002000 08:03 552054                     /usr/lib/x86_64-linux-gnu/libpthread.so.0
7f5f3482d000-7f5f3482e000 r--p 00002000 08:03 552054                     /usr/lib/x86_64-linux-gnu/libpthread.so.0
7f5f3482e000-7f5f3482f000 rw-p 00003000 08:03 552054                     /usr/lib/x86_64-linux-gnu/libpthread.so.0
7f5f3482f000-7f5f34833000 r--p 00000000 08:03 1058822                    /usr/lib/jvm/java-11-openjdk-amd64/lib/libnet.so
7f5f34833000-7f5f34841000 r-xp 00004000 08:03 1058822                    /usr/lib/jvm/java-11-openjdk-amd64/lib/libnet.so
7f5f34841000-7f5f34845000 r--p 00012000 08:03 1058822                    /usr/lib/jvm/java-11-openjdk-amd64/lib/libnet.so
7f5f34845000-7f5f34846000 r--p 00015000 08:03 1058822                    /usr/lib/jvm/java-11-openjdk-amd64/lib/libnet.so
7f5f34846000-7f5f34847000 rw-p 00016000 08:03 1058822                    /usr/lib/jvm/java-11-openjdk-amd64/lib/libnet.so
7f5f34847000-7f5f3484e000 r--p 00000000 08:03 1058823                    /usr/lib/jvm/java-11-openjdk-amd64/lib/libnio.so
7f5f3484e000-7f5f34856000 r-xp 00007000 08:03 1058823                    /usr/lib/jvm/java-11-openjdk-amd64/lib/libnio.so
7f5f34856000-7f5f34859000 r--p 0000f000 08:03 1058823                    /usr/lib/jvm/java-11-openjdk-amd64/lib/libnio.so
7f5f34859000-7f5f3485a000 r--p 00011000 08:03 1058823                    /usr/lib/jvm/java-11-openjdk-amd64/lib/libnio.so
7f5f3485a000-7f5f3485b000 rw-p 00012000 08:03 1058823                    /usr/lib/jvm/java-11-openjdk-amd64/lib/libnio.so
7f5f3485b000-7f5f3485d000 r--p 00000000 08:03 1058803                    /usr/lib/jvm/java-11-openjdk-amd64/lib/libdt_socket.so
7f5f3485d000-7f5f34860000 r-xp 00002000 08:03 1058803                    /usr/lib/jvm/java-11-openjdk-amd64/lib/libdt_socket.so
7f5f34860000-7f5f34861000 r--p 00005000 08:03 1058803                    /usr/lib/jvm/java-11-openjdk-amd64/lib/libdt_socket.so
7f5f34861000-7f5f34862000 ---p 00006000 08:03 1058803                    /usr/lib/jvm/java-11-openjdk-amd64/lib/libdt_socket.so
7f5f34862000-7f5f34863000 r--p 00006000 08:03 1058803                    /usr/lib/jvm/java-11-openjdk-amd64/lib/libdt_socket.so
7f5f34863000-7f5f34864000 rw-p 00007000 08:03 1058803                    /usr/lib/jvm/java-11-openjdk-amd64/lib/libdt_socket.so
7f5f34864000-7f5f3486b000 r--s 00000000 08:03 553557                     /usr/lib/x86_64-linux-gnu/gconv/gconv-modules.cache
7f5f3486b000-7f5f34891000 rw-p 00000000 00:00 0 
7f5f34891000-7f5f34977000 ---p 00000000 00:00 0 
7f5f34977000-7f5f3497c000 rw-p 00000000 00:00 0 
7f5f3497c000-7f5f34983000 ---p 00000000 00:00 0 
7f5f34983000-7f5f34989000 r--s 000f8000 07:0c 1466                       /snap/intellij-idea-ultimate/437/plugins/java/lib/rt/debugger-agent.jar
7f5f34989000-7f5f3498b000 r--p 00000000 08:03 1058831                    /usr/lib/jvm/java-11-openjdk-amd64/lib/libzip.so
7f5f3498b000-7f5f34990000 r-xp 00002000 08:03 1058831                    /usr/lib/jvm/java-11-openjdk-amd64/lib/libzip.so
7f5f34990000-7f5f34992000 r--p 00007000 08:03 1058831                    /usr/lib/jvm/java-11-openjdk-amd64/lib/libzip.so
7f5f34992000-7f5f34993000 r--p 00008000 08:03 1058831                    /usr/lib/jvm/java-11-openjdk-amd64/lib/libzip.so
7f5f34993000-7f5f34994000 rw-p 00009000 08:03 1058831                    /usr/lib/jvm/java-11-openjdk-amd64/lib/libzip.so
7f5f34994000-7f5f34996000 r--p 00000000 08:03 1058813                    /usr/lib/jvm/java-11-openjdk-amd64/lib/libjdwp.so
7f5f34996000-7f5f349c2000 r-xp 00002000 08:03 1058813                    /usr/lib/jvm/java-11-openjdk-amd64/lib/libjdwp.so
7f5f349c2000-7f5f349d0000 r--p 0002e000 08:03 1058813                    /usr/lib/jvm/java-11-openjdk-amd64/lib/libjdwp.so
7f5f349d0000-7f5f349d1000 r--p 0003b000 08:03 1058813                    /usr/lib/jvm/java-11-openjdk-amd64/lib/libjdwp.so
7f5f349d1000-7f5f349d2000 rw-p 0003c000 08:03 1058813                    /usr/lib/jvm/java-11-openjdk-amd64/lib/libjdwp.so
7f5f349d2000-7f5f349e0000 r--p 00000000 08:03 1058811                    /usr/lib/jvm/java-11-openjdk-amd64/lib/libjava.so
7f5f349e0000-7f5f349f6000 r-xp 0000e000 08:03 1058811                    /usr/lib/jvm/java-11-openjdk-amd64/lib/libjava.so
7f5f349f6000-7f5f349fd000 r--p 00024000 08:03 1058811                    /usr/lib/jvm/java-11-openjdk-amd64/lib/libjava.so
7f5f349fd000-7f5f349fe000 r--p 0002a000 08:03 1058811                    /usr/lib/jvm/java-11-openjdk-amd64/lib/libjava.so
7f5f349fe000-7f5f349ff000 rw-p 0002b000 08:03 1058811                    /usr/lib/jvm/java-11-openjdk-amd64/lib/libjava.so
7f5f349ff000-7f5f34a00000 rw-p 00000000 00:00 0 
7f5f34a00000-7f5f34c82000 r--p 00000000 08:03 1058837                    /usr/lib/jvm/java-11-openjdk-amd64/lib/server/libjvm.so
7f5f34c82000-7f5f3591e000 r-xp 00282000 08:03 1058837                    /usr/lib/jvm/java-11-openjdk-amd64/lib/server/libjvm.so
7f5f3591e000-7f5f35b79000 r--p 00f1e000 08:03 1058837                    /usr/lib/jvm/java-11-openjdk-amd64/lib/server/libjvm.so
7f5f35b79000-7f5f35b7a000 ---p 01179000 08:03 1058837                    /usr/lib/jvm/java-11-openjdk-amd64/lib/server/libjvm.so
7f5f35b7a000-7f5f35c3e000 r--p 01179000 08:03 1058837                    /usr/lib/jvm/java-11-openjdk-amd64/lib/server/libjvm.so
7f5f35c3e000-7f5f35c79000 rw-p 0123d000 08:03 1058837                    /usr/lib/jvm/java-11-openjdk-amd64/lib/server/libjvm.so
7f5f35c79000-7f5f35cd0000 rw-p 00000000 00:00 0 
7f5f35cd4000-7f5f35cdc000 rw-s 00000000 08:03 262230                     /tmp/hsperfdata_doudou/12629
7f5f35cdc000-7f5f35cde000 r--p 00000000 08:03 1058806                    /usr/lib/jvm/java-11-openjdk-amd64/lib/libinstrument.so
7f5f35cde000-7f5f35ce5000 r-xp 00002000 08:03 1058806                    /usr/lib/jvm/java-11-openjdk-amd64/lib/libinstrument.so
7f5f35ce5000-7f5f35ce8000 r--p 00009000 08:03 1058806                    /usr/lib/jvm/java-11-openjdk-amd64/lib/libinstrument.so
7f5f35ce8000-7f5f35ce9000 r--p 0000b000 08:03 1058806                    /usr/lib/jvm/java-11-openjdk-amd64/lib/libinstrument.so
7f5f35ce9000-7f5f35cea000 rw-p 0000c000 08:03 1058806                    /usr/lib/jvm/java-11-openjdk-amd64/lib/libinstrument.so
7f5f35cea000-7f5f35cef000 r--p 00000000 08:03 1058830                    /usr/lib/jvm/java-11-openjdk-amd64/lib/libverify.so
7f5f35cef000-7f5f35cf6000 r-xp 00005000 08:03 1058830                    /usr/lib/jvm/java-11-openjdk-amd64/lib/libverify.so
7f5f35cf6000-7f5f35cf8000 r--p 0000c000 08:03 1058830                    /usr/lib/jvm/java-11-openjdk-amd64/lib/libverify.so
7f5f35cf8000-7f5f35cfa000 r--p 0000d000 08:03 1058830                    /usr/lib/jvm/java-11-openjdk-amd64/lib/libverify.so
7f5f35cfa000-7f5f35cfb000 rw-p 0000f000 08:03 1058830                    /usr/lib/jvm/java-11-openjdk-amd64/lib/libverify.so
7f5f35cfb000-7f5f35cfc000 r--p 00000000 08:03 552110                     /usr/lib/x86_64-linux-gnu/librt.so.1
7f5f35cfc000-7f5f35cfd000 r-xp 00001000 08:03 552110                     /usr/lib/x86_64-linux-gnu/librt.so.1
7f5f35cfd000-7f5f35cfe000 r--p 00002000 08:03 552110                     /usr/lib/x86_64-linux-gnu/librt.so.1
7f5f35cfe000-7f5f35cff000 r--p 00002000 08:03 552110                     /usr/lib/x86_64-linux-gnu/librt.so.1
7f5f35cff000-7f5f35d00000 rw-p 00003000 08:03 552110                     /usr/lib/x86_64-linux-gnu/librt.so.1
7f5f35d00000-7f5f35d04000 ---p 00000000 00:00 0 
7f5f35d04000-7f5f35e00000 rw-p 00000000 00:00 0 
7f5f35e00000-7f5f35e28000 r--p 00000000 08:03 551134                     /usr/lib/x86_64-linux-gnu/libc.so.6
7f5f35e28000-7f5f35fbd000 r-xp 00028000 08:03 551134                     /usr/lib/x86_64-linux-gnu/libc.so.6
7f5f35fbd000-7f5f36015000 r--p 001bd000 08:03 551134                     /usr/lib/x86_64-linux-gnu/libc.so.6
7f5f36015000-7f5f36019000 r--p 00214000 08:03 551134                     /usr/lib/x86_64-linux-gnu/libc.so.6
7f5f36019000-7f5f3601b000 rw-p 00218000 08:03 551134                     /usr/lib/x86_64-linux-gnu/libc.so.6
7f5f3601b000-7f5f36028000 rw-p 00000000 00:00 0 
7f5f3602a000-7f5f3602d000 r--p 00000000 08:03 551433                     /usr/lib/x86_64-linux-gnu/libgcc_s.so.1
7f5f3602d000-7f5f36044000 r-xp 00003000 08:03 551433                     /usr/lib/x86_64-linux-gnu/libgcc_s.so.1
7f5f36044000-7f5f36048000 r--p 0001a000 08:03 551433                     /usr/lib/x86_64-linux-gnu/libgcc_s.so.1
7f5f36048000-7f5f36049000 r--p 0001d000 08:03 551433                     /usr/lib/x86_64-linux-gnu/libgcc_s.so.1
7f5f36049000-7f5f3604a000 rw-p 0001e000 08:03 551433                     /usr/lib/x86_64-linux-gnu/libgcc_s.so.1
7f5f3604a000-7f5f36058000 r--p 00000000 08:03 551785                     /usr/lib/x86_64-linux-gnu/libm.so.6
7f5f36058000-7f5f360d4000 r-xp 0000e000 08:03 551785                     /usr/lib/x86_64-linux-gnu/libm.so.6
7f5f360d4000-7f5f3612f000 r--p 0008a000 08:03 551785                     /usr/lib/x86_64-linux-gnu/libm.so.6
7f5f3612f000-7f5f36130000 r--p 000e4000 08:03 551785                     /usr/lib/x86_64-linux-gnu/libm.so.6
7f5f36130000-7f5f36131000 rw-p 000e5000 08:03 551785                     /usr/lib/x86_64-linux-gnu/libm.so.6
7f5f36131000-7f5f36133000 rw-p 00000000 00:00 0 
7f5f36133000-7f5f36135000 r--p 00000000 08:03 552488                     /usr/lib/x86_64-linux-gnu/libz.so.1.2.11
7f5f36135000-7f5f36146000 r-xp 00002000 08:03 552488                     /usr/lib/x86_64-linux-gnu/libz.so.1.2.11
7f5f36146000-7f5f3614c000 r--p 00013000 08:03 552488                     /usr/lib/x86_64-linux-gnu/libz.so.1.2.11
7f5f3614c000-7f5f3614d000 ---p 00019000 08:03 552488                     /usr/lib/x86_64-linux-gnu/libz.so.1.2.11
7f5f3614d000-7f5f3614e000 r--p 00019000 08:03 552488                     /usr/lib/x86_64-linux-gnu/libz.so.1.2.11
7f5f3614e000-7f5f3614f000 rw-p 0001a000 08:03 552488                     /usr/lib/x86_64-linux-gnu/libz.so.1.2.11
7f5f36153000-7f5f36154000 ---p 00000000 00:00 0 
7f5f36154000-7f5f36155000 r--p 00000000 00:00 0 
7f5f36155000-7f5f36157000 r--p 00000000 08:03 1058814                    /usr/lib/jvm/java-11-openjdk-amd64/lib/libjimage.so
7f5f36157000-7f5f3615a000 r-xp 00002000 08:03 1058814                    /usr/lib/jvm/java-11-openjdk-amd64/lib/libjimage.so
7f5f3615a000-7f5f3615b000 r--p 00005000 08:03 1058814                    /usr/lib/jvm/java-11-openjdk-amd64/lib/libjimage.so
7f5f3615b000-7f5f3615c000 ---p 00006000 08:03 1058814                    /usr/lib/jvm/java-11-openjdk-amd64/lib/libjimage.so
7f5f3615c000-7f5f3615d000 r--p 00006000 08:03 1058814                    /usr/lib/jvm/java-11-openjdk-amd64/lib/libjimage.so
7f5f3615d000-7f5f3615e000 rw-p 00007000 08:03 1058814                    /usr/lib/jvm/java-11-openjdk-amd64/lib/libjimage.so
7f5f3615e000-7f5f36161000 r--p 00000000 08:03 1058796                    /usr/lib/jvm/java-11-openjdk-amd64/lib/jli/libjli.so
7f5f36161000-7f5f3616b000 r-xp 00003000 08:03 1058796                    /usr/lib/jvm/java-11-openjdk-amd64/lib/jli/libjli.so
7f5f3616b000-7f5f3616e000 r--p 0000d000 08:03 1058796                    /usr/lib/jvm/java-11-openjdk-amd64/lib/jli/libjli.so
7f5f3616e000-7f5f3616f000 ---p 00010000 08:03 1058796                    /usr/lib/jvm/java-11-openjdk-amd64/lib/jli/libjli.so
7f5f3616f000-7f5f36170000 r--p 00010000 08:03 1058796                    /usr/lib/jvm/java-11-openjdk-amd64/lib/jli/libjli.so
7f5f36170000-7f5f36171000 rw-p 00011000 08:03 1058796                    /usr/lib/jvm/java-11-openjdk-amd64/lib/jli/libjli.so
7f5f36171000-7f5f36173000 rw-p 00000000 00:00 0 
7f5f36173000-7f5f36175000 r--p 00000000 08:03 550792                     /usr/lib/x86_64-linux-gnu/ld-linux-x86-64.so.2
7f5f36175000-7f5f3619f000 r-xp 00002000 08:03 550792                     /usr/lib/x86_64-linux-gnu/ld-linux-x86-64.so.2
7f5f3619f000-7f5f361aa000 r--p 0002c000 08:03 550792                     /usr/lib/x86_64-linux-gnu/ld-linux-x86-64.so.2
7f5f361ab000-7f5f361ad000 r--p 00037000 08:03 550792                     /usr/lib/x86_64-linux-gnu/ld-linux-x86-64.so.2
7f5f361ad000-7f5f361af000 rw-p 00039000 08:03 550792                     /usr/lib/x86_64-linux-gnu/ld-linux-x86-64.so.2
7ffd31e96000-7ffd31eb7000 rw-p 00000000 00:00 0                          [stack]
7ffd31f83000-7ffd31f87000 r--p 00000000 00:00 0                          [vvar]
7ffd31f87000-7ffd31f89000 r-xp 00000000 00:00 0                          [vdso]
ffffffffff600000-ffffffffff601000 --xp 00000000 00:00 0                  [vsyscall]


VM Arguments:
jvm_args: -agentlib:jdwp=transport=dt_socket,address=127.0.0.1:57555,suspend=y,server=n -javaagent:/snap/intellij-idea-ultimate/437/plugins/java/lib/rt/debugger-agent.jar -Dfile.encoding=UTF-8 
java_command: Main /home/doudou/lab/Lab/tests/test1.sysy /home/doudou/lab/Lab/tests/out.txt
java_class_path (initial): /home/doudou/lab/Lab/out/production/Lab:/usr/local/lib/antlr-4.9.1-complete.jar:/usr/local/lib/javacpp-1.5.7-linux-x86_64.jar:/usr/local/lib/javacpp-1.5.7.jar:/usr/local/lib/llvm-13.0.1-1.5.7-linux-x86_64.jar:/usr/local/lib/llvm-13.0.1-1.5.7.jar:/usr/local/lib/llvm-platform-13.0.1-1.5.7.jar:/snap/intellij-idea-ultimate/437/lib/idea_rt.jar
Launcher Type: SUN_STANDARD

[Global flags]
     intx CICompilerCount                          = 2                                         {product} {ergonomic}
     uint ConcGCThreads                            = 1                                         {product} {ergonomic}
     uint G1ConcRefinementThreads                  = 2                                         {product} {ergonomic}
   size_t G1HeapRegionSize                         = 1048576                                   {product} {ergonomic}
    uintx GCDrainStackTargetSize                   = 64                                        {product} {ergonomic}
   size_t InitialHeapSize                          = 65011712                                  {product} {ergonomic}
   size_t MarkStackSize                            = 4194304                                   {product} {ergonomic}
   size_t MaxHeapSize                              = 1025507328                                {product} {ergonomic}
   size_t MaxNewSize                               = 614465536                                 {product} {ergonomic}
   size_t MinHeapDeltaBytes                        = 1048576                                   {product} {ergonomic}
    uintx NonNMethodCodeHeapSize                   = 5825164                                {pd product} {ergonomic}
    uintx NonProfiledCodeHeapSize                  = 122916538                              {pd product} {ergonomic}
    uintx ProfiledCodeHeapSize                     = 122916538                              {pd product} {ergonomic}
    uintx ReservedCodeCacheSize                    = 251658240                              {pd product} {ergonomic}
     bool SegmentedCodeCache                       = true                                      {product} {ergonomic}
     bool UseCompressedClassPointers               = true                                 {lp64_product} {ergonomic}
     bool UseCompressedOops                        = true                                 {lp64_product} {ergonomic}
     bool UseG1GC                                  = true                                      {product} {ergonomic}

Logging:
Log output configuration:
 #0: stdout all=warning uptime,level,tags
 #1: stderr all=off uptime,level,tags

Environment Variables:
PATH=/usr/local/sbin:/usr/local/bin:/usr/sbin:/usr/bin:/sbin:/bin:/usr/games:/usr/local/games:/snap/bin:/snap/bin
USERNAME=doudou
SHELL=/bin/bash
DISPLAY=:0
LANG=en_US.UTF-8
LC_NUMERIC=zh_CN.UTF-8
LC_TIME=zh_CN.UTF-8

Signal Handlers:
SIGSEGV: [libjvm.so+0xeabd80], sa_mask[0]=11111111011111111101111111111110, sa_flags=SA_RESTART|SA_SIGINFO
SIGBUS: [libjvm.so+0xeabd80], sa_mask[0]=11111111011111111101111111111110, sa_flags=SA_RESTART|SA_SIGINFO
SIGFPE: [libjvm.so+0xeabd80], sa_mask[0]=11111111011111111101111111111110, sa_flags=SA_RESTART|SA_SIGINFO
SIGPIPE: [libjvm.so+0xbee610], sa_mask[0]=11111111011111111101111111111110, sa_flags=SA_RESTART|SA_SIGINFO
SIGXFSZ: [libjvm.so+0xbee610], sa_mask[0]=11111111011111111101111111111110, sa_flags=SA_RESTART|SA_SIGINFO
SIGILL: [libjvm.so+0xeabd80], sa_mask[0]=11111111011111111101111111111110, sa_flags=SA_RESTART|SA_SIGINFO
SIGUSR2: [libjvm.so+0xbee4b0], sa_mask[0]=00100000000000000000000000000000, sa_flags=SA_RESTART|SA_SIGINFO
SIGHUP: [libjvm.so+0xbeec50], sa_mask[0]=11111111011111111101111111111110, sa_flags=SA_RESTART|SA_SIGINFO
SIGINT: [libjvm.so+0xbeec50], sa_mask[0]=11111111011111111101111111111110, sa_flags=SA_RESTART|SA_SIGINFO
SIGTERM: [libjvm.so+0xbeec50], sa_mask[0]=11111111011111111101111111111110, sa_flags=SA_RESTART|SA_SIGINFO
SIGQUIT: [libjvm.so+0xbeec50], sa_mask[0]=11111111011111111101111111111110, sa_flags=SA_RESTART|SA_SIGINFO


---------------  S Y S T E M  ---------------

OS:DISTRIB_ID=Ubuntu
DISTRIB_RELEASE=22.04
DISTRIB_CODENAME=jammy
DISTRIB_DESCRIPTION="Ubuntu 22.04.2 LTS"
uname:Linux 5.19.0-45-generic #46~22.04.1-Ubuntu SMP PREEMPT_DYNAMIC Wed Jun 7 15:06:04 UTC 20 x86_64
OS uptime: 0 days 11:24 hours
libc:glibc 2.35 NPTL 2.35 
rlimit (soft/hard): STACK 8192k/infinity , CORE 0k/infinity , NPROC 15333/15333 , NOFILE 1048576/1048576 , AS infinity/infinity , CPU infinity/infinity , DATA infinity/infinity , FSIZE infinity/infinity , MEMLOCK 500652k/500652k
load average:1.83 1.25 0.88

/proc/meminfo:
MemTotal:        4005236 kB
MemFree:          125280 kB
MemAvailable:     302612 kB
Buffers:            9708 kB
Cached:           349756 kB
SwapCached:        67824 kB
Active:          1775796 kB
Inactive:        1048684 kB
Active(anon):    1580928 kB
Inactive(anon):   894928 kB
Active(file):     194868 kB
Inactive(file):   153756 kB
Unevictable:           0 kB
Mlocked:               0 kB
SwapTotal:       3512316 kB
SwapFree:        2086400 kB
Zswap:                 0 kB
Zswapped:              0 kB
Dirty:               160 kB
Writeback:             0 kB
AnonPages:       2441116 kB
Mapped:           169304 kB
Shmem:             11932 kB
KReclaimable:      70712 kB
Slab:             217612 kB
SReclaimable:      70712 kB
SUnreclaim:       146900 kB
KernelStack:       11120 kB
PageTables:        26784 kB
NFS_Unstable:          0 kB
Bounce:                0 kB
WritebackTmp:          0 kB
CommitLimit:     5514932 kB
Committed_AS:    6179916 kB
VmallocTotal:   34359738367 kB
VmallocUsed:       46492 kB
VmallocChunk:          0 kB
Percpu:             2216 kB
HardwareCorrupted:     0 kB
AnonHugePages:         0 kB
ShmemHugePages:        0 kB
ShmemPmdMapped:        0 kB
FileHugePages:         0 kB
FilePmdMapped:         0 kB
HugePages_Total:       0
HugePages_Free:        0
HugePages_Rsvd:        0
HugePages_Surp:        0
Hugepagesize:       2048 kB
Hugetlb:               0 kB
DirectMap4k:      202560 kB
DirectMap2M:     3991552 kB
DirectMap1G:     2097152 kB

/sys/kernel/mm/transparent_hugepage/enabled:
always [madvise] never
/sys/kernel/mm/transparent_hugepage/defrag (defrag/compaction efforts parameter):
always defer defer+madvise [madvise] never

Process Memory:
Virtual Size: 3687364K (peak: 12399120K)
Resident Set Size: 94020K (peak: 94020K) (anon: 37012K, file: 57008K, shmem: 0K)
Swapped out: 0K
C-Heap outstanding allocations: 9607K, retained: 8280K
glibc malloc tunables: (default)

/proc/sys/kernel/threads-max (system-wide limit on the number of threads):
30667
/proc/sys/vm/max_map_count (maximum number of memory map areas a process may have):
65530
/proc/sys/kernel/pid_max (system-wide limit on number of process identifiers):
4194304

container (cgroup) information:
container_type: cgroupv2
cpu_cpuset_cpus: not supported
cpu_memory_nodes: not supported
active_processor_count: 2
cpu_quota: not supported
cpu_period: not supported
cpu_shares: not supported
memory_limit_in_bytes: unlimited
memory_and_swap_limit_in_bytes: unlimited
memory_soft_limit_in_bytes: unlimited
memory_usage_in_bytes: 2161556 k
memory_max_usage_in_bytes: not supported
memory_swap_current_in_bytes: 819928 k
memory_swap_max_limit_in_bytes: unlimited
maximum number of tasks: 4600
current number of tasks: 155

VMWare virtualization detected
Steal ticks since vm start: 0
Steal ticks percentage since vm start:  0.000

CPU:total 2 (initial active 2) (1 cores per cpu, 1 threads per core) family 6 model 140 stepping 1 microcode 0xffffffff, cmov, cx8, fxsr, mmx, sse, sse2, sse3, ssse3, sse4.1, sse4.2, popcnt, avx, avx2, aes, clmul, erms, 3dnowpref, lzcnt, tsc, tscinvbit, bmi1, bmi2, adx, evex, sha, fma
CPU Model and flags from /proc/cpuinfo:
model name	: 11th Gen Intel(R) Core(TM) i7-1165G7 @ 2.80GHz
flags		: fpu vme de pse tsc msr pae mce cx8 apic sep mtrr pge mca cmov pat pse36 clflush mmx fxsr sse sse2 ss syscall nx pdpe1gb rdtscp lm constant_tsc arch_perfmon rep_good nopl xtopology tsc_reliable nonstop_tsc cpuid tsc_known_freq pni pclmulqdq ssse3 fma cx16 pcid sse4_1 sse4_2 x2apic movbe popcnt tsc_deadline_timer aes xsave avx f16c rdrand hypervisor lahf_lm abm 3dnowprefetch invpcid_single pti ssbd ibrs ibpb stibp fsgsbase tsc_adjust bmi1 avx2 smep bmi2 erms invpcid avx512f avx512dq rdseed adx smap avx512ifma clflushopt clwb avx512cd sha_ni avx512bw avx512vl xsaveopt xsavec xgetbv1 xsaves arat avx512vbmi umip avx512_vbmi2 gfni vaes vpclmulqdq avx512_vnni avx512_bitalg avx512_vpopcntdq rdpid fsrm avx512_vp2intersect flush_l1d arch_capabilities
Online cpus:
0-1
Offline cpus:

BIOS frequency limitation:
<Not Available>
Frequency switch latency (ns):
<Not Available>
Available cpu frequencies:
<Not Available>
Current governor:
<Not Available>
Core performance/turbo boost:
<Not Available>

Memory: 4k page, physical 4005236k(125280k free), swap 3512316k(2086400k free)

vm_info: OpenJDK 64-Bit Server VM (11.0.19+7-post-Ubuntu-0ubuntu122.04.1) for linux-amd64 JRE (11.0.19+7-post-Ubuntu-0ubuntu122.04.1), built on May 10 2023 00:54:00 by "unknown" with gcc 11.3.0

END.
