#
# A fatal error has been detected by the Java Runtime Environment:
#
#  SIGSEGV (0xb) at pc=0x00007f59fdfede80, pid=25917, tid=25919
#
# JRE version: OpenJDK Runtime Environment (11.0.19+7) (build 11.0.19+7-post-Ubuntu-0ubuntu122.04.1)
# Java VM: OpenJDK 64-Bit Server VM (11.0.19+7-post-Ubuntu-0ubuntu122.04.1, mixed mode, sharing, tiered, compressed oops, g1 gc, linux-amd64)
# Problematic frame:
# C  [libLLVM-13.so+0xbede80]  llvm::BasicBlock::getModule() const+0x0
#
# Core dump will be written. Default location: Core dumps may be processed with "/usr/share/apport/apport -p%p -s%s -c%c -d%d -P%P -u%u -g%g -- %E" (or dumping to /home/doudou/lab/Lab/core.25917)
#
# If you would like to submit a bug report, please visit:
#   https://bugs.launchpad.net/ubuntu/+source/openjdk-lts
# The crash happened outside the Java Virtual Machine in native code.
# See problematic frame for where to report the bug.
#

---------------  S U M M A R Y ------------

Command Line: -javaagent:/snap/intellij-idea-ultimate/437/lib/idea_rt.jar=40657:/snap/intellij-idea-ultimate/437/bin -Dfile.encoding=UTF-8 Main /home/doudou/lab/Lab/tests/test1.sysy /home/doudou/lab/Lab/tests/out.txt

Host: 11th Gen Intel(R) Core(TM) i7-1165G7 @ 2.80GHz, 2 cores, 3G, Ubuntu 22.04.2 LTS
Time: Wed Jun 28 11:27:26 2023 CST elapsed time: 0.792041 seconds (0d 0h 0m 0s)

---------------  T H R E A D  ---------------

Current thread (0x00007f5a58016800):  JavaThread "main" [_thread_in_native, id=25919, stack(0x00007f5a60900000,0x00007f5a60a00000)]

Stack: [0x00007f5a60900000,0x00007f5a60a00000],  sp=0x00007f5a609fe2a8,  free space=1016k
Native frames: (J=compiled Java code, A=aot compiled Java code, j=interpreted, Vv=VM code, C=native code)
C  [libLLVM-13.so+0xbede80]  llvm::BasicBlock::getModule() const+0x0

Java frames: (J=compiled Java code, j=interpreted, Vv=VM code)
j  org.bytedeco.llvm.global.LLVM.LLVMBuildLoad(Lorg/bytedeco/llvm/LLVM/LLVMBuilderRef;Lorg/bytedeco/llvm/LLVM/LLVMValueRef;Ljava/lang/String;)Lorg/bytedeco/llvm/LLVM/LLVMValueRef;+0
j  SysYLlvmVisitor.visitExp(LSysYParser$ExpContext;)Lorg/bytedeco/llvm/LLVM/LLVMValueRef;+70
j  SysYLlvmVisitor.visitInitVal(LSysYParser$InitValContext;)Lorg/bytedeco/llvm/LLVM/LLVMValueRef;+19
j  SysYLlvmVisitor.visitCompUnit(LSysYParser$CompUnitContext;)Lorg/bytedeco/llvm/LLVM/LLVMValueRef;+129
j  SysYLlvmVisitor.visitCompUnit(LSysYParser$CompUnitContext;)Ljava/lang/Object;+2
j  SysYParser$CompUnitContext.accept(Lorg/antlr/v4/runtime/tree/ParseTreeVisitor;)Ljava/lang/Object;+12
j  org.antlr.v4.runtime.tree.AbstractParseTreeVisitor.visitChildren(Lorg/antlr/v4/runtime/tree/RuleNode;)Ljava/lang/Object;+46
j  SysYParserBaseVisitor.visitProgram(LSysYParser$ProgramContext;)Ljava/lang/Object;+2
j  SysYParser$ProgramContext.accept(Lorg/antlr/v4/runtime/tree/ParseTreeVisitor;)Ljava/lang/Object;+12
j  org.antlr.v4.runtime.tree.AbstractParseTreeVisitor.visit(Lorg/antlr/v4/runtime/tree/ParseTree;)Ljava/lang/Object;+2
j  Main.main([Ljava/lang/String;)V+210
v  ~StubRoutines::call_stub

siginfo: si_signo: 11 (SIGSEGV), si_code: 1 (SEGV_MAPERR), si_addr: 0x0000000000000038

Register to memory mapping:

RAX=0x00007f5a583f7aa0 points into unknown readable memory: 0x00007f5a583df560 | 60 f5 3d 58 5a 7f 00 00
RBX=0x00007f5a583cf130 points into unknown readable memory: 0x00007f5a583f7aa0 | a0 7a 3f 58 5a 7f 00 00
RCX=0x7272615f74726f73 is an unknown value
RDX=0x00007f5a583fa210 points into unknown readable memory: 0x7272615f74726f73 | 73 6f 72 74 5f 61 72 72
RSP=0x00007f5a609fe2a8 is pointing into the stack for thread: 0x00007f5a58016800
RBP=0x00007f5a583cee90 points into unknown readable memory: 0x00007f5a583ceea0 | a0 ee 3c 58 5a 7f 00 00
RSI=0x0000000000000101 is an unknown value
RDI=0x0 is NULL
R8 =0x00000000c68c9658 points into unknown readable memory: 0x7272615f74726f73 | 73 6f 72 74 5f 61 72 72
R9 =0x0000000000000002 is an unknown value
R10=0x00007f59fd451700: <offset 0x0000000000051700> in /home/doudou/.javacpp/cache/llvm-13.0.1-1.5.7-linux-x86_64.jar/org/bytedeco/llvm/linux-x86_64/libLLVM-13.so at 0x00007f59fd400000
R11=0x00007f59fe02c870: LLVMBuildLoad+0x0000000000000000 in /home/doudou/.javacpp/cache/llvm-13.0.1-1.5.7-linux-x86_64.jar/org/bytedeco/llvm/linux-x86_64/libLLVM-13.so at 0x00007f59fd400000
R12=0x00007f5a609fe400 is pointing into the stack for thread: 0x00007f5a58016800
R13=0x00007f5a583cf130 points into unknown readable memory: 0x00007f5a583f7aa0 | a0 7a 3f 58 5a 7f 00 00
R14=0x00007f5a583f5ce8 points into unknown readable memory: 0x00007f5a583df560 | 60 f5 3d 58 5a 7f 00 00
R15=0x00007f5a58016800 is a thread


Registers:
RAX=0x00007f5a583f7aa0, RBX=0x00007f5a583cf130, RCX=0x7272615f74726f73, RDX=0x00007f5a583fa210
RSP=0x00007f5a609fe2a8, RBP=0x00007f5a583cee90, RSI=0x0000000000000101, RDI=0x0000000000000000
R8 =0x00000000c68c9658, R9 =0x0000000000000002, R10=0x00007f59fd451700, R11=0x00007f59fe02c870
R12=0x00007f5a609fe400, R13=0x00007f5a583cf130, R14=0x00007f5a583f5ce8, R15=0x00007f5a58016800
RIP=0x00007f59fdfede80, EFLAGS=0x0000000000010202, CSGSFS=0x002b000000000033, ERR=0x0000000000000004
  TRAPNO=0x000000000000000e

Top of Stack: (sp=0x00007f5a609fe2a8)
0x00007f5a609fe2a8:   00007f59fe02c8aa 00007f5a583fa210
0x00007f5a609fe2b8:   0000000000000000 cafebabecafebabe
0x00007f5a609fe2c8:   0000000000000000 0000000000000103
0x00007f5a609fe2d8:   0000000000000000 0000000000000000 

Instructions: (pc=0x00007f59fdfede80)
0x00007f59fdfedd80:   ff 66 0f ef c0 48 89 02 48 89 50 08 41 0f 11 45
0x00007f59fdfedd90:   00 e8 5a 4b 17 00 4c 39 f3 75 c5 4d 8b 6c 24 30
0x00007f59fdfedda0:   4c 39 ed 74 3b 0f 1f 00 4c 89 eb 48 89 ef 4d 8b
0x00007f59fdfeddb0:   6d 08 4c 8d 73 e8 4c 89 f6 e8 42 fd ff ff 48 8b
0x00007f59fdfeddc0:   03 48 8b 53 08 66 0f ef c9 4c 89 f7 48 89 02 48
0x00007f59fdfeddd0:   89 50 08 0f 11 0b e8 15 4b 17 00 4c 39 ed 75 c8
0x00007f59fdfedde0:   48 83 c4 08 4c 89 e7 5b 5d 41 5c 41 5d 41 5e 41
0x00007f59fdfeddf0:   5f e9 fa 48 17 00 66 2e 0f 1f 84 00 00 00 00 00
0x00007f59fdfede00:   48 8d 4b e8 48 89 c8 48 29 d0 e9 11 ff ff ff 90
0x00007f59fdfede10:   48 8b 07 48 8b 38 e8 45 13 16 00 31 d2 be 01 00
0x00007f59fdfede20:   00 00 48 89 c7 e8 b6 2a 02 00 48 89 c3 49 8b 44
0x00007f59fdfede30:   24 08 48 85 c0 0f 84 a2 fe ff ff 0f 1f 44 00 00
0x00007f59fdfede40:   48 8b 68 18 31 d2 48 89 df 48 8b 75 00 e8 ae bc
0x00007f59fdfede50:   02 00 48 89 ef 48 89 c6 e8 63 65 17 00 48 89 ef
0x00007f59fdfede60:   e8 4b 81 02 00 49 8b 44 24 08 48 85 c0 75 d1 e9
0x00007f59fdfede70:   69 fe ff ff 66 2e 0f 1f 84 00 00 00 00 00 66 90
0x00007f59fdfede80:   48 8b 47 38 48 8b 40 28 c3 0f 1f 80 00 00 00 00
0x00007f59fdfede90:   48 8b 47 28 48 83 c7 28 48 39 f8 74 2b 48 85 c0
0x00007f59fdfedea0:   0f 84 9e 9d d3 ff 4c 8d 40 e8 0f b6 40 f8 83 e8
0x00007f59fdfedeb0:   1b 83 f8 0b b8 00 00 00 00 4c 0f 43 c0 4c 89 c0
0x00007f59fdfedec0:   c3 0f 1f 80 00 00 00 00 45 31 c0 eb f0 0f 1f 00
0x00007f59fdfeded0:   48 8b 47 28 48 8d 57 28 48 39 d0 0f 84 af 00 00
0x00007f59fdfedee0:   00 48 85 c0 0f 84 64 9d d3 ff 45 31 c0 80 78 f8
0x00007f59fdfedef0:   1b 75 23 48 8b 57 30 48 8d 48 e8 48 85 d2 74 09
0x00007f59fdfedf00:   48 83 ea 18 48 39 d1 74 0d 48 8b 50 10 45 31 c0
0x00007f59fdfedf10:   48 39 42 30 75 0a 4c 89 c0 c3 66 0f 1f 44 00 00
0x00007f59fdfedf20:   4c 8b 00 4d 85 c0 74 ee 8b 50 fc 49 8d 48 e8 81
0x00007f59fdfedf30:   e2 ff ff ff 07 74 3e 89 d2 48 f7 da 48 c1 e2 05
0x00007f59fdfedf40:   48 8b 44 10 e8 48 85 c0 74 2b 48 39 c1 75 41 41
0x00007f59fdfedf50:   80 78 f8 4b 75 1f 49 8b 40 10 4c 39 40 30 74 30
0x00007f59fdfedf60:   49 8b 48 c8 4d 8b 00 4d 85 c0 74 aa 49 83 e8 18
0x00007f59fdfedf70:   4c 39 c1 75 1b 45 31 c0 80 79 10 52 75 98 0f b7 


Stack slot to memory mapping:
stack at sp + 0 slots: 0x00007f59fe02c8aa: LLVMBuildLoad+0x000000000000003a in /home/doudou/.javacpp/cache/llvm-13.0.1-1.5.7-linux-x86_64.jar/org/bytedeco/llvm/linux-x86_64/libLLVM-13.so at 0x00007f59fd400000
stack at sp + 1 slots: 0x00007f5a583fa210 points into unknown readable memory: 0x7272615f74726f73 | 73 6f 72 74 5f 61 72 72
stack at sp + 2 slots: 0x0 is NULL
stack at sp + 3 slots: 0xcafebabecafebabe is an unknown value
stack at sp + 4 slots: 0x0 is NULL
stack at sp + 5 slots: 0x0000000000000103 is an unknown value
stack at sp + 6 slots: 0x0 is NULL
stack at sp + 7 slots: 0x0 is NULL


---------------  P R O C E S S  ---------------

Threads class SMR info:
_java_thread_list=0x00007f5a5822c440, length=11, elements={
0x00007f5a58016800, 0x00007f5a58120000, 0x00007f5a58122000, 0x00007f5a58128800,
0x00007f5a5812a800, 0x00007f5a5812c800, 0x00007f5a5812f000, 0x00007f5a58131000,
0x00007f5a5813f000, 0x00007f5a5820d800, 0x00007f5a58228000
}

Java Threads: ( => current thread )
=>0x00007f5a58016800 JavaThread "main" [_thread_in_native, id=25919, stack(0x00007f5a60900000,0x00007f5a60a00000)]
  0x00007f5a58120000 JavaThread "Reference Handler" daemon [_thread_blocked, id=25932, stack(0x00007f5a5c1a8000,0x00007f5a5c2a8000)]
  0x00007f5a58122000 JavaThread "Finalizer" daemon [_thread_blocked, id=25933, stack(0x00007f5a5c0a8000,0x00007f5a5c1a8000)]
  0x00007f5a58128800 JavaThread "Signal Dispatcher" daemon [_thread_blocked, id=25936, stack(0x00007f5a57f00000,0x00007f5a58000000)]
  0x00007f5a5812a800 JavaThread "Service Thread" daemon [_thread_blocked, id=25937, stack(0x00007f5a40500000,0x00007f5a40600000)]
  0x00007f5a5812c800 JavaThread "C2 CompilerThread0" daemon [_thread_blocked, id=25938, stack(0x00007f5a40400000,0x00007f5a40500000)]
  0x00007f5a5812f000 JavaThread "C1 CompilerThread0" daemon [_thread_blocked, id=25939, stack(0x00007f5a40300000,0x00007f5a40400000)]
  0x00007f5a58131000 JavaThread "Sweeper thread" daemon [_thread_blocked, id=25941, stack(0x00007f5a40200000,0x00007f5a40300000)]
  0x00007f5a5813f000 JavaThread "Common-Cleaner" daemon [_thread_blocked, id=25945, stack(0x00007f5a40100000,0x00007f5a40200000)]
  0x00007f5a5820d800 JavaThread "Monitor Ctrl-Break" daemon [_thread_in_native, id=25948, stack(0x00007f5a40000000,0x00007f5a40100000)]
  0x00007f5a58228000 JavaThread "JavaCPP Deallocator" daemon [_thread_blocked, id=25950, stack(0x00007f5a307fe000,0x00007f5a308fe000)]

Other Threads:
  0x00007f5a5811d000 VMThread "VM Thread" [stack: 0x00007f5a5c2aa000,0x00007f5a5c3aa000] [id=25930]
  0x00007f5a5820f000 WatcherThread [stack: 0x00007f5a30900000,0x00007f5a30a00000] [id=25949]
  0x00007f5a5802f800 GCTaskThread "GC Thread#0" [stack: 0x00007f5a5f100000,0x00007f5a5f200000] [id=25920]
  0x00007f5a28001000 GCTaskThread "GC Thread#1" [stack: 0x00007f5a306fe000,0x00007f5a307fe000] [id=25952]
  0x00007f5a5804a800 ConcurrentGCThread "G1 Main Marker" [stack: 0x00007f5a5c990000,0x00007f5a5ca90000] [id=25921]
  0x00007f5a5804c800 ConcurrentGCThread "G1 Conc#0" [stack: 0x00007f5a5c88e000,0x00007f5a5c98e000] [id=25922]
  0x00007f5a58087800 ConcurrentGCThread "G1 Refine#0" [stack: 0x00007f5a5c58a000,0x00007f5a5c68a000] [id=25923]
  0x00007f5a58089800 ConcurrentGCThread "G1 Young RemSet Sampling" [stack: 0x00007f5a5c488000,0x00007f5a5c588000] [id=25925]

Threads with active compile tasks:

VM state:not at safepoint (normal execution)

VM Mutex/Monitor currently owned by a thread: None

Heap address: 0x00000000c2e00000, size: 978 MB, Compressed Oops mode: 32-bit
Narrow klass base: 0x0000000800000000, Narrow klass shift: 3
Compressed class space size: 1073741824 Address: 0x0000000840000000

Heap:
 garbage-first heap   total 65536K, used 5419K [0x00000000c2e00000, 0x0000000100000000)
  region size 1024K, 5 young (5120K), 1 survivors (1024K)
 Metaspace       used 3850K, capacity 6580K, committed 6912K, reserved 1056768K
  class space    used 421K, capacity 682K, committed 768K, reserved 1048576K
Heap Regions: E=young(eden), S=young(survivor), O=old, HS=humongous(starts), HC=humongous(continues), CS=collection set, F=free, A=archive, TAMS=top-at-mark-start (previous, next)
|   0|0x00000000c2e00000, 0x00000000c2e98c00, 0x00000000c2f00000| 59%| O|  |TAMS 0x00000000c2e00000, 0x00000000c2e00000| Untracked 
|   1|0x00000000c2f00000, 0x00000000c2f00000, 0x00000000c3000000|  0%| F|  |TAMS 0x00000000c2f00000, 0x00000000c2f00000| Untracked 
|   2|0x00000000c3000000, 0x00000000c3000000, 0x00000000c3100000|  0%| F|  |TAMS 0x00000000c3000000, 0x00000000c3000000| Untracked 
|   3|0x00000000c3100000, 0x00000000c3100000, 0x00000000c3200000|  0%| F|  |TAMS 0x00000000c3100000, 0x00000000c3100000| Untracked 
|   4|0x00000000c3200000, 0x00000000c3200000, 0x00000000c3300000|  0%| F|  |TAMS 0x00000000c3200000, 0x00000000c3200000| Untracked 
|   5|0x00000000c3300000, 0x00000000c3300000, 0x00000000c3400000|  0%| F|  |TAMS 0x00000000c3300000, 0x00000000c3300000| Untracked 
|   6|0x00000000c3400000, 0x00000000c3400000, 0x00000000c3500000|  0%| F|  |TAMS 0x00000000c3400000, 0x00000000c3400000| Untracked 
|   7|0x00000000c3500000, 0x00000000c3500000, 0x00000000c3600000|  0%| F|  |TAMS 0x00000000c3500000, 0x00000000c3500000| Untracked 
|   8|0x00000000c3600000, 0x00000000c3600000, 0x00000000c3700000|  0%| F|  |TAMS 0x00000000c3600000, 0x00000000c3600000| Untracked 
|   9|0x00000000c3700000, 0x00000000c3700000, 0x00000000c3800000|  0%| F|  |TAMS 0x00000000c3700000, 0x00000000c3700000| Untracked 
|  10|0x00000000c3800000, 0x00000000c3800000, 0x00000000c3900000|  0%| F|  |TAMS 0x00000000c3800000, 0x00000000c3800000| Untracked 
|  11|0x00000000c3900000, 0x00000000c3900000, 0x00000000c3a00000|  0%| F|  |TAMS 0x00000000c3900000, 0x00000000c3900000| Untracked 
|  12|0x00000000c3a00000, 0x00000000c3a00000, 0x00000000c3b00000|  0%| F|  |TAMS 0x00000000c3a00000, 0x00000000c3a00000| Untracked 
|  13|0x00000000c3b00000, 0x00000000c3b00000, 0x00000000c3c00000|  0%| F|  |TAMS 0x00000000c3b00000, 0x00000000c3b00000| Untracked 
|  14|0x00000000c3c00000, 0x00000000c3c00000, 0x00000000c3d00000|  0%| F|  |TAMS 0x00000000c3c00000, 0x00000000c3c00000| Untracked 
|  15|0x00000000c3d00000, 0x00000000c3d00000, 0x00000000c3e00000|  0%| F|  |TAMS 0x00000000c3d00000, 0x00000000c3d00000| Untracked 
|  16|0x00000000c3e00000, 0x00000000c3e00000, 0x00000000c3f00000|  0%| F|  |TAMS 0x00000000c3e00000, 0x00000000c3e00000| Untracked 
|  17|0x00000000c3f00000, 0x00000000c3f00000, 0x00000000c4000000|  0%| F|  |TAMS 0x00000000c3f00000, 0x00000000c3f00000| Untracked 
|  18|0x00000000c4000000, 0x00000000c4000000, 0x00000000c4100000|  0%| F|  |TAMS 0x00000000c4000000, 0x00000000c4000000| Untracked 
|  19|0x00000000c4100000, 0x00000000c4100000, 0x00000000c4200000|  0%| F|  |TAMS 0x00000000c4100000, 0x00000000c4100000| Untracked 
|  20|0x00000000c4200000, 0x00000000c4200000, 0x00000000c4300000|  0%| F|  |TAMS 0x00000000c4200000, 0x00000000c4200000| Untracked 
|  21|0x00000000c4300000, 0x00000000c4300000, 0x00000000c4400000|  0%| F|  |TAMS 0x00000000c4300000, 0x00000000c4300000| Untracked 
|  22|0x00000000c4400000, 0x00000000c4400000, 0x00000000c4500000|  0%| F|  |TAMS 0x00000000c4400000, 0x00000000c4400000| Untracked 
|  23|0x00000000c4500000, 0x00000000c4500000, 0x00000000c4600000|  0%| F|  |TAMS 0x00000000c4500000, 0x00000000c4500000| Untracked 
|  24|0x00000000c4600000, 0x00000000c4600000, 0x00000000c4700000|  0%| F|  |TAMS 0x00000000c4600000, 0x00000000c4600000| Untracked 
|  25|0x00000000c4700000, 0x00000000c4700000, 0x00000000c4800000|  0%| F|  |TAMS 0x00000000c4700000, 0x00000000c4700000| Untracked 
|  26|0x00000000c4800000, 0x00000000c4800000, 0x00000000c4900000|  0%| F|  |TAMS 0x00000000c4800000, 0x00000000c4800000| Untracked 
|  27|0x00000000c4900000, 0x00000000c4900000, 0x00000000c4a00000|  0%| F|  |TAMS 0x00000000c4900000, 0x00000000c4900000| Untracked 
|  28|0x00000000c4a00000, 0x00000000c4a00000, 0x00000000c4b00000|  0%| F|  |TAMS 0x00000000c4a00000, 0x00000000c4a00000| Untracked 
|  29|0x00000000c4b00000, 0x00000000c4b00000, 0x00000000c4c00000|  0%| F|  |TAMS 0x00000000c4b00000, 0x00000000c4b00000| Untracked 
|  30|0x00000000c4c00000, 0x00000000c4c00000, 0x00000000c4d00000|  0%| F|  |TAMS 0x00000000c4c00000, 0x00000000c4c00000| Untracked 
|  31|0x00000000c4d00000, 0x00000000c4d00000, 0x00000000c4e00000|  0%| F|  |TAMS 0x00000000c4d00000, 0x00000000c4d00000| Untracked 
|  32|0x00000000c4e00000, 0x00000000c4e00000, 0x00000000c4f00000|  0%| F|  |TAMS 0x00000000c4e00000, 0x00000000c4e00000| Untracked 
|  33|0x00000000c4f00000, 0x00000000c4f00000, 0x00000000c5000000|  0%| F|  |TAMS 0x00000000c4f00000, 0x00000000c4f00000| Untracked 
|  34|0x00000000c5000000, 0x00000000c5000000, 0x00000000c5100000|  0%| F|  |TAMS 0x00000000c5000000, 0x00000000c5000000| Untracked 
|  35|0x00000000c5100000, 0x00000000c5100000, 0x00000000c5200000|  0%| F|  |TAMS 0x00000000c5100000, 0x00000000c5100000| Untracked 
|  36|0x00000000c5200000, 0x00000000c5200000, 0x00000000c5300000|  0%| F|  |TAMS 0x00000000c5200000, 0x00000000c5200000| Untracked 
|  37|0x00000000c5300000, 0x00000000c5300000, 0x00000000c5400000|  0%| F|  |TAMS 0x00000000c5300000, 0x00000000c5300000| Untracked 
|  38|0x00000000c5400000, 0x00000000c5400000, 0x00000000c5500000|  0%| F|  |TAMS 0x00000000c5400000, 0x00000000c5400000| Untracked 
|  39|0x00000000c5500000, 0x00000000c5500000, 0x00000000c5600000|  0%| F|  |TAMS 0x00000000c5500000, 0x00000000c5500000| Untracked 
|  40|0x00000000c5600000, 0x00000000c5600000, 0x00000000c5700000|  0%| F|  |TAMS 0x00000000c5600000, 0x00000000c5600000| Untracked 
|  41|0x00000000c5700000, 0x00000000c5700000, 0x00000000c5800000|  0%| F|  |TAMS 0x00000000c5700000, 0x00000000c5700000| Untracked 
|  42|0x00000000c5800000, 0x00000000c5800000, 0x00000000c5900000|  0%| F|  |TAMS 0x00000000c5800000, 0x00000000c5800000| Untracked 
|  43|0x00000000c5900000, 0x00000000c5900000, 0x00000000c5a00000|  0%| F|  |TAMS 0x00000000c5900000, 0x00000000c5900000| Untracked 
|  44|0x00000000c5a00000, 0x00000000c5a00000, 0x00000000c5b00000|  0%| F|  |TAMS 0x00000000c5a00000, 0x00000000c5a00000| Untracked 
|  45|0x00000000c5b00000, 0x00000000c5b00000, 0x00000000c5c00000|  0%| F|  |TAMS 0x00000000c5b00000, 0x00000000c5b00000| Untracked 
|  46|0x00000000c5c00000, 0x00000000c5c00000, 0x00000000c5d00000|  0%| F|  |TAMS 0x00000000c5c00000, 0x00000000c5c00000| Untracked 
|  47|0x00000000c5d00000, 0x00000000c5d00000, 0x00000000c5e00000|  0%| F|  |TAMS 0x00000000c5d00000, 0x00000000c5d00000| Untracked 
|  48|0x00000000c5e00000, 0x00000000c5e00000, 0x00000000c5f00000|  0%| F|  |TAMS 0x00000000c5e00000, 0x00000000c5e00000| Untracked 
|  49|0x00000000c5f00000, 0x00000000c5f00000, 0x00000000c6000000|  0%| F|  |TAMS 0x00000000c5f00000, 0x00000000c5f00000| Untracked 
|  50|0x00000000c6000000, 0x00000000c6000000, 0x00000000c6100000|  0%| F|  |TAMS 0x00000000c6000000, 0x00000000c6000000| Untracked 
|  51|0x00000000c6100000, 0x00000000c6100000, 0x00000000c6200000|  0%| F|  |TAMS 0x00000000c6100000, 0x00000000c6100000| Untracked 
|  52|0x00000000c6200000, 0x00000000c6200000, 0x00000000c6300000|  0%| F|  |TAMS 0x00000000c6200000, 0x00000000c6200000| Untracked 
|  53|0x00000000c6300000, 0x00000000c6300000, 0x00000000c6400000|  0%| F|  |TAMS 0x00000000c6300000, 0x00000000c6300000| Untracked 
|  54|0x00000000c6400000, 0x00000000c6500000, 0x00000000c6500000|100%| S|CS|TAMS 0x00000000c6400000, 0x00000000c6400000| Complete 
|  55|0x00000000c6500000, 0x00000000c6500000, 0x00000000c6600000|  0%| F|  |TAMS 0x00000000c6500000, 0x00000000c6500000| Untracked 
|  56|0x00000000c6600000, 0x00000000c6600000, 0x00000000c6700000|  0%| F|  |TAMS 0x00000000c6600000, 0x00000000c6600000| Untracked 
|  57|0x00000000c6700000, 0x00000000c6700000, 0x00000000c6800000|  0%| F|  |TAMS 0x00000000c6700000, 0x00000000c6700000| Untracked 
|  58|0x00000000c6800000, 0x00000000c6900000, 0x00000000c6900000|100%| E|  |TAMS 0x00000000c6800000, 0x00000000c6800000| Complete 
|  59|0x00000000c6900000, 0x00000000c6a00000, 0x00000000c6a00000|100%| E|CS|TAMS 0x00000000c6900000, 0x00000000c6900000| Complete 
|  60|0x00000000c6a00000, 0x00000000c6b00000, 0x00000000c6b00000|100%| E|CS|TAMS 0x00000000c6a00000, 0x00000000c6a00000| Complete 
|  61|0x00000000c6b00000, 0x00000000c6c00000, 0x00000000c6c00000|100%| E|CS|TAMS 0x00000000c6b00000, 0x00000000c6b00000| Complete 
| 976|0x00000000ffe00000, 0x00000000ffe47000, 0x00000000fff00000| 27%|OA|  |TAMS 0x00000000ffe00000, 0x00000000ffe00000| Untracked 
| 977|0x00000000fff00000, 0x00000000fff6b000, 0x0000000100000000| 41%|CA|  |TAMS 0x00000000fff00000, 0x00000000fff00000| Untracked 

Card table byte_map: [0x00007f5a5eb2a000,0x00007f5a5ed13000] _byte_map_base: 0x00007f5a5e513000

Marking Bits (Prev, Next): (CMBitMap*) 0x00007f5a58045b88, (CMBitMap*) 0x00007f5a58045bc0
 Prev Bits: [0x00007f5a5d9f9000, 0x00007f5a5e941000)
 Next Bits: [0x00007f5a5cab1000, 0x00007f5a5d9f9000)

Polling page: 0x00007f5a60da2000

Metaspace:

Usage:
  Non-class:      5.76 MB capacity,     3.35 MB ( 58%) used,     2.41 MB ( 42%) free+waste,     5.62 KB ( <1%) overhead. 
      Class:    682.00 KB capacity,   421.51 KB ( 62%) used,   257.55 KB ( 38%) free+waste,     2.94 KB ( <1%) overhead. 
       Both:      6.43 MB capacity,     3.76 MB ( 59%) used,     2.66 MB ( 41%) free+waste,     8.56 KB ( <1%) overhead. 

Virtual space:
  Non-class space:        8.00 MB reserved,       6.00 MB ( 75%) committed 
      Class space:        1.00 GB reserved,     768.00 KB ( <1%) committed 
             Both:        1.01 GB reserved,       6.75 MB ( <1%) committed 

Chunk freelists:
   Non-Class:  54.00 KB
       Class:  22.00 KB
        Both:  76.00 KB

MaxMetaspaceSize: unlimited
CompressedClassSpaceSize: 1.00 GB
Initial GC threshold: 20.80 MB
Current GC threshold: 20.80 MB
CDS: on

CodeHeap 'non-profiled nmethods': size=120036Kb used=188Kb max_used=188Kb free=119847Kb
 bounds [0x00007f5a480c7000, 0x00007f5a48337000, 0x00007f5a4f600000]
CodeHeap 'profiled nmethods': size=120032Kb used=1082Kb max_used=1082Kb free=118949Kb
 bounds [0x00007f5a40b8f000, 0x00007f5a40dff000, 0x00007f5a480c7000]
CodeHeap 'non-nmethods': size=5692Kb used=1151Kb max_used=1165Kb free=4540Kb
 bounds [0x00007f5a40600000, 0x00007f5a40870000, 0x00007f5a40b8f000]
 total_blobs=1033 nmethods=631 adapters=316
 compilation: enabled
              stopped_count=0, restarted_count=0
 full_count=0

Compilation events (20 events):
Event: 0.759 Thread 0x00007f5a5812f000  628   !   3       java.util.zip.ZipFile$ZipFileInputStream::close (59 bytes)
Event: 0.759 Thread 0x00007f5a5812f000 nmethod 628 0x00007f5a40c96490 code [0x00007f5a40c96660, 0x00007f5a40c96aa0]
Event: 0.759 Thread 0x00007f5a5812f000  627       3       java.util.ArrayDeque::pollFirst (36 bytes)
Event: 0.759 Thread 0x00007f5a5812f000 nmethod 627 0x00007f5a40c96c90 code [0x00007f5a40c96e60, 0x00007f5a40c97290]
Event: 0.759 Thread 0x00007f5a5812f000  624       3       java.lang.String::equalsIgnoreCase (45 bytes)
Event: 0.760 Thread 0x00007f5a5812f000 nmethod 624 0x00007f5a40c97410 code [0x00007f5a40c97620, 0x00007f5a40c97b80]
Event: 0.760 Thread 0x00007f5a5812f000  625       3       jdk.internal.loader.ClassLoaders$BootClassLoader::loadClassOrNull (11 bytes)
Event: 0.760 Thread 0x00007f5a5812f000 nmethod 625 0x00007f5a40c97d90 code [0x00007f5a40c97f60, 0x00007f5a40c982b0]
Event: 0.760 Thread 0x00007f5a5812f000  621       3       java.lang.ClassLoader::postDefineClass (39 bytes)
Event: 0.760 Thread 0x00007f5a5812f000 nmethod 621 0x00007f5a40c98410 code [0x00007f5a40c98600, 0x00007f5a40c98930]
Event: 0.760 Thread 0x00007f5a5812f000  622       3       java.lang.ClassLoader::getNamedPackage (73 bytes)
Event: 0.760 Thread 0x00007f5a5812f000 nmethod 622 0x00007f5a40c98b10 code [0x00007f5a40c98d20, 0x00007f5a40c992c0]
Event: 0.760 Thread 0x00007f5a5812f000  629       1       java.util.zip.ZipEntry::getName (5 bytes)
Event: 0.760 Thread 0x00007f5a5812f000 nmethod 629 0x00007f5a480f2f90 code [0x00007f5a480f3140, 0x00007f5a480f3210]
Event: 0.761 Thread 0x00007f5a5812c800 nmethod 600 0x00007f5a480f3290 code [0x00007f5a480f3460, 0x00007f5a480f3ff8]
Event: 0.761 Thread 0x00007f5a5812c800  626       4       java.util.zip.ZipFile$Source::getEntryPos (206 bytes)
Event: 0.781 Thread 0x00007f5a5812c800 nmethod 626 0x00007f5a480f4310 code [0x00007f5a480f44e0, 0x00007f5a480f4f38]
Event: 0.781 Thread 0x00007f5a5812c800  601       4       java.lang.StringLatin1::replace (196 bytes)
Event: 0.782 Thread 0x00007f5a5812f000  630   !   3       java.util.concurrent.ConcurrentHashMap::computeIfAbsent (576 bytes)
Event: 0.784 Thread 0x00007f5a5812f000 nmethod 630 0x00007f5a40c99490 code [0x00007f5a40c99900, 0x00007f5a40c9c740]

GC Heap History (2 events):
Event: 0.394 GC heap before
{Heap before GC invocations=0 (full 0):
 garbage-first heap   total 65536K, used 6856K [0x00000000c2e00000, 0x0000000100000000)
  region size 1024K, 7 young (7168K), 0 survivors (0K)
 Metaspace       used 3068K, capacity 5908K, committed 6016K, reserved 1056768K
  class space    used 337K, capacity 586K, committed 640K, reserved 1048576K
}
Event: 0.409 GC heap after
{Heap after GC invocations=1 (full 0):
 garbage-first heap   total 65536K, used 2347K [0x00000000c2e00000, 0x0000000100000000)
  region size 1024K, 1 young (1024K), 1 survivors (1024K)
 Metaspace       used 3068K, capacity 5908K, committed 6016K, reserved 1056768K
  class space    used 337K, capacity 586K, committed 640K, reserved 1048576K
}

Deoptimization events (20 events):
Event: 0.361 Thread 0x00007f5a58016800 DEOPT PACKING pc=0x00007f5a480de9f8 sp=0x00007f5a609fdfb0
Event: 0.361 Thread 0x00007f5a58016800 DEOPT UNPACKING pc=0x00007f5a406082a5 sp=0x00007f5a609fdf48 mode 2
Event: 0.361 Thread 0x00007f5a58016800 Uncommon trap: trap_request=0xffffffc6 fr.pc=0x00007f5a480de9f8 relative=0x0000000000000398
Event: 0.361 Thread 0x00007f5a58016800 Uncommon trap: reason=bimorphic_or_optimized_type_check action=maybe_recompile pc=0x00007f5a480de9f8 method=java.util.HashMap.getNode(ILjava/lang/Object;)Ljava/util/HashMap$Node; @ 126 c2
Event: 0.361 Thread 0x00007f5a58016800 DEOPT PACKING pc=0x00007f5a480de9f8 sp=0x00007f5a609fdfb0
Event: 0.361 Thread 0x00007f5a58016800 DEOPT UNPACKING pc=0x00007f5a406082a5 sp=0x00007f5a609fdf48 mode 2
Event: 0.362 Thread 0x00007f5a58016800 Uncommon trap: trap_request=0xffffffc6 fr.pc=0x00007f5a480de9f8 relative=0x0000000000000398
Event: 0.362 Thread 0x00007f5a58016800 Uncommon trap: reason=bimorphic_or_optimized_type_check action=maybe_recompile pc=0x00007f5a480de9f8 method=java.util.HashMap.getNode(ILjava/lang/Object;)Ljava/util/HashMap$Node; @ 126 c2
Event: 0.362 Thread 0x00007f5a58016800 DEOPT PACKING pc=0x00007f5a480de9f8 sp=0x00007f5a609fdfb0
Event: 0.362 Thread 0x00007f5a58016800 DEOPT UNPACKING pc=0x00007f5a406082a5 sp=0x00007f5a609fdf48 mode 2
Event: 0.362 Thread 0x00007f5a58016800 Uncommon trap: trap_request=0xffffffc6 fr.pc=0x00007f5a480de9f8 relative=0x0000000000000398
Event: 0.362 Thread 0x00007f5a58016800 Uncommon trap: reason=bimorphic_or_optimized_type_check action=maybe_recompile pc=0x00007f5a480de9f8 method=java.util.HashMap.getNode(ILjava/lang/Object;)Ljava/util/HashMap$Node; @ 126 c2
Event: 0.362 Thread 0x00007f5a58016800 DEOPT PACKING pc=0x00007f5a480de9f8 sp=0x00007f5a609fdfb0
Event: 0.362 Thread 0x00007f5a58016800 DEOPT UNPACKING pc=0x00007f5a406082a5 sp=0x00007f5a609fdf48 mode 2
Event: 0.428 Thread 0x00007f5a58016800 DEOPT PACKING pc=0x00007f5a40bc1708 sp=0x00007f5a609fd240
Event: 0.428 Thread 0x00007f5a58016800 DEOPT UNPACKING pc=0x00007f5a406499fa sp=0x00007f5a609fc6b0 mode 0
Event: 0.438 Thread 0x00007f5a58016800 DEOPT PACKING pc=0x00007f5a40bf2ba4 sp=0x00007f5a609fd580
Event: 0.438 Thread 0x00007f5a58016800 DEOPT UNPACKING pc=0x00007f5a406499fa sp=0x00007f5a609fc9f8 mode 0
Event: 0.654 Thread 0x00007f5a58016800 DEOPT PACKING pc=0x00007f5a40bf1942 sp=0x00007f5a609fd4f0
Event: 0.654 Thread 0x00007f5a58016800 DEOPT UNPACKING pc=0x00007f5a406499fa sp=0x00007f5a609fc978 mode 0

Classes redefined (0 events):
No events

Internal exceptions (20 events):
Event: 0.143 Thread 0x00007f5a58016800 Exception <a 'java/security/PrivilegedActionException'{0x00000000c6904d88}> (0x00000000c6904d88) thrown at [./src/hotspot/share/prims/jvm.cpp, line 1304]
Event: 0.144 Thread 0x00007f5a58016800 Exception <a 'java/security/PrivilegedActionException'{0x00000000c6905058}> (0x00000000c6905058) thrown at [./src/hotspot/share/prims/jvm.cpp, line 1304]
Event: 0.144 Thread 0x00007f5a58016800 Exception <a 'java/security/PrivilegedActionException'{0x00000000c69059c8}> (0x00000000c69059c8) thrown at [./src/hotspot/share/prims/jvm.cpp, line 1304]
Event: 0.144 Thread 0x00007f5a58016800 Exception <a 'java/security/PrivilegedActionException'{0x00000000c6905c98}> (0x00000000c6905c98) thrown at [./src/hotspot/share/prims/jvm.cpp, line 1304]
Event: 0.144 Thread 0x00007f5a58016800 Exception <a 'java/security/PrivilegedActionException'{0x00000000c6906608}> (0x00000000c6906608) thrown at [./src/hotspot/share/prims/jvm.cpp, line 1304]
Event: 0.144 Thread 0x00007f5a58016800 Exception <a 'java/security/PrivilegedActionException'{0x00000000c69068d8}> (0x00000000c69068d8) thrown at [./src/hotspot/share/prims/jvm.cpp, line 1304]
Event: 0.144 Thread 0x00007f5a58016800 Exception <a 'java/security/PrivilegedActionException'{0x00000000c6907260}> (0x00000000c6907260) thrown at [./src/hotspot/share/prims/jvm.cpp, line 1304]
Event: 0.144 Thread 0x00007f5a58016800 Exception <a 'java/security/PrivilegedActionException'{0x00000000c6907530}> (0x00000000c6907530) thrown at [./src/hotspot/share/prims/jvm.cpp, line 1304]
Event: 0.144 Thread 0x00007f5a58016800 Exception <a 'java/security/PrivilegedActionException'{0x00000000c6907eb8}> (0x00000000c6907eb8) thrown at [./src/hotspot/share/prims/jvm.cpp, line 1304]
Event: 0.144 Thread 0x00007f5a58016800 Exception <a 'java/security/PrivilegedActionException'{0x00000000c6908188}> (0x00000000c6908188) thrown at [./src/hotspot/share/prims/jvm.cpp, line 1304]
Event: 0.144 Thread 0x00007f5a58016800 Exception <a 'java/security/PrivilegedActionException'{0x00000000c6908b10}> (0x00000000c6908b10) thrown at [./src/hotspot/share/prims/jvm.cpp, line 1304]
Event: 0.144 Thread 0x00007f5a58016800 Exception <a 'java/security/PrivilegedActionException'{0x00000000c6908de0}> (0x00000000c6908de0) thrown at [./src/hotspot/share/prims/jvm.cpp, line 1304]
Event: 0.144 Thread 0x00007f5a58016800 Exception <a 'java/security/PrivilegedActionException'{0x00000000c6909750}> (0x00000000c6909750) thrown at [./src/hotspot/share/prims/jvm.cpp, line 1304]
Event: 0.144 Thread 0x00007f5a58016800 Exception <a 'java/security/PrivilegedActionException'{0x00000000c6909a20}> (0x00000000c6909a20) thrown at [./src/hotspot/share/prims/jvm.cpp, line 1304]
Event: 0.144 Thread 0x00007f5a58016800 Exception <a 'java/security/PrivilegedActionException'{0x00000000c690a3a8}> (0x00000000c690a3a8) thrown at [./src/hotspot/share/prims/jvm.cpp, line 1304]
Event: 0.144 Thread 0x00007f5a58016800 Exception <a 'java/security/PrivilegedActionException'{0x00000000c690a678}> (0x00000000c690a678) thrown at [./src/hotspot/share/prims/jvm.cpp, line 1304]
Event: 0.169 Thread 0x00007f5a58016800 Exception <a 'java/lang/NoSuchMethodError'{0x00000000c69b8b90}: 'int java.lang.invoke.DirectMethodHandle$Holder.invokeStaticInit(java.lang.Object, java.lang.Object, java.lang.Object, java.lang.Object)'> (0x00000000c69b8b90) thrown at [./src/hotspot/share/interpreter/linkResolver.cpp, line 772]
Event: 0.170 Thread 0x00007f5a58016800 Exception <a 'java/lang/IncompatibleClassChangeError'{0x00000000c69c2910}: Found class java.lang.Object, but interface was expected> (0x00000000c69c2910) thrown at [./src/hotspot/share/interpreter/linkResolver.cpp, line 839]
Event: 0.171 Thread 0x00007f5a58016800 Exception <a 'java/lang/NoSuchMethodError'{0x00000000c69c5ac0}: 'void java.lang.invoke.DirectMethodHandle$Holder.invokeStaticInit(java.lang.Object, java.lang.Object)'> (0x00000000c69c5ac0) thrown at [./src/hotspot/share/interpreter/linkResolver.cpp, line 772]
Event: 0.171 Thread 0x00007f5a58016800 Exception <a 'java/lang/NoSuchMethodError'{0x00000000c69caf70}: 'int java.lang.invoke.DirectMethodHandle$Holder.invokeStaticInit(java.lang.Object, java.lang.Object)'> (0x00000000c69caf70) thrown at [./src/hotspot/share/interpreter/linkResolver.cpp, line 772]

Events (20 events):
Event: 0.758 loading class org/bytedeco/llvm/LLVM/LLVMPassBuilderOptionsRef
Event: 0.758 loading class org/bytedeco/llvm/LLVM/LLVMPassBuilderOptionsRef done
Event: 0.758 loading class org/bytedeco/llvm/LLVM/Pass
Event: 0.758 loading class org/bytedeco/llvm/LLVM/Pass done
Event: 0.758 loading class org/bytedeco/llvm/LLVM/LLVMNamedMDNodeRef
Event: 0.758 loading class org/bytedeco/llvm/LLVM/LLVMNamedMDNodeRef done
Event: 0.758 loading class org/bytedeco/llvm/LLVM/LLVMUseRef
Event: 0.758 loading class org/bytedeco/llvm/LLVM/LLVMUseRef done
Event: 0.781 loading class java/util/Stack
Event: 0.781 loading class java/util/Stack done
Event: 0.781 Executing VM operation: Deoptimize
Event: 0.781 Executing VM operation: Deoptimize done
Event: 0.781 loading class Utils
Event: 0.781 loading class Utils done
Event: 0.787 loading class org/bytedeco/javacpp/PointerScope
Event: 0.787 loading class org/bytedeco/javacpp/PointerScope done
Event: 0.787 loading class org/bytedeco/javacpp/PointerScope$1
Event: 0.787 loading class org/bytedeco/javacpp/PointerScope$1 done
Event: 0.787 loading class LLVMSymbolTable$SymbolTableEntry
Event: 0.787 loading class LLVMSymbolTable$SymbolTableEntry done


Dynamic libraries:
c2e00000-c6c00000 rw-p 00000000 00:00 0 
c6c00000-ffe00000 ---p 00000000 00:00 0 
ffe00000-ffe47000 rw-p 00b0a000 08:03 1060156                            /usr/lib/jvm/java-11-openjdk-amd64/lib/server/classes.jsa
ffe47000-fff00000 rw-p 00000000 00:00 0 
fff00000-fff6b000 rw-p 00a9f000 08:03 1060156                            /usr/lib/jvm/java-11-openjdk-amd64/lib/server/classes.jsa
fff6b000-100000000 rw-p 00000000 00:00 0 
800000000-800002000 rwxp 00001000 08:03 1060156                          /usr/lib/jvm/java-11-openjdk-amd64/lib/server/classes.jsa
800002000-8003cc000 rw-p 00003000 08:03 1060156                          /usr/lib/jvm/java-11-openjdk-amd64/lib/server/classes.jsa
8003cc000-800a9d000 r--p 003cd000 08:03 1060156                          /usr/lib/jvm/java-11-openjdk-amd64/lib/server/classes.jsa
800a9d000-800a9e000 rw-p 00a9e000 08:03 1060156                          /usr/lib/jvm/java-11-openjdk-amd64/lib/server/classes.jsa
840000000-8400c0000 rw-p 00000000 00:00 0 
8400c0000-880000000 ---p 00000000 00:00 0 
55fb568b6000-55fb568b7000 r--p 00000000 08:03 1058673                    /usr/lib/jvm/java-11-openjdk-amd64/bin/java
55fb568b7000-55fb568b8000 r-xp 00001000 08:03 1058673                    /usr/lib/jvm/java-11-openjdk-amd64/bin/java
55fb568b8000-55fb568b9000 r--p 00002000 08:03 1058673                    /usr/lib/jvm/java-11-openjdk-amd64/bin/java
55fb568b9000-55fb568ba000 r--p 00002000 08:03 1058673                    /usr/lib/jvm/java-11-openjdk-amd64/bin/java
55fb568ba000-55fb568bb000 rw-p 00003000 08:03 1058673                    /usr/lib/jvm/java-11-openjdk-amd64/bin/java
55fb580de000-55fb58120000 rw-p 00000000 00:00 0                          [heap]
7f59fd400000-7f59fdd26000 r--p 00000000 08:03 1579535                    /home/doudou/.javacpp/cache/llvm-13.0.1-1.5.7-linux-x86_64.jar/org/bytedeco/llvm/linux-x86_64/libLLVM-13.so
7f59fdd26000-7f5a016e9000 r-xp 00926000 08:03 1579535                    /home/doudou/.javacpp/cache/llvm-13.0.1-1.5.7-linux-x86_64.jar/org/bytedeco/llvm/linux-x86_64/libLLVM-13.so
7f5a016e9000-7f5a0393e000 r--p 042e9000 08:03 1579535                    /home/doudou/.javacpp/cache/llvm-13.0.1-1.5.7-linux-x86_64.jar/org/bytedeco/llvm/linux-x86_64/libLLVM-13.so
7f5a0393e000-7f5a03e53000 r--p 0653d000 08:03 1579535                    /home/doudou/.javacpp/cache/llvm-13.0.1-1.5.7-linux-x86_64.jar/org/bytedeco/llvm/linux-x86_64/libLLVM-13.so
7f5a03e53000-7f5a03e5e000 rw-p 06a52000 08:03 1579535                    /home/doudou/.javacpp/cache/llvm-13.0.1-1.5.7-linux-x86_64.jar/org/bytedeco/llvm/linux-x86_64/libLLVM-13.so
7f5a03e5e000-7f5a03ed4000 rw-p 00000000 00:00 0 
7f5a04000000-7f5a04021000 rw-p 00000000 00:00 0 
7f5a04021000-7f5a08000000 ---p 00000000 00:00 0 
7f5a08000000-7f5a08021000 rw-p 00000000 00:00 0 
7f5a08021000-7f5a0c000000 ---p 00000000 00:00 0 
7f5a0c000000-7f5a0c450000 rw-p 00000000 00:00 0 
7f5a0c450000-7f5a10000000 ---p 00000000 00:00 0 
7f5a10000000-7f5a10309000 rw-p 00000000 00:00 0 
7f5a10309000-7f5a14000000 ---p 00000000 00:00 0 
7f5a14000000-7f5a14021000 rw-p 00000000 00:00 0 
7f5a14021000-7f5a18000000 ---p 00000000 00:00 0 
7f5a18000000-7f5a18021000 rw-p 00000000 00:00 0 
7f5a18021000-7f5a1c000000 ---p 00000000 00:00 0 
7f5a1c000000-7f5a1c021000 rw-p 00000000 00:00 0 
7f5a1c021000-7f5a20000000 ---p 00000000 00:00 0 
7f5a20000000-7f5a20021000 rw-p 00000000 00:00 0 
7f5a20021000-7f5a24000000 ---p 00000000 00:00 0 
7f5a24000000-7f5a24021000 rw-p 00000000 00:00 0 
7f5a24021000-7f5a28000000 ---p 00000000 00:00 0 
7f5a28000000-7f5a28021000 rw-p 00000000 00:00 0 
7f5a28021000-7f5a2c000000 ---p 00000000 00:00 0 
7f5a2c000000-7f5a2c021000 rw-p 00000000 00:00 0 
7f5a2c021000-7f5a30000000 ---p 00000000 00:00 0 
7f5a305f6000-7f5a3065b000 r--p 00000000 08:03 1579540                    /home/doudou/.javacpp/cache/llvm-13.0.1-1.5.7-linux-x86_64.jar/org/bytedeco/llvm/linux-x86_64/libjniLLVM.so
7f5a3065b000-7f5a306c9000 r-xp 00065000 08:03 1579540                    /home/doudou/.javacpp/cache/llvm-13.0.1-1.5.7-linux-x86_64.jar/org/bytedeco/llvm/linux-x86_64/libjniLLVM.so
7f5a306c9000-7f5a306f4000 r--p 000d3000 08:03 1579540                    /home/doudou/.javacpp/cache/llvm-13.0.1-1.5.7-linux-x86_64.jar/org/bytedeco/llvm/linux-x86_64/libjniLLVM.so
7f5a306f4000-7f5a306f7000 r--p 000fd000 08:03 1579540                    /home/doudou/.javacpp/cache/llvm-13.0.1-1.5.7-linux-x86_64.jar/org/bytedeco/llvm/linux-x86_64/libjniLLVM.so
7f5a306f7000-7f5a306fa000 rw-p 00100000 08:03 1579540                    /home/doudou/.javacpp/cache/llvm-13.0.1-1.5.7-linux-x86_64.jar/org/bytedeco/llvm/linux-x86_64/libjniLLVM.so
7f5a306fa000-7f5a306fc000 rw-p 00000000 00:00 0 
7f5a306fc000-7f5a306fd000 ---p 00000000 00:00 0 
7f5a306fd000-7f5a307fe000 rw-p 00000000 00:00 0 
7f5a307fe000-7f5a30802000 ---p 00000000 00:00 0 
7f5a30802000-7f5a308fe000 rw-p 00000000 00:00 0 
7f5a308fe000-7f5a308ff000 ---p 00000000 00:00 0 
7f5a308ff000-7f5a30a00000 rw-p 00000000 00:00 0 
7f5a30a00000-7f5a317e7000 r--p 00000000 08:03 534858                     /usr/lib/locale/locale-archive
7f5a31800000-7f5a31e00000 rw-p 00000000 00:00 0 
7f5a31e00000-7f5a32000000 ---p 00000000 00:00 0 
7f5a32000000-7f5a34000000 rw-p 00000000 00:00 0 
7f5a34000000-7f5a34021000 rw-p 00000000 00:00 0 
7f5a34021000-7f5a38000000 ---p 00000000 00:00 0 
7f5a38000000-7f5a38021000 rw-p 00000000 00:00 0 
7f5a38021000-7f5a3c000000 ---p 00000000 00:00 0 
7f5a3c000000-7f5a3c021000 rw-p 00000000 00:00 0 
7f5a3c021000-7f5a40000000 ---p 00000000 00:00 0 
7f5a40000000-7f5a40004000 ---p 00000000 00:00 0 
7f5a40004000-7f5a40100000 rw-p 00000000 00:00 0 
7f5a40100000-7f5a40104000 ---p 00000000 00:00 0 
7f5a40104000-7f5a40200000 rw-p 00000000 00:00 0 
7f5a40200000-7f5a40204000 ---p 00000000 00:00 0 
7f5a40204000-7f5a40300000 rw-p 00000000 00:00 0 
7f5a40300000-7f5a40304000 ---p 00000000 00:00 0 
7f5a40304000-7f5a40400000 rw-p 00000000 00:00 0 
7f5a40400000-7f5a40404000 ---p 00000000 00:00 0 
7f5a40404000-7f5a40500000 rw-p 00000000 00:00 0 
7f5a40500000-7f5a40504000 ---p 00000000 00:00 0 
7f5a40504000-7f5a40600000 rw-p 00000000 00:00 0 
7f5a40600000-7f5a40870000 rwxp 00000000 00:00 0 
7f5a40870000-7f5a40b8f000 ---p 00000000 00:00 0 
7f5a40b8f000-7f5a40dff000 rwxp 00000000 00:00 0 
7f5a40dff000-7f5a480c7000 ---p 00000000 00:00 0 
7f5a480c7000-7f5a48337000 rwxp 00000000 00:00 0 
7f5a48337000-7f5a4f600000 ---p 00000000 00:00 0 
7f5a4f600000-7f5a57e0b000 r--s 00000000 08:03 1058832                    /usr/lib/jvm/java-11-openjdk-amd64/lib/modules
7f5a57f00000-7f5a57f04000 ---p 00000000 00:00 0 
7f5a57f04000-7f5a58000000 rw-p 00000000 00:00 0 
7f5a58000000-7f5a583fc000 rw-p 00000000 00:00 0 
7f5a583fc000-7f5a5c000000 ---p 00000000 00:00 0 
7f5a5c008000-7f5a5c00c000 r--p 00000000 08:03 1058822                    /usr/lib/jvm/java-11-openjdk-amd64/lib/libnet.so
7f5a5c00c000-7f5a5c01a000 r-xp 00004000 08:03 1058822                    /usr/lib/jvm/java-11-openjdk-amd64/lib/libnet.so
7f5a5c01a000-7f5a5c01e000 r--p 00012000 08:03 1058822                    /usr/lib/jvm/java-11-openjdk-amd64/lib/libnet.so
7f5a5c01e000-7f5a5c01f000 r--p 00015000 08:03 1058822                    /usr/lib/jvm/java-11-openjdk-amd64/lib/libnet.so
7f5a5c01f000-7f5a5c020000 rw-p 00016000 08:03 1058822                    /usr/lib/jvm/java-11-openjdk-amd64/lib/libnet.so
7f5a5c020000-7f5a5c027000 r--p 00000000 08:03 1058823                    /usr/lib/jvm/java-11-openjdk-amd64/lib/libnio.so
7f5a5c027000-7f5a5c02f000 r-xp 00007000 08:03 1058823                    /usr/lib/jvm/java-11-openjdk-amd64/lib/libnio.so
7f5a5c02f000-7f5a5c032000 r--p 0000f000 08:03 1058823                    /usr/lib/jvm/java-11-openjdk-amd64/lib/libnio.so
7f5a5c032000-7f5a5c033000 r--p 00011000 08:03 1058823                    /usr/lib/jvm/java-11-openjdk-amd64/lib/libnio.so
7f5a5c033000-7f5a5c034000 rw-p 00012000 08:03 1058823                    /usr/lib/jvm/java-11-openjdk-amd64/lib/libnio.so
7f5a5c078000-7f5a5c07f000 r--s 00000000 08:03 553557                     /usr/lib/x86_64-linux-gnu/gconv/gconv-modules.cache
7f5a5c07f000-7f5a5c080000 r--p 00000000 08:03 1579538                    /home/doudou/.javacpp/cache/llvm-13.0.1-1.5.7-linux-x86_64.jar/org/bytedeco/llvm/linux-x86_64/libRemarks.so.13
7f5a5c080000-7f5a5c081000 r-xp 00001000 08:03 1579538                    /home/doudou/.javacpp/cache/llvm-13.0.1-1.5.7-linux-x86_64.jar/org/bytedeco/llvm/linux-x86_64/libRemarks.so.13
7f5a5c081000-7f5a5c082000 r--p 00002000 08:03 1579538                    /home/doudou/.javacpp/cache/llvm-13.0.1-1.5.7-linux-x86_64.jar/org/bytedeco/llvm/linux-x86_64/libRemarks.so.13
7f5a5c082000-7f5a5c083000 r--p 00002000 08:03 1579538                    /home/doudou/.javacpp/cache/llvm-13.0.1-1.5.7-linux-x86_64.jar/org/bytedeco/llvm/linux-x86_64/libRemarks.so.13
7f5a5c083000-7f5a5c084000 rw-p 00003000 08:03 1579538                    /home/doudou/.javacpp/cache/llvm-13.0.1-1.5.7-linux-x86_64.jar/org/bytedeco/llvm/linux-x86_64/libRemarks.so.13
7f5a5c084000-7f5a5c08b000 r--p 00000000 08:03 1579536                    /home/doudou/.javacpp/cache/llvm-13.0.1-1.5.7-linux-x86_64.jar/org/bytedeco/llvm/linux-x86_64/libLTO.so.13
7f5a5c08b000-7f5a5c093000 r-xp 00007000 08:03 1579536                    /home/doudou/.javacpp/cache/llvm-13.0.1-1.5.7-linux-x86_64.jar/org/bytedeco/llvm/linux-x86_64/libLTO.so.13
7f5a5c093000-7f5a5c095000 r--p 0000f000 08:03 1579536                    /home/doudou/.javacpp/cache/llvm-13.0.1-1.5.7-linux-x86_64.jar/org/bytedeco/llvm/linux-x86_64/libLTO.so.13
7f5a5c095000-7f5a5c096000 r--p 00010000 08:03 1579536                    /home/doudou/.javacpp/cache/llvm-13.0.1-1.5.7-linux-x86_64.jar/org/bytedeco/llvm/linux-x86_64/libLTO.so.13
7f5a5c096000-7f5a5c097000 rw-p 00011000 08:03 1579536                    /home/doudou/.javacpp/cache/llvm-13.0.1-1.5.7-linux-x86_64.jar/org/bytedeco/llvm/linux-x86_64/libLTO.so.13
7f5a5c097000-7f5a5c09b000 r--p 00000000 08:03 1579530                    /home/doudou/.javacpp/cache/javacpp-1.5.7-linux-x86_64.jar/org/bytedeco/javacpp/linux-x86_64/libjnijavacpp.so
7f5a5c09b000-7f5a5c0a2000 r-xp 00004000 08:03 1579530                    /home/doudou/.javacpp/cache/javacpp-1.5.7-linux-x86_64.jar/org/bytedeco/javacpp/linux-x86_64/libjnijavacpp.so
7f5a5c0a2000-7f5a5c0a6000 r--p 0000b000 08:03 1579530                    /home/doudou/.javacpp/cache/javacpp-1.5.7-linux-x86_64.jar/org/bytedeco/javacpp/linux-x86_64/libjnijavacpp.so
7f5a5c0a6000-7f5a5c0a7000 r--p 0000e000 08:03 1579530                    /home/doudou/.javacpp/cache/javacpp-1.5.7-linux-x86_64.jar/org/bytedeco/javacpp/linux-x86_64/libjnijavacpp.so
7f5a5c0a7000-7f5a5c0a8000 rw-p 0000f000 08:03 1579530                    /home/doudou/.javacpp/cache/javacpp-1.5.7-linux-x86_64.jar/org/bytedeco/javacpp/linux-x86_64/libjnijavacpp.so
7f5a5c0a8000-7f5a5c0ac000 ---p 00000000 00:00 0 
7f5a5c0ac000-7f5a5c1a8000 rw-p 00000000 00:00 0 
7f5a5c1a8000-7f5a5c1ac000 ---p 00000000 00:00 0 
7f5a5c1ac000-7f5a5c2a8000 rw-p 00000000 00:00 0 
7f5a5c2a8000-7f5a5c2a9000 ---p 00000000 00:00 0 
7f5a5c2a9000-7f5a5c486000 rw-p 00000000 00:00 0 
7f5a5c486000-7f5a5c487000 ---p 00000000 00:00 0 
7f5a5c487000-7f5a5c588000 rw-p 00000000 00:00 0 
7f5a5c588000-7f5a5c589000 ---p 00000000 00:00 0 
7f5a5c589000-7f5a5c88c000 rw-p 00000000 00:00 0 
7f5a5c88c000-7f5a5c88d000 ---p 00000000 00:00 0 
7f5a5c88d000-7f5a5c98e000 rw-p 00000000 00:00 0 
7f5a5c98e000-7f5a5c98f000 ---p 00000000 00:00 0 
7f5a5c98f000-7f5a5cba9000 rw-p 00000000 00:00 0 
7f5a5cba9000-7f5a5d9f1000 ---p 00000000 00:00 0 
7f5a5d9f1000-7f5a5daf1000 rw-p 00000000 00:00 0 
7f5a5daf1000-7f5a5e939000 ---p 00000000 00:00 0 
7f5a5e939000-7f5a5e960000 rw-p 00000000 00:00 0 
7f5a5e960000-7f5a5eb29000 ---p 00000000 00:00 0 
7f5a5eb29000-7f5a5eb49000 rw-p 00000000 00:00 0 
7f5a5eb49000-7f5a5ed12000 ---p 00000000 00:00 0 
7f5a5ed12000-7f5a5ed32000 rw-p 00000000 00:00 0 
7f5a5ed32000-7f5a5eefb000 ---p 00000000 00:00 0 
7f5a5eefb000-7f5a5f0fe000 rw-p 00000000 00:00 0 
7f5a5f0fe000-7f5a5f0ff000 ---p 00000000 00:00 0 
7f5a5f0ff000-7f5a5f200000 rw-p 00000000 00:00 0 
7f5a5f200000-7f5a5f29a000 r--p 00000000 08:03 552221                     /usr/lib/x86_64-linux-gnu/libstdc++.so.6.0.30
7f5a5f29a000-7f5a5f3aa000 r-xp 0009a000 08:03 552221                     /usr/lib/x86_64-linux-gnu/libstdc++.so.6.0.30
7f5a5f3aa000-7f5a5f419000 r--p 001aa000 08:03 552221                     /usr/lib/x86_64-linux-gnu/libstdc++.so.6.0.30
7f5a5f419000-7f5a5f424000 r--p 00218000 08:03 552221                     /usr/lib/x86_64-linux-gnu/libstdc++.so.6.0.30
7f5a5f424000-7f5a5f427000 rw-p 00223000 08:03 552221                     /usr/lib/x86_64-linux-gnu/libstdc++.so.6.0.30
7f5a5f427000-7f5a5f42f000 rw-p 00000000 00:00 0 
7f5a5f42f000-7f5a5f515000 ---p 00000000 00:00 0 
7f5a5f515000-7f5a5f51a000 rw-p 00000000 00:00 0 
7f5a5f51a000-7f5a5f600000 ---p 00000000 00:00 0 
7f5a5f600000-7f5a5f882000 r--p 00000000 08:03 1058837                    /usr/lib/jvm/java-11-openjdk-amd64/lib/server/libjvm.so
7f5a5f882000-7f5a6051e000 r-xp 00282000 08:03 1058837                    /usr/lib/jvm/java-11-openjdk-amd64/lib/server/libjvm.so
7f5a6051e000-7f5a60779000 r--p 00f1e000 08:03 1058837                    /usr/lib/jvm/java-11-openjdk-amd64/lib/server/libjvm.so
7f5a60779000-7f5a6077a000 ---p 01179000 08:03 1058837                    /usr/lib/jvm/java-11-openjdk-amd64/lib/server/libjvm.so
7f5a6077a000-7f5a6083e000 r--p 01179000 08:03 1058837                    /usr/lib/jvm/java-11-openjdk-amd64/lib/server/libjvm.so
7f5a6083e000-7f5a60879000 rw-p 0123d000 08:03 1058837                    /usr/lib/jvm/java-11-openjdk-amd64/lib/server/libjvm.so
7f5a60879000-7f5a608d0000 rw-p 00000000 00:00 0 
7f5a608d1000-7f5a608d2000 r--p 00000000 08:03 551276                     /usr/lib/x86_64-linux-gnu/libdl.so.2
7f5a608d2000-7f5a608d3000 r-xp 00001000 08:03 551276                     /usr/lib/x86_64-linux-gnu/libdl.so.2
7f5a608d3000-7f5a608d4000 r--p 00002000 08:03 551276                     /usr/lib/x86_64-linux-gnu/libdl.so.2
7f5a608d4000-7f5a608d5000 r--p 00002000 08:03 551276                     /usr/lib/x86_64-linux-gnu/libdl.so.2
7f5a608d5000-7f5a608d6000 rw-p 00003000 08:03 551276                     /usr/lib/x86_64-linux-gnu/libdl.so.2
7f5a608d6000-7f5a608d7000 r--p 00000000 08:03 552054                     /usr/lib/x86_64-linux-gnu/libpthread.so.0
7f5a608d7000-7f5a608d8000 r-xp 00001000 08:03 552054                     /usr/lib/x86_64-linux-gnu/libpthread.so.0
7f5a608d8000-7f5a608d9000 r--p 00002000 08:03 552054                     /usr/lib/x86_64-linux-gnu/libpthread.so.0
7f5a608d9000-7f5a608da000 r--p 00002000 08:03 552054                     /usr/lib/x86_64-linux-gnu/libpthread.so.0
7f5a608da000-7f5a608db000 rw-p 00003000 08:03 552054                     /usr/lib/x86_64-linux-gnu/libpthread.so.0
7f5a608db000-7f5a608e0000 rw-p 00000000 00:00 0 
7f5a608e0000-7f5a608e7000 ---p 00000000 00:00 0 
7f5a608e7000-7f5a608e9000 r--p 00000000 08:03 1058831                    /usr/lib/jvm/java-11-openjdk-amd64/lib/libzip.so
7f5a608e9000-7f5a608ee000 r-xp 00002000 08:03 1058831                    /usr/lib/jvm/java-11-openjdk-amd64/lib/libzip.so
7f5a608ee000-7f5a608f0000 r--p 00007000 08:03 1058831                    /usr/lib/jvm/java-11-openjdk-amd64/lib/libzip.so
7f5a608f0000-7f5a608f1000 r--p 00008000 08:03 1058831                    /usr/lib/jvm/java-11-openjdk-amd64/lib/libzip.so
7f5a608f1000-7f5a608f2000 rw-p 00009000 08:03 1058831                    /usr/lib/jvm/java-11-openjdk-amd64/lib/libzip.so
7f5a608f2000-7f5a608f4000 r--p 00000000 08:03 1058806                    /usr/lib/jvm/java-11-openjdk-amd64/lib/libinstrument.so
7f5a608f4000-7f5a608fb000 r-xp 00002000 08:03 1058806                    /usr/lib/jvm/java-11-openjdk-amd64/lib/libinstrument.so
7f5a608fb000-7f5a608fe000 r--p 00009000 08:03 1058806                    /usr/lib/jvm/java-11-openjdk-amd64/lib/libinstrument.so
7f5a608fe000-7f5a608ff000 r--p 0000b000 08:03 1058806                    /usr/lib/jvm/java-11-openjdk-amd64/lib/libinstrument.so
7f5a608ff000-7f5a60900000 rw-p 0000c000 08:03 1058806                    /usr/lib/jvm/java-11-openjdk-amd64/lib/libinstrument.so
7f5a60900000-7f5a60904000 ---p 00000000 00:00 0 
7f5a60904000-7f5a60a00000 rw-p 00000000 00:00 0 
7f5a60a00000-7f5a60a28000 r--p 00000000 08:03 551134                     /usr/lib/x86_64-linux-gnu/libc.so.6
7f5a60a28000-7f5a60bbd000 r-xp 00028000 08:03 551134                     /usr/lib/x86_64-linux-gnu/libc.so.6
7f5a60bbd000-7f5a60c15000 r--p 001bd000 08:03 551134                     /usr/lib/x86_64-linux-gnu/libc.so.6
7f5a60c15000-7f5a60c19000 r--p 00214000 08:03 551134                     /usr/lib/x86_64-linux-gnu/libc.so.6
7f5a60c19000-7f5a60c1b000 rw-p 00218000 08:03 551134                     /usr/lib/x86_64-linux-gnu/libc.so.6
7f5a60c1b000-7f5a60c28000 rw-p 00000000 00:00 0 
7f5a60c28000-7f5a60c29000 r--p 00000000 08:03 1058804                    /usr/lib/jvm/java-11-openjdk-amd64/lib/libextnet.so
7f5a60c29000-7f5a60c2a000 r-xp 00001000 08:03 1058804                    /usr/lib/jvm/java-11-openjdk-amd64/lib/libextnet.so
7f5a60c2a000-7f5a60c2b000 r--p 00002000 08:03 1058804                    /usr/lib/jvm/java-11-openjdk-amd64/lib/libextnet.so
7f5a60c2b000-7f5a60c2c000 r--p 00002000 08:03 1058804                    /usr/lib/jvm/java-11-openjdk-amd64/lib/libextnet.so
7f5a60c2c000-7f5a60c2d000 rw-p 00003000 08:03 1058804                    /usr/lib/jvm/java-11-openjdk-amd64/lib/libextnet.so
7f5a60c2d000-7f5a60c35000 rw-s 00000000 08:03 262224                     /tmp/hsperfdata_doudou/25917
7f5a60c35000-7f5a60c43000 r--p 00000000 08:03 1058811                    /usr/lib/jvm/java-11-openjdk-amd64/lib/libjava.so
7f5a60c43000-7f5a60c59000 r-xp 0000e000 08:03 1058811                    /usr/lib/jvm/java-11-openjdk-amd64/lib/libjava.so
7f5a60c59000-7f5a60c60000 r--p 00024000 08:03 1058811                    /usr/lib/jvm/java-11-openjdk-amd64/lib/libjava.so
7f5a60c60000-7f5a60c61000 r--p 0002a000 08:03 1058811                    /usr/lib/jvm/java-11-openjdk-amd64/lib/libjava.so
7f5a60c61000-7f5a60c62000 rw-p 0002b000 08:03 1058811                    /usr/lib/jvm/java-11-openjdk-amd64/lib/libjava.so
7f5a60c62000-7f5a60c63000 rw-p 00000000 00:00 0 
7f5a60c63000-7f5a60c68000 r--p 00000000 08:03 1058830                    /usr/lib/jvm/java-11-openjdk-amd64/lib/libverify.so
7f5a60c68000-7f5a60c6f000 r-xp 00005000 08:03 1058830                    /usr/lib/jvm/java-11-openjdk-amd64/lib/libverify.so
7f5a60c6f000-7f5a60c71000 r--p 0000c000 08:03 1058830                    /usr/lib/jvm/java-11-openjdk-amd64/lib/libverify.so
7f5a60c71000-7f5a60c73000 r--p 0000d000 08:03 1058830                    /usr/lib/jvm/java-11-openjdk-amd64/lib/libverify.so
7f5a60c73000-7f5a60c74000 rw-p 0000f000 08:03 1058830                    /usr/lib/jvm/java-11-openjdk-amd64/lib/libverify.so
7f5a60c74000-7f5a60c75000 r--p 00000000 08:03 552110                     /usr/lib/x86_64-linux-gnu/librt.so.1
7f5a60c75000-7f5a60c76000 r-xp 00001000 08:03 552110                     /usr/lib/x86_64-linux-gnu/librt.so.1
7f5a60c76000-7f5a60c77000 r--p 00002000 08:03 552110                     /usr/lib/x86_64-linux-gnu/librt.so.1
7f5a60c77000-7f5a60c78000 r--p 00002000 08:03 552110                     /usr/lib/x86_64-linux-gnu/librt.so.1
7f5a60c78000-7f5a60c79000 rw-p 00003000 08:03 552110                     /usr/lib/x86_64-linux-gnu/librt.so.1
7f5a60c79000-7f5a60c7c000 r--p 00000000 08:03 551433                     /usr/lib/x86_64-linux-gnu/libgcc_s.so.1
7f5a60c7c000-7f5a60c93000 r-xp 00003000 08:03 551433                     /usr/lib/x86_64-linux-gnu/libgcc_s.so.1
7f5a60c93000-7f5a60c97000 r--p 0001a000 08:03 551433                     /usr/lib/x86_64-linux-gnu/libgcc_s.so.1
7f5a60c97000-7f5a60c98000 r--p 0001d000 08:03 551433                     /usr/lib/x86_64-linux-gnu/libgcc_s.so.1
7f5a60c98000-7f5a60c99000 rw-p 0001e000 08:03 551433                     /usr/lib/x86_64-linux-gnu/libgcc_s.so.1
7f5a60c99000-7f5a60ca7000 r--p 00000000 08:03 551785                     /usr/lib/x86_64-linux-gnu/libm.so.6
7f5a60ca7000-7f5a60d23000 r-xp 0000e000 08:03 551785                     /usr/lib/x86_64-linux-gnu/libm.so.6
7f5a60d23000-7f5a60d7e000 r--p 0008a000 08:03 551785                     /usr/lib/x86_64-linux-gnu/libm.so.6
7f5a60d7e000-7f5a60d7f000 r--p 000e4000 08:03 551785                     /usr/lib/x86_64-linux-gnu/libm.so.6
7f5a60d7f000-7f5a60d80000 rw-p 000e5000 08:03 551785                     /usr/lib/x86_64-linux-gnu/libm.so.6
7f5a60d80000-7f5a60d82000 rw-p 00000000 00:00 0 
7f5a60d82000-7f5a60d84000 r--p 00000000 08:03 552488                     /usr/lib/x86_64-linux-gnu/libz.so.1.2.11
7f5a60d84000-7f5a60d95000 r-xp 00002000 08:03 552488                     /usr/lib/x86_64-linux-gnu/libz.so.1.2.11
7f5a60d95000-7f5a60d9b000 r--p 00013000 08:03 552488                     /usr/lib/x86_64-linux-gnu/libz.so.1.2.11
7f5a60d9b000-7f5a60d9c000 ---p 00019000 08:03 552488                     /usr/lib/x86_64-linux-gnu/libz.so.1.2.11
7f5a60d9c000-7f5a60d9d000 r--p 00019000 08:03 552488                     /usr/lib/x86_64-linux-gnu/libz.so.1.2.11
7f5a60d9d000-7f5a60d9e000 rw-p 0001a000 08:03 552488                     /usr/lib/x86_64-linux-gnu/libz.so.1.2.11
7f5a60da2000-7f5a60da3000 ---p 00000000 00:00 0 
7f5a60da3000-7f5a60da4000 r--p 00000000 00:00 0 
7f5a60da4000-7f5a60da6000 r--p 00000000 08:03 1058814                    /usr/lib/jvm/java-11-openjdk-amd64/lib/libjimage.so
7f5a60da6000-7f5a60da9000 r-xp 00002000 08:03 1058814                    /usr/lib/jvm/java-11-openjdk-amd64/lib/libjimage.so
7f5a60da9000-7f5a60daa000 r--p 00005000 08:03 1058814                    /usr/lib/jvm/java-11-openjdk-amd64/lib/libjimage.so
7f5a60daa000-7f5a60dab000 ---p 00006000 08:03 1058814                    /usr/lib/jvm/java-11-openjdk-amd64/lib/libjimage.so
7f5a60dab000-7f5a60dac000 r--p 00006000 08:03 1058814                    /usr/lib/jvm/java-11-openjdk-amd64/lib/libjimage.so
7f5a60dac000-7f5a60dad000 rw-p 00007000 08:03 1058814                    /usr/lib/jvm/java-11-openjdk-amd64/lib/libjimage.so
7f5a60dad000-7f5a60db0000 r--p 00000000 08:03 1058796                    /usr/lib/jvm/java-11-openjdk-amd64/lib/jli/libjli.so
7f5a60db0000-7f5a60dba000 r-xp 00003000 08:03 1058796                    /usr/lib/jvm/java-11-openjdk-amd64/lib/jli/libjli.so
7f5a60dba000-7f5a60dbd000 r--p 0000d000 08:03 1058796                    /usr/lib/jvm/java-11-openjdk-amd64/lib/jli/libjli.so
7f5a60dbd000-7f5a60dbe000 ---p 00010000 08:03 1058796                    /usr/lib/jvm/java-11-openjdk-amd64/lib/jli/libjli.so
7f5a60dbe000-7f5a60dbf000 r--p 00010000 08:03 1058796                    /usr/lib/jvm/java-11-openjdk-amd64/lib/jli/libjli.so
7f5a60dbf000-7f5a60dc0000 rw-p 00011000 08:03 1058796                    /usr/lib/jvm/java-11-openjdk-amd64/lib/jli/libjli.so
7f5a60dc0000-7f5a60dc2000 rw-p 00000000 00:00 0 
7f5a60dc2000-7f5a60dc4000 r--p 00000000 08:03 550792                     /usr/lib/x86_64-linux-gnu/ld-linux-x86-64.so.2
7f5a60dc4000-7f5a60dee000 r-xp 00002000 08:03 550792                     /usr/lib/x86_64-linux-gnu/ld-linux-x86-64.so.2
7f5a60dee000-7f5a60df9000 r--p 0002c000 08:03 550792                     /usr/lib/x86_64-linux-gnu/ld-linux-x86-64.so.2
7f5a60dfa000-7f5a60dfc000 r--p 00037000 08:03 550792                     /usr/lib/x86_64-linux-gnu/ld-linux-x86-64.so.2
7f5a60dfc000-7f5a60dfe000 rw-p 00039000 08:03 550792                     /usr/lib/x86_64-linux-gnu/ld-linux-x86-64.so.2
7ffca1811000-7ffca1832000 rw-p 00000000 00:00 0                          [stack]
7ffca19e2000-7ffca19e6000 r--p 00000000 00:00 0                          [vvar]
7ffca19e6000-7ffca19e8000 r-xp 00000000 00:00 0                          [vdso]
ffffffffff600000-ffffffffff601000 --xp 00000000 00:00 0                  [vsyscall]


VM Arguments:
jvm_args: -javaagent:/snap/intellij-idea-ultimate/437/lib/idea_rt.jar=40657:/snap/intellij-idea-ultimate/437/bin -Dfile.encoding=UTF-8 
java_command: Main /home/doudou/lab/Lab/tests/test1.sysy /home/doudou/lab/Lab/tests/out.txt
java_class_path (initial): /home/doudou/lab/Lab/out/production/Lab:/usr/local/lib/antlr-4.9.1-complete.jar:/usr/local/lib/javacpp-1.5.7-linux-x86_64.jar:/usr/local/lib/javacpp-1.5.7.jar:/usr/local/lib/llvm-13.0.1-1.5.7-linux-x86_64.jar:/usr/local/lib/llvm-13.0.1-1.5.7.jar:/usr/local/lib/llvm-platform-13.0.1-1.5.7.jar
Launcher Type: SUN_STANDARD

[Global flags]
     intx CICompilerCount                          = 2                                         {product} {ergonomic}
     uint ConcGCThreads                            = 1                                         {product} {ergonomic}
     uint G1ConcRefinementThreads                  = 2                                         {product} {ergonomic}
   size_t G1HeapRegionSize                         = 1048576                                   {product} {ergonomic}
    uintx GCDrainStackTargetSize                   = 64                                        {product} {ergonomic}
   size_t InitialHeapSize                          = 65011712                                  {product} {ergonomic}
   size_t MarkStackSize                            = 4194304                                   {product} {ergonomic}
   size_t MaxHeapSize                              = 1025507328                                {product} {ergonomic}
   size_t MaxNewSize                               = 614465536                                 {product} {ergonomic}
   size_t MinHeapDeltaBytes                        = 1048576                                   {product} {ergonomic}
    uintx NonNMethodCodeHeapSize                   = 5825164                                {pd product} {ergonomic}
    uintx NonProfiledCodeHeapSize                  = 122916538                              {pd product} {ergonomic}
    uintx ProfiledCodeHeapSize                     = 122916538                              {pd product} {ergonomic}
    uintx ReservedCodeCacheSize                    = 251658240                              {pd product} {ergonomic}
     bool SegmentedCodeCache                       = true                                      {product} {ergonomic}
     bool UseCompressedClassPointers               = true                                 {lp64_product} {ergonomic}
     bool UseCompressedOops                        = true                                 {lp64_product} {ergonomic}
     bool UseG1GC                                  = true                                      {product} {ergonomic}

Logging:
Log output configuration:
 #0: stdout all=warning uptime,level,tags
 #1: stderr all=off uptime,level,tags

Environment Variables:
PATH=/usr/local/sbin:/usr/local/bin:/usr/sbin:/usr/bin:/sbin:/bin:/usr/games:/usr/local/games:/snap/bin:/snap/bin
USERNAME=doudou
SHELL=/bin/bash
DISPLAY=:0
LANG=en_US.UTF-8
LC_NUMERIC=zh_CN.UTF-8
LC_TIME=zh_CN.UTF-8

Signal Handlers:
SIGSEGV: [libjvm.so+0xeabd80], sa_mask[0]=11111111011111111101111111111110, sa_flags=SA_RESTART|SA_SIGINFO
SIGBUS: [libjvm.so+0xeabd80], sa_mask[0]=11111111011111111101111111111110, sa_flags=SA_RESTART|SA_SIGINFO
SIGFPE: [libjvm.so+0xeabd80], sa_mask[0]=11111111011111111101111111111110, sa_flags=SA_RESTART|SA_SIGINFO
SIGPIPE: [libjvm.so+0xbee610], sa_mask[0]=11111111011111111101111111111110, sa_flags=SA_RESTART|SA_SIGINFO
SIGXFSZ: [libjvm.so+0xbee610], sa_mask[0]=11111111011111111101111111111110, sa_flags=SA_RESTART|SA_SIGINFO
SIGILL: [libjvm.so+0xeabd80], sa_mask[0]=11111111011111111101111111111110, sa_flags=SA_RESTART|SA_SIGINFO
SIGUSR2: [libjvm.so+0xbee4b0], sa_mask[0]=00100000000000000000000000000000, sa_flags=SA_RESTART|SA_SIGINFO
SIGHUP: [libjvm.so+0xbeec50], sa_mask[0]=11111111011111111101111111111110, sa_flags=SA_RESTART|SA_SIGINFO
SIGINT: [libjvm.so+0xbeec50], sa_mask[0]=11111111011111111101111111111110, sa_flags=SA_RESTART|SA_SIGINFO
SIGTERM: [libjvm.so+0xbeec50], sa_mask[0]=11111111011111111101111111111110, sa_flags=SA_RESTART|SA_SIGINFO
SIGQUIT: [libjvm.so+0xbeec50], sa_mask[0]=11111111011111111101111111111110, sa_flags=SA_RESTART|SA_SIGINFO


---------------  S Y S T E M  ---------------

OS:DISTRIB_ID=Ubuntu
DISTRIB_RELEASE=22.04
DISTRIB_CODENAME=jammy
DISTRIB_DESCRIPTION="Ubuntu 22.04.2 LTS"
uname:Linux 5.19.0-45-generic #46~22.04.1-Ubuntu SMP PREEMPT_DYNAMIC Wed Jun 7 15:06:04 UTC 20 x86_64
OS uptime: 0 days 18:07 hours
libc:glibc 2.35 NPTL 2.35 
rlimit (soft/hard): STACK 8192k/infinity , CORE 0k/infinity , NPROC 15333/15333 , NOFILE 1048576/1048576 , AS infinity/infinity , CPU infinity/infinity , DATA infinity/infinity , FSIZE infinity/infinity , MEMLOCK 500652k/500652k
load average:1.06 0.69 0.71

/proc/meminfo:
MemTotal:        4005236 kB
MemFree:          116812 kB
MemAvailable:     164108 kB
Buffers:            5888 kB
Cached:           227592 kB
SwapCached:        57008 kB
Active:           902444 kB
Inactive:        1407968 kB
Active(anon):     769732 kB
Inactive(anon):  1315288 kB
Active(file):     132712 kB
Inactive(file):    92680 kB
Unevictable:           0 kB
Mlocked:               0 kB
SwapTotal:       3512316 kB
SwapFree:        1709440 kB
Zswap:                 0 kB
Zswapped:              0 kB
Dirty:                52 kB
Writeback:             0 kB
AnonPages:       2045048 kB
Mapped:           135572 kB
Shmem:              7988 kB
KReclaimable:      53004 kB
Slab:             236380 kB
SReclaimable:      53004 kB
SUnreclaim:       183376 kB
KernelStack:       11200 kB
PageTables:        27116 kB
NFS_Unstable:          0 kB
Bounce:                0 kB
WritebackTmp:          0 kB
CommitLimit:     5514932 kB
Committed_AS:    6276404 kB
VmallocTotal:   34359738367 kB
VmallocUsed:       46540 kB
VmallocChunk:          0 kB
Percpu:             2216 kB
HardwareCorrupted:     0 kB
AnonHugePages:         0 kB
ShmemHugePages:        0 kB
ShmemPmdMapped:        0 kB
FileHugePages:         0 kB
FilePmdMapped:         0 kB
HugePages_Total:       0
HugePages_Free:        0
HugePages_Rsvd:        0
HugePages_Surp:        0
Hugepagesize:       2048 kB
Hugetlb:               0 kB
DirectMap4k:      216896 kB
DirectMap2M:     3977216 kB
DirectMap1G:     2097152 kB

/sys/kernel/mm/transparent_hugepage/enabled:
always [madvise] never
/sys/kernel/mm/transparent_hugepage/defrag (defrag/compaction efforts parameter):
always defer defer+madvise [madvise] never

Process Memory:
Virtual Size: 3684896K (peak: 12384612K)
Resident Set Size: 92444K (peak: 92444K) (anon: 36704K, file: 55740K, shmem: 0K)
Swapped out: 0K
C-Heap outstanding allocations: 15612K, retained: 2527K
glibc malloc tunables: (default)

/proc/sys/kernel/threads-max (system-wide limit on the number of threads):
30667
/proc/sys/vm/max_map_count (maximum number of memory map areas a process may have):
65530
/proc/sys/kernel/pid_max (system-wide limit on number of process identifiers):
4194304

container (cgroup) information:
container_type: cgroupv2
cpu_cpuset_cpus: not supported
cpu_memory_nodes: not supported
active_processor_count: 2
cpu_quota: not supported
cpu_period: not supported
cpu_shares: not supported
memory_limit_in_bytes: unlimited
memory_and_swap_limit_in_bytes: unlimited
memory_soft_limit_in_bytes: unlimited
memory_usage_in_bytes: 1978932 k
memory_max_usage_in_bytes: not supported
memory_swap_current_in_bytes: 990228 k
memory_swap_max_limit_in_bytes: unlimited
maximum number of tasks: 4600
current number of tasks: 159

VMWare virtualization detected
Steal ticks since vm start: 0
Steal ticks percentage since vm start:  0.000

CPU:total 2 (initial active 2) (1 cores per cpu, 1 threads per core) family 6 model 140 stepping 1 microcode 0xffffffff, cmov, cx8, fxsr, mmx, sse, sse2, sse3, ssse3, sse4.1, sse4.2, popcnt, avx, avx2, aes, clmul, erms, 3dnowpref, lzcnt, tsc, tscinvbit, bmi1, bmi2, adx, evex, sha, fma
CPU Model and flags from /proc/cpuinfo:
model name	: 11th Gen Intel(R) Core(TM) i7-1165G7 @ 2.80GHz
flags		: fpu vme de pse tsc msr pae mce cx8 apic sep mtrr pge mca cmov pat pse36 clflush mmx fxsr sse sse2 ss syscall nx pdpe1gb rdtscp lm constant_tsc arch_perfmon rep_good nopl xtopology tsc_reliable nonstop_tsc cpuid tsc_known_freq pni pclmulqdq ssse3 fma cx16 pcid sse4_1 sse4_2 x2apic movbe popcnt tsc_deadline_timer aes xsave avx f16c rdrand hypervisor lahf_lm abm 3dnowprefetch invpcid_single pti ssbd ibrs ibpb stibp fsgsbase tsc_adjust bmi1 avx2 smep bmi2 erms invpcid avx512f avx512dq rdseed adx smap avx512ifma clflushopt clwb avx512cd sha_ni avx512bw avx512vl xsaveopt xsavec xgetbv1 xsaves arat avx512vbmi umip avx512_vbmi2 gfni vaes vpclmulqdq avx512_vnni avx512_bitalg avx512_vpopcntdq rdpid fsrm avx512_vp2intersect flush_l1d arch_capabilities
Online cpus:
0-1
Offline cpus:

BIOS frequency limitation:
<Not Available>
Frequency switch latency (ns):
<Not Available>
Available cpu frequencies:
<Not Available>
Current governor:
<Not Available>
Core performance/turbo boost:
<Not Available>

Memory: 4k page, physical 4005236k(116812k free), swap 3512316k(1709440k free)

vm_info: OpenJDK 64-Bit Server VM (11.0.19+7-post-Ubuntu-0ubuntu122.04.1) for linux-amd64 JRE (11.0.19+7-post-Ubuntu-0ubuntu122.04.1), built on May 10 2023 00:54:00 by "unknown" with gcc 11.3.0

END.
