#
# A fatal error has been detected by the Java Runtime Environment:
#
#  SIGSEGV (0xb) at pc=0x00007f30e9d54ae4, pid=7498, tid=7499
#
# JRE version: OpenJDK Runtime Environment (11.0.19+7) (build 11.0.19+7-post-Ubuntu-0ubuntu122.04.1)
# Java VM: OpenJDK 64-Bit Server VM (11.0.19+7-post-Ubuntu-0ubuntu122.04.1, mixed mode, sharing, tiered, compressed oops, g1 gc, linux-amd64)
# Problematic frame:
# C  [libLLVM-13.so+0xd54ae4]  llvm::PointerType::get(llvm::Type*, unsigned int)+0x14
#
# Core dump will be written. Default location: Core dumps may be processed with "/usr/share/apport/apport -p%p -s%s -c%c -d%d -P%P -u%u -g%g -- %E" (or dumping to /home/doudou/lab/Lab/core.7498)
#
# If you would like to submit a bug report, please visit:
#   https://bugs.launchpad.net/ubuntu/+source/openjdk-lts
# The crash happened outside the Java Virtual Machine in native code.
# See problematic frame for where to report the bug.
#

---------------  S U M M A R Y ------------

Command Line: -javaagent:/snap/intellij-idea-ultimate/437/lib/idea_rt.jar=42103:/snap/intellij-idea-ultimate/437/bin -Dfile.encoding=UTF-8 Main /home/doudou/lab/Lab/tests/test1.sysy /home/doudou/lab/Lab/tests/out.txt

Host: 11th Gen Intel(R) Core(TM) i7-1165G7 @ 2.80GHz, 2 cores, 3G, Ubuntu 22.04.2 LTS
Time: Mon Jun 26 15:53:54 2023 CST elapsed time: 1.466381 seconds (0d 0h 0m 1s)

---------------  T H R E A D  ---------------

Current thread (0x00007f3144016800):  JavaThread "main" [_thread_in_native, id=7499, stack(0x00007f314ab00000,0x00007f314ac00000)]

Stack: [0x00007f314ab00000,0x00007f314ac00000],  sp=0x00007f314abfdd70,  free space=1015k
Native frames: (J=compiled Java code, A=aot compiled Java code, j=interpreted, Vv=VM code, C=native code)
C  [libLLVM-13.so+0xd54ae4]  llvm::PointerType::get(llvm::Type*, unsigned int)+0x14

Java frames: (J=compiled Java code, j=interpreted, Vv=VM code)
j  org.bytedeco.llvm.global.LLVM.LLVMBuildInBoundsGEP(Lorg/bytedeco/llvm/LLVM/LLVMBuilderRef;Lorg/bytedeco/llvm/LLVM/LLVMValueRef;Lorg/bytedeco/javacpp/PointerPointer;ILjava/lang/String;)Lorg/bytedeco/llvm/LLVM/LLVMValueRef;+0
j  SysYLlvmVisitor.visitExp(LSysYParser$ExpContext;)Lorg/bytedeco/llvm/LLVM/LLVMValueRef;+250
j  SysYLlvmVisitor.visitStmt(LSysYParser$StmtContext;)Lorg/bytedeco/llvm/LLVM/LLVMValueRef;+21
j  SysYLlvmVisitor.visitStmt(LSysYParser$StmtContext;)Ljava/lang/Object;+2
j  SysYParser$StmtContext.accept(Lorg/antlr/v4/runtime/tree/ParseTreeVisitor;)Ljava/lang/Object;+12
j  org.antlr.v4.runtime.tree.AbstractParseTreeVisitor.visitChildren(Lorg/antlr/v4/runtime/tree/RuleNode;)Ljava/lang/Object;+46
j  SysYParserBaseVisitor.visitBlockItem(LSysYParser$BlockItemContext;)Ljava/lang/Object;+2
j  SysYParser$BlockItemContext.accept(Lorg/antlr/v4/runtime/tree/ParseTreeVisitor;)Ljava/lang/Object;+12
j  org.antlr.v4.runtime.tree.AbstractParseTreeVisitor.visitChildren(Lorg/antlr/v4/runtime/tree/RuleNode;)Ljava/lang/Object;+46
j  SysYParserBaseVisitor.visitBlock(LSysYParser$BlockContext;)Ljava/lang/Object;+2
j  SysYParser$BlockContext.accept(Lorg/antlr/v4/runtime/tree/ParseTreeVisitor;)Ljava/lang/Object;+12
j  org.antlr.v4.runtime.tree.AbstractParseTreeVisitor.visit(Lorg/antlr/v4/runtime/tree/ParseTree;)Ljava/lang/Object;+2
j  SysYLlvmVisitor.visitFuncDef(LSysYParser$FuncDefContext;)Lorg/bytedeco/llvm/LLVM/LLVMValueRef;+520
j  SysYLlvmVisitor.visitCompUnit(LSysYParser$CompUnitContext;)Lorg/bytedeco/llvm/LLVM/LLVMValueRef;+615
j  SysYLlvmVisitor.visitCompUnit(LSysYParser$CompUnitContext;)Ljava/lang/Object;+2
j  SysYParser$CompUnitContext.accept(Lorg/antlr/v4/runtime/tree/ParseTreeVisitor;)Ljava/lang/Object;+12
j  org.antlr.v4.runtime.tree.AbstractParseTreeVisitor.visitChildren(Lorg/antlr/v4/runtime/tree/RuleNode;)Ljava/lang/Object;+46
j  SysYParserBaseVisitor.visitProgram(LSysYParser$ProgramContext;)Ljava/lang/Object;+2
j  SysYParser$ProgramContext.accept(Lorg/antlr/v4/runtime/tree/ParseTreeVisitor;)Ljava/lang/Object;+12
j  org.antlr.v4.runtime.tree.AbstractParseTreeVisitor.visit(Lorg/antlr/v4/runtime/tree/ParseTree;)Ljava/lang/Object;+2
j  Main.main([Ljava/lang/String;)V+218
v  ~StubRoutines::call_stub

siginfo: si_signo: 11 (SIGSEGV), si_code: 1 (SEGV_MAPERR), si_addr: 0x0000000000000000

Register to memory mapping:

RAX=0x0 is NULL
RBX=0x0 is NULL
RCX=0x00007f314437d4c0 points into unknown readable memory: 0x00007f3144364f90 | 90 4f 36 44 31 7f 00 00
RDX=0x000000000000000d is an unknown value
RSP=0x00007f314abfdd70 is pointing into the stack for thread: 0x00007f3144016800
RBP=0x00007f314438dc80 points into unknown readable memory: 0x00007f314437d4c0 | c0 d4 37 44 31 7f 00 00
RSI=0x0 is NULL
RDI=0x0 is NULL
R8 =0x0 is NULL
R9 =0x0000000000000002 is an unknown value
R10=0x00007f30e9054fd0: <offset 0x0000000000054fd0> in /home/doudou/.javacpp/cache/llvm-13.0.1-1.5.7-linux-x86_64.jar/org/bytedeco/llvm/linux-x86_64/libLLVM-13.so at 0x00007f30e9000000
R11=0x00007f30e9c2d210: LLVMBuildInBoundsGEP+0x0000000000000000 in /home/doudou/.javacpp/cache/llvm-13.0.1-1.5.7-linux-x86_64.jar/org/bytedeco/llvm/linux-x86_64/libLLVM-13.so at 0x00007f30e9000000
R12=0x0 is NULL
R13=0x00007f314438dae0 points into unknown readable memory: 0x00007f3144385c90 | 90 5c 38 44 31 7f 00 00
R14=0x0000000000000002 is an unknown value
R15=0x00007f314437b678 points into unknown readable memory: 0x00007f3144364f90 | 90 4f 36 44 31 7f 00 00


Registers:
RAX=0x0000000000000000, RBX=0x0000000000000000, RCX=0x00007f314437d4c0, RDX=0x000000000000000d
RSP=0x00007f314abfdd70, RBP=0x00007f314438dc80, RSI=0x0000000000000000, RDI=0x0000000000000000
R8 =0x0000000000000000, R9 =0x0000000000000002, R10=0x00007f30e9054fd0, R11=0x00007f30e9c2d210
R12=0x0000000000000000, R13=0x00007f314438dae0, R14=0x0000000000000002, R15=0x00007f314437b678
RIP=0x00007f30e9d54ae4, EFLAGS=0x0000000000010202, CSGSFS=0x002b000000000033, ERR=0x0000000000000004
  TRAPNO=0x000000000000000e

Top of Stack: (sp=0x00007f314abfdd70)
0x00007f314abfdd70:   0000000000000000 0000000000000000
0x00007f314abfdd80:   00000000000000b0 0000000000000003
0x00007f314abfdd90:   00007f314abfdf90 00007f31443548c0
0x00007f314abfdda0:   00007f314438dc80 00007f3144377d80 

Instructions: (pc=0x00007f30e9d54ae4)
0x00007f30e9d549e4:   00 e0 ff ff 75 07 48 85 c9 49 0f 44 c8 45 01 d1
0x00007f30e9d549f4:   45 8d 5a 01 41 21 f9 45 89 c8 49 c1 e0 04 49 01
0x00007f30e9d54a04:   c0 49 8b 10 48 85 d2 0f 85 85 00 00 00 4c 89 c0
0x00007f30e9d54a14:   e9 e7 f6 ff ff 8b 83 f8 08 00 00 8d 48 01 48 85
0x00007f30e9d54a24:   ff 0f 84 fc f6 ff ff 48 8b 07 48 89 fa e9 57 f2
0x00007f30e9d54a34:   ff ff 48 85 ff 75 0b 48 81 f9 00 e0 ff ff 49 0f
0x00007f30e9d54a44:   44 f8 45 01 d1 45 8d 5a 01 41 21 d1 45 89 c8 49
0x00007f30e9d54a54:   c1 e0 04 49 01 c0 49 8b 08 48 85 c9 74 af 45 89
0x00007f30e9d54a64:   da e9 3f fc ff ff 48 81 ff 00 e0 ff ff 0f 85 a4
0x00007f30e9d54a74:   f7 ff ff 83 7a 08 fe 0f 85 9a f7 ff ff 4d 85 c0
0x00007f30e9d54a84:   4c 0f 44 c2 e9 8e f7 ff ff 89 54 24 08 e9 ee fd
0x00007f30e9d54a94:   ff ff 45 89 da e9 42 fe ff ff 48 81 fe 00 e0 ff
0x00007f30e9d54aa4:   ff 0f 85 51 fa ff ff 83 7a 08 fe 0f 85 47 fa ff
0x00007f30e9d54ab4:   ff 48 85 ff 48 0f 44 fa e9 3b fa ff ff e9 c7 42
0x00007f30e9d54ac4:   bd ff 66 2e 0f 1f 84 00 00 00 00 00 41 57 41 56
0x00007f30e9d54ad4:   41 55 41 54 41 89 f4 55 53 48 89 fb 48 83 ec 28
0x00007f30e9d54ae4:   48 8b 3f 48 8b 2f 80 bd d0 08 00 00 00 75 7d 80
0x00007f30e9d54af4:   7b 08 0f 75 07 48 83 7b 18 00 74 70 45 85 e4 0f
0x00007f30e9d54b04:   85 87 00 00 00 44 8b bd e8 08 00 00 4c 8b ad d8
0x00007f30e9d54b14:   08 00 00 45 85 ff 0f 84 50 01 00 00 41 89 de 89
0x00007f30e9d54b24:   d8 45 8d 47 ff c1 e8 09 41 c1 ee 04 41 31 c6 44
0x00007f30e9d54b34:   89 f7 44 21 c7 89 f8 48 c1 e0 04 49 8d 54 05 00
0x00007f30e9d54b44:   48 8b 32 48 39 de 0f 85 70 07 00 00 48 8b 42 08
0x00007f30e9d54b54:   4c 8d 72 08 48 85 c0 0f 84 b4 02 00 00 48 83 c4
0x00007f30e9d54b64:   28 5b 5d 41 5c 41 5d 41 5e 41 5f c3 48 83 c4 28
0x00007f30e9d54b74:   44 89 e6 5b 5d 41 5c 41 5d 41 5e 41 5f e9 ba ef
0x00007f30e9d54b84:   ff ff 66 2e 0f 1f 84 00 00 00 00 00 44 8b bd 00
0x00007f30e9d54b94:   09 00 00 4c 8b ad f0 08 00 00 45 85 ff 0f 84 51
0x00007f30e9d54ba4:   03 00 00 89 d8 89 da 41 8d 77 ff 41 b8 01 00 00
0x00007f30e9d54bb4:   00 c1 ea 09 c1 e8 04 89 f7 31 d0 43 8d 14 e4 41
0x00007f30e9d54bc4:   8d 14 94 48 c1 e0 20 48 09 d0 48 c1 e2 20 48 83
0x00007f30e9d54bd4:   e8 01 48 29 d0 48 89 c2 48 c1 ea 16 48 31 d0 48 


Stack slot to memory mapping:
stack at sp + 0 slots: 0x0 is NULL
stack at sp + 1 slots: 0x0 is NULL
stack at sp + 2 slots: 0x00000000000000b0 is an unknown value
stack at sp + 3 slots: 0x0000000000000003 is an unknown value
stack at sp + 4 slots: 0x00007f314abfdf90 is pointing into the stack for thread: 0x00007f3144016800
stack at sp + 5 slots: 0x00007f31443548c0 points into unknown readable memory: 0x00007f31443548d0 | d0 48 35 44 31 7f 00 00
stack at sp + 6 slots: 0x00007f314438dc80 points into unknown readable memory: 0x00007f314437d4c0 | c0 d4 37 44 31 7f 00 00
stack at sp + 7 slots: 0x00007f3144377d80 points into unknown readable memory: 0x6c6c2f6568636163 | 63 61 63 68 65 2f 6c 6c


---------------  P R O C E S S  ---------------

Threads class SMR info:
_java_thread_list=0x00007f31442106a0, length=11, elements={
0x00007f3144016800, 0x00007f3144120000, 0x00007f3144122000, 0x00007f3144128800,
0x00007f314412a800, 0x00007f314412c800, 0x00007f314412f000, 0x00007f3144131000,
0x00007f314413f800, 0x00007f31441f5000, 0x00007f314420f800
}

Java Threads: ( => current thread )
=>0x00007f3144016800 JavaThread "main" [_thread_in_native, id=7499, stack(0x00007f314ab00000,0x00007f314ac00000)]
  0x00007f3144120000 JavaThread "Reference Handler" daemon [_thread_blocked, id=7506, stack(0x00007f312c500000,0x00007f312c600000)]
  0x00007f3144122000 JavaThread "Finalizer" daemon [_thread_blocked, id=7507, stack(0x00007f312c400000,0x00007f312c500000)]
  0x00007f3144128800 JavaThread "Signal Dispatcher" daemon [_thread_blocked, id=7508, stack(0x00007f312c300000,0x00007f312c400000)]
  0x00007f314412a800 JavaThread "Service Thread" daemon [_thread_blocked, id=7509, stack(0x00007f312c200000,0x00007f312c300000)]
  0x00007f314412c800 JavaThread "C2 CompilerThread0" daemon [_thread_blocked, id=7510, stack(0x00007f312c100000,0x00007f312c200000)]
  0x00007f314412f000 JavaThread "C1 CompilerThread0" daemon [_thread_blocked, id=7511, stack(0x00007f312c000000,0x00007f312c100000)]
  0x00007f3144131000 JavaThread "Sweeper thread" daemon [_thread_blocked, id=7512, stack(0x00007f3124100000,0x00007f3124200000)]
  0x00007f314413f800 JavaThread "Common-Cleaner" daemon [_thread_blocked, id=7513, stack(0x00007f3124000000,0x00007f3124100000)]
  0x00007f31441f5000 JavaThread "Monitor Ctrl-Break" daemon [_thread_in_native, id=7514, stack(0x00007f30eff00000,0x00007f30f0000000)]
  0x00007f314420f800 JavaThread "JavaCPP Deallocator" daemon [_thread_blocked, id=7516, stack(0x00007f30efcfe000,0x00007f30efdfe000)]

Other Threads:
  0x00007f314411d000 VMThread "VM Thread" [stack: 0x00007f3143e7f000,0x00007f3143f7f000] [id=7505]
  0x00007f31441f6800 WatcherThread [stack: 0x00007f30efe00000,0x00007f30eff00000] [id=7515]
  0x00007f314402f800 GCTaskThread "GC Thread#0" [stack: 0x00007f314a52a000,0x00007f314a62a000] [id=7500]
  0x00007f3114001000 GCTaskThread "GC Thread#1" [stack: 0x00007f30efbfe000,0x00007f30efcfe000] [id=7517]
  0x00007f314404a800 ConcurrentGCThread "G1 Main Marker" [stack: 0x00007f3148d23000,0x00007f3148e23000] [id=7501]
  0x00007f314404c800 ConcurrentGCThread "G1 Conc#0" [stack: 0x00007f3148c21000,0x00007f3148d21000] [id=7502]
  0x00007f3144087800 ConcurrentGCThread "G1 Refine#0" [stack: 0x00007f314891d000,0x00007f3148a1d000] [id=7503]
  0x00007f3144089800 ConcurrentGCThread "G1 Young RemSet Sampling" [stack: 0x00007f314881b000,0x00007f314891b000] [id=7504]

Threads with active compile tasks:

VM state:not at safepoint (normal execution)

VM Mutex/Monitor currently owned by a thread: None

Heap address: 0x00000000c2e00000, size: 978 MB, Compressed Oops mode: 32-bit
Narrow klass base: 0x0000000800000000, Narrow klass shift: 3
Compressed class space size: 1073741824 Address: 0x0000000840000000

Heap:
 garbage-first heap   total 65536K, used 5434K [0x00000000c2e00000, 0x0000000100000000)
  region size 1024K, 5 young (5120K), 1 survivors (1024K)
 Metaspace       used 4120K, capacity 6679K, committed 6912K, reserved 1056768K
  class space    used 440K, capacity 695K, committed 768K, reserved 1048576K
Heap Regions: E=young(eden), S=young(survivor), O=old, HS=humongous(starts), HC=humongous(continues), CS=collection set, F=free, A=archive, TAMS=top-at-mark-start (previous, next)
|   0|0x00000000c2e00000, 0x00000000c2e9c800, 0x00000000c2f00000| 61%| O|  |TAMS 0x00000000c2e00000, 0x00000000c2e00000| Untracked 
|   1|0x00000000c2f00000, 0x00000000c2f00000, 0x00000000c3000000|  0%| F|  |TAMS 0x00000000c2f00000, 0x00000000c2f00000| Untracked 
|   2|0x00000000c3000000, 0x00000000c3000000, 0x00000000c3100000|  0%| F|  |TAMS 0x00000000c3000000, 0x00000000c3000000| Untracked 
|   3|0x00000000c3100000, 0x00000000c3100000, 0x00000000c3200000|  0%| F|  |TAMS 0x00000000c3100000, 0x00000000c3100000| Untracked 
|   4|0x00000000c3200000, 0x00000000c3200000, 0x00000000c3300000|  0%| F|  |TAMS 0x00000000c3200000, 0x00000000c3200000| Untracked 
|   5|0x00000000c3300000, 0x00000000c3300000, 0x00000000c3400000|  0%| F|  |TAMS 0x00000000c3300000, 0x00000000c3300000| Untracked 
|   6|0x00000000c3400000, 0x00000000c3400000, 0x00000000c3500000|  0%| F|  |TAMS 0x00000000c3400000, 0x00000000c3400000| Untracked 
|   7|0x00000000c3500000, 0x00000000c3500000, 0x00000000c3600000|  0%| F|  |TAMS 0x00000000c3500000, 0x00000000c3500000| Untracked 
|   8|0x00000000c3600000, 0x00000000c3600000, 0x00000000c3700000|  0%| F|  |TAMS 0x00000000c3600000, 0x00000000c3600000| Untracked 
|   9|0x00000000c3700000, 0x00000000c3700000, 0x00000000c3800000|  0%| F|  |TAMS 0x00000000c3700000, 0x00000000c3700000| Untracked 
|  10|0x00000000c3800000, 0x00000000c3800000, 0x00000000c3900000|  0%| F|  |TAMS 0x00000000c3800000, 0x00000000c3800000| Untracked 
|  11|0x00000000c3900000, 0x00000000c3900000, 0x00000000c3a00000|  0%| F|  |TAMS 0x00000000c3900000, 0x00000000c3900000| Untracked 
|  12|0x00000000c3a00000, 0x00000000c3a00000, 0x00000000c3b00000|  0%| F|  |TAMS 0x00000000c3a00000, 0x00000000c3a00000| Untracked 
|  13|0x00000000c3b00000, 0x00000000c3b00000, 0x00000000c3c00000|  0%| F|  |TAMS 0x00000000c3b00000, 0x00000000c3b00000| Untracked 
|  14|0x00000000c3c00000, 0x00000000c3c00000, 0x00000000c3d00000|  0%| F|  |TAMS 0x00000000c3c00000, 0x00000000c3c00000| Untracked 
|  15|0x00000000c3d00000, 0x00000000c3d00000, 0x00000000c3e00000|  0%| F|  |TAMS 0x00000000c3d00000, 0x00000000c3d00000| Untracked 
|  16|0x00000000c3e00000, 0x00000000c3e00000, 0x00000000c3f00000|  0%| F|  |TAMS 0x00000000c3e00000, 0x00000000c3e00000| Untracked 
|  17|0x00000000c3f00000, 0x00000000c3f00000, 0x00000000c4000000|  0%| F|  |TAMS 0x00000000c3f00000, 0x00000000c3f00000| Untracked 
|  18|0x00000000c4000000, 0x00000000c4000000, 0x00000000c4100000|  0%| F|  |TAMS 0x00000000c4000000, 0x00000000c4000000| Untracked 
|  19|0x00000000c4100000, 0x00000000c4100000, 0x00000000c4200000|  0%| F|  |TAMS 0x00000000c4100000, 0x00000000c4100000| Untracked 
|  20|0x00000000c4200000, 0x00000000c4200000, 0x00000000c4300000|  0%| F|  |TAMS 0x00000000c4200000, 0x00000000c4200000| Untracked 
|  21|0x00000000c4300000, 0x00000000c4300000, 0x00000000c4400000|  0%| F|  |TAMS 0x00000000c4300000, 0x00000000c4300000| Untracked 
|  22|0x00000000c4400000, 0x00000000c4400000, 0x00000000c4500000|  0%| F|  |TAMS 0x00000000c4400000, 0x00000000c4400000| Untracked 
|  23|0x00000000c4500000, 0x00000000c4500000, 0x00000000c4600000|  0%| F|  |TAMS 0x00000000c4500000, 0x00000000c4500000| Untracked 
|  24|0x00000000c4600000, 0x00000000c4600000, 0x00000000c4700000|  0%| F|  |TAMS 0x00000000c4600000, 0x00000000c4600000| Untracked 
|  25|0x00000000c4700000, 0x00000000c4700000, 0x00000000c4800000|  0%| F|  |TAMS 0x00000000c4700000, 0x00000000c4700000| Untracked 
|  26|0x00000000c4800000, 0x00000000c4800000, 0x00000000c4900000|  0%| F|  |TAMS 0x00000000c4800000, 0x00000000c4800000| Untracked 
|  27|0x00000000c4900000, 0x00000000c4900000, 0x00000000c4a00000|  0%| F|  |TAMS 0x00000000c4900000, 0x00000000c4900000| Untracked 
|  28|0x00000000c4a00000, 0x00000000c4a00000, 0x00000000c4b00000|  0%| F|  |TAMS 0x00000000c4a00000, 0x00000000c4a00000| Untracked 
|  29|0x00000000c4b00000, 0x00000000c4b00000, 0x00000000c4c00000|  0%| F|  |TAMS 0x00000000c4b00000, 0x00000000c4b00000| Untracked 
|  30|0x00000000c4c00000, 0x00000000c4c00000, 0x00000000c4d00000|  0%| F|  |TAMS 0x00000000c4c00000, 0x00000000c4c00000| Untracked 
|  31|0x00000000c4d00000, 0x00000000c4d00000, 0x00000000c4e00000|  0%| F|  |TAMS 0x00000000c4d00000, 0x00000000c4d00000| Untracked 
|  32|0x00000000c4e00000, 0x00000000c4e00000, 0x00000000c4f00000|  0%| F|  |TAMS 0x00000000c4e00000, 0x00000000c4e00000| Untracked 
|  33|0x00000000c4f00000, 0x00000000c4f00000, 0x00000000c5000000|  0%| F|  |TAMS 0x00000000c4f00000, 0x00000000c4f00000| Untracked 
|  34|0x00000000c5000000, 0x00000000c5000000, 0x00000000c5100000|  0%| F|  |TAMS 0x00000000c5000000, 0x00000000c5000000| Untracked 
|  35|0x00000000c5100000, 0x00000000c5100000, 0x00000000c5200000|  0%| F|  |TAMS 0x00000000c5100000, 0x00000000c5100000| Untracked 
|  36|0x00000000c5200000, 0x00000000c5200000, 0x00000000c5300000|  0%| F|  |TAMS 0x00000000c5200000, 0x00000000c5200000| Untracked 
|  37|0x00000000c5300000, 0x00000000c5300000, 0x00000000c5400000|  0%| F|  |TAMS 0x00000000c5300000, 0x00000000c5300000| Untracked 
|  38|0x00000000c5400000, 0x00000000c5400000, 0x00000000c5500000|  0%| F|  |TAMS 0x00000000c5400000, 0x00000000c5400000| Untracked 
|  39|0x00000000c5500000, 0x00000000c5500000, 0x00000000c5600000|  0%| F|  |TAMS 0x00000000c5500000, 0x00000000c5500000| Untracked 
|  40|0x00000000c5600000, 0x00000000c5600000, 0x00000000c5700000|  0%| F|  |TAMS 0x00000000c5600000, 0x00000000c5600000| Untracked 
|  41|0x00000000c5700000, 0x00000000c5700000, 0x00000000c5800000|  0%| F|  |TAMS 0x00000000c5700000, 0x00000000c5700000| Untracked 
|  42|0x00000000c5800000, 0x00000000c5800000, 0x00000000c5900000|  0%| F|  |TAMS 0x00000000c5800000, 0x00000000c5800000| Untracked 
|  43|0x00000000c5900000, 0x00000000c5900000, 0x00000000c5a00000|  0%| F|  |TAMS 0x00000000c5900000, 0x00000000c5900000| Untracked 
|  44|0x00000000c5a00000, 0x00000000c5a00000, 0x00000000c5b00000|  0%| F|  |TAMS 0x00000000c5a00000, 0x00000000c5a00000| Untracked 
|  45|0x00000000c5b00000, 0x00000000c5b00000, 0x00000000c5c00000|  0%| F|  |TAMS 0x00000000c5b00000, 0x00000000c5b00000| Untracked 
|  46|0x00000000c5c00000, 0x00000000c5c00000, 0x00000000c5d00000|  0%| F|  |TAMS 0x00000000c5c00000, 0x00000000c5c00000| Untracked 
|  47|0x00000000c5d00000, 0x00000000c5d00000, 0x00000000c5e00000|  0%| F|  |TAMS 0x00000000c5d00000, 0x00000000c5d00000| Untracked 
|  48|0x00000000c5e00000, 0x00000000c5e00000, 0x00000000c5f00000|  0%| F|  |TAMS 0x00000000c5e00000, 0x00000000c5e00000| Untracked 
|  49|0x00000000c5f00000, 0x00000000c5f00000, 0x00000000c6000000|  0%| F|  |TAMS 0x00000000c5f00000, 0x00000000c5f00000| Untracked 
|  50|0x00000000c6000000, 0x00000000c6000000, 0x00000000c6100000|  0%| F|  |TAMS 0x00000000c6000000, 0x00000000c6000000| Untracked 
|  51|0x00000000c6100000, 0x00000000c6100000, 0x00000000c6200000|  0%| F|  |TAMS 0x00000000c6100000, 0x00000000c6100000| Untracked 
|  52|0x00000000c6200000, 0x00000000c6200000, 0x00000000c6300000|  0%| F|  |TAMS 0x00000000c6200000, 0x00000000c6200000| Untracked 
|  53|0x00000000c6300000, 0x00000000c6300000, 0x00000000c6400000|  0%| F|  |TAMS 0x00000000c6300000, 0x00000000c6300000| Untracked 
|  54|0x00000000c6400000, 0x00000000c6500000, 0x00000000c6500000|100%| S|CS|TAMS 0x00000000c6400000, 0x00000000c6400000| Complete 
|  55|0x00000000c6500000, 0x00000000c6500000, 0x00000000c6600000|  0%| F|  |TAMS 0x00000000c6500000, 0x00000000c6500000| Untracked 
|  56|0x00000000c6600000, 0x00000000c6600000, 0x00000000c6700000|  0%| F|  |TAMS 0x00000000c6600000, 0x00000000c6600000| Untracked 
|  57|0x00000000c6700000, 0x00000000c6700000, 0x00000000c6800000|  0%| F|  |TAMS 0x00000000c6700000, 0x00000000c6700000| Untracked 
|  58|0x00000000c6800000, 0x00000000c6900000, 0x00000000c6900000|100%| E|  |TAMS 0x00000000c6800000, 0x00000000c6800000| Complete 
|  59|0x00000000c6900000, 0x00000000c6a00000, 0x00000000c6a00000|100%| E|CS|TAMS 0x00000000c6900000, 0x00000000c6900000| Complete 
|  60|0x00000000c6a00000, 0x00000000c6b00000, 0x00000000c6b00000|100%| E|CS|TAMS 0x00000000c6a00000, 0x00000000c6a00000| Complete 
|  61|0x00000000c6b00000, 0x00000000c6c00000, 0x00000000c6c00000|100%| E|CS|TAMS 0x00000000c6b00000, 0x00000000c6b00000| Complete 
| 976|0x00000000ffe00000, 0x00000000ffe47000, 0x00000000fff00000| 27%|OA|  |TAMS 0x00000000ffe00000, 0x00000000ffe00000| Untracked 
| 977|0x00000000fff00000, 0x00000000fff6b000, 0x0000000100000000| 41%|CA|  |TAMS 0x00000000fff00000, 0x00000000fff00000| Untracked 

Card table byte_map: [0x00007f3149f54000,0x00007f314a13d000] _byte_map_base: 0x00007f314993d000

Marking Bits (Prev, Next): (CMBitMap*) 0x00007f3144045b88, (CMBitMap*) 0x00007f3144045bc0
 Prev Bits: [0x00007f3148e23000, 0x00007f3149d6b000)
 Next Bits: [0x00007f31270b8000, 0x00007f3128000000)

Polling page: 0x00007f314c2f4000

Metaspace:

Usage:
  Non-class:      5.84 MB capacity,     3.59 MB ( 62%) used,     2.24 MB ( 38%) free+waste,     7.06 KB ( <1%) overhead. 
      Class:    695.00 KB capacity,   440.27 KB ( 63%) used,   250.98 KB ( 36%) free+waste,     3.75 KB ( <1%) overhead. 
       Both:      6.52 MB capacity,     4.02 MB ( 62%) used,     2.49 MB ( 38%) free+waste,    10.81 KB ( <1%) overhead. 

Virtual space:
  Non-class space:        8.00 MB reserved,       6.00 MB ( 75%) committed 
      Class space:        1.00 GB reserved,     768.00 KB ( <1%) committed 
             Both:        1.01 GB reserved,       6.75 MB ( <1%) committed 

Chunk freelists:
   Non-Class:  0 bytes
       Class:  9.00 KB
        Both:  9.00 KB

MaxMetaspaceSize: unlimited
CompressedClassSpaceSize: 1.00 GB
Initial GC threshold: 20.80 MB
Current GC threshold: 20.80 MB
CDS: on

CodeHeap 'non-profiled nmethods': size=120036Kb used=245Kb max_used=245Kb free=119790Kb
 bounds [0x00007f31340c7000, 0x00007f3134337000, 0x00007f313b600000]
CodeHeap 'profiled nmethods': size=120032Kb used=1504Kb max_used=1504Kb free=118527Kb
 bounds [0x00007f312cb8f000, 0x00007f312cdff000, 0x00007f31340c7000]
CodeHeap 'non-nmethods': size=5692Kb used=1156Kb max_used=1168Kb free=4535Kb
 bounds [0x00007f312c600000, 0x00007f312c870000, 0x00007f312cb8f000]
 total_blobs=1255 nmethods=846 adapters=323
 compilation: enabled
              stopped_count=0, restarted_count=0
 full_count=0

Compilation events (20 events):
Event: 1.444 Thread 0x00007f314412f000 nmethod 819 0x00007f312ccf7d90 code [0x00007f312ccf7f40, 0x00007f312ccf8110]
Event: 1.444 Thread 0x00007f314412f000  820       3       java.lang.invoke.MemberName::flagsMods (72 bytes)
Event: 1.444 Thread 0x00007f314412f000 nmethod 820 0x00007f312ccf8210 code [0x00007f312ccf83c0, 0x00007f312ccf84d0]
Event: 1.444 Thread 0x00007f314412f000  821       3       java.lang.invoke.MemberName::init (66 bytes)
Event: 1.444 Thread 0x00007f314412f000 nmethod 821 0x00007f312ccf8590 code [0x00007f312ccf8740, 0x00007f312ccf8990]
Event: 1.445 Thread 0x00007f314412f000  823       3       java.lang.invoke.LambdaForm::parameterType (9 bytes)
Event: 1.445 Thread 0x00007f314412f000 nmethod 823 0x00007f312ccf8a10 code [0x00007f312ccf8bc0, 0x00007f312ccf8d20]
Event: 1.445 Thread 0x00007f314412f000  824       3       java.lang.invoke.MethodHandles$Lookup::lookupClassOrNull (17 bytes)
Event: 1.445 Thread 0x00007f314412f000 nmethod 824 0x00007f312ccf8e10 code [0x00007f312ccf8fc0, 0x00007f312ccf9150]
Event: 1.445 Thread 0x00007f314412f000  825       3       java.lang.invoke.MethodType::parameterSlotCount (8 bytes)
Event: 1.445 Thread 0x00007f314412f000 nmethod 825 0x00007f312ccf9210 code [0x00007f312ccf93c0, 0x00007f312ccf95d0]
Event: 1.446 Thread 0x00007f314412f000  826   !   3       java.lang.invoke.MemberName$Factory::resolve (157 bytes)
Event: 1.446 Thread 0x00007f314412f000 nmethod 826 0x00007f312ccf9710 code [0x00007f312ccf9940, 0x00007f312ccfa000]
Event: 1.446 Thread 0x00007f314412f000  828       3       java.util.ImmutableCollections$ListN::size (6 bytes)
Event: 1.446 Thread 0x00007f314412f000 nmethod 828 0x00007f312ccfa310 code [0x00007f312ccfa4c0, 0x00007f312ccfa5f0]
Event: 1.447 Thread 0x00007f314412f000  830       1       java.lang.invoke.LambdaForm$Name::type (5 bytes)
Event: 1.447 Thread 0x00007f314412f000 nmethod 830 0x00007f3134101790 code [0x00007f3134101940, 0x00007f3134101a10]
Event: 1.452 Thread 0x00007f314412c800 nmethod 715 0x00007f3134101a90 code [0x00007f3134101c40, 0x00007f3134102198]
Event: 1.452 Thread 0x00007f314412f000  831       3       java.lang.invoke.LambdaForm$Name::useCount (42 bytes)
Event: 1.452 Thread 0x00007f314412f000 nmethod 831 0x00007f312ccfa690 code [0x00007f312ccfa860, 0x00007f312ccfab70]

GC Heap History (2 events):
Event: 1.069 GC heap before
{Heap before GC invocations=0 (full 0):
 garbage-first heap   total 65536K, used 6856K [0x00000000c2e00000, 0x0000000100000000)
  region size 1024K, 7 young (7168K), 0 survivors (0K)
 Metaspace       used 3211K, capacity 5973K, committed 6272K, reserved 1056768K
  class space    used 339K, capacity 586K, committed 640K, reserved 1048576K
}
Event: 1.095 GC heap after
{Heap after GC invocations=1 (full 0):
 garbage-first heap   total 65536K, used 2362K [0x00000000c2e00000, 0x0000000100000000)
  region size 1024K, 1 young (1024K), 1 survivors (1024K)
 Metaspace       used 3211K, capacity 5973K, committed 6272K, reserved 1056768K
  class space    used 339K, capacity 586K, committed 640K, reserved 1048576K
}

Deoptimization events (20 events):
Event: 1.329 Thread 0x00007f3144016800 DEOPT PACKING pc=0x00007f312cbca04f sp=0x00007f314abfd5a0
Event: 1.329 Thread 0x00007f3144016800 DEOPT UNPACKING pc=0x00007f312c6499fa sp=0x00007f314abfca48 mode 0
Event: 1.330 Thread 0x00007f3144016800 DEOPT PACKING pc=0x00007f312cbca04f sp=0x00007f314abfd480
Event: 1.330 Thread 0x00007f3144016800 DEOPT UNPACKING pc=0x00007f312c6499fa sp=0x00007f314abfc928 mode 0
Event: 1.410 Thread 0x00007f3144016800 Uncommon trap: trap_request=0xffffffc6 fr.pc=0x00007f31340db224 relative=0x0000000000000084
Event: 1.410 Thread 0x00007f3144016800 Uncommon trap: reason=bimorphic_or_optimized_type_check action=maybe_recompile pc=0x00007f31340db224 method=java.util.AbstractCollection.isEmpty()Z @ 1 c2
Event: 1.410 Thread 0x00007f3144016800 DEOPT PACKING pc=0x00007f31340db224 sp=0x00007f314abfd360
Event: 1.410 Thread 0x00007f3144016800 DEOPT UNPACKING pc=0x00007f312c6082a5 sp=0x00007f314abfd310 mode 2
Event: 1.410 Thread 0x00007f3144016800 Uncommon trap: trap_request=0xffffffc6 fr.pc=0x00007f31340db224 relative=0x0000000000000084
Event: 1.410 Thread 0x00007f3144016800 Uncommon trap: reason=bimorphic_or_optimized_type_check action=maybe_recompile pc=0x00007f31340db224 method=java.util.AbstractCollection.isEmpty()Z @ 1 c2
Event: 1.410 Thread 0x00007f3144016800 DEOPT PACKING pc=0x00007f31340db224 sp=0x00007f314abfd530
Event: 1.410 Thread 0x00007f3144016800 DEOPT UNPACKING pc=0x00007f312c6082a5 sp=0x00007f314abfd4e0 mode 2
Event: 1.412 Thread 0x00007f3144016800 Uncommon trap: trap_request=0xffffffc6 fr.pc=0x00007f31340db224 relative=0x0000000000000084
Event: 1.412 Thread 0x00007f3144016800 Uncommon trap: reason=bimorphic_or_optimized_type_check action=maybe_recompile pc=0x00007f31340db224 method=java.util.AbstractCollection.isEmpty()Z @ 1 c2
Event: 1.412 Thread 0x00007f3144016800 DEOPT PACKING pc=0x00007f31340db224 sp=0x00007f314abfd550
Event: 1.412 Thread 0x00007f3144016800 DEOPT UNPACKING pc=0x00007f312c6082a5 sp=0x00007f314abfd500 mode 2
Event: 1.412 Thread 0x00007f3144016800 Uncommon trap: trap_request=0xffffffc6 fr.pc=0x00007f31340db224 relative=0x0000000000000084
Event: 1.412 Thread 0x00007f3144016800 Uncommon trap: reason=bimorphic_or_optimized_type_check action=maybe_recompile pc=0x00007f31340db224 method=java.util.AbstractCollection.isEmpty()Z @ 1 c2
Event: 1.412 Thread 0x00007f3144016800 DEOPT PACKING pc=0x00007f31340db224 sp=0x00007f314abfd360
Event: 1.412 Thread 0x00007f3144016800 DEOPT UNPACKING pc=0x00007f312c6082a5 sp=0x00007f314abfd310 mode 2

Classes redefined (0 events):
No events

Internal exceptions (20 events):
Event: 0.472 Thread 0x00007f3144016800 Exception <a 'java/security/PrivilegedActionException'{0x00000000c6ac1be8}> (0x00000000c6ac1be8) thrown at [./src/hotspot/share/prims/jvm.cpp, line 1304]
Event: 0.472 Thread 0x00007f3144016800 Exception <a 'java/security/PrivilegedActionException'{0x00000000c6ac1eb8}> (0x00000000c6ac1eb8) thrown at [./src/hotspot/share/prims/jvm.cpp, line 1304]
Event: 0.472 Thread 0x00007f3144016800 Exception <a 'java/security/PrivilegedActionException'{0x00000000c6ac2828}> (0x00000000c6ac2828) thrown at [./src/hotspot/share/prims/jvm.cpp, line 1304]
Event: 0.472 Thread 0x00007f3144016800 Exception <a 'java/security/PrivilegedActionException'{0x00000000c6ac2af8}> (0x00000000c6ac2af8) thrown at [./src/hotspot/share/prims/jvm.cpp, line 1304]
Event: 0.472 Thread 0x00007f3144016800 Exception <a 'java/security/PrivilegedActionException'{0x00000000c6ac3468}> (0x00000000c6ac3468) thrown at [./src/hotspot/share/prims/jvm.cpp, line 1304]
Event: 0.472 Thread 0x00007f3144016800 Exception <a 'java/security/PrivilegedActionException'{0x00000000c6ac3738}> (0x00000000c6ac3738) thrown at [./src/hotspot/share/prims/jvm.cpp, line 1304]
Event: 0.472 Thread 0x00007f3144016800 Exception <a 'java/security/PrivilegedActionException'{0x00000000c6ac40c0}> (0x00000000c6ac40c0) thrown at [./src/hotspot/share/prims/jvm.cpp, line 1304]
Event: 0.472 Thread 0x00007f3144016800 Exception <a 'java/security/PrivilegedActionException'{0x00000000c6ac4390}> (0x00000000c6ac4390) thrown at [./src/hotspot/share/prims/jvm.cpp, line 1304]
Event: 0.472 Thread 0x00007f3144016800 Exception <a 'java/security/PrivilegedActionException'{0x00000000c6ac4d18}> (0x00000000c6ac4d18) thrown at [./src/hotspot/share/prims/jvm.cpp, line 1304]
Event: 0.472 Thread 0x00007f3144016800 Exception <a 'java/security/PrivilegedActionException'{0x00000000c6ac4fe8}> (0x00000000c6ac4fe8) thrown at [./src/hotspot/share/prims/jvm.cpp, line 1304]
Event: 0.472 Thread 0x00007f3144016800 Exception <a 'java/security/PrivilegedActionException'{0x00000000c6ac5970}> (0x00000000c6ac5970) thrown at [./src/hotspot/share/prims/jvm.cpp, line 1304]
Event: 0.472 Thread 0x00007f3144016800 Exception <a 'java/security/PrivilegedActionException'{0x00000000c6ac5c40}> (0x00000000c6ac5c40) thrown at [./src/hotspot/share/prims/jvm.cpp, line 1304]
Event: 0.472 Thread 0x00007f3144016800 Exception <a 'java/security/PrivilegedActionException'{0x00000000c6ac65b0}> (0x00000000c6ac65b0) thrown at [./src/hotspot/share/prims/jvm.cpp, line 1304]
Event: 0.472 Thread 0x00007f3144016800 Exception <a 'java/security/PrivilegedActionException'{0x00000000c6ac6880}> (0x00000000c6ac6880) thrown at [./src/hotspot/share/prims/jvm.cpp, line 1304]
Event: 0.472 Thread 0x00007f3144016800 Exception <a 'java/security/PrivilegedActionException'{0x00000000c6ac7208}> (0x00000000c6ac7208) thrown at [./src/hotspot/share/prims/jvm.cpp, line 1304]
Event: 0.472 Thread 0x00007f3144016800 Exception <a 'java/security/PrivilegedActionException'{0x00000000c6ac74d8}> (0x00000000c6ac74d8) thrown at [./src/hotspot/share/prims/jvm.cpp, line 1304]
Event: 0.544 Thread 0x00007f3144016800 Exception <a 'java/lang/NoSuchMethodError'{0x00000000c69865c8}: 'int java.lang.invoke.DirectMethodHandle$Holder.invokeStaticInit(java.lang.Object, java.lang.Object, java.lang.Object, java.lang.Object)'> (0x00000000c69865c8) thrown at [./src/hotspot/share/interpreter/linkResolver.cpp, line 772]
Event: 0.547 Thread 0x00007f3144016800 Exception <a 'java/lang/IncompatibleClassChangeError'{0x00000000c6990348}: Found class java.lang.Object, but interface was expected> (0x00000000c6990348) thrown at [./src/hotspot/share/interpreter/linkResolver.cpp, line 839]
Event: 0.559 Thread 0x00007f3144016800 Exception <a 'java/lang/NoSuchMethodError'{0x00000000c69934f8}: 'void java.lang.invoke.DirectMethodHandle$Holder.invokeStaticInit(java.lang.Object, java.lang.Object)'> (0x00000000c69934f8) thrown at [./src/hotspot/share/interpreter/linkResolver.cpp, line 772]
Event: 0.561 Thread 0x00007f3144016800 Exception <a 'java/lang/NoSuchMethodError'{0x00000000c69989e8}: 'int java.lang.invoke.DirectMethodHandle$Holder.invokeStaticInit(java.lang.Object, java.lang.Object)'> (0x00000000c69989e8) thrown at [./src/hotspot/share/interpreter/linkResolver.cpp, line 772]

Events (20 events):
Event: 1.397 loading class org/bytedeco/javacpp/PointerScope$1
Event: 1.397 loading class org/bytedeco/javacpp/PointerScope$1 done
Event: 1.402 Executing VM operation: Deoptimize
Event: 1.403 Executing VM operation: Deoptimize done
Event: 1.409 loading class java/lang/invoke/BoundMethodHandle$Species_LL
Event: 1.409 loading class java/lang/invoke/BoundMethodHandle$Species_LL done
Event: 1.412 loading class java/lang/invoke/BoundMethodHandle$Species_LLL
Event: 1.412 loading class java/lang/invoke/BoundMethodHandle$Species_LLL done
Event: 1.418 loading class java/lang/invoke/BoundMethodHandle$Species_LLLL
Event: 1.418 loading class java/lang/invoke/BoundMethodHandle$Species_LLLL done
Event: 1.437 loading class java/lang/invoke/BoundMethodHandle$Species_LLLLL
Event: 1.438 loading class java/lang/invoke/BoundMethodHandle$Species_LLLLL done
Event: 1.442 loading class java/lang/invoke/BoundMethodHandle$Species_LLLLLL
Event: 1.442 loading class java/lang/invoke/BoundMethodHandle$Species_LLLLLL done
Event: 1.444 loading class java/lang/invoke/BoundMethodHandle$Species_LLLLLLI
Event: 1.444 loading class java/lang/invoke/BoundMethodHandle$Species_LLLLLLI done
Event: 1.453 loading class java/lang/invoke/BoundMethodHandle$Species_LLLLLLII
Event: 1.453 loading class java/lang/invoke/BoundMethodHandle$Species_LLLLLLII done
Event: 1.454 loading class java/lang/invoke/BoundMethodHandle$Species_LLLLLLIIL
Event: 1.454 loading class java/lang/invoke/BoundMethodHandle$Species_LLLLLLIIL done


Dynamic libraries:
c2e00000-c6c00000 rw-p 00000000 00:00 0 
c6c00000-ffe00000 ---p 00000000 00:00 0 
ffe00000-ffe47000 rw-p 00b0a000 08:03 1060156                            /usr/lib/jvm/java-11-openjdk-amd64/lib/server/classes.jsa
ffe47000-fff00000 rw-p 00000000 00:00 0 
fff00000-fff6b000 rw-p 00a9f000 08:03 1060156                            /usr/lib/jvm/java-11-openjdk-amd64/lib/server/classes.jsa
fff6b000-100000000 rw-p 00000000 00:00 0 
800000000-800002000 rwxp 00001000 08:03 1060156                          /usr/lib/jvm/java-11-openjdk-amd64/lib/server/classes.jsa
800002000-8003cc000 rw-p 00003000 08:03 1060156                          /usr/lib/jvm/java-11-openjdk-amd64/lib/server/classes.jsa
8003cc000-800a9d000 r--p 003cd000 08:03 1060156                          /usr/lib/jvm/java-11-openjdk-amd64/lib/server/classes.jsa
800a9d000-800a9e000 rw-p 00a9e000 08:03 1060156                          /usr/lib/jvm/java-11-openjdk-amd64/lib/server/classes.jsa
840000000-8400c0000 rw-p 00000000 00:00 0 
8400c0000-880000000 ---p 00000000 00:00 0 
55a30ccb0000-55a30ccb1000 r--p 00000000 08:03 1058673                    /usr/lib/jvm/java-11-openjdk-amd64/bin/java
55a30ccb1000-55a30ccb2000 r-xp 00001000 08:03 1058673                    /usr/lib/jvm/java-11-openjdk-amd64/bin/java
55a30ccb2000-55a30ccb3000 r--p 00002000 08:03 1058673                    /usr/lib/jvm/java-11-openjdk-amd64/bin/java
55a30ccb3000-55a30ccb4000 r--p 00002000 08:03 1058673                    /usr/lib/jvm/java-11-openjdk-amd64/bin/java
55a30ccb4000-55a30ccb5000 rw-p 00003000 08:03 1058673                    /usr/lib/jvm/java-11-openjdk-amd64/bin/java
55a30d835000-55a30d877000 rw-p 00000000 00:00 0                          [heap]
7f30e9000000-7f30e9926000 r--p 00000000 08:03 1579535                    /home/doudou/.javacpp/cache/llvm-13.0.1-1.5.7-linux-x86_64.jar/org/bytedeco/llvm/linux-x86_64/libLLVM-13.so
7f30e9926000-7f30ed2e9000 r-xp 00926000 08:03 1579535                    /home/doudou/.javacpp/cache/llvm-13.0.1-1.5.7-linux-x86_64.jar/org/bytedeco/llvm/linux-x86_64/libLLVM-13.so
7f30ed2e9000-7f30ef53e000 r--p 042e9000 08:03 1579535                    /home/doudou/.javacpp/cache/llvm-13.0.1-1.5.7-linux-x86_64.jar/org/bytedeco/llvm/linux-x86_64/libLLVM-13.so
7f30ef53e000-7f30efa53000 r--p 0653d000 08:03 1579535                    /home/doudou/.javacpp/cache/llvm-13.0.1-1.5.7-linux-x86_64.jar/org/bytedeco/llvm/linux-x86_64/libLLVM-13.so
7f30efa53000-7f30efa5e000 rw-p 06a52000 08:03 1579535                    /home/doudou/.javacpp/cache/llvm-13.0.1-1.5.7-linux-x86_64.jar/org/bytedeco/llvm/linux-x86_64/libLLVM-13.so
7f30efa5e000-7f30efad4000 rw-p 00000000 00:00 0 
7f30efaf6000-7f30efb5b000 r--p 00000000 08:03 1579540                    /home/doudou/.javacpp/cache/llvm-13.0.1-1.5.7-linux-x86_64.jar/org/bytedeco/llvm/linux-x86_64/libjniLLVM.so
7f30efb5b000-7f30efbc9000 r-xp 00065000 08:03 1579540                    /home/doudou/.javacpp/cache/llvm-13.0.1-1.5.7-linux-x86_64.jar/org/bytedeco/llvm/linux-x86_64/libjniLLVM.so
7f30efbc9000-7f30efbf4000 r--p 000d3000 08:03 1579540                    /home/doudou/.javacpp/cache/llvm-13.0.1-1.5.7-linux-x86_64.jar/org/bytedeco/llvm/linux-x86_64/libjniLLVM.so
7f30efbf4000-7f30efbf7000 r--p 000fd000 08:03 1579540                    /home/doudou/.javacpp/cache/llvm-13.0.1-1.5.7-linux-x86_64.jar/org/bytedeco/llvm/linux-x86_64/libjniLLVM.so
7f30efbf7000-7f30efbfa000 rw-p 00100000 08:03 1579540                    /home/doudou/.javacpp/cache/llvm-13.0.1-1.5.7-linux-x86_64.jar/org/bytedeco/llvm/linux-x86_64/libjniLLVM.so
7f30efbfa000-7f30efbfc000 rw-p 00000000 00:00 0 
7f30efbfc000-7f30efbfd000 ---p 00000000 00:00 0 
7f30efbfd000-7f30efcfe000 rw-p 00000000 00:00 0 
7f30efcfe000-7f30efd02000 ---p 00000000 00:00 0 
7f30efd02000-7f30efdfe000 rw-p 00000000 00:00 0 
7f30efdfe000-7f30efdff000 ---p 00000000 00:00 0 
7f30efdff000-7f30eff00000 rw-p 00000000 00:00 0 
7f30eff00000-7f30eff04000 ---p 00000000 00:00 0 
7f30eff04000-7f30f0000000 rw-p 00000000 00:00 0 
7f30f0000000-7f30f0021000 rw-p 00000000 00:00 0 
7f30f0021000-7f30f4000000 ---p 00000000 00:00 0 
7f30f4000000-7f30f4021000 rw-p 00000000 00:00 0 
7f30f4021000-7f30f8000000 ---p 00000000 00:00 0 
7f30f8000000-7f30f8382000 rw-p 00000000 00:00 0 
7f30f8382000-7f30fc000000 ---p 00000000 00:00 0 
7f30fc000000-7f30fc426000 rw-p 00000000 00:00 0 
7f30fc426000-7f3100000000 ---p 00000000 00:00 0 
7f3100000000-7f3100021000 rw-p 00000000 00:00 0 
7f3100021000-7f3104000000 ---p 00000000 00:00 0 
7f3104000000-7f3104021000 rw-p 00000000 00:00 0 
7f3104021000-7f3108000000 ---p 00000000 00:00 0 
7f3108000000-7f3108021000 rw-p 00000000 00:00 0 
7f3108021000-7f310c000000 ---p 00000000 00:00 0 
7f310c000000-7f310c021000 rw-p 00000000 00:00 0 
7f310c021000-7f3110000000 ---p 00000000 00:00 0 
7f3110000000-7f3110021000 rw-p 00000000 00:00 0 
7f3110021000-7f3114000000 ---p 00000000 00:00 0 
7f3114000000-7f3114021000 rw-p 00000000 00:00 0 
7f3114021000-7f3118000000 ---p 00000000 00:00 0 
7f3118000000-7f3118021000 rw-p 00000000 00:00 0 
7f3118021000-7f311c000000 ---p 00000000 00:00 0 
7f311c000000-7f311c021000 rw-p 00000000 00:00 0 
7f311c021000-7f3120000000 ---p 00000000 00:00 0 
7f3120000000-7f3120021000 rw-p 00000000 00:00 0 
7f3120021000-7f3124000000 ---p 00000000 00:00 0 
7f3124000000-7f3124004000 ---p 00000000 00:00 0 
7f3124004000-7f3124100000 rw-p 00000000 00:00 0 
7f3124100000-7f3124104000 ---p 00000000 00:00 0 
7f3124104000-7f3124200000 rw-p 00000000 00:00 0 
7f3124200000-7f3124fe7000 r--p 00000000 08:03 534858                     /usr/lib/locale/locale-archive
7f31250b8000-7f31271b0000 rw-p 00000000 00:00 0 
7f31271b0000-7f3127ff8000 ---p 00000000 00:00 0 
7f3127ff8000-7f3128000000 rw-p 00000000 00:00 0 
7f3128000000-7f3128021000 rw-p 00000000 00:00 0 
7f3128021000-7f312c000000 ---p 00000000 00:00 0 
7f312c000000-7f312c004000 ---p 00000000 00:00 0 
7f312c004000-7f312c100000 rw-p 00000000 00:00 0 
7f312c100000-7f312c104000 ---p 00000000 00:00 0 
7f312c104000-7f312c200000 rw-p 00000000 00:00 0 
7f312c200000-7f312c204000 ---p 00000000 00:00 0 
7f312c204000-7f312c300000 rw-p 00000000 00:00 0 
7f312c300000-7f312c304000 ---p 00000000 00:00 0 
7f312c304000-7f312c400000 rw-p 00000000 00:00 0 
7f312c400000-7f312c404000 ---p 00000000 00:00 0 
7f312c404000-7f312c500000 rw-p 00000000 00:00 0 
7f312c500000-7f312c504000 ---p 00000000 00:00 0 
7f312c504000-7f312c600000 rw-p 00000000 00:00 0 
7f312c600000-7f312c870000 rwxp 00000000 00:00 0 
7f312c870000-7f312cb8f000 ---p 00000000 00:00 0 
7f312cb8f000-7f312cdff000 rwxp 00000000 00:00 0 
7f312cdff000-7f31340c7000 ---p 00000000 00:00 0 
7f31340c7000-7f3134337000 rwxp 00000000 00:00 0 
7f3134337000-7f313b600000 ---p 00000000 00:00 0 
7f313b600000-7f3143e0b000 r--s 00000000 08:03 1058832                    /usr/lib/jvm/java-11-openjdk-amd64/lib/modules
7f3143e7d000-7f3143e7e000 ---p 00000000 00:00 0 
7f3143e7e000-7f3144000000 rw-p 00000000 00:00 0 
7f3144000000-7f314438f000 rw-p 00000000 00:00 0 
7f314438f000-7f3148000000 ---p 00000000 00:00 0 
7f3148019000-7f3148619000 rw-p 00000000 00:00 0 
7f3148619000-7f3148819000 ---p 00000000 00:00 0 
7f3148819000-7f314881a000 ---p 00000000 00:00 0 
7f314881a000-7f314891b000 rw-p 00000000 00:00 0 
7f314891b000-7f314891c000 ---p 00000000 00:00 0 
7f314891c000-7f3148c1f000 rw-p 00000000 00:00 0 
7f3148c1f000-7f3148c20000 ---p 00000000 00:00 0 
7f3148c20000-7f3148d21000 rw-p 00000000 00:00 0 
7f3148d21000-7f3148d22000 ---p 00000000 00:00 0 
7f3148d22000-7f3148f1b000 rw-p 00000000 00:00 0 
7f3148f1b000-7f3149d63000 ---p 00000000 00:00 0 
7f3149d63000-7f3149d8a000 rw-p 00000000 00:00 0 
7f3149d8a000-7f3149f53000 ---p 00000000 00:00 0 
7f3149f53000-7f3149f73000 rw-p 00000000 00:00 0 
7f3149f73000-7f314a13c000 ---p 00000000 00:00 0 
7f314a13c000-7f314a15c000 rw-p 00000000 00:00 0 
7f314a15c000-7f314a325000 ---p 00000000 00:00 0 
7f314a325000-7f314a528000 rw-p 00000000 00:00 0 
7f314a528000-7f314a529000 ---p 00000000 00:00 0 
7f314a529000-7f314a62f000 rw-p 00000000 00:00 0 
7f314a62f000-7f314a715000 ---p 00000000 00:00 0 
7f314a715000-7f314a71a000 rw-p 00000000 00:00 0 
7f314a71a000-7f314a800000 ---p 00000000 00:00 0 
7f314a800000-7f314a89a000 r--p 00000000 08:03 552221                     /usr/lib/x86_64-linux-gnu/libstdc++.so.6.0.30
7f314a89a000-7f314a9aa000 r-xp 0009a000 08:03 552221                     /usr/lib/x86_64-linux-gnu/libstdc++.so.6.0.30
7f314a9aa000-7f314aa19000 r--p 001aa000 08:03 552221                     /usr/lib/x86_64-linux-gnu/libstdc++.so.6.0.30
7f314aa19000-7f314aa24000 r--p 00218000 08:03 552221                     /usr/lib/x86_64-linux-gnu/libstdc++.so.6.0.30
7f314aa24000-7f314aa27000 rw-p 00223000 08:03 552221                     /usr/lib/x86_64-linux-gnu/libstdc++.so.6.0.30
7f314aa27000-7f314aa2a000 rw-p 00000000 00:00 0 
7f314aa77000-7f314aa7e000 r--p 00000000 08:03 1579536                    /home/doudou/.javacpp/cache/llvm-13.0.1-1.5.7-linux-x86_64.jar/org/bytedeco/llvm/linux-x86_64/libLTO.so.13
7f314aa7e000-7f314aa86000 r-xp 00007000 08:03 1579536                    /home/doudou/.javacpp/cache/llvm-13.0.1-1.5.7-linux-x86_64.jar/org/bytedeco/llvm/linux-x86_64/libLTO.so.13
7f314aa86000-7f314aa88000 r--p 0000f000 08:03 1579536                    /home/doudou/.javacpp/cache/llvm-13.0.1-1.5.7-linux-x86_64.jar/org/bytedeco/llvm/linux-x86_64/libLTO.so.13
7f314aa88000-7f314aa89000 r--p 00010000 08:03 1579536                    /home/doudou/.javacpp/cache/llvm-13.0.1-1.5.7-linux-x86_64.jar/org/bytedeco/llvm/linux-x86_64/libLTO.so.13
7f314aa89000-7f314aa8a000 rw-p 00011000 08:03 1579536                    /home/doudou/.javacpp/cache/llvm-13.0.1-1.5.7-linux-x86_64.jar/org/bytedeco/llvm/linux-x86_64/libLTO.so.13
7f314aa8a000-7f314aa8b000 r--p 00000000 08:03 551276                     /usr/lib/x86_64-linux-gnu/libdl.so.2
7f314aa8b000-7f314aa8c000 r-xp 00001000 08:03 551276                     /usr/lib/x86_64-linux-gnu/libdl.so.2
7f314aa8c000-7f314aa8d000 r--p 00002000 08:03 551276                     /usr/lib/x86_64-linux-gnu/libdl.so.2
7f314aa8d000-7f314aa8e000 r--p 00002000 08:03 551276                     /usr/lib/x86_64-linux-gnu/libdl.so.2
7f314aa8e000-7f314aa8f000 rw-p 00003000 08:03 551276                     /usr/lib/x86_64-linux-gnu/libdl.so.2
7f314aa8f000-7f314aa90000 r--p 00000000 08:03 552054                     /usr/lib/x86_64-linux-gnu/libpthread.so.0
7f314aa90000-7f314aa91000 r-xp 00001000 08:03 552054                     /usr/lib/x86_64-linux-gnu/libpthread.so.0
7f314aa91000-7f314aa92000 r--p 00002000 08:03 552054                     /usr/lib/x86_64-linux-gnu/libpthread.so.0
7f314aa92000-7f314aa93000 r--p 00002000 08:03 552054                     /usr/lib/x86_64-linux-gnu/libpthread.so.0
7f314aa93000-7f314aa94000 rw-p 00003000 08:03 552054                     /usr/lib/x86_64-linux-gnu/libpthread.so.0
7f314aa94000-7f314aa98000 r--p 00000000 08:03 1579530                    /home/doudou/.javacpp/cache/javacpp-1.5.7-linux-x86_64.jar/org/bytedeco/javacpp/linux-x86_64/libjnijavacpp.so
7f314aa98000-7f314aa9f000 r-xp 00004000 08:03 1579530                    /home/doudou/.javacpp/cache/javacpp-1.5.7-linux-x86_64.jar/org/bytedeco/javacpp/linux-x86_64/libjnijavacpp.so
7f314aa9f000-7f314aaa3000 r--p 0000b000 08:03 1579530                    /home/doudou/.javacpp/cache/javacpp-1.5.7-linux-x86_64.jar/org/bytedeco/javacpp/linux-x86_64/libjnijavacpp.so
7f314aaa3000-7f314aaa4000 r--p 0000e000 08:03 1579530                    /home/doudou/.javacpp/cache/javacpp-1.5.7-linux-x86_64.jar/org/bytedeco/javacpp/linux-x86_64/libjnijavacpp.so
7f314aaa4000-7f314aaa5000 rw-p 0000f000 08:03 1579530                    /home/doudou/.javacpp/cache/javacpp-1.5.7-linux-x86_64.jar/org/bytedeco/javacpp/linux-x86_64/libjnijavacpp.so
7f314aaa5000-7f314ab00000 rw-p 00000000 00:00 0 
7f314ab00000-7f314ab04000 ---p 00000000 00:00 0 
7f314ab04000-7f314ac00000 rw-p 00000000 00:00 0 
7f314ac00000-7f314ae82000 r--p 00000000 08:03 1058837                    /usr/lib/jvm/java-11-openjdk-amd64/lib/server/libjvm.so
7f314ae82000-7f314bb1e000 r-xp 00282000 08:03 1058837                    /usr/lib/jvm/java-11-openjdk-amd64/lib/server/libjvm.so
7f314bb1e000-7f314bd79000 r--p 00f1e000 08:03 1058837                    /usr/lib/jvm/java-11-openjdk-amd64/lib/server/libjvm.so
7f314bd79000-7f314bd7a000 ---p 01179000 08:03 1058837                    /usr/lib/jvm/java-11-openjdk-amd64/lib/server/libjvm.so
7f314bd7a000-7f314be3e000 r--p 01179000 08:03 1058837                    /usr/lib/jvm/java-11-openjdk-amd64/lib/server/libjvm.so
7f314be3e000-7f314be79000 rw-p 0123d000 08:03 1058837                    /usr/lib/jvm/java-11-openjdk-amd64/lib/server/libjvm.so
7f314be79000-7f314bed0000 rw-p 00000000 00:00 0 
7f314bed4000-7f314bedb000 r--s 00000000 08:03 553557                     /usr/lib/x86_64-linux-gnu/gconv/gconv-modules.cache
7f314bedb000-7f314bedc000 r--p 00000000 08:03 1579538                    /home/doudou/.javacpp/cache/llvm-13.0.1-1.5.7-linux-x86_64.jar/org/bytedeco/llvm/linux-x86_64/libRemarks.so.13
7f314bedc000-7f314bedd000 r-xp 00001000 08:03 1579538                    /home/doudou/.javacpp/cache/llvm-13.0.1-1.5.7-linux-x86_64.jar/org/bytedeco/llvm/linux-x86_64/libRemarks.so.13
7f314bedd000-7f314bede000 r--p 00002000 08:03 1579538                    /home/doudou/.javacpp/cache/llvm-13.0.1-1.5.7-linux-x86_64.jar/org/bytedeco/llvm/linux-x86_64/libRemarks.so.13
7f314bede000-7f314bedf000 r--p 00002000 08:03 1579538                    /home/doudou/.javacpp/cache/llvm-13.0.1-1.5.7-linux-x86_64.jar/org/bytedeco/llvm/linux-x86_64/libRemarks.so.13
7f314bedf000-7f314bee0000 rw-p 00003000 08:03 1579538                    /home/doudou/.javacpp/cache/llvm-13.0.1-1.5.7-linux-x86_64.jar/org/bytedeco/llvm/linux-x86_64/libRemarks.so.13
7f314bee0000-7f314bee4000 r--p 00000000 08:03 1058822                    /usr/lib/jvm/java-11-openjdk-amd64/lib/libnet.so
7f314bee4000-7f314bef2000 r-xp 00004000 08:03 1058822                    /usr/lib/jvm/java-11-openjdk-amd64/lib/libnet.so
7f314bef2000-7f314bef6000 r--p 00012000 08:03 1058822                    /usr/lib/jvm/java-11-openjdk-amd64/lib/libnet.so
7f314bef6000-7f314bef7000 r--p 00015000 08:03 1058822                    /usr/lib/jvm/java-11-openjdk-amd64/lib/libnet.so
7f314bef7000-7f314bef8000 rw-p 00016000 08:03 1058822                    /usr/lib/jvm/java-11-openjdk-amd64/lib/libnet.so
7f314bef8000-7f314bf19000 rw-p 00000000 00:00 0 
7f314bf19000-7f314bf27000 r--p 00000000 08:03 551785                     /usr/lib/x86_64-linux-gnu/libm.so.6
7f314bf27000-7f314bfa3000 r-xp 0000e000 08:03 551785                     /usr/lib/x86_64-linux-gnu/libm.so.6
7f314bfa3000-7f314bffe000 r--p 0008a000 08:03 551785                     /usr/lib/x86_64-linux-gnu/libm.so.6
7f314bffe000-7f314bfff000 r--p 000e4000 08:03 551785                     /usr/lib/x86_64-linux-gnu/libm.so.6
7f314bfff000-7f314c000000 rw-p 000e5000 08:03 551785                     /usr/lib/x86_64-linux-gnu/libm.so.6
7f314c000000-7f314c028000 r--p 00000000 08:03 551134                     /usr/lib/x86_64-linux-gnu/libc.so.6
7f314c028000-7f314c1bd000 r-xp 00028000 08:03 551134                     /usr/lib/x86_64-linux-gnu/libc.so.6
7f314c1bd000-7f314c215000 r--p 001bd000 08:03 551134                     /usr/lib/x86_64-linux-gnu/libc.so.6
7f314c215000-7f314c219000 r--p 00214000 08:03 551134                     /usr/lib/x86_64-linux-gnu/libc.so.6
7f314c219000-7f314c21b000 rw-p 00218000 08:03 551134                     /usr/lib/x86_64-linux-gnu/libc.so.6
7f314c21b000-7f314c228000 rw-p 00000000 00:00 0 
7f314c228000-7f314c229000 r--p 00000000 08:03 1058804                    /usr/lib/jvm/java-11-openjdk-amd64/lib/libextnet.so
7f314c229000-7f314c22a000 r-xp 00001000 08:03 1058804                    /usr/lib/jvm/java-11-openjdk-amd64/lib/libextnet.so
7f314c22a000-7f314c22b000 r--p 00002000 08:03 1058804                    /usr/lib/jvm/java-11-openjdk-amd64/lib/libextnet.so
7f314c22b000-7f314c22c000 r--p 00002000 08:03 1058804                    /usr/lib/jvm/java-11-openjdk-amd64/lib/libextnet.so
7f314c22c000-7f314c22d000 rw-p 00003000 08:03 1058804                    /usr/lib/jvm/java-11-openjdk-amd64/lib/libextnet.so
7f314c22d000-7f314c234000 r--p 00000000 08:03 1058823                    /usr/lib/jvm/java-11-openjdk-amd64/lib/libnio.so
7f314c234000-7f314c23c000 r-xp 00007000 08:03 1058823                    /usr/lib/jvm/java-11-openjdk-amd64/lib/libnio.so
7f314c23c000-7f314c23f000 r--p 0000f000 08:03 1058823                    /usr/lib/jvm/java-11-openjdk-amd64/lib/libnio.so
7f314c23f000-7f314c240000 r--p 00011000 08:03 1058823                    /usr/lib/jvm/java-11-openjdk-amd64/lib/libnio.so
7f314c240000-7f314c241000 rw-p 00012000 08:03 1058823                    /usr/lib/jvm/java-11-openjdk-amd64/lib/libnio.so
7f314c241000-7f314c246000 rw-p 00000000 00:00 0 
7f314c246000-7f314c24d000 ---p 00000000 00:00 0 
7f314c24d000-7f314c24f000 r--p 00000000 08:03 1058831                    /usr/lib/jvm/java-11-openjdk-amd64/lib/libzip.so
7f314c24f000-7f314c254000 r-xp 00002000 08:03 1058831                    /usr/lib/jvm/java-11-openjdk-amd64/lib/libzip.so
7f314c254000-7f314c256000 r--p 00007000 08:03 1058831                    /usr/lib/jvm/java-11-openjdk-amd64/lib/libzip.so
7f314c256000-7f314c257000 r--p 00008000 08:03 1058831                    /usr/lib/jvm/java-11-openjdk-amd64/lib/libzip.so
7f314c257000-7f314c258000 rw-p 00009000 08:03 1058831                    /usr/lib/jvm/java-11-openjdk-amd64/lib/libzip.so
7f314c258000-7f314c260000 rw-s 00000000 08:03 262226                     /tmp/hsperfdata_doudou/7498
7f314c260000-7f314c262000 r--p 00000000 08:03 1058806                    /usr/lib/jvm/java-11-openjdk-amd64/lib/libinstrument.so
7f314c262000-7f314c269000 r-xp 00002000 08:03 1058806                    /usr/lib/jvm/java-11-openjdk-amd64/lib/libinstrument.so
7f314c269000-7f314c26c000 r--p 00009000 08:03 1058806                    /usr/lib/jvm/java-11-openjdk-amd64/lib/libinstrument.so
7f314c26c000-7f314c26d000 r--p 0000b000 08:03 1058806                    /usr/lib/jvm/java-11-openjdk-amd64/lib/libinstrument.so
7f314c26d000-7f314c26e000 rw-p 0000c000 08:03 1058806                    /usr/lib/jvm/java-11-openjdk-amd64/lib/libinstrument.so
7f314c26e000-7f314c27c000 r--p 00000000 08:03 1058811                    /usr/lib/jvm/java-11-openjdk-amd64/lib/libjava.so
7f314c27c000-7f314c292000 r-xp 0000e000 08:03 1058811                    /usr/lib/jvm/java-11-openjdk-amd64/lib/libjava.so
7f314c292000-7f314c299000 r--p 00024000 08:03 1058811                    /usr/lib/jvm/java-11-openjdk-amd64/lib/libjava.so
7f314c299000-7f314c29a000 r--p 0002a000 08:03 1058811                    /usr/lib/jvm/java-11-openjdk-amd64/lib/libjava.so
7f314c29a000-7f314c29b000 rw-p 0002b000 08:03 1058811                    /usr/lib/jvm/java-11-openjdk-amd64/lib/libjava.so
7f314c29b000-7f314c29c000 rw-p 00000000 00:00 0 
7f314c29c000-7f314c2a1000 r--p 00000000 08:03 1058830                    /usr/lib/jvm/java-11-openjdk-amd64/lib/libverify.so
7f314c2a1000-7f314c2a8000 r-xp 00005000 08:03 1058830                    /usr/lib/jvm/java-11-openjdk-amd64/lib/libverify.so
7f314c2a8000-7f314c2aa000 r--p 0000c000 08:03 1058830                    /usr/lib/jvm/java-11-openjdk-amd64/lib/libverify.so
7f314c2aa000-7f314c2ac000 r--p 0000d000 08:03 1058830                    /usr/lib/jvm/java-11-openjdk-amd64/lib/libverify.so
7f314c2ac000-7f314c2ad000 rw-p 0000f000 08:03 1058830                    /usr/lib/jvm/java-11-openjdk-amd64/lib/libverify.so
7f314c2ad000-7f314c2ae000 r--p 00000000 08:03 552110                     /usr/lib/x86_64-linux-gnu/librt.so.1
7f314c2ae000-7f314c2af000 r-xp 00001000 08:03 552110                     /usr/lib/x86_64-linux-gnu/librt.so.1
7f314c2af000-7f314c2b0000 r--p 00002000 08:03 552110                     /usr/lib/x86_64-linux-gnu/librt.so.1
7f314c2b0000-7f314c2b1000 r--p 00002000 08:03 552110                     /usr/lib/x86_64-linux-gnu/librt.so.1
7f314c2b1000-7f314c2b2000 rw-p 00003000 08:03 552110                     /usr/lib/x86_64-linux-gnu/librt.so.1
7f314c2b2000-7f314c2b5000 r--p 00000000 08:03 551433                     /usr/lib/x86_64-linux-gnu/libgcc_s.so.1
7f314c2b5000-7f314c2cc000 r-xp 00003000 08:03 551433                     /usr/lib/x86_64-linux-gnu/libgcc_s.so.1
7f314c2cc000-7f314c2d0000 r--p 0001a000 08:03 551433                     /usr/lib/x86_64-linux-gnu/libgcc_s.so.1
7f314c2d0000-7f314c2d1000 r--p 0001d000 08:03 551433                     /usr/lib/x86_64-linux-gnu/libgcc_s.so.1
7f314c2d1000-7f314c2d2000 rw-p 0001e000 08:03 551433                     /usr/lib/x86_64-linux-gnu/libgcc_s.so.1
7f314c2d2000-7f314c2d4000 rw-p 00000000 00:00 0 
7f314c2d4000-7f314c2d6000 r--p 00000000 08:03 552488                     /usr/lib/x86_64-linux-gnu/libz.so.1.2.11
7f314c2d6000-7f314c2e7000 r-xp 00002000 08:03 552488                     /usr/lib/x86_64-linux-gnu/libz.so.1.2.11
7f314c2e7000-7f314c2ed000 r--p 00013000 08:03 552488                     /usr/lib/x86_64-linux-gnu/libz.so.1.2.11
7f314c2ed000-7f314c2ee000 ---p 00019000 08:03 552488                     /usr/lib/x86_64-linux-gnu/libz.so.1.2.11
7f314c2ee000-7f314c2ef000 r--p 00019000 08:03 552488                     /usr/lib/x86_64-linux-gnu/libz.so.1.2.11
7f314c2ef000-7f314c2f0000 rw-p 0001a000 08:03 552488                     /usr/lib/x86_64-linux-gnu/libz.so.1.2.11
7f314c2f4000-7f314c2f5000 ---p 00000000 00:00 0 
7f314c2f5000-7f314c2f6000 r--p 00000000 00:00 0 
7f314c2f6000-7f314c2f8000 r--p 00000000 08:03 1058814                    /usr/lib/jvm/java-11-openjdk-amd64/lib/libjimage.so
7f314c2f8000-7f314c2fb000 r-xp 00002000 08:03 1058814                    /usr/lib/jvm/java-11-openjdk-amd64/lib/libjimage.so
7f314c2fb000-7f314c2fc000 r--p 00005000 08:03 1058814                    /usr/lib/jvm/java-11-openjdk-amd64/lib/libjimage.so
7f314c2fc000-7f314c2fd000 ---p 00006000 08:03 1058814                    /usr/lib/jvm/java-11-openjdk-amd64/lib/libjimage.so
7f314c2fd000-7f314c2fe000 r--p 00006000 08:03 1058814                    /usr/lib/jvm/java-11-openjdk-amd64/lib/libjimage.so
7f314c2fe000-7f314c2ff000 rw-p 00007000 08:03 1058814                    /usr/lib/jvm/java-11-openjdk-amd64/lib/libjimage.so
7f314c2ff000-7f314c302000 r--p 00000000 08:03 1058796                    /usr/lib/jvm/java-11-openjdk-amd64/lib/jli/libjli.so
7f314c302000-7f314c30c000 r-xp 00003000 08:03 1058796                    /usr/lib/jvm/java-11-openjdk-amd64/lib/jli/libjli.so
7f314c30c000-7f314c30f000 r--p 0000d000 08:03 1058796                    /usr/lib/jvm/java-11-openjdk-amd64/lib/jli/libjli.so
7f314c30f000-7f314c310000 ---p 00010000 08:03 1058796                    /usr/lib/jvm/java-11-openjdk-amd64/lib/jli/libjli.so
7f314c310000-7f314c311000 r--p 00010000 08:03 1058796                    /usr/lib/jvm/java-11-openjdk-amd64/lib/jli/libjli.so
7f314c311000-7f314c312000 rw-p 00011000 08:03 1058796                    /usr/lib/jvm/java-11-openjdk-amd64/lib/jli/libjli.so
7f314c312000-7f314c314000 rw-p 00000000 00:00 0 
7f314c314000-7f314c316000 r--p 00000000 08:03 550792                     /usr/lib/x86_64-linux-gnu/ld-linux-x86-64.so.2
7f314c316000-7f314c340000 r-xp 00002000 08:03 550792                     /usr/lib/x86_64-linux-gnu/ld-linux-x86-64.so.2
7f314c340000-7f314c34b000 r--p 0002c000 08:03 550792                     /usr/lib/x86_64-linux-gnu/ld-linux-x86-64.so.2
7f314c34c000-7f314c34e000 r--p 00037000 08:03 550792                     /usr/lib/x86_64-linux-gnu/ld-linux-x86-64.so.2
7f314c34e000-7f314c350000 rw-p 00039000 08:03 550792                     /usr/lib/x86_64-linux-gnu/ld-linux-x86-64.so.2
7ffe07e48000-7ffe07e69000 rw-p 00000000 00:00 0                          [stack]
7ffe07fec000-7ffe07ff0000 r--p 00000000 00:00 0                          [vvar]
7ffe07ff0000-7ffe07ff2000 r-xp 00000000 00:00 0                          [vdso]
ffffffffff600000-ffffffffff601000 --xp 00000000 00:00 0                  [vsyscall]


VM Arguments:
jvm_args: -javaagent:/snap/intellij-idea-ultimate/437/lib/idea_rt.jar=42103:/snap/intellij-idea-ultimate/437/bin -Dfile.encoding=UTF-8 
java_command: Main /home/doudou/lab/Lab/tests/test1.sysy /home/doudou/lab/Lab/tests/out.txt
java_class_path (initial): /home/doudou/lab/Lab/out/production/Lab:/usr/local/lib/antlr-4.9.1-complete.jar:/usr/local/lib/javacpp-1.5.7-linux-x86_64.jar:/usr/local/lib/javacpp-1.5.7.jar:/usr/local/lib/llvm-13.0.1-1.5.7-linux-x86_64.jar:/usr/local/lib/llvm-13.0.1-1.5.7.jar:/usr/local/lib/llvm-platform-13.0.1-1.5.7.jar
Launcher Type: SUN_STANDARD

[Global flags]
     intx CICompilerCount                          = 2                                         {product} {ergonomic}
     uint ConcGCThreads                            = 1                                         {product} {ergonomic}
     uint G1ConcRefinementThreads                  = 2                                         {product} {ergonomic}
   size_t G1HeapRegionSize                         = 1048576                                   {product} {ergonomic}
    uintx GCDrainStackTargetSize                   = 64                                        {product} {ergonomic}
   size_t InitialHeapSize                          = 65011712                                  {product} {ergonomic}
   size_t MarkStackSize                            = 4194304                                   {product} {ergonomic}
   size_t MaxHeapSize                              = 1025507328                                {product} {ergonomic}
   size_t MaxNewSize                               = 614465536                                 {product} {ergonomic}
   size_t MinHeapDeltaBytes                        = 1048576                                   {product} {ergonomic}
    uintx NonNMethodCodeHeapSize                   = 5825164                                {pd product} {ergonomic}
    uintx NonProfiledCodeHeapSize                  = 122916538                              {pd product} {ergonomic}
    uintx ProfiledCodeHeapSize                     = 122916538                              {pd product} {ergonomic}
    uintx ReservedCodeCacheSize                    = 251658240                              {pd product} {ergonomic}
     bool SegmentedCodeCache                       = true                                      {product} {ergonomic}
     bool UseCompressedClassPointers               = true                                 {lp64_product} {ergonomic}
     bool UseCompressedOops                        = true                                 {lp64_product} {ergonomic}
     bool UseG1GC                                  = true                                      {product} {ergonomic}

Logging:
Log output configuration:
 #0: stdout all=warning uptime,level,tags
 #1: stderr all=off uptime,level,tags

Environment Variables:
PATH=/usr/local/sbin:/usr/local/bin:/usr/sbin:/usr/bin:/sbin:/bin:/usr/games:/usr/local/games:/snap/bin:/snap/bin
USERNAME=doudou
SHELL=/bin/bash
DISPLAY=:0
LANG=en_US.UTF-8
LC_NUMERIC=zh_CN.UTF-8
LC_TIME=zh_CN.UTF-8

Signal Handlers:
SIGSEGV: [libjvm.so+0xeabd80], sa_mask[0]=11111111011111111101111111111110, sa_flags=SA_RESTART|SA_SIGINFO
SIGBUS: [libjvm.so+0xeabd80], sa_mask[0]=11111111011111111101111111111110, sa_flags=SA_RESTART|SA_SIGINFO
SIGFPE: [libjvm.so+0xeabd80], sa_mask[0]=11111111011111111101111111111110, sa_flags=SA_RESTART|SA_SIGINFO
SIGPIPE: [libjvm.so+0xbee610], sa_mask[0]=11111111011111111101111111111110, sa_flags=SA_RESTART|SA_SIGINFO
SIGXFSZ: [libjvm.so+0xbee610], sa_mask[0]=11111111011111111101111111111110, sa_flags=SA_RESTART|SA_SIGINFO
SIGILL: [libjvm.so+0xeabd80], sa_mask[0]=11111111011111111101111111111110, sa_flags=SA_RESTART|SA_SIGINFO
SIGUSR2: [libjvm.so+0xbee4b0], sa_mask[0]=00100000000000000000000000000000, sa_flags=SA_RESTART|SA_SIGINFO
SIGHUP: [libjvm.so+0xbeec50], sa_mask[0]=11111111011111111101111111111110, sa_flags=SA_RESTART|SA_SIGINFO
SIGINT: [libjvm.so+0xbeec50], sa_mask[0]=11111111011111111101111111111110, sa_flags=SA_RESTART|SA_SIGINFO
SIGTERM: [libjvm.so+0xbeec50], sa_mask[0]=11111111011111111101111111111110, sa_flags=SA_RESTART|SA_SIGINFO
SIGQUIT: [libjvm.so+0xbeec50], sa_mask[0]=11111111011111111101111111111110, sa_flags=SA_RESTART|SA_SIGINFO


---------------  S Y S T E M  ---------------

OS:DISTRIB_ID=Ubuntu
DISTRIB_RELEASE=22.04
DISTRIB_CODENAME=jammy
DISTRIB_DESCRIPTION="Ubuntu 22.04.2 LTS"
uname:Linux 5.19.0-45-generic #46~22.04.1-Ubuntu SMP PREEMPT_DYNAMIC Wed Jun 7 15:06:04 UTC 20 x86_64
OS uptime: 0 days 4:25 hours
libc:glibc 2.35 NPTL 2.35 
rlimit (soft/hard): STACK 8192k/infinity , CORE 0k/infinity , NPROC 15333/15333 , NOFILE 1048576/1048576 , AS infinity/infinity , CPU infinity/infinity , DATA infinity/infinity , FSIZE infinity/infinity , MEMLOCK 500652k/500652k
load average:1.85 0.98 0.69

/proc/meminfo:
MemTotal:        4005236 kB
MemFree:          215504 kB
MemAvailable:     681904 kB
Buffers:           29500 kB
Cached:           609868 kB
SwapCached:        28248 kB
Active:          1147372 kB
Inactive:        1900860 kB
Active(anon):     835732 kB
Inactive(anon):  1582892 kB
Active(file):     311640 kB
Inactive(file):   317968 kB
Unevictable:           0 kB
Mlocked:               0 kB
SwapTotal:       3512316 kB
SwapFree:        2604984 kB
Zswap:                 0 kB
Zswapped:              0 kB
Dirty:              1028 kB
Writeback:             0 kB
AnonPages:       2391124 kB
Mapped:           216380 kB
Shmem:             14284 kB
KReclaimable:      82780 kB
Slab:             210124 kB
SReclaimable:      82780 kB
SUnreclaim:       127344 kB
KernelStack:       10592 kB
PageTables:        25160 kB
NFS_Unstable:          0 kB
Bounce:                0 kB
WritebackTmp:          0 kB
CommitLimit:     5514932 kB
Committed_AS:    5707452 kB
VmallocTotal:   34359738367 kB
VmallocUsed:       45896 kB
VmallocChunk:          0 kB
Percpu:             2216 kB
HardwareCorrupted:     0 kB
AnonHugePages:         0 kB
ShmemHugePages:        0 kB
ShmemPmdMapped:        0 kB
FileHugePages:         0 kB
FilePmdMapped:         0 kB
HugePages_Total:       0
HugePages_Free:        0
HugePages_Rsvd:        0
HugePages_Surp:        0
Hugepagesize:       2048 kB
Hugetlb:               0 kB
DirectMap4k:      184128 kB
DirectMap2M:     4009984 kB
DirectMap1G:     2097152 kB

/sys/kernel/mm/transparent_hugepage/enabled:
always [madvise] never
/sys/kernel/mm/transparent_hugepage/defrag (defrag/compaction efforts parameter):
always defer defer+madvise [madvise] never

Process Memory:
Virtual Size: 3684896K (peak: 12384612K)
Resident Set Size: 95636K (peak: 95636K) (anon: 37828K, file: 57808K, shmem: 0K)
Swapped out: 0K
C-Heap outstanding allocations: 15549K, retained: 2514K
glibc malloc tunables: (default)

/proc/sys/kernel/threads-max (system-wide limit on the number of threads):
30667
/proc/sys/vm/max_map_count (maximum number of memory map areas a process may have):
65530
/proc/sys/kernel/pid_max (system-wide limit on number of process identifiers):
4194304

container (cgroup) information:
container_type: cgroupv2
cpu_cpuset_cpus: not supported
cpu_memory_nodes: not supported
active_processor_count: 2
cpu_quota: not supported
cpu_period: not supported
cpu_shares: not supported
memory_limit_in_bytes: unlimited
memory_and_swap_limit_in_bytes: unlimited
memory_soft_limit_in_bytes: unlimited
memory_usage_in_bytes: 2259004 k
memory_max_usage_in_bytes: not supported
memory_swap_current_in_bytes: 626752 k
memory_swap_max_limit_in_bytes: unlimited
maximum number of tasks: 4600
current number of tasks: 133

VMWare virtualization detected
Steal ticks since vm start: 0
Steal ticks percentage since vm start:  0.000

CPU:total 2 (initial active 2) (1 cores per cpu, 1 threads per core) family 6 model 140 stepping 1 microcode 0xffffffff, cmov, cx8, fxsr, mmx, sse, sse2, sse3, ssse3, sse4.1, sse4.2, popcnt, avx, avx2, aes, clmul, erms, 3dnowpref, lzcnt, tsc, tscinvbit, bmi1, bmi2, adx, evex, sha, fma
CPU Model and flags from /proc/cpuinfo:
model name	: 11th Gen Intel(R) Core(TM) i7-1165G7 @ 2.80GHz
flags		: fpu vme de pse tsc msr pae mce cx8 apic sep mtrr pge mca cmov pat pse36 clflush mmx fxsr sse sse2 ss syscall nx pdpe1gb rdtscp lm constant_tsc arch_perfmon rep_good nopl xtopology tsc_reliable nonstop_tsc cpuid tsc_known_freq pni pclmulqdq ssse3 fma cx16 pcid sse4_1 sse4_2 x2apic movbe popcnt tsc_deadline_timer aes xsave avx f16c rdrand hypervisor lahf_lm abm 3dnowprefetch invpcid_single pti ssbd ibrs ibpb stibp fsgsbase tsc_adjust bmi1 avx2 smep bmi2 erms invpcid avx512f avx512dq rdseed adx smap avx512ifma clflushopt clwb avx512cd sha_ni avx512bw avx512vl xsaveopt xsavec xgetbv1 xsaves arat avx512vbmi umip avx512_vbmi2 gfni vaes vpclmulqdq avx512_vnni avx512_bitalg avx512_vpopcntdq rdpid fsrm avx512_vp2intersect flush_l1d arch_capabilities
Online cpus:
0-1
Offline cpus:

BIOS frequency limitation:
<Not Available>
Frequency switch latency (ns):
<Not Available>
Available cpu frequencies:
<Not Available>
Current governor:
<Not Available>
Core performance/turbo boost:
<Not Available>

Memory: 4k page, physical 4005236k(215504k free), swap 3512316k(2604984k free)

vm_info: OpenJDK 64-Bit Server VM (11.0.19+7-post-Ubuntu-0ubuntu122.04.1) for linux-amd64 JRE (11.0.19+7-post-Ubuntu-0ubuntu122.04.1), built on May 10 2023 00:54:00 by "unknown" with gcc 11.3.0

END.
