#
# A fatal error has been detected by the Java Runtime Environment:
#
#  SIGSEGV (0xb) at pc=0x00007f5a0dfede80, pid=35353, tid=35355
#
# JRE version: OpenJDK Runtime Environment (11.0.19+7) (build 11.0.19+7-post-Ubuntu-0ubuntu122.04.1)
# Java VM: OpenJDK 64-Bit Server VM (11.0.19+7-post-Ubuntu-0ubuntu122.04.1, mixed mode, sharing, tiered, compressed oops, g1 gc, linux-amd64)
# Problematic frame:
# C  [libLLVM-13.so+0xbede80]  llvm::BasicBlock::getModule() const+0x0
#
# Core dump will be written. Default location: Core dumps may be processed with "/usr/share/apport/apport -p%p -s%s -c%c -d%d -P%P -u%u -g%g -- %E" (or dumping to /home/doudou/lab/Lab/core.35353)
#
# If you would like to submit a bug report, please visit:
#   https://bugs.launchpad.net/ubuntu/+source/openjdk-lts
# The crash happened outside the Java Virtual Machine in native code.
# See problematic frame for where to report the bug.
#

---------------  S U M M A R Y ------------

Command Line: -agentlib:jdwp=transport=dt_socket,address=127.0.0.1:52543,suspend=y,server=n -javaagent:/snap/intellij-idea-ultimate/437/plugins/java/lib/rt/debugger-agent.jar -Dfile.encoding=UTF-8 Main /home/doudou/lab/Lab/tests/test1.sysy /home/doudou/lab/Lab/tests/out.txt

Host: 11th Gen Intel(R) Core(TM) i7-1165G7 @ 2.80GHz, 2 cores, 3G, Ubuntu 22.04.2 LTS
Time: Wed Jun 28 17:32:59 2023 CST elapsed time: 246.832355 seconds (0d 0h 4m 6s)

---------------  T H R E A D  ---------------

Current thread (0x00007f5a6c019800):  JavaThread "main" [_thread_in_native, id=35355, stack(0x00007f5a70900000,0x00007f5a70a00000)]

Stack: [0x00007f5a70900000,0x00007f5a70a00000],  sp=0x00007f5a709fe218,  free space=1016k
Native frames: (J=compiled Java code, A=aot compiled Java code, j=interpreted, Vv=VM code, C=native code)
C  [libLLVM-13.so+0xbede80]  llvm::BasicBlock::getModule() const+0x0

Java frames: (J=compiled Java code, j=interpreted, Vv=VM code)
j  org.bytedeco.llvm.global.LLVM.LLVMBuildLoad(Lorg/bytedeco/llvm/LLVM/LLVMBuilderRef;Lorg/bytedeco/llvm/LLVM/LLVMValueRef;Ljava/lang/String;)Lorg/bytedeco/llvm/LLVM/LLVMValueRef;+0
j  SysYLlvmVisitor.visitExp(LSysYParser$ExpContext;)Lorg/bytedeco/llvm/LLVM/LLVMValueRef;+70
j  SysYLlvmVisitor.visitExp(LSysYParser$ExpContext;)Lorg/bytedeco/llvm/LLVM/LLVMValueRef;+508
j  SysYLlvmVisitor.visitInitVal(LSysYParser$InitValContext;)Lorg/bytedeco/llvm/LLVM/LLVMValueRef;+19
j  SysYLlvmVisitor.visitCompUnit(LSysYParser$CompUnitContext;)Lorg/bytedeco/llvm/LLVM/LLVMValueRef;+129
j  SysYLlvmVisitor.visitCompUnit(LSysYParser$CompUnitContext;)Ljava/lang/Object;+2
j  SysYParser$CompUnitContext.accept(Lorg/antlr/v4/runtime/tree/ParseTreeVisitor;)Ljava/lang/Object;+12
j  org.antlr.v4.runtime.tree.AbstractParseTreeVisitor.visitChildren(Lorg/antlr/v4/runtime/tree/RuleNode;)Ljava/lang/Object;+46
j  SysYParserBaseVisitor.visitProgram(LSysYParser$ProgramContext;)Ljava/lang/Object;+2
j  SysYParser$ProgramContext.accept(Lorg/antlr/v4/runtime/tree/ParseTreeVisitor;)Ljava/lang/Object;+12
j  org.antlr.v4.runtime.tree.AbstractParseTreeVisitor.visit(Lorg/antlr/v4/runtime/tree/ParseTree;)Ljava/lang/Object;+2
j  Main.main([Ljava/lang/String;)V+210
v  ~StubRoutines::call_stub

siginfo: si_signo: 11 (SIGSEGV), si_code: 1 (SEGV_MAPERR), si_addr: 0x0000000000000038

Register to memory mapping:

RAX=0x00007f5a6c173d40 points into unknown readable memory: 0x00007f5a6c3fdb10 | 10 db 3f 6c 5a 7f 00 00
RBX=0x00007f5a6c3ed6e0 points into unknown readable memory: 0x00007f5a6c173d40 | 40 3d 17 6c 5a 7f 00 00
RCX=0x7272615f74726f73 is an unknown value
RDX=0x00007f5a14008540 points into unknown readable memory: 0x7272615f74726f73 | 73 6f 72 74 5f 61 72 72
RSP=0x00007f5a709fe218 is pointing into the stack for thread: 0x00007f5a6c019800
RBP=0x00007f5a6c3ed440 points into unknown readable memory: 0x00007f5a6c3ed450 | 50 d4 3e 6c 5a 7f 00 00
RSI=0x0000000000000101 is an unknown value
RDI=0x0 is NULL
R8 =0x00000000c6579138 points into unknown readable memory: 0x7272615f74726f73 | 73 6f 72 74 5f 61 72 72
R9 =0x0000000000000002 is an unknown value
R10=0x00007f5a0d451700: <offset 0x0000000000051700> in /home/doudou/.javacpp/cache/llvm-13.0.1-1.5.7-linux-x86_64.jar/org/bytedeco/llvm/linux-x86_64/libLLVM-13.so at 0x00007f5a0d400000
R11=0x00007f5a0e02c870: LLVMBuildLoad+0x0000000000000000 in /home/doudou/.javacpp/cache/llvm-13.0.1-1.5.7-linux-x86_64.jar/org/bytedeco/llvm/linux-x86_64/libLLVM-13.so at 0x00007f5a0d400000
R12=0x00007f5a709fe370 is pointing into the stack for thread: 0x00007f5a6c019800
R13=0x00007f5a6c3ed6e0 points into unknown readable memory: 0x00007f5a6c173d40 | 40 3d 17 6c 5a 7f 00 00
R14=0x00007f5a6c414378 points into unknown readable memory: 0x00007f5a6c3fdb10 | 10 db 3f 6c 5a 7f 00 00
R15=0x00007f5a6c019800 is a thread


Registers:
RAX=0x00007f5a6c173d40, RBX=0x00007f5a6c3ed6e0, RCX=0x7272615f74726f73, RDX=0x00007f5a14008540
RSP=0x00007f5a709fe218, RBP=0x00007f5a6c3ed440, RSI=0x0000000000000101, RDI=0x0000000000000000
R8 =0x00000000c6579138, R9 =0x0000000000000002, R10=0x00007f5a0d451700, R11=0x00007f5a0e02c870
R12=0x00007f5a709fe370, R13=0x00007f5a6c3ed6e0, R14=0x00007f5a6c414378, R15=0x00007f5a6c019800
RIP=0x00007f5a0dfede80, EFLAGS=0x0000000000010202, CSGSFS=0x002b000000000033, ERR=0x0000000000000004
  TRAPNO=0x000000000000000e

Top of Stack: (sp=0x00007f5a709fe218)
0x00007f5a709fe218:   00007f5a0e02c8aa 00007f5a14008540
0x00007f5a709fe228:   0000000000000000 0000000000000000
0x00007f5a709fe238:   0000000000000000 cafebabecafe0103
0x00007f5a709fe248:   0000000000000000 0000000000000000 

Instructions: (pc=0x00007f5a0dfede80)
0x00007f5a0dfedd80:   ff 66 0f ef c0 48 89 02 48 89 50 08 41 0f 11 45
0x00007f5a0dfedd90:   00 e8 5a 4b 17 00 4c 39 f3 75 c5 4d 8b 6c 24 30
0x00007f5a0dfedda0:   4c 39 ed 74 3b 0f 1f 00 4c 89 eb 48 89 ef 4d 8b
0x00007f5a0dfeddb0:   6d 08 4c 8d 73 e8 4c 89 f6 e8 42 fd ff ff 48 8b
0x00007f5a0dfeddc0:   03 48 8b 53 08 66 0f ef c9 4c 89 f7 48 89 02 48
0x00007f5a0dfeddd0:   89 50 08 0f 11 0b e8 15 4b 17 00 4c 39 ed 75 c8
0x00007f5a0dfedde0:   48 83 c4 08 4c 89 e7 5b 5d 41 5c 41 5d 41 5e 41
0x00007f5a0dfeddf0:   5f e9 fa 48 17 00 66 2e 0f 1f 84 00 00 00 00 00
0x00007f5a0dfede00:   48 8d 4b e8 48 89 c8 48 29 d0 e9 11 ff ff ff 90
0x00007f5a0dfede10:   48 8b 07 48 8b 38 e8 45 13 16 00 31 d2 be 01 00
0x00007f5a0dfede20:   00 00 48 89 c7 e8 b6 2a 02 00 48 89 c3 49 8b 44
0x00007f5a0dfede30:   24 08 48 85 c0 0f 84 a2 fe ff ff 0f 1f 44 00 00
0x00007f5a0dfede40:   48 8b 68 18 31 d2 48 89 df 48 8b 75 00 e8 ae bc
0x00007f5a0dfede50:   02 00 48 89 ef 48 89 c6 e8 63 65 17 00 48 89 ef
0x00007f5a0dfede60:   e8 4b 81 02 00 49 8b 44 24 08 48 85 c0 75 d1 e9
0x00007f5a0dfede70:   69 fe ff ff 66 2e 0f 1f 84 00 00 00 00 00 66 90
0x00007f5a0dfede80:   48 8b 47 38 48 8b 40 28 c3 0f 1f 80 00 00 00 00
0x00007f5a0dfede90:   48 8b 47 28 48 83 c7 28 48 39 f8 74 2b 48 85 c0
0x00007f5a0dfedea0:   0f 84 9e 9d d3 ff 4c 8d 40 e8 0f b6 40 f8 83 e8
0x00007f5a0dfedeb0:   1b 83 f8 0b b8 00 00 00 00 4c 0f 43 c0 4c 89 c0
0x00007f5a0dfedec0:   c3 0f 1f 80 00 00 00 00 45 31 c0 eb f0 0f 1f 00
0x00007f5a0dfeded0:   48 8b 47 28 48 8d 57 28 48 39 d0 0f 84 af 00 00
0x00007f5a0dfedee0:   00 48 85 c0 0f 84 64 9d d3 ff 45 31 c0 80 78 f8
0x00007f5a0dfedef0:   1b 75 23 48 8b 57 30 48 8d 48 e8 48 85 d2 74 09
0x00007f5a0dfedf00:   48 83 ea 18 48 39 d1 74 0d 48 8b 50 10 45 31 c0
0x00007f5a0dfedf10:   48 39 42 30 75 0a 4c 89 c0 c3 66 0f 1f 44 00 00
0x00007f5a0dfedf20:   4c 8b 00 4d 85 c0 74 ee 8b 50 fc 49 8d 48 e8 81
0x00007f5a0dfedf30:   e2 ff ff ff 07 74 3e 89 d2 48 f7 da 48 c1 e2 05
0x00007f5a0dfedf40:   48 8b 44 10 e8 48 85 c0 74 2b 48 39 c1 75 41 41
0x00007f5a0dfedf50:   80 78 f8 4b 75 1f 49 8b 40 10 4c 39 40 30 74 30
0x00007f5a0dfedf60:   49 8b 48 c8 4d 8b 00 4d 85 c0 74 aa 49 83 e8 18
0x00007f5a0dfedf70:   4c 39 c1 75 1b 45 31 c0 80 79 10 52 75 98 0f b7 


Stack slot to memory mapping:
stack at sp + 0 slots: 0x00007f5a0e02c8aa: LLVMBuildLoad+0x000000000000003a in /home/doudou/.javacpp/cache/llvm-13.0.1-1.5.7-linux-x86_64.jar/org/bytedeco/llvm/linux-x86_64/libLLVM-13.so at 0x00007f5a0d400000
stack at sp + 1 slots: 0x00007f5a14008540 points into unknown readable memory: 0x7272615f74726f73 | 73 6f 72 74 5f 61 72 72
stack at sp + 2 slots: 0x0 is NULL
stack at sp + 3 slots: 0x0 is NULL
stack at sp + 4 slots: 0x0 is NULL
stack at sp + 5 slots: 0xcafebabecafe0103 is an unknown value
stack at sp + 6 slots: 0x0 is NULL
stack at sp + 7 slots: 0x0 is NULL


---------------  P R O C E S S  ---------------

Threads class SMR info:
_java_thread_list=0x00007f5a6c237400, length=13, elements={
0x00007f5a6c019800, 0x00007f5a6c124000, 0x00007f5a6c126000, 0x00007f5a6c12a800,
0x00007f5a6c12c800, 0x00007f5a6c12e800, 0x00007f5a6c130800, 0x00007f5a6c132800,
0x00007f5a6c140000, 0x00007f5a6c1aa800, 0x00007f5a6c1af000, 0x000055fce2348000,
0x00007f5a6c236000
}

Java Threads: ( => current thread )
=>0x00007f5a6c019800 JavaThread "main" [_thread_in_native, id=35355, stack(0x00007f5a70900000,0x00007f5a70a00000)]
  0x00007f5a6c124000 JavaThread "Reference Handler" daemon [_thread_blocked, id=35364, stack(0x00007f5a50613000,0x00007f5a50713000)]
  0x00007f5a6c126000 JavaThread "Finalizer" daemon [_thread_blocked, id=35365, stack(0x00007f5a50513000,0x00007f5a50613000)]
  0x00007f5a6c12a800 JavaThread "Signal Dispatcher" daemon [_thread_blocked, id=35366, stack(0x00007f5a50413000,0x00007f5a50513000)]
  0x00007f5a6c12c800 JavaThread "Service Thread" daemon [_thread_blocked, id=35367, stack(0x00007f5a50313000,0x00007f5a50413000)]
  0x00007f5a6c12e800 JavaThread "C2 CompilerThread0" daemon [_thread_blocked, id=35368, stack(0x00007f5a50213000,0x00007f5a50313000)]
  0x00007f5a6c130800 JavaThread "C1 CompilerThread0" daemon [_thread_blocked, id=35369, stack(0x00007f5a50113000,0x00007f5a50213000)]
  0x00007f5a6c132800 JavaThread "Sweeper thread" daemon [_thread_blocked, id=35370, stack(0x00007f5a50013000,0x00007f5a50113000)]
  0x00007f5a6c140000 JavaThread "Common-Cleaner" daemon [_thread_blocked, id=35371, stack(0x00007f5a41f00000,0x00007f5a42000000)]
  0x00007f5a6c1aa800 JavaThread "JDWP Transport Listener: dt_socket" daemon [_thread_blocked, id=35372, stack(0x00007f5a41e00000,0x00007f5a41f00000)]
  0x00007f5a6c1af000 JavaThread "JDWP Event Helper Thread" daemon [_thread_blocked, id=35374, stack(0x00007f5a41d00000,0x00007f5a41e00000)]
  0x000055fce2348000 JavaThread "JDWP Command Reader" daemon [_thread_in_native, id=35375, stack(0x00007f5a41c00000,0x00007f5a41d00000)]
  0x00007f5a6c236000 JavaThread "JavaCPP Deallocator" daemon [_thread_blocked, id=35379, stack(0x00007f5a419fe000,0x00007f5a41afe000)]

Other Threads:
  0x00007f5a6c121000 VMThread "VM Thread" [stack: 0x00007f5a50715000,0x00007f5a50815000] [id=35363]
  0x00007f5a6c1c0000 WatcherThread [stack: 0x00007f5a41b00000,0x00007f5a41c00000] [id=35378]
  0x00007f5a6c033800 GCTaskThread "GC Thread#0" [stack: 0x00007f5a7032a000,0x00007f5a7042a000] [id=35358]
  0x00007f5a38001000 GCTaskThread "GC Thread#1" [stack: 0x00007f5a418fe000,0x00007f5a419fe000] [id=35380]
  0x00007f5a6c04e800 ConcurrentGCThread "G1 Main Marker" [stack: 0x00007f5a70026000,0x00007f5a70126000] [id=35359]
  0x00007f5a6c050800 ConcurrentGCThread "G1 Conc#0" [stack: 0x00007f5a5149e000,0x00007f5a5159e000] [id=35360]
  0x00007f5a6c08b800 ConcurrentGCThread "G1 Refine#0" [stack: 0x00007f5a5119a000,0x00007f5a5129a000] [id=35361]
  0x00007f5a6c08d800 ConcurrentGCThread "G1 Young RemSet Sampling" [stack: 0x00007f5a51098000,0x00007f5a51198000] [id=35362]

Threads with active compile tasks:

VM state:not at safepoint (normal execution)

VM Mutex/Monitor currently owned by a thread: None

Heap address: 0x00000000c2e00000, size: 978 MB, Compressed Oops mode: 32-bit
Narrow klass base: 0x0000000800000000, Narrow klass shift: 3
Compressed class space size: 1073741824 Address: 0x0000000840000000

Heap:
 garbage-first heap   total 65536K, used 7865K [0x00000000c2e00000, 0x0000000100000000)
  region size 1024K, 8 young (8192K), 1 survivors (1024K)
 Metaspace       used 3796K, capacity 6582K, committed 6912K, reserved 1056768K
  class space    used 407K, capacity 681K, committed 768K, reserved 1048576K
Heap Regions: E=young(eden), S=young(survivor), O=old, HS=humongous(starts), HC=humongous(continues), CS=collection set, F=free, A=archive, TAMS=top-at-mark-start (previous, next)
|   0|0x00000000c2e00000, 0x00000000c2e00000, 0x00000000c2f00000|  0%| F|  |TAMS 0x00000000c2e00000, 0x00000000c2e00000| Untracked 
|   1|0x00000000c2f00000, 0x00000000c2f00000, 0x00000000c3000000|  0%| F|  |TAMS 0x00000000c2f00000, 0x00000000c2f00000| Untracked 
|   2|0x00000000c3000000, 0x00000000c3000000, 0x00000000c3100000|  0%| F|  |TAMS 0x00000000c3000000, 0x00000000c3000000| Untracked 
|   3|0x00000000c3100000, 0x00000000c3100000, 0x00000000c3200000|  0%| F|  |TAMS 0x00000000c3100000, 0x00000000c3100000| Untracked 
|   4|0x00000000c3200000, 0x00000000c3200000, 0x00000000c3300000|  0%| F|  |TAMS 0x00000000c3200000, 0x00000000c3200000| Untracked 
|   5|0x00000000c3300000, 0x00000000c3300000, 0x00000000c3400000|  0%| F|  |TAMS 0x00000000c3300000, 0x00000000c3300000| Untracked 
|   6|0x00000000c3400000, 0x00000000c3400000, 0x00000000c3500000|  0%| F|  |TAMS 0x00000000c3400000, 0x00000000c3400000| Untracked 
|   7|0x00000000c3500000, 0x00000000c3500000, 0x00000000c3600000|  0%| F|  |TAMS 0x00000000c3500000, 0x00000000c3500000| Untracked 
|   8|0x00000000c3600000, 0x00000000c3600000, 0x00000000c3700000|  0%| F|  |TAMS 0x00000000c3600000, 0x00000000c3600000| Untracked 
|   9|0x00000000c3700000, 0x00000000c3700000, 0x00000000c3800000|  0%| F|  |TAMS 0x00000000c3700000, 0x00000000c3700000| Untracked 
|  10|0x00000000c3800000, 0x00000000c3800000, 0x00000000c3900000|  0%| F|  |TAMS 0x00000000c3800000, 0x00000000c3800000| Untracked 
|  11|0x00000000c3900000, 0x00000000c3900000, 0x00000000c3a00000|  0%| F|  |TAMS 0x00000000c3900000, 0x00000000c3900000| Untracked 
|  12|0x00000000c3a00000, 0x00000000c3a00000, 0x00000000c3b00000|  0%| F|  |TAMS 0x00000000c3a00000, 0x00000000c3a00000| Untracked 
|  13|0x00000000c3b00000, 0x00000000c3b00000, 0x00000000c3c00000|  0%| F|  |TAMS 0x00000000c3b00000, 0x00000000c3b00000| Untracked 
|  14|0x00000000c3c00000, 0x00000000c3c00000, 0x00000000c3d00000|  0%| F|  |TAMS 0x00000000c3c00000, 0x00000000c3c00000| Untracked 
|  15|0x00000000c3d00000, 0x00000000c3d00000, 0x00000000c3e00000|  0%| F|  |TAMS 0x00000000c3d00000, 0x00000000c3d00000| Untracked 
|  16|0x00000000c3e00000, 0x00000000c3e00000, 0x00000000c3f00000|  0%| F|  |TAMS 0x00000000c3e00000, 0x00000000c3e00000| Untracked 
|  17|0x00000000c3f00000, 0x00000000c3f00000, 0x00000000c4000000|  0%| F|  |TAMS 0x00000000c3f00000, 0x00000000c3f00000| Untracked 
|  18|0x00000000c4000000, 0x00000000c4000000, 0x00000000c4100000|  0%| F|  |TAMS 0x00000000c4000000, 0x00000000c4000000| Untracked 
|  19|0x00000000c4100000, 0x00000000c4100000, 0x00000000c4200000|  0%| F|  |TAMS 0x00000000c4100000, 0x00000000c4100000| Untracked 
|  20|0x00000000c4200000, 0x00000000c4200000, 0x00000000c4300000|  0%| F|  |TAMS 0x00000000c4200000, 0x00000000c4200000| Untracked 
|  21|0x00000000c4300000, 0x00000000c4300000, 0x00000000c4400000|  0%| F|  |TAMS 0x00000000c4300000, 0x00000000c4300000| Untracked 
|  22|0x00000000c4400000, 0x00000000c4400000, 0x00000000c4500000|  0%| F|  |TAMS 0x00000000c4400000, 0x00000000c4400000| Untracked 
|  23|0x00000000c4500000, 0x00000000c4500000, 0x00000000c4600000|  0%| F|  |TAMS 0x00000000c4500000, 0x00000000c4500000| Untracked 
|  24|0x00000000c4600000, 0x00000000c4600000, 0x00000000c4700000|  0%| F|  |TAMS 0x00000000c4600000, 0x00000000c4600000| Untracked 
|  25|0x00000000c4700000, 0x00000000c4700000, 0x00000000c4800000|  0%| F|  |TAMS 0x00000000c4700000, 0x00000000c4700000| Untracked 
|  26|0x00000000c4800000, 0x00000000c4800000, 0x00000000c4900000|  0%| F|  |TAMS 0x00000000c4800000, 0x00000000c4800000| Untracked 
|  27|0x00000000c4900000, 0x00000000c4900000, 0x00000000c4a00000|  0%| F|  |TAMS 0x00000000c4900000, 0x00000000c4900000| Untracked 
|  28|0x00000000c4a00000, 0x00000000c4a00000, 0x00000000c4b00000|  0%| F|  |TAMS 0x00000000c4a00000, 0x00000000c4a00000| Untracked 
|  29|0x00000000c4b00000, 0x00000000c4b00000, 0x00000000c4c00000|  0%| F|  |TAMS 0x00000000c4b00000, 0x00000000c4b00000| Untracked 
|  30|0x00000000c4c00000, 0x00000000c4c00000, 0x00000000c4d00000|  0%| F|  |TAMS 0x00000000c4c00000, 0x00000000c4c00000| Untracked 
|  31|0x00000000c4d00000, 0x00000000c4d00000, 0x00000000c4e00000|  0%| F|  |TAMS 0x00000000c4d00000, 0x00000000c4d00000| Untracked 
|  32|0x00000000c4e00000, 0x00000000c4e00000, 0x00000000c4f00000|  0%| F|  |TAMS 0x00000000c4e00000, 0x00000000c4e00000| Untracked 
|  33|0x00000000c4f00000, 0x00000000c4f00000, 0x00000000c5000000|  0%| F|  |TAMS 0x00000000c4f00000, 0x00000000c4f00000| Untracked 
|  34|0x00000000c5000000, 0x00000000c5000000, 0x00000000c5100000|  0%| F|  |TAMS 0x00000000c5000000, 0x00000000c5000000| Untracked 
|  35|0x00000000c5100000, 0x00000000c5100000, 0x00000000c5200000|  0%| F|  |TAMS 0x00000000c5100000, 0x00000000c5100000| Untracked 
|  36|0x00000000c5200000, 0x00000000c5200000, 0x00000000c5300000|  0%| F|  |TAMS 0x00000000c5200000, 0x00000000c5200000| Untracked 
|  37|0x00000000c5300000, 0x00000000c5300000, 0x00000000c5400000|  0%| F|  |TAMS 0x00000000c5300000, 0x00000000c5300000| Untracked 
|  38|0x00000000c5400000, 0x00000000c5400000, 0x00000000c5500000|  0%| F|  |TAMS 0x00000000c5400000, 0x00000000c5400000| Untracked 
|  39|0x00000000c5500000, 0x00000000c5500000, 0x00000000c5600000|  0%| F|  |TAMS 0x00000000c5500000, 0x00000000c5500000| Untracked 
|  40|0x00000000c5600000, 0x00000000c5600000, 0x00000000c5700000|  0%| F|  |TAMS 0x00000000c5600000, 0x00000000c5600000| Untracked 
|  41|0x00000000c5700000, 0x00000000c5700000, 0x00000000c5800000|  0%| F|  |TAMS 0x00000000c5700000, 0x00000000c5700000| Untracked 
|  42|0x00000000c5800000, 0x00000000c5800000, 0x00000000c5900000|  0%| F|  |TAMS 0x00000000c5800000, 0x00000000c5800000| Untracked 
|  43|0x00000000c5900000, 0x00000000c5900000, 0x00000000c5a00000|  0%| F|  |TAMS 0x00000000c5900000, 0x00000000c5900000| Untracked 
|  44|0x00000000c5a00000, 0x00000000c5a00000, 0x00000000c5b00000|  0%| F|  |TAMS 0x00000000c5a00000, 0x00000000c5a00000| Untracked 
|  45|0x00000000c5b00000, 0x00000000c5b00000, 0x00000000c5c00000|  0%| F|  |TAMS 0x00000000c5b00000, 0x00000000c5b00000| Untracked 
|  46|0x00000000c5c00000, 0x00000000c5c00000, 0x00000000c5d00000|  0%| F|  |TAMS 0x00000000c5c00000, 0x00000000c5c00000| Untracked 
|  47|0x00000000c5d00000, 0x00000000c5d00000, 0x00000000c5e00000|  0%| F|  |TAMS 0x00000000c5d00000, 0x00000000c5d00000| Untracked 
|  48|0x00000000c5e00000, 0x00000000c5e00000, 0x00000000c5f00000|  0%| F|  |TAMS 0x00000000c5e00000, 0x00000000c5e00000| Untracked 
|  49|0x00000000c5f00000, 0x00000000c5f00000, 0x00000000c6000000|  0%| F|  |TAMS 0x00000000c5f00000, 0x00000000c5f00000| Untracked 
|  50|0x00000000c6000000, 0x00000000c6000000, 0x00000000c6100000|  0%| F|  |TAMS 0x00000000c6000000, 0x00000000c6000000| Untracked 
|  51|0x00000000c6100000, 0x00000000c6100000, 0x00000000c6200000|  0%| F|  |TAMS 0x00000000c6100000, 0x00000000c6100000| Untracked 
|  52|0x00000000c6200000, 0x00000000c6200000, 0x00000000c6300000|  0%| F|  |TAMS 0x00000000c6200000, 0x00000000c6200000| Untracked 
|  53|0x00000000c6300000, 0x00000000c6300000, 0x00000000c6400000|  0%| F|  |TAMS 0x00000000c6300000, 0x00000000c6300000| Untracked 
|  54|0x00000000c6400000, 0x00000000c64fc5f8, 0x00000000c6500000| 98%| S|CS|TAMS 0x00000000c6400000, 0x00000000c6400000| Complete 
|  55|0x00000000c6500000, 0x00000000c65dcaa0, 0x00000000c6600000| 86%| E|  |TAMS 0x00000000c6500000, 0x00000000c6500000| Complete 
|  56|0x00000000c6600000, 0x00000000c6700000, 0x00000000c6700000|100%| E|CS|TAMS 0x00000000c6600000, 0x00000000c6600000| Complete 
|  57|0x00000000c6700000, 0x00000000c6800000, 0x00000000c6800000|100%| E|CS|TAMS 0x00000000c6700000, 0x00000000c6700000| Complete 
|  58|0x00000000c6800000, 0x00000000c6900000, 0x00000000c6900000|100%| E|CS|TAMS 0x00000000c6800000, 0x00000000c6800000| Complete 
|  59|0x00000000c6900000, 0x00000000c6a00000, 0x00000000c6a00000|100%| E|CS|TAMS 0x00000000c6900000, 0x00000000c6900000| Complete 
|  60|0x00000000c6a00000, 0x00000000c6b00000, 0x00000000c6b00000|100%| E|CS|TAMS 0x00000000c6a00000, 0x00000000c6a00000| Complete 
|  61|0x00000000c6b00000, 0x00000000c6c00000, 0x00000000c6c00000|100%| E|CS|TAMS 0x00000000c6b00000, 0x00000000c6b00000| Complete 
| 976|0x00000000ffe00000, 0x00000000ffe47000, 0x00000000fff00000| 27%|OA|  |TAMS 0x00000000ffe00000, 0x00000000ffe00000| Untracked 
| 977|0x00000000fff00000, 0x00000000fff6b000, 0x0000000100000000| 41%|CA|  |TAMS 0x00000000fff00000, 0x00000000fff00000| Untracked 

Card table byte_map: [0x00007f5a53617000,0x00007f5a53800000] _byte_map_base: 0x00007f5a53000000

Marking Bits (Prev, Next): (CMBitMap*) 0x00007f5a6c049bc8, (CMBitMap*) 0x00007f5a6c049c00
 Prev Bits: [0x00007f5a524e6000, 0x00007f5a5342e000)
 Next Bits: [0x00007f5a5159e000, 0x00007f5a524e6000)

Polling page: 0x00007f5a7212c000

Metaspace:

Usage:
  Non-class:      5.76 MB capacity,     3.31 MB ( 57%) used,     2.45 MB ( 42%) free+waste,     5.81 KB ( <1%) overhead. 
      Class:    681.00 KB capacity,   407.09 KB ( 60%) used,   271.04 KB ( 40%) free+waste,     2.88 KB ( <1%) overhead. 
       Both:      6.43 MB capacity,     3.71 MB ( 58%) used,     2.71 MB ( 42%) free+waste,     8.69 KB ( <1%) overhead. 

Virtual space:
  Non-class space:        8.00 MB reserved,       6.00 MB ( 75%) committed 
      Class space:        1.00 GB reserved,     768.00 KB ( <1%) committed 
             Both:        1.01 GB reserved,       6.75 MB ( <1%) committed 

Chunk freelists:
   Non-Class:  27.00 KB
       Class:  23.00 KB
        Both:  50.00 KB

MaxMetaspaceSize: unlimited
CompressedClassSpaceSize: 1.00 GB
Initial GC threshold: 20.80 MB
Current GC threshold: 20.80 MB
CDS: on

CodeHeap 'non-profiled nmethods': size=120036Kb used=210Kb max_used=210Kb free=119825Kb
 bounds [0x00007f5a5b2c7000, 0x00007f5a5b537000, 0x00007f5a62800000]
CodeHeap 'profiled nmethods': size=120032Kb used=1276Kb max_used=1276Kb free=118755Kb
 bounds [0x00007f5a53d8f000, 0x00007f5a53fff000, 0x00007f5a5b2c7000]
CodeHeap 'non-nmethods': size=5692Kb used=1208Kb max_used=1223Kb free=4483Kb
 bounds [0x00007f5a53800000, 0x00007f5a53a70000, 0x00007f5a53d8f000]
 total_blobs=1093 nmethods=702 adapters=313
 compilation: enabled
              stopped_count=0, restarted_count=0
 full_count=0

Compilation events (20 events):
Event: 3.670 Thread 0x00007f5a6c130800  693       3       java.util.zip.CRC32::updateBytes (14 bytes)
Event: 3.670 Thread 0x00007f5a6c130800 nmethod 693 0x00007f5a53ec7610 code [0x00007f5a53ec77c0, 0x00007f5a53ec7920]
Event: 3.670 Thread 0x00007f5a6c130800  694       3       jdk.internal.loader.URLClassPath$JarLoader$2::getCodeSigners (8 bytes)
Event: 3.670 Thread 0x00007f5a6c130800 nmethod 694 0x00007f5a53ec7a10 code [0x00007f5a53ec7bc0, 0x00007f5a53ec7da0]
Event: 3.671 Thread 0x00007f5a6c130800  695   !   3       java.util.jar.JarFile$JarFileEntry::getCodeSigners (81 bytes)
Event: 3.671 Thread 0x00007f5a6c130800 nmethod 695 0x00007f5a53ec7e90 code [0x00007f5a53ec80c0, 0x00007f5a53ec86e0]
Event: 3.672 Thread 0x00007f5a6c12e800  696       4       java.util.zip.ZipUtils::LG (22 bytes)
Event: 3.673 Thread 0x00007f5a6c12e800 nmethod 696 0x00007f5a5b2fa710 code [0x00007f5a5b2fa8a0, 0x00007f5a5b2fa978]
Event: 3.678 Thread 0x00007f5a6c130800  697       3       java.lang.ref.PhantomReference::<init> (7 bytes)
Event: 3.678 Thread 0x00007f5a6c130800 nmethod 697 0x00007f5a53ec8910 code [0x00007f5a53ec8ae0, 0x00007f5a53ec8dd0]
Event: 3.678 Thread 0x00007f5a6c130800  699       3       jdk.internal.ref.CleanerFactory::cleaner (4 bytes)
Event: 3.678 Thread 0x00007f5a6c130800 nmethod 699 0x00007f5a53ec8e90 code [0x00007f5a53ec9040, 0x00007f5a53ec9130]
Event: 3.678 Thread 0x00007f5a6c130800  698   !   3       jdk.internal.ref.PhantomCleanable::insert (53 bytes)
Event: 3.678 Thread 0x00007f5a6c130800 nmethod 698 0x00007f5a53ec9190 code [0x00007f5a53ec9360, 0x00007f5a53ec97d0]
Event: 26.792 Thread 0x00007f5a6c12e800  700       4       java.util.ArrayList$Itr::next (66 bytes)
Event: 26.794 Thread 0x00007f5a6c12e800 nmethod 700 0x00007f5a5b2faa90 code [0x00007f5a5b2fac20, 0x00007f5a5b2fad58]
Event: 32.439 Thread 0x00007f5a6c12e800  701       4       java.lang.String::indexOf (7 bytes)
Event: 32.444 Thread 0x00007f5a6c130800  702   !   3       java.util.concurrent.ConcurrentHashMap::computeIfAbsent (576 bytes)
Event: 32.456 Thread 0x00007f5a6c12e800 nmethod 701 0x00007f5a5b2faf10 code [0x00007f5a5b2fb0a0, 0x00007f5a5b2fb298]
Event: 32.498 Thread 0x00007f5a6c130800 nmethod 702 0x00007f5a53ec9990 code [0x00007f5a53ec9e20, 0x00007f5a53eccfa0]

GC Heap History (2 events):
Event: 1.913 GC heap before
{Heap before GC invocations=0 (full 0):
 garbage-first heap   total 65536K, used 6856K [0x00000000c2e00000, 0x0000000100000000)
  region size 1024K, 7 young (7168K), 0 survivors (0K)
 Metaspace       used 2474K, capacity 5558K, committed 5760K, reserved 1056768K
  class space    used 262K, capacity 553K, committed 640K, reserved 1048576K
}
Event: 1.921 GC heap after
{Heap after GC invocations=1 (full 0):
 garbage-first heap   total 65536K, used 1721K [0x00000000c2e00000, 0x0000000100000000)
  region size 1024K, 1 young (1024K), 1 survivors (1024K)
 Metaspace       used 2474K, capacity 5558K, committed 5760K, reserved 1056768K
  class space    used 262K, capacity 553K, committed 640K, reserved 1048576K
}

Deoptimization events (20 events):
Event: 3.143 Thread 0x00007f5a6c019800 DEOPT PACKING pc=0x00007f5a53e6ead4 sp=0x00007f5a709fbfa0
Event: 3.143 Thread 0x00007f5a6c019800 DEOPT UNPACKING pc=0x00007f5a538499fa sp=0x00007f5a709fb490 mode 1
Event: 3.143 Thread 0x00007f5a6c019800 DEOPT PACKING pc=0x00007f5a53e6ead4 sp=0x00007f5a709fbfa0
Event: 3.143 Thread 0x00007f5a6c019800 DEOPT UNPACKING pc=0x00007f5a538499fa sp=0x00007f5a709fb490 mode 1
Event: 3.143 Thread 0x00007f5a6c019800 DEOPT PACKING pc=0x00007f5a53e6ead4 sp=0x00007f5a709fbfa0
Event: 3.143 Thread 0x00007f5a6c019800 DEOPT UNPACKING pc=0x00007f5a538499fa sp=0x00007f5a709fb490 mode 1
Event: 3.143 Thread 0x00007f5a6c019800 DEOPT PACKING pc=0x00007f5a53e6ead4 sp=0x00007f5a709fbfa0
Event: 3.143 Thread 0x00007f5a6c019800 DEOPT UNPACKING pc=0x00007f5a538499fa sp=0x00007f5a709fb490 mode 1
Event: 3.143 Thread 0x00007f5a6c019800 DEOPT PACKING pc=0x00007f5a53e6ead4 sp=0x00007f5a709fbfa0
Event: 3.143 Thread 0x00007f5a6c019800 DEOPT UNPACKING pc=0x00007f5a538499fa sp=0x00007f5a709fb490 mode 1
Event: 3.143 Thread 0x00007f5a6c019800 DEOPT PACKING pc=0x00007f5a53e6ead4 sp=0x00007f5a709fbfa0
Event: 3.143 Thread 0x00007f5a6c019800 DEOPT UNPACKING pc=0x00007f5a538499fa sp=0x00007f5a709fb490 mode 1
Event: 3.143 Thread 0x00007f5a6c019800 DEOPT PACKING pc=0x00007f5a53e6ead4 sp=0x00007f5a709fbfa0
Event: 3.143 Thread 0x00007f5a6c019800 DEOPT UNPACKING pc=0x00007f5a538499fa sp=0x00007f5a709fb490 mode 1
Event: 3.143 Thread 0x00007f5a6c019800 DEOPT PACKING pc=0x00007f5a53e6ead4 sp=0x00007f5a709fbfa0
Event: 3.143 Thread 0x00007f5a6c019800 DEOPT UNPACKING pc=0x00007f5a538499fa sp=0x00007f5a709fb490 mode 1
Event: 3.144 Thread 0x00007f5a6c019800 DEOPT PACKING pc=0x00007f5a53e6ead4 sp=0x00007f5a709fbfa0
Event: 3.144 Thread 0x00007f5a6c019800 DEOPT UNPACKING pc=0x00007f5a538499fa sp=0x00007f5a709fb490 mode 1
Event: 3.392 Thread 0x00007f5a6c019800 DEOPT PACKING pc=0x00007f5a53e0048a sp=0x00007f5a709fd470
Event: 3.392 Thread 0x00007f5a6c019800 DEOPT UNPACKING pc=0x00007f5a538499fa sp=0x00007f5a709fc918 mode 0

Classes redefined (0 events):
No events

Internal exceptions (20 events):
Event: 3.143 Thread 0x00007f5a6c019800 Exception <a 'java/security/PrivilegedActionException'{0x00000000c6845030}> (0x00000000c6845030) thrown at [./src/hotspot/share/prims/jvm.cpp, line 1304]
Event: 3.143 Thread 0x00007f5a6c019800 Exception <a 'java/security/PrivilegedActionException'{0x00000000c6845300}> (0x00000000c6845300) thrown at [./src/hotspot/share/prims/jvm.cpp, line 1304]
Event: 3.143 Thread 0x00007f5a6c019800 Exception <a 'java/security/PrivilegedActionException'{0x00000000c6845c50}> (0x00000000c6845c50) thrown at [./src/hotspot/share/prims/jvm.cpp, line 1304]
Event: 3.143 Thread 0x00007f5a6c019800 Exception <a 'java/security/PrivilegedActionException'{0x00000000c6845f20}> (0x00000000c6845f20) thrown at [./src/hotspot/share/prims/jvm.cpp, line 1304]
Event: 3.143 Thread 0x00007f5a6c019800 Exception <a 'java/security/PrivilegedActionException'{0x00000000c68468a8}> (0x00000000c68468a8) thrown at [./src/hotspot/share/prims/jvm.cpp, line 1304]
Event: 3.143 Thread 0x00007f5a6c019800 Exception <a 'java/security/PrivilegedActionException'{0x00000000c6846b78}> (0x00000000c6846b78) thrown at [./src/hotspot/share/prims/jvm.cpp, line 1304]
Event: 3.143 Thread 0x00007f5a6c019800 Exception <a 'java/security/PrivilegedActionException'{0x00000000c68474e8}> (0x00000000c68474e8) thrown at [./src/hotspot/share/prims/jvm.cpp, line 1304]
Event: 3.143 Thread 0x00007f5a6c019800 Exception <a 'java/security/PrivilegedActionException'{0x00000000c68477b8}> (0x00000000c68477b8) thrown at [./src/hotspot/share/prims/jvm.cpp, line 1304]
Event: 3.143 Thread 0x00007f5a6c019800 Exception <a 'java/security/PrivilegedActionException'{0x00000000c6848128}> (0x00000000c6848128) thrown at [./src/hotspot/share/prims/jvm.cpp, line 1304]
Event: 3.143 Thread 0x00007f5a6c019800 Exception <a 'java/security/PrivilegedActionException'{0x00000000c68483f8}> (0x00000000c68483f8) thrown at [./src/hotspot/share/prims/jvm.cpp, line 1304]
Event: 3.143 Thread 0x00007f5a6c019800 Exception <a 'java/security/PrivilegedActionException'{0x00000000c6848d80}> (0x00000000c6848d80) thrown at [./src/hotspot/share/prims/jvm.cpp, line 1304]
Event: 3.143 Thread 0x00007f5a6c019800 Exception <a 'java/security/PrivilegedActionException'{0x00000000c6849050}> (0x00000000c6849050) thrown at [./src/hotspot/share/prims/jvm.cpp, line 1304]
Event: 3.143 Thread 0x00007f5a6c019800 Exception <a 'java/security/PrivilegedActionException'{0x00000000c68499d8}> (0x00000000c68499d8) thrown at [./src/hotspot/share/prims/jvm.cpp, line 1304]
Event: 3.143 Thread 0x00007f5a6c019800 Exception <a 'java/security/PrivilegedActionException'{0x00000000c6849ca8}> (0x00000000c6849ca8) thrown at [./src/hotspot/share/prims/jvm.cpp, line 1304]
Event: 3.143 Thread 0x00007f5a6c019800 Exception <a 'java/security/PrivilegedActionException'{0x00000000c684a630}> (0x00000000c684a630) thrown at [./src/hotspot/share/prims/jvm.cpp, line 1304]
Event: 3.143 Thread 0x00007f5a6c019800 Exception <a 'java/security/PrivilegedActionException'{0x00000000c684a900}> (0x00000000c684a900) thrown at [./src/hotspot/share/prims/jvm.cpp, line 1304]
Event: 3.143 Thread 0x00007f5a6c019800 Exception <a 'java/security/PrivilegedActionException'{0x00000000c684b270}> (0x00000000c684b270) thrown at [./src/hotspot/share/prims/jvm.cpp, line 1304]
Event: 3.144 Thread 0x00007f5a6c019800 Exception <a 'java/security/PrivilegedActionException'{0x00000000c684b540}> (0x00000000c684b540) thrown at [./src/hotspot/share/prims/jvm.cpp, line 1304]
Event: 3.144 Thread 0x00007f5a6c019800 Exception <a 'java/security/PrivilegedActionException'{0x00000000c684bec8}> (0x00000000c684bec8) thrown at [./src/hotspot/share/prims/jvm.cpp, line 1304]
Event: 3.144 Thread 0x00007f5a6c019800 Exception <a 'java/security/PrivilegedActionException'{0x00000000c684c198}> (0x00000000c684c198) thrown at [./src/hotspot/share/prims/jvm.cpp, line 1304]

Events (20 events):
Event: 246.800 Executing VM operation: ChangeSingleStep
Event: 246.800 Executing VM operation: ChangeSingleStep done
Event: 246.802 Executing VM operation: ChangeSingleStep
Event: 246.802 Executing VM operation: ChangeSingleStep done
Event: 246.804 Executing VM operation: GetCurrentLocation
Event: 246.804 Executing VM operation: GetCurrentLocation done
Event: 246.804 Executing VM operation: ChangeSingleStep
Event: 246.804 Executing VM operation: ChangeSingleStep done
Event: 246.805 Executing VM operation: ChangeSingleStep
Event: 246.805 Executing VM operation: ChangeSingleStep done
Event: 246.805 Executing VM operation: GetCurrentLocation
Event: 246.805 Executing VM operation: GetCurrentLocation done
Event: 246.807 Executing VM operation: ChangeSingleStep
Event: 246.807 Executing VM operation: ChangeSingleStep done
Event: 246.808 Executing VM operation: ChangeSingleStep
Event: 246.808 Executing VM operation: ChangeSingleStep done
Event: 246.809 Executing VM operation: GetCurrentLocation
Event: 246.809 Executing VM operation: GetCurrentLocation done
Event: 246.809 Executing VM operation: ChangeSingleStep
Event: 246.809 Executing VM operation: ChangeSingleStep done


Dynamic libraries:
c2e00000-c6c00000 rw-p 00000000 00:00 0 
c6c00000-ffe00000 ---p 00000000 00:00 0 
ffe00000-ffe47000 rw-p 00b0a000 08:03 1060156                            /usr/lib/jvm/java-11-openjdk-amd64/lib/server/classes.jsa
ffe47000-fff00000 rw-p 00000000 00:00 0 
fff00000-fff6b000 rw-p 00a9f000 08:03 1060156                            /usr/lib/jvm/java-11-openjdk-amd64/lib/server/classes.jsa
fff6b000-100000000 rw-p 00000000 00:00 0 
800000000-800002000 rwxp 00001000 08:03 1060156                          /usr/lib/jvm/java-11-openjdk-amd64/lib/server/classes.jsa
800002000-800a9e000 rw-p 00003000 08:03 1060156                          /usr/lib/jvm/java-11-openjdk-amd64/lib/server/classes.jsa
840000000-8400c0000 rw-p 00000000 00:00 0 
8400c0000-880000000 ---p 00000000 00:00 0 
55fce0932000-55fce0933000 r--p 00000000 08:03 1058673                    /usr/lib/jvm/java-11-openjdk-amd64/bin/java
55fce0933000-55fce0934000 r-xp 00001000 08:03 1058673                    /usr/lib/jvm/java-11-openjdk-amd64/bin/java
55fce0934000-55fce0935000 r--p 00002000 08:03 1058673                    /usr/lib/jvm/java-11-openjdk-amd64/bin/java
55fce0935000-55fce0936000 r--p 00002000 08:03 1058673                    /usr/lib/jvm/java-11-openjdk-amd64/bin/java
55fce0936000-55fce0937000 rw-p 00003000 08:03 1058673                    /usr/lib/jvm/java-11-openjdk-amd64/bin/java
55fce232e000-55fce2391000 rw-p 00000000 00:00 0                          [heap]
7f5a0d400000-7f5a0dd26000 r--p 00000000 08:03 1579535                    /home/doudou/.javacpp/cache/llvm-13.0.1-1.5.7-linux-x86_64.jar/org/bytedeco/llvm/linux-x86_64/libLLVM-13.so
7f5a0dd26000-7f5a116e9000 r-xp 00926000 08:03 1579535                    /home/doudou/.javacpp/cache/llvm-13.0.1-1.5.7-linux-x86_64.jar/org/bytedeco/llvm/linux-x86_64/libLLVM-13.so
7f5a116e9000-7f5a1393e000 r--p 042e9000 08:03 1579535                    /home/doudou/.javacpp/cache/llvm-13.0.1-1.5.7-linux-x86_64.jar/org/bytedeco/llvm/linux-x86_64/libLLVM-13.so
7f5a1393e000-7f5a13e53000 r--p 0653d000 08:03 1579535                    /home/doudou/.javacpp/cache/llvm-13.0.1-1.5.7-linux-x86_64.jar/org/bytedeco/llvm/linux-x86_64/libLLVM-13.so
7f5a13e53000-7f5a13e5e000 rw-p 06a52000 08:03 1579535                    /home/doudou/.javacpp/cache/llvm-13.0.1-1.5.7-linux-x86_64.jar/org/bytedeco/llvm/linux-x86_64/libLLVM-13.so
7f5a13e5e000-7f5a13ed4000 rw-p 00000000 00:00 0 
7f5a14000000-7f5a14021000 rw-p 00000000 00:00 0 
7f5a14021000-7f5a18000000 ---p 00000000 00:00 0 
7f5a18000000-7f5a18021000 rw-p 00000000 00:00 0 
7f5a18021000-7f5a1c000000 ---p 00000000 00:00 0 
7f5a1c000000-7f5a1c2f0000 rw-p 00000000 00:00 0 
7f5a1c2f0000-7f5a20000000 ---p 00000000 00:00 0 
7f5a20000000-7f5a203f8000 rw-p 00000000 00:00 0 
7f5a203f8000-7f5a24000000 ---p 00000000 00:00 0 
7f5a24000000-7f5a24021000 rw-p 00000000 00:00 0 
7f5a24021000-7f5a28000000 ---p 00000000 00:00 0 
7f5a28000000-7f5a28021000 rw-p 00000000 00:00 0 
7f5a28021000-7f5a2c000000 ---p 00000000 00:00 0 
7f5a2c000000-7f5a2c021000 rw-p 00000000 00:00 0 
7f5a2c021000-7f5a30000000 ---p 00000000 00:00 0 
7f5a30000000-7f5a30021000 rw-p 00000000 00:00 0 
7f5a30021000-7f5a34000000 ---p 00000000 00:00 0 
7f5a34000000-7f5a34021000 rw-p 00000000 00:00 0 
7f5a34021000-7f5a38000000 ---p 00000000 00:00 0 
7f5a38000000-7f5a38021000 rw-p 00000000 00:00 0 
7f5a38021000-7f5a3c000000 ---p 00000000 00:00 0 
7f5a3c000000-7f5a3c021000 rw-p 00000000 00:00 0 
7f5a3c021000-7f5a40000000 ---p 00000000 00:00 0 
7f5a417f6000-7f5a4185b000 r--p 00000000 08:03 1579540                    /home/doudou/.javacpp/cache/llvm-13.0.1-1.5.7-linux-x86_64.jar/org/bytedeco/llvm/linux-x86_64/libjniLLVM.so
7f5a4185b000-7f5a418c9000 r-xp 00065000 08:03 1579540                    /home/doudou/.javacpp/cache/llvm-13.0.1-1.5.7-linux-x86_64.jar/org/bytedeco/llvm/linux-x86_64/libjniLLVM.so
7f5a418c9000-7f5a418f4000 r--p 000d3000 08:03 1579540                    /home/doudou/.javacpp/cache/llvm-13.0.1-1.5.7-linux-x86_64.jar/org/bytedeco/llvm/linux-x86_64/libjniLLVM.so
7f5a418f4000-7f5a418f7000 r--p 000fd000 08:03 1579540                    /home/doudou/.javacpp/cache/llvm-13.0.1-1.5.7-linux-x86_64.jar/org/bytedeco/llvm/linux-x86_64/libjniLLVM.so
7f5a418f7000-7f5a418fa000 rw-p 00100000 08:03 1579540                    /home/doudou/.javacpp/cache/llvm-13.0.1-1.5.7-linux-x86_64.jar/org/bytedeco/llvm/linux-x86_64/libjniLLVM.so
7f5a418fa000-7f5a418fc000 rw-p 00000000 00:00 0 
7f5a418fc000-7f5a418fd000 ---p 00000000 00:00 0 
7f5a418fd000-7f5a419fe000 rw-p 00000000 00:00 0 
7f5a419fe000-7f5a41a02000 ---p 00000000 00:00 0 
7f5a41a02000-7f5a41afe000 rw-p 00000000 00:00 0 
7f5a41afe000-7f5a41aff000 ---p 00000000 00:00 0 
7f5a41aff000-7f5a41c00000 rw-p 00000000 00:00 0 
7f5a41c00000-7f5a41c04000 ---p 00000000 00:00 0 
7f5a41c04000-7f5a41d00000 rw-p 00000000 00:00 0 
7f5a41d00000-7f5a41d04000 ---p 00000000 00:00 0 
7f5a41d04000-7f5a41e00000 rw-p 00000000 00:00 0 
7f5a41e00000-7f5a41e04000 ---p 00000000 00:00 0 
7f5a41e04000-7f5a41f00000 rw-p 00000000 00:00 0 
7f5a41f00000-7f5a41f04000 ---p 00000000 00:00 0 
7f5a41f04000-7f5a44000000 rw-p 00000000 00:00 0 
7f5a44000000-7f5a44021000 rw-p 00000000 00:00 0 
7f5a44021000-7f5a48000000 ---p 00000000 00:00 0 
7f5a48000000-7f5a48021000 rw-p 00000000 00:00 0 
7f5a48021000-7f5a4c000000 ---p 00000000 00:00 0 
7f5a4c000000-7f5a4c021000 rw-p 00000000 00:00 0 
7f5a4c021000-7f5a50000000 ---p 00000000 00:00 0 
7f5a50013000-7f5a50017000 ---p 00000000 00:00 0 
7f5a50017000-7f5a50113000 rw-p 00000000 00:00 0 
7f5a50113000-7f5a50117000 ---p 00000000 00:00 0 
7f5a50117000-7f5a50213000 rw-p 00000000 00:00 0 
7f5a50213000-7f5a50217000 ---p 00000000 00:00 0 
7f5a50217000-7f5a50313000 rw-p 00000000 00:00 0 
7f5a50313000-7f5a50317000 ---p 00000000 00:00 0 
7f5a50317000-7f5a50413000 rw-p 00000000 00:00 0 
7f5a50413000-7f5a50417000 ---p 00000000 00:00 0 
7f5a50417000-7f5a50513000 rw-p 00000000 00:00 0 
7f5a50513000-7f5a50517000 ---p 00000000 00:00 0 
7f5a50517000-7f5a50613000 rw-p 00000000 00:00 0 
7f5a50613000-7f5a50617000 ---p 00000000 00:00 0 
7f5a50617000-7f5a50713000 rw-p 00000000 00:00 0 
7f5a50713000-7f5a50714000 ---p 00000000 00:00 0 
7f5a50714000-7f5a50e96000 rw-p 00000000 00:00 0 
7f5a50e96000-7f5a51096000 ---p 00000000 00:00 0 
7f5a51096000-7f5a51097000 ---p 00000000 00:00 0 
7f5a51097000-7f5a51198000 rw-p 00000000 00:00 0 
7f5a51198000-7f5a51199000 ---p 00000000 00:00 0 
7f5a51199000-7f5a5149c000 rw-p 00000000 00:00 0 
7f5a5149c000-7f5a5149d000 ---p 00000000 00:00 0 
7f5a5149d000-7f5a51696000 rw-p 00000000 00:00 0 
7f5a51696000-7f5a524de000 ---p 00000000 00:00 0 
7f5a524de000-7f5a525de000 rw-p 00000000 00:00 0 
7f5a525de000-7f5a53426000 ---p 00000000 00:00 0 
7f5a53426000-7f5a5344d000 rw-p 00000000 00:00 0 
7f5a5344d000-7f5a53616000 ---p 00000000 00:00 0 
7f5a53616000-7f5a53636000 rw-p 00000000 00:00 0 
7f5a53636000-7f5a537ff000 ---p 00000000 00:00 0 
7f5a537ff000-7f5a53800000 rw-p 00000000 00:00 0 
7f5a53800000-7f5a53a70000 rwxp 00000000 00:00 0 
7f5a53a70000-7f5a53d8f000 ---p 00000000 00:00 0 
7f5a53d8f000-7f5a53fff000 rwxp 00000000 00:00 0 
7f5a53fff000-7f5a5b2c7000 ---p 00000000 00:00 0 
7f5a5b2c7000-7f5a5b537000 rwxp 00000000 00:00 0 
7f5a5b537000-7f5a62800000 ---p 00000000 00:00 0 
7f5a62800000-7f5a635e7000 r--p 00000000 08:03 534858                     /usr/lib/locale/locale-archive
7f5a63600000-7f5a6be0b000 r--s 00000000 08:03 1058832                    /usr/lib/jvm/java-11-openjdk-amd64/lib/modules
7f5a6be17000-7f5a6be36000 rw-p 00000000 00:00 0 
7f5a6be36000-7f5a6bfff000 ---p 00000000 00:00 0 
7f5a6bfff000-7f5a6c000000 rw-p 00000000 00:00 0 
7f5a6c000000-7f5a6c416000 rw-p 00000000 00:00 0 
7f5a6c416000-7f5a70000000 ---p 00000000 00:00 0 
7f5a70024000-7f5a70025000 ---p 00000000 00:00 0 
7f5a70025000-7f5a70328000 rw-p 00000000 00:00 0 
7f5a70328000-7f5a70329000 ---p 00000000 00:00 0 
7f5a70329000-7f5a7042f000 rw-p 00000000 00:00 0 
7f5a7042f000-7f5a70515000 ---p 00000000 00:00 0 
7f5a70515000-7f5a7051a000 rw-p 00000000 00:00 0 
7f5a7051a000-7f5a70600000 ---p 00000000 00:00 0 
7f5a70600000-7f5a7069a000 r--p 00000000 08:03 552221                     /usr/lib/x86_64-linux-gnu/libstdc++.so.6.0.30
7f5a7069a000-7f5a707aa000 r-xp 0009a000 08:03 552221                     /usr/lib/x86_64-linux-gnu/libstdc++.so.6.0.30
7f5a707aa000-7f5a70819000 r--p 001aa000 08:03 552221                     /usr/lib/x86_64-linux-gnu/libstdc++.so.6.0.30
7f5a70819000-7f5a70824000 r--p 00218000 08:03 552221                     /usr/lib/x86_64-linux-gnu/libstdc++.so.6.0.30
7f5a70824000-7f5a70827000 rw-p 00223000 08:03 552221                     /usr/lib/x86_64-linux-gnu/libstdc++.so.6.0.30
7f5a70827000-7f5a7082a000 rw-p 00000000 00:00 0 
7f5a70869000-7f5a70870000 r--p 00000000 08:03 1579536                    /home/doudou/.javacpp/cache/llvm-13.0.1-1.5.7-linux-x86_64.jar/org/bytedeco/llvm/linux-x86_64/libLTO.so.13
7f5a70870000-7f5a70878000 r-xp 00007000 08:03 1579536                    /home/doudou/.javacpp/cache/llvm-13.0.1-1.5.7-linux-x86_64.jar/org/bytedeco/llvm/linux-x86_64/libLTO.so.13
7f5a70878000-7f5a7087a000 r--p 0000f000 08:03 1579536                    /home/doudou/.javacpp/cache/llvm-13.0.1-1.5.7-linux-x86_64.jar/org/bytedeco/llvm/linux-x86_64/libLTO.so.13
7f5a7087a000-7f5a7087b000 r--p 00010000 08:03 1579536                    /home/doudou/.javacpp/cache/llvm-13.0.1-1.5.7-linux-x86_64.jar/org/bytedeco/llvm/linux-x86_64/libLTO.so.13
7f5a7087b000-7f5a7087c000 rw-p 00011000 08:03 1579536                    /home/doudou/.javacpp/cache/llvm-13.0.1-1.5.7-linux-x86_64.jar/org/bytedeco/llvm/linux-x86_64/libLTO.so.13
7f5a7087c000-7f5a70880000 r--p 00000000 08:03 1579530                    /home/doudou/.javacpp/cache/javacpp-1.5.7-linux-x86_64.jar/org/bytedeco/javacpp/linux-x86_64/libjnijavacpp.so
7f5a70880000-7f5a70887000 r-xp 00004000 08:03 1579530                    /home/doudou/.javacpp/cache/javacpp-1.5.7-linux-x86_64.jar/org/bytedeco/javacpp/linux-x86_64/libjnijavacpp.so
7f5a70887000-7f5a7088b000 r--p 0000b000 08:03 1579530                    /home/doudou/.javacpp/cache/javacpp-1.5.7-linux-x86_64.jar/org/bytedeco/javacpp/linux-x86_64/libjnijavacpp.so
7f5a7088b000-7f5a7088c000 r--p 0000e000 08:03 1579530                    /home/doudou/.javacpp/cache/javacpp-1.5.7-linux-x86_64.jar/org/bytedeco/javacpp/linux-x86_64/libjnijavacpp.so
7f5a7088c000-7f5a7088d000 rw-p 0000f000 08:03 1579530                    /home/doudou/.javacpp/cache/javacpp-1.5.7-linux-x86_64.jar/org/bytedeco/javacpp/linux-x86_64/libjnijavacpp.so
7f5a7088d000-7f5a70891000 r--p 00000000 08:03 1058822                    /usr/lib/jvm/java-11-openjdk-amd64/lib/libnet.so
7f5a70891000-7f5a7089f000 r-xp 00004000 08:03 1058822                    /usr/lib/jvm/java-11-openjdk-amd64/lib/libnet.so
7f5a7089f000-7f5a708a3000 r--p 00012000 08:03 1058822                    /usr/lib/jvm/java-11-openjdk-amd64/lib/libnet.so
7f5a708a3000-7f5a708a4000 r--p 00015000 08:03 1058822                    /usr/lib/jvm/java-11-openjdk-amd64/lib/libnet.so
7f5a708a4000-7f5a708a5000 rw-p 00016000 08:03 1058822                    /usr/lib/jvm/java-11-openjdk-amd64/lib/libnet.so
7f5a708a5000-7f5a70900000 rw-p 00000000 00:00 0 
7f5a70900000-7f5a70904000 ---p 00000000 00:00 0 
7f5a70904000-7f5a70a00000 rw-p 00000000 00:00 0 
7f5a70a00000-7f5a70c82000 r--p 00000000 08:03 1058837                    /usr/lib/jvm/java-11-openjdk-amd64/lib/server/libjvm.so
7f5a70c82000-7f5a7191e000 r-xp 00282000 08:03 1058837                    /usr/lib/jvm/java-11-openjdk-amd64/lib/server/libjvm.so
7f5a7191e000-7f5a71b79000 r--p 00f1e000 08:03 1058837                    /usr/lib/jvm/java-11-openjdk-amd64/lib/server/libjvm.so
7f5a71b79000-7f5a71b7a000 ---p 01179000 08:03 1058837                    /usr/lib/jvm/java-11-openjdk-amd64/lib/server/libjvm.so
7f5a71b7a000-7f5a71c3e000 r--p 01179000 08:03 1058837                    /usr/lib/jvm/java-11-openjdk-amd64/lib/server/libjvm.so
7f5a71c3e000-7f5a71c79000 rw-p 0123d000 08:03 1058837                    /usr/lib/jvm/java-11-openjdk-amd64/lib/server/libjvm.so
7f5a71c79000-7f5a71cd0000 rw-p 00000000 00:00 0 
7f5a71cd1000-7f5a71cd2000 r--p 00000000 08:03 1579538                    /home/doudou/.javacpp/cache/llvm-13.0.1-1.5.7-linux-x86_64.jar/org/bytedeco/llvm/linux-x86_64/libRemarks.so.13
7f5a71cd2000-7f5a71cd3000 r-xp 00001000 08:03 1579538                    /home/doudou/.javacpp/cache/llvm-13.0.1-1.5.7-linux-x86_64.jar/org/bytedeco/llvm/linux-x86_64/libRemarks.so.13
7f5a71cd3000-7f5a71cd4000 r--p 00002000 08:03 1579538                    /home/doudou/.javacpp/cache/llvm-13.0.1-1.5.7-linux-x86_64.jar/org/bytedeco/llvm/linux-x86_64/libRemarks.so.13
7f5a71cd4000-7f5a71cd5000 r--p 00002000 08:03 1579538                    /home/doudou/.javacpp/cache/llvm-13.0.1-1.5.7-linux-x86_64.jar/org/bytedeco/llvm/linux-x86_64/libRemarks.so.13
7f5a71cd5000-7f5a71cd6000 rw-p 00003000 08:03 1579538                    /home/doudou/.javacpp/cache/llvm-13.0.1-1.5.7-linux-x86_64.jar/org/bytedeco/llvm/linux-x86_64/libRemarks.so.13
7f5a71cd6000-7f5a71cd7000 r--p 00000000 08:03 551276                     /usr/lib/x86_64-linux-gnu/libdl.so.2
7f5a71cd7000-7f5a71cd8000 r-xp 00001000 08:03 551276                     /usr/lib/x86_64-linux-gnu/libdl.so.2
7f5a71cd8000-7f5a71cd9000 r--p 00002000 08:03 551276                     /usr/lib/x86_64-linux-gnu/libdl.so.2
7f5a71cd9000-7f5a71cda000 r--p 00002000 08:03 551276                     /usr/lib/x86_64-linux-gnu/libdl.so.2
7f5a71cda000-7f5a71cdb000 rw-p 00003000 08:03 551276                     /usr/lib/x86_64-linux-gnu/libdl.so.2
7f5a71cdb000-7f5a71ce2000 r--p 00000000 08:03 1058823                    /usr/lib/jvm/java-11-openjdk-amd64/lib/libnio.so
7f5a71ce2000-7f5a71cea000 r-xp 00007000 08:03 1058823                    /usr/lib/jvm/java-11-openjdk-amd64/lib/libnio.so
7f5a71cea000-7f5a71ced000 r--p 0000f000 08:03 1058823                    /usr/lib/jvm/java-11-openjdk-amd64/lib/libnio.so
7f5a71ced000-7f5a71cee000 r--p 00011000 08:03 1058823                    /usr/lib/jvm/java-11-openjdk-amd64/lib/libnio.so
7f5a71cee000-7f5a71cef000 rw-p 00012000 08:03 1058823                    /usr/lib/jvm/java-11-openjdk-amd64/lib/libnio.so
7f5a71cef000-7f5a71cf1000 r--p 00000000 08:03 1058803                    /usr/lib/jvm/java-11-openjdk-amd64/lib/libdt_socket.so
7f5a71cf1000-7f5a71cf4000 r-xp 00002000 08:03 1058803                    /usr/lib/jvm/java-11-openjdk-amd64/lib/libdt_socket.so
7f5a71cf4000-7f5a71cf5000 r--p 00005000 08:03 1058803                    /usr/lib/jvm/java-11-openjdk-amd64/lib/libdt_socket.so
7f5a71cf5000-7f5a71cf6000 ---p 00006000 08:03 1058803                    /usr/lib/jvm/java-11-openjdk-amd64/lib/libdt_socket.so
7f5a71cf6000-7f5a71cf7000 r--p 00006000 08:03 1058803                    /usr/lib/jvm/java-11-openjdk-amd64/lib/libdt_socket.so
7f5a71cf7000-7f5a71cf8000 rw-p 00007000 08:03 1058803                    /usr/lib/jvm/java-11-openjdk-amd64/lib/libdt_socket.so
7f5a71cf8000-7f5a71d19000 rw-p 00000000 00:00 0 
7f5a71d19000-7f5a71d27000 r--p 00000000 08:03 551785                     /usr/lib/x86_64-linux-gnu/libm.so.6
7f5a71d27000-7f5a71da3000 r-xp 0000e000 08:03 551785                     /usr/lib/x86_64-linux-gnu/libm.so.6
7f5a71da3000-7f5a71dfe000 r--p 0008a000 08:03 551785                     /usr/lib/x86_64-linux-gnu/libm.so.6
7f5a71dfe000-7f5a71dff000 r--p 000e4000 08:03 551785                     /usr/lib/x86_64-linux-gnu/libm.so.6
7f5a71dff000-7f5a71e00000 rw-p 000e5000 08:03 551785                     /usr/lib/x86_64-linux-gnu/libm.so.6
7f5a71e00000-7f5a71e28000 r--p 00000000 08:03 551134                     /usr/lib/x86_64-linux-gnu/libc.so.6
7f5a71e28000-7f5a71fbd000 r-xp 00028000 08:03 551134                     /usr/lib/x86_64-linux-gnu/libc.so.6
7f5a71fbd000-7f5a72015000 r--p 001bd000 08:03 551134                     /usr/lib/x86_64-linux-gnu/libc.so.6
7f5a72015000-7f5a72019000 r--p 00214000 08:03 551134                     /usr/lib/x86_64-linux-gnu/libc.so.6
7f5a72019000-7f5a7201b000 rw-p 00218000 08:03 551134                     /usr/lib/x86_64-linux-gnu/libc.so.6
7f5a7201b000-7f5a72028000 rw-p 00000000 00:00 0 
7f5a72029000-7f5a7202a000 r--p 00000000 08:03 552054                     /usr/lib/x86_64-linux-gnu/libpthread.so.0
7f5a7202a000-7f5a7202b000 r-xp 00001000 08:03 552054                     /usr/lib/x86_64-linux-gnu/libpthread.so.0
7f5a7202b000-7f5a7202c000 r--p 00002000 08:03 552054                     /usr/lib/x86_64-linux-gnu/libpthread.so.0
7f5a7202c000-7f5a7202d000 r--p 00002000 08:03 552054                     /usr/lib/x86_64-linux-gnu/libpthread.so.0
7f5a7202d000-7f5a7202e000 rw-p 00003000 08:03 552054                     /usr/lib/x86_64-linux-gnu/libpthread.so.0
7f5a7202e000-7f5a72035000 r--s 00000000 08:03 553557                     /usr/lib/x86_64-linux-gnu/gconv/gconv-modules.cache
7f5a72035000-7f5a7203a000 rw-p 00000000 00:00 0 
7f5a7203a000-7f5a72041000 ---p 00000000 00:00 0 
7f5a72041000-7f5a72047000 r--s 000f8000 07:0c 1466                       /snap/intellij-idea-ultimate/437/plugins/java/lib/rt/debugger-agent.jar
7f5a72047000-7f5a72049000 r--p 00000000 08:03 1058831                    /usr/lib/jvm/java-11-openjdk-amd64/lib/libzip.so
7f5a72049000-7f5a7204e000 r-xp 00002000 08:03 1058831                    /usr/lib/jvm/java-11-openjdk-amd64/lib/libzip.so
7f5a7204e000-7f5a72050000 r--p 00007000 08:03 1058831                    /usr/lib/jvm/java-11-openjdk-amd64/lib/libzip.so
7f5a72050000-7f5a72051000 r--p 00008000 08:03 1058831                    /usr/lib/jvm/java-11-openjdk-amd64/lib/libzip.so
7f5a72051000-7f5a72052000 rw-p 00009000 08:03 1058831                    /usr/lib/jvm/java-11-openjdk-amd64/lib/libzip.so
7f5a72052000-7f5a7205a000 rw-s 00000000 08:03 262227                     /tmp/hsperfdata_doudou/35353
7f5a7205a000-7f5a7205c000 r--p 00000000 08:03 1058806                    /usr/lib/jvm/java-11-openjdk-amd64/lib/libinstrument.so
7f5a7205c000-7f5a72063000 r-xp 00002000 08:03 1058806                    /usr/lib/jvm/java-11-openjdk-amd64/lib/libinstrument.so
7f5a72063000-7f5a72066000 r--p 00009000 08:03 1058806                    /usr/lib/jvm/java-11-openjdk-amd64/lib/libinstrument.so
7f5a72066000-7f5a72067000 r--p 0000b000 08:03 1058806                    /usr/lib/jvm/java-11-openjdk-amd64/lib/libinstrument.so
7f5a72067000-7f5a72068000 rw-p 0000c000 08:03 1058806                    /usr/lib/jvm/java-11-openjdk-amd64/lib/libinstrument.so
7f5a72068000-7f5a7206a000 r--p 00000000 08:03 1058813                    /usr/lib/jvm/java-11-openjdk-amd64/lib/libjdwp.so
7f5a7206a000-7f5a72096000 r-xp 00002000 08:03 1058813                    /usr/lib/jvm/java-11-openjdk-amd64/lib/libjdwp.so
7f5a72096000-7f5a720a4000 r--p 0002e000 08:03 1058813                    /usr/lib/jvm/java-11-openjdk-amd64/lib/libjdwp.so
7f5a720a4000-7f5a720a5000 r--p 0003b000 08:03 1058813                    /usr/lib/jvm/java-11-openjdk-amd64/lib/libjdwp.so
7f5a720a5000-7f5a720a6000 rw-p 0003c000 08:03 1058813                    /usr/lib/jvm/java-11-openjdk-amd64/lib/libjdwp.so
7f5a720a6000-7f5a720b4000 r--p 00000000 08:03 1058811                    /usr/lib/jvm/java-11-openjdk-amd64/lib/libjava.so
7f5a720b4000-7f5a720ca000 r-xp 0000e000 08:03 1058811                    /usr/lib/jvm/java-11-openjdk-amd64/lib/libjava.so
7f5a720ca000-7f5a720d1000 r--p 00024000 08:03 1058811                    /usr/lib/jvm/java-11-openjdk-amd64/lib/libjava.so
7f5a720d1000-7f5a720d2000 r--p 0002a000 08:03 1058811                    /usr/lib/jvm/java-11-openjdk-amd64/lib/libjava.so
7f5a720d2000-7f5a720d3000 rw-p 0002b000 08:03 1058811                    /usr/lib/jvm/java-11-openjdk-amd64/lib/libjava.so
7f5a720d3000-7f5a720d4000 rw-p 00000000 00:00 0 
7f5a720d4000-7f5a720d9000 r--p 00000000 08:03 1058830                    /usr/lib/jvm/java-11-openjdk-amd64/lib/libverify.so
7f5a720d9000-7f5a720e0000 r-xp 00005000 08:03 1058830                    /usr/lib/jvm/java-11-openjdk-amd64/lib/libverify.so
7f5a720e0000-7f5a720e2000 r--p 0000c000 08:03 1058830                    /usr/lib/jvm/java-11-openjdk-amd64/lib/libverify.so
7f5a720e2000-7f5a720e4000 r--p 0000d000 08:03 1058830                    /usr/lib/jvm/java-11-openjdk-amd64/lib/libverify.so
7f5a720e4000-7f5a720e5000 rw-p 0000f000 08:03 1058830                    /usr/lib/jvm/java-11-openjdk-amd64/lib/libverify.so
7f5a720e5000-7f5a720e6000 r--p 00000000 08:03 552110                     /usr/lib/x86_64-linux-gnu/librt.so.1
7f5a720e6000-7f5a720e7000 r-xp 00001000 08:03 552110                     /usr/lib/x86_64-linux-gnu/librt.so.1
7f5a720e7000-7f5a720e8000 r--p 00002000 08:03 552110                     /usr/lib/x86_64-linux-gnu/librt.so.1
7f5a720e8000-7f5a720e9000 r--p 00002000 08:03 552110                     /usr/lib/x86_64-linux-gnu/librt.so.1
7f5a720e9000-7f5a720ea000 rw-p 00003000 08:03 552110                     /usr/lib/x86_64-linux-gnu/librt.so.1
7f5a720ea000-7f5a720ed000 r--p 00000000 08:03 551433                     /usr/lib/x86_64-linux-gnu/libgcc_s.so.1
7f5a720ed000-7f5a72104000 r-xp 00003000 08:03 551433                     /usr/lib/x86_64-linux-gnu/libgcc_s.so.1
7f5a72104000-7f5a72108000 r--p 0001a000 08:03 551433                     /usr/lib/x86_64-linux-gnu/libgcc_s.so.1
7f5a72108000-7f5a72109000 r--p 0001d000 08:03 551433                     /usr/lib/x86_64-linux-gnu/libgcc_s.so.1
7f5a72109000-7f5a7210a000 rw-p 0001e000 08:03 551433                     /usr/lib/x86_64-linux-gnu/libgcc_s.so.1
7f5a7210a000-7f5a7210c000 rw-p 00000000 00:00 0 
7f5a7210c000-7f5a7210e000 r--p 00000000 08:03 552488                     /usr/lib/x86_64-linux-gnu/libz.so.1.2.11
7f5a7210e000-7f5a7211f000 r-xp 00002000 08:03 552488                     /usr/lib/x86_64-linux-gnu/libz.so.1.2.11
7f5a7211f000-7f5a72125000 r--p 00013000 08:03 552488                     /usr/lib/x86_64-linux-gnu/libz.so.1.2.11
7f5a72125000-7f5a72126000 ---p 00019000 08:03 552488                     /usr/lib/x86_64-linux-gnu/libz.so.1.2.11
7f5a72126000-7f5a72127000 r--p 00019000 08:03 552488                     /usr/lib/x86_64-linux-gnu/libz.so.1.2.11
7f5a72127000-7f5a72128000 rw-p 0001a000 08:03 552488                     /usr/lib/x86_64-linux-gnu/libz.so.1.2.11
7f5a7212c000-7f5a7212d000 ---p 00000000 00:00 0 
7f5a7212d000-7f5a7212e000 r--p 00000000 00:00 0 
7f5a7212e000-7f5a72130000 r--p 00000000 08:03 1058814                    /usr/lib/jvm/java-11-openjdk-amd64/lib/libjimage.so
7f5a72130000-7f5a72133000 r-xp 00002000 08:03 1058814                    /usr/lib/jvm/java-11-openjdk-amd64/lib/libjimage.so
7f5a72133000-7f5a72134000 r--p 00005000 08:03 1058814                    /usr/lib/jvm/java-11-openjdk-amd64/lib/libjimage.so
7f5a72134000-7f5a72135000 ---p 00006000 08:03 1058814                    /usr/lib/jvm/java-11-openjdk-amd64/lib/libjimage.so
7f5a72135000-7f5a72136000 r--p 00006000 08:03 1058814                    /usr/lib/jvm/java-11-openjdk-amd64/lib/libjimage.so
7f5a72136000-7f5a72137000 rw-p 00007000 08:03 1058814                    /usr/lib/jvm/java-11-openjdk-amd64/lib/libjimage.so
7f5a72137000-7f5a7213a000 r--p 00000000 08:03 1058796                    /usr/lib/jvm/java-11-openjdk-amd64/lib/jli/libjli.so
7f5a7213a000-7f5a72144000 r-xp 00003000 08:03 1058796                    /usr/lib/jvm/java-11-openjdk-amd64/lib/jli/libjli.so
7f5a72144000-7f5a72147000 r--p 0000d000 08:03 1058796                    /usr/lib/jvm/java-11-openjdk-amd64/lib/jli/libjli.so
7f5a72147000-7f5a72148000 ---p 00010000 08:03 1058796                    /usr/lib/jvm/java-11-openjdk-amd64/lib/jli/libjli.so
7f5a72148000-7f5a72149000 r--p 00010000 08:03 1058796                    /usr/lib/jvm/java-11-openjdk-amd64/lib/jli/libjli.so
7f5a72149000-7f5a7214a000 rw-p 00011000 08:03 1058796                    /usr/lib/jvm/java-11-openjdk-amd64/lib/jli/libjli.so
7f5a7214a000-7f5a7214c000 rw-p 00000000 00:00 0 
7f5a7214c000-7f5a7214e000 r--p 00000000 08:03 550792                     /usr/lib/x86_64-linux-gnu/ld-linux-x86-64.so.2
7f5a7214e000-7f5a72178000 r-xp 00002000 08:03 550792                     /usr/lib/x86_64-linux-gnu/ld-linux-x86-64.so.2
7f5a72178000-7f5a72183000 r--p 0002c000 08:03 550792                     /usr/lib/x86_64-linux-gnu/ld-linux-x86-64.so.2
7f5a72184000-7f5a72186000 r--p 00037000 08:03 550792                     /usr/lib/x86_64-linux-gnu/ld-linux-x86-64.so.2
7f5a72186000-7f5a72188000 rw-p 00039000 08:03 550792                     /usr/lib/x86_64-linux-gnu/ld-linux-x86-64.so.2
7ffdccef2000-7ffdccf13000 rw-p 00000000 00:00 0                          [stack]
7ffdccf6e000-7ffdccf72000 r--p 00000000 00:00 0                          [vvar]
7ffdccf72000-7ffdccf74000 r-xp 00000000 00:00 0                          [vdso]
ffffffffff600000-ffffffffff601000 --xp 00000000 00:00 0                  [vsyscall]


VM Arguments:
jvm_args: -agentlib:jdwp=transport=dt_socket,address=127.0.0.1:52543,suspend=y,server=n -javaagent:/snap/intellij-idea-ultimate/437/plugins/java/lib/rt/debugger-agent.jar -Dfile.encoding=UTF-8 
java_command: Main /home/doudou/lab/Lab/tests/test1.sysy /home/doudou/lab/Lab/tests/out.txt
java_class_path (initial): /home/doudou/lab/Lab/out/production/Lab:/usr/local/lib/antlr-4.9.1-complete.jar:/usr/local/lib/javacpp-1.5.7-linux-x86_64.jar:/usr/local/lib/javacpp-1.5.7.jar:/usr/local/lib/llvm-13.0.1-1.5.7-linux-x86_64.jar:/usr/local/lib/llvm-13.0.1-1.5.7.jar:/usr/local/lib/llvm-platform-13.0.1-1.5.7.jar:/snap/intellij-idea-ultimate/437/lib/idea_rt.jar
Launcher Type: SUN_STANDARD

[Global flags]
     intx CICompilerCount                          = 2                                         {product} {ergonomic}
     uint ConcGCThreads                            = 1                                         {product} {ergonomic}
     uint G1ConcRefinementThreads                  = 2                                         {product} {ergonomic}
   size_t G1HeapRegionSize                         = 1048576                                   {product} {ergonomic}
    uintx GCDrainStackTargetSize                   = 64                                        {product} {ergonomic}
   size_t InitialHeapSize                          = 65011712                                  {product} {ergonomic}
   size_t MarkStackSize                            = 4194304                                   {product} {ergonomic}
   size_t MaxHeapSize                              = 1025507328                                {product} {ergonomic}
   size_t MaxNewSize                               = 614465536                                 {product} {ergonomic}
   size_t MinHeapDeltaBytes                        = 1048576                                   {product} {ergonomic}
    uintx NonNMethodCodeHeapSize                   = 5825164                                {pd product} {ergonomic}
    uintx NonProfiledCodeHeapSize                  = 122916538                              {pd product} {ergonomic}
    uintx ProfiledCodeHeapSize                     = 122916538                              {pd product} {ergonomic}
    uintx ReservedCodeCacheSize                    = 251658240                              {pd product} {ergonomic}
     bool SegmentedCodeCache                       = true                                      {product} {ergonomic}
     bool UseCompressedClassPointers               = true                                 {lp64_product} {ergonomic}
     bool UseCompressedOops                        = true                                 {lp64_product} {ergonomic}
     bool UseG1GC                                  = true                                      {product} {ergonomic}

Logging:
Log output configuration:
 #0: stdout all=warning uptime,level,tags
 #1: stderr all=off uptime,level,tags

Environment Variables:
PATH=/usr/local/sbin:/usr/local/bin:/usr/sbin:/usr/bin:/sbin:/bin:/usr/games:/usr/local/games:/snap/bin:/snap/bin
USERNAME=doudou
SHELL=/bin/bash
DISPLAY=:0
LANG=en_US.UTF-8
LC_NUMERIC=zh_CN.UTF-8
LC_TIME=zh_CN.UTF-8

Signal Handlers:
SIGSEGV: [libjvm.so+0xeabd80], sa_mask[0]=11111111011111111101111111111110, sa_flags=SA_RESTART|SA_SIGINFO
SIGBUS: [libjvm.so+0xeabd80], sa_mask[0]=11111111011111111101111111111110, sa_flags=SA_RESTART|SA_SIGINFO
SIGFPE: [libjvm.so+0xeabd80], sa_mask[0]=11111111011111111101111111111110, sa_flags=SA_RESTART|SA_SIGINFO
SIGPIPE: [libjvm.so+0xbee610], sa_mask[0]=11111111011111111101111111111110, sa_flags=SA_RESTART|SA_SIGINFO
SIGXFSZ: [libjvm.so+0xbee610], sa_mask[0]=11111111011111111101111111111110, sa_flags=SA_RESTART|SA_SIGINFO
SIGILL: [libjvm.so+0xeabd80], sa_mask[0]=11111111011111111101111111111110, sa_flags=SA_RESTART|SA_SIGINFO
SIGUSR2: [libjvm.so+0xbee4b0], sa_mask[0]=00100000000000000000000000000000, sa_flags=SA_RESTART|SA_SIGINFO
SIGHUP: [libjvm.so+0xbeec50], sa_mask[0]=11111111011111111101111111111110, sa_flags=SA_RESTART|SA_SIGINFO
SIGINT: [libjvm.so+0xbeec50], sa_mask[0]=11111111011111111101111111111110, sa_flags=SA_RESTART|SA_SIGINFO
SIGTERM: [libjvm.so+0xbeec50], sa_mask[0]=11111111011111111101111111111110, sa_flags=SA_RESTART|SA_SIGINFO
SIGQUIT: [libjvm.so+0xbeec50], sa_mask[0]=11111111011111111101111111111110, sa_flags=SA_RESTART|SA_SIGINFO


---------------  S Y S T E M  ---------------

OS:DISTRIB_ID=Ubuntu
DISTRIB_RELEASE=22.04
DISTRIB_CODENAME=jammy
DISTRIB_DESCRIPTION="Ubuntu 22.04.2 LTS"
uname:Linux 5.19.0-45-generic #46~22.04.1-Ubuntu SMP PREEMPT_DYNAMIC Wed Jun 7 15:06:04 UTC 20 x86_64
OS uptime: 0 days 22:59 hours
libc:glibc 2.35 NPTL 2.35 
rlimit (soft/hard): STACK 8192k/infinity , CORE 0k/infinity , NPROC 15333/15333 , NOFILE 1048576/1048576 , AS infinity/infinity , CPU infinity/infinity , DATA infinity/infinity , FSIZE infinity/infinity , MEMLOCK 500652k/500652k
load average:1.59 2.63 2.24

/proc/meminfo:
MemTotal:        4005236 kB
MemFree:          106816 kB
MemAvailable:      46900 kB
Buffers:            2520 kB
Cached:            67360 kB
SwapCached:        23324 kB
Active:           792660 kB
Inactive:        1148248 kB
Active(anon):     753780 kB
Inactive(anon):  1117552 kB
Active(file):      38880 kB
Inactive(file):    30696 kB
Unevictable:           0 kB
Mlocked:               0 kB
SwapTotal:       3512316 kB
SwapFree:        1505204 kB
Zswap:                 0 kB
Zswapped:              0 kB
Dirty:               132 kB
Writeback:             0 kB
AnonPages:       1848584 kB
Mapped:            52084 kB
Shmem:               104 kB
KReclaimable:      50856 kB
Slab:             259532 kB
SReclaimable:      50856 kB
SUnreclaim:       208676 kB
KernelStack:       11120 kB
PageTables:        26956 kB
NFS_Unstable:          0 kB
Bounce:                0 kB
WritebackTmp:          0 kB
CommitLimit:     5514932 kB
Committed_AS:    6185580 kB
VmallocTotal:   34359738367 kB
VmallocUsed:       46424 kB
VmallocChunk:          0 kB
Percpu:             2216 kB
HardwareCorrupted:     0 kB
AnonHugePages:         0 kB
ShmemHugePages:        0 kB
ShmemPmdMapped:        0 kB
FileHugePages:         0 kB
FilePmdMapped:         0 kB
HugePages_Total:       0
HugePages_Free:        0
HugePages_Rsvd:        0
HugePages_Surp:        0
Hugepagesize:       2048 kB
Hugetlb:               0 kB
DirectMap4k:      235328 kB
DirectMap2M:     3958784 kB
DirectMap1G:     2097152 kB

/sys/kernel/mm/transparent_hugepage/enabled:
always [madvise] never
/sys/kernel/mm/transparent_hugepage/defrag (defrag/compaction efforts parameter):
always defer defer+madvise [madvise] never

Process Memory:
Virtual Size: 3687364K (peak: 12399120K)
Resident Set Size: 14368K (peak: 92084K) (anon: 6796K, file: 7572K, shmem: 0K)
Swapped out: 28688K
C-Heap outstanding allocations: 9579K, retained: 6888K
glibc malloc tunables: (default)

/proc/sys/kernel/threads-max (system-wide limit on the number of threads):
30667
/proc/sys/vm/max_map_count (maximum number of memory map areas a process may have):
65530
/proc/sys/kernel/pid_max (system-wide limit on number of process identifiers):
4194304

container (cgroup) information:
container_type: cgroupv2
cpu_cpuset_cpus: not supported
cpu_memory_nodes: not supported
active_processor_count: 2
cpu_quota: not supported
cpu_period: not supported
cpu_shares: not supported
memory_limit_in_bytes: unlimited
memory_and_swap_limit_in_bytes: unlimited
memory_soft_limit_in_bytes: unlimited
memory_usage_in_bytes: 1816756 k
memory_max_usage_in_bytes: not supported
memory_swap_current_in_bytes: 1167452 k
memory_swap_max_limit_in_bytes: unlimited
maximum number of tasks: 4600
current number of tasks: 157

VMWare virtualization detected
Steal ticks since vm start: 0
Steal ticks percentage since vm start:  0.000

CPU:total 2 (initial active 2) (1 cores per cpu, 1 threads per core) family 6 model 140 stepping 1 microcode 0xffffffff, cmov, cx8, fxsr, mmx, sse, sse2, sse3, ssse3, sse4.1, sse4.2, popcnt, avx, avx2, aes, clmul, erms, 3dnowpref, lzcnt, tsc, tscinvbit, bmi1, bmi2, adx, evex, sha, fma
CPU Model and flags from /proc/cpuinfo:
model name	: 11th Gen Intel(R) Core(TM) i7-1165G7 @ 2.80GHz
flags		: fpu vme de pse tsc msr pae mce cx8 apic sep mtrr pge mca cmov pat pse36 clflush mmx fxsr sse sse2 ss syscall nx pdpe1gb rdtscp lm constant_tsc arch_perfmon rep_good nopl xtopology tsc_reliable nonstop_tsc cpuid tsc_known_freq pni pclmulqdq ssse3 fma cx16 pcid sse4_1 sse4_2 x2apic movbe popcnt tsc_deadline_timer aes xsave avx f16c rdrand hypervisor lahf_lm abm 3dnowprefetch invpcid_single pti ssbd ibrs ibpb stibp fsgsbase tsc_adjust bmi1 avx2 smep bmi2 erms invpcid avx512f avx512dq rdseed adx smap avx512ifma clflushopt clwb avx512cd sha_ni avx512bw avx512vl xsaveopt xsavec xgetbv1 xsaves arat avx512vbmi umip avx512_vbmi2 gfni vaes vpclmulqdq avx512_vnni avx512_bitalg avx512_vpopcntdq rdpid fsrm avx512_vp2intersect flush_l1d arch_capabilities
Online cpus:
0-1
Offline cpus:

BIOS frequency limitation:
<Not Available>
Frequency switch latency (ns):
<Not Available>
Available cpu frequencies:
<Not Available>
Current governor:
<Not Available>
Core performance/turbo boost:
<Not Available>

Memory: 4k page, physical 4005236k(106816k free), swap 3512316k(1505460k free)

vm_info: OpenJDK 64-Bit Server VM (11.0.19+7-post-Ubuntu-0ubuntu122.04.1) for linux-amd64 JRE (11.0.19+7-post-Ubuntu-0ubuntu122.04.1), built on May 10 2023 00:54:00 by "unknown" with gcc 11.3.0

END.
