#
# A fatal error has been detected by the Java Runtime Environment:
#
#  SIGILL (0x4) at pc=0x00007f1d4e041d61, pid=9424, tid=9429
#
# JRE version: OpenJDK Runtime Environment (11.0.19+7) (build 11.0.19+7-post-Ubuntu-0ubuntu122.04.1)
# Java VM: OpenJDK 64-Bit Server VM (11.0.19+7-post-Ubuntu-0ubuntu122.04.1, mixed mode, sharing, tiered, compressed oops, g1 gc, linux-amd64)
# Problematic frame:
# C  [libLLVM-13.so+0xc41d61]  llvm::DataLayout::getPrefTypeAlignment(llvm::Type*) const+0x531
#
# Core dump will be written. Default location: Core dumps may be processed with "/usr/share/apport/apport -p%p -s%s -c%c -d%d -P%P -u%u -g%g -- %E" (or dumping to /home/doudou/lab/Lab/core.9424)
#
# If you would like to submit a bug report, please visit:
#   https://bugs.launchpad.net/ubuntu/+source/openjdk-lts
# The crash happened outside the Java Virtual Machine in native code.
# See problematic frame for where to report the bug.
#

---------------  S U M M A R Y ------------

Command Line: -javaagent:/snap/intellij-idea-ultimate/430/lib/idea_rt.jar=42277:/snap/intellij-idea-ultimate/430/bin -Dfile.encoding=UTF-8 Main /home/doudou/lab/Lab/tests/test1.sysy /home/doudou/lab/Lab/tests/out.txt

Host: 11th Gen Intel(R) Core(TM) i7-1165G7 @ 2.80GHz, 2 cores, 3G, Ubuntu 22.04.2 LTS
Time: Fri Jun  9 00:01:46 2023 CST elapsed time: 1.365091 seconds (0d 0h 0m 1s)

---------------  T H R E A D  ---------------

Current thread (0x00007f1dac016800):  JavaThread "main" [_thread_in_native, id=9429, stack(0x00007f1db0b00000,0x00007f1db0c00000)]

Stack: [0x00007f1db0b00000,0x00007f1db0c00000],  sp=0x00007f1db0bfdd00,  free space=1015k
Native frames: (J=compiled Java code, A=aot compiled Java code, j=interpreted, Vv=VM code, C=native code)
C  [libLLVM-13.so+0xc41d61]  llvm::DataLayout::getPrefTypeAlignment(llvm::Type*) const+0x531

Java frames: (J=compiled Java code, j=interpreted, Vv=VM code)
j  org.bytedeco.llvm.global.LLVM.LLVMBuildLoad(Lorg/bytedeco/llvm/LLVM/LLVMBuilderRef;Lorg/bytedeco/llvm/LLVM/LLVMValueRef;Ljava/lang/String;)Lorg/bytedeco/llvm/LLVM/LLVMValueRef;+0
j  SysYLlvmVisitor.visitLVal(LSysYParser$LValContext;)Lorg/bytedeco/llvm/LLVM/LLVMValueRef;+41
j  SysYLlvmVisitor.visitExp(LSysYParser$ExpContext;)Lorg/bytedeco/llvm/LLVM/LLVMValueRef;+51
j  SysYLlvmVisitor.visitExp(LSysYParser$ExpContext;)Lorg/bytedeco/llvm/LLVM/LLVMValueRef;+416
j  SysYLlvmVisitor.visitStmt(LSysYParser$StmtContext;)Lorg/bytedeco/llvm/LLVM/LLVMValueRef;+21
j  SysYLlvmVisitor.visitStmt(LSysYParser$StmtContext;)Ljava/lang/Object;+2
j  SysYParser$StmtContext.accept(Lorg/antlr/v4/runtime/tree/ParseTreeVisitor;)Ljava/lang/Object;+12
j  org.antlr.v4.runtime.tree.AbstractParseTreeVisitor.visitChildren(Lorg/antlr/v4/runtime/tree/RuleNode;)Ljava/lang/Object;+46
j  SysYParserBaseVisitor.visitBlockItem(LSysYParser$BlockItemContext;)Ljava/lang/Object;+2
j  SysYParser$BlockItemContext.accept(Lorg/antlr/v4/runtime/tree/ParseTreeVisitor;)Ljava/lang/Object;+12
j  org.antlr.v4.runtime.tree.AbstractParseTreeVisitor.visitChildren(Lorg/antlr/v4/runtime/tree/RuleNode;)Ljava/lang/Object;+46
j  SysYParserBaseVisitor.visitBlock(LSysYParser$BlockContext;)Ljava/lang/Object;+2
j  SysYParser$BlockContext.accept(Lorg/antlr/v4/runtime/tree/ParseTreeVisitor;)Ljava/lang/Object;+12
j  org.antlr.v4.runtime.tree.AbstractParseTreeVisitor.visit(Lorg/antlr/v4/runtime/tree/ParseTree;)Ljava/lang/Object;+2
j  SysYLlvmVisitor.visitFuncDef(LSysYParser$FuncDefContext;)Lorg/bytedeco/llvm/LLVM/LLVMValueRef;+295
j  SysYLlvmVisitor.visitCompUnit(LSysYParser$CompUnitContext;)Lorg/bytedeco/llvm/LLVM/LLVMValueRef;+364
j  SysYLlvmVisitor.visitCompUnit(LSysYParser$CompUnitContext;)Ljava/lang/Object;+2
j  SysYParser$CompUnitContext.accept(Lorg/antlr/v4/runtime/tree/ParseTreeVisitor;)Ljava/lang/Object;+12
j  org.antlr.v4.runtime.tree.AbstractParseTreeVisitor.visitChildren(Lorg/antlr/v4/runtime/tree/RuleNode;)Ljava/lang/Object;+46
j  SysYParserBaseVisitor.visitProgram(LSysYParser$ProgramContext;)Ljava/lang/Object;+2
j  SysYParser$ProgramContext.accept(Lorg/antlr/v4/runtime/tree/ParseTreeVisitor;)Ljava/lang/Object;+12
j  org.antlr.v4.runtime.tree.AbstractParseTreeVisitor.visit(Lorg/antlr/v4/runtime/tree/ParseTree;)Ljava/lang/Object;+2
j  Main.main([Ljava/lang/String;)V+218
v  ~StubRoutines::call_stub

siginfo: si_signo: 4 (SIGILL), si_code: 2 (ILL_ILLOPN), si_addr: 0x00007f1d4e041d61

Register to memory mapping:

RAX=0x00000000ac43bbc0 is an unknown value
RBX=0x00007f1dac444f80 points into unknown readable memory: 0x00007f1dac43c328 | 28 c3 43 ac 1d 7f 00 00
RCX=0x00007f1d516fe4b7: <offset 0x00000000042fe4b7> in /home/doudou/.javacpp/cache/llvm-13.0.1-1.5.7-linux-x86_64.jar/org/bytedeco/llvm/linux-x86_64/libLLVM-13.so at 0x00007f1d4d400000
RDX=0x00007f1d4e041d5f: _ZNK4llvm10DataLayout20getPrefTypeAlignmentEPNS_4TypeE+0x000000000000052f in /home/doudou/.javacpp/cache/llvm-13.0.1-1.5.7-linux-x86_64.jar/org/bytedeco/llvm/linux-x86_64/libLLVM-13.so at 0x00007f1d4d400000
RSP=0x00007f1db0bfdd00 is pointing into the stack for thread: 0x00007f1dac016800
RBP=0x00007f1dac425b50 points into unknown readable memory: 0x00007f1dac43bbc0 | c0 bb 43 ac 1d 7f 00 00
RSI=0x00007f1dac425b54 points into unknown readable memory: 1d 7f 00 00
RDI=0x00007f1dac437700 points into unknown readable memory: 0x000000000a000100 | 00 01 00 0a 00 00 00 00
R8 =0x00000000c6cd6798 points into unknown readable memory: 0x0000000000000073 | 73 00 00 00 00 00 00 00
R9 =0x0000000000000002 is an unknown value
R10=0x00000000000003d8 is an unknown value
R11=0x0 is NULL
R12=0x00007f1dac437700 points into unknown readable memory: 0x000000000a000100 | 00 01 00 0a 00 00 00 00
R13=0x00007f1dac444f80 points into unknown readable memory: 0x00007f1dac43c328 | 28 c3 43 ac 1d 7f 00 00
R14=0x00007f1dac425b50 points into unknown readable memory: 0x00007f1dac43bbc0 | c0 bb 43 ac 1d 7f 00 00
R15=0x00007f1dac016800 is a thread


Registers:
RAX=0x00000000ac43bbc0, RBX=0x00007f1dac444f80, RCX=0x00007f1d516fe4b7, RDX=0x00007f1d4e041d5f
RSP=0x00007f1db0bfdd00, RBP=0x00007f1dac425b50, RSI=0x00007f1dac425b54, RDI=0x00007f1dac437700
R8 =0x00000000c6cd6798, R9 =0x0000000000000002, R10=0x00000000000003d8, R11=0x0000000000000000
R12=0x00007f1dac437700, R13=0x00007f1dac444f80, R14=0x00007f1dac425b50, R15=0x00007f1dac016800
RIP=0x00007f1d4e041d61, EFLAGS=0x0000000000010207, CSGSFS=0x002b000000000033, ERR=0x0000000000000000
  TRAPNO=0x0000000000000006

Top of Stack: (sp=0x00007f1db0bfdd00)
0x00007f1db0bfdd00:   00007f1dac016b48 00007f1d7dbc2546
0x00007f1db0bfdd10:   00000000c32cbb78 0000003000000018
0x00007f1db0bfdd20:   00007f1db0bfddf0 00007f1db0bfdd30
0x00007f1db0bfdd30:   000000010000005c 00000000c6cd6708 

Instructions: (pc=0x00007f1d4e041d61)
0x00007f1d4e041c61:   6c 24 08 e8 27 27 f0 ff 0f af 45 20 89 c2 85 c0
0x00007f1d4e041c71:   0f 84 a6 fd ff ff 48 83 ea 01 48 89 d0 48 d1 e8
0x00007f1d4e041c81:   48 09 d0 48 89 c2 48 c1 ea 02 48 09 d0 48 89 c2
0x00007f1d4e041c91:   48 c1 ea 04 48 09 d0 48 89 c2 48 c1 ea 08 48 09
0x00007f1d4e041ca1:   d0 48 89 c2 48 c1 ea 10 48 09 d0 83 c0 01 48 85
0x00007f1d4e041cb1:   c0 0f 85 27 fd ff ff 31 c0 e9 5e fd ff ff 90 49
0x00007f1d4e041cc1:   8b 76 18 45 31 ed 80 f9 13 45 8b 7e 20 41 0f 94
0x00007f1d4e041cd1:   c5 80 7e 08 13 0f 87 70 62 ce ff 0f b6 46 08 48
0x00007f1d4e041ce1:   8d 15 51 ca 6b 03 48 63 04 82 48 01 d0 ff e0 b9
0x00007f1d4e041cf1:   10 00 00 00 48 8d 73 ff e9 4a ff ff ff 66 90 b9
0x00007f1d4e041d01:   02 00 00 00 48 8d 73 ff e9 3a ff ff ff 4c 89 f6
0x00007f1d4e041d11:   4c 89 e7 e8 87 d7 ff ff 48 89 44 24 30 48 89 54
0x00007f1d4e041d21:   24 38 44 8b 6c 24 38 48 83 c0 07 48 8d 73 ff 31
0x00007f1d4e041d31:   d2 48 c1 e8 03 48 89 c1 48 8d 04 06 48 f7 f3 48
0x00007f1d4e041d41:   0f af c3 41 83 fd 01 0f 84 0a ff ff ff e9 f5 fe
0x00007f1d4e041d51:   ff ff 0f 1f 44 00 00 4c 89 f6 4c 89 e7 e8 ad e2
0x00007f1d4e041d61:   ff ff 48 8d 73 ff 49 89 c0 48 b8 ff ff ff ff ff
0x00007f1d4e041d71:   ff ff 1f 49 23 00 48 89 c1 e9 c9 fe ff ff b9 0a
0x00007f1d4e041d81:   00 00 00 48 8d 73 ff e9 bb fe ff ff 41 8b 76 08
0x00007f1d4e041d91:   4d 8b 84 24 d8 00 00 00 c1 ee 08 74 50 41 8b 84
0x00007f1d4e041da1:   24 e0 00 00 00 4c 89 c7 49 89 c1 49 c1 e1 04 48
0x00007f1d4e041db1:   85 c0 7e 29 48 89 c1 48 d1 f9 48 89 ca 48 c1 e2
0x00007f1d4e041dc1:   04 48 01 fa 3b 72 08 0f 86 12 03 00 00 48 29 c8
0x00007f1d4e041dd1:   48 8d 7a 10 48 83 e8 01 48 85 c0 7f d7 4b 8d 04
0x00007f1d4e041de1:   08 48 39 c7 74 07 3b 77 08 4c 0f 44 c7 41 8b 40
0x00007f1d4e041df1:   04 48 8d 73 ff 89 c1 81 e1 ff ff ff 1f e9 45 fe
0x00007f1d4e041e01:   ff ff 41 8b 46 08 48 8d 73 ff c1 e8 08 48 83 c0
0x00007f1d4e041e11:   07 48 c1 e8 03 48 89 c1 e9 2a fe ff ff b9 00 04
0x00007f1d4e041e21:   00 00 48 8d 73 ff e9 1c fe ff ff 49 8b 84 24 d8
0x00007f1d4e041e31:   00 00 00 48 8d 73 ff 8b 40 04 89 c1 81 e1 ff ff
0x00007f1d4e041e41:   ff 1f e9 00 fe ff ff b9 04 00 00 00 48 8d 73 ff
0x00007f1d4e041e51:   e9 f2 fd ff ff 41 b8 40 00 00 00 0f 1f 40 00 44 


Stack slot to memory mapping:
stack at sp + 0 slots: 0x00007f1dac016b48 points into unknown readable memory: 0x00007f1db1e44b40 | 40 4b e4 b1 1d 7f 00 00
stack at sp + 1 slots: 0x00007f1d7dbc2546: _ZN7JNIEnv_16CallObjectMethodEP8_jobjectP10_jmethodIDz+0x0000000000000086 in /home/doudou/.javacpp/cache/llvm-13.0.1-1.5.7-linux-x86_64.jar/org/bytedeco/llvm/linux-x86_64/libjniLLVM.so at 0x00007f1d7daf6000
stack at sp + 2 slots: 0x00000000c32cbb78 points into unknown readable memory: 0x0000000000000001 | 01 00 00 00 00 00 00 00
stack at sp + 3 slots: 0x0000003000000018 is an unknown value
stack at sp + 4 slots: 0x00007f1db0bfddf0 is pointing into the stack for thread: 0x00007f1dac016800
stack at sp + 5 slots: 0x00007f1db0bfdd30 is pointing into the stack for thread: 0x00007f1dac016800
stack at sp + 6 slots: 0x000000010000005c is an unknown value
stack at sp + 7 slots: 0x00000000c6cd6708 points into unknown readable memory: 0x0000000000000005 | 05 00 00 00 00 00 00 00


---------------  P R O C E S S  ---------------

Threads class SMR info:
_java_thread_list=0x00007f1d64000c40, length=12, elements={
0x00007f1dac016800, 0x00007f1dac120000, 0x00007f1dac12a000, 0x00007f1dac130800,
0x00007f1dac132800, 0x00007f1dac134800, 0x00007f1dac136800, 0x00007f1dac138800,
0x00007f1dac14f000, 0x00007f1dac1e3800, 0x00007f1dac213000, 0x00007f1d64001000
}

Java Threads: ( => current thread )
=>0x00007f1dac016800 JavaThread "main" [_thread_in_native, id=9429, stack(0x00007f1db0b00000,0x00007f1db0c00000)]
  0x00007f1dac120000 JavaThread "Reference Handler" daemon [_thread_blocked, id=9439, stack(0x00007f1d7f5fe000,0x00007f1d7f6fe000)]
  0x00007f1dac12a000 JavaThread "Finalizer" daemon [_thread_blocked, id=9440, stack(0x00007f1d7f4fe000,0x00007f1d7f5fe000)]
  0x00007f1dac130800 JavaThread "Signal Dispatcher" daemon [_thread_blocked, id=9441, stack(0x00007f1d7f3fe000,0x00007f1d7f4fe000)]
  0x00007f1dac132800 JavaThread "Service Thread" daemon [_thread_blocked, id=9442, stack(0x00007f1d7e500000,0x00007f1d7e600000)]
  0x00007f1dac134800 JavaThread "C2 CompilerThread0" daemon [_thread_blocked, id=9443, stack(0x00007f1d7e400000,0x00007f1d7e500000)]
  0x00007f1dac136800 JavaThread "C1 CompilerThread0" daemon [_thread_blocked, id=9444, stack(0x00007f1d7e300000,0x00007f1d7e400000)]
  0x00007f1dac138800 JavaThread "Sweeper thread" daemon [_thread_blocked, id=9445, stack(0x00007f1d7e200000,0x00007f1d7e300000)]
  0x00007f1dac14f000 JavaThread "Common-Cleaner" daemon [_thread_blocked, id=9451, stack(0x00007f1d7e100000,0x00007f1d7e200000)]
  0x00007f1dac1e3800 JavaThread "Monitor Ctrl-Break" daemon [_thread_in_native, id=9453, stack(0x00007f1d7e000000,0x00007f1d7e100000)]
  0x00007f1dac213000 JavaThread "JavaCPP Deallocator" daemon [_thread_blocked, id=9456, stack(0x00007f1d7ddfe000,0x00007f1d7defe000)]
  0x00007f1d64001000 JavaThread "Attach Listener" daemon [_thread_blocked, id=9458, stack(0x00007f1d7dbfc000,0x00007f1d7dcfc000)]

Other Threads:
  0x00007f1dac11d000 VMThread "VM Thread" [stack: 0x00007f1d7f700000,0x00007f1d7f800000] [id=9436]
  0x00007f1dac1fa000 WatcherThread [stack: 0x00007f1d7df00000,0x00007f1d7e000000] [id=9454]
  0x00007f1dac02f800 GCTaskThread "GC Thread#0" [stack: 0x00007f1db052a000,0x00007f1db062a000] [id=9430]
  0x00007f1d74001000 GCTaskThread "GC Thread#1" [stack: 0x00007f1d7dcfe000,0x00007f1d7ddfe000] [id=9457]
  0x00007f1dac04a800 ConcurrentGCThread "G1 Main Marker" [stack: 0x00007f1db003f000,0x00007f1db013f000] [id=9431]
  0x00007f1dac04c000 ConcurrentGCThread "G1 Conc#0" [stack: 0x00007f1d94319000,0x00007f1d94419000] [id=9432]
  0x00007f1dac087800 ConcurrentGCThread "G1 Refine#0" [stack: 0x00007f1d94015000,0x00007f1d94115000] [id=9433]
  0x00007f1dac089000 ConcurrentGCThread "G1 Young RemSet Sampling" [stack: 0x00007f1d8c090000,0x00007f1d8c190000] [id=9434]

Threads with active compile tasks:

VM state:not at safepoint (normal execution)

VM Mutex/Monitor currently owned by a thread: None

Heap address: 0x00000000c3200000, size: 974 MB, Compressed Oops mode: 32-bit
Narrow klass base: 0x0000000800000000, Narrow klass shift: 3
Compressed class space size: 1073741824 Address: 0x0000000840000000

Heap:
 garbage-first heap   total 65536K, used 6880K [0x00000000c3200000, 0x0000000100000000)
  region size 1024K, 6 young (6144K), 1 survivors (1024K)
 Metaspace       used 4212K, capacity 6636K, committed 6912K, reserved 1056768K
  class space    used 449K, capacity 701K, committed 768K, reserved 1048576K
Heap Regions: E=young(eden), S=young(survivor), O=old, HS=humongous(starts), HC=humongous(continues), CS=collection set, F=free, A=archive, TAMS=top-at-mark-start (previous, next)
|   0|0x00000000c3200000, 0x00000000c3300000, 0x00000000c3300000|100%| O|  |TAMS 0x00000000c3200000, 0x00000000c3200000| Untracked 
|   1|0x00000000c3300000, 0x00000000c3306200, 0x00000000c3400000|  2%| O|  |TAMS 0x00000000c3300000, 0x00000000c3300000| Untracked 
|   2|0x00000000c3400000, 0x00000000c3400000, 0x00000000c3500000|  0%| F|  |TAMS 0x00000000c3400000, 0x00000000c3400000| Untracked 
|   3|0x00000000c3500000, 0x00000000c3500000, 0x00000000c3600000|  0%| F|  |TAMS 0x00000000c3500000, 0x00000000c3500000| Untracked 
|   4|0x00000000c3600000, 0x00000000c3600000, 0x00000000c3700000|  0%| F|  |TAMS 0x00000000c3600000, 0x00000000c3600000| Untracked 
|   5|0x00000000c3700000, 0x00000000c3700000, 0x00000000c3800000|  0%| F|  |TAMS 0x00000000c3700000, 0x00000000c3700000| Untracked 
|   6|0x00000000c3800000, 0x00000000c3800000, 0x00000000c3900000|  0%| F|  |TAMS 0x00000000c3800000, 0x00000000c3800000| Untracked 
|   7|0x00000000c3900000, 0x00000000c3900000, 0x00000000c3a00000|  0%| F|  |TAMS 0x00000000c3900000, 0x00000000c3900000| Untracked 
|   8|0x00000000c3a00000, 0x00000000c3a00000, 0x00000000c3b00000|  0%| F|  |TAMS 0x00000000c3a00000, 0x00000000c3a00000| Untracked 
|   9|0x00000000c3b00000, 0x00000000c3b00000, 0x00000000c3c00000|  0%| F|  |TAMS 0x00000000c3b00000, 0x00000000c3b00000| Untracked 
|  10|0x00000000c3c00000, 0x00000000c3c00000, 0x00000000c3d00000|  0%| F|  |TAMS 0x00000000c3c00000, 0x00000000c3c00000| Untracked 
|  11|0x00000000c3d00000, 0x00000000c3d00000, 0x00000000c3e00000|  0%| F|  |TAMS 0x00000000c3d00000, 0x00000000c3d00000| Untracked 
|  12|0x00000000c3e00000, 0x00000000c3e00000, 0x00000000c3f00000|  0%| F|  |TAMS 0x00000000c3e00000, 0x00000000c3e00000| Untracked 
|  13|0x00000000c3f00000, 0x00000000c3f00000, 0x00000000c4000000|  0%| F|  |TAMS 0x00000000c3f00000, 0x00000000c3f00000| Untracked 
|  14|0x00000000c4000000, 0x00000000c4000000, 0x00000000c4100000|  0%| F|  |TAMS 0x00000000c4000000, 0x00000000c4000000| Untracked 
|  15|0x00000000c4100000, 0x00000000c4100000, 0x00000000c4200000|  0%| F|  |TAMS 0x00000000c4100000, 0x00000000c4100000| Untracked 
|  16|0x00000000c4200000, 0x00000000c4200000, 0x00000000c4300000|  0%| F|  |TAMS 0x00000000c4200000, 0x00000000c4200000| Untracked 
|  17|0x00000000c4300000, 0x00000000c4300000, 0x00000000c4400000|  0%| F|  |TAMS 0x00000000c4300000, 0x00000000c4300000| Untracked 
|  18|0x00000000c4400000, 0x00000000c4400000, 0x00000000c4500000|  0%| F|  |TAMS 0x00000000c4400000, 0x00000000c4400000| Untracked 
|  19|0x00000000c4500000, 0x00000000c4500000, 0x00000000c4600000|  0%| F|  |TAMS 0x00000000c4500000, 0x00000000c4500000| Untracked 
|  20|0x00000000c4600000, 0x00000000c4600000, 0x00000000c4700000|  0%| F|  |TAMS 0x00000000c4600000, 0x00000000c4600000| Untracked 
|  21|0x00000000c4700000, 0x00000000c4700000, 0x00000000c4800000|  0%| F|  |TAMS 0x00000000c4700000, 0x00000000c4700000| Untracked 
|  22|0x00000000c4800000, 0x00000000c4800000, 0x00000000c4900000|  0%| F|  |TAMS 0x00000000c4800000, 0x00000000c4800000| Untracked 
|  23|0x00000000c4900000, 0x00000000c4900000, 0x00000000c4a00000|  0%| F|  |TAMS 0x00000000c4900000, 0x00000000c4900000| Untracked 
|  24|0x00000000c4a00000, 0x00000000c4a00000, 0x00000000c4b00000|  0%| F|  |TAMS 0x00000000c4a00000, 0x00000000c4a00000| Untracked 
|  25|0x00000000c4b00000, 0x00000000c4b00000, 0x00000000c4c00000|  0%| F|  |TAMS 0x00000000c4b00000, 0x00000000c4b00000| Untracked 
|  26|0x00000000c4c00000, 0x00000000c4c00000, 0x00000000c4d00000|  0%| F|  |TAMS 0x00000000c4c00000, 0x00000000c4c00000| Untracked 
|  27|0x00000000c4d00000, 0x00000000c4d00000, 0x00000000c4e00000|  0%| F|  |TAMS 0x00000000c4d00000, 0x00000000c4d00000| Untracked 
|  28|0x00000000c4e00000, 0x00000000c4e00000, 0x00000000c4f00000|  0%| F|  |TAMS 0x00000000c4e00000, 0x00000000c4e00000| Untracked 
|  29|0x00000000c4f00000, 0x00000000c4f00000, 0x00000000c5000000|  0%| F|  |TAMS 0x00000000c4f00000, 0x00000000c4f00000| Untracked 
|  30|0x00000000c5000000, 0x00000000c5000000, 0x00000000c5100000|  0%| F|  |TAMS 0x00000000c5000000, 0x00000000c5000000| Untracked 
|  31|0x00000000c5100000, 0x00000000c5100000, 0x00000000c5200000|  0%| F|  |TAMS 0x00000000c5100000, 0x00000000c5100000| Untracked 
|  32|0x00000000c5200000, 0x00000000c5200000, 0x00000000c5300000|  0%| F|  |TAMS 0x00000000c5200000, 0x00000000c5200000| Untracked 
|  33|0x00000000c5300000, 0x00000000c5300000, 0x00000000c5400000|  0%| F|  |TAMS 0x00000000c5300000, 0x00000000c5300000| Untracked 
|  34|0x00000000c5400000, 0x00000000c5400000, 0x00000000c5500000|  0%| F|  |TAMS 0x00000000c5400000, 0x00000000c5400000| Untracked 
|  35|0x00000000c5500000, 0x00000000c5500000, 0x00000000c5600000|  0%| F|  |TAMS 0x00000000c5500000, 0x00000000c5500000| Untracked 
|  36|0x00000000c5600000, 0x00000000c5600000, 0x00000000c5700000|  0%| F|  |TAMS 0x00000000c5600000, 0x00000000c5600000| Untracked 
|  37|0x00000000c5700000, 0x00000000c5700000, 0x00000000c5800000|  0%| F|  |TAMS 0x00000000c5700000, 0x00000000c5700000| Untracked 
|  38|0x00000000c5800000, 0x00000000c5800000, 0x00000000c5900000|  0%| F|  |TAMS 0x00000000c5800000, 0x00000000c5800000| Untracked 
|  39|0x00000000c5900000, 0x00000000c5900000, 0x00000000c5a00000|  0%| F|  |TAMS 0x00000000c5900000, 0x00000000c5900000| Untracked 
|  40|0x00000000c5a00000, 0x00000000c5a00000, 0x00000000c5b00000|  0%| F|  |TAMS 0x00000000c5a00000, 0x00000000c5a00000| Untracked 
|  41|0x00000000c5b00000, 0x00000000c5b00000, 0x00000000c5c00000|  0%| F|  |TAMS 0x00000000c5b00000, 0x00000000c5b00000| Untracked 
|  42|0x00000000c5c00000, 0x00000000c5c00000, 0x00000000c5d00000|  0%| F|  |TAMS 0x00000000c5c00000, 0x00000000c5c00000| Untracked 
|  43|0x00000000c5d00000, 0x00000000c5d00000, 0x00000000c5e00000|  0%| F|  |TAMS 0x00000000c5d00000, 0x00000000c5d00000| Untracked 
|  44|0x00000000c5e00000, 0x00000000c5e00000, 0x00000000c5f00000|  0%| F|  |TAMS 0x00000000c5e00000, 0x00000000c5e00000| Untracked 
|  45|0x00000000c5f00000, 0x00000000c5f00000, 0x00000000c6000000|  0%| F|  |TAMS 0x00000000c5f00000, 0x00000000c5f00000| Untracked 
|  46|0x00000000c6000000, 0x00000000c6000000, 0x00000000c6100000|  0%| F|  |TAMS 0x00000000c6000000, 0x00000000c6000000| Untracked 
|  47|0x00000000c6100000, 0x00000000c6100000, 0x00000000c6200000|  0%| F|  |TAMS 0x00000000c6100000, 0x00000000c6100000| Untracked 
|  48|0x00000000c6200000, 0x00000000c6200000, 0x00000000c6300000|  0%| F|  |TAMS 0x00000000c6200000, 0x00000000c6200000| Untracked 
|  49|0x00000000c6300000, 0x00000000c6300000, 0x00000000c6400000|  0%| F|  |TAMS 0x00000000c6300000, 0x00000000c6300000| Untracked 
|  50|0x00000000c6400000, 0x00000000c6400000, 0x00000000c6500000|  0%| F|  |TAMS 0x00000000c6400000, 0x00000000c6400000| Untracked 
|  51|0x00000000c6500000, 0x00000000c6500000, 0x00000000c6600000|  0%| F|  |TAMS 0x00000000c6500000, 0x00000000c6500000| Untracked 
|  52|0x00000000c6600000, 0x00000000c6600000, 0x00000000c6700000|  0%| F|  |TAMS 0x00000000c6600000, 0x00000000c6600000| Untracked 
|  53|0x00000000c6700000, 0x00000000c6700000, 0x00000000c6800000|  0%| F|  |TAMS 0x00000000c6700000, 0x00000000c6700000| Untracked 
|  54|0x00000000c6800000, 0x00000000c6900000, 0x00000000c6900000|100%| S|CS|TAMS 0x00000000c6800000, 0x00000000c6800000| Complete 
|  55|0x00000000c6900000, 0x00000000c6900000, 0x00000000c6a00000|  0%| F|  |TAMS 0x00000000c6900000, 0x00000000c6900000| Untracked 
|  56|0x00000000c6a00000, 0x00000000c6a00000, 0x00000000c6b00000|  0%| F|  |TAMS 0x00000000c6a00000, 0x00000000c6a00000| Untracked 
|  57|0x00000000c6b00000, 0x00000000c6bb9d58, 0x00000000c6c00000| 72%| E|  |TAMS 0x00000000c6b00000, 0x00000000c6b00000| Complete 
|  58|0x00000000c6c00000, 0x00000000c6d00000, 0x00000000c6d00000|100%| E|CS|TAMS 0x00000000c6c00000, 0x00000000c6c00000| Complete 
|  59|0x00000000c6d00000, 0x00000000c6e00000, 0x00000000c6e00000|100%| E|CS|TAMS 0x00000000c6d00000, 0x00000000c6d00000| Complete 
|  60|0x00000000c6e00000, 0x00000000c6f00000, 0x00000000c6f00000|100%| E|CS|TAMS 0x00000000c6e00000, 0x00000000c6e00000| Complete 
|  61|0x00000000c6f00000, 0x00000000c7000000, 0x00000000c7000000|100%| E|CS|TAMS 0x00000000c6f00000, 0x00000000c6f00000| Complete 
| 972|0x00000000ffe00000, 0x00000000ffe47000, 0x00000000fff00000| 27%|OA|  |TAMS 0x00000000ffe00000, 0x00000000ffe00000| Untracked 
| 973|0x00000000fff00000, 0x00000000fff6b000, 0x0000000100000000| 41%|CA|  |TAMS 0x00000000fff00000, 0x00000000fff00000| Untracked 

Card table byte_map: [0x00007f1dabe19000,0x00007f1dac000000] _byte_map_base: 0x00007f1dab800000

Marking Bits (Prev, Next): (CMBitMap*) 0x00007f1dac045a68, (CMBitMap*) 0x00007f1dac045aa0
 Prev Bits: [0x00007f1d8f0c8000, 0x00007f1d90000000)
 Next Bits: [0x00007f1d8e190000, 0x00007f1d8f0c8000)

Polling page: 0x00007f1db22d6000

Metaspace:

Usage:
  Non-class:      5.80 MB capacity,     3.67 MB ( 63%) used,     2.11 MB ( 36%) free+waste,     7.56 KB ( <1%) overhead. 
      Class:    701.00 KB capacity,   449.66 KB ( 64%) used,   247.28 KB ( 35%) free+waste,     4.06 KB ( <1%) overhead. 
       Both:      6.48 MB capacity,     4.11 MB ( 63%) used,     2.36 MB ( 36%) free+waste,    11.62 KB ( <1%) overhead. 

Virtual space:
  Non-class space:        8.00 MB reserved,       6.00 MB ( 75%) committed 
      Class space:        1.00 GB reserved,     768.00 KB ( <1%) committed 
             Both:        1.01 GB reserved,       6.75 MB ( <1%) committed 

Chunk freelists:
   Non-Class:  17.00 KB
       Class:  3.00 KB
        Both:  20.00 KB

MaxMetaspaceSize: unlimited
CompressedClassSpaceSize: 1.00 GB
Initial GC threshold: 20.80 MB
Current GC threshold: 20.80 MB
CDS: on

CodeHeap 'non-profiled nmethods': size=120036Kb used=239Kb max_used=239Kb free=119796Kb
 bounds [0x00007f1d9c0c7000, 0x00007f1d9c337000, 0x00007f1da3600000]
CodeHeap 'profiled nmethods': size=120032Kb used=1321Kb max_used=1321Kb free=118710Kb
 bounds [0x00007f1d94b8f000, 0x00007f1d94dff000, 0x00007f1d9c0c7000]
CodeHeap 'non-nmethods': size=5692Kb used=1161Kb max_used=1175Kb free=4530Kb
 bounds [0x00007f1d94600000, 0x00007f1d94870000, 0x00007f1d94b8f000]
 total_blobs=1187 nmethods=774 adapters=327
 compilation: enabled
              stopped_count=0, restarted_count=0
 full_count=0

Compilation events (20 events):
Event: 1.334 Thread 0x00007f1dac136800 nmethod 763 0x00007f1d94ccd810 code [0x00007f1d94ccd9e0, 0x00007f1d94ccdbd0]
Event: 1.335 Thread 0x00007f1dac136800  756       3       java.lang.invoke.MemberName::getName (25 bytes)
Event: 1.335 Thread 0x00007f1dac136800 nmethod 756 0x00007f1d94ccdd10 code [0x00007f1d94ccdee0, 0x00007f1d94cce260]
Event: 1.337 Thread 0x00007f1dac134800 nmethod 727 0x00007f1d9c100010 code [0x00007f1d9c100220, 0x00007f1d9c100e48]
Event: 1.337 Thread 0x00007f1dac134800  762       4       java.lang.String::isLatin1 (19 bytes)
Event: 1.338 Thread 0x00007f1dac134800 nmethod 762 0x00007f1d9c101710 code [0x00007f1d9c1018a0, 0x00007f1d9c101918]
Event: 1.338 Thread 0x00007f1dac134800  761       4       java.lang.StringBuilder::<init> (7 bytes)
Event: 1.339 Thread 0x00007f1dac136800  766       3       java.lang.invoke.LambdaForm$Name::useCount (42 bytes)
Event: 1.340 Thread 0x00007f1dac136800 nmethod 766 0x00007f1d94cce390 code [0x00007f1d94cce560, 0x00007f1d94cce870]
Event: 1.341 Thread 0x00007f1dac136800  767       3       jdk.internal.org.objectweb.asm.Frame::execute (2264 bytes)
Event: 1.342 Thread 0x00007f1dac134800 nmethod 761 0x00007f1d9c101d10 code [0x00007f1d9c101ea0, 0x00007f1d9c102058]
Event: 1.342 Thread 0x00007f1dac134800  774       4       jdk.internal.org.objectweb.asm.ByteVector::putUTF8 (142 bytes)
Event: 1.353 Thread 0x00007f1dac136800 nmethod 767 0x00007f1d94cce990 code [0x00007f1d94ccf820, 0x00007f1d94cd64f0]
Event: 1.353 Thread 0x00007f1dac134800 nmethod 774 0x00007f1d9c102110 code [0x00007f1d9c1022c0, 0x00007f1d9c102728]
Event: 1.353 Thread 0x00007f1dac136800  770       3       java.lang.invoke.MemberName::getReferenceKind (12 bytes)
Event: 1.353 Thread 0x00007f1dac136800 nmethod 770 0x00007f1d94cd8390 code [0x00007f1d94cd8540, 0x00007f1d94cd8670]
Event: 1.353 Thread 0x00007f1dac136800  768       3       jdk.internal.org.objectweb.asm.MethodWriter::visitVarInsn (300 bytes)
Event: 1.354 Thread 0x00007f1dac136800 nmethod 768 0x00007f1d94cd8710 code [0x00007f1d94cd8980, 0x00007f1d94cd9380]
Event: 1.354 Thread 0x00007f1dac136800  765       1       java.lang.invoke.LambdaForm$Name::type (5 bytes)
Event: 1.354 Thread 0x00007f1dac136800 nmethod 765 0x00007f1d9c102990 code [0x00007f1d9c102b40, 0x00007f1d9c102c10]

GC Heap History (2 events):
Event: 0.819 GC heap before
{Heap before GC invocations=0 (full 0):
 garbage-first heap   total 65536K, used 6856K [0x00000000c3200000, 0x0000000100000000)
  region size 1024K, 7 young (7168K), 0 survivors (0K)
 Metaspace       used 3107K, capacity 5908K, committed 6016K, reserved 1056768K
  class space    used 339K, capacity 586K, committed 640K, reserved 1048576K
}
Event: 0.826 GC heap after
{Heap after GC invocations=1 (full 0):
 garbage-first heap   total 65536K, used 2784K [0x00000000c3200000, 0x0000000100000000)
  region size 1024K, 1 young (1024K), 1 survivors (1024K)
 Metaspace       used 3107K, capacity 5908K, committed 6016K, reserved 1056768K
  class space    used 339K, capacity 586K, committed 640K, reserved 1048576K
}

Deoptimization events (20 events):
Event: 0.787 Thread 0x00007f1dac016800 DEOPT PACKING pc=0x00007f1d9c0dffdc sp=0x00007f1db0bfdf30
Event: 0.787 Thread 0x00007f1dac016800 DEOPT UNPACKING pc=0x00007f1d946082a5 sp=0x00007f1db0bfdec8 mode 2
Event: 1.120 Thread 0x00007f1dac016800 DEOPT PACKING pc=0x00007f1d94bfa342 sp=0x00007f1db0bfd520
Event: 1.120 Thread 0x00007f1dac016800 DEOPT UNPACKING pc=0x00007f1d946499fa sp=0x00007f1db0bfc9a8 mode 0
Event: 1.307 Thread 0x00007f1dac016800 Uncommon trap: trap_request=0xffffffc6 fr.pc=0x00007f1d9c0d0f24 relative=0x0000000000000084
Event: 1.307 Thread 0x00007f1dac016800 Uncommon trap: reason=bimorphic_or_optimized_type_check action=maybe_recompile pc=0x00007f1d9c0d0f24 method=java.util.AbstractCollection.isEmpty()Z @ 1 c2
Event: 1.307 Thread 0x00007f1dac016800 DEOPT PACKING pc=0x00007f1d9c0d0f24 sp=0x00007f1db0bfd370
Event: 1.307 Thread 0x00007f1dac016800 DEOPT UNPACKING pc=0x00007f1d946082a5 sp=0x00007f1db0bfd320 mode 2
Event: 1.307 Thread 0x00007f1dac016800 Uncommon trap: trap_request=0xffffffc6 fr.pc=0x00007f1d9c0d0f24 relative=0x0000000000000084
Event: 1.307 Thread 0x00007f1dac016800 Uncommon trap: reason=bimorphic_or_optimized_type_check action=maybe_recompile pc=0x00007f1d9c0d0f24 method=java.util.AbstractCollection.isEmpty()Z @ 1 c2
Event: 1.307 Thread 0x00007f1dac016800 DEOPT PACKING pc=0x00007f1d9c0d0f24 sp=0x00007f1db0bfd540
Event: 1.307 Thread 0x00007f1dac016800 DEOPT UNPACKING pc=0x00007f1d946082a5 sp=0x00007f1db0bfd4f0 mode 2
Event: 1.313 Thread 0x00007f1dac016800 Uncommon trap: trap_request=0xffffffc6 fr.pc=0x00007f1d9c0d0f24 relative=0x0000000000000084
Event: 1.313 Thread 0x00007f1dac016800 Uncommon trap: reason=bimorphic_or_optimized_type_check action=maybe_recompile pc=0x00007f1d9c0d0f24 method=java.util.AbstractCollection.isEmpty()Z @ 1 c2
Event: 1.313 Thread 0x00007f1dac016800 DEOPT PACKING pc=0x00007f1d9c0d0f24 sp=0x00007f1db0bfd560
Event: 1.313 Thread 0x00007f1dac016800 DEOPT UNPACKING pc=0x00007f1d946082a5 sp=0x00007f1db0bfd510 mode 2
Event: 1.314 Thread 0x00007f1dac016800 Uncommon trap: trap_request=0xffffffc6 fr.pc=0x00007f1d9c0d0f24 relative=0x0000000000000084
Event: 1.314 Thread 0x00007f1dac016800 Uncommon trap: reason=bimorphic_or_optimized_type_check action=maybe_recompile pc=0x00007f1d9c0d0f24 method=java.util.AbstractCollection.isEmpty()Z @ 1 c2
Event: 1.314 Thread 0x00007f1dac016800 DEOPT PACKING pc=0x00007f1d9c0d0f24 sp=0x00007f1db0bfd370
Event: 1.314 Thread 0x00007f1dac016800 DEOPT UNPACKING pc=0x00007f1d946082a5 sp=0x00007f1db0bfd320 mode 2

Classes redefined (0 events):
No events

Internal exceptions (20 events):
Event: 0.465 Thread 0x00007f1dac016800 Exception <a 'java/security/PrivilegedActionException'{0x00000000c6ee6230}> (0x00000000c6ee6230) thrown at [./src/hotspot/share/prims/jvm.cpp, line 1304]
Event: 0.465 Thread 0x00007f1dac016800 Exception <a 'java/security/PrivilegedActionException'{0x00000000c6ee6500}> (0x00000000c6ee6500) thrown at [./src/hotspot/share/prims/jvm.cpp, line 1304]
Event: 0.465 Thread 0x00007f1dac016800 Exception <a 'java/security/PrivilegedActionException'{0x00000000c6ee6e70}> (0x00000000c6ee6e70) thrown at [./src/hotspot/share/prims/jvm.cpp, line 1304]
Event: 0.465 Thread 0x00007f1dac016800 Exception <a 'java/security/PrivilegedActionException'{0x00000000c6ee7140}> (0x00000000c6ee7140) thrown at [./src/hotspot/share/prims/jvm.cpp, line 1304]
Event: 0.465 Thread 0x00007f1dac016800 Exception <a 'java/security/PrivilegedActionException'{0x00000000c6ee7ab0}> (0x00000000c6ee7ab0) thrown at [./src/hotspot/share/prims/jvm.cpp, line 1304]
Event: 0.465 Thread 0x00007f1dac016800 Exception <a 'java/security/PrivilegedActionException'{0x00000000c6ee7d80}> (0x00000000c6ee7d80) thrown at [./src/hotspot/share/prims/jvm.cpp, line 1304]
Event: 0.465 Thread 0x00007f1dac016800 Exception <a 'java/security/PrivilegedActionException'{0x00000000c6ee8708}> (0x00000000c6ee8708) thrown at [./src/hotspot/share/prims/jvm.cpp, line 1304]
Event: 0.465 Thread 0x00007f1dac016800 Exception <a 'java/security/PrivilegedActionException'{0x00000000c6ee89d8}> (0x00000000c6ee89d8) thrown at [./src/hotspot/share/prims/jvm.cpp, line 1304]
Event: 0.466 Thread 0x00007f1dac016800 Exception <a 'java/security/PrivilegedActionException'{0x00000000c6ee9360}> (0x00000000c6ee9360) thrown at [./src/hotspot/share/prims/jvm.cpp, line 1304]
Event: 0.466 Thread 0x00007f1dac016800 Exception <a 'java/security/PrivilegedActionException'{0x00000000c6ee9630}> (0x00000000c6ee9630) thrown at [./src/hotspot/share/prims/jvm.cpp, line 1304]
Event: 0.466 Thread 0x00007f1dac016800 Exception <a 'java/security/PrivilegedActionException'{0x00000000c6ee9fb8}> (0x00000000c6ee9fb8) thrown at [./src/hotspot/share/prims/jvm.cpp, line 1304]
Event: 0.466 Thread 0x00007f1dac016800 Exception <a 'java/security/PrivilegedActionException'{0x00000000c6eea288}> (0x00000000c6eea288) thrown at [./src/hotspot/share/prims/jvm.cpp, line 1304]
Event: 0.466 Thread 0x00007f1dac016800 Exception <a 'java/security/PrivilegedActionException'{0x00000000c6eeabf8}> (0x00000000c6eeabf8) thrown at [./src/hotspot/share/prims/jvm.cpp, line 1304]
Event: 0.466 Thread 0x00007f1dac016800 Exception <a 'java/security/PrivilegedActionException'{0x00000000c6eeaec8}> (0x00000000c6eeaec8) thrown at [./src/hotspot/share/prims/jvm.cpp, line 1304]
Event: 0.466 Thread 0x00007f1dac016800 Exception <a 'java/security/PrivilegedActionException'{0x00000000c6eeb850}> (0x00000000c6eeb850) thrown at [./src/hotspot/share/prims/jvm.cpp, line 1304]
Event: 0.466 Thread 0x00007f1dac016800 Exception <a 'java/security/PrivilegedActionException'{0x00000000c6eebb20}> (0x00000000c6eebb20) thrown at [./src/hotspot/share/prims/jvm.cpp, line 1304]
Event: 0.553 Thread 0x00007f1dac016800 Exception <a 'java/lang/NoSuchMethodError'{0x00000000c6d9ab38}: 'int java.lang.invoke.DirectMethodHandle$Holder.invokeStaticInit(java.lang.Object, java.lang.Object, java.lang.Object, java.lang.Object)'> (0x00000000c6d9ab38) thrown at [./src/hotspot/share/interpreter/linkResolver.cpp, line 772]
Event: 0.555 Thread 0x00007f1dac016800 Exception <a 'java/lang/IncompatibleClassChangeError'{0x00000000c6da48b8}: Found class java.lang.Object, but interface was expected> (0x00000000c6da48b8) thrown at [./src/hotspot/share/interpreter/linkResolver.cpp, line 839]
Event: 0.556 Thread 0x00007f1dac016800 Exception <a 'java/lang/NoSuchMethodError'{0x00000000c6da7a68}: 'void java.lang.invoke.DirectMethodHandle$Holder.invokeStaticInit(java.lang.Object, java.lang.Object)'> (0x00000000c6da7a68) thrown at [./src/hotspot/share/interpreter/linkResolver.cpp, line 772]
Event: 0.557 Thread 0x00007f1dac016800 Exception <a 'java/lang/NoSuchMethodError'{0x00000000c6dacf38}: 'int java.lang.invoke.DirectMethodHandle$Holder.invokeStaticInit(java.lang.Object, java.lang.Object)'> (0x00000000c6dacf38) thrown at [./src/hotspot/share/interpreter/linkResolver.cpp, line 772]

Events (20 events):
Event: 1.314 loading class java/lang/invoke/BoundMethodHandle$Species_LLL
Event: 1.314 loading class java/lang/invoke/BoundMethodHandle$Species_LLL done
Event: 1.314 loading class java/lang/invoke/BoundMethodHandle$Species_LLLL
Event: 1.315 loading class java/lang/invoke/BoundMethodHandle$Species_LLLL done
Event: 1.317 loading class java/util/LinkedHashMap$LinkedKeySet
Event: 1.317 loading class java/util/LinkedHashMap$LinkedKeySet done
Event: 1.317 loading class sun/util/resources/TimeZoneNames
Event: 1.318 loading class java/lang/invoke/BoundMethodHandle$Species_LLLLL
Event: 1.319 loading class java/lang/invoke/BoundMethodHandle$Species_LLLLL done
Event: 1.321 loading class java/lang/invoke/BoundMethodHandle$Species_LLLLLL
Event: 1.321 loading class java/lang/invoke/BoundMethodHandle$Species_LLLLLL done
Event: 1.324 loading class sun/util/resources/TimeZoneNames done
Event: 1.324 loading class sun/util/resources/TimeZoneNames_en
Event: 1.325 loading class sun/util/resources/TimeZoneNames_en done
Event: 1.328 loading class java/lang/invoke/BoundMethodHandle$Species_LLLLLLI
Event: 1.328 loading class java/lang/invoke/BoundMethodHandle$Species_LLLLLLI done
Event: 1.336 loading class java/lang/invoke/BoundMethodHandle$Species_LLLLLLII
Event: 1.336 loading class java/lang/invoke/BoundMethodHandle$Species_LLLLLLII done
Event: 1.337 loading class java/lang/invoke/BoundMethodHandle$Species_LLLLLLIIL
Event: 1.337 loading class java/lang/invoke/BoundMethodHandle$Species_LLLLLLIIL done


Dynamic libraries:
c3200000-c7000000 rw-p 00000000 00:00 0 
c7000000-ffe00000 ---p 00000000 00:00 0 
ffe00000-ffe47000 rw-p 00b0a000 08:03 1060156                            /usr/lib/jvm/java-11-openjdk-amd64/lib/server/classes.jsa
ffe47000-fff00000 rw-p 00000000 00:00 0 
fff00000-fff6b000 rw-p 00a9f000 08:03 1060156                            /usr/lib/jvm/java-11-openjdk-amd64/lib/server/classes.jsa
fff6b000-100000000 rw-p 00000000 00:00 0 
800000000-800002000 rwxp 00001000 08:03 1060156                          /usr/lib/jvm/java-11-openjdk-amd64/lib/server/classes.jsa
800002000-8003cc000 rw-p 00003000 08:03 1060156                          /usr/lib/jvm/java-11-openjdk-amd64/lib/server/classes.jsa
8003cc000-800a9d000 r--p 003cd000 08:03 1060156                          /usr/lib/jvm/java-11-openjdk-amd64/lib/server/classes.jsa
800a9d000-800a9e000 rw-p 00a9e000 08:03 1060156                          /usr/lib/jvm/java-11-openjdk-amd64/lib/server/classes.jsa
840000000-8400c0000 rw-p 00000000 00:00 0 
8400c0000-880000000 ---p 00000000 00:00 0 
559f8274f000-559f82750000 r--p 00000000 08:03 1058673                    /usr/lib/jvm/java-11-openjdk-amd64/bin/java
559f82750000-559f82751000 r-xp 00001000 08:03 1058673                    /usr/lib/jvm/java-11-openjdk-amd64/bin/java
559f82751000-559f82752000 r--p 00002000 08:03 1058673                    /usr/lib/jvm/java-11-openjdk-amd64/bin/java
559f82752000-559f82753000 r--p 00002000 08:03 1058673                    /usr/lib/jvm/java-11-openjdk-amd64/bin/java
559f82753000-559f82754000 rw-p 00003000 08:03 1058673                    /usr/lib/jvm/java-11-openjdk-amd64/bin/java
559f84146000-559f84188000 rw-p 00000000 00:00 0                          [heap]
7f1d4d400000-7f1d4dd26000 r--p 00000000 08:03 1579535                    /home/doudou/.javacpp/cache/llvm-13.0.1-1.5.7-linux-x86_64.jar/org/bytedeco/llvm/linux-x86_64/libLLVM-13.so
7f1d4dd26000-7f1d516e9000 r-xp 00926000 08:03 1579535                    /home/doudou/.javacpp/cache/llvm-13.0.1-1.5.7-linux-x86_64.jar/org/bytedeco/llvm/linux-x86_64/libLLVM-13.so
7f1d516e9000-7f1d5393e000 r--p 042e9000 08:03 1579535                    /home/doudou/.javacpp/cache/llvm-13.0.1-1.5.7-linux-x86_64.jar/org/bytedeco/llvm/linux-x86_64/libLLVM-13.so
7f1d5393e000-7f1d53e53000 r--p 0653d000 08:03 1579535                    /home/doudou/.javacpp/cache/llvm-13.0.1-1.5.7-linux-x86_64.jar/org/bytedeco/llvm/linux-x86_64/libLLVM-13.so
7f1d53e53000-7f1d53e5e000 rw-p 06a52000 08:03 1579535                    /home/doudou/.javacpp/cache/llvm-13.0.1-1.5.7-linux-x86_64.jar/org/bytedeco/llvm/linux-x86_64/libLLVM-13.so
7f1d53e5e000-7f1d53ed4000 rw-p 00000000 00:00 0 
7f1d54000000-7f1d54021000 rw-p 00000000 00:00 0 
7f1d54021000-7f1d58000000 ---p 00000000 00:00 0 
7f1d58000000-7f1d58021000 rw-p 00000000 00:00 0 
7f1d58021000-7f1d5c000000 ---p 00000000 00:00 0 
7f1d5c000000-7f1d5c295000 rw-p 00000000 00:00 0 
7f1d5c295000-7f1d60000000 ---p 00000000 00:00 0 
7f1d60000000-7f1d603b6000 rw-p 00000000 00:00 0 
7f1d603b6000-7f1d64000000 ---p 00000000 00:00 0 
7f1d64000000-7f1d64021000 rw-p 00000000 00:00 0 
7f1d64021000-7f1d68000000 ---p 00000000 00:00 0 
7f1d68000000-7f1d68021000 rw-p 00000000 00:00 0 
7f1d68021000-7f1d6c000000 ---p 00000000 00:00 0 
7f1d6c000000-7f1d6c021000 rw-p 00000000 00:00 0 
7f1d6c021000-7f1d70000000 ---p 00000000 00:00 0 
7f1d70000000-7f1d70021000 rw-p 00000000 00:00 0 
7f1d70021000-7f1d74000000 ---p 00000000 00:00 0 
7f1d74000000-7f1d74021000 rw-p 00000000 00:00 0 
7f1d74021000-7f1d78000000 ---p 00000000 00:00 0 
7f1d78000000-7f1d78021000 rw-p 00000000 00:00 0 
7f1d78021000-7f1d7c000000 ---p 00000000 00:00 0 
7f1d7daf6000-7f1d7db5b000 r--p 00000000 08:03 1579540                    /home/doudou/.javacpp/cache/llvm-13.0.1-1.5.7-linux-x86_64.jar/org/bytedeco/llvm/linux-x86_64/libjniLLVM.so
7f1d7db5b000-7f1d7dbc9000 r-xp 00065000 08:03 1579540                    /home/doudou/.javacpp/cache/llvm-13.0.1-1.5.7-linux-x86_64.jar/org/bytedeco/llvm/linux-x86_64/libjniLLVM.so
7f1d7dbc9000-7f1d7dbf4000 r--p 000d3000 08:03 1579540                    /home/doudou/.javacpp/cache/llvm-13.0.1-1.5.7-linux-x86_64.jar/org/bytedeco/llvm/linux-x86_64/libjniLLVM.so
7f1d7dbf4000-7f1d7dbf7000 r--p 000fd000 08:03 1579540                    /home/doudou/.javacpp/cache/llvm-13.0.1-1.5.7-linux-x86_64.jar/org/bytedeco/llvm/linux-x86_64/libjniLLVM.so
7f1d7dbf7000-7f1d7dbfa000 rw-p 00100000 08:03 1579540                    /home/doudou/.javacpp/cache/llvm-13.0.1-1.5.7-linux-x86_64.jar/org/bytedeco/llvm/linux-x86_64/libjniLLVM.so
7f1d7dbfa000-7f1d7dbfc000 rw-p 00000000 00:00 0 
7f1d7dbfc000-7f1d7dc00000 ---p 00000000 00:00 0 
7f1d7dc00000-7f1d7dcfc000 rw-p 00000000 00:00 0 
7f1d7dcfc000-7f1d7dcfd000 ---p 00000000 00:00 0 
7f1d7dcfd000-7f1d7ddfe000 rw-p 00000000 00:00 0 
7f1d7ddfe000-7f1d7de02000 ---p 00000000 00:00 0 
7f1d7de02000-7f1d7defe000 rw-p 00000000 00:00 0 
7f1d7defe000-7f1d7deff000 ---p 00000000 00:00 0 
7f1d7deff000-7f1d7e000000 rw-p 00000000 00:00 0 
7f1d7e000000-7f1d7e004000 ---p 00000000 00:00 0 
7f1d7e004000-7f1d7e100000 rw-p 00000000 00:00 0 
7f1d7e100000-7f1d7e104000 ---p 00000000 00:00 0 
7f1d7e104000-7f1d7e200000 rw-p 00000000 00:00 0 
7f1d7e200000-7f1d7e204000 ---p 00000000 00:00 0 
7f1d7e204000-7f1d7e300000 rw-p 00000000 00:00 0 
7f1d7e300000-7f1d7e304000 ---p 00000000 00:00 0 
7f1d7e304000-7f1d7e400000 rw-p 00000000 00:00 0 
7f1d7e400000-7f1d7e404000 ---p 00000000 00:00 0 
7f1d7e404000-7f1d7e500000 rw-p 00000000 00:00 0 
7f1d7e500000-7f1d7e504000 ---p 00000000 00:00 0 
7f1d7e504000-7f1d7e600000 rw-p 00000000 00:00 0 
7f1d7e600000-7f1d7f3e7000 r--p 00000000 08:03 534858                     /usr/lib/locale/locale-archive
7f1d7f3fe000-7f1d7f402000 ---p 00000000 00:00 0 
7f1d7f402000-7f1d7f4fe000 rw-p 00000000 00:00 0 
7f1d7f4fe000-7f1d7f502000 ---p 00000000 00:00 0 
7f1d7f502000-7f1d7f5fe000 rw-p 00000000 00:00 0 
7f1d7f5fe000-7f1d7f602000 ---p 00000000 00:00 0 
7f1d7f602000-7f1d7f6fe000 rw-p 00000000 00:00 0 
7f1d7f6fe000-7f1d7f6ff000 ---p 00000000 00:00 0 
7f1d7f6ff000-7f1d7fe00000 rw-p 00000000 00:00 0 
7f1d7fe00000-7f1d80000000 ---p 00000000 00:00 0 
7f1d80000000-7f1d80021000 rw-p 00000000 00:00 0 
7f1d80021000-7f1d84000000 ---p 00000000 00:00 0 
7f1d84000000-7f1d84021000 rw-p 00000000 00:00 0 
7f1d84021000-7f1d88000000 ---p 00000000 00:00 0 
7f1d88000000-7f1d88021000 rw-p 00000000 00:00 0 
7f1d88021000-7f1d8c000000 ---p 00000000 00:00 0 
7f1d8c00d000-7f1d8c08e000 rw-p 00000000 00:00 0 
7f1d8c08e000-7f1d8c08f000 ---p 00000000 00:00 0 
7f1d8c08f000-7f1d8e288000 rw-p 00000000 00:00 0 
7f1d8e288000-7f1d8f0c0000 ---p 00000000 00:00 0 
7f1d8f0c0000-7f1d8f1c0000 rw-p 00000000 00:00 0 
7f1d8f1c0000-7f1d8fff8000 ---p 00000000 00:00 0 
7f1d8fff8000-7f1d90000000 rw-p 00000000 00:00 0 
7f1d90000000-7f1d90021000 rw-p 00000000 00:00 0 
7f1d90021000-7f1d94000000 ---p 00000000 00:00 0 
7f1d94013000-7f1d94014000 ---p 00000000 00:00 0 
7f1d94014000-7f1d94317000 rw-p 00000000 00:00 0 
7f1d94317000-7f1d94318000 ---p 00000000 00:00 0 
7f1d94318000-7f1d94438000 rw-p 00000000 00:00 0 
7f1d94438000-7f1d945ff000 ---p 00000000 00:00 0 
7f1d945ff000-7f1d94600000 rw-p 00000000 00:00 0 
7f1d94600000-7f1d94870000 rwxp 00000000 00:00 0 
7f1d94870000-7f1d94b8f000 ---p 00000000 00:00 0 
7f1d94b8f000-7f1d94dff000 rwxp 00000000 00:00 0 
7f1d94dff000-7f1d9c0c7000 ---p 00000000 00:00 0 
7f1d9c0c7000-7f1d9c337000 rwxp 00000000 00:00 0 
7f1d9c337000-7f1da3600000 ---p 00000000 00:00 0 
7f1da3600000-7f1dabe0b000 r--s 00000000 08:03 1058832                    /usr/lib/jvm/java-11-openjdk-amd64/lib/modules
7f1dabe19000-7f1dabe38000 rw-p 00000000 00:00 0 
7f1dabe38000-7f1dabfff000 ---p 00000000 00:00 0 
7f1dabfff000-7f1dac000000 rw-p 00000000 00:00 0 
7f1dac000000-7f1dac447000 rw-p 00000000 00:00 0 
7f1dac447000-7f1db0000000 ---p 00000000 00:00 0 
7f1db003d000-7f1db003e000 ---p 00000000 00:00 0 
7f1db003e000-7f1db015e000 rw-p 00000000 00:00 0 
7f1db015e000-7f1db0325000 ---p 00000000 00:00 0 
7f1db0325000-7f1db0528000 rw-p 00000000 00:00 0 
7f1db0528000-7f1db0529000 ---p 00000000 00:00 0 
7f1db0529000-7f1db062f000 rw-p 00000000 00:00 0 
7f1db062f000-7f1db0715000 ---p 00000000 00:00 0 
7f1db0715000-7f1db071a000 rw-p 00000000 00:00 0 
7f1db071a000-7f1db0800000 ---p 00000000 00:00 0 
7f1db0800000-7f1db089a000 r--p 00000000 08:03 552221                     /usr/lib/x86_64-linux-gnu/libstdc++.so.6.0.30
7f1db089a000-7f1db09aa000 r-xp 0009a000 08:03 552221                     /usr/lib/x86_64-linux-gnu/libstdc++.so.6.0.30
7f1db09aa000-7f1db0a19000 r--p 001aa000 08:03 552221                     /usr/lib/x86_64-linux-gnu/libstdc++.so.6.0.30
7f1db0a19000-7f1db0a24000 r--p 00218000 08:03 552221                     /usr/lib/x86_64-linux-gnu/libstdc++.so.6.0.30
7f1db0a24000-7f1db0a27000 rw-p 00223000 08:03 552221                     /usr/lib/x86_64-linux-gnu/libstdc++.so.6.0.30
7f1db0a27000-7f1db0a2a000 rw-p 00000000 00:00 0 
7f1db0a55000-7f1db0a5c000 r--p 00000000 08:03 1579536                    /home/doudou/.javacpp/cache/llvm-13.0.1-1.5.7-linux-x86_64.jar/org/bytedeco/llvm/linux-x86_64/libLTO.so.13
7f1db0a5c000-7f1db0a64000 r-xp 00007000 08:03 1579536                    /home/doudou/.javacpp/cache/llvm-13.0.1-1.5.7-linux-x86_64.jar/org/bytedeco/llvm/linux-x86_64/libLTO.so.13
7f1db0a64000-7f1db0a66000 r--p 0000f000 08:03 1579536                    /home/doudou/.javacpp/cache/llvm-13.0.1-1.5.7-linux-x86_64.jar/org/bytedeco/llvm/linux-x86_64/libLTO.so.13
7f1db0a66000-7f1db0a67000 r--p 00010000 08:03 1579536                    /home/doudou/.javacpp/cache/llvm-13.0.1-1.5.7-linux-x86_64.jar/org/bytedeco/llvm/linux-x86_64/libLTO.so.13
7f1db0a67000-7f1db0a68000 rw-p 00011000 08:03 1579536                    /home/doudou/.javacpp/cache/llvm-13.0.1-1.5.7-linux-x86_64.jar/org/bytedeco/llvm/linux-x86_64/libLTO.so.13
7f1db0a68000-7f1db0a69000 r--p 00000000 08:03 551276                     /usr/lib/x86_64-linux-gnu/libdl.so.2
7f1db0a69000-7f1db0a6a000 r-xp 00001000 08:03 551276                     /usr/lib/x86_64-linux-gnu/libdl.so.2
7f1db0a6a000-7f1db0a6b000 r--p 00002000 08:03 551276                     /usr/lib/x86_64-linux-gnu/libdl.so.2
7f1db0a6b000-7f1db0a6c000 r--p 00002000 08:03 551276                     /usr/lib/x86_64-linux-gnu/libdl.so.2
7f1db0a6c000-7f1db0a6d000 rw-p 00003000 08:03 551276                     /usr/lib/x86_64-linux-gnu/libdl.so.2
7f1db0a70000-7f1db0a77000 r--s 00000000 08:03 553557                     /usr/lib/x86_64-linux-gnu/gconv/gconv-modules.cache
7f1db0a77000-7f1db0a78000 r--p 00000000 08:03 1579538                    /home/doudou/.javacpp/cache/llvm-13.0.1-1.5.7-linux-x86_64.jar/org/bytedeco/llvm/linux-x86_64/libRemarks.so.13
7f1db0a78000-7f1db0a79000 r-xp 00001000 08:03 1579538                    /home/doudou/.javacpp/cache/llvm-13.0.1-1.5.7-linux-x86_64.jar/org/bytedeco/llvm/linux-x86_64/libRemarks.so.13
7f1db0a79000-7f1db0a7a000 r--p 00002000 08:03 1579538                    /home/doudou/.javacpp/cache/llvm-13.0.1-1.5.7-linux-x86_64.jar/org/bytedeco/llvm/linux-x86_64/libRemarks.so.13
7f1db0a7a000-7f1db0a7b000 r--p 00002000 08:03 1579538                    /home/doudou/.javacpp/cache/llvm-13.0.1-1.5.7-linux-x86_64.jar/org/bytedeco/llvm/linux-x86_64/libRemarks.so.13
7f1db0a7b000-7f1db0a7c000 rw-p 00003000 08:03 1579538                    /home/doudou/.javacpp/cache/llvm-13.0.1-1.5.7-linux-x86_64.jar/org/bytedeco/llvm/linux-x86_64/libRemarks.so.13
7f1db0a7c000-7f1db0a80000 r--p 00000000 08:03 1579530                    /home/doudou/.javacpp/cache/javacpp-1.5.7-linux-x86_64.jar/org/bytedeco/javacpp/linux-x86_64/libjnijavacpp.so
7f1db0a80000-7f1db0a87000 r-xp 00004000 08:03 1579530                    /home/doudou/.javacpp/cache/javacpp-1.5.7-linux-x86_64.jar/org/bytedeco/javacpp/linux-x86_64/libjnijavacpp.so
7f1db0a87000-7f1db0a8b000 r--p 0000b000 08:03 1579530                    /home/doudou/.javacpp/cache/javacpp-1.5.7-linux-x86_64.jar/org/bytedeco/javacpp/linux-x86_64/libjnijavacpp.so
7f1db0a8b000-7f1db0a8c000 r--p 0000e000 08:03 1579530                    /home/doudou/.javacpp/cache/javacpp-1.5.7-linux-x86_64.jar/org/bytedeco/javacpp/linux-x86_64/libjnijavacpp.so
7f1db0a8c000-7f1db0a8d000 rw-p 0000f000 08:03 1579530                    /home/doudou/.javacpp/cache/javacpp-1.5.7-linux-x86_64.jar/org/bytedeco/javacpp/linux-x86_64/libjnijavacpp.so
7f1db0a8d000-7f1db0a91000 r--p 00000000 08:03 1058822                    /usr/lib/jvm/java-11-openjdk-amd64/lib/libnet.so
7f1db0a91000-7f1db0a9f000 r-xp 00004000 08:03 1058822                    /usr/lib/jvm/java-11-openjdk-amd64/lib/libnet.so
7f1db0a9f000-7f1db0aa3000 r--p 00012000 08:03 1058822                    /usr/lib/jvm/java-11-openjdk-amd64/lib/libnet.so
7f1db0aa3000-7f1db0aa4000 r--p 00015000 08:03 1058822                    /usr/lib/jvm/java-11-openjdk-amd64/lib/libnet.so
7f1db0aa4000-7f1db0aa5000 rw-p 00016000 08:03 1058822                    /usr/lib/jvm/java-11-openjdk-amd64/lib/libnet.so
7f1db0aa5000-7f1db0b00000 rw-p 00000000 00:00 0 
7f1db0b00000-7f1db0b04000 ---p 00000000 00:00 0 
7f1db0b04000-7f1db0c00000 rw-p 00000000 00:00 0 
7f1db0c00000-7f1db0e82000 r--p 00000000 08:03 1058837                    /usr/lib/jvm/java-11-openjdk-amd64/lib/server/libjvm.so
7f1db0e82000-7f1db1b1e000 r-xp 00282000 08:03 1058837                    /usr/lib/jvm/java-11-openjdk-amd64/lib/server/libjvm.so
7f1db1b1e000-7f1db1d79000 r--p 00f1e000 08:03 1058837                    /usr/lib/jvm/java-11-openjdk-amd64/lib/server/libjvm.so
7f1db1d79000-7f1db1d7a000 ---p 01179000 08:03 1058837                    /usr/lib/jvm/java-11-openjdk-amd64/lib/server/libjvm.so
7f1db1d7a000-7f1db1e3e000 r--p 01179000 08:03 1058837                    /usr/lib/jvm/java-11-openjdk-amd64/lib/server/libjvm.so
7f1db1e3e000-7f1db1e79000 rw-p 0123d000 08:03 1058837                    /usr/lib/jvm/java-11-openjdk-amd64/lib/server/libjvm.so
7f1db1e79000-7f1db1ed0000 rw-p 00000000 00:00 0 
7f1db1ed3000-7f1db1ed4000 r--p 00000000 08:03 552054                     /usr/lib/x86_64-linux-gnu/libpthread.so.0
7f1db1ed4000-7f1db1ed5000 r-xp 00001000 08:03 552054                     /usr/lib/x86_64-linux-gnu/libpthread.so.0
7f1db1ed5000-7f1db1ed6000 r--p 00002000 08:03 552054                     /usr/lib/x86_64-linux-gnu/libpthread.so.0
7f1db1ed6000-7f1db1ed7000 r--p 00002000 08:03 552054                     /usr/lib/x86_64-linux-gnu/libpthread.so.0
7f1db1ed7000-7f1db1ed8000 rw-p 00003000 08:03 552054                     /usr/lib/x86_64-linux-gnu/libpthread.so.0
7f1db1ed8000-7f1db1edf000 r--p 00000000 08:03 1058823                    /usr/lib/jvm/java-11-openjdk-amd64/lib/libnio.so
7f1db1edf000-7f1db1ee7000 r-xp 00007000 08:03 1058823                    /usr/lib/jvm/java-11-openjdk-amd64/lib/libnio.so
7f1db1ee7000-7f1db1eea000 r--p 0000f000 08:03 1058823                    /usr/lib/jvm/java-11-openjdk-amd64/lib/libnio.so
7f1db1eea000-7f1db1eeb000 r--p 00011000 08:03 1058823                    /usr/lib/jvm/java-11-openjdk-amd64/lib/libnio.so
7f1db1eeb000-7f1db1eec000 rw-p 00012000 08:03 1058823                    /usr/lib/jvm/java-11-openjdk-amd64/lib/libnio.so
7f1db1eec000-7f1db1f12000 rw-p 00000000 00:00 0 
7f1db1f12000-7f1db1f19000 ---p 00000000 00:00 0 
7f1db1f19000-7f1db1f27000 r--p 00000000 08:03 551785                     /usr/lib/x86_64-linux-gnu/libm.so.6
7f1db1f27000-7f1db1fa3000 r-xp 0000e000 08:03 551785                     /usr/lib/x86_64-linux-gnu/libm.so.6
7f1db1fa3000-7f1db1ffe000 r--p 0008a000 08:03 551785                     /usr/lib/x86_64-linux-gnu/libm.so.6
7f1db1ffe000-7f1db1fff000 r--p 000e4000 08:03 551785                     /usr/lib/x86_64-linux-gnu/libm.so.6
7f1db1fff000-7f1db2000000 rw-p 000e5000 08:03 551785                     /usr/lib/x86_64-linux-gnu/libm.so.6
7f1db2000000-7f1db2028000 r--p 00000000 08:03 551134                     /usr/lib/x86_64-linux-gnu/libc.so.6
7f1db2028000-7f1db21bd000 r-xp 00028000 08:03 551134                     /usr/lib/x86_64-linux-gnu/libc.so.6
7f1db21bd000-7f1db2215000 r--p 001bd000 08:03 551134                     /usr/lib/x86_64-linux-gnu/libc.so.6
7f1db2215000-7f1db2219000 r--p 00214000 08:03 551134                     /usr/lib/x86_64-linux-gnu/libc.so.6
7f1db2219000-7f1db221b000 rw-p 00218000 08:03 551134                     /usr/lib/x86_64-linux-gnu/libc.so.6
7f1db221b000-7f1db2228000 rw-p 00000000 00:00 0 
7f1db222a000-7f1db222b000 r--p 00000000 08:03 1058804                    /usr/lib/jvm/java-11-openjdk-amd64/lib/libextnet.so
7f1db222b000-7f1db222c000 r-xp 00001000 08:03 1058804                    /usr/lib/jvm/java-11-openjdk-amd64/lib/libextnet.so
7f1db222c000-7f1db222d000 r--p 00002000 08:03 1058804                    /usr/lib/jvm/java-11-openjdk-amd64/lib/libextnet.so
7f1db222d000-7f1db222e000 r--p 00002000 08:03 1058804                    /usr/lib/jvm/java-11-openjdk-amd64/lib/libextnet.so
7f1db222e000-7f1db222f000 rw-p 00003000 08:03 1058804                    /usr/lib/jvm/java-11-openjdk-amd64/lib/libextnet.so
7f1db222f000-7f1db2231000 r--p 00000000 08:03 1058831                    /usr/lib/jvm/java-11-openjdk-amd64/lib/libzip.so
7f1db2231000-7f1db2236000 r-xp 00002000 08:03 1058831                    /usr/lib/jvm/java-11-openjdk-amd64/lib/libzip.so
7f1db2236000-7f1db2238000 r--p 00007000 08:03 1058831                    /usr/lib/jvm/java-11-openjdk-amd64/lib/libzip.so
7f1db2238000-7f1db2239000 r--p 00008000 08:03 1058831                    /usr/lib/jvm/java-11-openjdk-amd64/lib/libzip.so
7f1db2239000-7f1db223a000 rw-p 00009000 08:03 1058831                    /usr/lib/jvm/java-11-openjdk-amd64/lib/libzip.so
7f1db223a000-7f1db2242000 rw-s 00000000 08:03 823989                     /tmp/hsperfdata_doudou/9424
7f1db2242000-7f1db2244000 r--p 00000000 08:03 1058806                    /usr/lib/jvm/java-11-openjdk-amd64/lib/libinstrument.so
7f1db2244000-7f1db224b000 r-xp 00002000 08:03 1058806                    /usr/lib/jvm/java-11-openjdk-amd64/lib/libinstrument.so
7f1db224b000-7f1db224e000 r--p 00009000 08:03 1058806                    /usr/lib/jvm/java-11-openjdk-amd64/lib/libinstrument.so
7f1db224e000-7f1db224f000 r--p 0000b000 08:03 1058806                    /usr/lib/jvm/java-11-openjdk-amd64/lib/libinstrument.so
7f1db224f000-7f1db2250000 rw-p 0000c000 08:03 1058806                    /usr/lib/jvm/java-11-openjdk-amd64/lib/libinstrument.so
7f1db2250000-7f1db225e000 r--p 00000000 08:03 1058811                    /usr/lib/jvm/java-11-openjdk-amd64/lib/libjava.so
7f1db225e000-7f1db2274000 r-xp 0000e000 08:03 1058811                    /usr/lib/jvm/java-11-openjdk-amd64/lib/libjava.so
7f1db2274000-7f1db227b000 r--p 00024000 08:03 1058811                    /usr/lib/jvm/java-11-openjdk-amd64/lib/libjava.so
7f1db227b000-7f1db227c000 r--p 0002a000 08:03 1058811                    /usr/lib/jvm/java-11-openjdk-amd64/lib/libjava.so
7f1db227c000-7f1db227d000 rw-p 0002b000 08:03 1058811                    /usr/lib/jvm/java-11-openjdk-amd64/lib/libjava.so
7f1db227d000-7f1db227e000 rw-p 00000000 00:00 0 
7f1db227e000-7f1db2283000 r--p 00000000 08:03 1058830                    /usr/lib/jvm/java-11-openjdk-amd64/lib/libverify.so
7f1db2283000-7f1db228a000 r-xp 00005000 08:03 1058830                    /usr/lib/jvm/java-11-openjdk-amd64/lib/libverify.so
7f1db228a000-7f1db228c000 r--p 0000c000 08:03 1058830                    /usr/lib/jvm/java-11-openjdk-amd64/lib/libverify.so
7f1db228c000-7f1db228e000 r--p 0000d000 08:03 1058830                    /usr/lib/jvm/java-11-openjdk-amd64/lib/libverify.so
7f1db228e000-7f1db228f000 rw-p 0000f000 08:03 1058830                    /usr/lib/jvm/java-11-openjdk-amd64/lib/libverify.so
7f1db228f000-7f1db2290000 r--p 00000000 08:03 552110                     /usr/lib/x86_64-linux-gnu/librt.so.1
7f1db2290000-7f1db2291000 r-xp 00001000 08:03 552110                     /usr/lib/x86_64-linux-gnu/librt.so.1
7f1db2291000-7f1db2292000 r--p 00002000 08:03 552110                     /usr/lib/x86_64-linux-gnu/librt.so.1
7f1db2292000-7f1db2293000 r--p 00002000 08:03 552110                     /usr/lib/x86_64-linux-gnu/librt.so.1
7f1db2293000-7f1db2294000 rw-p 00003000 08:03 552110                     /usr/lib/x86_64-linux-gnu/librt.so.1
7f1db2294000-7f1db2297000 r--p 00000000 08:03 551433                     /usr/lib/x86_64-linux-gnu/libgcc_s.so.1
7f1db2297000-7f1db22ae000 r-xp 00003000 08:03 551433                     /usr/lib/x86_64-linux-gnu/libgcc_s.so.1
7f1db22ae000-7f1db22b2000 r--p 0001a000 08:03 551433                     /usr/lib/x86_64-linux-gnu/libgcc_s.so.1
7f1db22b2000-7f1db22b3000 r--p 0001d000 08:03 551433                     /usr/lib/x86_64-linux-gnu/libgcc_s.so.1
7f1db22b3000-7f1db22b4000 rw-p 0001e000 08:03 551433                     /usr/lib/x86_64-linux-gnu/libgcc_s.so.1
7f1db22b4000-7f1db22b6000 rw-p 00000000 00:00 0 
7f1db22b6000-7f1db22b8000 r--p 00000000 08:03 552488                     /usr/lib/x86_64-linux-gnu/libz.so.1.2.11
7f1db22b8000-7f1db22c9000 r-xp 00002000 08:03 552488                     /usr/lib/x86_64-linux-gnu/libz.so.1.2.11
7f1db22c9000-7f1db22cf000 r--p 00013000 08:03 552488                     /usr/lib/x86_64-linux-gnu/libz.so.1.2.11
7f1db22cf000-7f1db22d0000 ---p 00019000 08:03 552488                     /usr/lib/x86_64-linux-gnu/libz.so.1.2.11
7f1db22d0000-7f1db22d1000 r--p 00019000 08:03 552488                     /usr/lib/x86_64-linux-gnu/libz.so.1.2.11
7f1db22d1000-7f1db22d2000 rw-p 0001a000 08:03 552488                     /usr/lib/x86_64-linux-gnu/libz.so.1.2.11
7f1db22d6000-7f1db22d7000 ---p 00000000 00:00 0 
7f1db22d7000-7f1db22d8000 r--p 00000000 00:00 0 
7f1db22d8000-7f1db22da000 r--p 00000000 08:03 1058814                    /usr/lib/jvm/java-11-openjdk-amd64/lib/libjimage.so
7f1db22da000-7f1db22dd000 r-xp 00002000 08:03 1058814                    /usr/lib/jvm/java-11-openjdk-amd64/lib/libjimage.so
7f1db22dd000-7f1db22de000 r--p 00005000 08:03 1058814                    /usr/lib/jvm/java-11-openjdk-amd64/lib/libjimage.so
7f1db22de000-7f1db22df000 ---p 00006000 08:03 1058814                    /usr/lib/jvm/java-11-openjdk-amd64/lib/libjimage.so
7f1db22df000-7f1db22e0000 r--p 00006000 08:03 1058814                    /usr/lib/jvm/java-11-openjdk-amd64/lib/libjimage.so
7f1db22e0000-7f1db22e1000 rw-p 00007000 08:03 1058814                    /usr/lib/jvm/java-11-openjdk-amd64/lib/libjimage.so
7f1db22e1000-7f1db22e4000 r--p 00000000 08:03 1058796                    /usr/lib/jvm/java-11-openjdk-amd64/lib/jli/libjli.so
7f1db22e4000-7f1db22ee000 r-xp 00003000 08:03 1058796                    /usr/lib/jvm/java-11-openjdk-amd64/lib/jli/libjli.so
7f1db22ee000-7f1db22f1000 r--p 0000d000 08:03 1058796                    /usr/lib/jvm/java-11-openjdk-amd64/lib/jli/libjli.so
7f1db22f1000-7f1db22f2000 ---p 00010000 08:03 1058796                    /usr/lib/jvm/java-11-openjdk-amd64/lib/jli/libjli.so
7f1db22f2000-7f1db22f3000 r--p 00010000 08:03 1058796                    /usr/lib/jvm/java-11-openjdk-amd64/lib/jli/libjli.so
7f1db22f3000-7f1db22f4000 rw-p 00011000 08:03 1058796                    /usr/lib/jvm/java-11-openjdk-amd64/lib/jli/libjli.so
7f1db22f4000-7f1db22f6000 rw-p 00000000 00:00 0 
7f1db22f6000-7f1db22f8000 r--p 00000000 08:03 550792                     /usr/lib/x86_64-linux-gnu/ld-linux-x86-64.so.2
7f1db22f8000-7f1db2322000 r-xp 00002000 08:03 550792                     /usr/lib/x86_64-linux-gnu/ld-linux-x86-64.so.2
7f1db2322000-7f1db232d000 r--p 0002c000 08:03 550792                     /usr/lib/x86_64-linux-gnu/ld-linux-x86-64.so.2
7f1db232e000-7f1db2330000 r--p 00037000 08:03 550792                     /usr/lib/x86_64-linux-gnu/ld-linux-x86-64.so.2
7f1db2330000-7f1db2332000 rw-p 00039000 08:03 550792                     /usr/lib/x86_64-linux-gnu/ld-linux-x86-64.so.2
7ffe2fe1c000-7ffe2fe3d000 rw-p 00000000 00:00 0                          [stack]
7ffe2fe91000-7ffe2fe95000 r--p 00000000 00:00 0                          [vvar]
7ffe2fe95000-7ffe2fe97000 r-xp 00000000 00:00 0                          [vdso]
ffffffffff600000-ffffffffff601000 --xp 00000000 00:00 0                  [vsyscall]


VM Arguments:
jvm_args: -javaagent:/snap/intellij-idea-ultimate/430/lib/idea_rt.jar=42277:/snap/intellij-idea-ultimate/430/bin -Dfile.encoding=UTF-8 
java_command: Main /home/doudou/lab/Lab/tests/test1.sysy /home/doudou/lab/Lab/tests/out.txt
java_class_path (initial): /home/doudou/lab/Lab/out/production/Lab:/usr/local/lib/antlr-4.9.1-complete.jar:/usr/local/lib/javacpp-1.5.7-linux-x86_64.jar:/usr/local/lib/javacpp-1.5.7.jar:/usr/local/lib/llvm-13.0.1-1.5.7-linux-x86_64.jar:/usr/local/lib/llvm-13.0.1-1.5.7.jar:/usr/local/lib/llvm-platform-13.0.1-1.5.7.jar
Launcher Type: SUN_STANDARD

[Global flags]
     intx CICompilerCount                          = 2                                         {product} {ergonomic}
     uint ConcGCThreads                            = 1                                         {product} {ergonomic}
     uint G1ConcRefinementThreads                  = 2                                         {product} {ergonomic}
   size_t G1HeapRegionSize                         = 1048576                                   {product} {ergonomic}
    uintx GCDrainStackTargetSize                   = 64                                        {product} {ergonomic}
   size_t InitialHeapSize                          = 65011712                                  {product} {ergonomic}
   size_t MarkStackSize                            = 4194304                                   {product} {ergonomic}
   size_t MaxHeapSize                              = 1021313024                                {product} {ergonomic}
   size_t MaxNewSize                               = 612368384                                 {product} {ergonomic}
   size_t MinHeapDeltaBytes                        = 1048576                                   {product} {ergonomic}
    uintx NonNMethodCodeHeapSize                   = 5825164                                {pd product} {ergonomic}
    uintx NonProfiledCodeHeapSize                  = 122916538                              {pd product} {ergonomic}
    uintx ProfiledCodeHeapSize                     = 122916538                              {pd product} {ergonomic}
    uintx ReservedCodeCacheSize                    = 251658240                              {pd product} {ergonomic}
     bool SegmentedCodeCache                       = true                                      {product} {ergonomic}
     bool UseCompressedClassPointers               = true                                 {lp64_product} {ergonomic}
     bool UseCompressedOops                        = true                                 {lp64_product} {ergonomic}
     bool UseG1GC                                  = true                                      {product} {ergonomic}

Logging:
Log output configuration:
 #0: stdout all=warning uptime,level,tags
 #1: stderr all=off uptime,level,tags

Environment Variables:
PATH=/usr/local/sbin:/usr/local/bin:/usr/sbin:/usr/bin:/sbin:/bin:/usr/games:/usr/local/games:/snap/bin:/snap/bin
USERNAME=doudou
SHELL=/bin/bash
DISPLAY=:0
LANG=en_US.UTF-8
LC_NUMERIC=zh_CN.UTF-8
LC_TIME=zh_CN.UTF-8

Signal Handlers:
SIGSEGV: [libjvm.so+0xeabd80], sa_mask[0]=11111111011111111101111111111110, sa_flags=SA_RESTART|SA_SIGINFO
SIGBUS: [libjvm.so+0xeabd80], sa_mask[0]=11111111011111111101111111111110, sa_flags=SA_RESTART|SA_SIGINFO
SIGFPE: [libjvm.so+0xeabd80], sa_mask[0]=11111111011111111101111111111110, sa_flags=SA_RESTART|SA_SIGINFO
SIGPIPE: [libjvm.so+0xbee610], sa_mask[0]=11111111011111111101111111111110, sa_flags=SA_RESTART|SA_SIGINFO
SIGXFSZ: [libjvm.so+0xbee610], sa_mask[0]=11111111011111111101111111111110, sa_flags=SA_RESTART|SA_SIGINFO
SIGILL: [libjvm.so+0xeabd80], sa_mask[0]=11111111011111111101111111111110, sa_flags=SA_RESTART|SA_SIGINFO
SIGUSR2: [libjvm.so+0xbee4b0], sa_mask[0]=00100000000000000000000000000000, sa_flags=SA_RESTART|SA_SIGINFO
SIGHUP: [libjvm.so+0xbeec50], sa_mask[0]=11111111011111111101111111111110, sa_flags=SA_RESTART|SA_SIGINFO
SIGINT: [libjvm.so+0xbeec50], sa_mask[0]=11111111011111111101111111111110, sa_flags=SA_RESTART|SA_SIGINFO
SIGTERM: [libjvm.so+0xbeec50], sa_mask[0]=11111111011111111101111111111110, sa_flags=SA_RESTART|SA_SIGINFO
SIGQUIT: [libjvm.so+0xbeec50], sa_mask[0]=11111111011111111101111111111110, sa_flags=SA_RESTART|SA_SIGINFO


---------------  S Y S T E M  ---------------

OS:DISTRIB_ID=Ubuntu
DISTRIB_RELEASE=22.04
DISTRIB_CODENAME=jammy
DISTRIB_DESCRIPTION="Ubuntu 22.04.2 LTS"
uname:Linux 5.19.0-43-generic #44~22.04.1-Ubuntu SMP PREEMPT_DYNAMIC Mon May 22 13:39:36 UTC 2 x86_64
OS uptime: 0 days 3:06 hours
libc:glibc 2.35 NPTL 2.35 
rlimit (soft/hard): STACK 8192k/infinity , CORE 0k/infinity , NPROC 15250/15250 , NOFILE 1048576/1048576 , AS infinity/infinity , CPU infinity/infinity , DATA infinity/infinity , FSIZE infinity/infinity , MEMLOCK 497764k/497764k
load average:2.68 1.69 1.29

/proc/meminfo:
MemTotal:        3982112 kB
MemFree:          148640 kB
MemAvailable:     192088 kB
Buffers:            2140 kB
Cached:           211588 kB
SwapCached:        90784 kB
Active:           908680 kB
Inactive:        1178116 kB
Active(anon):     814936 kB
Inactive(anon):  1058840 kB
Active(file):      93744 kB
Inactive(file):   119276 kB
Unevictable:           0 kB
Mlocked:               0 kB
SwapTotal:       3512316 kB
SwapFree:        1764336 kB
Zswap:                 0 kB
Zswapped:              0 kB
Dirty:              1904 kB
Writeback:             0 kB
AnonPages:       1849152 kB
Mapped:           119996 kB
Shmem:               608 kB
KReclaimable:      69760 kB
Slab:             535692 kB
SReclaimable:      69760 kB
SUnreclaim:       465932 kB
KernelStack:       14544 kB
PageTables:        28876 kB
NFS_Unstable:          0 kB
Bounce:                0 kB
WritebackTmp:          0 kB
CommitLimit:     5503372 kB
Committed_AS:    6398284 kB
VmallocTotal:   34359738367 kB
VmallocUsed:      435384 kB
VmallocChunk:          0 kB
Percpu:           132096 kB
HardwareCorrupted:     0 kB
AnonHugePages:         0 kB
ShmemHugePages:        0 kB
ShmemPmdMapped:        0 kB
FileHugePages:         0 kB
FilePmdMapped:         0 kB
HugePages_Total:       0
HugePages_Free:        0
HugePages_Rsvd:        0
HugePages_Surp:        0
Hugepagesize:       2048 kB
Hugetlb:               0 kB
DirectMap4k:      302912 kB
DirectMap2M:     3891200 kB
DirectMap1G:     2097152 kB

/sys/kernel/mm/transparent_hugepage/enabled:
always [madvise] never
/sys/kernel/mm/transparent_hugepage/defrag (defrag/compaction efforts parameter):
always defer defer+madvise [madvise] never

Process Memory:
Virtual Size: 3681672K (peak: 12380364K)
Resident Set Size: 93700K (peak: 93700K) (anon: 37252K, file: 56448K, shmem: 0K)
Swapped out: 0K
C-Heap outstanding allocations: 15105K, retained: 2326K
glibc malloc tunables: (default)

/proc/sys/kernel/threads-max (system-wide limit on the number of threads):
30501
/proc/sys/vm/max_map_count (maximum number of memory map areas a process may have):
65530
/proc/sys/kernel/pid_max (system-wide limit on number of process identifiers):
4194304

container (cgroup) information:
container_type: cgroupv2
cpu_cpuset_cpus: not supported
cpu_memory_nodes: not supported
active_processor_count: 2
cpu_quota: not supported
cpu_period: not supported
cpu_shares: not supported
memory_limit_in_bytes: unlimited
memory_and_swap_limit_in_bytes: unlimited
memory_soft_limit_in_bytes: unlimited
memory_usage_in_bytes: 1839960 k
memory_max_usage_in_bytes: not supported
memory_swap_current_in_bytes: 958836 k
memory_swap_max_limit_in_bytes: unlimited
maximum number of tasks: 4575
current number of tasks: 126

VMWare virtualization detected
Steal ticks since vm start: 0
Steal ticks percentage since vm start:  0.000

CPU:total 2 (initial active 2) (1 cores per cpu, 1 threads per core) family 6 model 140 stepping 1 microcode 0xffffffff, cmov, cx8, fxsr, mmx, sse, sse2, sse3, ssse3, sse4.1, sse4.2, popcnt, avx, avx2, aes, clmul, erms, 3dnowpref, lzcnt, tsc, tscinvbit, bmi1, bmi2, adx, evex, sha, fma
CPU Model and flags from /proc/cpuinfo:
model name	: 11th Gen Intel(R) Core(TM) i7-1165G7 @ 2.80GHz
flags		: fpu vme de pse tsc msr pae mce cx8 apic sep mtrr pge mca cmov pat pse36 clflush mmx fxsr sse sse2 ss syscall nx pdpe1gb rdtscp lm constant_tsc arch_perfmon rep_good nopl xtopology tsc_reliable nonstop_tsc cpuid tsc_known_freq pni pclmulqdq ssse3 fma cx16 pcid sse4_1 sse4_2 x2apic movbe popcnt tsc_deadline_timer aes xsave avx f16c rdrand hypervisor lahf_lm abm 3dnowprefetch invpcid_single pti ssbd ibrs ibpb stibp fsgsbase tsc_adjust bmi1 avx2 smep bmi2 erms invpcid avx512f avx512dq rdseed adx smap avx512ifma clflushopt clwb avx512cd sha_ni avx512bw avx512vl xsaveopt xsavec xgetbv1 xsaves arat avx512vbmi umip avx512_vbmi2 gfni vaes vpclmulqdq avx512_vnni avx512_bitalg avx512_vpopcntdq rdpid fsrm avx512_vp2intersect flush_l1d arch_capabilities
Online cpus:
0-1
Offline cpus:
2-127
BIOS frequency limitation:
<Not Available>
Frequency switch latency (ns):
<Not Available>
Available cpu frequencies:
<Not Available>
Current governor:
<Not Available>
Core performance/turbo boost:
<Not Available>

Memory: 4k page, physical 3982112k(148640k free), swap 3512316k(1764336k free)

vm_info: OpenJDK 64-Bit Server VM (11.0.19+7-post-Ubuntu-0ubuntu122.04.1) for linux-amd64 JRE (11.0.19+7-post-Ubuntu-0ubuntu122.04.1), built on May 10 2023 00:54:00 by "unknown" with gcc 11.3.0

END.
