#
# A fatal error has been detected by the Java Runtime Environment:
#
#  SIGSEGV (0xb) at pc=0x00007f0d1a154ae4, pid=11577, tid=11578
#
# JRE version: OpenJDK Runtime Environment (11.0.19+7) (build 11.0.19+7-post-Ubuntu-0ubuntu122.04.1)
# Java VM: OpenJDK 64-Bit Server VM (11.0.19+7-post-Ubuntu-0ubuntu122.04.1, mixed mode, sharing, tiered, compressed oops, g1 gc, linux-amd64)
# Problematic frame:
# C  [libLLVM-13.so+0xd54ae4]  llvm::PointerType::get(llvm::Type*, unsigned int)+0x14
#
# Core dump will be written. Default location: Core dumps may be processed with "/usr/share/apport/apport -p%p -s%s -c%c -d%d -P%P -u%u -g%g -- %E" (or dumping to /home/doudou/lab/Lab/core.11577)
#
# If you would like to submit a bug report, please visit:
#   https://bugs.launchpad.net/ubuntu/+source/openjdk-lts
# The crash happened outside the Java Virtual Machine in native code.
# See problematic frame for where to report the bug.
#

---------------  S U M M A R Y ------------

Command Line: -javaagent:/snap/intellij-idea-ultimate/437/lib/idea_rt.jar=39443:/snap/intellij-idea-ultimate/437/bin -Dfile.encoding=UTF-8 Main /home/doudou/lab/Lab/tests/test1.sysy /home/doudou/lab/Lab/tests/out.txt

Host: 11th Gen Intel(R) Core(TM) i7-1165G7 @ 2.80GHz, 2 cores, 3G, Ubuntu 22.04.2 LTS
Time: Tue Jun 27 16:22:56 2023 CST elapsed time: 0.882293 seconds (0d 0h 0m 0s)

---------------  T H R E A D  ---------------

Current thread (0x00007f0d74016800):  JavaThread "main" [_thread_in_native, id=11578, stack(0x00007f0d7c700000,0x00007f0d7c800000)]

Stack: [0x00007f0d7c700000,0x00007f0d7c800000],  sp=0x00007f0d7c7fdd60,  free space=1015k
Native frames: (J=compiled Java code, A=aot compiled Java code, j=interpreted, Vv=VM code, C=native code)
C  [libLLVM-13.so+0xd54ae4]  llvm::PointerType::get(llvm::Type*, unsigned int)+0x14

Java frames: (J=compiled Java code, j=interpreted, Vv=VM code)
j  org.bytedeco.llvm.global.LLVM.LLVMBuildInBoundsGEP(Lorg/bytedeco/llvm/LLVM/LLVMBuilderRef;Lorg/bytedeco/llvm/LLVM/LLVMValueRef;Lorg/bytedeco/javacpp/PointerPointer;ILjava/lang/String;)Lorg/bytedeco/llvm/LLVM/LLVMValueRef;+0
j  SysYLlvmVisitor.visitExp(LSysYParser$ExpContext;)Lorg/bytedeco/llvm/LLVM/LLVMValueRef;+250
j  SysYLlvmVisitor.visitStmt(LSysYParser$StmtContext;)Lorg/bytedeco/llvm/LLVM/LLVMValueRef;+21
j  SysYLlvmVisitor.visitStmt(LSysYParser$StmtContext;)Ljava/lang/Object;+2
j  SysYParser$StmtContext.accept(Lorg/antlr/v4/runtime/tree/ParseTreeVisitor;)Ljava/lang/Object;+12
j  org.antlr.v4.runtime.tree.AbstractParseTreeVisitor.visitChildren(Lorg/antlr/v4/runtime/tree/RuleNode;)Ljava/lang/Object;+46
j  SysYParserBaseVisitor.visitBlockItem(LSysYParser$BlockItemContext;)Ljava/lang/Object;+2
j  SysYParser$BlockItemContext.accept(Lorg/antlr/v4/runtime/tree/ParseTreeVisitor;)Ljava/lang/Object;+12
j  org.antlr.v4.runtime.tree.AbstractParseTreeVisitor.visitChildren(Lorg/antlr/v4/runtime/tree/RuleNode;)Ljava/lang/Object;+46
j  SysYParserBaseVisitor.visitBlock(LSysYParser$BlockContext;)Ljava/lang/Object;+2
j  SysYParser$BlockContext.accept(Lorg/antlr/v4/runtime/tree/ParseTreeVisitor;)Ljava/lang/Object;+12
j  org.antlr.v4.runtime.tree.AbstractParseTreeVisitor.visit(Lorg/antlr/v4/runtime/tree/ParseTree;)Ljava/lang/Object;+2
j  SysYLlvmVisitor.visitFuncDef(LSysYParser$FuncDefContext;)Lorg/bytedeco/llvm/LLVM/LLVMValueRef;+520
j  SysYLlvmVisitor.visitCompUnit(LSysYParser$CompUnitContext;)Lorg/bytedeco/llvm/LLVM/LLVMValueRef;+896
j  SysYLlvmVisitor.visitCompUnit(LSysYParser$CompUnitContext;)Ljava/lang/Object;+2
j  SysYParser$CompUnitContext.accept(Lorg/antlr/v4/runtime/tree/ParseTreeVisitor;)Ljava/lang/Object;+12
j  org.antlr.v4.runtime.tree.AbstractParseTreeVisitor.visitChildren(Lorg/antlr/v4/runtime/tree/RuleNode;)Ljava/lang/Object;+46
j  SysYParserBaseVisitor.visitProgram(LSysYParser$ProgramContext;)Ljava/lang/Object;+2
j  SysYParser$ProgramContext.accept(Lorg/antlr/v4/runtime/tree/ParseTreeVisitor;)Ljava/lang/Object;+12
j  org.antlr.v4.runtime.tree.AbstractParseTreeVisitor.visit(Lorg/antlr/v4/runtime/tree/ParseTree;)Ljava/lang/Object;+2
j  Main.main([Ljava/lang/String;)V+218
v  ~StubRoutines::call_stub

siginfo: si_signo: 11 (SIGSEGV), si_code: 1 (SEGV_MAPERR), si_addr: 0x0000000000000000

Register to memory mapping:

RAX=0x0 is NULL
RBX=0x0 is NULL
RCX=0x00007f0d7435a4c0 points into unknown readable memory: 0x00007f0d743420f0 | f0 20 34 74 0d 7f 00 00
RDX=0x000000000000000d is an unknown value
RSP=0x00007f0d7c7fdd60 is pointing into the stack for thread: 0x00007f0d74016800
RBP=0x00007f0d7436a440 points into unknown readable memory: 0x00007f0d7435a4c0 | c0 a4 35 74 0d 7f 00 00
RSI=0x0 is NULL
RDI=0x0 is NULL
R8 =0x0 is NULL
R9 =0x0000000000000002 is an unknown value
R10=0x00007f0d19454fd0: <offset 0x0000000000054fd0> in /home/doudou/.javacpp/cache/llvm-13.0.1-1.5.7-linux-x86_64.jar/org/bytedeco/llvm/linux-x86_64/libLLVM-13.so at 0x00007f0d19400000
R11=0x00007f0d1a02d210: LLVMBuildInBoundsGEP+0x0000000000000000 in /home/doudou/.javacpp/cache/llvm-13.0.1-1.5.7-linux-x86_64.jar/org/bytedeco/llvm/linux-x86_64/libLLVM-13.so at 0x00007f0d19400000
R12=0x0 is NULL
R13=0x00007f0d7436a400 points into unknown readable memory: 0x00007f0d74362ac0 | c0 2a 36 74 0d 7f 00 00
R14=0x0000000000000002 is an unknown value
R15=0x00007f0d74358678 points into unknown readable memory: 0x00007f0d743420f0 | f0 20 34 74 0d 7f 00 00


Registers:
RAX=0x0000000000000000, RBX=0x0000000000000000, RCX=0x00007f0d7435a4c0, RDX=0x000000000000000d
RSP=0x00007f0d7c7fdd60, RBP=0x00007f0d7436a440, RSI=0x0000000000000000, RDI=0x0000000000000000
R8 =0x0000000000000000, R9 =0x0000000000000002, R10=0x00007f0d19454fd0, R11=0x00007f0d1a02d210
R12=0x0000000000000000, R13=0x00007f0d7436a400, R14=0x0000000000000002, R15=0x00007f0d74358678
RIP=0x00007f0d1a154ae4, EFLAGS=0x0000000000010206, CSGSFS=0x002b000000000033, ERR=0x0000000000000004
  TRAPNO=0x000000000000000e

Top of Stack: (sp=0x00007f0d7c7fdd60)
0x00007f0d7c7fdd60:   0000000000000000 0000000000000000
0x00007f0d7c7fdd70:   00000000000000b0 0000000000000003
0x00007f0d7c7fdd80:   00007f0d7c7fdf78 00007f0d74331a20
0x00007f0d7c7fdd90:   00007f0d7436a440 00007f0d74354d80 

Instructions: (pc=0x00007f0d1a154ae4)
0x00007f0d1a1549e4:   00 e0 ff ff 75 07 48 85 c9 49 0f 44 c8 45 01 d1
0x00007f0d1a1549f4:   45 8d 5a 01 41 21 f9 45 89 c8 49 c1 e0 04 49 01
0x00007f0d1a154a04:   c0 49 8b 10 48 85 d2 0f 85 85 00 00 00 4c 89 c0
0x00007f0d1a154a14:   e9 e7 f6 ff ff 8b 83 f8 08 00 00 8d 48 01 48 85
0x00007f0d1a154a24:   ff 0f 84 fc f6 ff ff 48 8b 07 48 89 fa e9 57 f2
0x00007f0d1a154a34:   ff ff 48 85 ff 75 0b 48 81 f9 00 e0 ff ff 49 0f
0x00007f0d1a154a44:   44 f8 45 01 d1 45 8d 5a 01 41 21 d1 45 89 c8 49
0x00007f0d1a154a54:   c1 e0 04 49 01 c0 49 8b 08 48 85 c9 74 af 45 89
0x00007f0d1a154a64:   da e9 3f fc ff ff 48 81 ff 00 e0 ff ff 0f 85 a4
0x00007f0d1a154a74:   f7 ff ff 83 7a 08 fe 0f 85 9a f7 ff ff 4d 85 c0
0x00007f0d1a154a84:   4c 0f 44 c2 e9 8e f7 ff ff 89 54 24 08 e9 ee fd
0x00007f0d1a154a94:   ff ff 45 89 da e9 42 fe ff ff 48 81 fe 00 e0 ff
0x00007f0d1a154aa4:   ff 0f 85 51 fa ff ff 83 7a 08 fe 0f 85 47 fa ff
0x00007f0d1a154ab4:   ff 48 85 ff 48 0f 44 fa e9 3b fa ff ff e9 c7 42
0x00007f0d1a154ac4:   bd ff 66 2e 0f 1f 84 00 00 00 00 00 41 57 41 56
0x00007f0d1a154ad4:   41 55 41 54 41 89 f4 55 53 48 89 fb 48 83 ec 28
0x00007f0d1a154ae4:   48 8b 3f 48 8b 2f 80 bd d0 08 00 00 00 75 7d 80
0x00007f0d1a154af4:   7b 08 0f 75 07 48 83 7b 18 00 74 70 45 85 e4 0f
0x00007f0d1a154b04:   85 87 00 00 00 44 8b bd e8 08 00 00 4c 8b ad d8
0x00007f0d1a154b14:   08 00 00 45 85 ff 0f 84 50 01 00 00 41 89 de 89
0x00007f0d1a154b24:   d8 45 8d 47 ff c1 e8 09 41 c1 ee 04 41 31 c6 44
0x00007f0d1a154b34:   89 f7 44 21 c7 89 f8 48 c1 e0 04 49 8d 54 05 00
0x00007f0d1a154b44:   48 8b 32 48 39 de 0f 85 70 07 00 00 48 8b 42 08
0x00007f0d1a154b54:   4c 8d 72 08 48 85 c0 0f 84 b4 02 00 00 48 83 c4
0x00007f0d1a154b64:   28 5b 5d 41 5c 41 5d 41 5e 41 5f c3 48 83 c4 28
0x00007f0d1a154b74:   44 89 e6 5b 5d 41 5c 41 5d 41 5e 41 5f e9 ba ef
0x00007f0d1a154b84:   ff ff 66 2e 0f 1f 84 00 00 00 00 00 44 8b bd 00
0x00007f0d1a154b94:   09 00 00 4c 8b ad f0 08 00 00 45 85 ff 0f 84 51
0x00007f0d1a154ba4:   03 00 00 89 d8 89 da 41 8d 77 ff 41 b8 01 00 00
0x00007f0d1a154bb4:   00 c1 ea 09 c1 e8 04 89 f7 31 d0 43 8d 14 e4 41
0x00007f0d1a154bc4:   8d 14 94 48 c1 e0 20 48 09 d0 48 c1 e2 20 48 83
0x00007f0d1a154bd4:   e8 01 48 29 d0 48 89 c2 48 c1 ea 16 48 31 d0 48 


Stack slot to memory mapping:
stack at sp + 0 slots: 0x0 is NULL
stack at sp + 1 slots: 0x0 is NULL
stack at sp + 2 slots: 0x00000000000000b0 is an unknown value
stack at sp + 3 slots: 0x0000000000000003 is an unknown value
stack at sp + 4 slots: 0x00007f0d7c7fdf78 is pointing into the stack for thread: 0x00007f0d74016800
stack at sp + 5 slots: 0x00007f0d74331a20 points into unknown readable memory: 0x00007f0d74331a30 | 30 1a 33 74 0d 7f 00 00
stack at sp + 6 slots: 0x00007f0d7436a440 points into unknown readable memory: 0x00007f0d7435a4c0 | c0 a4 35 74 0d 7f 00 00
stack at sp + 7 slots: 0x00007f0d74354d80 points into unknown readable memory: 0x6c6c2f6568636163 | 63 61 63 68 65 2f 6c 6c


---------------  P R O C E S S  ---------------

Threads class SMR info:
_java_thread_list=0x00007f0d74209d60, length=11, elements={
0x00007f0d74016800, 0x00007f0d74120000, 0x00007f0d74122000, 0x00007f0d74128800,
0x00007f0d7412a800, 0x00007f0d7412c800, 0x00007f0d7412f000, 0x00007f0d74131000,
0x00007f0d7413f000, 0x00007f0d741ed000, 0x00007f0d74207800
}

Java Threads: ( => current thread )
=>0x00007f0d74016800 JavaThread "main" [_thread_in_native, id=11578, stack(0x00007f0d7c700000,0x00007f0d7c800000)]
  0x00007f0d74120000 JavaThread "Reference Handler" daemon [_thread_blocked, id=11585, stack(0x00007f0d73f00000,0x00007f0d74000000)]
  0x00007f0d74122000 JavaThread "Finalizer" daemon [_thread_blocked, id=11586, stack(0x00007f0d5c500000,0x00007f0d5c600000)]
  0x00007f0d74128800 JavaThread "Signal Dispatcher" daemon [_thread_blocked, id=11587, stack(0x00007f0d5c400000,0x00007f0d5c500000)]
  0x00007f0d7412a800 JavaThread "Service Thread" daemon [_thread_blocked, id=11588, stack(0x00007f0d5c300000,0x00007f0d5c400000)]
  0x00007f0d7412c800 JavaThread "C2 CompilerThread0" daemon [_thread_blocked, id=11589, stack(0x00007f0d5c200000,0x00007f0d5c300000)]
  0x00007f0d7412f000 JavaThread "C1 CompilerThread0" daemon [_thread_blocked, id=11590, stack(0x00007f0d5c100000,0x00007f0d5c200000)]
  0x00007f0d74131000 JavaThread "Sweeper thread" daemon [_thread_blocked, id=11591, stack(0x00007f0d5c000000,0x00007f0d5c100000)]
  0x00007f0d7413f000 JavaThread "Common-Cleaner" daemon [_thread_blocked, id=11592, stack(0x00007f0d4c900000,0x00007f0d4ca00000)]
  0x00007f0d741ed000 JavaThread "Monitor Ctrl-Break" daemon [_thread_in_native, id=11593, stack(0x00007f0d4c800000,0x00007f0d4c900000)]
  0x00007f0d74207800 JavaThread "JavaCPP Deallocator" daemon [_thread_blocked, id=11595, stack(0x00007f0d4c5fe000,0x00007f0d4c6fe000)]

Other Threads:
  0x00007f0d7411d000 VMThread "VM Thread" [stack: 0x00007f0d780cb000,0x00007f0d781cb000] [id=11584]
  0x00007f0d741ee800 WatcherThread [stack: 0x00007f0d4c700000,0x00007f0d4c800000] [id=11594]
  0x00007f0d7402f800 GCTaskThread "GC Thread#0" [stack: 0x00007f0d7af00000,0x00007f0d7b000000] [id=11579]
  0x00007f0d44001000 GCTaskThread "GC Thread#1" [stack: 0x00007f0d4c4fe000,0x00007f0d4c5fe000] [id=11598]
  0x00007f0d7404a800 ConcurrentGCThread "G1 Main Marker" [stack: 0x00007f0d787b1000,0x00007f0d788b1000] [id=11580]
  0x00007f0d7404c800 ConcurrentGCThread "G1 Conc#0" [stack: 0x00007f0d786af000,0x00007f0d787af000] [id=11581]
  0x00007f0d74087800 ConcurrentGCThread "G1 Refine#0" [stack: 0x00007f0d783ab000,0x00007f0d784ab000] [id=11582]
  0x00007f0d74089800 ConcurrentGCThread "G1 Young RemSet Sampling" [stack: 0x00007f0d782a9000,0x00007f0d783a9000] [id=11583]

Threads with active compile tasks:

VM state:not at safepoint (normal execution)

VM Mutex/Monitor currently owned by a thread: None

Heap address: 0x00000000c2e00000, size: 978 MB, Compressed Oops mode: 32-bit
Narrow klass base: 0x0000000800000000, Narrow klass shift: 3
Compressed class space size: 1073741824 Address: 0x0000000840000000

Heap:
 garbage-first heap   total 65536K, used 5421K [0x00000000c2e00000, 0x0000000100000000)
  region size 1024K, 5 young (5120K), 1 survivors (1024K)
 Metaspace       used 4054K, capacity 6678K, committed 6912K, reserved 1056768K
  class space    used 440K, capacity 695K, committed 768K, reserved 1048576K
Heap Regions: E=young(eden), S=young(survivor), O=old, HS=humongous(starts), HC=humongous(continues), CS=collection set, F=free, A=archive, TAMS=top-at-mark-start (previous, next)
|   0|0x00000000c2e00000, 0x00000000c2e99400, 0x00000000c2f00000| 59%| O|  |TAMS 0x00000000c2e00000, 0x00000000c2e00000| Untracked 
|   1|0x00000000c2f00000, 0x00000000c2f00000, 0x00000000c3000000|  0%| F|  |TAMS 0x00000000c2f00000, 0x00000000c2f00000| Untracked 
|   2|0x00000000c3000000, 0x00000000c3000000, 0x00000000c3100000|  0%| F|  |TAMS 0x00000000c3000000, 0x00000000c3000000| Untracked 
|   3|0x00000000c3100000, 0x00000000c3100000, 0x00000000c3200000|  0%| F|  |TAMS 0x00000000c3100000, 0x00000000c3100000| Untracked 
|   4|0x00000000c3200000, 0x00000000c3200000, 0x00000000c3300000|  0%| F|  |TAMS 0x00000000c3200000, 0x00000000c3200000| Untracked 
|   5|0x00000000c3300000, 0x00000000c3300000, 0x00000000c3400000|  0%| F|  |TAMS 0x00000000c3300000, 0x00000000c3300000| Untracked 
|   6|0x00000000c3400000, 0x00000000c3400000, 0x00000000c3500000|  0%| F|  |TAMS 0x00000000c3400000, 0x00000000c3400000| Untracked 
|   7|0x00000000c3500000, 0x00000000c3500000, 0x00000000c3600000|  0%| F|  |TAMS 0x00000000c3500000, 0x00000000c3500000| Untracked 
|   8|0x00000000c3600000, 0x00000000c3600000, 0x00000000c3700000|  0%| F|  |TAMS 0x00000000c3600000, 0x00000000c3600000| Untracked 
|   9|0x00000000c3700000, 0x00000000c3700000, 0x00000000c3800000|  0%| F|  |TAMS 0x00000000c3700000, 0x00000000c3700000| Untracked 
|  10|0x00000000c3800000, 0x00000000c3800000, 0x00000000c3900000|  0%| F|  |TAMS 0x00000000c3800000, 0x00000000c3800000| Untracked 
|  11|0x00000000c3900000, 0x00000000c3900000, 0x00000000c3a00000|  0%| F|  |TAMS 0x00000000c3900000, 0x00000000c3900000| Untracked 
|  12|0x00000000c3a00000, 0x00000000c3a00000, 0x00000000c3b00000|  0%| F|  |TAMS 0x00000000c3a00000, 0x00000000c3a00000| Untracked 
|  13|0x00000000c3b00000, 0x00000000c3b00000, 0x00000000c3c00000|  0%| F|  |TAMS 0x00000000c3b00000, 0x00000000c3b00000| Untracked 
|  14|0x00000000c3c00000, 0x00000000c3c00000, 0x00000000c3d00000|  0%| F|  |TAMS 0x00000000c3c00000, 0x00000000c3c00000| Untracked 
|  15|0x00000000c3d00000, 0x00000000c3d00000, 0x00000000c3e00000|  0%| F|  |TAMS 0x00000000c3d00000, 0x00000000c3d00000| Untracked 
|  16|0x00000000c3e00000, 0x00000000c3e00000, 0x00000000c3f00000|  0%| F|  |TAMS 0x00000000c3e00000, 0x00000000c3e00000| Untracked 
|  17|0x00000000c3f00000, 0x00000000c3f00000, 0x00000000c4000000|  0%| F|  |TAMS 0x00000000c3f00000, 0x00000000c3f00000| Untracked 
|  18|0x00000000c4000000, 0x00000000c4000000, 0x00000000c4100000|  0%| F|  |TAMS 0x00000000c4000000, 0x00000000c4000000| Untracked 
|  19|0x00000000c4100000, 0x00000000c4100000, 0x00000000c4200000|  0%| F|  |TAMS 0x00000000c4100000, 0x00000000c4100000| Untracked 
|  20|0x00000000c4200000, 0x00000000c4200000, 0x00000000c4300000|  0%| F|  |TAMS 0x00000000c4200000, 0x00000000c4200000| Untracked 
|  21|0x00000000c4300000, 0x00000000c4300000, 0x00000000c4400000|  0%| F|  |TAMS 0x00000000c4300000, 0x00000000c4300000| Untracked 
|  22|0x00000000c4400000, 0x00000000c4400000, 0x00000000c4500000|  0%| F|  |TAMS 0x00000000c4400000, 0x00000000c4400000| Untracked 
|  23|0x00000000c4500000, 0x00000000c4500000, 0x00000000c4600000|  0%| F|  |TAMS 0x00000000c4500000, 0x00000000c4500000| Untracked 
|  24|0x00000000c4600000, 0x00000000c4600000, 0x00000000c4700000|  0%| F|  |TAMS 0x00000000c4600000, 0x00000000c4600000| Untracked 
|  25|0x00000000c4700000, 0x00000000c4700000, 0x00000000c4800000|  0%| F|  |TAMS 0x00000000c4700000, 0x00000000c4700000| Untracked 
|  26|0x00000000c4800000, 0x00000000c4800000, 0x00000000c4900000|  0%| F|  |TAMS 0x00000000c4800000, 0x00000000c4800000| Untracked 
|  27|0x00000000c4900000, 0x00000000c4900000, 0x00000000c4a00000|  0%| F|  |TAMS 0x00000000c4900000, 0x00000000c4900000| Untracked 
|  28|0x00000000c4a00000, 0x00000000c4a00000, 0x00000000c4b00000|  0%| F|  |TAMS 0x00000000c4a00000, 0x00000000c4a00000| Untracked 
|  29|0x00000000c4b00000, 0x00000000c4b00000, 0x00000000c4c00000|  0%| F|  |TAMS 0x00000000c4b00000, 0x00000000c4b00000| Untracked 
|  30|0x00000000c4c00000, 0x00000000c4c00000, 0x00000000c4d00000|  0%| F|  |TAMS 0x00000000c4c00000, 0x00000000c4c00000| Untracked 
|  31|0x00000000c4d00000, 0x00000000c4d00000, 0x00000000c4e00000|  0%| F|  |TAMS 0x00000000c4d00000, 0x00000000c4d00000| Untracked 
|  32|0x00000000c4e00000, 0x00000000c4e00000, 0x00000000c4f00000|  0%| F|  |TAMS 0x00000000c4e00000, 0x00000000c4e00000| Untracked 
|  33|0x00000000c4f00000, 0x00000000c4f00000, 0x00000000c5000000|  0%| F|  |TAMS 0x00000000c4f00000, 0x00000000c4f00000| Untracked 
|  34|0x00000000c5000000, 0x00000000c5000000, 0x00000000c5100000|  0%| F|  |TAMS 0x00000000c5000000, 0x00000000c5000000| Untracked 
|  35|0x00000000c5100000, 0x00000000c5100000, 0x00000000c5200000|  0%| F|  |TAMS 0x00000000c5100000, 0x00000000c5100000| Untracked 
|  36|0x00000000c5200000, 0x00000000c5200000, 0x00000000c5300000|  0%| F|  |TAMS 0x00000000c5200000, 0x00000000c5200000| Untracked 
|  37|0x00000000c5300000, 0x00000000c5300000, 0x00000000c5400000|  0%| F|  |TAMS 0x00000000c5300000, 0x00000000c5300000| Untracked 
|  38|0x00000000c5400000, 0x00000000c5400000, 0x00000000c5500000|  0%| F|  |TAMS 0x00000000c5400000, 0x00000000c5400000| Untracked 
|  39|0x00000000c5500000, 0x00000000c5500000, 0x00000000c5600000|  0%| F|  |TAMS 0x00000000c5500000, 0x00000000c5500000| Untracked 
|  40|0x00000000c5600000, 0x00000000c5600000, 0x00000000c5700000|  0%| F|  |TAMS 0x00000000c5600000, 0x00000000c5600000| Untracked 
|  41|0x00000000c5700000, 0x00000000c5700000, 0x00000000c5800000|  0%| F|  |TAMS 0x00000000c5700000, 0x00000000c5700000| Untracked 
|  42|0x00000000c5800000, 0x00000000c5800000, 0x00000000c5900000|  0%| F|  |TAMS 0x00000000c5800000, 0x00000000c5800000| Untracked 
|  43|0x00000000c5900000, 0x00000000c5900000, 0x00000000c5a00000|  0%| F|  |TAMS 0x00000000c5900000, 0x00000000c5900000| Untracked 
|  44|0x00000000c5a00000, 0x00000000c5a00000, 0x00000000c5b00000|  0%| F|  |TAMS 0x00000000c5a00000, 0x00000000c5a00000| Untracked 
|  45|0x00000000c5b00000, 0x00000000c5b00000, 0x00000000c5c00000|  0%| F|  |TAMS 0x00000000c5b00000, 0x00000000c5b00000| Untracked 
|  46|0x00000000c5c00000, 0x00000000c5c00000, 0x00000000c5d00000|  0%| F|  |TAMS 0x00000000c5c00000, 0x00000000c5c00000| Untracked 
|  47|0x00000000c5d00000, 0x00000000c5d00000, 0x00000000c5e00000|  0%| F|  |TAMS 0x00000000c5d00000, 0x00000000c5d00000| Untracked 
|  48|0x00000000c5e00000, 0x00000000c5e00000, 0x00000000c5f00000|  0%| F|  |TAMS 0x00000000c5e00000, 0x00000000c5e00000| Untracked 
|  49|0x00000000c5f00000, 0x00000000c5f00000, 0x00000000c6000000|  0%| F|  |TAMS 0x00000000c5f00000, 0x00000000c5f00000| Untracked 
|  50|0x00000000c6000000, 0x00000000c6000000, 0x00000000c6100000|  0%| F|  |TAMS 0x00000000c6000000, 0x00000000c6000000| Untracked 
|  51|0x00000000c6100000, 0x00000000c6100000, 0x00000000c6200000|  0%| F|  |TAMS 0x00000000c6100000, 0x00000000c6100000| Untracked 
|  52|0x00000000c6200000, 0x00000000c6200000, 0x00000000c6300000|  0%| F|  |TAMS 0x00000000c6200000, 0x00000000c6200000| Untracked 
|  53|0x00000000c6300000, 0x00000000c6300000, 0x00000000c6400000|  0%| F|  |TAMS 0x00000000c6300000, 0x00000000c6300000| Untracked 
|  54|0x00000000c6400000, 0x00000000c6500000, 0x00000000c6500000|100%| S|CS|TAMS 0x00000000c6400000, 0x00000000c6400000| Complete 
|  55|0x00000000c6500000, 0x00000000c6500000, 0x00000000c6600000|  0%| F|  |TAMS 0x00000000c6500000, 0x00000000c6500000| Untracked 
|  56|0x00000000c6600000, 0x00000000c6600000, 0x00000000c6700000|  0%| F|  |TAMS 0x00000000c6600000, 0x00000000c6600000| Untracked 
|  57|0x00000000c6700000, 0x00000000c6700000, 0x00000000c6800000|  0%| F|  |TAMS 0x00000000c6700000, 0x00000000c6700000| Untracked 
|  58|0x00000000c6800000, 0x00000000c6900000, 0x00000000c6900000|100%| E|  |TAMS 0x00000000c6800000, 0x00000000c6800000| Complete 
|  59|0x00000000c6900000, 0x00000000c6a00000, 0x00000000c6a00000|100%| E|CS|TAMS 0x00000000c6900000, 0x00000000c6900000| Complete 
|  60|0x00000000c6a00000, 0x00000000c6b00000, 0x00000000c6b00000|100%| E|CS|TAMS 0x00000000c6a00000, 0x00000000c6a00000| Complete 
|  61|0x00000000c6b00000, 0x00000000c6c00000, 0x00000000c6c00000|100%| E|CS|TAMS 0x00000000c6b00000, 0x00000000c6b00000| Complete 
| 976|0x00000000ffe00000, 0x00000000ffe47000, 0x00000000fff00000| 27%|OA|  |TAMS 0x00000000ffe00000, 0x00000000ffe00000| Untracked 
| 977|0x00000000fff00000, 0x00000000fff6b000, 0x0000000100000000| 41%|CA|  |TAMS 0x00000000fff00000, 0x00000000fff00000| Untracked 

Card table byte_map: [0x00007f0d7a92a000,0x00007f0d7ab13000] _byte_map_base: 0x00007f0d7a313000

Marking Bits (Prev, Next): (CMBitMap*) 0x00007f0d74045b88, (CMBitMap*) 0x00007f0d74045bc0
 Prev Bits: [0x00007f0d797f9000, 0x00007f0d7a741000)
 Next Bits: [0x00007f0d788b1000, 0x00007f0d797f9000)

Polling page: 0x00007f0d7cbd1000

Metaspace:

Usage:
  Non-class:      5.84 MB capacity,     3.53 MB ( 60%) used,     2.31 MB ( 39%) free+waste,     7.00 KB ( <1%) overhead. 
      Class:    695.00 KB capacity,   440.27 KB ( 63%) used,   250.98 KB ( 36%) free+waste,     3.75 KB ( <1%) overhead. 
       Both:      6.52 MB capacity,     3.96 MB ( 61%) used,     2.55 MB ( 39%) free+waste,    10.75 KB ( <1%) overhead. 

Virtual space:
  Non-class space:        8.00 MB reserved,       6.00 MB ( 75%) committed 
      Class space:        1.00 GB reserved,     768.00 KB ( <1%) committed 
             Both:        1.01 GB reserved,       6.75 MB ( <1%) committed 

Chunk freelists:
   Non-Class:  33.00 KB
       Class:  9.00 KB
        Both:  42.00 KB

MaxMetaspaceSize: unlimited
CompressedClassSpaceSize: 1.00 GB
Initial GC threshold: 20.80 MB
Current GC threshold: 20.80 MB
CDS: on

CodeHeap 'non-profiled nmethods': size=120036Kb used=250Kb max_used=250Kb free=119785Kb
 bounds [0x00007f0d640c7000, 0x00007f0d64337000, 0x00007f0d6b600000]
CodeHeap 'profiled nmethods': size=120032Kb used=1401Kb max_used=1401Kb free=118631Kb
 bounds [0x00007f0d5cb8f000, 0x00007f0d5cdff000, 0x00007f0d640c7000]
CodeHeap 'non-nmethods': size=5692Kb used=1158Kb max_used=1170Kb free=4533Kb
 bounds [0x00007f0d5c600000, 0x00007f0d5c870000, 0x00007f0d5cb8f000]
 total_blobs=1231 nmethods=822 adapters=323
 compilation: enabled
              stopped_count=0, restarted_count=0
 full_count=0

Compilation events (20 events):
Event: 0.872 Thread 0x00007f0d7412f000 nmethod 789 0x00007f0d5ccdef90 code [0x00007f0d5ccdf180, 0x00007f0d5ccdf6e0]
Event: 0.872 Thread 0x00007f0d7412f000  790       1       java.lang.invoke.LambdaForm$Name::index (5 bytes)
Event: 0.872 Thread 0x00007f0d7412f000 nmethod 790 0x00007f0d64100d10 code [0x00007f0d64100ec0, 0x00007f0d64100f90]
Event: 0.872 Thread 0x00007f0d7412f000  786       3       java.util.ImmutableCollections$ListN::get (7 bytes)
Event: 0.872 Thread 0x00007f0d7412f000 nmethod 786 0x00007f0d5ccdf890 code [0x00007f0d5ccdfa40, 0x00007f0d5ccdfb70]
Event: 0.872 Thread 0x00007f0d7412f000  792       1       java.lang.invoke.LambdaForm$BasicType::basicTypeClass (5 bytes)
Event: 0.872 Thread 0x00007f0d7412f000 nmethod 792 0x00007f0d64101010 code [0x00007f0d641011c0, 0x00007f0d64101290]
Event: 0.873 Thread 0x00007f0d7412f000  796       3       java.lang.invoke.LambdaForm$Name::<init> (54 bytes)
Event: 0.873 Thread 0x00007f0d7412f000 nmethod 796 0x00007f0d5ccdfc10 code [0x00007f0d5ccdfde0, 0x00007f0d5cce00b0]
Event: 0.873 Thread 0x00007f0d7412c800  798       4       java.lang.String::indexOf (7 bytes)
Event: 0.875 Thread 0x00007f0d7412c800 nmethod 798 0x00007f0d64102b10 code [0x00007f0d64102ca0, 0x00007f0d64102e58]
Event: 0.875 Thread 0x00007f0d7412c800  807       4       java.lang.StringBuilder::<init> (7 bytes)
Event: 0.876 Thread 0x00007f0d7412c800 nmethod 807 0x00007f0d64103910 code [0x00007f0d64103aa0, 0x00007f0d64103c58]
Event: 0.876 Thread 0x00007f0d7412f000  805       3       java.lang.invoke.MethodType$ConcurrentWeakInternSet::expungeStaleElements (27 bytes)
Event: 0.876 Thread 0x00007f0d7412f000 nmethod 805 0x00007f0d5cce0190 code [0x00007f0d5cce0380, 0x00007f0d5cce0970]
Event: 0.876 Thread 0x00007f0d7412f000  814       3       java.lang.invoke.LambdaForm$Name::useCount (42 bytes)
Event: 0.876 Thread 0x00007f0d7412f000 nmethod 814 0x00007f0d5cce0b10 code [0x00007f0d5cce0ce0, 0x00007f0d5cce0ff0]
Event: 0.876 Thread 0x00007f0d7412f000  804       3       java.lang.Number::<init> (5 bytes)
Event: 0.876 Thread 0x00007f0d7412f000 nmethod 804 0x00007f0d5cce1110 code [0x00007f0d5cce12c0, 0x00007f0d5cce1430]
Event: 0.876 Thread 0x00007f0d7412f000  800       3       jdk.internal.org.objectweb.asm.Frame::execute (2264 bytes)

GC Heap History (2 events):
Event: 0.497 GC heap before
{Heap before GC invocations=0 (full 0):
 garbage-first heap   total 65536K, used 7880K [0x00000000c2e00000, 0x0000000100000000)
  region size 1024K, 7 young (7168K), 0 survivors (0K)
 Metaspace       used 3151K, capacity 5972K, committed 6272K, reserved 1056768K
  class space    used 336K, capacity 586K, committed 640K, reserved 1048576K
}
Event: 0.503 GC heap after
{Heap after GC invocations=1 (full 0):
 garbage-first heap   total 65536K, used 2349K [0x00000000c2e00000, 0x0000000100000000)
  region size 1024K, 1 young (1024K), 1 survivors (1024K)
 Metaspace       used 3151K, capacity 5972K, committed 6272K, reserved 1056768K
  class space    used 336K, capacity 586K, committed 640K, reserved 1048576K
}

Deoptimization events (20 events):
Event: 0.394 Thread 0x00007f0d74016800 DEOPT PACKING pc=0x00007f0d5cbe3fa4 sp=0x00007f0d7c7fd380
Event: 0.394 Thread 0x00007f0d74016800 DEOPT UNPACKING pc=0x00007f0d5c6499fa sp=0x00007f0d7c7fc810 mode 0
Event: 0.458 Thread 0x00007f0d74016800 Uncommon trap: trap_request=0xffffffc6 fr.pc=0x00007f0d640e045c relative=0x000000000000037c
Event: 0.458 Thread 0x00007f0d74016800 Uncommon trap: reason=bimorphic_or_optimized_type_check action=maybe_recompile pc=0x00007f0d640e045c method=java.util.HashMap.getNode(ILjava/lang/Object;)Ljava/util/HashMap$Node; @ 126 c2
Event: 0.458 Thread 0x00007f0d74016800 DEOPT PACKING pc=0x00007f0d640e045c sp=0x00007f0d7c7fe0b0
Event: 0.458 Thread 0x00007f0d74016800 DEOPT UNPACKING pc=0x00007f0d5c6082a5 sp=0x00007f0d7c7fe048 mode 2
Event: 0.458 Thread 0x00007f0d74016800 Uncommon trap: trap_request=0xffffffc6 fr.pc=0x00007f0d640e045c relative=0x000000000000037c
Event: 0.458 Thread 0x00007f0d74016800 Uncommon trap: reason=bimorphic_or_optimized_type_check action=maybe_recompile pc=0x00007f0d640e045c method=java.util.HashMap.getNode(ILjava/lang/Object;)Ljava/util/HashMap$Node; @ 126 c2
Event: 0.458 Thread 0x00007f0d74016800 DEOPT PACKING pc=0x00007f0d640e045c sp=0x00007f0d7c7fe0b0
Event: 0.458 Thread 0x00007f0d74016800 DEOPT UNPACKING pc=0x00007f0d5c6082a5 sp=0x00007f0d7c7fe048 mode 2
Event: 0.458 Thread 0x00007f0d74016800 Uncommon trap: trap_request=0xffffffc6 fr.pc=0x00007f0d640e045c relative=0x000000000000037c
Event: 0.458 Thread 0x00007f0d74016800 Uncommon trap: reason=bimorphic_or_optimized_type_check action=maybe_recompile pc=0x00007f0d640e045c method=java.util.HashMap.getNode(ILjava/lang/Object;)Ljava/util/HashMap$Node; @ 126 c2
Event: 0.458 Thread 0x00007f0d74016800 DEOPT PACKING pc=0x00007f0d640e045c sp=0x00007f0d7c7fe0b0
Event: 0.458 Thread 0x00007f0d74016800 DEOPT UNPACKING pc=0x00007f0d5c6082a5 sp=0x00007f0d7c7fe048 mode 2
Event: 0.459 Thread 0x00007f0d74016800 Uncommon trap: trap_request=0xffffffc6 fr.pc=0x00007f0d640e045c relative=0x000000000000037c
Event: 0.459 Thread 0x00007f0d74016800 Uncommon trap: reason=bimorphic_or_optimized_type_check action=maybe_recompile pc=0x00007f0d640e045c method=java.util.HashMap.getNode(ILjava/lang/Object;)Ljava/util/HashMap$Node; @ 126 c2
Event: 0.459 Thread 0x00007f0d74016800 DEOPT PACKING pc=0x00007f0d640e045c sp=0x00007f0d7c7fe0b0
Event: 0.459 Thread 0x00007f0d74016800 DEOPT UNPACKING pc=0x00007f0d5c6082a5 sp=0x00007f0d7c7fe048 mode 2
Event: 0.801 Thread 0x00007f0d74016800 DEOPT PACKING pc=0x00007f0d5cc0afc2 sp=0x00007f0d7c7fd4f0
Event: 0.801 Thread 0x00007f0d74016800 DEOPT UNPACKING pc=0x00007f0d5c6499fa sp=0x00007f0d7c7fc978 mode 0

Classes redefined (0 events):
No events

Internal exceptions (20 events):
Event: 0.156 Thread 0x00007f0d74016800 Exception <a 'java/security/PrivilegedActionException'{0x00000000c6ae0d30}> (0x00000000c6ae0d30) thrown at [./src/hotspot/share/prims/jvm.cpp, line 1304]
Event: 0.156 Thread 0x00007f0d74016800 Exception <a 'java/security/PrivilegedActionException'{0x00000000c6ae1000}> (0x00000000c6ae1000) thrown at [./src/hotspot/share/prims/jvm.cpp, line 1304]
Event: 0.156 Thread 0x00007f0d74016800 Exception <a 'java/security/PrivilegedActionException'{0x00000000c6ae1970}> (0x00000000c6ae1970) thrown at [./src/hotspot/share/prims/jvm.cpp, line 1304]
Event: 0.156 Thread 0x00007f0d74016800 Exception <a 'java/security/PrivilegedActionException'{0x00000000c6ae1c40}> (0x00000000c6ae1c40) thrown at [./src/hotspot/share/prims/jvm.cpp, line 1304]
Event: 0.157 Thread 0x00007f0d74016800 Exception <a 'java/security/PrivilegedActionException'{0x00000000c6ae25b0}> (0x00000000c6ae25b0) thrown at [./src/hotspot/share/prims/jvm.cpp, line 1304]
Event: 0.157 Thread 0x00007f0d74016800 Exception <a 'java/security/PrivilegedActionException'{0x00000000c6ae2880}> (0x00000000c6ae2880) thrown at [./src/hotspot/share/prims/jvm.cpp, line 1304]
Event: 0.157 Thread 0x00007f0d74016800 Exception <a 'java/security/PrivilegedActionException'{0x00000000c6ae3208}> (0x00000000c6ae3208) thrown at [./src/hotspot/share/prims/jvm.cpp, line 1304]
Event: 0.157 Thread 0x00007f0d74016800 Exception <a 'java/security/PrivilegedActionException'{0x00000000c6ae34d8}> (0x00000000c6ae34d8) thrown at [./src/hotspot/share/prims/jvm.cpp, line 1304]
Event: 0.157 Thread 0x00007f0d74016800 Exception <a 'java/security/PrivilegedActionException'{0x00000000c6ae3e60}> (0x00000000c6ae3e60) thrown at [./src/hotspot/share/prims/jvm.cpp, line 1304]
Event: 0.157 Thread 0x00007f0d74016800 Exception <a 'java/security/PrivilegedActionException'{0x00000000c6ae4130}> (0x00000000c6ae4130) thrown at [./src/hotspot/share/prims/jvm.cpp, line 1304]
Event: 0.157 Thread 0x00007f0d74016800 Exception <a 'java/security/PrivilegedActionException'{0x00000000c6ae4ab8}> (0x00000000c6ae4ab8) thrown at [./src/hotspot/share/prims/jvm.cpp, line 1304]
Event: 0.157 Thread 0x00007f0d74016800 Exception <a 'java/security/PrivilegedActionException'{0x00000000c6ae4d88}> (0x00000000c6ae4d88) thrown at [./src/hotspot/share/prims/jvm.cpp, line 1304]
Event: 0.157 Thread 0x00007f0d74016800 Exception <a 'java/security/PrivilegedActionException'{0x00000000c6ae56f8}> (0x00000000c6ae56f8) thrown at [./src/hotspot/share/prims/jvm.cpp, line 1304]
Event: 0.157 Thread 0x00007f0d74016800 Exception <a 'java/security/PrivilegedActionException'{0x00000000c6ae59c8}> (0x00000000c6ae59c8) thrown at [./src/hotspot/share/prims/jvm.cpp, line 1304]
Event: 0.158 Thread 0x00007f0d74016800 Exception <a 'java/security/PrivilegedActionException'{0x00000000c6ae6350}> (0x00000000c6ae6350) thrown at [./src/hotspot/share/prims/jvm.cpp, line 1304]
Event: 0.158 Thread 0x00007f0d74016800 Exception <a 'java/security/PrivilegedActionException'{0x00000000c6ae6620}> (0x00000000c6ae6620) thrown at [./src/hotspot/share/prims/jvm.cpp, line 1304]
Event: 0.200 Thread 0x00007f0d74016800 Exception <a 'java/lang/NoSuchMethodError'{0x00000000c69958f0}: 'int java.lang.invoke.DirectMethodHandle$Holder.invokeStaticInit(java.lang.Object, java.lang.Object, java.lang.Object, java.lang.Object)'> (0x00000000c69958f0) thrown at [./src/hotspot/share/interpreter/linkResolver.cpp, line 772]
Event: 0.202 Thread 0x00007f0d74016800 Exception <a 'java/lang/IncompatibleClassChangeError'{0x00000000c699f670}: Found class java.lang.Object, but interface was expected> (0x00000000c699f670) thrown at [./src/hotspot/share/interpreter/linkResolver.cpp, line 839]
Event: 0.203 Thread 0x00007f0d74016800 Exception <a 'java/lang/NoSuchMethodError'{0x00000000c69a2820}: 'void java.lang.invoke.DirectMethodHandle$Holder.invokeStaticInit(java.lang.Object, java.lang.Object)'> (0x00000000c69a2820) thrown at [./src/hotspot/share/interpreter/linkResolver.cpp, line 772]
Event: 0.204 Thread 0x00007f0d74016800 Exception <a 'java/lang/NoSuchMethodError'{0x00000000c69a7c90}: 'int java.lang.invoke.DirectMethodHandle$Holder.invokeStaticInit(java.lang.Object, java.lang.Object)'> (0x00000000c69a7c90) thrown at [./src/hotspot/share/interpreter/linkResolver.cpp, line 772]

Events (20 events):
Event: 0.864 loading class LLVMSymbolTable$SymbolTableEntry
Event: 0.864 loading class LLVMSymbolTable$SymbolTableEntry done
Event: 0.866 Executing VM operation: Deoptimize
Event: 0.866 Executing VM operation: Deoptimize done
Event: 0.867 loading class java/lang/invoke/BoundMethodHandle$Species_LL
Event: 0.867 loading class java/lang/invoke/BoundMethodHandle$Species_LL done
Event: 0.871 loading class java/lang/invoke/BoundMethodHandle$Species_LLL
Event: 0.871 loading class java/lang/invoke/BoundMethodHandle$Species_LLL done
Event: 0.871 loading class java/lang/invoke/BoundMethodHandle$Species_LLLL
Event: 0.871 loading class java/lang/invoke/BoundMethodHandle$Species_LLLL done
Event: 0.872 loading class java/lang/invoke/BoundMethodHandle$Species_LLLLL
Event: 0.872 loading class java/lang/invoke/BoundMethodHandle$Species_LLLLL done
Event: 0.873 loading class java/lang/invoke/BoundMethodHandle$Species_LLLLLL
Event: 0.873 loading class java/lang/invoke/BoundMethodHandle$Species_LLLLLL done
Event: 0.874 loading class java/lang/invoke/BoundMethodHandle$Species_LLLLLLI
Event: 0.874 loading class java/lang/invoke/BoundMethodHandle$Species_LLLLLLI done
Event: 0.875 loading class java/lang/invoke/BoundMethodHandle$Species_LLLLLLII
Event: 0.875 loading class java/lang/invoke/BoundMethodHandle$Species_LLLLLLII done
Event: 0.876 loading class java/lang/invoke/BoundMethodHandle$Species_LLLLLLIIL
Event: 0.876 loading class java/lang/invoke/BoundMethodHandle$Species_LLLLLLIIL done


Dynamic libraries:
c2e00000-c6c00000 rw-p 00000000 00:00 0 
c6c00000-ffe00000 ---p 00000000 00:00 0 
ffe00000-ffe47000 rw-p 00b0a000 08:03 1060156                            /usr/lib/jvm/java-11-openjdk-amd64/lib/server/classes.jsa
ffe47000-fff00000 rw-p 00000000 00:00 0 
fff00000-fff6b000 rw-p 00a9f000 08:03 1060156                            /usr/lib/jvm/java-11-openjdk-amd64/lib/server/classes.jsa
fff6b000-100000000 rw-p 00000000 00:00 0 
800000000-800002000 rwxp 00001000 08:03 1060156                          /usr/lib/jvm/java-11-openjdk-amd64/lib/server/classes.jsa
800002000-8003cc000 rw-p 00003000 08:03 1060156                          /usr/lib/jvm/java-11-openjdk-amd64/lib/server/classes.jsa
8003cc000-800a9d000 r--p 003cd000 08:03 1060156                          /usr/lib/jvm/java-11-openjdk-amd64/lib/server/classes.jsa
800a9d000-800a9e000 rw-p 00a9e000 08:03 1060156                          /usr/lib/jvm/java-11-openjdk-amd64/lib/server/classes.jsa
840000000-8400c0000 rw-p 00000000 00:00 0 
8400c0000-880000000 ---p 00000000 00:00 0 
55c82477f000-55c824780000 r--p 00000000 08:03 1058673                    /usr/lib/jvm/java-11-openjdk-amd64/bin/java
55c824780000-55c824781000 r-xp 00001000 08:03 1058673                    /usr/lib/jvm/java-11-openjdk-amd64/bin/java
55c824781000-55c824782000 r--p 00002000 08:03 1058673                    /usr/lib/jvm/java-11-openjdk-amd64/bin/java
55c824782000-55c824783000 r--p 00002000 08:03 1058673                    /usr/lib/jvm/java-11-openjdk-amd64/bin/java
55c824783000-55c824784000 rw-p 00003000 08:03 1058673                    /usr/lib/jvm/java-11-openjdk-amd64/bin/java
55c82608c000-55c8260cf000 rw-p 00000000 00:00 0                          [heap]
7f0d19400000-7f0d19d26000 r--p 00000000 08:03 1579535                    /home/doudou/.javacpp/cache/llvm-13.0.1-1.5.7-linux-x86_64.jar/org/bytedeco/llvm/linux-x86_64/libLLVM-13.so
7f0d19d26000-7f0d1d6e9000 r-xp 00926000 08:03 1579535                    /home/doudou/.javacpp/cache/llvm-13.0.1-1.5.7-linux-x86_64.jar/org/bytedeco/llvm/linux-x86_64/libLLVM-13.so
7f0d1d6e9000-7f0d1f93e000 r--p 042e9000 08:03 1579535                    /home/doudou/.javacpp/cache/llvm-13.0.1-1.5.7-linux-x86_64.jar/org/bytedeco/llvm/linux-x86_64/libLLVM-13.so
7f0d1f93e000-7f0d1fe53000 r--p 0653d000 08:03 1579535                    /home/doudou/.javacpp/cache/llvm-13.0.1-1.5.7-linux-x86_64.jar/org/bytedeco/llvm/linux-x86_64/libLLVM-13.so
7f0d1fe53000-7f0d1fe5e000 rw-p 06a52000 08:03 1579535                    /home/doudou/.javacpp/cache/llvm-13.0.1-1.5.7-linux-x86_64.jar/org/bytedeco/llvm/linux-x86_64/libLLVM-13.so
7f0d1fe5e000-7f0d1fed4000 rw-p 00000000 00:00 0 
7f0d20000000-7f0d20021000 rw-p 00000000 00:00 0 
7f0d20021000-7f0d24000000 ---p 00000000 00:00 0 
7f0d24000000-7f0d24021000 rw-p 00000000 00:00 0 
7f0d24021000-7f0d28000000 ---p 00000000 00:00 0 
7f0d28000000-7f0d28380000 rw-p 00000000 00:00 0 
7f0d28380000-7f0d2c000000 ---p 00000000 00:00 0 
7f0d2c000000-7f0d2c3a9000 rw-p 00000000 00:00 0 
7f0d2c3a9000-7f0d30000000 ---p 00000000 00:00 0 
7f0d30000000-7f0d30021000 rw-p 00000000 00:00 0 
7f0d30021000-7f0d34000000 ---p 00000000 00:00 0 
7f0d34000000-7f0d34021000 rw-p 00000000 00:00 0 
7f0d34021000-7f0d38000000 ---p 00000000 00:00 0 
7f0d38000000-7f0d38021000 rw-p 00000000 00:00 0 
7f0d38021000-7f0d3c000000 ---p 00000000 00:00 0 
7f0d3c000000-7f0d3c021000 rw-p 00000000 00:00 0 
7f0d3c021000-7f0d40000000 ---p 00000000 00:00 0 
7f0d40000000-7f0d40021000 rw-p 00000000 00:00 0 
7f0d40021000-7f0d44000000 ---p 00000000 00:00 0 
7f0d44000000-7f0d44021000 rw-p 00000000 00:00 0 
7f0d44021000-7f0d48000000 ---p 00000000 00:00 0 
7f0d48000000-7f0d48021000 rw-p 00000000 00:00 0 
7f0d48021000-7f0d4c000000 ---p 00000000 00:00 0 
7f0d4c3f6000-7f0d4c45b000 r--p 00000000 08:03 1579540                    /home/doudou/.javacpp/cache/llvm-13.0.1-1.5.7-linux-x86_64.jar/org/bytedeco/llvm/linux-x86_64/libjniLLVM.so
7f0d4c45b000-7f0d4c4c9000 r-xp 00065000 08:03 1579540                    /home/doudou/.javacpp/cache/llvm-13.0.1-1.5.7-linux-x86_64.jar/org/bytedeco/llvm/linux-x86_64/libjniLLVM.so
7f0d4c4c9000-7f0d4c4f4000 r--p 000d3000 08:03 1579540                    /home/doudou/.javacpp/cache/llvm-13.0.1-1.5.7-linux-x86_64.jar/org/bytedeco/llvm/linux-x86_64/libjniLLVM.so
7f0d4c4f4000-7f0d4c4f7000 r--p 000fd000 08:03 1579540                    /home/doudou/.javacpp/cache/llvm-13.0.1-1.5.7-linux-x86_64.jar/org/bytedeco/llvm/linux-x86_64/libjniLLVM.so
7f0d4c4f7000-7f0d4c4fa000 rw-p 00100000 08:03 1579540                    /home/doudou/.javacpp/cache/llvm-13.0.1-1.5.7-linux-x86_64.jar/org/bytedeco/llvm/linux-x86_64/libjniLLVM.so
7f0d4c4fa000-7f0d4c4fc000 rw-p 00000000 00:00 0 
7f0d4c4fc000-7f0d4c4fd000 ---p 00000000 00:00 0 
7f0d4c4fd000-7f0d4c5fe000 rw-p 00000000 00:00 0 
7f0d4c5fe000-7f0d4c602000 ---p 00000000 00:00 0 
7f0d4c602000-7f0d4c6fe000 rw-p 00000000 00:00 0 
7f0d4c6fe000-7f0d4c6ff000 ---p 00000000 00:00 0 
7f0d4c6ff000-7f0d4c800000 rw-p 00000000 00:00 0 
7f0d4c800000-7f0d4c804000 ---p 00000000 00:00 0 
7f0d4c804000-7f0d4c900000 rw-p 00000000 00:00 0 
7f0d4c900000-7f0d4c904000 ---p 00000000 00:00 0 
7f0d4c904000-7f0d4ca00000 rw-p 00000000 00:00 0 
7f0d4ca00000-7f0d4d7e7000 r--p 00000000 08:03 534858                     /usr/lib/locale/locale-archive
7f0d4d800000-7f0d4de00000 rw-p 00000000 00:00 0 
7f0d4de00000-7f0d4e000000 ---p 00000000 00:00 0 
7f0d4e000000-7f0d50000000 rw-p 00000000 00:00 0 
7f0d50000000-7f0d50021000 rw-p 00000000 00:00 0 
7f0d50021000-7f0d54000000 ---p 00000000 00:00 0 
7f0d54000000-7f0d54021000 rw-p 00000000 00:00 0 
7f0d54021000-7f0d58000000 ---p 00000000 00:00 0 
7f0d58000000-7f0d58021000 rw-p 00000000 00:00 0 
7f0d58021000-7f0d5c000000 ---p 00000000 00:00 0 
7f0d5c000000-7f0d5c004000 ---p 00000000 00:00 0 
7f0d5c004000-7f0d5c100000 rw-p 00000000 00:00 0 
7f0d5c100000-7f0d5c104000 ---p 00000000 00:00 0 
7f0d5c104000-7f0d5c200000 rw-p 00000000 00:00 0 
7f0d5c200000-7f0d5c204000 ---p 00000000 00:00 0 
7f0d5c204000-7f0d5c300000 rw-p 00000000 00:00 0 
7f0d5c300000-7f0d5c304000 ---p 00000000 00:00 0 
7f0d5c304000-7f0d5c400000 rw-p 00000000 00:00 0 
7f0d5c400000-7f0d5c404000 ---p 00000000 00:00 0 
7f0d5c404000-7f0d5c500000 rw-p 00000000 00:00 0 
7f0d5c500000-7f0d5c504000 ---p 00000000 00:00 0 
7f0d5c504000-7f0d5c600000 rw-p 00000000 00:00 0 
7f0d5c600000-7f0d5c870000 rwxp 00000000 00:00 0 
7f0d5c870000-7f0d5cb8f000 ---p 00000000 00:00 0 
7f0d5cb8f000-7f0d5cdff000 rwxp 00000000 00:00 0 
7f0d5cdff000-7f0d640c7000 ---p 00000000 00:00 0 
7f0d640c7000-7f0d64337000 rwxp 00000000 00:00 0 
7f0d64337000-7f0d6b600000 ---p 00000000 00:00 0 
7f0d6b600000-7f0d73e0b000 r--s 00000000 08:03 1058832                    /usr/lib/jvm/java-11-openjdk-amd64/lib/modules
7f0d73f00000-7f0d73f04000 ---p 00000000 00:00 0 
7f0d73f04000-7f0d74000000 rw-p 00000000 00:00 0 
7f0d74000000-7f0d7436c000 rw-p 00000000 00:00 0 
7f0d7436c000-7f0d78000000 ---p 00000000 00:00 0 
7f0d78079000-7f0d78080000 r--p 00000000 08:03 1579536                    /home/doudou/.javacpp/cache/llvm-13.0.1-1.5.7-linux-x86_64.jar/org/bytedeco/llvm/linux-x86_64/libLTO.so.13
7f0d78080000-7f0d78088000 r-xp 00007000 08:03 1579536                    /home/doudou/.javacpp/cache/llvm-13.0.1-1.5.7-linux-x86_64.jar/org/bytedeco/llvm/linux-x86_64/libLTO.so.13
7f0d78088000-7f0d7808a000 r--p 0000f000 08:03 1579536                    /home/doudou/.javacpp/cache/llvm-13.0.1-1.5.7-linux-x86_64.jar/org/bytedeco/llvm/linux-x86_64/libLTO.so.13
7f0d7808a000-7f0d7808b000 r--p 00010000 08:03 1579536                    /home/doudou/.javacpp/cache/llvm-13.0.1-1.5.7-linux-x86_64.jar/org/bytedeco/llvm/linux-x86_64/libLTO.so.13
7f0d7808b000-7f0d7808c000 rw-p 00011000 08:03 1579536                    /home/doudou/.javacpp/cache/llvm-13.0.1-1.5.7-linux-x86_64.jar/org/bytedeco/llvm/linux-x86_64/libLTO.so.13
7f0d7808c000-7f0d78090000 r--p 00000000 08:03 1579530                    /home/doudou/.javacpp/cache/javacpp-1.5.7-linux-x86_64.jar/org/bytedeco/javacpp/linux-x86_64/libjnijavacpp.so
7f0d78090000-7f0d78097000 r-xp 00004000 08:03 1579530                    /home/doudou/.javacpp/cache/javacpp-1.5.7-linux-x86_64.jar/org/bytedeco/javacpp/linux-x86_64/libjnijavacpp.so
7f0d78097000-7f0d7809b000 r--p 0000b000 08:03 1579530                    /home/doudou/.javacpp/cache/javacpp-1.5.7-linux-x86_64.jar/org/bytedeco/javacpp/linux-x86_64/libjnijavacpp.so
7f0d7809b000-7f0d7809c000 r--p 0000e000 08:03 1579530                    /home/doudou/.javacpp/cache/javacpp-1.5.7-linux-x86_64.jar/org/bytedeco/javacpp/linux-x86_64/libjnijavacpp.so
7f0d7809c000-7f0d7809d000 rw-p 0000f000 08:03 1579530                    /home/doudou/.javacpp/cache/javacpp-1.5.7-linux-x86_64.jar/org/bytedeco/javacpp/linux-x86_64/libjnijavacpp.so
7f0d7809d000-7f0d780a1000 r--p 00000000 08:03 1058822                    /usr/lib/jvm/java-11-openjdk-amd64/lib/libnet.so
7f0d780a1000-7f0d780af000 r-xp 00004000 08:03 1058822                    /usr/lib/jvm/java-11-openjdk-amd64/lib/libnet.so
7f0d780af000-7f0d780b3000 r--p 00012000 08:03 1058822                    /usr/lib/jvm/java-11-openjdk-amd64/lib/libnet.so
7f0d780b3000-7f0d780b4000 r--p 00015000 08:03 1058822                    /usr/lib/jvm/java-11-openjdk-amd64/lib/libnet.so
7f0d780b4000-7f0d780b5000 rw-p 00016000 08:03 1058822                    /usr/lib/jvm/java-11-openjdk-amd64/lib/libnet.so
7f0d780b5000-7f0d780bc000 r--p 00000000 08:03 1058823                    /usr/lib/jvm/java-11-openjdk-amd64/lib/libnio.so
7f0d780bc000-7f0d780c4000 r-xp 00007000 08:03 1058823                    /usr/lib/jvm/java-11-openjdk-amd64/lib/libnio.so
7f0d780c4000-7f0d780c7000 r--p 0000f000 08:03 1058823                    /usr/lib/jvm/java-11-openjdk-amd64/lib/libnio.so
7f0d780c7000-7f0d780c8000 r--p 00011000 08:03 1058823                    /usr/lib/jvm/java-11-openjdk-amd64/lib/libnio.so
7f0d780c8000-7f0d780c9000 rw-p 00012000 08:03 1058823                    /usr/lib/jvm/java-11-openjdk-amd64/lib/libnio.so
7f0d780c9000-7f0d780ca000 ---p 00000000 00:00 0 
7f0d780ca000-7f0d782a7000 rw-p 00000000 00:00 0 
7f0d782a7000-7f0d782a8000 ---p 00000000 00:00 0 
7f0d782a8000-7f0d783a9000 rw-p 00000000 00:00 0 
7f0d783a9000-7f0d783aa000 ---p 00000000 00:00 0 
7f0d783aa000-7f0d786ad000 rw-p 00000000 00:00 0 
7f0d786ad000-7f0d786ae000 ---p 00000000 00:00 0 
7f0d786ae000-7f0d787af000 rw-p 00000000 00:00 0 
7f0d787af000-7f0d787b0000 ---p 00000000 00:00 0 
7f0d787b0000-7f0d789a9000 rw-p 00000000 00:00 0 
7f0d789a9000-7f0d797f1000 ---p 00000000 00:00 0 
7f0d797f1000-7f0d798f1000 rw-p 00000000 00:00 0 
7f0d798f1000-7f0d7a739000 ---p 00000000 00:00 0 
7f0d7a739000-7f0d7a760000 rw-p 00000000 00:00 0 
7f0d7a760000-7f0d7a929000 ---p 00000000 00:00 0 
7f0d7a929000-7f0d7a949000 rw-p 00000000 00:00 0 
7f0d7a949000-7f0d7ab12000 ---p 00000000 00:00 0 
7f0d7ab12000-7f0d7ab32000 rw-p 00000000 00:00 0 
7f0d7ab32000-7f0d7acfb000 ---p 00000000 00:00 0 
7f0d7acfb000-7f0d7aefe000 rw-p 00000000 00:00 0 
7f0d7aefe000-7f0d7aeff000 ---p 00000000 00:00 0 
7f0d7aeff000-7f0d7b000000 rw-p 00000000 00:00 0 
7f0d7b000000-7f0d7b09a000 r--p 00000000 08:03 552221                     /usr/lib/x86_64-linux-gnu/libstdc++.so.6.0.30
7f0d7b09a000-7f0d7b1aa000 r-xp 0009a000 08:03 552221                     /usr/lib/x86_64-linux-gnu/libstdc++.so.6.0.30
7f0d7b1aa000-7f0d7b219000 r--p 001aa000 08:03 552221                     /usr/lib/x86_64-linux-gnu/libstdc++.so.6.0.30
7f0d7b219000-7f0d7b224000 r--p 00218000 08:03 552221                     /usr/lib/x86_64-linux-gnu/libstdc++.so.6.0.30
7f0d7b224000-7f0d7b227000 rw-p 00223000 08:03 552221                     /usr/lib/x86_64-linux-gnu/libstdc++.so.6.0.30
7f0d7b227000-7f0d7b22f000 rw-p 00000000 00:00 0 
7f0d7b22f000-7f0d7b315000 ---p 00000000 00:00 0 
7f0d7b315000-7f0d7b31a000 rw-p 00000000 00:00 0 
7f0d7b31a000-7f0d7b400000 ---p 00000000 00:00 0 
7f0d7b400000-7f0d7b682000 r--p 00000000 08:03 1058837                    /usr/lib/jvm/java-11-openjdk-amd64/lib/server/libjvm.so
7f0d7b682000-7f0d7c31e000 r-xp 00282000 08:03 1058837                    /usr/lib/jvm/java-11-openjdk-amd64/lib/server/libjvm.so
7f0d7c31e000-7f0d7c579000 r--p 00f1e000 08:03 1058837                    /usr/lib/jvm/java-11-openjdk-amd64/lib/server/libjvm.so
7f0d7c579000-7f0d7c57a000 ---p 01179000 08:03 1058837                    /usr/lib/jvm/java-11-openjdk-amd64/lib/server/libjvm.so
7f0d7c57a000-7f0d7c63e000 r--p 01179000 08:03 1058837                    /usr/lib/jvm/java-11-openjdk-amd64/lib/server/libjvm.so
7f0d7c63e000-7f0d7c679000 rw-p 0123d000 08:03 1058837                    /usr/lib/jvm/java-11-openjdk-amd64/lib/server/libjvm.so
7f0d7c679000-7f0d7c6d0000 rw-p 00000000 00:00 0 
7f0d7c6d3000-7f0d7c6da000 r--s 00000000 08:03 553557                     /usr/lib/x86_64-linux-gnu/gconv/gconv-modules.cache
7f0d7c6da000-7f0d7c6db000 r--p 00000000 08:03 1579538                    /home/doudou/.javacpp/cache/llvm-13.0.1-1.5.7-linux-x86_64.jar/org/bytedeco/llvm/linux-x86_64/libRemarks.so.13
7f0d7c6db000-7f0d7c6dc000 r-xp 00001000 08:03 1579538                    /home/doudou/.javacpp/cache/llvm-13.0.1-1.5.7-linux-x86_64.jar/org/bytedeco/llvm/linux-x86_64/libRemarks.so.13
7f0d7c6dc000-7f0d7c6dd000 r--p 00002000 08:03 1579538                    /home/doudou/.javacpp/cache/llvm-13.0.1-1.5.7-linux-x86_64.jar/org/bytedeco/llvm/linux-x86_64/libRemarks.so.13
7f0d7c6dd000-7f0d7c6de000 r--p 00002000 08:03 1579538                    /home/doudou/.javacpp/cache/llvm-13.0.1-1.5.7-linux-x86_64.jar/org/bytedeco/llvm/linux-x86_64/libRemarks.so.13
7f0d7c6de000-7f0d7c6df000 rw-p 00003000 08:03 1579538                    /home/doudou/.javacpp/cache/llvm-13.0.1-1.5.7-linux-x86_64.jar/org/bytedeco/llvm/linux-x86_64/libRemarks.so.13
7f0d7c6df000-7f0d7c700000 rw-p 00000000 00:00 0 
7f0d7c700000-7f0d7c704000 ---p 00000000 00:00 0 
7f0d7c704000-7f0d7c800000 rw-p 00000000 00:00 0 
7f0d7c800000-7f0d7c828000 r--p 00000000 08:03 551134                     /usr/lib/x86_64-linux-gnu/libc.so.6
7f0d7c828000-7f0d7c9bd000 r-xp 00028000 08:03 551134                     /usr/lib/x86_64-linux-gnu/libc.so.6
7f0d7c9bd000-7f0d7ca15000 r--p 001bd000 08:03 551134                     /usr/lib/x86_64-linux-gnu/libc.so.6
7f0d7ca15000-7f0d7ca19000 r--p 00214000 08:03 551134                     /usr/lib/x86_64-linux-gnu/libc.so.6
7f0d7ca19000-7f0d7ca1b000 rw-p 00218000 08:03 551134                     /usr/lib/x86_64-linux-gnu/libc.so.6
7f0d7ca1b000-7f0d7ca28000 rw-p 00000000 00:00 0 
7f0d7ca28000-7f0d7ca29000 r--p 00000000 08:03 551276                     /usr/lib/x86_64-linux-gnu/libdl.so.2
7f0d7ca29000-7f0d7ca2a000 r-xp 00001000 08:03 551276                     /usr/lib/x86_64-linux-gnu/libdl.so.2
7f0d7ca2a000-7f0d7ca2b000 r--p 00002000 08:03 551276                     /usr/lib/x86_64-linux-gnu/libdl.so.2
7f0d7ca2b000-7f0d7ca2c000 r--p 00002000 08:03 551276                     /usr/lib/x86_64-linux-gnu/libdl.so.2
7f0d7ca2c000-7f0d7ca2d000 rw-p 00003000 08:03 551276                     /usr/lib/x86_64-linux-gnu/libdl.so.2
7f0d7ca2d000-7f0d7ca2e000 r--p 00000000 08:03 552054                     /usr/lib/x86_64-linux-gnu/libpthread.so.0
7f0d7ca2e000-7f0d7ca2f000 r-xp 00001000 08:03 552054                     /usr/lib/x86_64-linux-gnu/libpthread.so.0
7f0d7ca2f000-7f0d7ca30000 r--p 00002000 08:03 552054                     /usr/lib/x86_64-linux-gnu/libpthread.so.0
7f0d7ca30000-7f0d7ca31000 r--p 00002000 08:03 552054                     /usr/lib/x86_64-linux-gnu/libpthread.so.0
7f0d7ca31000-7f0d7ca32000 rw-p 00003000 08:03 552054                     /usr/lib/x86_64-linux-gnu/libpthread.so.0
7f0d7ca32000-7f0d7ca33000 r--p 00000000 08:03 1058804                    /usr/lib/jvm/java-11-openjdk-amd64/lib/libextnet.so
7f0d7ca33000-7f0d7ca34000 r-xp 00001000 08:03 1058804                    /usr/lib/jvm/java-11-openjdk-amd64/lib/libextnet.so
7f0d7ca34000-7f0d7ca35000 r--p 00002000 08:03 1058804                    /usr/lib/jvm/java-11-openjdk-amd64/lib/libextnet.so
7f0d7ca35000-7f0d7ca36000 r--p 00002000 08:03 1058804                    /usr/lib/jvm/java-11-openjdk-amd64/lib/libextnet.so
7f0d7ca36000-7f0d7ca37000 rw-p 00003000 08:03 1058804                    /usr/lib/jvm/java-11-openjdk-amd64/lib/libextnet.so
7f0d7ca37000-7f0d7ca3c000 rw-p 00000000 00:00 0 
7f0d7ca3c000-7f0d7ca43000 ---p 00000000 00:00 0 
7f0d7ca43000-7f0d7ca45000 r--p 00000000 08:03 1058831                    /usr/lib/jvm/java-11-openjdk-amd64/lib/libzip.so
7f0d7ca45000-7f0d7ca4a000 r-xp 00002000 08:03 1058831                    /usr/lib/jvm/java-11-openjdk-amd64/lib/libzip.so
7f0d7ca4a000-7f0d7ca4c000 r--p 00007000 08:03 1058831                    /usr/lib/jvm/java-11-openjdk-amd64/lib/libzip.so
7f0d7ca4c000-7f0d7ca4d000 r--p 00008000 08:03 1058831                    /usr/lib/jvm/java-11-openjdk-amd64/lib/libzip.so
7f0d7ca4d000-7f0d7ca4e000 rw-p 00009000 08:03 1058831                    /usr/lib/jvm/java-11-openjdk-amd64/lib/libzip.so
7f0d7ca4e000-7f0d7ca56000 rw-s 00000000 08:03 262229                     /tmp/hsperfdata_doudou/11577
7f0d7ca56000-7f0d7ca58000 r--p 00000000 08:03 1058806                    /usr/lib/jvm/java-11-openjdk-amd64/lib/libinstrument.so
7f0d7ca58000-7f0d7ca5f000 r-xp 00002000 08:03 1058806                    /usr/lib/jvm/java-11-openjdk-amd64/lib/libinstrument.so
7f0d7ca5f000-7f0d7ca62000 r--p 00009000 08:03 1058806                    /usr/lib/jvm/java-11-openjdk-amd64/lib/libinstrument.so
7f0d7ca62000-7f0d7ca63000 r--p 0000b000 08:03 1058806                    /usr/lib/jvm/java-11-openjdk-amd64/lib/libinstrument.so
7f0d7ca63000-7f0d7ca64000 rw-p 0000c000 08:03 1058806                    /usr/lib/jvm/java-11-openjdk-amd64/lib/libinstrument.so
7f0d7ca64000-7f0d7ca72000 r--p 00000000 08:03 1058811                    /usr/lib/jvm/java-11-openjdk-amd64/lib/libjava.so
7f0d7ca72000-7f0d7ca88000 r-xp 0000e000 08:03 1058811                    /usr/lib/jvm/java-11-openjdk-amd64/lib/libjava.so
7f0d7ca88000-7f0d7ca8f000 r--p 00024000 08:03 1058811                    /usr/lib/jvm/java-11-openjdk-amd64/lib/libjava.so
7f0d7ca8f000-7f0d7ca90000 r--p 0002a000 08:03 1058811                    /usr/lib/jvm/java-11-openjdk-amd64/lib/libjava.so
7f0d7ca90000-7f0d7ca91000 rw-p 0002b000 08:03 1058811                    /usr/lib/jvm/java-11-openjdk-amd64/lib/libjava.so
7f0d7ca91000-7f0d7ca92000 rw-p 00000000 00:00 0 
7f0d7ca92000-7f0d7ca97000 r--p 00000000 08:03 1058830                    /usr/lib/jvm/java-11-openjdk-amd64/lib/libverify.so
7f0d7ca97000-7f0d7ca9e000 r-xp 00005000 08:03 1058830                    /usr/lib/jvm/java-11-openjdk-amd64/lib/libverify.so
7f0d7ca9e000-7f0d7caa0000 r--p 0000c000 08:03 1058830                    /usr/lib/jvm/java-11-openjdk-amd64/lib/libverify.so
7f0d7caa0000-7f0d7caa2000 r--p 0000d000 08:03 1058830                    /usr/lib/jvm/java-11-openjdk-amd64/lib/libverify.so
7f0d7caa2000-7f0d7caa3000 rw-p 0000f000 08:03 1058830                    /usr/lib/jvm/java-11-openjdk-amd64/lib/libverify.so
7f0d7caa3000-7f0d7caa4000 r--p 00000000 08:03 552110                     /usr/lib/x86_64-linux-gnu/librt.so.1
7f0d7caa4000-7f0d7caa5000 r-xp 00001000 08:03 552110                     /usr/lib/x86_64-linux-gnu/librt.so.1
7f0d7caa5000-7f0d7caa6000 r--p 00002000 08:03 552110                     /usr/lib/x86_64-linux-gnu/librt.so.1
7f0d7caa6000-7f0d7caa7000 r--p 00002000 08:03 552110                     /usr/lib/x86_64-linux-gnu/librt.so.1
7f0d7caa7000-7f0d7caa8000 rw-p 00003000 08:03 552110                     /usr/lib/x86_64-linux-gnu/librt.so.1
7f0d7caa8000-7f0d7caab000 r--p 00000000 08:03 551433                     /usr/lib/x86_64-linux-gnu/libgcc_s.so.1
7f0d7caab000-7f0d7cac2000 r-xp 00003000 08:03 551433                     /usr/lib/x86_64-linux-gnu/libgcc_s.so.1
7f0d7cac2000-7f0d7cac6000 r--p 0001a000 08:03 551433                     /usr/lib/x86_64-linux-gnu/libgcc_s.so.1
7f0d7cac6000-7f0d7cac7000 r--p 0001d000 08:03 551433                     /usr/lib/x86_64-linux-gnu/libgcc_s.so.1
7f0d7cac7000-7f0d7cac8000 rw-p 0001e000 08:03 551433                     /usr/lib/x86_64-linux-gnu/libgcc_s.so.1
7f0d7cac8000-7f0d7cad6000 r--p 00000000 08:03 551785                     /usr/lib/x86_64-linux-gnu/libm.so.6
7f0d7cad6000-7f0d7cb52000 r-xp 0000e000 08:03 551785                     /usr/lib/x86_64-linux-gnu/libm.so.6
7f0d7cb52000-7f0d7cbad000 r--p 0008a000 08:03 551785                     /usr/lib/x86_64-linux-gnu/libm.so.6
7f0d7cbad000-7f0d7cbae000 r--p 000e4000 08:03 551785                     /usr/lib/x86_64-linux-gnu/libm.so.6
7f0d7cbae000-7f0d7cbaf000 rw-p 000e5000 08:03 551785                     /usr/lib/x86_64-linux-gnu/libm.so.6
7f0d7cbaf000-7f0d7cbb1000 rw-p 00000000 00:00 0 
7f0d7cbb1000-7f0d7cbb3000 r--p 00000000 08:03 552488                     /usr/lib/x86_64-linux-gnu/libz.so.1.2.11
7f0d7cbb3000-7f0d7cbc4000 r-xp 00002000 08:03 552488                     /usr/lib/x86_64-linux-gnu/libz.so.1.2.11
7f0d7cbc4000-7f0d7cbca000 r--p 00013000 08:03 552488                     /usr/lib/x86_64-linux-gnu/libz.so.1.2.11
7f0d7cbca000-7f0d7cbcb000 ---p 00019000 08:03 552488                     /usr/lib/x86_64-linux-gnu/libz.so.1.2.11
7f0d7cbcb000-7f0d7cbcc000 r--p 00019000 08:03 552488                     /usr/lib/x86_64-linux-gnu/libz.so.1.2.11
7f0d7cbcc000-7f0d7cbcd000 rw-p 0001a000 08:03 552488                     /usr/lib/x86_64-linux-gnu/libz.so.1.2.11
7f0d7cbd1000-7f0d7cbd2000 ---p 00000000 00:00 0 
7f0d7cbd2000-7f0d7cbd3000 r--p 00000000 00:00 0 
7f0d7cbd3000-7f0d7cbd5000 r--p 00000000 08:03 1058814                    /usr/lib/jvm/java-11-openjdk-amd64/lib/libjimage.so
7f0d7cbd5000-7f0d7cbd8000 r-xp 00002000 08:03 1058814                    /usr/lib/jvm/java-11-openjdk-amd64/lib/libjimage.so
7f0d7cbd8000-7f0d7cbd9000 r--p 00005000 08:03 1058814                    /usr/lib/jvm/java-11-openjdk-amd64/lib/libjimage.so
7f0d7cbd9000-7f0d7cbda000 ---p 00006000 08:03 1058814                    /usr/lib/jvm/java-11-openjdk-amd64/lib/libjimage.so
7f0d7cbda000-7f0d7cbdb000 r--p 00006000 08:03 1058814                    /usr/lib/jvm/java-11-openjdk-amd64/lib/libjimage.so
7f0d7cbdb000-7f0d7cbdc000 rw-p 00007000 08:03 1058814                    /usr/lib/jvm/java-11-openjdk-amd64/lib/libjimage.so
7f0d7cbdc000-7f0d7cbdf000 r--p 00000000 08:03 1058796                    /usr/lib/jvm/java-11-openjdk-amd64/lib/jli/libjli.so
7f0d7cbdf000-7f0d7cbe9000 r-xp 00003000 08:03 1058796                    /usr/lib/jvm/java-11-openjdk-amd64/lib/jli/libjli.so
7f0d7cbe9000-7f0d7cbec000 r--p 0000d000 08:03 1058796                    /usr/lib/jvm/java-11-openjdk-amd64/lib/jli/libjli.so
7f0d7cbec000-7f0d7cbed000 ---p 00010000 08:03 1058796                    /usr/lib/jvm/java-11-openjdk-amd64/lib/jli/libjli.so
7f0d7cbed000-7f0d7cbee000 r--p 00010000 08:03 1058796                    /usr/lib/jvm/java-11-openjdk-amd64/lib/jli/libjli.so
7f0d7cbee000-7f0d7cbef000 rw-p 00011000 08:03 1058796                    /usr/lib/jvm/java-11-openjdk-amd64/lib/jli/libjli.so
7f0d7cbef000-7f0d7cbf1000 rw-p 00000000 00:00 0 
7f0d7cbf1000-7f0d7cbf3000 r--p 00000000 08:03 550792                     /usr/lib/x86_64-linux-gnu/ld-linux-x86-64.so.2
7f0d7cbf3000-7f0d7cc1d000 r-xp 00002000 08:03 550792                     /usr/lib/x86_64-linux-gnu/ld-linux-x86-64.so.2
7f0d7cc1d000-7f0d7cc28000 r--p 0002c000 08:03 550792                     /usr/lib/x86_64-linux-gnu/ld-linux-x86-64.so.2
7f0d7cc29000-7f0d7cc2b000 r--p 00037000 08:03 550792                     /usr/lib/x86_64-linux-gnu/ld-linux-x86-64.so.2
7f0d7cc2b000-7f0d7cc2d000 rw-p 00039000 08:03 550792                     /usr/lib/x86_64-linux-gnu/ld-linux-x86-64.so.2
7ffc9a9ad000-7ffc9a9ce000 rw-p 00000000 00:00 0                          [stack]
7ffc9a9d3000-7ffc9a9d7000 r--p 00000000 00:00 0                          [vvar]
7ffc9a9d7000-7ffc9a9d9000 r-xp 00000000 00:00 0                          [vdso]
ffffffffff600000-ffffffffff601000 --xp 00000000 00:00 0                  [vsyscall]


VM Arguments:
jvm_args: -javaagent:/snap/intellij-idea-ultimate/437/lib/idea_rt.jar=39443:/snap/intellij-idea-ultimate/437/bin -Dfile.encoding=UTF-8 
java_command: Main /home/doudou/lab/Lab/tests/test1.sysy /home/doudou/lab/Lab/tests/out.txt
java_class_path (initial): /home/doudou/lab/Lab/out/production/Lab:/usr/local/lib/antlr-4.9.1-complete.jar:/usr/local/lib/javacpp-1.5.7-linux-x86_64.jar:/usr/local/lib/javacpp-1.5.7.jar:/usr/local/lib/llvm-13.0.1-1.5.7-linux-x86_64.jar:/usr/local/lib/llvm-13.0.1-1.5.7.jar:/usr/local/lib/llvm-platform-13.0.1-1.5.7.jar
Launcher Type: SUN_STANDARD

[Global flags]
     intx CICompilerCount                          = 2                                         {product} {ergonomic}
     uint ConcGCThreads                            = 1                                         {product} {ergonomic}
     uint G1ConcRefinementThreads                  = 2                                         {product} {ergonomic}
   size_t G1HeapRegionSize                         = 1048576                                   {product} {ergonomic}
    uintx GCDrainStackTargetSize                   = 64                                        {product} {ergonomic}
   size_t InitialHeapSize                          = 65011712                                  {product} {ergonomic}
   size_t MarkStackSize                            = 4194304                                   {product} {ergonomic}
   size_t MaxHeapSize                              = 1025507328                                {product} {ergonomic}
   size_t MaxNewSize                               = 614465536                                 {product} {ergonomic}
   size_t MinHeapDeltaBytes                        = 1048576                                   {product} {ergonomic}
    uintx NonNMethodCodeHeapSize                   = 5825164                                {pd product} {ergonomic}
    uintx NonProfiledCodeHeapSize                  = 122916538                              {pd product} {ergonomic}
    uintx ProfiledCodeHeapSize                     = 122916538                              {pd product} {ergonomic}
    uintx ReservedCodeCacheSize                    = 251658240                              {pd product} {ergonomic}
     bool SegmentedCodeCache                       = true                                      {product} {ergonomic}
     bool UseCompressedClassPointers               = true                                 {lp64_product} {ergonomic}
     bool UseCompressedOops                        = true                                 {lp64_product} {ergonomic}
     bool UseG1GC                                  = true                                      {product} {ergonomic}

Logging:
Log output configuration:
 #0: stdout all=warning uptime,level,tags
 #1: stderr all=off uptime,level,tags

Environment Variables:
PATH=/usr/local/sbin:/usr/local/bin:/usr/sbin:/usr/bin:/sbin:/bin:/usr/games:/usr/local/games:/snap/bin:/snap/bin
USERNAME=doudou
SHELL=/bin/bash
DISPLAY=:0
LANG=en_US.UTF-8
LC_NUMERIC=zh_CN.UTF-8
LC_TIME=zh_CN.UTF-8

Signal Handlers:
SIGSEGV: [libjvm.so+0xeabd80], sa_mask[0]=11111111011111111101111111111110, sa_flags=SA_RESTART|SA_SIGINFO
SIGBUS: [libjvm.so+0xeabd80], sa_mask[0]=11111111011111111101111111111110, sa_flags=SA_RESTART|SA_SIGINFO
SIGFPE: [libjvm.so+0xeabd80], sa_mask[0]=11111111011111111101111111111110, sa_flags=SA_RESTART|SA_SIGINFO
SIGPIPE: [libjvm.so+0xbee610], sa_mask[0]=11111111011111111101111111111110, sa_flags=SA_RESTART|SA_SIGINFO
SIGXFSZ: [libjvm.so+0xbee610], sa_mask[0]=11111111011111111101111111111110, sa_flags=SA_RESTART|SA_SIGINFO
SIGILL: [libjvm.so+0xeabd80], sa_mask[0]=11111111011111111101111111111110, sa_flags=SA_RESTART|SA_SIGINFO
SIGUSR2: [libjvm.so+0xbee4b0], sa_mask[0]=00100000000000000000000000000000, sa_flags=SA_RESTART|SA_SIGINFO
SIGHUP: [libjvm.so+0xbeec50], sa_mask[0]=11111111011111111101111111111110, sa_flags=SA_RESTART|SA_SIGINFO
SIGINT: [libjvm.so+0xbeec50], sa_mask[0]=11111111011111111101111111111110, sa_flags=SA_RESTART|SA_SIGINFO
SIGTERM: [libjvm.so+0xbeec50], sa_mask[0]=11111111011111111101111111111110, sa_flags=SA_RESTART|SA_SIGINFO
SIGQUIT: [libjvm.so+0xbeec50], sa_mask[0]=11111111011111111101111111111110, sa_flags=SA_RESTART|SA_SIGINFO


---------------  S Y S T E M  ---------------

OS:DISTRIB_ID=Ubuntu
DISTRIB_RELEASE=22.04
DISTRIB_CODENAME=jammy
DISTRIB_DESCRIPTION="Ubuntu 22.04.2 LTS"
uname:Linux 5.19.0-45-generic #46~22.04.1-Ubuntu SMP PREEMPT_DYNAMIC Wed Jun 7 15:06:04 UTC 20 x86_64
OS uptime: 0 days 10:27 hours
libc:glibc 2.35 NPTL 2.35 
rlimit (soft/hard): STACK 8192k/infinity , CORE 0k/infinity , NPROC 15333/15333 , NOFILE 1048576/1048576 , AS infinity/infinity , CPU infinity/infinity , DATA infinity/infinity , FSIZE infinity/infinity , MEMLOCK 500652k/500652k
load average:0.88 0.83 0.74

/proc/meminfo:
MemTotal:        4005236 kB
MemFree:          127904 kB
MemAvailable:     507808 kB
Buffers:            9452 kB
Cached:           539004 kB
SwapCached:        36240 kB
Active:          1699456 kB
Inactive:        1216392 kB
Active(anon):    1412648 kB
Inactive(anon):   954832 kB
Active(file):     286808 kB
Inactive(file):   261560 kB
Unevictable:           0 kB
Mlocked:               0 kB
SwapTotal:       3512316 kB
SwapFree:        2239856 kB
Zswap:                 0 kB
Zswapped:              0 kB
Dirty:               608 kB
Writeback:             0 kB
AnonPages:       2353724 kB
Mapped:           171372 kB
Shmem:             11624 kB
KReclaimable:      72268 kB
Slab:             213828 kB
SReclaimable:      72268 kB
SUnreclaim:       141560 kB
KernelStack:       10796 kB
PageTables:        26004 kB
NFS_Unstable:          0 kB
Bounce:                0 kB
WritebackTmp:          0 kB
CommitLimit:     5514932 kB
Committed_AS:    5927052 kB
VmallocTotal:   34359738367 kB
VmallocUsed:       46144 kB
VmallocChunk:          0 kB
Percpu:             2216 kB
HardwareCorrupted:     0 kB
AnonHugePages:         0 kB
ShmemHugePages:        0 kB
ShmemPmdMapped:        0 kB
FileHugePages:         0 kB
FilePmdMapped:         0 kB
HugePages_Total:       0
HugePages_Free:        0
HugePages_Rsvd:        0
HugePages_Surp:        0
Hugepagesize:       2048 kB
Hugetlb:               0 kB
DirectMap4k:      200512 kB
DirectMap2M:     3993600 kB
DirectMap1G:     2097152 kB

/sys/kernel/mm/transparent_hugepage/enabled:
always [madvise] never
/sys/kernel/mm/transparent_hugepage/defrag (defrag/compaction efforts parameter):
always defer defer+madvise [madvise] never

Process Memory:
Virtual Size: 3684900K (peak: 12384612K)
Resident Set Size: 93408K (peak: 93408K) (anon: 36948K, file: 56460K, shmem: 0K)
Swapped out: 0K
C-Heap outstanding allocations: 15214K, retained: 2105K
glibc malloc tunables: (default)

/proc/sys/kernel/threads-max (system-wide limit on the number of threads):
30667
/proc/sys/vm/max_map_count (maximum number of memory map areas a process may have):
65530
/proc/sys/kernel/pid_max (system-wide limit on number of process identifiers):
4194304

container (cgroup) information:
container_type: cgroupv2
cpu_cpuset_cpus: not supported
cpu_memory_nodes: not supported
active_processor_count: 2
cpu_quota: not supported
cpu_period: not supported
cpu_shares: not supported
memory_limit_in_bytes: unlimited
memory_and_swap_limit_in_bytes: unlimited
memory_soft_limit_in_bytes: unlimited
memory_usage_in_bytes: 2075988 k
memory_max_usage_in_bytes: not supported
memory_swap_current_in_bytes: 791396 k
memory_swap_max_limit_in_bytes: unlimited
maximum number of tasks: 4600
current number of tasks: 138

VMWare virtualization detected
Steal ticks since vm start: 0
Steal ticks percentage since vm start:  0.000

CPU:total 2 (initial active 2) (1 cores per cpu, 1 threads per core) family 6 model 140 stepping 1 microcode 0xffffffff, cmov, cx8, fxsr, mmx, sse, sse2, sse3, ssse3, sse4.1, sse4.2, popcnt, avx, avx2, aes, clmul, erms, 3dnowpref, lzcnt, tsc, tscinvbit, bmi1, bmi2, adx, evex, sha, fma
CPU Model and flags from /proc/cpuinfo:
model name	: 11th Gen Intel(R) Core(TM) i7-1165G7 @ 2.80GHz
flags		: fpu vme de pse tsc msr pae mce cx8 apic sep mtrr pge mca cmov pat pse36 clflush mmx fxsr sse sse2 ss syscall nx pdpe1gb rdtscp lm constant_tsc arch_perfmon rep_good nopl xtopology tsc_reliable nonstop_tsc cpuid tsc_known_freq pni pclmulqdq ssse3 fma cx16 pcid sse4_1 sse4_2 x2apic movbe popcnt tsc_deadline_timer aes xsave avx f16c rdrand hypervisor lahf_lm abm 3dnowprefetch invpcid_single pti ssbd ibrs ibpb stibp fsgsbase tsc_adjust bmi1 avx2 smep bmi2 erms invpcid avx512f avx512dq rdseed adx smap avx512ifma clflushopt clwb avx512cd sha_ni avx512bw avx512vl xsaveopt xsavec xgetbv1 xsaves arat avx512vbmi umip avx512_vbmi2 gfni vaes vpclmulqdq avx512_vnni avx512_bitalg avx512_vpopcntdq rdpid fsrm avx512_vp2intersect flush_l1d arch_capabilities
Online cpus:
0-1
Offline cpus:

BIOS frequency limitation:
<Not Available>
Frequency switch latency (ns):
<Not Available>
Available cpu frequencies:
<Not Available>
Current governor:
<Not Available>
Core performance/turbo boost:
<Not Available>

Memory: 4k page, physical 4005236k(127904k free), swap 3512316k(2239856k free)

vm_info: OpenJDK 64-Bit Server VM (11.0.19+7-post-Ubuntu-0ubuntu122.04.1) for linux-amd64 JRE (11.0.19+7-post-Ubuntu-0ubuntu122.04.1), built on May 10 2023 00:54:00 by "unknown" with gcc 11.3.0

END.
