#
# A fatal error has been detected by the Java Runtime Environment:
#
#  SIGSEGV (0xb) at pc=0x00007f9ed602c882, pid=4334, tid=4336
#
# JRE version: OpenJDK Runtime Environment (11.0.19+7) (build 11.0.19+7-post-Ubuntu-0ubuntu122.04.1)
# Java VM: OpenJDK 64-Bit Server VM (11.0.19+7-post-Ubuntu-0ubuntu122.04.1, mixed mode, sharing, tiered, compressed oops, g1 gc, linux-amd64)
# Problematic frame:
# C  [libLLVM-13.so+0xc2c882]  LLVMBuildLoad+0x12
#
# Core dump will be written. Default location: Core dumps may be processed with "/usr/share/apport/apport -p%p -s%s -c%c -d%d -P%P -u%u -g%g -- %E" (or dumping to /home/doudou/lab/Lab/core.4334)
#
# If you would like to submit a bug report, please visit:
#   https://bugs.launchpad.net/ubuntu/+source/openjdk-lts
# The crash happened outside the Java Virtual Machine in native code.
# See problematic frame for where to report the bug.
#

---------------  S U M M A R Y ------------

Command Line: -javaagent:/snap/intellij-idea-ultimate/437/lib/idea_rt.jar=40361:/snap/intellij-idea-ultimate/437/bin -Dfile.encoding=UTF-8 Main /home/doudou/lab/Lab/tests/test1.sysy /home/doudou/lab/Lab/tests/out.txt

Host: 11th Gen Intel(R) Core(TM) i7-1165G7 @ 2.80GHz, 2 cores, 3G, Ubuntu 22.04.2 LTS
Time: Wed Jun 28 18:37:42 2023 CST elapsed time: 0.461232 seconds (0d 0h 0m 0s)

---------------  T H R E A D  ---------------

Current thread (0x00007f9f34016800):  JavaThread "main" [_thread_in_native, id=4336, stack(0x00007f9f3a300000,0x00007f9f3a400000)]

Stack: [0x00007f9f3a300000,0x00007f9f3a400000],  sp=0x00007f9f3a3fde00,  free space=1015k
Native frames: (J=compiled Java code, A=aot compiled Java code, j=interpreted, Vv=VM code, C=native code)
C  [libLLVM-13.so+0xc2c882]  LLVMBuildLoad+0x12

Java frames: (J=compiled Java code, j=interpreted, Vv=VM code)
j  org.bytedeco.llvm.global.LLVM.LLVMBuildLoad(Lorg/bytedeco/llvm/LLVM/LLVMBuilderRef;Lorg/bytedeco/llvm/LLVM/LLVMValueRef;Ljava/lang/String;)Lorg/bytedeco/llvm/LLVM/LLVMValueRef;+0
j  SysYLlvmVisitor.visitExp(LSysYParser$ExpContext;)Lorg/bytedeco/llvm/LLVM/LLVMValueRef;+70
j  SysYLlvmVisitor.visitStmt(LSysYParser$StmtContext;)Lorg/bytedeco/llvm/LLVM/LLVMValueRef;+21
j  SysYLlvmVisitor.visitStmt(LSysYParser$StmtContext;)Ljava/lang/Object;+2
j  SysYParser$StmtContext.accept(Lorg/antlr/v4/runtime/tree/ParseTreeVisitor;)Ljava/lang/Object;+12
j  org.antlr.v4.runtime.tree.AbstractParseTreeVisitor.visitChildren(Lorg/antlr/v4/runtime/tree/RuleNode;)Ljava/lang/Object;+46
j  SysYParserBaseVisitor.visitBlockItem(LSysYParser$BlockItemContext;)Ljava/lang/Object;+2
j  SysYParser$BlockItemContext.accept(Lorg/antlr/v4/runtime/tree/ParseTreeVisitor;)Ljava/lang/Object;+12
j  org.antlr.v4.runtime.tree.AbstractParseTreeVisitor.visitChildren(Lorg/antlr/v4/runtime/tree/RuleNode;)Ljava/lang/Object;+46
j  SysYParserBaseVisitor.visitBlock(LSysYParser$BlockContext;)Ljava/lang/Object;+2
j  SysYParser$BlockContext.accept(Lorg/antlr/v4/runtime/tree/ParseTreeVisitor;)Ljava/lang/Object;+12
j  org.antlr.v4.runtime.tree.AbstractParseTreeVisitor.visit(Lorg/antlr/v4/runtime/tree/ParseTree;)Ljava/lang/Object;+2
j  SysYLlvmVisitor.visitFuncDef(LSysYParser$FuncDefContext;)Lorg/bytedeco/llvm/LLVM/LLVMValueRef;+552
j  SysYLlvmVisitor.visitCompUnit(LSysYParser$CompUnitContext;)Lorg/bytedeco/llvm/LLVM/LLVMValueRef;+1947
j  SysYLlvmVisitor.visitCompUnit(LSysYParser$CompUnitContext;)Ljava/lang/Object;+2
j  SysYParser$CompUnitContext.accept(Lorg/antlr/v4/runtime/tree/ParseTreeVisitor;)Ljava/lang/Object;+12
j  org.antlr.v4.runtime.tree.AbstractParseTreeVisitor.visitChildren(Lorg/antlr/v4/runtime/tree/RuleNode;)Ljava/lang/Object;+46
j  SysYParserBaseVisitor.visitProgram(LSysYParser$ProgramContext;)Ljava/lang/Object;+2
j  SysYParser$ProgramContext.accept(Lorg/antlr/v4/runtime/tree/ParseTreeVisitor;)Ljava/lang/Object;+12
j  org.antlr.v4.runtime.tree.AbstractParseTreeVisitor.visit(Lorg/antlr/v4/runtime/tree/ParseTree;)Ljava/lang/Object;+2
j  Main.main([Ljava/lang/String;)V+210
v  ~StubRoutines::call_stub

siginfo: si_signo: 11 (SIGSEGV), si_code: 1 (SEGV_MAPERR), si_addr: 0x0000000000000000

Register to memory mapping:

RAX=0x00007f9f343cd380 points into unknown readable memory: 0x00000007f9f30061 | 61 00 f3 f9 07 00 00 00
RBX=0x0 is NULL
RCX=0x00007f9f34016861 points into unknown readable memory: af 28 3a 9f 7f 00 00
RDX=0x00007f9f343cd380 points into unknown readable memory: 0x00000007f9f30061 | 61 00 f3 f9 07 00 00 00
RSP=0x00007f9f3a3fde00 is pointing into the stack for thread: 0x00007f9f34016800
RBP=0x00007f9f3439b8e0 points into unknown readable memory: 0x00007f9f3439b8f0 | f0 b8 39 34 9f 7f 00 00
RSI=0x0 is NULL
RDI=0x00007f9f3439b8e0 points into unknown readable memory: 0x00007f9f3439b8f0 | f0 b8 39 34 9f 7f 00 00
R8 =0x00000000c68bbe08 points into unknown readable memory: 0x0000000000000061 | 61 00 00 00 00 00 00 00
R9 =0x0000000000000002 is an unknown value
R10=0x00000000000003d8 is an unknown value
R11=0x0 is NULL
R12=0x0 is NULL
R13=0x0 is NULL
R14=0x00007f9f343cd380 points into unknown readable memory: 0x00000007f9f30061 | 61 00 f3 f9 07 00 00 00
R15=0x00007f9f34016800 is a thread


Registers:
RAX=0x00007f9f343cd380, RBX=0x0000000000000000, RCX=0x00007f9f34016861, RDX=0x00007f9f343cd380
RSP=0x00007f9f3a3fde00, RBP=0x00007f9f3439b8e0, RSI=0x0000000000000000, RDI=0x00007f9f3439b8e0
R8 =0x00000000c68bbe08, R9 =0x0000000000000002, R10=0x00000000000003d8, R11=0x0000000000000000
R12=0x0000000000000000, R13=0x0000000000000000, R14=0x00007f9f343cd380, R15=0x00007f9f34016800
RIP=0x00007f9ed602c882, EFLAGS=0x0000000000010206, CSGSFS=0x002b000000000033, ERR=0x0000000000000004
  TRAPNO=0x000000000000000e

Top of Stack: (sp=0x00007f9f3a3fde00)
0x00007f9f3a3fde00:   00007f9f34016800 0000000000000000
0x00007f9f3a3fde10:   00007f9f34016800 00007f9f3411e510
0x00007f9f3a3fde20:   0000000000000002 0000000000000001
0x00007f9f3a3fde30:   00007f9f343cd380 00007f9f3411e510 

Instructions: (pc=0x00007f9ed602c882)
0x00007f9ed602c782:   89 c4 4c 8d 4c 24 40 e8 92 57 09 00 48 8b 7d 50
0x00007f9ed602c792:   48 8b 4d 30 4c 89 e6 48 8d 54 24 10 4c 8b 45 38
0x00007f9ed602c7a2:   48 8b 07 ff 50 10 48 8b 5d 00 8b 6d 08 5a 59 48
0x00007f9ed602c7b2:   c1 e5 04 48 01 dd 48 39 eb 74 1a 0f 1f 00 48 8b
0x00007f9ed602c7c2:   53 08 8b 33 4c 89 e7 48 83 c3 10 e8 6e 16 0e 00
0x00007f9ed602c7d2:   48 39 dd 75 e9 48 83 c4 68 4c 89 e0 5b 5d 41 5c
0x00007f9ed602c7e2:   41 5d 41 5e 41 5f c3 0f 1f 80 00 00 00 00 41 54
0x00007f9ed602c7f2:   b8 01 01 00 00 55 48 89 fd 48 89 f7 53 48 83 ec
0x00007f9ed602c802:   30 48 8b 75 30 66 89 44 24 20 e8 ef 24 09 00 48
0x00007f9ed602c812:   8b 7d 50 48 8b 4d 30 48 89 e2 49 89 c4 4c 8b 45
0x00007f9ed602c822:   38 48 8b 07 4c 89 e6 ff 50 10 48 8b 5d 00 8b 6d
0x00007f9ed602c832:   08 48 c1 e5 04 48 01 dd 48 39 eb 74 18 90 48 8b
0x00007f9ed602c842:   53 08 8b 33 4c 89 e7 48 83 c3 10 e8 ee 15 0e 00
0x00007f9ed602c852:   48 39 dd 75 e9 48 83 c4 30 4c 89 e0 5b 5d 41 5c
0x00007f9ed602c862:   c3 66 2e 0f 1f 84 00 00 00 00 00 0f 1f 00 41 56
0x00007f9ed602c872:   41 55 49 89 f5 41 54 55 48 89 fd 53 48 83 ec 60
0x00007f9ed602c882:   48 8b 06 80 3a 00 be 01 01 00 00 4c 8b 70 18 66
0x00007f9ed602c892:   89 74 24 20 74 09 48 89 14 24 c6 44 24 20 03 48
0x00007f9ed602c8a2:   8b 7d 30 e8 d6 15 fc ff 48 89 c7 e8 4e 47 0e 00
0x00007f9ed602c8b2:   4c 89 f6 48 89 c7 e8 b3 46 01 00 be 01 00 00 00
0x00007f9ed602c8c2:   bf 40 00 00 00 89 c3 b8 01 01 00 00 66 89 44 24
0x00007f9ed602c8d2:   50 e8 a8 0a 13 00 48 8d 4c 24 30 41 89 d9 45 31
0x00007f9ed602c8e2:   c0 48 83 ec 08 48 89 c7 4c 89 ea 4c 89 f6 6a 00
0x00007f9ed602c8f2:   49 89 c4 e8 26 5d 09 00 48 8b 7d 50 48 8b 4d 30
0x00007f9ed602c902:   4c 89 e6 48 8d 54 24 10 4c 8b 45 38 48 8b 07 ff
0x00007f9ed602c912:   50 10 48 8b 5d 00 8b 6d 08 5a 59 48 c1 e5 04 48
0x00007f9ed602c922:   01 dd 48 39 eb 74 1e 0f 1f 80 00 00 00 00 48 8b
0x00007f9ed602c932:   53 08 8b 33 4c 89 e7 48 83 c3 10 e8 fe 14 0e 00
0x00007f9ed602c942:   48 39 dd 75 e9 48 83 c4 60 4c 89 e0 5b 5d 41 5c
0x00007f9ed602c952:   41 5d 41 5e c3 66 0f 1f 84 00 00 00 00 00 41 56
0x00007f9ed602c962:   49 89 d6 41 55 49 89 f5 be 01 01 00 00 41 54 55
0x00007f9ed602c972:   48 89 fd 53 48 83 ec 60 80 39 00 66 89 74 24 20 


Stack slot to memory mapping:
stack at sp + 0 slots: 0x00007f9f34016800 is a thread
stack at sp + 1 slots: 0x0 is NULL
stack at sp + 2 slots: 0x00007f9f34016800 is a thread
stack at sp + 3 slots: 0x00007f9f3411e510 points into unknown readable memory: 0x00000000c68bbdf8 | f8 bd 8b c6 00 00 00 00
stack at sp + 4 slots: 0x0000000000000002 is an unknown value
stack at sp + 5 slots: 0x0000000000000001 is an unknown value
stack at sp + 6 slots: 0x00007f9f343cd380 points into unknown readable memory: 0x00000007f9f30061 | 61 00 f3 f9 07 00 00 00
stack at sp + 7 slots: 0x00007f9f3411e510 points into unknown readable memory: 0x00000000c68bbdf8 | f8 bd 8b c6 00 00 00 00


---------------  P R O C E S S  ---------------

Threads class SMR info:
_java_thread_list=0x00007f9f34238450, length=11, elements={
0x00007f9f34016800, 0x00007f9f34120000, 0x00007f9f34122000, 0x00007f9f34128800,
0x00007f9f3412a800, 0x00007f9f3412c800, 0x00007f9f3412f000, 0x00007f9f34131000,
0x00007f9f34146800, 0x00007f9f3421d000, 0x00007f9f34237000
}

Java Threads: ( => current thread )
=>0x00007f9f34016800 JavaThread "main" [_thread_in_native, id=4336, stack(0x00007f9f3a300000,0x00007f9f3a400000)]
  0x00007f9f34120000 JavaThread "Reference Handler" daemon [_thread_blocked, id=4343, stack(0x00007f9f1c1fa000,0x00007f9f1c2fa000)]
  0x00007f9f34122000 JavaThread "Finalizer" daemon [_thread_blocked, id=4344, stack(0x00007f9f1c0fa000,0x00007f9f1c1fa000)]
  0x00007f9f34128800 JavaThread "Signal Dispatcher" daemon [_thread_blocked, id=4345, stack(0x00007f9f14070000,0x00007f9f14170000)]
  0x00007f9f3412a800 JavaThread "Service Thread" daemon [_thread_blocked, id=4346, stack(0x00007f9f06900000,0x00007f9f06a00000)]
  0x00007f9f3412c800 JavaThread "C2 CompilerThread0" daemon [_thread_in_native, id=4347, stack(0x00007f9f06800000,0x00007f9f06900000)]
  0x00007f9f3412f000 JavaThread "C1 CompilerThread0" daemon [_thread_blocked, id=4348, stack(0x00007f9f06700000,0x00007f9f06800000)]
  0x00007f9f34131000 JavaThread "Sweeper thread" daemon [_thread_blocked, id=4349, stack(0x00007f9f06600000,0x00007f9f06700000)]
  0x00007f9f34146800 JavaThread "Common-Cleaner" daemon [_thread_blocked, id=4351, stack(0x00007f9f06500000,0x00007f9f06600000)]
  0x00007f9f3421d000 JavaThread "Monitor Ctrl-Break" daemon [_thread_in_native, id=4353, stack(0x00007f9f06400000,0x00007f9f06500000)]
  0x00007f9f34237000 JavaThread "JavaCPP Deallocator" daemon [_thread_blocked, id=4355, stack(0x00007f9f061fe000,0x00007f9f062fe000)]

Other Threads:
  0x00007f9f3411d000 VMThread "VM Thread" [stack: 0x00007f9f1c2fc000,0x00007f9f1c3fc000] [id=4342]
  0x00007f9f3421e800 WatcherThread [stack: 0x00007f9f06300000,0x00007f9f06400000] [id=4354]
  0x00007f9f3402f800 GCTaskThread "GC Thread#0" [stack: 0x00007f9f38b00000,0x00007f9f38c00000] [id=4337]
  0x00007f9efc001000 GCTaskThread "GC Thread#1" [stack: 0x00007f9f060fe000,0x00007f9f061fe000] [id=4356]
  0x00007f9f3404a800 ConcurrentGCThread "G1 Main Marker" [stack: 0x00007f9f38220000,0x00007f9f38320000] [id=4338]
  0x00007f9f3404c800 ConcurrentGCThread "G1 Conc#0" [stack: 0x00007f9f3811e000,0x00007f9f3821e000] [id=4339]
  0x00007f9f34087800 ConcurrentGCThread "G1 Refine#0" [stack: 0x00007f9f1c500000,0x00007f9f1c600000] [id=4340]
  0x00007f9f34089800 ConcurrentGCThread "G1 Young RemSet Sampling" [stack: 0x00007f9f1c3fe000,0x00007f9f1c4fe000] [id=4341]

Threads with active compile tasks:
C2 CompilerThread0      464  689       4       java.util.Arrays::copyOfRange (63 bytes)

VM state:not at safepoint (normal execution)

VM Mutex/Monitor currently owned by a thread: None

Heap address: 0x00000000c2e00000, size: 978 MB, Compressed Oops mode: 32-bit
Narrow klass base: 0x0000000800000000, Narrow klass shift: 3
Compressed class space size: 1073741824 Address: 0x0000000840000000

Heap:
 garbage-first heap   total 65536K, used 5423K [0x00000000c2e00000, 0x0000000100000000)
  region size 1024K, 5 young (5120K), 1 survivors (1024K)
 Metaspace       used 3950K, capacity 6614K, committed 6912K, reserved 1056768K
  class space    used 437K, capacity 695K, committed 768K, reserved 1048576K
Heap Regions: E=young(eden), S=young(survivor), O=old, HS=humongous(starts), HC=humongous(continues), CS=collection set, F=free, A=archive, TAMS=top-at-mark-start (previous, next)
|   0|0x00000000c2e00000, 0x00000000c2e99e00, 0x00000000c2f00000| 60%| O|  |TAMS 0x00000000c2e00000, 0x00000000c2e00000| Untracked 
|   1|0x00000000c2f00000, 0x00000000c2f00000, 0x00000000c3000000|  0%| F|  |TAMS 0x00000000c2f00000, 0x00000000c2f00000| Untracked 
|   2|0x00000000c3000000, 0x00000000c3000000, 0x00000000c3100000|  0%| F|  |TAMS 0x00000000c3000000, 0x00000000c3000000| Untracked 
|   3|0x00000000c3100000, 0x00000000c3100000, 0x00000000c3200000|  0%| F|  |TAMS 0x00000000c3100000, 0x00000000c3100000| Untracked 
|   4|0x00000000c3200000, 0x00000000c3200000, 0x00000000c3300000|  0%| F|  |TAMS 0x00000000c3200000, 0x00000000c3200000| Untracked 
|   5|0x00000000c3300000, 0x00000000c3300000, 0x00000000c3400000|  0%| F|  |TAMS 0x00000000c3300000, 0x00000000c3300000| Untracked 
|   6|0x00000000c3400000, 0x00000000c3400000, 0x00000000c3500000|  0%| F|  |TAMS 0x00000000c3400000, 0x00000000c3400000| Untracked 
|   7|0x00000000c3500000, 0x00000000c3500000, 0x00000000c3600000|  0%| F|  |TAMS 0x00000000c3500000, 0x00000000c3500000| Untracked 
|   8|0x00000000c3600000, 0x00000000c3600000, 0x00000000c3700000|  0%| F|  |TAMS 0x00000000c3600000, 0x00000000c3600000| Untracked 
|   9|0x00000000c3700000, 0x00000000c3700000, 0x00000000c3800000|  0%| F|  |TAMS 0x00000000c3700000, 0x00000000c3700000| Untracked 
|  10|0x00000000c3800000, 0x00000000c3800000, 0x00000000c3900000|  0%| F|  |TAMS 0x00000000c3800000, 0x00000000c3800000| Untracked 
|  11|0x00000000c3900000, 0x00000000c3900000, 0x00000000c3a00000|  0%| F|  |TAMS 0x00000000c3900000, 0x00000000c3900000| Untracked 
|  12|0x00000000c3a00000, 0x00000000c3a00000, 0x00000000c3b00000|  0%| F|  |TAMS 0x00000000c3a00000, 0x00000000c3a00000| Untracked 
|  13|0x00000000c3b00000, 0x00000000c3b00000, 0x00000000c3c00000|  0%| F|  |TAMS 0x00000000c3b00000, 0x00000000c3b00000| Untracked 
|  14|0x00000000c3c00000, 0x00000000c3c00000, 0x00000000c3d00000|  0%| F|  |TAMS 0x00000000c3c00000, 0x00000000c3c00000| Untracked 
|  15|0x00000000c3d00000, 0x00000000c3d00000, 0x00000000c3e00000|  0%| F|  |TAMS 0x00000000c3d00000, 0x00000000c3d00000| Untracked 
|  16|0x00000000c3e00000, 0x00000000c3e00000, 0x00000000c3f00000|  0%| F|  |TAMS 0x00000000c3e00000, 0x00000000c3e00000| Untracked 
|  17|0x00000000c3f00000, 0x00000000c3f00000, 0x00000000c4000000|  0%| F|  |TAMS 0x00000000c3f00000, 0x00000000c3f00000| Untracked 
|  18|0x00000000c4000000, 0x00000000c4000000, 0x00000000c4100000|  0%| F|  |TAMS 0x00000000c4000000, 0x00000000c4000000| Untracked 
|  19|0x00000000c4100000, 0x00000000c4100000, 0x00000000c4200000|  0%| F|  |TAMS 0x00000000c4100000, 0x00000000c4100000| Untracked 
|  20|0x00000000c4200000, 0x00000000c4200000, 0x00000000c4300000|  0%| F|  |TAMS 0x00000000c4200000, 0x00000000c4200000| Untracked 
|  21|0x00000000c4300000, 0x00000000c4300000, 0x00000000c4400000|  0%| F|  |TAMS 0x00000000c4300000, 0x00000000c4300000| Untracked 
|  22|0x00000000c4400000, 0x00000000c4400000, 0x00000000c4500000|  0%| F|  |TAMS 0x00000000c4400000, 0x00000000c4400000| Untracked 
|  23|0x00000000c4500000, 0x00000000c4500000, 0x00000000c4600000|  0%| F|  |TAMS 0x00000000c4500000, 0x00000000c4500000| Untracked 
|  24|0x00000000c4600000, 0x00000000c4600000, 0x00000000c4700000|  0%| F|  |TAMS 0x00000000c4600000, 0x00000000c4600000| Untracked 
|  25|0x00000000c4700000, 0x00000000c4700000, 0x00000000c4800000|  0%| F|  |TAMS 0x00000000c4700000, 0x00000000c4700000| Untracked 
|  26|0x00000000c4800000, 0x00000000c4800000, 0x00000000c4900000|  0%| F|  |TAMS 0x00000000c4800000, 0x00000000c4800000| Untracked 
|  27|0x00000000c4900000, 0x00000000c4900000, 0x00000000c4a00000|  0%| F|  |TAMS 0x00000000c4900000, 0x00000000c4900000| Untracked 
|  28|0x00000000c4a00000, 0x00000000c4a00000, 0x00000000c4b00000|  0%| F|  |TAMS 0x00000000c4a00000, 0x00000000c4a00000| Untracked 
|  29|0x00000000c4b00000, 0x00000000c4b00000, 0x00000000c4c00000|  0%| F|  |TAMS 0x00000000c4b00000, 0x00000000c4b00000| Untracked 
|  30|0x00000000c4c00000, 0x00000000c4c00000, 0x00000000c4d00000|  0%| F|  |TAMS 0x00000000c4c00000, 0x00000000c4c00000| Untracked 
|  31|0x00000000c4d00000, 0x00000000c4d00000, 0x00000000c4e00000|  0%| F|  |TAMS 0x00000000c4d00000, 0x00000000c4d00000| Untracked 
|  32|0x00000000c4e00000, 0x00000000c4e00000, 0x00000000c4f00000|  0%| F|  |TAMS 0x00000000c4e00000, 0x00000000c4e00000| Untracked 
|  33|0x00000000c4f00000, 0x00000000c4f00000, 0x00000000c5000000|  0%| F|  |TAMS 0x00000000c4f00000, 0x00000000c4f00000| Untracked 
|  34|0x00000000c5000000, 0x00000000c5000000, 0x00000000c5100000|  0%| F|  |TAMS 0x00000000c5000000, 0x00000000c5000000| Untracked 
|  35|0x00000000c5100000, 0x00000000c5100000, 0x00000000c5200000|  0%| F|  |TAMS 0x00000000c5100000, 0x00000000c5100000| Untracked 
|  36|0x00000000c5200000, 0x00000000c5200000, 0x00000000c5300000|  0%| F|  |TAMS 0x00000000c5200000, 0x00000000c5200000| Untracked 
|  37|0x00000000c5300000, 0x00000000c5300000, 0x00000000c5400000|  0%| F|  |TAMS 0x00000000c5300000, 0x00000000c5300000| Untracked 
|  38|0x00000000c5400000, 0x00000000c5400000, 0x00000000c5500000|  0%| F|  |TAMS 0x00000000c5400000, 0x00000000c5400000| Untracked 
|  39|0x00000000c5500000, 0x00000000c5500000, 0x00000000c5600000|  0%| F|  |TAMS 0x00000000c5500000, 0x00000000c5500000| Untracked 
|  40|0x00000000c5600000, 0x00000000c5600000, 0x00000000c5700000|  0%| F|  |TAMS 0x00000000c5600000, 0x00000000c5600000| Untracked 
|  41|0x00000000c5700000, 0x00000000c5700000, 0x00000000c5800000|  0%| F|  |TAMS 0x00000000c5700000, 0x00000000c5700000| Untracked 
|  42|0x00000000c5800000, 0x00000000c5800000, 0x00000000c5900000|  0%| F|  |TAMS 0x00000000c5800000, 0x00000000c5800000| Untracked 
|  43|0x00000000c5900000, 0x00000000c5900000, 0x00000000c5a00000|  0%| F|  |TAMS 0x00000000c5900000, 0x00000000c5900000| Untracked 
|  44|0x00000000c5a00000, 0x00000000c5a00000, 0x00000000c5b00000|  0%| F|  |TAMS 0x00000000c5a00000, 0x00000000c5a00000| Untracked 
|  45|0x00000000c5b00000, 0x00000000c5b00000, 0x00000000c5c00000|  0%| F|  |TAMS 0x00000000c5b00000, 0x00000000c5b00000| Untracked 
|  46|0x00000000c5c00000, 0x00000000c5c00000, 0x00000000c5d00000|  0%| F|  |TAMS 0x00000000c5c00000, 0x00000000c5c00000| Untracked 
|  47|0x00000000c5d00000, 0x00000000c5d00000, 0x00000000c5e00000|  0%| F|  |TAMS 0x00000000c5d00000, 0x00000000c5d00000| Untracked 
|  48|0x00000000c5e00000, 0x00000000c5e00000, 0x00000000c5f00000|  0%| F|  |TAMS 0x00000000c5e00000, 0x00000000c5e00000| Untracked 
|  49|0x00000000c5f00000, 0x00000000c5f00000, 0x00000000c6000000|  0%| F|  |TAMS 0x00000000c5f00000, 0x00000000c5f00000| Untracked 
|  50|0x00000000c6000000, 0x00000000c6000000, 0x00000000c6100000|  0%| F|  |TAMS 0x00000000c6000000, 0x00000000c6000000| Untracked 
|  51|0x00000000c6100000, 0x00000000c6100000, 0x00000000c6200000|  0%| F|  |TAMS 0x00000000c6100000, 0x00000000c6100000| Untracked 
|  52|0x00000000c6200000, 0x00000000c6200000, 0x00000000c6300000|  0%| F|  |TAMS 0x00000000c6200000, 0x00000000c6200000| Untracked 
|  53|0x00000000c6300000, 0x00000000c6300000, 0x00000000c6400000|  0%| F|  |TAMS 0x00000000c6300000, 0x00000000c6300000| Untracked 
|  54|0x00000000c6400000, 0x00000000c6500000, 0x00000000c6500000|100%| S|CS|TAMS 0x00000000c6400000, 0x00000000c6400000| Complete 
|  55|0x00000000c6500000, 0x00000000c6500000, 0x00000000c6600000|  0%| F|  |TAMS 0x00000000c6500000, 0x00000000c6500000| Untracked 
|  56|0x00000000c6600000, 0x00000000c6600000, 0x00000000c6700000|  0%| F|  |TAMS 0x00000000c6600000, 0x00000000c6600000| Untracked 
|  57|0x00000000c6700000, 0x00000000c6700000, 0x00000000c6800000|  0%| F|  |TAMS 0x00000000c6700000, 0x00000000c6700000| Untracked 
|  58|0x00000000c6800000, 0x00000000c6900000, 0x00000000c6900000|100%| E|  |TAMS 0x00000000c6800000, 0x00000000c6800000| Complete 
|  59|0x00000000c6900000, 0x00000000c6a00000, 0x00000000c6a00000|100%| E|CS|TAMS 0x00000000c6900000, 0x00000000c6900000| Complete 
|  60|0x00000000c6a00000, 0x00000000c6b00000, 0x00000000c6b00000|100%| E|CS|TAMS 0x00000000c6a00000, 0x00000000c6a00000| Complete 
|  61|0x00000000c6b00000, 0x00000000c6c00000, 0x00000000c6c00000|100%| E|CS|TAMS 0x00000000c6b00000, 0x00000000c6b00000| Complete 
| 976|0x00000000ffe00000, 0x00000000ffe47000, 0x00000000fff00000| 27%|OA|  |TAMS 0x00000000ffe00000, 0x00000000ffe00000| Untracked 
| 977|0x00000000fff00000, 0x00000000fff6b000, 0x0000000100000000| 41%|CA|  |TAMS 0x00000000fff00000, 0x00000000fff00000| Untracked 

Card table byte_map: [0x00007f9f3852a000,0x00007f9f38713000] _byte_map_base: 0x00007f9f37f13000

Marking Bits (Prev, Next): (CMBitMap*) 0x00007f9f34045b88, (CMBitMap*) 0x00007f9f34045bc0
 Prev Bits: [0x00007f9f170b8000, 0x00007f9f18000000)
 Next Bits: [0x00007f9f16170000, 0x00007f9f170b8000)

Polling page: 0x00007f9f3a7a6000

Metaspace:

Usage:
  Non-class:      5.78 MB capacity,     3.43 MB ( 59%) used,     2.34 MB ( 41%) free+waste,     6.94 KB ( <1%) overhead. 
      Class:    695.00 KB capacity,   437.95 KB ( 63%) used,   253.30 KB ( 36%) free+waste,     3.75 KB ( <1%) overhead. 
       Both:      6.46 MB capacity,     3.86 MB ( 60%) used,     2.59 MB ( 40%) free+waste,    10.69 KB ( <1%) overhead. 

Virtual space:
  Non-class space:        8.00 MB reserved,       6.00 MB ( 75%) committed 
      Class space:        1.00 GB reserved,     768.00 KB ( <1%) committed 
             Both:        1.01 GB reserved,       6.75 MB ( <1%) committed 

Chunk freelists:
   Non-Class:  33.00 KB
       Class:  9.00 KB
        Both:  42.00 KB

MaxMetaspaceSize: unlimited
CompressedClassSpaceSize: 1.00 GB
Initial GC threshold: 20.80 MB
Current GC threshold: 20.80 MB
CDS: on

CodeHeap 'non-profiled nmethods': size=120036Kb used=205Kb max_used=205Kb free=119830Kb
 bounds [0x00007f9f240c7000, 0x00007f9f24337000, 0x00007f9f2b600000]
CodeHeap 'profiled nmethods': size=120032Kb used=1102Kb max_used=1102Kb free=118929Kb
 bounds [0x00007f9f1cb8f000, 0x00007f9f1cdff000, 0x00007f9f240c7000]
CodeHeap 'non-nmethods': size=5692Kb used=1156Kb max_used=1169Kb free=4535Kb
 bounds [0x00007f9f1c600000, 0x00007f9f1c870000, 0x00007f9f1cb8f000]
 total_blobs=1100 nmethods=691 adapters=323
 compilation: enabled
              stopped_count=0, restarted_count=0
 full_count=0

Compilation events (20 events):
Event: 0.453 Thread 0x00007f9f3412f000  638       3       jdk.internal.ref.PhantomCleanable::<init> (49 bytes)
Event: 0.453 Thread 0x00007f9f3412f000 nmethod 638 0x00007f9f1cc91a10 code [0x00007f9f1cc91c80, 0x00007f9f1cc927d0]
Event: 0.453 Thread 0x00007f9f3412f000  639   !   3       jdk.internal.ref.PhantomCleanable::insert (53 bytes)
Event: 0.453 Thread 0x00007f9f3412f000 nmethod 639 0x00007f9f1cc92b10 code [0x00007f9f1cc92ce0, 0x00007f9f1cc93150]
Event: 0.453 Thread 0x00007f9f3412f000  667       3       sun.invoke.util.VerifyAccess::isTypeVisible (118 bytes)
Event: 0.454 Thread 0x00007f9f3412f000 nmethod 667 0x00007f9f1cc93310 code [0x00007f9f1cc936c0, 0x00007f9f1cc95240]
Event: 0.454 Thread 0x00007f9f3412f000  662       1       java.lang.invoke.LambdaForm$Name::index (5 bytes)
Event: 0.454 Thread 0x00007f9f3412f000 nmethod 662 0x00007f9f240f7090 code [0x00007f9f240f7240, 0x00007f9f240f7310]
Event: 0.454 Thread 0x00007f9f3412f000  671       3       java.lang.invoke.LambdaForm$BasicType::basicType (19 bytes)
Event: 0.454 Thread 0x00007f9f3412f000 nmethod 671 0x00007f9f1cc95a90 code [0x00007f9f1cc95c60, 0x00007f9f1cc95e90]
Event: 0.454 Thread 0x00007f9f3412f000  664       3       java.lang.invoke.LambdaForm$Name::initIndex (26 bytes)
Event: 0.454 Thread 0x00007f9f3412f000 nmethod 664 0x00007f9f1cc95f90 code [0x00007f9f1cc96140, 0x00007f9f1cc962f0]
Event: 0.454 Thread 0x00007f9f3412f000  672       3       java.lang.invoke.MemberName::getReferenceKind (12 bytes)
Event: 0.454 Thread 0x00007f9f3412f000 nmethod 672 0x00007f9f1cc96390 code [0x00007f9f1cc96540, 0x00007f9f1cc96670]
Event: 0.454 Thread 0x00007f9f3412f000  665       1       java.lang.invoke.LambdaForm$BasicType::basicTypeClass (5 bytes)
Event: 0.454 Thread 0x00007f9f3412f000 nmethod 665 0x00007f9f240f7390 code [0x00007f9f240f7540, 0x00007f9f240f7610]
Event: 0.454 Thread 0x00007f9f3412f000  676       3       java.lang.Number::<init> (5 bytes)
Event: 0.454 Thread 0x00007f9f3412f000 nmethod 676 0x00007f9f1cc96710 code [0x00007f9f1cc968c0, 0x00007f9f1cc96a30]
Event: 0.454 Thread 0x00007f9f3412f000  675       1       java.lang.invoke.MethodTypeForm::basicType (5 bytes)
Event: 0.454 Thread 0x00007f9f3412f000 nmethod 675 0x00007f9f240f7690 code [0x00007f9f240f7840, 0x00007f9f240f7910]

GC Heap History (2 events):
Event: 0.384 GC heap before
{Heap before GC invocations=0 (full 0):
 garbage-first heap   total 65536K, used 6856K [0x00000000c2e00000, 0x0000000100000000)
  region size 1024K, 7 young (7168K), 0 survivors (0K)
 Metaspace       used 3067K, capacity 5908K, committed 6016K, reserved 1056768K
  class space    used 337K, capacity 586K, committed 640K, reserved 1048576K
}
Event: 0.392 GC heap after
{Heap after GC invocations=1 (full 0):
 garbage-first heap   total 65536K, used 2351K [0x00000000c2e00000, 0x0000000100000000)
  region size 1024K, 1 young (1024K), 1 survivors (1024K)
 Metaspace       used 3067K, capacity 5908K, committed 6016K, reserved 1056768K
  class space    used 337K, capacity 586K, committed 640K, reserved 1048576K
}

Deoptimization events (20 events):
Event: 0.434 Thread 0x00007f9f34016800 DEOPT PACKING pc=0x00007f9f1cc5becf sp=0x00007f9f3a3fc3b0
Event: 0.434 Thread 0x00007f9f34016800 DEOPT UNPACKING pc=0x00007f9f1c6499fa sp=0x00007f9f3a3fb870 mode 0
Event: 0.435 Thread 0x00007f9f34016800 DEOPT PACKING pc=0x00007f9f1cc5becf sp=0x00007f9f3a3fc3b0
Event: 0.435 Thread 0x00007f9f34016800 DEOPT UNPACKING pc=0x00007f9f1c6499fa sp=0x00007f9f3a3fb870 mode 0
Event: 0.435 Thread 0x00007f9f34016800 DEOPT PACKING pc=0x00007f9f1cc5becf sp=0x00007f9f3a3fc3b0
Event: 0.435 Thread 0x00007f9f34016800 DEOPT UNPACKING pc=0x00007f9f1c6499fa sp=0x00007f9f3a3fb870 mode 0
Event: 0.436 Thread 0x00007f9f34016800 DEOPT PACKING pc=0x00007f9f1cc5becf sp=0x00007f9f3a3fc4b0
Event: 0.436 Thread 0x00007f9f34016800 DEOPT UNPACKING pc=0x00007f9f1c6499fa sp=0x00007f9f3a3fb970 mode 0
Event: 0.437 Thread 0x00007f9f34016800 DEOPT PACKING pc=0x00007f9f1cc5becf sp=0x00007f9f3a3fc4a0
Event: 0.437 Thread 0x00007f9f34016800 DEOPT UNPACKING pc=0x00007f9f1c6499fa sp=0x00007f9f3a3fb948 mode 0
Event: 0.438 Thread 0x00007f9f34016800 DEOPT PACKING pc=0x00007f9f1cc5becf sp=0x00007f9f3a3fc4a0
Event: 0.438 Thread 0x00007f9f34016800 DEOPT UNPACKING pc=0x00007f9f1c6499fa sp=0x00007f9f3a3fb948 mode 0
Event: 0.439 Thread 0x00007f9f34016800 DEOPT PACKING pc=0x00007f9f1cc5becf sp=0x00007f9f3a3fc3c0
Event: 0.439 Thread 0x00007f9f34016800 DEOPT UNPACKING pc=0x00007f9f1c6499fa sp=0x00007f9f3a3fb868 mode 0
Event: 0.439 Thread 0x00007f9f34016800 DEOPT PACKING pc=0x00007f9f1cc5becf sp=0x00007f9f3a3fc4a0
Event: 0.439 Thread 0x00007f9f34016800 DEOPT UNPACKING pc=0x00007f9f1c6499fa sp=0x00007f9f3a3fb948 mode 0
Event: 0.440 Thread 0x00007f9f34016800 DEOPT PACKING pc=0x00007f9f1cc5becf sp=0x00007f9f3a3fc3c0
Event: 0.440 Thread 0x00007f9f34016800 DEOPT UNPACKING pc=0x00007f9f1c6499fa sp=0x00007f9f3a3fb868 mode 0
Event: 0.441 Thread 0x00007f9f34016800 DEOPT PACKING pc=0x00007f9f1cc5becf sp=0x00007f9f3a3fc3c0
Event: 0.441 Thread 0x00007f9f34016800 DEOPT UNPACKING pc=0x00007f9f1c6499fa sp=0x00007f9f3a3fb868 mode 0

Classes redefined (0 events):
No events

Internal exceptions (20 events):
Event: 0.183 Thread 0x00007f9f34016800 Exception <a 'java/security/PrivilegedActionException'{0x00000000c6ae5938}> (0x00000000c6ae5938) thrown at [./src/hotspot/share/prims/jvm.cpp, line 1304]
Event: 0.183 Thread 0x00007f9f34016800 Exception <a 'java/security/PrivilegedActionException'{0x00000000c6ae5c08}> (0x00000000c6ae5c08) thrown at [./src/hotspot/share/prims/jvm.cpp, line 1304]
Event: 0.183 Thread 0x00007f9f34016800 Exception <a 'java/security/PrivilegedActionException'{0x00000000c6ae6578}> (0x00000000c6ae6578) thrown at [./src/hotspot/share/prims/jvm.cpp, line 1304]
Event: 0.183 Thread 0x00007f9f34016800 Exception <a 'java/security/PrivilegedActionException'{0x00000000c6ae6848}> (0x00000000c6ae6848) thrown at [./src/hotspot/share/prims/jvm.cpp, line 1304]
Event: 0.183 Thread 0x00007f9f34016800 Exception <a 'java/security/PrivilegedActionException'{0x00000000c6ae71b8}> (0x00000000c6ae71b8) thrown at [./src/hotspot/share/prims/jvm.cpp, line 1304]
Event: 0.183 Thread 0x00007f9f34016800 Exception <a 'java/security/PrivilegedActionException'{0x00000000c6ae7488}> (0x00000000c6ae7488) thrown at [./src/hotspot/share/prims/jvm.cpp, line 1304]
Event: 0.183 Thread 0x00007f9f34016800 Exception <a 'java/security/PrivilegedActionException'{0x00000000c6ae7e10}> (0x00000000c6ae7e10) thrown at [./src/hotspot/share/prims/jvm.cpp, line 1304]
Event: 0.183 Thread 0x00007f9f34016800 Exception <a 'java/security/PrivilegedActionException'{0x00000000c6ae80e0}> (0x00000000c6ae80e0) thrown at [./src/hotspot/share/prims/jvm.cpp, line 1304]
Event: 0.183 Thread 0x00007f9f34016800 Exception <a 'java/security/PrivilegedActionException'{0x00000000c6ae8a68}> (0x00000000c6ae8a68) thrown at [./src/hotspot/share/prims/jvm.cpp, line 1304]
Event: 0.183 Thread 0x00007f9f34016800 Exception <a 'java/security/PrivilegedActionException'{0x00000000c6ae8d38}> (0x00000000c6ae8d38) thrown at [./src/hotspot/share/prims/jvm.cpp, line 1304]
Event: 0.183 Thread 0x00007f9f34016800 Exception <a 'java/security/PrivilegedActionException'{0x00000000c6ae96c0}> (0x00000000c6ae96c0) thrown at [./src/hotspot/share/prims/jvm.cpp, line 1304]
Event: 0.183 Thread 0x00007f9f34016800 Exception <a 'java/security/PrivilegedActionException'{0x00000000c6ae9990}> (0x00000000c6ae9990) thrown at [./src/hotspot/share/prims/jvm.cpp, line 1304]
Event: 0.183 Thread 0x00007f9f34016800 Exception <a 'java/security/PrivilegedActionException'{0x00000000c6aea300}> (0x00000000c6aea300) thrown at [./src/hotspot/share/prims/jvm.cpp, line 1304]
Event: 0.183 Thread 0x00007f9f34016800 Exception <a 'java/security/PrivilegedActionException'{0x00000000c6aea5d0}> (0x00000000c6aea5d0) thrown at [./src/hotspot/share/prims/jvm.cpp, line 1304]
Event: 0.184 Thread 0x00007f9f34016800 Exception <a 'java/security/PrivilegedActionException'{0x00000000c6aeaf58}> (0x00000000c6aeaf58) thrown at [./src/hotspot/share/prims/jvm.cpp, line 1304]
Event: 0.184 Thread 0x00007f9f34016800 Exception <a 'java/security/PrivilegedActionException'{0x00000000c6aeb228}> (0x00000000c6aeb228) thrown at [./src/hotspot/share/prims/jvm.cpp, line 1304]
Event: 0.220 Thread 0x00007f9f34016800 Exception <a 'java/lang/NoSuchMethodError'{0x00000000c699a118}: 'int java.lang.invoke.DirectMethodHandle$Holder.invokeStaticInit(java.lang.Object, java.lang.Object, java.lang.Object, java.lang.Object)'> (0x00000000c699a118) thrown at [./src/hotspot/share/interpreter/linkResolver.cpp, line 772]
Event: 0.221 Thread 0x00007f9f34016800 Exception <a 'java/lang/IncompatibleClassChangeError'{0x00000000c69a3e98}: Found class java.lang.Object, but interface was expected> (0x00000000c69a3e98) thrown at [./src/hotspot/share/interpreter/linkResolver.cpp, line 839]
Event: 0.222 Thread 0x00007f9f34016800 Exception <a 'java/lang/NoSuchMethodError'{0x00000000c69a7048}: 'void java.lang.invoke.DirectMethodHandle$Holder.invokeStaticInit(java.lang.Object, java.lang.Object)'> (0x00000000c69a7048) thrown at [./src/hotspot/share/interpreter/linkResolver.cpp, line 772]
Event: 0.222 Thread 0x00007f9f34016800 Exception <a 'java/lang/NoSuchMethodError'{0x00000000c69ac538}: 'int java.lang.invoke.DirectMethodHandle$Holder.invokeStaticInit(java.lang.Object, java.lang.Object)'> (0x00000000c69ac538) thrown at [./src/hotspot/share/interpreter/linkResolver.cpp, line 772]

Events (20 events):
Event: 0.446 loading class LLVMSymbolTable$SymbolTableEntry
Event: 0.446 loading class LLVMSymbolTable$SymbolTableEntry done
Event: 0.448 Executing VM operation: Deoptimize
Event: 0.449 Executing VM operation: Deoptimize done
Event: 0.450 loading class java/lang/invoke/BoundMethodHandle$Species_LL
Event: 0.450 loading class java/lang/invoke/BoundMethodHandle$Species_LL done
Event: 0.451 loading class java/lang/invoke/BoundMethodHandle$Species_LLL
Event: 0.451 loading class java/lang/invoke/BoundMethodHandle$Species_LLL done
Event: 0.452 loading class java/lang/invoke/BoundMethodHandle$Species_LLLL
Event: 0.452 loading class java/lang/invoke/BoundMethodHandle$Species_LLLL done
Event: 0.453 loading class java/lang/invoke/BoundMethodHandle$Species_LLLLL
Event: 0.453 loading class java/lang/invoke/BoundMethodHandle$Species_LLLLL done
Event: 0.453 loading class java/lang/invoke/BoundMethodHandle$Species_LLLLLL
Event: 0.454 loading class java/lang/invoke/BoundMethodHandle$Species_LLLLLL done
Event: 0.454 loading class java/lang/invoke/BoundMethodHandle$Species_LLLLLLI
Event: 0.454 loading class java/lang/invoke/BoundMethodHandle$Species_LLLLLLI done
Event: 0.455 loading class java/lang/invoke/BoundMethodHandle$Species_LLLLLLII
Event: 0.455 loading class java/lang/invoke/BoundMethodHandle$Species_LLLLLLII done
Event: 0.456 loading class java/lang/invoke/BoundMethodHandle$Species_LLLLLLIIL
Event: 0.456 loading class java/lang/invoke/BoundMethodHandle$Species_LLLLLLIIL done


Dynamic libraries:
c2e00000-c6c00000 rw-p 00000000 00:00 0 
c6c00000-ffe00000 ---p 00000000 00:00 0 
ffe00000-ffe47000 rw-p 00b0a000 08:03 1060156                            /usr/lib/jvm/java-11-openjdk-amd64/lib/server/classes.jsa
ffe47000-fff00000 rw-p 00000000 00:00 0 
fff00000-fff6b000 rw-p 00a9f000 08:03 1060156                            /usr/lib/jvm/java-11-openjdk-amd64/lib/server/classes.jsa
fff6b000-100000000 rw-p 00000000 00:00 0 
800000000-800002000 rwxp 00001000 08:03 1060156                          /usr/lib/jvm/java-11-openjdk-amd64/lib/server/classes.jsa
800002000-8003cc000 rw-p 00003000 08:03 1060156                          /usr/lib/jvm/java-11-openjdk-amd64/lib/server/classes.jsa
8003cc000-800a9d000 r--p 003cd000 08:03 1060156                          /usr/lib/jvm/java-11-openjdk-amd64/lib/server/classes.jsa
800a9d000-800a9e000 rw-p 00a9e000 08:03 1060156                          /usr/lib/jvm/java-11-openjdk-amd64/lib/server/classes.jsa
840000000-8400c0000 rw-p 00000000 00:00 0 
8400c0000-880000000 ---p 00000000 00:00 0 
555c41c31000-555c41c32000 r--p 00000000 08:03 1058673                    /usr/lib/jvm/java-11-openjdk-amd64/bin/java
555c41c32000-555c41c33000 r-xp 00001000 08:03 1058673                    /usr/lib/jvm/java-11-openjdk-amd64/bin/java
555c41c33000-555c41c34000 r--p 00002000 08:03 1058673                    /usr/lib/jvm/java-11-openjdk-amd64/bin/java
555c41c34000-555c41c35000 r--p 00002000 08:03 1058673                    /usr/lib/jvm/java-11-openjdk-amd64/bin/java
555c41c35000-555c41c36000 rw-p 00003000 08:03 1058673                    /usr/lib/jvm/java-11-openjdk-amd64/bin/java
555c428b2000-555c428f4000 rw-p 00000000 00:00 0                          [heap]
7f9ed5400000-7f9ed5d26000 r--p 00000000 08:03 1579535                    /home/doudou/.javacpp/cache/llvm-13.0.1-1.5.7-linux-x86_64.jar/org/bytedeco/llvm/linux-x86_64/libLLVM-13.so
7f9ed5d26000-7f9ed96e9000 r-xp 00926000 08:03 1579535                    /home/doudou/.javacpp/cache/llvm-13.0.1-1.5.7-linux-x86_64.jar/org/bytedeco/llvm/linux-x86_64/libLLVM-13.so
7f9ed96e9000-7f9edb93e000 r--p 042e9000 08:03 1579535                    /home/doudou/.javacpp/cache/llvm-13.0.1-1.5.7-linux-x86_64.jar/org/bytedeco/llvm/linux-x86_64/libLLVM-13.so
7f9edb93e000-7f9edbe53000 r--p 0653d000 08:03 1579535                    /home/doudou/.javacpp/cache/llvm-13.0.1-1.5.7-linux-x86_64.jar/org/bytedeco/llvm/linux-x86_64/libLLVM-13.so
7f9edbe53000-7f9edbe5e000 rw-p 06a52000 08:03 1579535                    /home/doudou/.javacpp/cache/llvm-13.0.1-1.5.7-linux-x86_64.jar/org/bytedeco/llvm/linux-x86_64/libLLVM-13.so
7f9edbe5e000-7f9edbed4000 rw-p 00000000 00:00 0 
7f9edc000000-7f9edc021000 rw-p 00000000 00:00 0 
7f9edc021000-7f9ee0000000 ---p 00000000 00:00 0 
7f9ee0000000-7f9ee0021000 rw-p 00000000 00:00 0 
7f9ee0021000-7f9ee4000000 ---p 00000000 00:00 0 
7f9ee4000000-7f9ee4264000 rw-p 00000000 00:00 0 
7f9ee4264000-7f9ee8000000 ---p 00000000 00:00 0 
7f9ee8000000-7f9ee83b2000 rw-p 00000000 00:00 0 
7f9ee83b2000-7f9eec000000 ---p 00000000 00:00 0 
7f9eec000000-7f9eec021000 rw-p 00000000 00:00 0 
7f9eec021000-7f9ef0000000 ---p 00000000 00:00 0 
7f9ef0000000-7f9ef0021000 rw-p 00000000 00:00 0 
7f9ef0021000-7f9ef4000000 ---p 00000000 00:00 0 
7f9ef4000000-7f9ef4021000 rw-p 00000000 00:00 0 
7f9ef4021000-7f9ef8000000 ---p 00000000 00:00 0 
7f9ef8000000-7f9ef8021000 rw-p 00000000 00:00 0 
7f9ef8021000-7f9efc000000 ---p 00000000 00:00 0 
7f9efc000000-7f9efc021000 rw-p 00000000 00:00 0 
7f9efc021000-7f9f00000000 ---p 00000000 00:00 0 
7f9f00000000-7f9f00021000 rw-p 00000000 00:00 0 
7f9f00021000-7f9f04000000 ---p 00000000 00:00 0 
7f9f05ff6000-7f9f0605b000 r--p 00000000 08:03 1579540                    /home/doudou/.javacpp/cache/llvm-13.0.1-1.5.7-linux-x86_64.jar/org/bytedeco/llvm/linux-x86_64/libjniLLVM.so
7f9f0605b000-7f9f060c9000 r-xp 00065000 08:03 1579540                    /home/doudou/.javacpp/cache/llvm-13.0.1-1.5.7-linux-x86_64.jar/org/bytedeco/llvm/linux-x86_64/libjniLLVM.so
7f9f060c9000-7f9f060f4000 r--p 000d3000 08:03 1579540                    /home/doudou/.javacpp/cache/llvm-13.0.1-1.5.7-linux-x86_64.jar/org/bytedeco/llvm/linux-x86_64/libjniLLVM.so
7f9f060f4000-7f9f060f7000 r--p 000fd000 08:03 1579540                    /home/doudou/.javacpp/cache/llvm-13.0.1-1.5.7-linux-x86_64.jar/org/bytedeco/llvm/linux-x86_64/libjniLLVM.so
7f9f060f7000-7f9f060fa000 rw-p 00100000 08:03 1579540                    /home/doudou/.javacpp/cache/llvm-13.0.1-1.5.7-linux-x86_64.jar/org/bytedeco/llvm/linux-x86_64/libjniLLVM.so
7f9f060fa000-7f9f060fc000 rw-p 00000000 00:00 0 
7f9f060fc000-7f9f060fd000 ---p 00000000 00:00 0 
7f9f060fd000-7f9f061fe000 rw-p 00000000 00:00 0 
7f9f061fe000-7f9f06202000 ---p 00000000 00:00 0 
7f9f06202000-7f9f062fe000 rw-p 00000000 00:00 0 
7f9f062fe000-7f9f062ff000 ---p 00000000 00:00 0 
7f9f062ff000-7f9f06400000 rw-p 00000000 00:00 0 
7f9f06400000-7f9f06404000 ---p 00000000 00:00 0 
7f9f06404000-7f9f06500000 rw-p 00000000 00:00 0 
7f9f06500000-7f9f06504000 ---p 00000000 00:00 0 
7f9f06504000-7f9f06600000 rw-p 00000000 00:00 0 
7f9f06600000-7f9f06604000 ---p 00000000 00:00 0 
7f9f06604000-7f9f06700000 rw-p 00000000 00:00 0 
7f9f06700000-7f9f06704000 ---p 00000000 00:00 0 
7f9f06704000-7f9f06800000 rw-p 00000000 00:00 0 
7f9f06800000-7f9f06804000 ---p 00000000 00:00 0 
7f9f06804000-7f9f06900000 rw-p 00000000 00:00 0 
7f9f06900000-7f9f06904000 ---p 00000000 00:00 0 
7f9f06904000-7f9f06a00000 rw-p 00000000 00:00 0 
7f9f06a00000-7f9f077e7000 r--p 00000000 08:03 534858                     /usr/lib/locale/locale-archive
7f9f07800000-7f9f07e00000 rw-p 00000000 00:00 0 
7f9f07e00000-7f9f08000000 ---p 00000000 00:00 0 
7f9f08000000-7f9f08021000 rw-p 00000000 00:00 0 
7f9f08021000-7f9f0c000000 ---p 00000000 00:00 0 
7f9f0c000000-7f9f0c021000 rw-p 00000000 00:00 0 
7f9f0c021000-7f9f10000000 ---p 00000000 00:00 0 
7f9f10000000-7f9f10021000 rw-p 00000000 00:00 0 
7f9f10021000-7f9f14000000 ---p 00000000 00:00 0 
7f9f14070000-7f9f14074000 ---p 00000000 00:00 0 
7f9f14074000-7f9f16268000 rw-p 00000000 00:00 0 
7f9f16268000-7f9f170b0000 ---p 00000000 00:00 0 
7f9f170b0000-7f9f171b0000 rw-p 00000000 00:00 0 
7f9f171b0000-7f9f17ff8000 ---p 00000000 00:00 0 
7f9f17ff8000-7f9f18000000 rw-p 00000000 00:00 0 
7f9f18000000-7f9f18021000 rw-p 00000000 00:00 0 
7f9f18021000-7f9f1c000000 ---p 00000000 00:00 0 
7f9f1c0cf000-7f9f1c0d6000 r--s 00000000 08:03 553557                     /usr/lib/x86_64-linux-gnu/gconv/gconv-modules.cache
7f9f1c0d6000-7f9f1c0dd000 r--p 00000000 08:03 1579536                    /home/doudou/.javacpp/cache/llvm-13.0.1-1.5.7-linux-x86_64.jar/org/bytedeco/llvm/linux-x86_64/libLTO.so.13
7f9f1c0dd000-7f9f1c0e5000 r-xp 00007000 08:03 1579536                    /home/doudou/.javacpp/cache/llvm-13.0.1-1.5.7-linux-x86_64.jar/org/bytedeco/llvm/linux-x86_64/libLTO.so.13
7f9f1c0e5000-7f9f1c0e7000 r--p 0000f000 08:03 1579536                    /home/doudou/.javacpp/cache/llvm-13.0.1-1.5.7-linux-x86_64.jar/org/bytedeco/llvm/linux-x86_64/libLTO.so.13
7f9f1c0e7000-7f9f1c0e8000 r--p 00010000 08:03 1579536                    /home/doudou/.javacpp/cache/llvm-13.0.1-1.5.7-linux-x86_64.jar/org/bytedeco/llvm/linux-x86_64/libLTO.so.13
7f9f1c0e8000-7f9f1c0e9000 rw-p 00011000 08:03 1579536                    /home/doudou/.javacpp/cache/llvm-13.0.1-1.5.7-linux-x86_64.jar/org/bytedeco/llvm/linux-x86_64/libLTO.so.13
7f9f1c0e9000-7f9f1c0ed000 r--p 00000000 08:03 1579530                    /home/doudou/.javacpp/cache/javacpp-1.5.7-linux-x86_64.jar/org/bytedeco/javacpp/linux-x86_64/libjnijavacpp.so
7f9f1c0ed000-7f9f1c0f4000 r-xp 00004000 08:03 1579530                    /home/doudou/.javacpp/cache/javacpp-1.5.7-linux-x86_64.jar/org/bytedeco/javacpp/linux-x86_64/libjnijavacpp.so
7f9f1c0f4000-7f9f1c0f8000 r--p 0000b000 08:03 1579530                    /home/doudou/.javacpp/cache/javacpp-1.5.7-linux-x86_64.jar/org/bytedeco/javacpp/linux-x86_64/libjnijavacpp.so
7f9f1c0f8000-7f9f1c0f9000 r--p 0000e000 08:03 1579530                    /home/doudou/.javacpp/cache/javacpp-1.5.7-linux-x86_64.jar/org/bytedeco/javacpp/linux-x86_64/libjnijavacpp.so
7f9f1c0f9000-7f9f1c0fa000 rw-p 0000f000 08:03 1579530                    /home/doudou/.javacpp/cache/javacpp-1.5.7-linux-x86_64.jar/org/bytedeco/javacpp/linux-x86_64/libjnijavacpp.so
7f9f1c0fa000-7f9f1c0fe000 ---p 00000000 00:00 0 
7f9f1c0fe000-7f9f1c1fa000 rw-p 00000000 00:00 0 
7f9f1c1fa000-7f9f1c1fe000 ---p 00000000 00:00 0 
7f9f1c1fe000-7f9f1c2fa000 rw-p 00000000 00:00 0 
7f9f1c2fa000-7f9f1c2fb000 ---p 00000000 00:00 0 
7f9f1c2fb000-7f9f1c3fc000 rw-p 00000000 00:00 0 
7f9f1c3fc000-7f9f1c3fd000 ---p 00000000 00:00 0 
7f9f1c3fd000-7f9f1c4fe000 rw-p 00000000 00:00 0 
7f9f1c4fe000-7f9f1c4ff000 ---p 00000000 00:00 0 
7f9f1c4ff000-7f9f1c600000 rw-p 00000000 00:00 0 
7f9f1c600000-7f9f1c870000 rwxp 00000000 00:00 0 
7f9f1c870000-7f9f1cb8f000 ---p 00000000 00:00 0 
7f9f1cb8f000-7f9f1cdff000 rwxp 00000000 00:00 0 
7f9f1cdff000-7f9f240c7000 ---p 00000000 00:00 0 
7f9f240c7000-7f9f24337000 rwxp 00000000 00:00 0 
7f9f24337000-7f9f2b600000 ---p 00000000 00:00 0 
7f9f2b600000-7f9f33e0b000 r--s 00000000 08:03 1058832                    /usr/lib/jvm/java-11-openjdk-amd64/lib/modules
7f9f33e0b000-7f9f33e0f000 r--p 00000000 08:03 1058822                    /usr/lib/jvm/java-11-openjdk-amd64/lib/libnet.so
7f9f33e0f000-7f9f33e1d000 r-xp 00004000 08:03 1058822                    /usr/lib/jvm/java-11-openjdk-amd64/lib/libnet.so
7f9f33e1d000-7f9f33e21000 r--p 00012000 08:03 1058822                    /usr/lib/jvm/java-11-openjdk-amd64/lib/libnet.so
7f9f33e21000-7f9f33e22000 r--p 00015000 08:03 1058822                    /usr/lib/jvm/java-11-openjdk-amd64/lib/libnet.so
7f9f33e22000-7f9f33e23000 rw-p 00016000 08:03 1058822                    /usr/lib/jvm/java-11-openjdk-amd64/lib/libnet.so
7f9f33e23000-7f9f34000000 rw-p 00000000 00:00 0 
7f9f34000000-7f9f343cf000 rw-p 00000000 00:00 0 
7f9f343cf000-7f9f38000000 ---p 00000000 00:00 0 
7f9f38002000-7f9f38003000 r--p 00000000 08:03 1579538                    /home/doudou/.javacpp/cache/llvm-13.0.1-1.5.7-linux-x86_64.jar/org/bytedeco/llvm/linux-x86_64/libRemarks.so.13
7f9f38003000-7f9f38004000 r-xp 00001000 08:03 1579538                    /home/doudou/.javacpp/cache/llvm-13.0.1-1.5.7-linux-x86_64.jar/org/bytedeco/llvm/linux-x86_64/libRemarks.so.13
7f9f38004000-7f9f38005000 r--p 00002000 08:03 1579538                    /home/doudou/.javacpp/cache/llvm-13.0.1-1.5.7-linux-x86_64.jar/org/bytedeco/llvm/linux-x86_64/libRemarks.so.13
7f9f38005000-7f9f38006000 r--p 00002000 08:03 1579538                    /home/doudou/.javacpp/cache/llvm-13.0.1-1.5.7-linux-x86_64.jar/org/bytedeco/llvm/linux-x86_64/libRemarks.so.13
7f9f38006000-7f9f38007000 rw-p 00003000 08:03 1579538                    /home/doudou/.javacpp/cache/llvm-13.0.1-1.5.7-linux-x86_64.jar/org/bytedeco/llvm/linux-x86_64/libRemarks.so.13
7f9f38007000-7f9f3800e000 r--p 00000000 08:03 1058823                    /usr/lib/jvm/java-11-openjdk-amd64/lib/libnio.so
7f9f3800e000-7f9f38016000 r-xp 00007000 08:03 1058823                    /usr/lib/jvm/java-11-openjdk-amd64/lib/libnio.so
7f9f38016000-7f9f38019000 r--p 0000f000 08:03 1058823                    /usr/lib/jvm/java-11-openjdk-amd64/lib/libnio.so
7f9f38019000-7f9f3801a000 r--p 00011000 08:03 1058823                    /usr/lib/jvm/java-11-openjdk-amd64/lib/libnio.so
7f9f3801a000-7f9f3801b000 rw-p 00012000 08:03 1058823                    /usr/lib/jvm/java-11-openjdk-amd64/lib/libnio.so
7f9f3801b000-7f9f3811c000 rw-p 00000000 00:00 0 
7f9f3811c000-7f9f3811d000 ---p 00000000 00:00 0 
7f9f3811d000-7f9f3821e000 rw-p 00000000 00:00 0 
7f9f3821e000-7f9f3821f000 ---p 00000000 00:00 0 
7f9f3821f000-7f9f38360000 rw-p 00000000 00:00 0 
7f9f38360000-7f9f38529000 ---p 00000000 00:00 0 
7f9f38529000-7f9f38549000 rw-p 00000000 00:00 0 
7f9f38549000-7f9f38712000 ---p 00000000 00:00 0 
7f9f38712000-7f9f38732000 rw-p 00000000 00:00 0 
7f9f38732000-7f9f388fb000 ---p 00000000 00:00 0 
7f9f388fb000-7f9f38afe000 rw-p 00000000 00:00 0 
7f9f38afe000-7f9f38aff000 ---p 00000000 00:00 0 
7f9f38aff000-7f9f38c00000 rw-p 00000000 00:00 0 
7f9f38c00000-7f9f38c9a000 r--p 00000000 08:03 552221                     /usr/lib/x86_64-linux-gnu/libstdc++.so.6.0.30
7f9f38c9a000-7f9f38daa000 r-xp 0009a000 08:03 552221                     /usr/lib/x86_64-linux-gnu/libstdc++.so.6.0.30
7f9f38daa000-7f9f38e19000 r--p 001aa000 08:03 552221                     /usr/lib/x86_64-linux-gnu/libstdc++.so.6.0.30
7f9f38e19000-7f9f38e24000 r--p 00218000 08:03 552221                     /usr/lib/x86_64-linux-gnu/libstdc++.so.6.0.30
7f9f38e24000-7f9f38e27000 rw-p 00223000 08:03 552221                     /usr/lib/x86_64-linux-gnu/libstdc++.so.6.0.30
7f9f38e27000-7f9f38e2f000 rw-p 00000000 00:00 0 
7f9f38e2f000-7f9f38f15000 ---p 00000000 00:00 0 
7f9f38f15000-7f9f38f1a000 rw-p 00000000 00:00 0 
7f9f38f1a000-7f9f39000000 ---p 00000000 00:00 0 
7f9f39000000-7f9f39282000 r--p 00000000 08:03 1058837                    /usr/lib/jvm/java-11-openjdk-amd64/lib/server/libjvm.so
7f9f39282000-7f9f39f1e000 r-xp 00282000 08:03 1058837                    /usr/lib/jvm/java-11-openjdk-amd64/lib/server/libjvm.so
7f9f39f1e000-7f9f3a179000 r--p 00f1e000 08:03 1058837                    /usr/lib/jvm/java-11-openjdk-amd64/lib/server/libjvm.so
7f9f3a179000-7f9f3a17a000 ---p 01179000 08:03 1058837                    /usr/lib/jvm/java-11-openjdk-amd64/lib/server/libjvm.so
7f9f3a17a000-7f9f3a23e000 r--p 01179000 08:03 1058837                    /usr/lib/jvm/java-11-openjdk-amd64/lib/server/libjvm.so
7f9f3a23e000-7f9f3a279000 rw-p 0123d000 08:03 1058837                    /usr/lib/jvm/java-11-openjdk-amd64/lib/server/libjvm.so
7f9f3a279000-7f9f3a2d0000 rw-p 00000000 00:00 0 
7f9f3a2d2000-7f9f3a2d3000 r--p 00000000 08:03 551276                     /usr/lib/x86_64-linux-gnu/libdl.so.2
7f9f3a2d3000-7f9f3a2d4000 r-xp 00001000 08:03 551276                     /usr/lib/x86_64-linux-gnu/libdl.so.2
7f9f3a2d4000-7f9f3a2d5000 r--p 00002000 08:03 551276                     /usr/lib/x86_64-linux-gnu/libdl.so.2
7f9f3a2d5000-7f9f3a2d6000 r--p 00002000 08:03 551276                     /usr/lib/x86_64-linux-gnu/libdl.so.2
7f9f3a2d6000-7f9f3a2d7000 rw-p 00003000 08:03 551276                     /usr/lib/x86_64-linux-gnu/libdl.so.2
7f9f3a2d7000-7f9f3a2d8000 r--p 00000000 08:03 552054                     /usr/lib/x86_64-linux-gnu/libpthread.so.0
7f9f3a2d8000-7f9f3a2d9000 r-xp 00001000 08:03 552054                     /usr/lib/x86_64-linux-gnu/libpthread.so.0
7f9f3a2d9000-7f9f3a2da000 r--p 00002000 08:03 552054                     /usr/lib/x86_64-linux-gnu/libpthread.so.0
7f9f3a2da000-7f9f3a2db000 r--p 00002000 08:03 552054                     /usr/lib/x86_64-linux-gnu/libpthread.so.0
7f9f3a2db000-7f9f3a2dc000 rw-p 00003000 08:03 552054                     /usr/lib/x86_64-linux-gnu/libpthread.so.0
7f9f3a2dc000-7f9f3a2dd000 r--p 00000000 08:03 1058804                    /usr/lib/jvm/java-11-openjdk-amd64/lib/libextnet.so
7f9f3a2dd000-7f9f3a2de000 r-xp 00001000 08:03 1058804                    /usr/lib/jvm/java-11-openjdk-amd64/lib/libextnet.so
7f9f3a2de000-7f9f3a2df000 r--p 00002000 08:03 1058804                    /usr/lib/jvm/java-11-openjdk-amd64/lib/libextnet.so
7f9f3a2df000-7f9f3a2e0000 r--p 00002000 08:03 1058804                    /usr/lib/jvm/java-11-openjdk-amd64/lib/libextnet.so
7f9f3a2e0000-7f9f3a2e1000 rw-p 00003000 08:03 1058804                    /usr/lib/jvm/java-11-openjdk-amd64/lib/libextnet.so
7f9f3a2e1000-7f9f3a2e6000 rw-p 00000000 00:00 0 
7f9f3a2e6000-7f9f3a2ed000 ---p 00000000 00:00 0 
7f9f3a2ed000-7f9f3a2ef000 r--p 00000000 08:03 1058831                    /usr/lib/jvm/java-11-openjdk-amd64/lib/libzip.so
7f9f3a2ef000-7f9f3a2f4000 r-xp 00002000 08:03 1058831                    /usr/lib/jvm/java-11-openjdk-amd64/lib/libzip.so
7f9f3a2f4000-7f9f3a2f6000 r--p 00007000 08:03 1058831                    /usr/lib/jvm/java-11-openjdk-amd64/lib/libzip.so
7f9f3a2f6000-7f9f3a2f7000 r--p 00008000 08:03 1058831                    /usr/lib/jvm/java-11-openjdk-amd64/lib/libzip.so
7f9f3a2f7000-7f9f3a2f8000 rw-p 00009000 08:03 1058831                    /usr/lib/jvm/java-11-openjdk-amd64/lib/libzip.so
7f9f3a2f8000-7f9f3a300000 rw-s 00000000 08:03 262213                     /tmp/hsperfdata_doudou/4334
7f9f3a300000-7f9f3a304000 ---p 00000000 00:00 0 
7f9f3a304000-7f9f3a400000 rw-p 00000000 00:00 0 
7f9f3a400000-7f9f3a428000 r--p 00000000 08:03 551134                     /usr/lib/x86_64-linux-gnu/libc.so.6
7f9f3a428000-7f9f3a5bd000 r-xp 00028000 08:03 551134                     /usr/lib/x86_64-linux-gnu/libc.so.6
7f9f3a5bd000-7f9f3a615000 r--p 001bd000 08:03 551134                     /usr/lib/x86_64-linux-gnu/libc.so.6
7f9f3a615000-7f9f3a619000 r--p 00214000 08:03 551134                     /usr/lib/x86_64-linux-gnu/libc.so.6
7f9f3a619000-7f9f3a61b000 rw-p 00218000 08:03 551134                     /usr/lib/x86_64-linux-gnu/libc.so.6
7f9f3a61b000-7f9f3a628000 rw-p 00000000 00:00 0 
7f9f3a62b000-7f9f3a62d000 r--p 00000000 08:03 1058806                    /usr/lib/jvm/java-11-openjdk-amd64/lib/libinstrument.so
7f9f3a62d000-7f9f3a634000 r-xp 00002000 08:03 1058806                    /usr/lib/jvm/java-11-openjdk-amd64/lib/libinstrument.so
7f9f3a634000-7f9f3a637000 r--p 00009000 08:03 1058806                    /usr/lib/jvm/java-11-openjdk-amd64/lib/libinstrument.so
7f9f3a637000-7f9f3a638000 r--p 0000b000 08:03 1058806                    /usr/lib/jvm/java-11-openjdk-amd64/lib/libinstrument.so
7f9f3a638000-7f9f3a639000 rw-p 0000c000 08:03 1058806                    /usr/lib/jvm/java-11-openjdk-amd64/lib/libinstrument.so
7f9f3a639000-7f9f3a647000 r--p 00000000 08:03 1058811                    /usr/lib/jvm/java-11-openjdk-amd64/lib/libjava.so
7f9f3a647000-7f9f3a65d000 r-xp 0000e000 08:03 1058811                    /usr/lib/jvm/java-11-openjdk-amd64/lib/libjava.so
7f9f3a65d000-7f9f3a664000 r--p 00024000 08:03 1058811                    /usr/lib/jvm/java-11-openjdk-amd64/lib/libjava.so
7f9f3a664000-7f9f3a665000 r--p 0002a000 08:03 1058811                    /usr/lib/jvm/java-11-openjdk-amd64/lib/libjava.so
7f9f3a665000-7f9f3a666000 rw-p 0002b000 08:03 1058811                    /usr/lib/jvm/java-11-openjdk-amd64/lib/libjava.so
7f9f3a666000-7f9f3a667000 rw-p 00000000 00:00 0 
7f9f3a667000-7f9f3a66c000 r--p 00000000 08:03 1058830                    /usr/lib/jvm/java-11-openjdk-amd64/lib/libverify.so
7f9f3a66c000-7f9f3a673000 r-xp 00005000 08:03 1058830                    /usr/lib/jvm/java-11-openjdk-amd64/lib/libverify.so
7f9f3a673000-7f9f3a675000 r--p 0000c000 08:03 1058830                    /usr/lib/jvm/java-11-openjdk-amd64/lib/libverify.so
7f9f3a675000-7f9f3a677000 r--p 0000d000 08:03 1058830                    /usr/lib/jvm/java-11-openjdk-amd64/lib/libverify.so
7f9f3a677000-7f9f3a678000 rw-p 0000f000 08:03 1058830                    /usr/lib/jvm/java-11-openjdk-amd64/lib/libverify.so
7f9f3a678000-7f9f3a679000 r--p 00000000 08:03 552110                     /usr/lib/x86_64-linux-gnu/librt.so.1
7f9f3a679000-7f9f3a67a000 r-xp 00001000 08:03 552110                     /usr/lib/x86_64-linux-gnu/librt.so.1
7f9f3a67a000-7f9f3a67b000 r--p 00002000 08:03 552110                     /usr/lib/x86_64-linux-gnu/librt.so.1
7f9f3a67b000-7f9f3a67c000 r--p 00002000 08:03 552110                     /usr/lib/x86_64-linux-gnu/librt.so.1
7f9f3a67c000-7f9f3a67d000 rw-p 00003000 08:03 552110                     /usr/lib/x86_64-linux-gnu/librt.so.1
7f9f3a67d000-7f9f3a680000 r--p 00000000 08:03 551433                     /usr/lib/x86_64-linux-gnu/libgcc_s.so.1
7f9f3a680000-7f9f3a697000 r-xp 00003000 08:03 551433                     /usr/lib/x86_64-linux-gnu/libgcc_s.so.1
7f9f3a697000-7f9f3a69b000 r--p 0001a000 08:03 551433                     /usr/lib/x86_64-linux-gnu/libgcc_s.so.1
7f9f3a69b000-7f9f3a69c000 r--p 0001d000 08:03 551433                     /usr/lib/x86_64-linux-gnu/libgcc_s.so.1
7f9f3a69c000-7f9f3a69d000 rw-p 0001e000 08:03 551433                     /usr/lib/x86_64-linux-gnu/libgcc_s.so.1
7f9f3a69d000-7f9f3a6ab000 r--p 00000000 08:03 551785                     /usr/lib/x86_64-linux-gnu/libm.so.6
7f9f3a6ab000-7f9f3a727000 r-xp 0000e000 08:03 551785                     /usr/lib/x86_64-linux-gnu/libm.so.6
7f9f3a727000-7f9f3a782000 r--p 0008a000 08:03 551785                     /usr/lib/x86_64-linux-gnu/libm.so.6
7f9f3a782000-7f9f3a783000 r--p 000e4000 08:03 551785                     /usr/lib/x86_64-linux-gnu/libm.so.6
7f9f3a783000-7f9f3a784000 rw-p 000e5000 08:03 551785                     /usr/lib/x86_64-linux-gnu/libm.so.6
7f9f3a784000-7f9f3a786000 rw-p 00000000 00:00 0 
7f9f3a786000-7f9f3a788000 r--p 00000000 08:03 552488                     /usr/lib/x86_64-linux-gnu/libz.so.1.2.11
7f9f3a788000-7f9f3a799000 r-xp 00002000 08:03 552488                     /usr/lib/x86_64-linux-gnu/libz.so.1.2.11
7f9f3a799000-7f9f3a79f000 r--p 00013000 08:03 552488                     /usr/lib/x86_64-linux-gnu/libz.so.1.2.11
7f9f3a79f000-7f9f3a7a0000 ---p 00019000 08:03 552488                     /usr/lib/x86_64-linux-gnu/libz.so.1.2.11
7f9f3a7a0000-7f9f3a7a1000 r--p 00019000 08:03 552488                     /usr/lib/x86_64-linux-gnu/libz.so.1.2.11
7f9f3a7a1000-7f9f3a7a2000 rw-p 0001a000 08:03 552488                     /usr/lib/x86_64-linux-gnu/libz.so.1.2.11
7f9f3a7a6000-7f9f3a7a7000 ---p 00000000 00:00 0 
7f9f3a7a7000-7f9f3a7a8000 r--p 00000000 00:00 0 
7f9f3a7a8000-7f9f3a7aa000 r--p 00000000 08:03 1058814                    /usr/lib/jvm/java-11-openjdk-amd64/lib/libjimage.so
7f9f3a7aa000-7f9f3a7ad000 r-xp 00002000 08:03 1058814                    /usr/lib/jvm/java-11-openjdk-amd64/lib/libjimage.so
7f9f3a7ad000-7f9f3a7ae000 r--p 00005000 08:03 1058814                    /usr/lib/jvm/java-11-openjdk-amd64/lib/libjimage.so
7f9f3a7ae000-7f9f3a7af000 ---p 00006000 08:03 1058814                    /usr/lib/jvm/java-11-openjdk-amd64/lib/libjimage.so
7f9f3a7af000-7f9f3a7b0000 r--p 00006000 08:03 1058814                    /usr/lib/jvm/java-11-openjdk-amd64/lib/libjimage.so
7f9f3a7b0000-7f9f3a7b1000 rw-p 00007000 08:03 1058814                    /usr/lib/jvm/java-11-openjdk-amd64/lib/libjimage.so
7f9f3a7b1000-7f9f3a7b4000 r--p 00000000 08:03 1058796                    /usr/lib/jvm/java-11-openjdk-amd64/lib/jli/libjli.so
7f9f3a7b4000-7f9f3a7be000 r-xp 00003000 08:03 1058796                    /usr/lib/jvm/java-11-openjdk-amd64/lib/jli/libjli.so
7f9f3a7be000-7f9f3a7c1000 r--p 0000d000 08:03 1058796                    /usr/lib/jvm/java-11-openjdk-amd64/lib/jli/libjli.so
7f9f3a7c1000-7f9f3a7c2000 ---p 00010000 08:03 1058796                    /usr/lib/jvm/java-11-openjdk-amd64/lib/jli/libjli.so
7f9f3a7c2000-7f9f3a7c3000 r--p 00010000 08:03 1058796                    /usr/lib/jvm/java-11-openjdk-amd64/lib/jli/libjli.so
7f9f3a7c3000-7f9f3a7c4000 rw-p 00011000 08:03 1058796                    /usr/lib/jvm/java-11-openjdk-amd64/lib/jli/libjli.so
7f9f3a7c4000-7f9f3a7c6000 rw-p 00000000 00:00 0 
7f9f3a7c6000-7f9f3a7c8000 r--p 00000000 08:03 550792                     /usr/lib/x86_64-linux-gnu/ld-linux-x86-64.so.2
7f9f3a7c8000-7f9f3a7f2000 r-xp 00002000 08:03 550792                     /usr/lib/x86_64-linux-gnu/ld-linux-x86-64.so.2
7f9f3a7f2000-7f9f3a7fd000 r--p 0002c000 08:03 550792                     /usr/lib/x86_64-linux-gnu/ld-linux-x86-64.so.2
7f9f3a7fe000-7f9f3a800000 r--p 00037000 08:03 550792                     /usr/lib/x86_64-linux-gnu/ld-linux-x86-64.so.2
7f9f3a800000-7f9f3a802000 rw-p 00039000 08:03 550792                     /usr/lib/x86_64-linux-gnu/ld-linux-x86-64.so.2
7ffc317c8000-7ffc317e9000 rw-p 00000000 00:00 0                          [stack]
7ffc317ef000-7ffc317f3000 r--p 00000000 00:00 0                          [vvar]
7ffc317f3000-7ffc317f5000 r-xp 00000000 00:00 0                          [vdso]
ffffffffff600000-ffffffffff601000 --xp 00000000 00:00 0                  [vsyscall]


VM Arguments:
jvm_args: -javaagent:/snap/intellij-idea-ultimate/437/lib/idea_rt.jar=40361:/snap/intellij-idea-ultimate/437/bin -Dfile.encoding=UTF-8 
java_command: Main /home/doudou/lab/Lab/tests/test1.sysy /home/doudou/lab/Lab/tests/out.txt
java_class_path (initial): /home/doudou/lab/Lab/out/production/Lab:/usr/local/lib/antlr-4.9.1-complete.jar:/usr/local/lib/javacpp-1.5.7-linux-x86_64.jar:/usr/local/lib/javacpp-1.5.7.jar:/usr/local/lib/llvm-13.0.1-1.5.7-linux-x86_64.jar:/usr/local/lib/llvm-13.0.1-1.5.7.jar:/usr/local/lib/llvm-platform-13.0.1-1.5.7.jar
Launcher Type: SUN_STANDARD

[Global flags]
     intx CICompilerCount                          = 2                                         {product} {ergonomic}
     uint ConcGCThreads                            = 1                                         {product} {ergonomic}
     uint G1ConcRefinementThreads                  = 2                                         {product} {ergonomic}
   size_t G1HeapRegionSize                         = 1048576                                   {product} {ergonomic}
    uintx GCDrainStackTargetSize                   = 64                                        {product} {ergonomic}
   size_t InitialHeapSize                          = 65011712                                  {product} {ergonomic}
   size_t MarkStackSize                            = 4194304                                   {product} {ergonomic}
   size_t MaxHeapSize                              = 1025507328                                {product} {ergonomic}
   size_t MaxNewSize                               = 614465536                                 {product} {ergonomic}
   size_t MinHeapDeltaBytes                        = 1048576                                   {product} {ergonomic}
    uintx NonNMethodCodeHeapSize                   = 5825164                                {pd product} {ergonomic}
    uintx NonProfiledCodeHeapSize                  = 122916538                              {pd product} {ergonomic}
    uintx ProfiledCodeHeapSize                     = 122916538                              {pd product} {ergonomic}
    uintx ReservedCodeCacheSize                    = 251658240                              {pd product} {ergonomic}
     bool SegmentedCodeCache                       = true                                      {product} {ergonomic}
     bool UseCompressedClassPointers               = true                                 {lp64_product} {ergonomic}
     bool UseCompressedOops                        = true                                 {lp64_product} {ergonomic}
     bool UseG1GC                                  = true                                      {product} {ergonomic}

Logging:
Log output configuration:
 #0: stdout all=warning uptime,level,tags
 #1: stderr all=off uptime,level,tags

Environment Variables:
PATH=/usr/local/sbin:/usr/local/bin:/usr/sbin:/usr/bin:/sbin:/bin:/usr/games:/usr/local/games:/snap/bin:/snap/bin
USERNAME=doudou
SHELL=/bin/bash
DISPLAY=:0
LANG=en_US.UTF-8
LC_NUMERIC=zh_CN.UTF-8
LC_TIME=zh_CN.UTF-8

Signal Handlers:
SIGSEGV: [libjvm.so+0xeabd80], sa_mask[0]=11111111011111111101111111111110, sa_flags=SA_RESTART|SA_SIGINFO
SIGBUS: [libjvm.so+0xeabd80], sa_mask[0]=11111111011111111101111111111110, sa_flags=SA_RESTART|SA_SIGINFO
SIGFPE: [libjvm.so+0xeabd80], sa_mask[0]=11111111011111111101111111111110, sa_flags=SA_RESTART|SA_SIGINFO
SIGPIPE: [libjvm.so+0xbee610], sa_mask[0]=11111111011111111101111111111110, sa_flags=SA_RESTART|SA_SIGINFO
SIGXFSZ: [libjvm.so+0xbee610], sa_mask[0]=11111111011111111101111111111110, sa_flags=SA_RESTART|SA_SIGINFO
SIGILL: [libjvm.so+0xeabd80], sa_mask[0]=11111111011111111101111111111110, sa_flags=SA_RESTART|SA_SIGINFO
SIGUSR2: [libjvm.so+0xbee4b0], sa_mask[0]=00100000000000000000000000000000, sa_flags=SA_RESTART|SA_SIGINFO
SIGHUP: [libjvm.so+0xbeec50], sa_mask[0]=11111111011111111101111111111110, sa_flags=SA_RESTART|SA_SIGINFO
SIGINT: [libjvm.so+0xbeec50], sa_mask[0]=11111111011111111101111111111110, sa_flags=SA_RESTART|SA_SIGINFO
SIGTERM: [libjvm.so+0xbeec50], sa_mask[0]=11111111011111111101111111111110, sa_flags=SA_RESTART|SA_SIGINFO
SIGQUIT: [libjvm.so+0xbeec50], sa_mask[0]=11111111011111111101111111111110, sa_flags=SA_RESTART|SA_SIGINFO


---------------  S Y S T E M  ---------------

OS:DISTRIB_ID=Ubuntu
DISTRIB_RELEASE=22.04
DISTRIB_CODENAME=jammy
DISTRIB_DESCRIPTION="Ubuntu 22.04.2 LTS"
uname:Linux 5.19.0-45-generic #46~22.04.1-Ubuntu SMP PREEMPT_DYNAMIC Wed Jun 7 15:06:04 UTC 20 x86_64
OS uptime: 0 days 0:05 hours
libc:glibc 2.35 NPTL 2.35 
rlimit (soft/hard): STACK 8192k/infinity , CORE 0k/infinity , NPROC 15333/15333 , NOFILE 1048576/1048576 , AS infinity/infinity , CPU infinity/infinity , DATA infinity/infinity , FSIZE infinity/infinity , MEMLOCK 500652k/500652k
load average:1.45 1.45 0.72

/proc/meminfo:
MemTotal:        4005236 kB
MemFree:          171392 kB
MemAvailable:     787300 kB
Buffers:           12428 kB
Cached:           772388 kB
SwapCached:         4104 kB
Active:           583680 kB
Inactive:        2620172 kB
Active(anon):     264036 kB
Inactive(anon):  2158840 kB
Active(file):     319644 kB
Inactive(file):   461332 kB
Unevictable:           0 kB
Mlocked:               0 kB
SwapTotal:       3512316 kB
SwapFree:        3378900 kB
Zswap:                 0 kB
Zswapped:              0 kB
Dirty:               360 kB
Writeback:             0 kB
AnonPages:       2415604 kB
Mapped:           419548 kB
Shmem:              5976 kB
KReclaimable:      79064 kB
Slab:             199120 kB
SReclaimable:      79064 kB
SUnreclaim:       120056 kB
KernelStack:       10644 kB
PageTables:        23512 kB
NFS_Unstable:          0 kB
Bounce:                0 kB
WritebackTmp:          0 kB
CommitLimit:     5514932 kB
Committed_AS:    5568448 kB
VmallocTotal:   34359738367 kB
VmallocUsed:       46124 kB
VmallocChunk:          0 kB
Percpu:             2208 kB
HardwareCorrupted:     0 kB
AnonHugePages:         0 kB
ShmemHugePages:        0 kB
ShmemPmdMapped:        0 kB
FileHugePages:         0 kB
FilePmdMapped:         0 kB
HugePages_Total:       0
HugePages_Free:        0
HugePages_Rsvd:        0
HugePages_Surp:        0
Hugepagesize:       2048 kB
Hugetlb:               0 kB
DirectMap4k:      159552 kB
DirectMap2M:     2985984 kB
DirectMap1G:     3145728 kB

/sys/kernel/mm/transparent_hugepage/enabled:
always [madvise] never
/sys/kernel/mm/transparent_hugepage/defrag (defrag/compaction efforts parameter):
always defer defer+madvise [madvise] never

Process Memory:
Virtual Size: 3684896K (peak: 12384612K)
Resident Set Size: 92552K (peak: 92552K) (anon: 35908K, file: 56644K, shmem: 0K)
Swapped out: 0K
C-Heap outstanding allocations: 14770K, retained: 2217K
glibc malloc tunables: (default)

/proc/sys/kernel/threads-max (system-wide limit on the number of threads):
30667
/proc/sys/vm/max_map_count (maximum number of memory map areas a process may have):
65530
/proc/sys/kernel/pid_max (system-wide limit on number of process identifiers):
4194304

container (cgroup) information:
container_type: cgroupv2
cpu_cpuset_cpus: not supported
cpu_memory_nodes: not supported
active_processor_count: 2
cpu_quota: not supported
cpu_period: not supported
cpu_shares: not supported
memory_limit_in_bytes: unlimited
memory_and_swap_limit_in_bytes: unlimited
memory_soft_limit_in_bytes: unlimited
memory_usage_in_bytes: 2154360 k
memory_max_usage_in_bytes: not supported
memory_swap_current_in_bytes: 75164 k
memory_swap_max_limit_in_bytes: unlimited
maximum number of tasks: 4600
current number of tasks: 121

VMWare virtualization detected
Steal ticks since vm start: 0
Steal ticks percentage since vm start:  0.000

CPU:total 2 (initial active 2) (1 cores per cpu, 1 threads per core) family 6 model 140 stepping 1 microcode 0xffffffff, cmov, cx8, fxsr, mmx, sse, sse2, sse3, ssse3, sse4.1, sse4.2, popcnt, avx, avx2, aes, clmul, erms, 3dnowpref, lzcnt, tsc, tscinvbit, bmi1, bmi2, adx, evex, sha, fma
CPU Model and flags from /proc/cpuinfo:
model name	: 11th Gen Intel(R) Core(TM) i7-1165G7 @ 2.80GHz
flags		: fpu vme de pse tsc msr pae mce cx8 apic sep mtrr pge mca cmov pat pse36 clflush mmx fxsr sse sse2 ss syscall nx pdpe1gb rdtscp lm constant_tsc arch_perfmon rep_good nopl xtopology tsc_reliable nonstop_tsc cpuid tsc_known_freq pni pclmulqdq ssse3 fma cx16 pcid sse4_1 sse4_2 x2apic movbe popcnt tsc_deadline_timer aes xsave avx f16c rdrand hypervisor lahf_lm abm 3dnowprefetch invpcid_single pti ssbd ibrs ibpb stibp fsgsbase tsc_adjust bmi1 avx2 smep bmi2 erms invpcid avx512f avx512dq rdseed adx smap avx512ifma clflushopt clwb avx512cd sha_ni avx512bw avx512vl xsaveopt xsavec xgetbv1 xsaves arat avx512vbmi umip avx512_vbmi2 gfni vaes vpclmulqdq avx512_vnni avx512_bitalg avx512_vpopcntdq rdpid fsrm avx512_vp2intersect flush_l1d arch_capabilities
Online cpus:
0-1
Offline cpus:

BIOS frequency limitation:
<Not Available>
Frequency switch latency (ns):
<Not Available>
Available cpu frequencies:
<Not Available>
Current governor:
<Not Available>
Core performance/turbo boost:
<Not Available>

Memory: 4k page, physical 4005236k(171392k free), swap 3512316k(3378900k free)

vm_info: OpenJDK 64-Bit Server VM (11.0.19+7-post-Ubuntu-0ubuntu122.04.1) for linux-amd64 JRE (11.0.19+7-post-Ubuntu-0ubuntu122.04.1), built on May 10 2023 00:54:00 by "unknown" with gcc 11.3.0

END.
