#
# A fatal error has been detected by the Java Runtime Environment:
#
#  SIGSEGV (0xb) at pc=0x00007f498e02c882, pid=27459, tid=27461
#
# JRE version: OpenJDK Runtime Environment (11.0.19+7) (build 11.0.19+7-post-Ubuntu-0ubuntu122.04.1)
# Java VM: OpenJDK 64-Bit Server VM (11.0.19+7-post-Ubuntu-0ubuntu122.04.1, mixed mode, sharing, tiered, compressed oops, g1 gc, linux-amd64)
# Problematic frame:
# C  [libLLVM-13.so+0xc2c882]  LLVMBuildLoad+0x12
#
# Core dump will be written. Default location: Core dumps may be processed with "/usr/share/apport/apport -p%p -s%s -c%c -d%d -P%P -u%u -g%g -- %E" (or dumping to /home/doudou/lab/Lab/core.27459)
#
# If you would like to submit a bug report, please visit:
#   https://bugs.launchpad.net/ubuntu/+source/openjdk-lts
# The crash happened outside the Java Virtual Machine in native code.
# See problematic frame for where to report the bug.
#

---------------  S U M M A R Y ------------

Command Line: -javaagent:/snap/intellij-idea-ultimate/437/lib/idea_rt.jar=43707:/snap/intellij-idea-ultimate/437/bin -Dfile.encoding=UTF-8 Main /home/doudou/lab/Lab/tests/test1.sysy /home/doudou/lab/Lab/tests/out.txt

Host: 11th Gen Intel(R) Core(TM) i7-1165G7 @ 2.80GHz, 2 cores, 3G, Ubuntu 22.04.2 LTS
Time: Wed Jun 28 12:57:20 2023 CST elapsed time: 2.153724 seconds (0d 0h 0m 2s)

---------------  T H R E A D  ---------------

Current thread (0x00007f49e8016800):  JavaThread "main" [_thread_in_native, id=27461, stack(0x00007f49f0500000,0x00007f49f0600000)]

Stack: [0x00007f49f0500000,0x00007f49f0600000],  sp=0x00007f49f05fda20,  free space=1014k
Native frames: (J=compiled Java code, A=aot compiled Java code, j=interpreted, Vv=VM code, C=native code)
C  [libLLVM-13.so+0xc2c882]  LLVMBuildLoad+0x12

Java frames: (J=compiled Java code, j=interpreted, Vv=VM code)
j  org.bytedeco.llvm.global.LLVM.LLVMBuildLoad(Lorg/bytedeco/llvm/LLVM/LLVMBuilderRef;Lorg/bytedeco/llvm/LLVM/LLVMValueRef;Ljava/lang/String;)Lorg/bytedeco/llvm/LLVM/LLVMValueRef;+0
j  SysYLlvmVisitor.visitExp(LSysYParser$ExpContext;)Lorg/bytedeco/llvm/LLVM/LLVMValueRef;+70
j  SysYLlvmVisitor.visitExp(LSysYParser$ExpContext;)Lorg/bytedeco/llvm/LLVM/LLVMValueRef;+518
j  SysYLlvmVisitor.visitInitVal(LSysYParser$InitValContext;)Lorg/bytedeco/llvm/LLVM/LLVMValueRef;+19
j  SysYLlvmVisitor.visitVarDef(LSysYParser$VarDefContext;)Lorg/bytedeco/llvm/LLVM/LLVMValueRef;+73
j  SysYLlvmVisitor.visitVarDef(LSysYParser$VarDefContext;)Ljava/lang/Object;+2
j  SysYParser$VarDefContext.accept(Lorg/antlr/v4/runtime/tree/ParseTreeVisitor;)Ljava/lang/Object;+12
j  org.antlr.v4.runtime.tree.AbstractParseTreeVisitor.visitChildren(Lorg/antlr/v4/runtime/tree/RuleNode;)Ljava/lang/Object;+46
j  SysYParserBaseVisitor.visitVarDecl(LSysYParser$VarDeclContext;)Ljava/lang/Object;+2
j  SysYParser$VarDeclContext.accept(Lorg/antlr/v4/runtime/tree/ParseTreeVisitor;)Ljava/lang/Object;+12
j  org.antlr.v4.runtime.tree.AbstractParseTreeVisitor.visitChildren(Lorg/antlr/v4/runtime/tree/RuleNode;)Ljava/lang/Object;+46
j  SysYParserBaseVisitor.visitDecl(LSysYParser$DeclContext;)Ljava/lang/Object;+2
j  SysYParser$DeclContext.accept(Lorg/antlr/v4/runtime/tree/ParseTreeVisitor;)Ljava/lang/Object;+12
j  org.antlr.v4.runtime.tree.AbstractParseTreeVisitor.visitChildren(Lorg/antlr/v4/runtime/tree/RuleNode;)Ljava/lang/Object;+46
j  SysYParserBaseVisitor.visitBlockItem(LSysYParser$BlockItemContext;)Ljava/lang/Object;+2
j  SysYParser$BlockItemContext.accept(Lorg/antlr/v4/runtime/tree/ParseTreeVisitor;)Ljava/lang/Object;+12
j  org.antlr.v4.runtime.tree.AbstractParseTreeVisitor.visitChildren(Lorg/antlr/v4/runtime/tree/RuleNode;)Ljava/lang/Object;+46
j  SysYParserBaseVisitor.visitBlock(LSysYParser$BlockContext;)Ljava/lang/Object;+2
j  SysYParser$BlockContext.accept(Lorg/antlr/v4/runtime/tree/ParseTreeVisitor;)Ljava/lang/Object;+12
j  org.antlr.v4.runtime.tree.AbstractParseTreeVisitor.visit(Lorg/antlr/v4/runtime/tree/ParseTree;)Ljava/lang/Object;+2
j  SysYLlvmVisitor.visitFuncDef(LSysYParser$FuncDefContext;)Lorg/bytedeco/llvm/LLVM/LLVMValueRef;+552
j  SysYLlvmVisitor.visitCompUnit(LSysYParser$CompUnitContext;)Lorg/bytedeco/llvm/LLVM/LLVMValueRef;+1876
j  SysYLlvmVisitor.visitCompUnit(LSysYParser$CompUnitContext;)Ljava/lang/Object;+2
j  SysYParser$CompUnitContext.accept(Lorg/antlr/v4/runtime/tree/ParseTreeVisitor;)Ljava/lang/Object;+12
j  org.antlr.v4.runtime.tree.AbstractParseTreeVisitor.visitChildren(Lorg/antlr/v4/runtime/tree/RuleNode;)Ljava/lang/Object;+46
j  SysYParserBaseVisitor.visitProgram(LSysYParser$ProgramContext;)Ljava/lang/Object;+2
j  SysYParser$ProgramContext.accept(Lorg/antlr/v4/runtime/tree/ParseTreeVisitor;)Ljava/lang/Object;+12
j  org.antlr.v4.runtime.tree.AbstractParseTreeVisitor.visit(Lorg/antlr/v4/runtime/tree/ParseTree;)Ljava/lang/Object;+2
j  Main.main([Ljava/lang/String;)V+210
v  ~StubRoutines::call_stub

siginfo: si_signo: 11 (SIGSEGV), si_code: 1 (SEGV_MAPERR), si_addr: 0x0000000000000000

Register to memory mapping:

RAX=0x00007f49e83a3a10 points into unknown readable memory: 0x00007f4e1ca40061 | 61 00 a4 1c 4e 7f 00 00
RBX=0x0 is NULL
RCX=0x00007f49e8016861 points into unknown readable memory: af 48 f0 49 7f 00 00
RDX=0x00007f49e83a3a10 points into unknown readable memory: 0x00007f4e1ca40061 | 61 00 a4 1c 4e 7f 00 00
RSP=0x00007f49f05fda20 is pointing into the stack for thread: 0x00007f49e8016800
RBP=0x00007f49e83727c0 points into unknown readable memory: 0x00007f49e83727d0 | d0 27 37 e8 49 7f 00 00
RSI=0x0 is NULL
RDI=0x00007f49e83727c0 points into unknown readable memory: 0x00007f49e83727d0 | d0 27 37 e8 49 7f 00 00
R8 =0x00000000c67a1fe0 points into unknown readable memory: 0x0000000000000061 | 61 00 00 00 00 00 00 00
R9 =0x0000000000000002 is an unknown value
R10=0x00000000000003d8 is an unknown value
R11=0x0 is NULL
R12=0x0 is NULL
R13=0x0 is NULL
R14=0x00007f49e83a3a10 points into unknown readable memory: 0x00007f4e1ca40061 | 61 00 a4 1c 4e 7f 00 00
R15=0x00007f49e8016800 is a thread


Registers:
RAX=0x00007f49e83a3a10, RBX=0x0000000000000000, RCX=0x00007f49e8016861, RDX=0x00007f49e83a3a10
RSP=0x00007f49f05fda20, RBP=0x00007f49e83727c0, RSI=0x0000000000000000, RDI=0x00007f49e83727c0
R8 =0x00000000c67a1fe0, R9 =0x0000000000000002, R10=0x00000000000003d8, R11=0x0000000000000000
R12=0x0000000000000000, R13=0x0000000000000000, R14=0x00007f49e83a3a10, R15=0x00007f49e8016800
RIP=0x00007f498e02c882, EFLAGS=0x0000000000010202, CSGSFS=0x002b000000000033, ERR=0x0000000000000004
  TRAPNO=0x000000000000000e

Top of Stack: (sp=0x00007f49f05fda20)
0x00007f49f05fda20:   00007f49e8016800 0000000000000000
0x00007f49f05fda30:   00007f49e8016800 00007f49e811e510
0x00007f49f05fda40:   0000000000000002 0000000000000001
0x00007f49f05fda50:   00007f49e83a3a10 00007f49e811e510 

Instructions: (pc=0x00007f498e02c882)
0x00007f498e02c782:   89 c4 4c 8d 4c 24 40 e8 92 57 09 00 48 8b 7d 50
0x00007f498e02c792:   48 8b 4d 30 4c 89 e6 48 8d 54 24 10 4c 8b 45 38
0x00007f498e02c7a2:   48 8b 07 ff 50 10 48 8b 5d 00 8b 6d 08 5a 59 48
0x00007f498e02c7b2:   c1 e5 04 48 01 dd 48 39 eb 74 1a 0f 1f 00 48 8b
0x00007f498e02c7c2:   53 08 8b 33 4c 89 e7 48 83 c3 10 e8 6e 16 0e 00
0x00007f498e02c7d2:   48 39 dd 75 e9 48 83 c4 68 4c 89 e0 5b 5d 41 5c
0x00007f498e02c7e2:   41 5d 41 5e 41 5f c3 0f 1f 80 00 00 00 00 41 54
0x00007f498e02c7f2:   b8 01 01 00 00 55 48 89 fd 48 89 f7 53 48 83 ec
0x00007f498e02c802:   30 48 8b 75 30 66 89 44 24 20 e8 ef 24 09 00 48
0x00007f498e02c812:   8b 7d 50 48 8b 4d 30 48 89 e2 49 89 c4 4c 8b 45
0x00007f498e02c822:   38 48 8b 07 4c 89 e6 ff 50 10 48 8b 5d 00 8b 6d
0x00007f498e02c832:   08 48 c1 e5 04 48 01 dd 48 39 eb 74 18 90 48 8b
0x00007f498e02c842:   53 08 8b 33 4c 89 e7 48 83 c3 10 e8 ee 15 0e 00
0x00007f498e02c852:   48 39 dd 75 e9 48 83 c4 30 4c 89 e0 5b 5d 41 5c
0x00007f498e02c862:   c3 66 2e 0f 1f 84 00 00 00 00 00 0f 1f 00 41 56
0x00007f498e02c872:   41 55 49 89 f5 41 54 55 48 89 fd 53 48 83 ec 60
0x00007f498e02c882:   48 8b 06 80 3a 00 be 01 01 00 00 4c 8b 70 18 66
0x00007f498e02c892:   89 74 24 20 74 09 48 89 14 24 c6 44 24 20 03 48
0x00007f498e02c8a2:   8b 7d 30 e8 d6 15 fc ff 48 89 c7 e8 4e 47 0e 00
0x00007f498e02c8b2:   4c 89 f6 48 89 c7 e8 b3 46 01 00 be 01 00 00 00
0x00007f498e02c8c2:   bf 40 00 00 00 89 c3 b8 01 01 00 00 66 89 44 24
0x00007f498e02c8d2:   50 e8 a8 0a 13 00 48 8d 4c 24 30 41 89 d9 45 31
0x00007f498e02c8e2:   c0 48 83 ec 08 48 89 c7 4c 89 ea 4c 89 f6 6a 00
0x00007f498e02c8f2:   49 89 c4 e8 26 5d 09 00 48 8b 7d 50 48 8b 4d 30
0x00007f498e02c902:   4c 89 e6 48 8d 54 24 10 4c 8b 45 38 48 8b 07 ff
0x00007f498e02c912:   50 10 48 8b 5d 00 8b 6d 08 5a 59 48 c1 e5 04 48
0x00007f498e02c922:   01 dd 48 39 eb 74 1e 0f 1f 80 00 00 00 00 48 8b
0x00007f498e02c932:   53 08 8b 33 4c 89 e7 48 83 c3 10 e8 fe 14 0e 00
0x00007f498e02c942:   48 39 dd 75 e9 48 83 c4 60 4c 89 e0 5b 5d 41 5c
0x00007f498e02c952:   41 5d 41 5e c3 66 0f 1f 84 00 00 00 00 00 41 56
0x00007f498e02c962:   49 89 d6 41 55 49 89 f5 be 01 01 00 00 41 54 55
0x00007f498e02c972:   48 89 fd 53 48 83 ec 60 80 39 00 66 89 74 24 20 


Stack slot to memory mapping:
stack at sp + 0 slots: 0x00007f49e8016800 is a thread
stack at sp + 1 slots: 0x0 is NULL
stack at sp + 2 slots: 0x00007f49e8016800 is a thread
stack at sp + 3 slots: 0x00007f49e811e510 points into unknown readable memory: 0x00000000c67a1fd0 | d0 1f 7a c6 00 00 00 00
stack at sp + 4 slots: 0x0000000000000002 is an unknown value
stack at sp + 5 slots: 0x0000000000000001 is an unknown value
stack at sp + 6 slots: 0x00007f49e83a3a10 points into unknown readable memory: 0x00007f4e1ca40061 | 61 00 a4 1c 4e 7f 00 00
stack at sp + 7 slots: 0x00007f49e811e510 points into unknown readable memory: 0x00000000c67a1fd0 | d0 1f 7a c6 00 00 00 00


---------------  P R O C E S S  ---------------

Threads class SMR info:
_java_thread_list=0x00007f49a4000c40, length=12, elements={
0x00007f49e8016800, 0x00007f49e8120000, 0x00007f49e8122000, 0x00007f49e8128800,
0x00007f49e812a800, 0x00007f49e812c800, 0x00007f49e812f000, 0x00007f49e8131000,
0x00007f49e813e800, 0x00007f49e81e6000, 0x00007f49e8200800, 0x00007f49a4001000
}

Java Threads: ( => current thread )
=>0x00007f49e8016800 JavaThread "main" [_thread_in_native, id=27461, stack(0x00007f49f0500000,0x00007f49f0600000)]
  0x00007f49e8120000 JavaThread "Reference Handler" daemon [_thread_blocked, id=27476, stack(0x00007f49d0500000,0x00007f49d0600000)]
  0x00007f49e8122000 JavaThread "Finalizer" daemon [_thread_blocked, id=27477, stack(0x00007f49d0400000,0x00007f49d0500000)]
  0x00007f49e8128800 JavaThread "Signal Dispatcher" daemon [_thread_blocked, id=27483, stack(0x00007f49d0300000,0x00007f49d0400000)]
  0x00007f49e812a800 JavaThread "Service Thread" daemon [_thread_blocked, id=27484, stack(0x00007f49d0200000,0x00007f49d0300000)]
  0x00007f49e812c800 JavaThread "C2 CompilerThread0" daemon [_thread_blocked, id=27485, stack(0x00007f49d0100000,0x00007f49d0200000)]
  0x00007f49e812f000 JavaThread "C1 CompilerThread0" daemon [_thread_blocked, id=27486, stack(0x00007f49d0000000,0x00007f49d0100000)]
  0x00007f49e8131000 JavaThread "Sweeper thread" daemon [_thread_blocked, id=27487, stack(0x00007f49c0900000,0x00007f49c0a00000)]
  0x00007f49e813e800 JavaThread "Common-Cleaner" daemon [_thread_blocked, id=27488, stack(0x00007f49c0800000,0x00007f49c0900000)]
  0x00007f49e81e6000 JavaThread "Monitor Ctrl-Break" daemon [_thread_in_native, id=27491, stack(0x00007f49c0700000,0x00007f49c0800000)]
  0x00007f49e8200800 JavaThread "JavaCPP Deallocator" daemon [_thread_blocked, id=27493, stack(0x00007f49c04fe000,0x00007f49c05fe000)]
  0x00007f49a4001000 JavaThread "Attach Listener" daemon [_thread_blocked, id=27496, stack(0x00007f49c02fc000,0x00007f49c03fc000)]

Other Threads:
  0x00007f49e811d000 VMThread "VM Thread" [stack: 0x00007f49e7e7f000,0x00007f49e7f7f000] [id=27472]
  0x00007f49e81e7800 WatcherThread [stack: 0x00007f49c0600000,0x00007f49c0700000] [id=27492]
  0x00007f49e802f800 GCTaskThread "GC Thread#0" [stack: 0x00007f49eed00000,0x00007f49eee00000] [id=27463]
  0x00007f49b8001000 GCTaskThread "GC Thread#1" [stack: 0x00007f49c03fe000,0x00007f49c04fe000] [id=27494]
  0x00007f49e804a800 ConcurrentGCThread "G1 Main Marker" [stack: 0x00007f49ec5b1000,0x00007f49ec6b1000] [id=27464]
  0x00007f49e804c800 ConcurrentGCThread "G1 Conc#0" [stack: 0x00007f49ec4af000,0x00007f49ec5af000] [id=27465]
  0x00007f49e8087800 ConcurrentGCThread "G1 Refine#0" [stack: 0x00007f49ec1ab000,0x00007f49ec2ab000] [id=27468]
  0x00007f49e8089800 ConcurrentGCThread "G1 Young RemSet Sampling" [stack: 0x00007f49ec0a9000,0x00007f49ec1a9000] [id=27470]

Threads with active compile tasks:

VM state:not at safepoint (normal execution)

VM Mutex/Monitor currently owned by a thread: None

Heap address: 0x00000000c2e00000, size: 978 MB, Compressed Oops mode: 32-bit
Narrow klass base: 0x0000000800000000, Narrow klass shift: 3
Compressed class space size: 1073741824 Address: 0x0000000840000000

Heap:
 garbage-first heap   total 65536K, used 6845K [0x00000000c2e00000, 0x0000000100000000)
  region size 1024K, 6 young (6144K), 1 survivors (1024K)
 Metaspace       used 4229K, capacity 6636K, committed 6912K, reserved 1056768K
  class space    used 453K, capacity 701K, committed 768K, reserved 1048576K
Heap Regions: E=young(eden), S=young(survivor), O=old, HS=humongous(starts), HC=humongous(continues), CS=collection set, F=free, A=archive, TAMS=top-at-mark-start (previous, next)
|   0|0x00000000c2e00000, 0x00000000c2efd400, 0x00000000c2f00000| 98%| O|  |TAMS 0x00000000c2e00000, 0x00000000c2e00000| Untracked 
|   1|0x00000000c2f00000, 0x00000000c2f00000, 0x00000000c3000000|  0%| F|  |TAMS 0x00000000c2f00000, 0x00000000c2f00000| Untracked 
|   2|0x00000000c3000000, 0x00000000c3000000, 0x00000000c3100000|  0%| F|  |TAMS 0x00000000c3000000, 0x00000000c3000000| Untracked 
|   3|0x00000000c3100000, 0x00000000c3100000, 0x00000000c3200000|  0%| F|  |TAMS 0x00000000c3100000, 0x00000000c3100000| Untracked 
|   4|0x00000000c3200000, 0x00000000c3200000, 0x00000000c3300000|  0%| F|  |TAMS 0x00000000c3200000, 0x00000000c3200000| Untracked 
|   5|0x00000000c3300000, 0x00000000c3300000, 0x00000000c3400000|  0%| F|  |TAMS 0x00000000c3300000, 0x00000000c3300000| Untracked 
|   6|0x00000000c3400000, 0x00000000c3400000, 0x00000000c3500000|  0%| F|  |TAMS 0x00000000c3400000, 0x00000000c3400000| Untracked 
|   7|0x00000000c3500000, 0x00000000c3500000, 0x00000000c3600000|  0%| F|  |TAMS 0x00000000c3500000, 0x00000000c3500000| Untracked 
|   8|0x00000000c3600000, 0x00000000c3600000, 0x00000000c3700000|  0%| F|  |TAMS 0x00000000c3600000, 0x00000000c3600000| Untracked 
|   9|0x00000000c3700000, 0x00000000c3700000, 0x00000000c3800000|  0%| F|  |TAMS 0x00000000c3700000, 0x00000000c3700000| Untracked 
|  10|0x00000000c3800000, 0x00000000c3800000, 0x00000000c3900000|  0%| F|  |TAMS 0x00000000c3800000, 0x00000000c3800000| Untracked 
|  11|0x00000000c3900000, 0x00000000c3900000, 0x00000000c3a00000|  0%| F|  |TAMS 0x00000000c3900000, 0x00000000c3900000| Untracked 
|  12|0x00000000c3a00000, 0x00000000c3a00000, 0x00000000c3b00000|  0%| F|  |TAMS 0x00000000c3a00000, 0x00000000c3a00000| Untracked 
|  13|0x00000000c3b00000, 0x00000000c3b00000, 0x00000000c3c00000|  0%| F|  |TAMS 0x00000000c3b00000, 0x00000000c3b00000| Untracked 
|  14|0x00000000c3c00000, 0x00000000c3c00000, 0x00000000c3d00000|  0%| F|  |TAMS 0x00000000c3c00000, 0x00000000c3c00000| Untracked 
|  15|0x00000000c3d00000, 0x00000000c3d00000, 0x00000000c3e00000|  0%| F|  |TAMS 0x00000000c3d00000, 0x00000000c3d00000| Untracked 
|  16|0x00000000c3e00000, 0x00000000c3e00000, 0x00000000c3f00000|  0%| F|  |TAMS 0x00000000c3e00000, 0x00000000c3e00000| Untracked 
|  17|0x00000000c3f00000, 0x00000000c3f00000, 0x00000000c4000000|  0%| F|  |TAMS 0x00000000c3f00000, 0x00000000c3f00000| Untracked 
|  18|0x00000000c4000000, 0x00000000c4000000, 0x00000000c4100000|  0%| F|  |TAMS 0x00000000c4000000, 0x00000000c4000000| Untracked 
|  19|0x00000000c4100000, 0x00000000c4100000, 0x00000000c4200000|  0%| F|  |TAMS 0x00000000c4100000, 0x00000000c4100000| Untracked 
|  20|0x00000000c4200000, 0x00000000c4200000, 0x00000000c4300000|  0%| F|  |TAMS 0x00000000c4200000, 0x00000000c4200000| Untracked 
|  21|0x00000000c4300000, 0x00000000c4300000, 0x00000000c4400000|  0%| F|  |TAMS 0x00000000c4300000, 0x00000000c4300000| Untracked 
|  22|0x00000000c4400000, 0x00000000c4400000, 0x00000000c4500000|  0%| F|  |TAMS 0x00000000c4400000, 0x00000000c4400000| Untracked 
|  23|0x00000000c4500000, 0x00000000c4500000, 0x00000000c4600000|  0%| F|  |TAMS 0x00000000c4500000, 0x00000000c4500000| Untracked 
|  24|0x00000000c4600000, 0x00000000c4600000, 0x00000000c4700000|  0%| F|  |TAMS 0x00000000c4600000, 0x00000000c4600000| Untracked 
|  25|0x00000000c4700000, 0x00000000c4700000, 0x00000000c4800000|  0%| F|  |TAMS 0x00000000c4700000, 0x00000000c4700000| Untracked 
|  26|0x00000000c4800000, 0x00000000c4800000, 0x00000000c4900000|  0%| F|  |TAMS 0x00000000c4800000, 0x00000000c4800000| Untracked 
|  27|0x00000000c4900000, 0x00000000c4900000, 0x00000000c4a00000|  0%| F|  |TAMS 0x00000000c4900000, 0x00000000c4900000| Untracked 
|  28|0x00000000c4a00000, 0x00000000c4a00000, 0x00000000c4b00000|  0%| F|  |TAMS 0x00000000c4a00000, 0x00000000c4a00000| Untracked 
|  29|0x00000000c4b00000, 0x00000000c4b00000, 0x00000000c4c00000|  0%| F|  |TAMS 0x00000000c4b00000, 0x00000000c4b00000| Untracked 
|  30|0x00000000c4c00000, 0x00000000c4c00000, 0x00000000c4d00000|  0%| F|  |TAMS 0x00000000c4c00000, 0x00000000c4c00000| Untracked 
|  31|0x00000000c4d00000, 0x00000000c4d00000, 0x00000000c4e00000|  0%| F|  |TAMS 0x00000000c4d00000, 0x00000000c4d00000| Untracked 
|  32|0x00000000c4e00000, 0x00000000c4e00000, 0x00000000c4f00000|  0%| F|  |TAMS 0x00000000c4e00000, 0x00000000c4e00000| Untracked 
|  33|0x00000000c4f00000, 0x00000000c4f00000, 0x00000000c5000000|  0%| F|  |TAMS 0x00000000c4f00000, 0x00000000c4f00000| Untracked 
|  34|0x00000000c5000000, 0x00000000c5000000, 0x00000000c5100000|  0%| F|  |TAMS 0x00000000c5000000, 0x00000000c5000000| Untracked 
|  35|0x00000000c5100000, 0x00000000c5100000, 0x00000000c5200000|  0%| F|  |TAMS 0x00000000c5100000, 0x00000000c5100000| Untracked 
|  36|0x00000000c5200000, 0x00000000c5200000, 0x00000000c5300000|  0%| F|  |TAMS 0x00000000c5200000, 0x00000000c5200000| Untracked 
|  37|0x00000000c5300000, 0x00000000c5300000, 0x00000000c5400000|  0%| F|  |TAMS 0x00000000c5300000, 0x00000000c5300000| Untracked 
|  38|0x00000000c5400000, 0x00000000c5400000, 0x00000000c5500000|  0%| F|  |TAMS 0x00000000c5400000, 0x00000000c5400000| Untracked 
|  39|0x00000000c5500000, 0x00000000c5500000, 0x00000000c5600000|  0%| F|  |TAMS 0x00000000c5500000, 0x00000000c5500000| Untracked 
|  40|0x00000000c5600000, 0x00000000c5600000, 0x00000000c5700000|  0%| F|  |TAMS 0x00000000c5600000, 0x00000000c5600000| Untracked 
|  41|0x00000000c5700000, 0x00000000c5700000, 0x00000000c5800000|  0%| F|  |TAMS 0x00000000c5700000, 0x00000000c5700000| Untracked 
|  42|0x00000000c5800000, 0x00000000c5800000, 0x00000000c5900000|  0%| F|  |TAMS 0x00000000c5800000, 0x00000000c5800000| Untracked 
|  43|0x00000000c5900000, 0x00000000c5900000, 0x00000000c5a00000|  0%| F|  |TAMS 0x00000000c5900000, 0x00000000c5900000| Untracked 
|  44|0x00000000c5a00000, 0x00000000c5a00000, 0x00000000c5b00000|  0%| F|  |TAMS 0x00000000c5a00000, 0x00000000c5a00000| Untracked 
|  45|0x00000000c5b00000, 0x00000000c5b00000, 0x00000000c5c00000|  0%| F|  |TAMS 0x00000000c5b00000, 0x00000000c5b00000| Untracked 
|  46|0x00000000c5c00000, 0x00000000c5c00000, 0x00000000c5d00000|  0%| F|  |TAMS 0x00000000c5c00000, 0x00000000c5c00000| Untracked 
|  47|0x00000000c5d00000, 0x00000000c5d00000, 0x00000000c5e00000|  0%| F|  |TAMS 0x00000000c5d00000, 0x00000000c5d00000| Untracked 
|  48|0x00000000c5e00000, 0x00000000c5e00000, 0x00000000c5f00000|  0%| F|  |TAMS 0x00000000c5e00000, 0x00000000c5e00000| Untracked 
|  49|0x00000000c5f00000, 0x00000000c5f00000, 0x00000000c6000000|  0%| F|  |TAMS 0x00000000c5f00000, 0x00000000c5f00000| Untracked 
|  50|0x00000000c6000000, 0x00000000c6000000, 0x00000000c6100000|  0%| F|  |TAMS 0x00000000c6000000, 0x00000000c6000000| Untracked 
|  51|0x00000000c6100000, 0x00000000c6100000, 0x00000000c6200000|  0%| F|  |TAMS 0x00000000c6100000, 0x00000000c6100000| Untracked 
|  52|0x00000000c6200000, 0x00000000c6200000, 0x00000000c6300000|  0%| F|  |TAMS 0x00000000c6200000, 0x00000000c6200000| Untracked 
|  53|0x00000000c6300000, 0x00000000c6300000, 0x00000000c6400000|  0%| F|  |TAMS 0x00000000c6300000, 0x00000000c6300000| Untracked 
|  54|0x00000000c6400000, 0x00000000c6500000, 0x00000000c6500000|100%| S|CS|TAMS 0x00000000c6400000, 0x00000000c6400000| Complete 
|  55|0x00000000c6500000, 0x00000000c6500000, 0x00000000c6600000|  0%| F|  |TAMS 0x00000000c6500000, 0x00000000c6500000| Untracked 
|  56|0x00000000c6600000, 0x00000000c6600000, 0x00000000c6700000|  0%| F|  |TAMS 0x00000000c6600000, 0x00000000c6600000| Untracked 
|  57|0x00000000c6700000, 0x00000000c6800000, 0x00000000c6800000|100%| E|  |TAMS 0x00000000c6700000, 0x00000000c6700000| Complete 
|  58|0x00000000c6800000, 0x00000000c6900000, 0x00000000c6900000|100%| E|CS|TAMS 0x00000000c6800000, 0x00000000c6800000| Complete 
|  59|0x00000000c6900000, 0x00000000c6a00000, 0x00000000c6a00000|100%| E|CS|TAMS 0x00000000c6900000, 0x00000000c6900000| Complete 
|  60|0x00000000c6a00000, 0x00000000c6b00000, 0x00000000c6b00000|100%| E|CS|TAMS 0x00000000c6a00000, 0x00000000c6a00000| Complete 
|  61|0x00000000c6b00000, 0x00000000c6c00000, 0x00000000c6c00000|100%| E|CS|TAMS 0x00000000c6b00000, 0x00000000c6b00000| Complete 
| 976|0x00000000ffe00000, 0x00000000ffe47000, 0x00000000fff00000| 27%|OA|  |TAMS 0x00000000ffe00000, 0x00000000ffe00000| Untracked 
| 977|0x00000000fff00000, 0x00000000fff6b000, 0x0000000100000000| 41%|CA|  |TAMS 0x00000000fff00000, 0x00000000fff00000| Untracked 

Card table byte_map: [0x00007f49ee72a000,0x00007f49ee913000] _byte_map_base: 0x00007f49ee113000

Marking Bits (Prev, Next): (CMBitMap*) 0x00007f49e8045b88, (CMBitMap*) 0x00007f49e8045bc0
 Prev Bits: [0x00007f49ed5f9000, 0x00007f49ee541000)
 Next Bits: [0x00007f49ec6b1000, 0x00007f49ed5f9000)

Polling page: 0x00007f49f09d3000

Metaspace:

Usage:
  Non-class:      5.80 MB capacity,     3.69 MB ( 64%) used,     2.10 MB ( 36%) free+waste,     7.56 KB ( <1%) overhead. 
      Class:    701.00 KB capacity,   453.69 KB ( 65%) used,   243.25 KB ( 35%) free+waste,     4.06 KB ( <1%) overhead. 
       Both:      6.48 MB capacity,     4.13 MB ( 64%) used,     2.34 MB ( 36%) free+waste,    11.62 KB ( <1%) overhead. 

Virtual space:
  Non-class space:        8.00 MB reserved,       6.00 MB ( 75%) committed 
      Class space:        1.00 GB reserved,     768.00 KB ( <1%) committed 
             Both:        1.01 GB reserved,       6.75 MB ( <1%) committed 

Chunk freelists:
   Non-Class:  17.00 KB
       Class:  3.00 KB
        Both:  20.00 KB

MaxMetaspaceSize: unlimited
CompressedClassSpaceSize: 1.00 GB
Initial GC threshold: 20.80 MB
Current GC threshold: 20.80 MB
CDS: on

CodeHeap 'non-profiled nmethods': size=120036Kb used=234Kb max_used=234Kb free=119801Kb
 bounds [0x00007f49d80c7000, 0x00007f49d8337000, 0x00007f49df600000]
CodeHeap 'profiled nmethods': size=120032Kb used=1297Kb max_used=1297Kb free=118734Kb
 bounds [0x00007f49d0b8f000, 0x00007f49d0dff000, 0x00007f49d80c7000]
CodeHeap 'non-nmethods': size=5692Kb used=1161Kb max_used=1173Kb free=4530Kb
 bounds [0x00007f49d0600000, 0x00007f49d0870000, 0x00007f49d0b8f000]
 total_blobs=1161 nmethods=748 adapters=327
 compilation: enabled
              stopped_count=0, restarted_count=0
 full_count=0

Compilation events (20 events):
Event: 2.118 Thread 0x00007f49e812c800  727       4       java.lang.StringBuilder::<init> (7 bytes)
Event: 2.119 Thread 0x00007f49e812c800 nmethod 727 0x00007f49d80fe510 code [0x00007f49d80fe6a0, 0x00007f49d80fe858]
Event: 2.125 Thread 0x00007f49e812c800  743       4       jdk.internal.org.objectweb.asm.ByteVector::putUTF8 (142 bytes)
Event: 2.130 Thread 0x00007f49e812c800 nmethod 743 0x00007f49d8100a10 code [0x00007f49d8100bc0, 0x00007f49d8101028]
Event: 2.130 Thread 0x00007f49e812f000  746       3       java.lang.invoke.LambdaForm$Name::useCount (42 bytes)
Event: 2.131 Thread 0x00007f49e812f000 nmethod 746 0x00007f49d0cc7e10 code [0x00007f49d0cc7fe0, 0x00007f49d0cc82f0]
Event: 2.131 Thread 0x00007f49e812f000  736       3       java.lang.Number::<init> (5 bytes)
Event: 2.131 Thread 0x00007f49e812f000 nmethod 736 0x00007f49d0cc8410 code [0x00007f49d0cc85c0, 0x00007f49d0cc8730]
Event: 2.131 Thread 0x00007f49e812f000  741       3       java.lang.invoke.MemberName::getReferenceKind (12 bytes)
Event: 2.131 Thread 0x00007f49e812f000 nmethod 741 0x00007f49d0cc8810 code [0x00007f49d0cc89c0, 0x00007f49d0cc8af0]
Event: 2.131 Thread 0x00007f49e812f000  731       3       java.lang.invoke.LambdaForm$Name::<init> (54 bytes)
Event: 2.131 Thread 0x00007f49e812f000 nmethod 731 0x00007f49d0cc8b90 code [0x00007f49d0cc8d60, 0x00007f49d0cc9030]
Event: 2.132 Thread 0x00007f49e812f000  747       3       jdk.internal.org.objectweb.asm.Frame::execute (2264 bytes)
Event: 2.138 Thread 0x00007f49e812f000 nmethod 747 0x00007f49d0cc9110 code [0x00007f49d0cc9fa0, 0x00007f49d0cd0c70]
Event: 2.139 Thread 0x00007f49e812f000  735       3       jdk.internal.org.objectweb.asm.ClassWriter::newStringishItem (68 bytes)
Event: 2.139 Thread 0x00007f49e812f000 nmethod 735 0x00007f49d0cd2b10 code [0x00007f49d0cd2d20, 0x00007f49d0cd30b0]
Event: 2.139 Thread 0x00007f49e812f000  728       3       java.lang.invoke.MethodHandles$Lookup::lookupClassOrNull (17 bytes)
Event: 2.139 Thread 0x00007f49e812f000 nmethod 728 0x00007f49d0cd3290 code [0x00007f49d0cd3440, 0x00007f49d0cd35d0]
Event: 2.139 Thread 0x00007f49e812f000  739       1       java.lang.invoke.LambdaForm$Name::type (5 bytes)
Event: 2.139 Thread 0x00007f49e812f000 nmethod 739 0x00007f49d8101290 code [0x00007f49d8101440, 0x00007f49d8101510]

GC Heap History (2 events):
Event: 1.031 GC heap before
{Heap before GC invocations=0 (full 0):
 garbage-first heap   total 65536K, used 6856K [0x00000000c2e00000, 0x0000000100000000)
  region size 1024K, 7 young (7168K), 0 survivors (0K)
 Metaspace       used 3119K, capacity 5908K, committed 6016K, reserved 1056768K
  class space    used 338K, capacity 586K, committed 640K, reserved 1048576K
}
Event: 1.038 GC heap after
{Heap after GC invocations=1 (full 0):
 garbage-first heap   total 65536K, used 2749K [0x00000000c2e00000, 0x0000000100000000)
  region size 1024K, 1 young (1024K), 1 survivors (1024K)
 Metaspace       used 3119K, capacity 5908K, committed 6016K, reserved 1056768K
  class space    used 338K, capacity 586K, committed 640K, reserved 1048576K
}

Deoptimization events (20 events):
Event: 0.992 Thread 0x00007f49e8016800 DEOPT PACKING pc=0x00007f49d80dffdc sp=0x00007f49f05fdfb0
Event: 0.992 Thread 0x00007f49e8016800 DEOPT UNPACKING pc=0x00007f49d06082a5 sp=0x00007f49f05fdf48 mode 2
Event: 1.788 Thread 0x00007f49e8016800 DEOPT PACKING pc=0x00007f49d0bf45c2 sp=0x00007f49f05fd500
Event: 1.788 Thread 0x00007f49e8016800 DEOPT UNPACKING pc=0x00007f49d06499fa sp=0x00007f49f05fc988 mode 0
Event: 2.107 Thread 0x00007f49e8016800 Uncommon trap: trap_request=0xffffffc6 fr.pc=0x00007f49d80d11a4 relative=0x0000000000000084
Event: 2.107 Thread 0x00007f49e8016800 Uncommon trap: reason=bimorphic_or_optimized_type_check action=maybe_recompile pc=0x00007f49d80d11a4 method=java.util.AbstractCollection.isEmpty()Z @ 1 c2
Event: 2.107 Thread 0x00007f49e8016800 DEOPT PACKING pc=0x00007f49d80d11a4 sp=0x00007f49f05fd310
Event: 2.107 Thread 0x00007f49e8016800 DEOPT UNPACKING pc=0x00007f49d06082a5 sp=0x00007f49f05fd2c0 mode 2
Event: 2.107 Thread 0x00007f49e8016800 Uncommon trap: trap_request=0xffffffc6 fr.pc=0x00007f49d80d11a4 relative=0x0000000000000084
Event: 2.107 Thread 0x00007f49e8016800 Uncommon trap: reason=bimorphic_or_optimized_type_check action=maybe_recompile pc=0x00007f49d80d11a4 method=java.util.AbstractCollection.isEmpty()Z @ 1 c2
Event: 2.107 Thread 0x00007f49e8016800 DEOPT PACKING pc=0x00007f49d80d11a4 sp=0x00007f49f05fd4e0
Event: 2.107 Thread 0x00007f49e8016800 DEOPT UNPACKING pc=0x00007f49d06082a5 sp=0x00007f49f05fd490 mode 2
Event: 2.110 Thread 0x00007f49e8016800 Uncommon trap: trap_request=0xffffffc6 fr.pc=0x00007f49d80d11a4 relative=0x0000000000000084
Event: 2.110 Thread 0x00007f49e8016800 Uncommon trap: reason=bimorphic_or_optimized_type_check action=maybe_recompile pc=0x00007f49d80d11a4 method=java.util.AbstractCollection.isEmpty()Z @ 1 c2
Event: 2.110 Thread 0x00007f49e8016800 DEOPT PACKING pc=0x00007f49d80d11a4 sp=0x00007f49f05fd500
Event: 2.110 Thread 0x00007f49e8016800 DEOPT UNPACKING pc=0x00007f49d06082a5 sp=0x00007f49f05fd4b0 mode 2
Event: 2.111 Thread 0x00007f49e8016800 Uncommon trap: trap_request=0xffffffc6 fr.pc=0x00007f49d80d11a4 relative=0x0000000000000084
Event: 2.111 Thread 0x00007f49e8016800 Uncommon trap: reason=bimorphic_or_optimized_type_check action=maybe_recompile pc=0x00007f49d80d11a4 method=java.util.AbstractCollection.isEmpty()Z @ 1 c2
Event: 2.111 Thread 0x00007f49e8016800 DEOPT PACKING pc=0x00007f49d80d11a4 sp=0x00007f49f05fd310
Event: 2.111 Thread 0x00007f49e8016800 DEOPT UNPACKING pc=0x00007f49d06082a5 sp=0x00007f49f05fd2c0 mode 2

Classes redefined (0 events):
No events

Internal exceptions (20 events):
Event: 0.410 Thread 0x00007f49e8016800 Exception <a 'java/security/PrivilegedActionException'{0x00000000c6ac1a60}> (0x00000000c6ac1a60) thrown at [./src/hotspot/share/prims/jvm.cpp, line 1304]
Event: 0.410 Thread 0x00007f49e8016800 Exception <a 'java/security/PrivilegedActionException'{0x00000000c6ac1d30}> (0x00000000c6ac1d30) thrown at [./src/hotspot/share/prims/jvm.cpp, line 1304]
Event: 0.411 Thread 0x00007f49e8016800 Exception <a 'java/security/PrivilegedActionException'{0x00000000c6ac26a0}> (0x00000000c6ac26a0) thrown at [./src/hotspot/share/prims/jvm.cpp, line 1304]
Event: 0.411 Thread 0x00007f49e8016800 Exception <a 'java/security/PrivilegedActionException'{0x00000000c6ac2970}> (0x00000000c6ac2970) thrown at [./src/hotspot/share/prims/jvm.cpp, line 1304]
Event: 0.411 Thread 0x00007f49e8016800 Exception <a 'java/security/PrivilegedActionException'{0x00000000c6ac32e0}> (0x00000000c6ac32e0) thrown at [./src/hotspot/share/prims/jvm.cpp, line 1304]
Event: 0.411 Thread 0x00007f49e8016800 Exception <a 'java/security/PrivilegedActionException'{0x00000000c6ac35b0}> (0x00000000c6ac35b0) thrown at [./src/hotspot/share/prims/jvm.cpp, line 1304]
Event: 0.411 Thread 0x00007f49e8016800 Exception <a 'java/security/PrivilegedActionException'{0x00000000c6ac3f38}> (0x00000000c6ac3f38) thrown at [./src/hotspot/share/prims/jvm.cpp, line 1304]
Event: 0.411 Thread 0x00007f49e8016800 Exception <a 'java/security/PrivilegedActionException'{0x00000000c6ac4208}> (0x00000000c6ac4208) thrown at [./src/hotspot/share/prims/jvm.cpp, line 1304]
Event: 0.411 Thread 0x00007f49e8016800 Exception <a 'java/security/PrivilegedActionException'{0x00000000c6ac4b90}> (0x00000000c6ac4b90) thrown at [./src/hotspot/share/prims/jvm.cpp, line 1304]
Event: 0.411 Thread 0x00007f49e8016800 Exception <a 'java/security/PrivilegedActionException'{0x00000000c6ac4e60}> (0x00000000c6ac4e60) thrown at [./src/hotspot/share/prims/jvm.cpp, line 1304]
Event: 0.411 Thread 0x00007f49e8016800 Exception <a 'java/security/PrivilegedActionException'{0x00000000c6ac57e8}> (0x00000000c6ac57e8) thrown at [./src/hotspot/share/prims/jvm.cpp, line 1304]
Event: 0.411 Thread 0x00007f49e8016800 Exception <a 'java/security/PrivilegedActionException'{0x00000000c6ac5ab8}> (0x00000000c6ac5ab8) thrown at [./src/hotspot/share/prims/jvm.cpp, line 1304]
Event: 0.411 Thread 0x00007f49e8016800 Exception <a 'java/security/PrivilegedActionException'{0x00000000c6ac6428}> (0x00000000c6ac6428) thrown at [./src/hotspot/share/prims/jvm.cpp, line 1304]
Event: 0.411 Thread 0x00007f49e8016800 Exception <a 'java/security/PrivilegedActionException'{0x00000000c6ac66f8}> (0x00000000c6ac66f8) thrown at [./src/hotspot/share/prims/jvm.cpp, line 1304]
Event: 0.411 Thread 0x00007f49e8016800 Exception <a 'java/security/PrivilegedActionException'{0x00000000c6ac7080}> (0x00000000c6ac7080) thrown at [./src/hotspot/share/prims/jvm.cpp, line 1304]
Event: 0.411 Thread 0x00007f49e8016800 Exception <a 'java/security/PrivilegedActionException'{0x00000000c6ac7350}> (0x00000000c6ac7350) thrown at [./src/hotspot/share/prims/jvm.cpp, line 1304]
Event: 0.542 Thread 0x00007f49e8016800 Exception <a 'java/lang/NoSuchMethodError'{0x00000000c6986640}: 'int java.lang.invoke.DirectMethodHandle$Holder.invokeStaticInit(java.lang.Object, java.lang.Object, java.lang.Object, java.lang.Object)'> (0x00000000c6986640) thrown at [./src/hotspot/share/interpreter/linkResolver.cpp, line 772]
Event: 0.553 Thread 0x00007f49e8016800 Exception <a 'java/lang/IncompatibleClassChangeError'{0x00000000c69903c0}: Found class java.lang.Object, but interface was expected> (0x00000000c69903c0) thrown at [./src/hotspot/share/interpreter/linkResolver.cpp, line 839]
Event: 0.554 Thread 0x00007f49e8016800 Exception <a 'java/lang/NoSuchMethodError'{0x00000000c6993570}: 'void java.lang.invoke.DirectMethodHandle$Holder.invokeStaticInit(java.lang.Object, java.lang.Object)'> (0x00000000c6993570) thrown at [./src/hotspot/share/interpreter/linkResolver.cpp, line 772]
Event: 0.560 Thread 0x00007f49e8016800 Exception <a 'java/lang/NoSuchMethodError'{0x00000000c6998a00}: 'int java.lang.invoke.DirectMethodHandle$Holder.invokeStaticInit(java.lang.Object, java.lang.Object)'> (0x00000000c6998a00) thrown at [./src/hotspot/share/interpreter/linkResolver.cpp, line 772]

Events (20 events):
Event: 2.078 loading class LLVMSymbolTable$SymbolTableEntry
Event: 2.078 loading class LLVMSymbolTable$SymbolTableEntry done
Event: 2.104 Executing VM operation: Deoptimize
Event: 2.104 Executing VM operation: Deoptimize done
Event: 2.107 loading class java/lang/invoke/BoundMethodHandle$Species_LL
Event: 2.107 loading class java/lang/invoke/BoundMethodHandle$Species_LL done
Event: 2.110 loading class java/lang/invoke/BoundMethodHandle$Species_LLL
Event: 2.111 loading class java/lang/invoke/BoundMethodHandle$Species_LLL done
Event: 2.112 loading class java/lang/invoke/BoundMethodHandle$Species_LLLL
Event: 2.113 loading class java/lang/invoke/BoundMethodHandle$Species_LLLL done
Event: 2.114 loading class java/lang/invoke/BoundMethodHandle$Species_LLLLL
Event: 2.115 loading class java/lang/invoke/BoundMethodHandle$Species_LLLLL done
Event: 2.120 loading class java/lang/invoke/BoundMethodHandle$Species_LLLLLL
Event: 2.120 loading class java/lang/invoke/BoundMethodHandle$Species_LLLLLL done
Event: 2.121 loading class java/lang/invoke/BoundMethodHandle$Species_LLLLLLI
Event: 2.121 loading class java/lang/invoke/BoundMethodHandle$Species_LLLLLLI done
Event: 2.123 loading class java/lang/invoke/BoundMethodHandle$Species_LLLLLLII
Event: 2.123 loading class java/lang/invoke/BoundMethodHandle$Species_LLLLLLII done
Event: 2.124 loading class java/lang/invoke/BoundMethodHandle$Species_LLLLLLIIL
Event: 2.124 loading class java/lang/invoke/BoundMethodHandle$Species_LLLLLLIIL done


Dynamic libraries:
c2e00000-c6c00000 rw-p 00000000 00:00 0 
c6c00000-ffe00000 ---p 00000000 00:00 0 
ffe00000-ffe47000 rw-p 00b0a000 08:03 1060156                            /usr/lib/jvm/java-11-openjdk-amd64/lib/server/classes.jsa
ffe47000-fff00000 rw-p 00000000 00:00 0 
fff00000-fff6b000 rw-p 00a9f000 08:03 1060156                            /usr/lib/jvm/java-11-openjdk-amd64/lib/server/classes.jsa
fff6b000-100000000 rw-p 00000000 00:00 0 
800000000-800002000 rwxp 00001000 08:03 1060156                          /usr/lib/jvm/java-11-openjdk-amd64/lib/server/classes.jsa
800002000-8003cc000 rw-p 00003000 08:03 1060156                          /usr/lib/jvm/java-11-openjdk-amd64/lib/server/classes.jsa
8003cc000-800a9d000 r--p 003cd000 08:03 1060156                          /usr/lib/jvm/java-11-openjdk-amd64/lib/server/classes.jsa
800a9d000-800a9e000 rw-p 00a9e000 08:03 1060156                          /usr/lib/jvm/java-11-openjdk-amd64/lib/server/classes.jsa
840000000-8400c0000 rw-p 00000000 00:00 0 
8400c0000-880000000 ---p 00000000 00:00 0 
55e0b9151000-55e0b9152000 r--p 00000000 08:03 1058673                    /usr/lib/jvm/java-11-openjdk-amd64/bin/java
55e0b9152000-55e0b9153000 r-xp 00001000 08:03 1058673                    /usr/lib/jvm/java-11-openjdk-amd64/bin/java
55e0b9153000-55e0b9154000 r--p 00002000 08:03 1058673                    /usr/lib/jvm/java-11-openjdk-amd64/bin/java
55e0b9154000-55e0b9155000 r--p 00002000 08:03 1058673                    /usr/lib/jvm/java-11-openjdk-amd64/bin/java
55e0b9155000-55e0b9156000 rw-p 00003000 08:03 1058673                    /usr/lib/jvm/java-11-openjdk-amd64/bin/java
55e0b9e76000-55e0b9eb9000 rw-p 00000000 00:00 0                          [heap]
7f498d400000-7f498dd26000 r--p 00000000 08:03 1579535                    /home/doudou/.javacpp/cache/llvm-13.0.1-1.5.7-linux-x86_64.jar/org/bytedeco/llvm/linux-x86_64/libLLVM-13.so
7f498dd26000-7f49916e9000 r-xp 00926000 08:03 1579535                    /home/doudou/.javacpp/cache/llvm-13.0.1-1.5.7-linux-x86_64.jar/org/bytedeco/llvm/linux-x86_64/libLLVM-13.so
7f49916e9000-7f499393e000 r--p 042e9000 08:03 1579535                    /home/doudou/.javacpp/cache/llvm-13.0.1-1.5.7-linux-x86_64.jar/org/bytedeco/llvm/linux-x86_64/libLLVM-13.so
7f499393e000-7f4993e53000 r--p 0653d000 08:03 1579535                    /home/doudou/.javacpp/cache/llvm-13.0.1-1.5.7-linux-x86_64.jar/org/bytedeco/llvm/linux-x86_64/libLLVM-13.so
7f4993e53000-7f4993e5e000 rw-p 06a52000 08:03 1579535                    /home/doudou/.javacpp/cache/llvm-13.0.1-1.5.7-linux-x86_64.jar/org/bytedeco/llvm/linux-x86_64/libLLVM-13.so
7f4993e5e000-7f4993ed4000 rw-p 00000000 00:00 0 
7f4994000000-7f4994021000 rw-p 00000000 00:00 0 
7f4994021000-7f4998000000 ---p 00000000 00:00 0 
7f4998000000-7f4998021000 rw-p 00000000 00:00 0 
7f4998021000-7f499c000000 ---p 00000000 00:00 0 
7f499c000000-7f499c286000 rw-p 00000000 00:00 0 
7f499c286000-7f49a0000000 ---p 00000000 00:00 0 
7f49a0000000-7f49a0431000 rw-p 00000000 00:00 0 
7f49a0431000-7f49a4000000 ---p 00000000 00:00 0 
7f49a4000000-7f49a4021000 rw-p 00000000 00:00 0 
7f49a4021000-7f49a8000000 ---p 00000000 00:00 0 
7f49a8000000-7f49a8021000 rw-p 00000000 00:00 0 
7f49a8021000-7f49ac000000 ---p 00000000 00:00 0 
7f49ac000000-7f49ac021000 rw-p 00000000 00:00 0 
7f49ac021000-7f49b0000000 ---p 00000000 00:00 0 
7f49b0000000-7f49b0021000 rw-p 00000000 00:00 0 
7f49b0021000-7f49b4000000 ---p 00000000 00:00 0 
7f49b4000000-7f49b4021000 rw-p 00000000 00:00 0 
7f49b4021000-7f49b8000000 ---p 00000000 00:00 0 
7f49b8000000-7f49b8021000 rw-p 00000000 00:00 0 
7f49b8021000-7f49bc000000 ---p 00000000 00:00 0 
7f49bc000000-7f49bc021000 rw-p 00000000 00:00 0 
7f49bc021000-7f49c0000000 ---p 00000000 00:00 0 
7f49c01f6000-7f49c025b000 r--p 00000000 08:03 1579540                    /home/doudou/.javacpp/cache/llvm-13.0.1-1.5.7-linux-x86_64.jar/org/bytedeco/llvm/linux-x86_64/libjniLLVM.so
7f49c025b000-7f49c02c9000 r-xp 00065000 08:03 1579540                    /home/doudou/.javacpp/cache/llvm-13.0.1-1.5.7-linux-x86_64.jar/org/bytedeco/llvm/linux-x86_64/libjniLLVM.so
7f49c02c9000-7f49c02f4000 r--p 000d3000 08:03 1579540                    /home/doudou/.javacpp/cache/llvm-13.0.1-1.5.7-linux-x86_64.jar/org/bytedeco/llvm/linux-x86_64/libjniLLVM.so
7f49c02f4000-7f49c02f7000 r--p 000fd000 08:03 1579540                    /home/doudou/.javacpp/cache/llvm-13.0.1-1.5.7-linux-x86_64.jar/org/bytedeco/llvm/linux-x86_64/libjniLLVM.so
7f49c02f7000-7f49c02fa000 rw-p 00100000 08:03 1579540                    /home/doudou/.javacpp/cache/llvm-13.0.1-1.5.7-linux-x86_64.jar/org/bytedeco/llvm/linux-x86_64/libjniLLVM.so
7f49c02fa000-7f49c02fc000 rw-p 00000000 00:00 0 
7f49c02fc000-7f49c0300000 ---p 00000000 00:00 0 
7f49c0300000-7f49c03fc000 rw-p 00000000 00:00 0 
7f49c03fc000-7f49c03fd000 ---p 00000000 00:00 0 
7f49c03fd000-7f49c04fe000 rw-p 00000000 00:00 0 
7f49c04fe000-7f49c0502000 ---p 00000000 00:00 0 
7f49c0502000-7f49c05fe000 rw-p 00000000 00:00 0 
7f49c05fe000-7f49c05ff000 ---p 00000000 00:00 0 
7f49c05ff000-7f49c0700000 rw-p 00000000 00:00 0 
7f49c0700000-7f49c0704000 ---p 00000000 00:00 0 
7f49c0704000-7f49c0800000 rw-p 00000000 00:00 0 
7f49c0800000-7f49c0804000 ---p 00000000 00:00 0 
7f49c0804000-7f49c0900000 rw-p 00000000 00:00 0 
7f49c0900000-7f49c0904000 ---p 00000000 00:00 0 
7f49c0904000-7f49c0a00000 rw-p 00000000 00:00 0 
7f49c0a00000-7f49c17e7000 r--p 00000000 08:03 534858                     /usr/lib/locale/locale-archive
7f49c1800000-7f49c1e00000 rw-p 00000000 00:00 0 
7f49c1e00000-7f49c2000000 ---p 00000000 00:00 0 
7f49c2000000-7f49c4000000 rw-p 00000000 00:00 0 
7f49c4000000-7f49c4021000 rw-p 00000000 00:00 0 
7f49c4021000-7f49c8000000 ---p 00000000 00:00 0 
7f49c8000000-7f49c8021000 rw-p 00000000 00:00 0 
7f49c8021000-7f49cc000000 ---p 00000000 00:00 0 
7f49cc000000-7f49cc021000 rw-p 00000000 00:00 0 
7f49cc021000-7f49d0000000 ---p 00000000 00:00 0 
7f49d0000000-7f49d0004000 ---p 00000000 00:00 0 
7f49d0004000-7f49d0100000 rw-p 00000000 00:00 0 
7f49d0100000-7f49d0104000 ---p 00000000 00:00 0 
7f49d0104000-7f49d0200000 rw-p 00000000 00:00 0 
7f49d0200000-7f49d0204000 ---p 00000000 00:00 0 
7f49d0204000-7f49d0300000 rw-p 00000000 00:00 0 
7f49d0300000-7f49d0304000 ---p 00000000 00:00 0 
7f49d0304000-7f49d0400000 rw-p 00000000 00:00 0 
7f49d0400000-7f49d0404000 ---p 00000000 00:00 0 
7f49d0404000-7f49d0500000 rw-p 00000000 00:00 0 
7f49d0500000-7f49d0504000 ---p 00000000 00:00 0 
7f49d0504000-7f49d0600000 rw-p 00000000 00:00 0 
7f49d0600000-7f49d0870000 rwxp 00000000 00:00 0 
7f49d0870000-7f49d0b8f000 ---p 00000000 00:00 0 
7f49d0b8f000-7f49d0dff000 rwxp 00000000 00:00 0 
7f49d0dff000-7f49d80c7000 ---p 00000000 00:00 0 
7f49d80c7000-7f49d8337000 rwxp 00000000 00:00 0 
7f49d8337000-7f49df600000 ---p 00000000 00:00 0 
7f49df600000-7f49e7e0b000 r--s 00000000 08:03 1058832                    /usr/lib/jvm/java-11-openjdk-amd64/lib/modules
7f49e7e6a000-7f49e7e71000 r--p 00000000 08:03 1579536                    /home/doudou/.javacpp/cache/llvm-13.0.1-1.5.7-linux-x86_64.jar/org/bytedeco/llvm/linux-x86_64/libLTO.so.13
7f49e7e71000-7f49e7e79000 r-xp 00007000 08:03 1579536                    /home/doudou/.javacpp/cache/llvm-13.0.1-1.5.7-linux-x86_64.jar/org/bytedeco/llvm/linux-x86_64/libLTO.so.13
7f49e7e79000-7f49e7e7b000 r--p 0000f000 08:03 1579536                    /home/doudou/.javacpp/cache/llvm-13.0.1-1.5.7-linux-x86_64.jar/org/bytedeco/llvm/linux-x86_64/libLTO.so.13
7f49e7e7b000-7f49e7e7c000 r--p 00010000 08:03 1579536                    /home/doudou/.javacpp/cache/llvm-13.0.1-1.5.7-linux-x86_64.jar/org/bytedeco/llvm/linux-x86_64/libLTO.so.13
7f49e7e7c000-7f49e7e7d000 rw-p 00011000 08:03 1579536                    /home/doudou/.javacpp/cache/llvm-13.0.1-1.5.7-linux-x86_64.jar/org/bytedeco/llvm/linux-x86_64/libLTO.so.13
7f49e7e7d000-7f49e7e7e000 ---p 00000000 00:00 0 
7f49e7e7e000-7f49e8000000 rw-p 00000000 00:00 0 
7f49e8000000-7f49e83a5000 rw-p 00000000 00:00 0 
7f49e83a5000-7f49ec000000 ---p 00000000 00:00 0 
7f49ec00f000-7f49ec013000 r--p 00000000 08:03 1579530                    /home/doudou/.javacpp/cache/javacpp-1.5.7-linux-x86_64.jar/org/bytedeco/javacpp/linux-x86_64/libjnijavacpp.so
7f49ec013000-7f49ec01a000 r-xp 00004000 08:03 1579530                    /home/doudou/.javacpp/cache/javacpp-1.5.7-linux-x86_64.jar/org/bytedeco/javacpp/linux-x86_64/libjnijavacpp.so
7f49ec01a000-7f49ec01e000 r--p 0000b000 08:03 1579530                    /home/doudou/.javacpp/cache/javacpp-1.5.7-linux-x86_64.jar/org/bytedeco/javacpp/linux-x86_64/libjnijavacpp.so
7f49ec01e000-7f49ec01f000 r--p 0000e000 08:03 1579530                    /home/doudou/.javacpp/cache/javacpp-1.5.7-linux-x86_64.jar/org/bytedeco/javacpp/linux-x86_64/libjnijavacpp.so
7f49ec01f000-7f49ec020000 rw-p 0000f000 08:03 1579530                    /home/doudou/.javacpp/cache/javacpp-1.5.7-linux-x86_64.jar/org/bytedeco/javacpp/linux-x86_64/libjnijavacpp.so
7f49ec020000-7f49ec024000 r--p 00000000 08:03 1058822                    /usr/lib/jvm/java-11-openjdk-amd64/lib/libnet.so
7f49ec024000-7f49ec032000 r-xp 00004000 08:03 1058822                    /usr/lib/jvm/java-11-openjdk-amd64/lib/libnet.so
7f49ec032000-7f49ec036000 r--p 00012000 08:03 1058822                    /usr/lib/jvm/java-11-openjdk-amd64/lib/libnet.so
7f49ec036000-7f49ec037000 r--p 00015000 08:03 1058822                    /usr/lib/jvm/java-11-openjdk-amd64/lib/libnet.so
7f49ec037000-7f49ec038000 rw-p 00016000 08:03 1058822                    /usr/lib/jvm/java-11-openjdk-amd64/lib/libnet.so
7f49ec038000-7f49ec03f000 r--p 00000000 08:03 1058823                    /usr/lib/jvm/java-11-openjdk-amd64/lib/libnio.so
7f49ec03f000-7f49ec047000 r-xp 00007000 08:03 1058823                    /usr/lib/jvm/java-11-openjdk-amd64/lib/libnio.so
7f49ec047000-7f49ec04a000 r--p 0000f000 08:03 1058823                    /usr/lib/jvm/java-11-openjdk-amd64/lib/libnio.so
7f49ec04a000-7f49ec04b000 r--p 00011000 08:03 1058823                    /usr/lib/jvm/java-11-openjdk-amd64/lib/libnio.so
7f49ec04b000-7f49ec04c000 rw-p 00012000 08:03 1058823                    /usr/lib/jvm/java-11-openjdk-amd64/lib/libnio.so
7f49ec04c000-7f49ec0a7000 rw-p 00000000 00:00 0 
7f49ec0a7000-7f49ec0a8000 ---p 00000000 00:00 0 
7f49ec0a8000-7f49ec1a9000 rw-p 00000000 00:00 0 
7f49ec1a9000-7f49ec1aa000 ---p 00000000 00:00 0 
7f49ec1aa000-7f49ec4ad000 rw-p 00000000 00:00 0 
7f49ec4ad000-7f49ec4ae000 ---p 00000000 00:00 0 
7f49ec4ae000-7f49ec5af000 rw-p 00000000 00:00 0 
7f49ec5af000-7f49ec5b0000 ---p 00000000 00:00 0 
7f49ec5b0000-7f49ec7a9000 rw-p 00000000 00:00 0 
7f49ec7a9000-7f49ed5f1000 ---p 00000000 00:00 0 
7f49ed5f1000-7f49ed6f1000 rw-p 00000000 00:00 0 
7f49ed6f1000-7f49ee539000 ---p 00000000 00:00 0 
7f49ee539000-7f49ee560000 rw-p 00000000 00:00 0 
7f49ee560000-7f49ee729000 ---p 00000000 00:00 0 
7f49ee729000-7f49ee749000 rw-p 00000000 00:00 0 
7f49ee749000-7f49ee912000 ---p 00000000 00:00 0 
7f49ee912000-7f49ee932000 rw-p 00000000 00:00 0 
7f49ee932000-7f49eeafb000 ---p 00000000 00:00 0 
7f49eeafb000-7f49eecfe000 rw-p 00000000 00:00 0 
7f49eecfe000-7f49eecff000 ---p 00000000 00:00 0 
7f49eecff000-7f49eee00000 rw-p 00000000 00:00 0 
7f49eee00000-7f49eee9a000 r--p 00000000 08:03 552221                     /usr/lib/x86_64-linux-gnu/libstdc++.so.6.0.30
7f49eee9a000-7f49eefaa000 r-xp 0009a000 08:03 552221                     /usr/lib/x86_64-linux-gnu/libstdc++.so.6.0.30
7f49eefaa000-7f49ef019000 r--p 001aa000 08:03 552221                     /usr/lib/x86_64-linux-gnu/libstdc++.so.6.0.30
7f49ef019000-7f49ef024000 r--p 00218000 08:03 552221                     /usr/lib/x86_64-linux-gnu/libstdc++.so.6.0.30
7f49ef024000-7f49ef027000 rw-p 00223000 08:03 552221                     /usr/lib/x86_64-linux-gnu/libstdc++.so.6.0.30
7f49ef027000-7f49ef02f000 rw-p 00000000 00:00 0 
7f49ef02f000-7f49ef115000 ---p 00000000 00:00 0 
7f49ef115000-7f49ef11a000 rw-p 00000000 00:00 0 
7f49ef11a000-7f49ef200000 ---p 00000000 00:00 0 
7f49ef200000-7f49ef482000 r--p 00000000 08:03 1058837                    /usr/lib/jvm/java-11-openjdk-amd64/lib/server/libjvm.so
7f49ef482000-7f49f011e000 r-xp 00282000 08:03 1058837                    /usr/lib/jvm/java-11-openjdk-amd64/lib/server/libjvm.so
7f49f011e000-7f49f0379000 r--p 00f1e000 08:03 1058837                    /usr/lib/jvm/java-11-openjdk-amd64/lib/server/libjvm.so
7f49f0379000-7f49f037a000 ---p 01179000 08:03 1058837                    /usr/lib/jvm/java-11-openjdk-amd64/lib/server/libjvm.so
7f49f037a000-7f49f043e000 r--p 01179000 08:03 1058837                    /usr/lib/jvm/java-11-openjdk-amd64/lib/server/libjvm.so
7f49f043e000-7f49f0479000 rw-p 0123d000 08:03 1058837                    /usr/lib/jvm/java-11-openjdk-amd64/lib/server/libjvm.so
7f49f0479000-7f49f04d0000 rw-p 00000000 00:00 0 
7f49f04d3000-7f49f04da000 r--s 00000000 08:03 553557                     /usr/lib/x86_64-linux-gnu/gconv/gconv-modules.cache
7f49f04da000-7f49f04db000 r--p 00000000 08:03 1579538                    /home/doudou/.javacpp/cache/llvm-13.0.1-1.5.7-linux-x86_64.jar/org/bytedeco/llvm/linux-x86_64/libRemarks.so.13
7f49f04db000-7f49f04dc000 r-xp 00001000 08:03 1579538                    /home/doudou/.javacpp/cache/llvm-13.0.1-1.5.7-linux-x86_64.jar/org/bytedeco/llvm/linux-x86_64/libRemarks.so.13
7f49f04dc000-7f49f04dd000 r--p 00002000 08:03 1579538                    /home/doudou/.javacpp/cache/llvm-13.0.1-1.5.7-linux-x86_64.jar/org/bytedeco/llvm/linux-x86_64/libRemarks.so.13
7f49f04dd000-7f49f04de000 r--p 00002000 08:03 1579538                    /home/doudou/.javacpp/cache/llvm-13.0.1-1.5.7-linux-x86_64.jar/org/bytedeco/llvm/linux-x86_64/libRemarks.so.13
7f49f04de000-7f49f04df000 rw-p 00003000 08:03 1579538                    /home/doudou/.javacpp/cache/llvm-13.0.1-1.5.7-linux-x86_64.jar/org/bytedeco/llvm/linux-x86_64/libRemarks.so.13
7f49f04df000-7f49f0500000 rw-p 00000000 00:00 0 
7f49f0500000-7f49f0504000 ---p 00000000 00:00 0 
7f49f0504000-7f49f0600000 rw-p 00000000 00:00 0 
7f49f0600000-7f49f0628000 r--p 00000000 08:03 551134                     /usr/lib/x86_64-linux-gnu/libc.so.6
7f49f0628000-7f49f07bd000 r-xp 00028000 08:03 551134                     /usr/lib/x86_64-linux-gnu/libc.so.6
7f49f07bd000-7f49f0815000 r--p 001bd000 08:03 551134                     /usr/lib/x86_64-linux-gnu/libc.so.6
7f49f0815000-7f49f0819000 r--p 00214000 08:03 551134                     /usr/lib/x86_64-linux-gnu/libc.so.6
7f49f0819000-7f49f081b000 rw-p 00218000 08:03 551134                     /usr/lib/x86_64-linux-gnu/libc.so.6
7f49f081b000-7f49f0828000 rw-p 00000000 00:00 0 
7f49f082a000-7f49f082b000 r--p 00000000 08:03 551276                     /usr/lib/x86_64-linux-gnu/libdl.so.2
7f49f082b000-7f49f082c000 r-xp 00001000 08:03 551276                     /usr/lib/x86_64-linux-gnu/libdl.so.2
7f49f082c000-7f49f082d000 r--p 00002000 08:03 551276                     /usr/lib/x86_64-linux-gnu/libdl.so.2
7f49f082d000-7f49f082e000 r--p 00002000 08:03 551276                     /usr/lib/x86_64-linux-gnu/libdl.so.2
7f49f082e000-7f49f082f000 rw-p 00003000 08:03 551276                     /usr/lib/x86_64-linux-gnu/libdl.so.2
7f49f082f000-7f49f0830000 r--p 00000000 08:03 552054                     /usr/lib/x86_64-linux-gnu/libpthread.so.0
7f49f0830000-7f49f0831000 r-xp 00001000 08:03 552054                     /usr/lib/x86_64-linux-gnu/libpthread.so.0
7f49f0831000-7f49f0832000 r--p 00002000 08:03 552054                     /usr/lib/x86_64-linux-gnu/libpthread.so.0
7f49f0832000-7f49f0833000 r--p 00002000 08:03 552054                     /usr/lib/x86_64-linux-gnu/libpthread.so.0
7f49f0833000-7f49f0834000 rw-p 00003000 08:03 552054                     /usr/lib/x86_64-linux-gnu/libpthread.so.0
7f49f0834000-7f49f0835000 r--p 00000000 08:03 1058804                    /usr/lib/jvm/java-11-openjdk-amd64/lib/libextnet.so
7f49f0835000-7f49f0836000 r-xp 00001000 08:03 1058804                    /usr/lib/jvm/java-11-openjdk-amd64/lib/libextnet.so
7f49f0836000-7f49f0837000 r--p 00002000 08:03 1058804                    /usr/lib/jvm/java-11-openjdk-amd64/lib/libextnet.so
7f49f0837000-7f49f0838000 r--p 00002000 08:03 1058804                    /usr/lib/jvm/java-11-openjdk-amd64/lib/libextnet.so
7f49f0838000-7f49f0839000 rw-p 00003000 08:03 1058804                    /usr/lib/jvm/java-11-openjdk-amd64/lib/libextnet.so
7f49f0839000-7f49f083e000 rw-p 00000000 00:00 0 
7f49f083e000-7f49f0845000 ---p 00000000 00:00 0 
7f49f0845000-7f49f0847000 r--p 00000000 08:03 1058831                    /usr/lib/jvm/java-11-openjdk-amd64/lib/libzip.so
7f49f0847000-7f49f084c000 r-xp 00002000 08:03 1058831                    /usr/lib/jvm/java-11-openjdk-amd64/lib/libzip.so
7f49f084c000-7f49f084e000 r--p 00007000 08:03 1058831                    /usr/lib/jvm/java-11-openjdk-amd64/lib/libzip.so
7f49f084e000-7f49f084f000 r--p 00008000 08:03 1058831                    /usr/lib/jvm/java-11-openjdk-amd64/lib/libzip.so
7f49f084f000-7f49f0850000 rw-p 00009000 08:03 1058831                    /usr/lib/jvm/java-11-openjdk-amd64/lib/libzip.so
7f49f0850000-7f49f0858000 rw-s 00000000 08:03 262226                     /tmp/hsperfdata_doudou/27459
7f49f0858000-7f49f085a000 r--p 00000000 08:03 1058806                    /usr/lib/jvm/java-11-openjdk-amd64/lib/libinstrument.so
7f49f085a000-7f49f0861000 r-xp 00002000 08:03 1058806                    /usr/lib/jvm/java-11-openjdk-amd64/lib/libinstrument.so
7f49f0861000-7f49f0864000 r--p 00009000 08:03 1058806                    /usr/lib/jvm/java-11-openjdk-amd64/lib/libinstrument.so
7f49f0864000-7f49f0865000 r--p 0000b000 08:03 1058806                    /usr/lib/jvm/java-11-openjdk-amd64/lib/libinstrument.so
7f49f0865000-7f49f0866000 rw-p 0000c000 08:03 1058806                    /usr/lib/jvm/java-11-openjdk-amd64/lib/libinstrument.so
7f49f0866000-7f49f0874000 r--p 00000000 08:03 1058811                    /usr/lib/jvm/java-11-openjdk-amd64/lib/libjava.so
7f49f0874000-7f49f088a000 r-xp 0000e000 08:03 1058811                    /usr/lib/jvm/java-11-openjdk-amd64/lib/libjava.so
7f49f088a000-7f49f0891000 r--p 00024000 08:03 1058811                    /usr/lib/jvm/java-11-openjdk-amd64/lib/libjava.so
7f49f0891000-7f49f0892000 r--p 0002a000 08:03 1058811                    /usr/lib/jvm/java-11-openjdk-amd64/lib/libjava.so
7f49f0892000-7f49f0893000 rw-p 0002b000 08:03 1058811                    /usr/lib/jvm/java-11-openjdk-amd64/lib/libjava.so
7f49f0893000-7f49f0894000 rw-p 00000000 00:00 0 
7f49f0894000-7f49f0899000 r--p 00000000 08:03 1058830                    /usr/lib/jvm/java-11-openjdk-amd64/lib/libverify.so
7f49f0899000-7f49f08a0000 r-xp 00005000 08:03 1058830                    /usr/lib/jvm/java-11-openjdk-amd64/lib/libverify.so
7f49f08a0000-7f49f08a2000 r--p 0000c000 08:03 1058830                    /usr/lib/jvm/java-11-openjdk-amd64/lib/libverify.so
7f49f08a2000-7f49f08a4000 r--p 0000d000 08:03 1058830                    /usr/lib/jvm/java-11-openjdk-amd64/lib/libverify.so
7f49f08a4000-7f49f08a5000 rw-p 0000f000 08:03 1058830                    /usr/lib/jvm/java-11-openjdk-amd64/lib/libverify.so
7f49f08a5000-7f49f08a6000 r--p 00000000 08:03 552110                     /usr/lib/x86_64-linux-gnu/librt.so.1
7f49f08a6000-7f49f08a7000 r-xp 00001000 08:03 552110                     /usr/lib/x86_64-linux-gnu/librt.so.1
7f49f08a7000-7f49f08a8000 r--p 00002000 08:03 552110                     /usr/lib/x86_64-linux-gnu/librt.so.1
7f49f08a8000-7f49f08a9000 r--p 00002000 08:03 552110                     /usr/lib/x86_64-linux-gnu/librt.so.1
7f49f08a9000-7f49f08aa000 rw-p 00003000 08:03 552110                     /usr/lib/x86_64-linux-gnu/librt.so.1
7f49f08aa000-7f49f08ad000 r--p 00000000 08:03 551433                     /usr/lib/x86_64-linux-gnu/libgcc_s.so.1
7f49f08ad000-7f49f08c4000 r-xp 00003000 08:03 551433                     /usr/lib/x86_64-linux-gnu/libgcc_s.so.1
7f49f08c4000-7f49f08c8000 r--p 0001a000 08:03 551433                     /usr/lib/x86_64-linux-gnu/libgcc_s.so.1
7f49f08c8000-7f49f08c9000 r--p 0001d000 08:03 551433                     /usr/lib/x86_64-linux-gnu/libgcc_s.so.1
7f49f08c9000-7f49f08ca000 rw-p 0001e000 08:03 551433                     /usr/lib/x86_64-linux-gnu/libgcc_s.so.1
7f49f08ca000-7f49f08d8000 r--p 00000000 08:03 551785                     /usr/lib/x86_64-linux-gnu/libm.so.6
7f49f08d8000-7f49f0954000 r-xp 0000e000 08:03 551785                     /usr/lib/x86_64-linux-gnu/libm.so.6
7f49f0954000-7f49f09af000 r--p 0008a000 08:03 551785                     /usr/lib/x86_64-linux-gnu/libm.so.6
7f49f09af000-7f49f09b0000 r--p 000e4000 08:03 551785                     /usr/lib/x86_64-linux-gnu/libm.so.6
7f49f09b0000-7f49f09b1000 rw-p 000e5000 08:03 551785                     /usr/lib/x86_64-linux-gnu/libm.so.6
7f49f09b1000-7f49f09b3000 rw-p 00000000 00:00 0 
7f49f09b3000-7f49f09b5000 r--p 00000000 08:03 552488                     /usr/lib/x86_64-linux-gnu/libz.so.1.2.11
7f49f09b5000-7f49f09c6000 r-xp 00002000 08:03 552488                     /usr/lib/x86_64-linux-gnu/libz.so.1.2.11
7f49f09c6000-7f49f09cc000 r--p 00013000 08:03 552488                     /usr/lib/x86_64-linux-gnu/libz.so.1.2.11
7f49f09cc000-7f49f09cd000 ---p 00019000 08:03 552488                     /usr/lib/x86_64-linux-gnu/libz.so.1.2.11
7f49f09cd000-7f49f09ce000 r--p 00019000 08:03 552488                     /usr/lib/x86_64-linux-gnu/libz.so.1.2.11
7f49f09ce000-7f49f09cf000 rw-p 0001a000 08:03 552488                     /usr/lib/x86_64-linux-gnu/libz.so.1.2.11
7f49f09d3000-7f49f09d4000 ---p 00000000 00:00 0 
7f49f09d4000-7f49f09d5000 r--p 00000000 00:00 0 
7f49f09d5000-7f49f09d7000 r--p 00000000 08:03 1058814                    /usr/lib/jvm/java-11-openjdk-amd64/lib/libjimage.so
7f49f09d7000-7f49f09da000 r-xp 00002000 08:03 1058814                    /usr/lib/jvm/java-11-openjdk-amd64/lib/libjimage.so
7f49f09da000-7f49f09db000 r--p 00005000 08:03 1058814                    /usr/lib/jvm/java-11-openjdk-amd64/lib/libjimage.so
7f49f09db000-7f49f09dc000 ---p 00006000 08:03 1058814                    /usr/lib/jvm/java-11-openjdk-amd64/lib/libjimage.so
7f49f09dc000-7f49f09dd000 r--p 00006000 08:03 1058814                    /usr/lib/jvm/java-11-openjdk-amd64/lib/libjimage.so
7f49f09dd000-7f49f09de000 rw-p 00007000 08:03 1058814                    /usr/lib/jvm/java-11-openjdk-amd64/lib/libjimage.so
7f49f09de000-7f49f09e1000 r--p 00000000 08:03 1058796                    /usr/lib/jvm/java-11-openjdk-amd64/lib/jli/libjli.so
7f49f09e1000-7f49f09eb000 r-xp 00003000 08:03 1058796                    /usr/lib/jvm/java-11-openjdk-amd64/lib/jli/libjli.so
7f49f09eb000-7f49f09ee000 r--p 0000d000 08:03 1058796                    /usr/lib/jvm/java-11-openjdk-amd64/lib/jli/libjli.so
7f49f09ee000-7f49f09ef000 ---p 00010000 08:03 1058796                    /usr/lib/jvm/java-11-openjdk-amd64/lib/jli/libjli.so
7f49f09ef000-7f49f09f0000 r--p 00010000 08:03 1058796                    /usr/lib/jvm/java-11-openjdk-amd64/lib/jli/libjli.so
7f49f09f0000-7f49f09f1000 rw-p 00011000 08:03 1058796                    /usr/lib/jvm/java-11-openjdk-amd64/lib/jli/libjli.so
7f49f09f1000-7f49f09f3000 rw-p 00000000 00:00 0 
7f49f09f3000-7f49f09f5000 r--p 00000000 08:03 550792                     /usr/lib/x86_64-linux-gnu/ld-linux-x86-64.so.2
7f49f09f5000-7f49f0a1f000 r-xp 00002000 08:03 550792                     /usr/lib/x86_64-linux-gnu/ld-linux-x86-64.so.2
7f49f0a1f000-7f49f0a2a000 r--p 0002c000 08:03 550792                     /usr/lib/x86_64-linux-gnu/ld-linux-x86-64.so.2
7f49f0a2b000-7f49f0a2d000 r--p 00037000 08:03 550792                     /usr/lib/x86_64-linux-gnu/ld-linux-x86-64.so.2
7f49f0a2d000-7f49f0a2f000 rw-p 00039000 08:03 550792                     /usr/lib/x86_64-linux-gnu/ld-linux-x86-64.so.2
7fffd0e26000-7fffd0e47000 rw-p 00000000 00:00 0                          [stack]
7fffd0fba000-7fffd0fbe000 r--p 00000000 00:00 0                          [vvar]
7fffd0fbe000-7fffd0fc0000 r-xp 00000000 00:00 0                          [vdso]
ffffffffff600000-ffffffffff601000 --xp 00000000 00:00 0                  [vsyscall]


VM Arguments:
jvm_args: -javaagent:/snap/intellij-idea-ultimate/437/lib/idea_rt.jar=43707:/snap/intellij-idea-ultimate/437/bin -Dfile.encoding=UTF-8 
java_command: Main /home/doudou/lab/Lab/tests/test1.sysy /home/doudou/lab/Lab/tests/out.txt
java_class_path (initial): /home/doudou/lab/Lab/out/production/Lab:/usr/local/lib/antlr-4.9.1-complete.jar:/usr/local/lib/javacpp-1.5.7-linux-x86_64.jar:/usr/local/lib/javacpp-1.5.7.jar:/usr/local/lib/llvm-13.0.1-1.5.7-linux-x86_64.jar:/usr/local/lib/llvm-13.0.1-1.5.7.jar:/usr/local/lib/llvm-platform-13.0.1-1.5.7.jar
Launcher Type: SUN_STANDARD

[Global flags]
     intx CICompilerCount                          = 2                                         {product} {ergonomic}
     uint ConcGCThreads                            = 1                                         {product} {ergonomic}
     uint G1ConcRefinementThreads                  = 2                                         {product} {ergonomic}
   size_t G1HeapRegionSize                         = 1048576                                   {product} {ergonomic}
    uintx GCDrainStackTargetSize                   = 64                                        {product} {ergonomic}
   size_t InitialHeapSize                          = 65011712                                  {product} {ergonomic}
   size_t MarkStackSize                            = 4194304                                   {product} {ergonomic}
   size_t MaxHeapSize                              = 1025507328                                {product} {ergonomic}
   size_t MaxNewSize                               = 614465536                                 {product} {ergonomic}
   size_t MinHeapDeltaBytes                        = 1048576                                   {product} {ergonomic}
    uintx NonNMethodCodeHeapSize                   = 5825164                                {pd product} {ergonomic}
    uintx NonProfiledCodeHeapSize                  = 122916538                              {pd product} {ergonomic}
    uintx ProfiledCodeHeapSize                     = 122916538                              {pd product} {ergonomic}
    uintx ReservedCodeCacheSize                    = 251658240                              {pd product} {ergonomic}
     bool SegmentedCodeCache                       = true                                      {product} {ergonomic}
     bool UseCompressedClassPointers               = true                                 {lp64_product} {ergonomic}
     bool UseCompressedOops                        = true                                 {lp64_product} {ergonomic}
     bool UseG1GC                                  = true                                      {product} {ergonomic}

Logging:
Log output configuration:
 #0: stdout all=warning uptime,level,tags
 #1: stderr all=off uptime,level,tags

Environment Variables:
PATH=/usr/local/sbin:/usr/local/bin:/usr/sbin:/usr/bin:/sbin:/bin:/usr/games:/usr/local/games:/snap/bin:/snap/bin
USERNAME=doudou
SHELL=/bin/bash
DISPLAY=:0
LANG=en_US.UTF-8
LC_NUMERIC=zh_CN.UTF-8
LC_TIME=zh_CN.UTF-8

Signal Handlers:
SIGSEGV: [libjvm.so+0xeabd80], sa_mask[0]=11111111011111111101111111111110, sa_flags=SA_RESTART|SA_SIGINFO
SIGBUS: [libjvm.so+0xeabd80], sa_mask[0]=11111111011111111101111111111110, sa_flags=SA_RESTART|SA_SIGINFO
SIGFPE: [libjvm.so+0xeabd80], sa_mask[0]=11111111011111111101111111111110, sa_flags=SA_RESTART|SA_SIGINFO
SIGPIPE: [libjvm.so+0xbee610], sa_mask[0]=11111111011111111101111111111110, sa_flags=SA_RESTART|SA_SIGINFO
SIGXFSZ: [libjvm.so+0xbee610], sa_mask[0]=11111111011111111101111111111110, sa_flags=SA_RESTART|SA_SIGINFO
SIGILL: [libjvm.so+0xeabd80], sa_mask[0]=11111111011111111101111111111110, sa_flags=SA_RESTART|SA_SIGINFO
SIGUSR2: [libjvm.so+0xbee4b0], sa_mask[0]=00100000000000000000000000000000, sa_flags=SA_RESTART|SA_SIGINFO
SIGHUP: [libjvm.so+0xbeec50], sa_mask[0]=11111111011111111101111111111110, sa_flags=SA_RESTART|SA_SIGINFO
SIGINT: [libjvm.so+0xbeec50], sa_mask[0]=11111111011111111101111111111110, sa_flags=SA_RESTART|SA_SIGINFO
SIGTERM: [libjvm.so+0xbeec50], sa_mask[0]=11111111011111111101111111111110, sa_flags=SA_RESTART|SA_SIGINFO
SIGQUIT: [libjvm.so+0xbeec50], sa_mask[0]=11111111011111111101111111111110, sa_flags=SA_RESTART|SA_SIGINFO


---------------  S Y S T E M  ---------------

OS:DISTRIB_ID=Ubuntu
DISTRIB_RELEASE=22.04
DISTRIB_CODENAME=jammy
DISTRIB_DESCRIPTION="Ubuntu 22.04.2 LTS"
uname:Linux 5.19.0-45-generic #46~22.04.1-Ubuntu SMP PREEMPT_DYNAMIC Wed Jun 7 15:06:04 UTC 20 x86_64
OS uptime: 0 days 19:04 hours
libc:glibc 2.35 NPTL 2.35 
rlimit (soft/hard): STACK 8192k/infinity , CORE 0k/infinity , NPROC 15333/15333 , NOFILE 1048576/1048576 , AS infinity/infinity , CPU infinity/infinity , DATA infinity/infinity , FSIZE infinity/infinity , MEMLOCK 500652k/500652k
load average:1.03 0.90 1.29

/proc/meminfo:
MemTotal:        4005236 kB
MemFree:          158296 kB
MemAvailable:     128232 kB
Buffers:            2240 kB
Cached:           133640 kB
SwapCached:        55592 kB
Active:           807288 kB
Inactive:        1336604 kB
Active(anon):     758140 kB
Inactive(anon):  1257424 kB
Active(file):      49148 kB
Inactive(file):    79180 kB
Unevictable:           0 kB
Mlocked:               0 kB
SwapTotal:       3512316 kB
SwapFree:        1628868 kB
Zswap:                 0 kB
Zswapped:              0 kB
Dirty:                40 kB
Writeback:            52 kB
AnonPages:       1953600 kB
Mapped:            95624 kB
Shmem:              7448 kB
KReclaimable:      51808 kB
Slab:             243304 kB
SReclaimable:      51808 kB
SUnreclaim:       191496 kB
KernelStack:       11008 kB
PageTables:        27048 kB
NFS_Unstable:          0 kB
Bounce:                0 kB
WritebackTmp:          0 kB
CommitLimit:     5514932 kB
Committed_AS:    6265128 kB
VmallocTotal:   34359738367 kB
VmallocUsed:       46364 kB
VmallocChunk:          0 kB
Percpu:             2216 kB
HardwareCorrupted:     0 kB
AnonHugePages:         0 kB
ShmemHugePages:        0 kB
ShmemPmdMapped:        0 kB
FileHugePages:         0 kB
FilePmdMapped:         0 kB
HugePages_Total:       0
HugePages_Free:        0
HugePages_Rsvd:        0
HugePages_Surp:        0
Hugepagesize:       2048 kB
Hugetlb:               0 kB
DirectMap4k:      218944 kB
DirectMap2M:     3975168 kB
DirectMap1G:     2097152 kB

/sys/kernel/mm/transparent_hugepage/enabled:
always [madvise] never
/sys/kernel/mm/transparent_hugepage/defrag (defrag/compaction efforts parameter):
always defer defer+madvise [madvise] never

Process Memory:
Virtual Size: 3685924K (peak: 12384612K)
Resident Set Size: 93096K (peak: 93096K) (anon: 36656K, file: 56440K, shmem: 0K)
Swapped out: 0K
C-Heap outstanding allocations: 14890K, retained: 1993K
glibc malloc tunables: (default)

/proc/sys/kernel/threads-max (system-wide limit on the number of threads):
30667
/proc/sys/vm/max_map_count (maximum number of memory map areas a process may have):
65530
/proc/sys/kernel/pid_max (system-wide limit on number of process identifiers):
4194304

container (cgroup) information:
container_type: cgroupv2
cpu_cpuset_cpus: not supported
cpu_memory_nodes: not supported
active_processor_count: 2
cpu_quota: not supported
cpu_period: not supported
cpu_shares: not supported
memory_limit_in_bytes: unlimited
memory_and_swap_limit_in_bytes: unlimited
memory_soft_limit_in_bytes: unlimited
memory_usage_in_bytes: 1904264 k
memory_max_usage_in_bytes: not supported
memory_swap_current_in_bytes: 1054632 k
memory_swap_max_limit_in_bytes: unlimited
maximum number of tasks: 4600
current number of tasks: 146

VMWare virtualization detected
Steal ticks since vm start: 0
Steal ticks percentage since vm start:  0.000

CPU:total 2 (initial active 2) (1 cores per cpu, 1 threads per core) family 6 model 140 stepping 1 microcode 0xffffffff, cmov, cx8, fxsr, mmx, sse, sse2, sse3, ssse3, sse4.1, sse4.2, popcnt, avx, avx2, aes, clmul, erms, 3dnowpref, lzcnt, tsc, tscinvbit, bmi1, bmi2, adx, evex, sha, fma
CPU Model and flags from /proc/cpuinfo:
model name	: 11th Gen Intel(R) Core(TM) i7-1165G7 @ 2.80GHz
flags		: fpu vme de pse tsc msr pae mce cx8 apic sep mtrr pge mca cmov pat pse36 clflush mmx fxsr sse sse2 ss syscall nx pdpe1gb rdtscp lm constant_tsc arch_perfmon rep_good nopl xtopology tsc_reliable nonstop_tsc cpuid tsc_known_freq pni pclmulqdq ssse3 fma cx16 pcid sse4_1 sse4_2 x2apic movbe popcnt tsc_deadline_timer aes xsave avx f16c rdrand hypervisor lahf_lm abm 3dnowprefetch invpcid_single pti ssbd ibrs ibpb stibp fsgsbase tsc_adjust bmi1 avx2 smep bmi2 erms invpcid avx512f avx512dq rdseed adx smap avx512ifma clflushopt clwb avx512cd sha_ni avx512bw avx512vl xsaveopt xsavec xgetbv1 xsaves arat avx512vbmi umip avx512_vbmi2 gfni vaes vpclmulqdq avx512_vnni avx512_bitalg avx512_vpopcntdq rdpid fsrm avx512_vp2intersect flush_l1d arch_capabilities
Online cpus:
0-1
Offline cpus:

BIOS frequency limitation:
<Not Available>
Frequency switch latency (ns):
<Not Available>
Available cpu frequencies:
<Not Available>
Current governor:
<Not Available>
Core performance/turbo boost:
<Not Available>

Memory: 4k page, physical 4005236k(158296k free), swap 3512316k(1628868k free)

vm_info: OpenJDK 64-Bit Server VM (11.0.19+7-post-Ubuntu-0ubuntu122.04.1) for linux-amd64 JRE (11.0.19+7-post-Ubuntu-0ubuntu122.04.1), built on May 10 2023 00:54:00 by "unknown" with gcc 11.3.0

END.
