#
# A fatal error has been detected by the Java Runtime Environment:
#
#  SIGSEGV (0xb) at pc=0x00007f5fa6154ae4, pid=27943, tid=27945
#
# JRE version: OpenJDK Runtime Environment (11.0.19+7) (build 11.0.19+7-post-Ubuntu-0ubuntu122.04.1)
# Java VM: OpenJDK 64-Bit Server VM (11.0.19+7-post-Ubuntu-0ubuntu122.04.1, mixed mode, sharing, tiered, compressed oops, g1 gc, linux-amd64)
# Problematic frame:
# C  [libLLVM-13.so+0xd54ae4]  llvm::PointerType::get(llvm::Type*, unsigned int)+0x14
#
# Core dump will be written. Default location: Core dumps may be processed with "/usr/share/apport/apport -p%p -s%s -c%c -d%d -P%P -u%u -g%g -- %E" (or dumping to /home/doudou/lab/Lab/core.27943)
#
# If you would like to submit a bug report, please visit:
#   https://bugs.launchpad.net/ubuntu/+source/openjdk-lts
# The crash happened outside the Java Virtual Machine in native code.
# See problematic frame for where to report the bug.
#

---------------  S U M M A R Y ------------

Command Line: -javaagent:/snap/intellij-idea-ultimate/437/lib/idea_rt.jar=37089:/snap/intellij-idea-ultimate/437/bin -Dfile.encoding=UTF-8 Main /home/doudou/lab/Lab/tests/test1.sysy /home/doudou/lab/Lab/tests/out.txt

Host: 11th Gen Intel(R) Core(TM) i7-1165G7 @ 2.80GHz, 2 cores, 3G, Ubuntu 22.04.2 LTS
Time: Wed Jun 28 14:03:39 2023 CST elapsed time: 2.177596 seconds (0d 0h 0m 2s)

---------------  T H R E A D  ---------------

Current thread (0x00007f6000016800):  JavaThread "main" [_thread_in_native, id=27945, stack(0x00007f6009700000,0x00007f6009800000)]

Stack: [0x00007f6009700000,0x00007f6009800000],  sp=0x00007f60097fd8a0,  free space=1014k
Native frames: (J=compiled Java code, A=aot compiled Java code, j=interpreted, Vv=VM code, C=native code)
C  [libLLVM-13.so+0xd54ae4]  llvm::PointerType::get(llvm::Type*, unsigned int)+0x14

Java frames: (J=compiled Java code, j=interpreted, Vv=VM code)
j  org.bytedeco.llvm.global.LLVM.LLVMBuildInBoundsGEP(Lorg/bytedeco/llvm/LLVM/LLVMBuilderRef;Lorg/bytedeco/llvm/LLVM/LLVMValueRef;Lorg/bytedeco/javacpp/PointerPointer;ILjava/lang/String;)Lorg/bytedeco/llvm/LLVM/LLVMValueRef;+0
j  SysYLlvmVisitor.visitLVal(LSysYParser$LValContext;)Lorg/bytedeco/llvm/LLVM/LLVMValueRef;+184
j  SysYLlvmVisitor.visitExp(LSysYParser$ExpContext;)Lorg/bytedeco/llvm/LLVM/LLVMValueRef;+55
j  SysYLlvmVisitor.visitExp(LSysYParser$ExpContext;)Lorg/bytedeco/llvm/LLVM/LLVMValueRef;+518
j  SysYLlvmVisitor.visitInitVal(LSysYParser$InitValContext;)Lorg/bytedeco/llvm/LLVM/LLVMValueRef;+19
j  SysYLlvmVisitor.visitVarDef(LSysYParser$VarDefContext;)Lorg/bytedeco/llvm/LLVM/LLVMValueRef;+73
j  SysYLlvmVisitor.visitVarDef(LSysYParser$VarDefContext;)Ljava/lang/Object;+2
j  SysYParser$VarDefContext.accept(Lorg/antlr/v4/runtime/tree/ParseTreeVisitor;)Ljava/lang/Object;+12
j  org.antlr.v4.runtime.tree.AbstractParseTreeVisitor.visitChildren(Lorg/antlr/v4/runtime/tree/RuleNode;)Ljava/lang/Object;+46
j  SysYParserBaseVisitor.visitVarDecl(LSysYParser$VarDeclContext;)Ljava/lang/Object;+2
j  SysYParser$VarDeclContext.accept(Lorg/antlr/v4/runtime/tree/ParseTreeVisitor;)Ljava/lang/Object;+12
j  org.antlr.v4.runtime.tree.AbstractParseTreeVisitor.visitChildren(Lorg/antlr/v4/runtime/tree/RuleNode;)Ljava/lang/Object;+46
j  SysYParserBaseVisitor.visitDecl(LSysYParser$DeclContext;)Ljava/lang/Object;+2
j  SysYParser$DeclContext.accept(Lorg/antlr/v4/runtime/tree/ParseTreeVisitor;)Ljava/lang/Object;+12
j  org.antlr.v4.runtime.tree.AbstractParseTreeVisitor.visitChildren(Lorg/antlr/v4/runtime/tree/RuleNode;)Ljava/lang/Object;+46
j  SysYParserBaseVisitor.visitBlockItem(LSysYParser$BlockItemContext;)Ljava/lang/Object;+2
j  SysYParser$BlockItemContext.accept(Lorg/antlr/v4/runtime/tree/ParseTreeVisitor;)Ljava/lang/Object;+12
j  org.antlr.v4.runtime.tree.AbstractParseTreeVisitor.visitChildren(Lorg/antlr/v4/runtime/tree/RuleNode;)Ljava/lang/Object;+46
j  SysYParserBaseVisitor.visitBlock(LSysYParser$BlockContext;)Ljava/lang/Object;+2
j  SysYParser$BlockContext.accept(Lorg/antlr/v4/runtime/tree/ParseTreeVisitor;)Ljava/lang/Object;+12
j  org.antlr.v4.runtime.tree.AbstractParseTreeVisitor.visit(Lorg/antlr/v4/runtime/tree/ParseTree;)Ljava/lang/Object;+2
j  SysYLlvmVisitor.visitFuncDef(LSysYParser$FuncDefContext;)Lorg/bytedeco/llvm/LLVM/LLVMValueRef;+552
j  SysYLlvmVisitor.visitCompUnit(LSysYParser$CompUnitContext;)Lorg/bytedeco/llvm/LLVM/LLVMValueRef;+1876
j  SysYLlvmVisitor.visitCompUnit(LSysYParser$CompUnitContext;)Ljava/lang/Object;+2
j  SysYParser$CompUnitContext.accept(Lorg/antlr/v4/runtime/tree/ParseTreeVisitor;)Ljava/lang/Object;+12
j  org.antlr.v4.runtime.tree.AbstractParseTreeVisitor.visitChildren(Lorg/antlr/v4/runtime/tree/RuleNode;)Ljava/lang/Object;+46
j  SysYParserBaseVisitor.visitProgram(LSysYParser$ProgramContext;)Ljava/lang/Object;+2
j  SysYParser$ProgramContext.accept(Lorg/antlr/v4/runtime/tree/ParseTreeVisitor;)Ljava/lang/Object;+12
j  org.antlr.v4.runtime.tree.AbstractParseTreeVisitor.visit(Lorg/antlr/v4/runtime/tree/ParseTree;)Ljava/lang/Object;+2
j  Main.main([Ljava/lang/String;)V+210
v  ~StubRoutines::call_stub

siginfo: si_signo: 11 (SIGSEGV), si_code: 1 (SEGV_MAPERR), si_addr: 0x0000000000000000

Register to memory mapping:

RAX=0x0 is NULL
RBX=0x0 is NULL
RCX=0x00007f60003f3ec0 points into unknown readable memory: 0x00007f60003dbab0 | b0 ba 3d 00 60 7f 00 00
RDX=0x000000000000000d is an unknown value
RSP=0x00007f60097fd8a0 is pointing into the stack for thread: 0x00007f6000016800
RBP=0x00007f60003fbdc0 points into unknown readable memory: 0x00007f60003f3ec0 | c0 3e 3f 00 60 7f 00 00
RSI=0x0 is NULL
RDI=0x0 is NULL
R8 =0x0 is NULL
R9 =0x0000000000000002 is an unknown value
R10=0x00000000000003d8 is an unknown value
R11=0x0 is NULL
R12=0x0 is NULL
R13=0x00007f60003fc670 points into unknown readable memory: 0x00007f60003f36b0 | b0 36 3f 00 60 7f 00 00
R14=0x0000000000000002 is an unknown value
R15=0x00007f60003f3ea0 points into unknown readable memory: 0x00007f60003dbab0 | b0 ba 3d 00 60 7f 00 00


Registers:
RAX=0x0000000000000000, RBX=0x0000000000000000, RCX=0x00007f60003f3ec0, RDX=0x000000000000000d
RSP=0x00007f60097fd8a0, RBP=0x00007f60003fbdc0, RSI=0x0000000000000000, RDI=0x0000000000000000
R8 =0x0000000000000000, R9 =0x0000000000000002, R10=0x00000000000003d8, R11=0x0000000000000000
R12=0x0000000000000000, R13=0x00007f60003fc670, R14=0x0000000000000002, R15=0x00007f60003f3ea0
RIP=0x00007f5fa6154ae4, EFLAGS=0x0000000000010206, CSGSFS=0x002b000000000033, ERR=0x0000000000000004
  TRAPNO=0x000000000000000e

Top of Stack: (sp=0x00007f60097fd8a0)
0x00007f60097fd8a0:   00007f6000016b48 00007f5fe81c2546
0x00007f60097fd8b0:   00000000000000b0 0000000000000003
0x00007f60097fd8c0:   00007f60097fdac0 00007f60003cb3e0
0x00007f60097fd8d0:   00007f60003fbdc0 00007f60003ee720 

Instructions: (pc=0x00007f5fa6154ae4)
0x00007f5fa61549e4:   00 e0 ff ff 75 07 48 85 c9 49 0f 44 c8 45 01 d1
0x00007f5fa61549f4:   45 8d 5a 01 41 21 f9 45 89 c8 49 c1 e0 04 49 01
0x00007f5fa6154a04:   c0 49 8b 10 48 85 d2 0f 85 85 00 00 00 4c 89 c0
0x00007f5fa6154a14:   e9 e7 f6 ff ff 8b 83 f8 08 00 00 8d 48 01 48 85
0x00007f5fa6154a24:   ff 0f 84 fc f6 ff ff 48 8b 07 48 89 fa e9 57 f2
0x00007f5fa6154a34:   ff ff 48 85 ff 75 0b 48 81 f9 00 e0 ff ff 49 0f
0x00007f5fa6154a44:   44 f8 45 01 d1 45 8d 5a 01 41 21 d1 45 89 c8 49
0x00007f5fa6154a54:   c1 e0 04 49 01 c0 49 8b 08 48 85 c9 74 af 45 89
0x00007f5fa6154a64:   da e9 3f fc ff ff 48 81 ff 00 e0 ff ff 0f 85 a4
0x00007f5fa6154a74:   f7 ff ff 83 7a 08 fe 0f 85 9a f7 ff ff 4d 85 c0
0x00007f5fa6154a84:   4c 0f 44 c2 e9 8e f7 ff ff 89 54 24 08 e9 ee fd
0x00007f5fa6154a94:   ff ff 45 89 da e9 42 fe ff ff 48 81 fe 00 e0 ff
0x00007f5fa6154aa4:   ff 0f 85 51 fa ff ff 83 7a 08 fe 0f 85 47 fa ff
0x00007f5fa6154ab4:   ff 48 85 ff 48 0f 44 fa e9 3b fa ff ff e9 c7 42
0x00007f5fa6154ac4:   bd ff 66 2e 0f 1f 84 00 00 00 00 00 41 57 41 56
0x00007f5fa6154ad4:   41 55 41 54 41 89 f4 55 53 48 89 fb 48 83 ec 28
0x00007f5fa6154ae4:   48 8b 3f 48 8b 2f 80 bd d0 08 00 00 00 75 7d 80
0x00007f5fa6154af4:   7b 08 0f 75 07 48 83 7b 18 00 74 70 45 85 e4 0f
0x00007f5fa6154b04:   85 87 00 00 00 44 8b bd e8 08 00 00 4c 8b ad d8
0x00007f5fa6154b14:   08 00 00 45 85 ff 0f 84 50 01 00 00 41 89 de 89
0x00007f5fa6154b24:   d8 45 8d 47 ff c1 e8 09 41 c1 ee 04 41 31 c6 44
0x00007f5fa6154b34:   89 f7 44 21 c7 89 f8 48 c1 e0 04 49 8d 54 05 00
0x00007f5fa6154b44:   48 8b 32 48 39 de 0f 85 70 07 00 00 48 8b 42 08
0x00007f5fa6154b54:   4c 8d 72 08 48 85 c0 0f 84 b4 02 00 00 48 83 c4
0x00007f5fa6154b64:   28 5b 5d 41 5c 41 5d 41 5e 41 5f c3 48 83 c4 28
0x00007f5fa6154b74:   44 89 e6 5b 5d 41 5c 41 5d 41 5e 41 5f e9 ba ef
0x00007f5fa6154b84:   ff ff 66 2e 0f 1f 84 00 00 00 00 00 44 8b bd 00
0x00007f5fa6154b94:   09 00 00 4c 8b ad f0 08 00 00 45 85 ff 0f 84 51
0x00007f5fa6154ba4:   03 00 00 89 d8 89 da 41 8d 77 ff 41 b8 01 00 00
0x00007f5fa6154bb4:   00 c1 ea 09 c1 e8 04 89 f7 31 d0 43 8d 14 e4 41
0x00007f5fa6154bc4:   8d 14 94 48 c1 e0 20 48 09 d0 48 c1 e2 20 48 83
0x00007f5fa6154bd4:   e8 01 48 29 d0 48 89 c2 48 c1 ea 16 48 31 d0 48 


Stack slot to memory mapping:
stack at sp + 0 slots: 0x00007f6000016b48 points into unknown readable memory: 0x00007f6009644b40 | 40 4b 64 09 60 7f 00 00
stack at sp + 1 slots: 0x00007f5fe81c2546: _ZN7JNIEnv_16CallObjectMethodEP8_jobjectP10_jmethodIDz+0x0000000000000086 in /home/doudou/.javacpp/cache/llvm-13.0.1-1.5.7-linux-x86_64.jar/org/bytedeco/llvm/linux-x86_64/libjniLLVM.so at 0x00007f5fe80f6000
stack at sp + 2 slots: 0x00000000000000b0 is an unknown value
stack at sp + 3 slots: 0x0000000000000003 is an unknown value
stack at sp + 4 slots: 0x00007f60097fdac0 is pointing into the stack for thread: 0x00007f6000016800
stack at sp + 5 slots: 0x00007f60003cb3e0 points into unknown readable memory: 0x00007f60003cb3f0 | f0 b3 3c 00 60 7f 00 00
stack at sp + 6 slots: 0x00007f60003fbdc0 points into unknown readable memory: 0x00007f60003f3ec0 | c0 3e 3f 00 60 7f 00 00
stack at sp + 7 slots: 0x00007f60003ee720 points into unknown readable memory: 0x302e33312d6d766c | 6c 76 6d 2d 31 33 2e 30


---------------  P R O C E S S  ---------------

Threads class SMR info:
_java_thread_list=0x00007f5fbc000c40, length=12, elements={
0x00007f6000016800, 0x00007f6000120000, 0x00007f6000122000, 0x00007f6000128800,
0x00007f600012a800, 0x00007f600012c800, 0x00007f600012f000, 0x00007f6000131000,
0x00007f600013e800, 0x00007f600021d000, 0x00007f6000237800, 0x00007f5fbc001000
}

Java Threads: ( => current thread )
=>0x00007f6000016800 JavaThread "main" [_thread_in_native, id=27945, stack(0x00007f6009700000,0x00007f6009800000)]
  0x00007f6000120000 JavaThread "Reference Handler" daemon [_thread_blocked, id=27961, stack(0x00007f6004739000,0x00007f6004839000)]
  0x00007f6000122000 JavaThread "Finalizer" daemon [_thread_blocked, id=27962, stack(0x00007f6004639000,0x00007f6004739000)]
  0x00007f6000128800 JavaThread "Signal Dispatcher" daemon [_thread_blocked, id=27968, stack(0x00007f6004539000,0x00007f6004639000)]
  0x00007f600012a800 JavaThread "Service Thread" daemon [_thread_blocked, id=27969, stack(0x00007f6004439000,0x00007f6004539000)]
  0x00007f600012c800 JavaThread "C2 CompilerThread0" daemon [_thread_blocked, id=27970, stack(0x00007f6004339000,0x00007f6004439000)]
  0x00007f600012f000 JavaThread "C1 CompilerThread0" daemon [_thread_blocked, id=27971, stack(0x00007f6004239000,0x00007f6004339000)]
  0x00007f6000131000 JavaThread "Sweeper thread" daemon [_thread_blocked, id=27972, stack(0x00007f6004139000,0x00007f6004239000)]
  0x00007f600013e800 JavaThread "Common-Cleaner" daemon [_thread_blocked, id=27973, stack(0x00007f6004039000,0x00007f6004139000)]
  0x00007f600021d000 JavaThread "Monitor Ctrl-Break" daemon [_thread_in_native, id=27976, stack(0x00007f5ffff00000,0x00007f6000000000)]
  0x00007f6000237800 JavaThread "JavaCPP Deallocator" daemon [_thread_blocked, id=27979, stack(0x00007f5fe83fe000,0x00007f5fe84fe000)]
  0x00007f5fbc001000 JavaThread "Attach Listener" daemon [_thread_blocked, id=27981, stack(0x00007f5fe81fc000,0x00007f5fe82fc000)]

Other Threads:
  0x00007f600011d000 VMThread "VM Thread" [stack: 0x00007f600483b000,0x00007f600493b000] [id=27957]
  0x00007f600021e800 WatcherThread [stack: 0x00007f5fe8500000,0x00007f5fe8600000] [id=27977]
  0x00007f600002f800 GCTaskThread "GC Thread#0" [stack: 0x00007f6007e15000,0x00007f6007f15000] [id=27947]
  0x00007f5fd0001000 GCTaskThread "GC Thread#1" [stack: 0x00007f5fe82fe000,0x00007f5fe83fe000] [id=27980]
  0x00007f600004a800 ConcurrentGCThread "G1 Main Marker" [stack: 0x00007f60056c6000,0x00007f60057c6000] [id=27950]
  0x00007f600004c800 ConcurrentGCThread "G1 Conc#0" [stack: 0x00007f60055c4000,0x00007f60056c4000] [id=27951]
  0x00007f6000087800 ConcurrentGCThread "G1 Refine#0" [stack: 0x00007f60052c0000,0x00007f60053c0000] [id=27953]
  0x00007f6000089800 ConcurrentGCThread "G1 Young RemSet Sampling" [stack: 0x00007f60051be000,0x00007f60052be000] [id=27954]

Threads with active compile tasks:

VM state:not at safepoint (normal execution)

VM Mutex/Monitor currently owned by a thread: None

Heap address: 0x00000000c2e00000, size: 978 MB, Compressed Oops mode: 32-bit
Narrow klass base: 0x0000000800000000, Narrow klass shift: 3
Compressed class space size: 1073741824 Address: 0x0000000840000000

Heap:
 garbage-first heap   total 65536K, used 6445K [0x00000000c2e00000, 0x0000000100000000)
  region size 1024K, 6 young (6144K), 1 survivors (1024K)
 Metaspace       used 4269K, capacity 6636K, committed 6912K, reserved 1056768K
  class space    used 453K, capacity 701K, committed 768K, reserved 1048576K
Heap Regions: E=young(eden), S=young(survivor), O=old, HS=humongous(starts), HC=humongous(continues), CS=collection set, F=free, A=archive, TAMS=top-at-mark-start (previous, next)
|   0|0x00000000c2e00000, 0x00000000c2e99600, 0x00000000c2f00000| 59%| O|  |TAMS 0x00000000c2e00000, 0x00000000c2e00000| Untracked 
|   1|0x00000000c2f00000, 0x00000000c2f00000, 0x00000000c3000000|  0%| F|  |TAMS 0x00000000c2f00000, 0x00000000c2f00000| Untracked 
|   2|0x00000000c3000000, 0x00000000c3000000, 0x00000000c3100000|  0%| F|  |TAMS 0x00000000c3000000, 0x00000000c3000000| Untracked 
|   3|0x00000000c3100000, 0x00000000c3100000, 0x00000000c3200000|  0%| F|  |TAMS 0x00000000c3100000, 0x00000000c3100000| Untracked 
|   4|0x00000000c3200000, 0x00000000c3200000, 0x00000000c3300000|  0%| F|  |TAMS 0x00000000c3200000, 0x00000000c3200000| Untracked 
|   5|0x00000000c3300000, 0x00000000c3300000, 0x00000000c3400000|  0%| F|  |TAMS 0x00000000c3300000, 0x00000000c3300000| Untracked 
|   6|0x00000000c3400000, 0x00000000c3400000, 0x00000000c3500000|  0%| F|  |TAMS 0x00000000c3400000, 0x00000000c3400000| Untracked 
|   7|0x00000000c3500000, 0x00000000c3500000, 0x00000000c3600000|  0%| F|  |TAMS 0x00000000c3500000, 0x00000000c3500000| Untracked 
|   8|0x00000000c3600000, 0x00000000c3600000, 0x00000000c3700000|  0%| F|  |TAMS 0x00000000c3600000, 0x00000000c3600000| Untracked 
|   9|0x00000000c3700000, 0x00000000c3700000, 0x00000000c3800000|  0%| F|  |TAMS 0x00000000c3700000, 0x00000000c3700000| Untracked 
|  10|0x00000000c3800000, 0x00000000c3800000, 0x00000000c3900000|  0%| F|  |TAMS 0x00000000c3800000, 0x00000000c3800000| Untracked 
|  11|0x00000000c3900000, 0x00000000c3900000, 0x00000000c3a00000|  0%| F|  |TAMS 0x00000000c3900000, 0x00000000c3900000| Untracked 
|  12|0x00000000c3a00000, 0x00000000c3a00000, 0x00000000c3b00000|  0%| F|  |TAMS 0x00000000c3a00000, 0x00000000c3a00000| Untracked 
|  13|0x00000000c3b00000, 0x00000000c3b00000, 0x00000000c3c00000|  0%| F|  |TAMS 0x00000000c3b00000, 0x00000000c3b00000| Untracked 
|  14|0x00000000c3c00000, 0x00000000c3c00000, 0x00000000c3d00000|  0%| F|  |TAMS 0x00000000c3c00000, 0x00000000c3c00000| Untracked 
|  15|0x00000000c3d00000, 0x00000000c3d00000, 0x00000000c3e00000|  0%| F|  |TAMS 0x00000000c3d00000, 0x00000000c3d00000| Untracked 
|  16|0x00000000c3e00000, 0x00000000c3e00000, 0x00000000c3f00000|  0%| F|  |TAMS 0x00000000c3e00000, 0x00000000c3e00000| Untracked 
|  17|0x00000000c3f00000, 0x00000000c3f00000, 0x00000000c4000000|  0%| F|  |TAMS 0x00000000c3f00000, 0x00000000c3f00000| Untracked 
|  18|0x00000000c4000000, 0x00000000c4000000, 0x00000000c4100000|  0%| F|  |TAMS 0x00000000c4000000, 0x00000000c4000000| Untracked 
|  19|0x00000000c4100000, 0x00000000c4100000, 0x00000000c4200000|  0%| F|  |TAMS 0x00000000c4100000, 0x00000000c4100000| Untracked 
|  20|0x00000000c4200000, 0x00000000c4200000, 0x00000000c4300000|  0%| F|  |TAMS 0x00000000c4200000, 0x00000000c4200000| Untracked 
|  21|0x00000000c4300000, 0x00000000c4300000, 0x00000000c4400000|  0%| F|  |TAMS 0x00000000c4300000, 0x00000000c4300000| Untracked 
|  22|0x00000000c4400000, 0x00000000c4400000, 0x00000000c4500000|  0%| F|  |TAMS 0x00000000c4400000, 0x00000000c4400000| Untracked 
|  23|0x00000000c4500000, 0x00000000c4500000, 0x00000000c4600000|  0%| F|  |TAMS 0x00000000c4500000, 0x00000000c4500000| Untracked 
|  24|0x00000000c4600000, 0x00000000c4600000, 0x00000000c4700000|  0%| F|  |TAMS 0x00000000c4600000, 0x00000000c4600000| Untracked 
|  25|0x00000000c4700000, 0x00000000c4700000, 0x00000000c4800000|  0%| F|  |TAMS 0x00000000c4700000, 0x00000000c4700000| Untracked 
|  26|0x00000000c4800000, 0x00000000c4800000, 0x00000000c4900000|  0%| F|  |TAMS 0x00000000c4800000, 0x00000000c4800000| Untracked 
|  27|0x00000000c4900000, 0x00000000c4900000, 0x00000000c4a00000|  0%| F|  |TAMS 0x00000000c4900000, 0x00000000c4900000| Untracked 
|  28|0x00000000c4a00000, 0x00000000c4a00000, 0x00000000c4b00000|  0%| F|  |TAMS 0x00000000c4a00000, 0x00000000c4a00000| Untracked 
|  29|0x00000000c4b00000, 0x00000000c4b00000, 0x00000000c4c00000|  0%| F|  |TAMS 0x00000000c4b00000, 0x00000000c4b00000| Untracked 
|  30|0x00000000c4c00000, 0x00000000c4c00000, 0x00000000c4d00000|  0%| F|  |TAMS 0x00000000c4c00000, 0x00000000c4c00000| Untracked 
|  31|0x00000000c4d00000, 0x00000000c4d00000, 0x00000000c4e00000|  0%| F|  |TAMS 0x00000000c4d00000, 0x00000000c4d00000| Untracked 
|  32|0x00000000c4e00000, 0x00000000c4e00000, 0x00000000c4f00000|  0%| F|  |TAMS 0x00000000c4e00000, 0x00000000c4e00000| Untracked 
|  33|0x00000000c4f00000, 0x00000000c4f00000, 0x00000000c5000000|  0%| F|  |TAMS 0x00000000c4f00000, 0x00000000c4f00000| Untracked 
|  34|0x00000000c5000000, 0x00000000c5000000, 0x00000000c5100000|  0%| F|  |TAMS 0x00000000c5000000, 0x00000000c5000000| Untracked 
|  35|0x00000000c5100000, 0x00000000c5100000, 0x00000000c5200000|  0%| F|  |TAMS 0x00000000c5100000, 0x00000000c5100000| Untracked 
|  36|0x00000000c5200000, 0x00000000c5200000, 0x00000000c5300000|  0%| F|  |TAMS 0x00000000c5200000, 0x00000000c5200000| Untracked 
|  37|0x00000000c5300000, 0x00000000c5300000, 0x00000000c5400000|  0%| F|  |TAMS 0x00000000c5300000, 0x00000000c5300000| Untracked 
|  38|0x00000000c5400000, 0x00000000c5400000, 0x00000000c5500000|  0%| F|  |TAMS 0x00000000c5400000, 0x00000000c5400000| Untracked 
|  39|0x00000000c5500000, 0x00000000c5500000, 0x00000000c5600000|  0%| F|  |TAMS 0x00000000c5500000, 0x00000000c5500000| Untracked 
|  40|0x00000000c5600000, 0x00000000c5600000, 0x00000000c5700000|  0%| F|  |TAMS 0x00000000c5600000, 0x00000000c5600000| Untracked 
|  41|0x00000000c5700000, 0x00000000c5700000, 0x00000000c5800000|  0%| F|  |TAMS 0x00000000c5700000, 0x00000000c5700000| Untracked 
|  42|0x00000000c5800000, 0x00000000c5800000, 0x00000000c5900000|  0%| F|  |TAMS 0x00000000c5800000, 0x00000000c5800000| Untracked 
|  43|0x00000000c5900000, 0x00000000c5900000, 0x00000000c5a00000|  0%| F|  |TAMS 0x00000000c5900000, 0x00000000c5900000| Untracked 
|  44|0x00000000c5a00000, 0x00000000c5a00000, 0x00000000c5b00000|  0%| F|  |TAMS 0x00000000c5a00000, 0x00000000c5a00000| Untracked 
|  45|0x00000000c5b00000, 0x00000000c5b00000, 0x00000000c5c00000|  0%| F|  |TAMS 0x00000000c5b00000, 0x00000000c5b00000| Untracked 
|  46|0x00000000c5c00000, 0x00000000c5c00000, 0x00000000c5d00000|  0%| F|  |TAMS 0x00000000c5c00000, 0x00000000c5c00000| Untracked 
|  47|0x00000000c5d00000, 0x00000000c5d00000, 0x00000000c5e00000|  0%| F|  |TAMS 0x00000000c5d00000, 0x00000000c5d00000| Untracked 
|  48|0x00000000c5e00000, 0x00000000c5e00000, 0x00000000c5f00000|  0%| F|  |TAMS 0x00000000c5e00000, 0x00000000c5e00000| Untracked 
|  49|0x00000000c5f00000, 0x00000000c5f00000, 0x00000000c6000000|  0%| F|  |TAMS 0x00000000c5f00000, 0x00000000c5f00000| Untracked 
|  50|0x00000000c6000000, 0x00000000c6000000, 0x00000000c6100000|  0%| F|  |TAMS 0x00000000c6000000, 0x00000000c6000000| Untracked 
|  51|0x00000000c6100000, 0x00000000c6100000, 0x00000000c6200000|  0%| F|  |TAMS 0x00000000c6100000, 0x00000000c6100000| Untracked 
|  52|0x00000000c6200000, 0x00000000c6200000, 0x00000000c6300000|  0%| F|  |TAMS 0x00000000c6200000, 0x00000000c6200000| Untracked 
|  53|0x00000000c6300000, 0x00000000c6300000, 0x00000000c6400000|  0%| F|  |TAMS 0x00000000c6300000, 0x00000000c6300000| Untracked 
|  54|0x00000000c6400000, 0x00000000c6500000, 0x00000000c6500000|100%| S|CS|TAMS 0x00000000c6400000, 0x00000000c6400000| Complete 
|  55|0x00000000c6500000, 0x00000000c6500000, 0x00000000c6600000|  0%| F|  |TAMS 0x00000000c6500000, 0x00000000c6500000| Untracked 
|  56|0x00000000c6600000, 0x00000000c6600000, 0x00000000c6700000|  0%| F|  |TAMS 0x00000000c6600000, 0x00000000c6600000| Untracked 
|  57|0x00000000c6700000, 0x00000000c6780800, 0x00000000c6800000| 50%| E|  |TAMS 0x00000000c6700000, 0x00000000c6700000| Complete 
|  58|0x00000000c6800000, 0x00000000c6900000, 0x00000000c6900000|100%| E|CS|TAMS 0x00000000c6800000, 0x00000000c6800000| Complete 
|  59|0x00000000c6900000, 0x00000000c6a00000, 0x00000000c6a00000|100%| E|CS|TAMS 0x00000000c6900000, 0x00000000c6900000| Complete 
|  60|0x00000000c6a00000, 0x00000000c6b00000, 0x00000000c6b00000|100%| E|CS|TAMS 0x00000000c6a00000, 0x00000000c6a00000| Complete 
|  61|0x00000000c6b00000, 0x00000000c6c00000, 0x00000000c6c00000|100%| E|CS|TAMS 0x00000000c6b00000, 0x00000000c6b00000| Complete 
| 976|0x00000000ffe00000, 0x00000000ffe47000, 0x00000000fff00000| 27%|OA|  |TAMS 0x00000000ffe00000, 0x00000000ffe00000| Untracked 
| 977|0x00000000fff00000, 0x00000000fff6b000, 0x0000000100000000| 41%|CA|  |TAMS 0x00000000fff00000, 0x00000000fff00000| Untracked 

Card table byte_map: [0x00007f600783f000,0x00007f6007a28000] _byte_map_base: 0x00007f6007228000

Marking Bits (Prev, Next): (CMBitMap*) 0x00007f6000045b88, (CMBitMap*) 0x00007f6000045bc0
 Prev Bits: [0x00007f600670e000, 0x00007f6007656000)
 Next Bits: [0x00007f60057c6000, 0x00007f600670e000)

Polling page: 0x00007f6009b7a000

Metaspace:

Usage:
  Non-class:      5.80 MB capacity,     3.73 MB ( 64%) used,     2.06 MB ( 36%) free+waste,     7.56 KB ( <1%) overhead. 
      Class:    701.00 KB capacity,   453.69 KB ( 65%) used,   243.25 KB ( 35%) free+waste,     4.06 KB ( <1%) overhead. 
       Both:      6.48 MB capacity,     4.17 MB ( 64%) used,     2.30 MB ( 35%) free+waste,    11.62 KB ( <1%) overhead. 

Virtual space:
  Non-class space:        8.00 MB reserved,       6.00 MB ( 75%) committed 
      Class space:        1.00 GB reserved,     768.00 KB ( <1%) committed 
             Both:        1.01 GB reserved,       6.75 MB ( <1%) committed 

Chunk freelists:
   Non-Class:  33.00 KB
       Class:  3.00 KB
        Both:  36.00 KB

MaxMetaspaceSize: unlimited
CompressedClassSpaceSize: 1.00 GB
Initial GC threshold: 20.80 MB
Current GC threshold: 20.80 MB
CDS: on

CodeHeap 'non-profiled nmethods': size=120036Kb used=236Kb max_used=236Kb free=119799Kb
 bounds [0x00007f5ff00c7000, 0x00007f5ff0337000, 0x00007f5ff7600000]
CodeHeap 'profiled nmethods': size=120032Kb used=1408Kb max_used=1408Kb free=118623Kb
 bounds [0x00007f5fe8b8f000, 0x00007f5fe8dff000, 0x00007f5ff00c7000]
CodeHeap 'non-nmethods': size=5692Kb used=1160Kb max_used=1171Kb free=4532Kb
 bounds [0x00007f5fe8600000, 0x00007f5fe8870000, 0x00007f5fe8b8f000]
 total_blobs=1187 nmethods=774 adapters=327
 compilation: enabled
              stopped_count=0, restarted_count=0
 full_count=0

Compilation events (20 events):
Event: 2.164 Thread 0x00007f600012f000 nmethod 750 0x00007f5fe8cdf310 code [0x00007f5fe8cdf4c0, 0x00007f5fe8cdf5d0]
Event: 2.164 Thread 0x00007f600012f000  753       3       java.util.ImmutableCollections$ListN::get (7 bytes)
Event: 2.164 Thread 0x00007f600012f000 nmethod 753 0x00007f5fe8cdf690 code [0x00007f5fe8cdf840, 0x00007f5fe8cdf970]
Event: 2.165 Thread 0x00007f600012f000  751       3       java.lang.invoke.MemberName::init (66 bytes)
Event: 2.165 Thread 0x00007f600012f000 nmethod 751 0x00007f5fe8cdfa10 code [0x00007f5fe8cdfbc0, 0x00007f5fe8cdfe10]
Event: 2.165 Thread 0x00007f600012f000  756       3       jdk.internal.org.objectweb.asm.ClassWriter::newStringishItem (68 bytes)
Event: 2.165 Thread 0x00007f600012f000 nmethod 756 0x00007f5fe8cdfe90 code [0x00007f5fe8ce00a0, 0x00007f5fe8ce0430]
Event: 2.165 Thread 0x00007f600012f000  757       3       java.lang.Number::<init> (5 bytes)
Event: 2.166 Thread 0x00007f600012f000 nmethod 757 0x00007f5fe8ce0610 code [0x00007f5fe8ce07c0, 0x00007f5fe8ce0930]
Event: 2.166 Thread 0x00007f600012f000  755       3       java.lang.invoke.LambdaForm$NamedFunction::methodType (23 bytes)
Event: 2.166 Thread 0x00007f600012f000 nmethod 755 0x00007f5fe8ce0a10 code [0x00007f5fe8ce0be0, 0x00007f5fe8ce0e20]
Event: 2.166 Thread 0x00007f600012f000  761       3       java.lang.invoke.LambdaForm::parameterType (9 bytes)
Event: 2.166 Thread 0x00007f600012f000 nmethod 761 0x00007f5fe8ce0f10 code [0x00007f5fe8ce10c0, 0x00007f5fe8ce1220]
Event: 2.166 Thread 0x00007f600012f000  758   !   3       java.lang.invoke.MemberName$Factory::resolve (157 bytes)
Event: 2.167 Thread 0x00007f600012f000 nmethod 758 0x00007f5fe8ce1310 code [0x00007f5fe8ce1540, 0x00007f5fe8ce1c00]
Event: 2.167 Thread 0x00007f600012f000  762       3       java.lang.invoke.MethodType::parameterSlotCount (8 bytes)
Event: 2.167 Thread 0x00007f600012f000 nmethod 762 0x00007f5fe8ce1f10 code [0x00007f5fe8ce20c0, 0x00007f5fe8ce22d0]
Event: 2.167 Thread 0x00007f600012f000  765       3       jdk.internal.org.objectweb.asm.Frame::execute (2264 bytes)
Event: 2.169 Thread 0x00007f600012c800  737       4       java.lang.StringBuilder::<init> (7 bytes)
Event: 2.172 Thread 0x00007f600012c800 nmethod 737 0x00007f5ff0101b90 code [0x00007f5ff0101d20, 0x00007f5ff0101ed8]

GC Heap History (2 events):
Event: 1.042 GC heap before
{Heap before GC invocations=0 (full 0):
 garbage-first heap   total 65536K, used 6856K [0x00000000c2e00000, 0x0000000100000000)
  region size 1024K, 7 young (7168K), 0 survivors (0K)
 Metaspace       used 3138K, capacity 5908K, committed 6016K, reserved 1056768K
  class space    used 338K, capacity 586K, committed 640K, reserved 1048576K
}
Event: 1.062 GC heap after
{Heap after GC invocations=1 (full 0):
 garbage-first heap   total 65536K, used 2349K [0x00000000c2e00000, 0x0000000100000000)
  region size 1024K, 1 young (1024K), 1 survivors (1024K)
 Metaspace       used 3138K, capacity 5908K, committed 6016K, reserved 1056768K
  class space    used 338K, capacity 586K, committed 640K, reserved 1048576K
}

Deoptimization events (20 events):
Event: 1.069 Thread 0x00007f6000016800 DEOPT PACKING pc=0x00007f5fe8c01c24 sp=0x00007f60097fc390
Event: 1.069 Thread 0x00007f6000016800 DEOPT UNPACKING pc=0x00007f5fe86499fa sp=0x00007f60097fb808 mode 0
Event: 1.583 Thread 0x00007f6000016800 DEOPT PACKING pc=0x00007f5fe8bffcc2 sp=0x00007f60097fd4d0
Event: 1.583 Thread 0x00007f6000016800 DEOPT UNPACKING pc=0x00007f5fe86499fa sp=0x00007f60097fc958 mode 0
Event: 2.156 Thread 0x00007f6000016800 Uncommon trap: trap_request=0xffffffc6 fr.pc=0x00007f5ff00d03a4 relative=0x0000000000000084
Event: 2.156 Thread 0x00007f6000016800 Uncommon trap: reason=bimorphic_or_optimized_type_check action=maybe_recompile pc=0x00007f5ff00d03a4 method=java.util.AbstractCollection.isEmpty()Z @ 1 c2
Event: 2.156 Thread 0x00007f6000016800 DEOPT PACKING pc=0x00007f5ff00d03a4 sp=0x00007f60097fd310
Event: 2.156 Thread 0x00007f6000016800 DEOPT UNPACKING pc=0x00007f5fe86082a5 sp=0x00007f60097fd2c0 mode 2
Event: 2.156 Thread 0x00007f6000016800 Uncommon trap: trap_request=0xffffffc6 fr.pc=0x00007f5ff00d03a4 relative=0x0000000000000084
Event: 2.156 Thread 0x00007f6000016800 Uncommon trap: reason=bimorphic_or_optimized_type_check action=maybe_recompile pc=0x00007f5ff00d03a4 method=java.util.AbstractCollection.isEmpty()Z @ 1 c2
Event: 2.156 Thread 0x00007f6000016800 DEOPT PACKING pc=0x00007f5ff00d03a4 sp=0x00007f60097fd4e0
Event: 2.156 Thread 0x00007f6000016800 DEOPT UNPACKING pc=0x00007f5fe86082a5 sp=0x00007f60097fd490 mode 2
Event: 2.157 Thread 0x00007f6000016800 Uncommon trap: trap_request=0xffffffc6 fr.pc=0x00007f5ff00d03a4 relative=0x0000000000000084
Event: 2.157 Thread 0x00007f6000016800 Uncommon trap: reason=bimorphic_or_optimized_type_check action=maybe_recompile pc=0x00007f5ff00d03a4 method=java.util.AbstractCollection.isEmpty()Z @ 1 c2
Event: 2.157 Thread 0x00007f6000016800 DEOPT PACKING pc=0x00007f5ff00d03a4 sp=0x00007f60097fd500
Event: 2.157 Thread 0x00007f6000016800 DEOPT UNPACKING pc=0x00007f5fe86082a5 sp=0x00007f60097fd4b0 mode 2
Event: 2.159 Thread 0x00007f6000016800 Uncommon trap: trap_request=0xffffffc6 fr.pc=0x00007f5ff00d03a4 relative=0x0000000000000084
Event: 2.159 Thread 0x00007f6000016800 Uncommon trap: reason=bimorphic_or_optimized_type_check action=maybe_recompile pc=0x00007f5ff00d03a4 method=java.util.AbstractCollection.isEmpty()Z @ 1 c2
Event: 2.159 Thread 0x00007f6000016800 DEOPT PACKING pc=0x00007f5ff00d03a4 sp=0x00007f60097fd310
Event: 2.159 Thread 0x00007f6000016800 DEOPT UNPACKING pc=0x00007f5fe86082a5 sp=0x00007f60097fd2c0 mode 2

Classes redefined (0 events):
No events

Internal exceptions (20 events):
Event: 0.378 Thread 0x00007f6000016800 Exception <a 'java/security/PrivilegedActionException'{0x00000000c6ae6248}> (0x00000000c6ae6248) thrown at [./src/hotspot/share/prims/jvm.cpp, line 1304]
Event: 0.378 Thread 0x00007f6000016800 Exception <a 'java/security/PrivilegedActionException'{0x00000000c6ae6518}> (0x00000000c6ae6518) thrown at [./src/hotspot/share/prims/jvm.cpp, line 1304]
Event: 0.378 Thread 0x00007f6000016800 Exception <a 'java/security/PrivilegedActionException'{0x00000000c6ae6e88}> (0x00000000c6ae6e88) thrown at [./src/hotspot/share/prims/jvm.cpp, line 1304]
Event: 0.378 Thread 0x00007f6000016800 Exception <a 'java/security/PrivilegedActionException'{0x00000000c6ae7158}> (0x00000000c6ae7158) thrown at [./src/hotspot/share/prims/jvm.cpp, line 1304]
Event: 0.378 Thread 0x00007f6000016800 Exception <a 'java/security/PrivilegedActionException'{0x00000000c6ae7ac8}> (0x00000000c6ae7ac8) thrown at [./src/hotspot/share/prims/jvm.cpp, line 1304]
Event: 0.378 Thread 0x00007f6000016800 Exception <a 'java/security/PrivilegedActionException'{0x00000000c6ae7d98}> (0x00000000c6ae7d98) thrown at [./src/hotspot/share/prims/jvm.cpp, line 1304]
Event: 0.378 Thread 0x00007f6000016800 Exception <a 'java/security/PrivilegedActionException'{0x00000000c6ae8720}> (0x00000000c6ae8720) thrown at [./src/hotspot/share/prims/jvm.cpp, line 1304]
Event: 0.378 Thread 0x00007f6000016800 Exception <a 'java/security/PrivilegedActionException'{0x00000000c6ae89f0}> (0x00000000c6ae89f0) thrown at [./src/hotspot/share/prims/jvm.cpp, line 1304]
Event: 0.378 Thread 0x00007f6000016800 Exception <a 'java/security/PrivilegedActionException'{0x00000000c6ae9378}> (0x00000000c6ae9378) thrown at [./src/hotspot/share/prims/jvm.cpp, line 1304]
Event: 0.378 Thread 0x00007f6000016800 Exception <a 'java/security/PrivilegedActionException'{0x00000000c6ae9648}> (0x00000000c6ae9648) thrown at [./src/hotspot/share/prims/jvm.cpp, line 1304]
Event: 0.378 Thread 0x00007f6000016800 Exception <a 'java/security/PrivilegedActionException'{0x00000000c6ae9fd0}> (0x00000000c6ae9fd0) thrown at [./src/hotspot/share/prims/jvm.cpp, line 1304]
Event: 0.378 Thread 0x00007f6000016800 Exception <a 'java/security/PrivilegedActionException'{0x00000000c6aea2a0}> (0x00000000c6aea2a0) thrown at [./src/hotspot/share/prims/jvm.cpp, line 1304]
Event: 0.378 Thread 0x00007f6000016800 Exception <a 'java/security/PrivilegedActionException'{0x00000000c6aeac10}> (0x00000000c6aeac10) thrown at [./src/hotspot/share/prims/jvm.cpp, line 1304]
Event: 0.378 Thread 0x00007f6000016800 Exception <a 'java/security/PrivilegedActionException'{0x00000000c6aeaee0}> (0x00000000c6aeaee0) thrown at [./src/hotspot/share/prims/jvm.cpp, line 1304]
Event: 0.378 Thread 0x00007f6000016800 Exception <a 'java/security/PrivilegedActionException'{0x00000000c6aeb868}> (0x00000000c6aeb868) thrown at [./src/hotspot/share/prims/jvm.cpp, line 1304]
Event: 0.378 Thread 0x00007f6000016800 Exception <a 'java/security/PrivilegedActionException'{0x00000000c6aebb38}> (0x00000000c6aebb38) thrown at [./src/hotspot/share/prims/jvm.cpp, line 1304]
Event: 0.491 Thread 0x00007f6000016800 Exception <a 'java/lang/NoSuchMethodError'{0x00000000c699ab28}: 'int java.lang.invoke.DirectMethodHandle$Holder.invokeStaticInit(java.lang.Object, java.lang.Object, java.lang.Object, java.lang.Object)'> (0x00000000c699ab28) thrown at [./src/hotspot/share/interpreter/linkResolver.cpp, line 772]
Event: 0.494 Thread 0x00007f6000016800 Exception <a 'java/lang/IncompatibleClassChangeError'{0x00000000c69a48a8}: Found class java.lang.Object, but interface was expected> (0x00000000c69a48a8) thrown at [./src/hotspot/share/interpreter/linkResolver.cpp, line 839]
Event: 0.495 Thread 0x00007f6000016800 Exception <a 'java/lang/NoSuchMethodError'{0x00000000c69a7a58}: 'void java.lang.invoke.DirectMethodHandle$Holder.invokeStaticInit(java.lang.Object, java.lang.Object)'> (0x00000000c69a7a58) thrown at [./src/hotspot/share/interpreter/linkResolver.cpp, line 772]
Event: 0.500 Thread 0x00007f6000016800 Exception <a 'java/lang/NoSuchMethodError'{0x00000000c69acec8}: 'int java.lang.invoke.DirectMethodHandle$Holder.invokeStaticInit(java.lang.Object, java.lang.Object)'> (0x00000000c69acec8) thrown at [./src/hotspot/share/interpreter/linkResolver.cpp, line 772]

Events (20 events):
Event: 2.143 loading class LLVMSymbolTable$SymbolTableEntry
Event: 2.143 loading class LLVMSymbolTable$SymbolTableEntry done
Event: 2.153 Executing VM operation: Deoptimize
Event: 2.154 Executing VM operation: Deoptimize done
Event: 2.156 loading class java/lang/invoke/BoundMethodHandle$Species_LL
Event: 2.156 loading class java/lang/invoke/BoundMethodHandle$Species_LL done
Event: 2.158 loading class java/lang/invoke/BoundMethodHandle$Species_LLL
Event: 2.159 loading class java/lang/invoke/BoundMethodHandle$Species_LLL done
Event: 2.160 loading class java/lang/invoke/BoundMethodHandle$Species_LLLL
Event: 2.160 loading class java/lang/invoke/BoundMethodHandle$Species_LLLL done
Event: 2.162 loading class java/lang/invoke/BoundMethodHandle$Species_LLLLL
Event: 2.162 loading class java/lang/invoke/BoundMethodHandle$Species_LLLLL done
Event: 2.164 loading class java/lang/invoke/BoundMethodHandle$Species_LLLLLL
Event: 2.164 loading class java/lang/invoke/BoundMethodHandle$Species_LLLLLL done
Event: 2.165 loading class java/lang/invoke/BoundMethodHandle$Species_LLLLLLI
Event: 2.166 loading class java/lang/invoke/BoundMethodHandle$Species_LLLLLLI done
Event: 2.167 loading class java/lang/invoke/BoundMethodHandle$Species_LLLLLLII
Event: 2.168 loading class java/lang/invoke/BoundMethodHandle$Species_LLLLLLII done
Event: 2.170 loading class java/lang/invoke/BoundMethodHandle$Species_LLLLLLIIL
Event: 2.170 loading class java/lang/invoke/BoundMethodHandle$Species_LLLLLLIIL done


Dynamic libraries:
c2e00000-c6c00000 rw-p 00000000 00:00 0 
c6c00000-ffe00000 ---p 00000000 00:00 0 
ffe00000-ffe47000 rw-p 00b0a000 08:03 1060156                            /usr/lib/jvm/java-11-openjdk-amd64/lib/server/classes.jsa
ffe47000-fff00000 rw-p 00000000 00:00 0 
fff00000-fff6b000 rw-p 00a9f000 08:03 1060156                            /usr/lib/jvm/java-11-openjdk-amd64/lib/server/classes.jsa
fff6b000-100000000 rw-p 00000000 00:00 0 
800000000-800002000 rwxp 00001000 08:03 1060156                          /usr/lib/jvm/java-11-openjdk-amd64/lib/server/classes.jsa
800002000-8003cc000 rw-p 00003000 08:03 1060156                          /usr/lib/jvm/java-11-openjdk-amd64/lib/server/classes.jsa
8003cc000-800a9d000 r--p 003cd000 08:03 1060156                          /usr/lib/jvm/java-11-openjdk-amd64/lib/server/classes.jsa
800a9d000-800a9e000 rw-p 00a9e000 08:03 1060156                          /usr/lib/jvm/java-11-openjdk-amd64/lib/server/classes.jsa
840000000-8400c0000 rw-p 00000000 00:00 0 
8400c0000-880000000 ---p 00000000 00:00 0 
5573249e4000-5573249e5000 r--p 00000000 08:03 1058673                    /usr/lib/jvm/java-11-openjdk-amd64/bin/java
5573249e5000-5573249e6000 r-xp 00001000 08:03 1058673                    /usr/lib/jvm/java-11-openjdk-amd64/bin/java
5573249e6000-5573249e7000 r--p 00002000 08:03 1058673                    /usr/lib/jvm/java-11-openjdk-amd64/bin/java
5573249e7000-5573249e8000 r--p 00002000 08:03 1058673                    /usr/lib/jvm/java-11-openjdk-amd64/bin/java
5573249e8000-5573249e9000 rw-p 00003000 08:03 1058673                    /usr/lib/jvm/java-11-openjdk-amd64/bin/java
55732585d000-55732589f000 rw-p 00000000 00:00 0                          [heap]
7f5fa5400000-7f5fa5d26000 r--p 00000000 08:03 1579535                    /home/doudou/.javacpp/cache/llvm-13.0.1-1.5.7-linux-x86_64.jar/org/bytedeco/llvm/linux-x86_64/libLLVM-13.so
7f5fa5d26000-7f5fa96e9000 r-xp 00926000 08:03 1579535                    /home/doudou/.javacpp/cache/llvm-13.0.1-1.5.7-linux-x86_64.jar/org/bytedeco/llvm/linux-x86_64/libLLVM-13.so
7f5fa96e9000-7f5fab93e000 r--p 042e9000 08:03 1579535                    /home/doudou/.javacpp/cache/llvm-13.0.1-1.5.7-linux-x86_64.jar/org/bytedeco/llvm/linux-x86_64/libLLVM-13.so
7f5fab93e000-7f5fabe53000 r--p 0653d000 08:03 1579535                    /home/doudou/.javacpp/cache/llvm-13.0.1-1.5.7-linux-x86_64.jar/org/bytedeco/llvm/linux-x86_64/libLLVM-13.so
7f5fabe53000-7f5fabe5e000 rw-p 06a52000 08:03 1579535                    /home/doudou/.javacpp/cache/llvm-13.0.1-1.5.7-linux-x86_64.jar/org/bytedeco/llvm/linux-x86_64/libLLVM-13.so
7f5fabe5e000-7f5fabed4000 rw-p 00000000 00:00 0 
7f5fac000000-7f5fac021000 rw-p 00000000 00:00 0 
7f5fac021000-7f5fb0000000 ---p 00000000 00:00 0 
7f5fb0000000-7f5fb0021000 rw-p 00000000 00:00 0 
7f5fb0021000-7f5fb4000000 ---p 00000000 00:00 0 
7f5fb4000000-7f5fb43c0000 rw-p 00000000 00:00 0 
7f5fb43c0000-7f5fb8000000 ---p 00000000 00:00 0 
7f5fb8000000-7f5fb82aa000 rw-p 00000000 00:00 0 
7f5fb82aa000-7f5fbc000000 ---p 00000000 00:00 0 
7f5fbc000000-7f5fbc021000 rw-p 00000000 00:00 0 
7f5fbc021000-7f5fc0000000 ---p 00000000 00:00 0 
7f5fc0000000-7f5fc0021000 rw-p 00000000 00:00 0 
7f5fc0021000-7f5fc4000000 ---p 00000000 00:00 0 
7f5fc4000000-7f5fc4021000 rw-p 00000000 00:00 0 
7f5fc4021000-7f5fc8000000 ---p 00000000 00:00 0 
7f5fc8000000-7f5fc8021000 rw-p 00000000 00:00 0 
7f5fc8021000-7f5fcc000000 ---p 00000000 00:00 0 
7f5fcc000000-7f5fcc021000 rw-p 00000000 00:00 0 
7f5fcc021000-7f5fd0000000 ---p 00000000 00:00 0 
7f5fd0000000-7f5fd0021000 rw-p 00000000 00:00 0 
7f5fd0021000-7f5fd4000000 ---p 00000000 00:00 0 
7f5fd4000000-7f5fd4021000 rw-p 00000000 00:00 0 
7f5fd4021000-7f5fd8000000 ---p 00000000 00:00 0 
7f5fd9200000-7f5fd9fe7000 r--p 00000000 08:03 534858                     /usr/lib/locale/locale-archive
7f5fda000000-7f5fdc000000 rw-p 00000000 00:00 0 
7f5fdc000000-7f5fdc021000 rw-p 00000000 00:00 0 
7f5fdc021000-7f5fe0000000 ---p 00000000 00:00 0 
7f5fe0000000-7f5fe0021000 rw-p 00000000 00:00 0 
7f5fe0021000-7f5fe4000000 ---p 00000000 00:00 0 
7f5fe4000000-7f5fe4021000 rw-p 00000000 00:00 0 
7f5fe4021000-7f5fe8000000 ---p 00000000 00:00 0 
7f5fe80f6000-7f5fe815b000 r--p 00000000 08:03 1579540                    /home/doudou/.javacpp/cache/llvm-13.0.1-1.5.7-linux-x86_64.jar/org/bytedeco/llvm/linux-x86_64/libjniLLVM.so
7f5fe815b000-7f5fe81c9000 r-xp 00065000 08:03 1579540                    /home/doudou/.javacpp/cache/llvm-13.0.1-1.5.7-linux-x86_64.jar/org/bytedeco/llvm/linux-x86_64/libjniLLVM.so
7f5fe81c9000-7f5fe81f4000 r--p 000d3000 08:03 1579540                    /home/doudou/.javacpp/cache/llvm-13.0.1-1.5.7-linux-x86_64.jar/org/bytedeco/llvm/linux-x86_64/libjniLLVM.so
7f5fe81f4000-7f5fe81f7000 r--p 000fd000 08:03 1579540                    /home/doudou/.javacpp/cache/llvm-13.0.1-1.5.7-linux-x86_64.jar/org/bytedeco/llvm/linux-x86_64/libjniLLVM.so
7f5fe81f7000-7f5fe81fa000 rw-p 00100000 08:03 1579540                    /home/doudou/.javacpp/cache/llvm-13.0.1-1.5.7-linux-x86_64.jar/org/bytedeco/llvm/linux-x86_64/libjniLLVM.so
7f5fe81fa000-7f5fe81fc000 rw-p 00000000 00:00 0 
7f5fe81fc000-7f5fe8200000 ---p 00000000 00:00 0 
7f5fe8200000-7f5fe82fc000 rw-p 00000000 00:00 0 
7f5fe82fc000-7f5fe82fd000 ---p 00000000 00:00 0 
7f5fe82fd000-7f5fe83fe000 rw-p 00000000 00:00 0 
7f5fe83fe000-7f5fe8402000 ---p 00000000 00:00 0 
7f5fe8402000-7f5fe84fe000 rw-p 00000000 00:00 0 
7f5fe84fe000-7f5fe84ff000 ---p 00000000 00:00 0 
7f5fe84ff000-7f5fe8600000 rw-p 00000000 00:00 0 
7f5fe8600000-7f5fe8870000 rwxp 00000000 00:00 0 
7f5fe8870000-7f5fe8b8f000 ---p 00000000 00:00 0 
7f5fe8b8f000-7f5fe8dff000 rwxp 00000000 00:00 0 
7f5fe8dff000-7f5ff00c7000 ---p 00000000 00:00 0 
7f5ff00c7000-7f5ff0337000 rwxp 00000000 00:00 0 
7f5ff0337000-7f5ff7600000 ---p 00000000 00:00 0 
7f5ff7600000-7f5fffe0b000 r--s 00000000 08:03 1058832                    /usr/lib/jvm/java-11-openjdk-amd64/lib/modules
7f5ffff00000-7f5ffff04000 ---p 00000000 00:00 0 
7f5ffff04000-7f6000000000 rw-p 00000000 00:00 0 
7f6000000000-7f60003fe000 rw-p 00000000 00:00 0 
7f60003fe000-7f6004000000 ---p 00000000 00:00 0 
7f6004023000-7f600402a000 r--s 00000000 08:03 553557                     /usr/lib/x86_64-linux-gnu/gconv/gconv-modules.cache
7f600402a000-7f600402b000 r--p 00000000 08:03 1579538                    /home/doudou/.javacpp/cache/llvm-13.0.1-1.5.7-linux-x86_64.jar/org/bytedeco/llvm/linux-x86_64/libRemarks.so.13
7f600402b000-7f600402c000 r-xp 00001000 08:03 1579538                    /home/doudou/.javacpp/cache/llvm-13.0.1-1.5.7-linux-x86_64.jar/org/bytedeco/llvm/linux-x86_64/libRemarks.so.13
7f600402c000-7f600402d000 r--p 00002000 08:03 1579538                    /home/doudou/.javacpp/cache/llvm-13.0.1-1.5.7-linux-x86_64.jar/org/bytedeco/llvm/linux-x86_64/libRemarks.so.13
7f600402d000-7f600402e000 r--p 00002000 08:03 1579538                    /home/doudou/.javacpp/cache/llvm-13.0.1-1.5.7-linux-x86_64.jar/org/bytedeco/llvm/linux-x86_64/libRemarks.so.13
7f600402e000-7f600402f000 rw-p 00003000 08:03 1579538                    /home/doudou/.javacpp/cache/llvm-13.0.1-1.5.7-linux-x86_64.jar/org/bytedeco/llvm/linux-x86_64/libRemarks.so.13
7f600402f000-7f6004030000 r--p 00000000 08:03 551276                     /usr/lib/x86_64-linux-gnu/libdl.so.2
7f6004030000-7f6004031000 r-xp 00001000 08:03 551276                     /usr/lib/x86_64-linux-gnu/libdl.so.2
7f6004031000-7f6004032000 r--p 00002000 08:03 551276                     /usr/lib/x86_64-linux-gnu/libdl.so.2
7f6004032000-7f6004033000 r--p 00002000 08:03 551276                     /usr/lib/x86_64-linux-gnu/libdl.so.2
7f6004033000-7f6004034000 rw-p 00003000 08:03 551276                     /usr/lib/x86_64-linux-gnu/libdl.so.2
7f6004034000-7f6004035000 r--p 00000000 08:03 552054                     /usr/lib/x86_64-linux-gnu/libpthread.so.0
7f6004035000-7f6004036000 r-xp 00001000 08:03 552054                     /usr/lib/x86_64-linux-gnu/libpthread.so.0
7f6004036000-7f6004037000 r--p 00002000 08:03 552054                     /usr/lib/x86_64-linux-gnu/libpthread.so.0
7f6004037000-7f6004038000 r--p 00002000 08:03 552054                     /usr/lib/x86_64-linux-gnu/libpthread.so.0
7f6004038000-7f6004039000 rw-p 00003000 08:03 552054                     /usr/lib/x86_64-linux-gnu/libpthread.so.0
7f6004039000-7f600403d000 ---p 00000000 00:00 0 
7f600403d000-7f6004139000 rw-p 00000000 00:00 0 
7f6004139000-7f600413d000 ---p 00000000 00:00 0 
7f600413d000-7f6004239000 rw-p 00000000 00:00 0 
7f6004239000-7f600423d000 ---p 00000000 00:00 0 
7f600423d000-7f6004339000 rw-p 00000000 00:00 0 
7f6004339000-7f600433d000 ---p 00000000 00:00 0 
7f600433d000-7f6004439000 rw-p 00000000 00:00 0 
7f6004439000-7f600443d000 ---p 00000000 00:00 0 
7f600443d000-7f6004539000 rw-p 00000000 00:00 0 
7f6004539000-7f600453d000 ---p 00000000 00:00 0 
7f600453d000-7f6004639000 rw-p 00000000 00:00 0 
7f6004639000-7f600463d000 ---p 00000000 00:00 0 
7f600463d000-7f6004739000 rw-p 00000000 00:00 0 
7f6004739000-7f600473d000 ---p 00000000 00:00 0 
7f600473d000-7f6004839000 rw-p 00000000 00:00 0 
7f6004839000-7f600483a000 ---p 00000000 00:00 0 
7f600483a000-7f6004fbc000 rw-p 00000000 00:00 0 
7f6004fbc000-7f60051bc000 ---p 00000000 00:00 0 
7f60051bc000-7f60051bd000 ---p 00000000 00:00 0 
7f60051bd000-7f60052be000 rw-p 00000000 00:00 0 
7f60052be000-7f60052bf000 ---p 00000000 00:00 0 
7f60052bf000-7f60055c2000 rw-p 00000000 00:00 0 
7f60055c2000-7f60055c3000 ---p 00000000 00:00 0 
7f60055c3000-7f60056c4000 rw-p 00000000 00:00 0 
7f60056c4000-7f60056c5000 ---p 00000000 00:00 0 
7f60056c5000-7f60058be000 rw-p 00000000 00:00 0 
7f60058be000-7f6006706000 ---p 00000000 00:00 0 
7f6006706000-7f6006806000 rw-p 00000000 00:00 0 
7f6006806000-7f600764e000 ---p 00000000 00:00 0 
7f600764e000-7f6007675000 rw-p 00000000 00:00 0 
7f6007675000-7f600783e000 ---p 00000000 00:00 0 
7f600783e000-7f600785e000 rw-p 00000000 00:00 0 
7f600785e000-7f6007a27000 ---p 00000000 00:00 0 
7f6007a27000-7f6007a47000 rw-p 00000000 00:00 0 
7f6007a47000-7f6007c10000 ---p 00000000 00:00 0 
7f6007c10000-7f6007e13000 rw-p 00000000 00:00 0 
7f6007e13000-7f6007e14000 ---p 00000000 00:00 0 
7f6007e14000-7f6007f1a000 rw-p 00000000 00:00 0 
7f6007f1a000-7f6008000000 ---p 00000000 00:00 0 
7f6008000000-7f600809a000 r--p 00000000 08:03 552221                     /usr/lib/x86_64-linux-gnu/libstdc++.so.6.0.30
7f600809a000-7f60081aa000 r-xp 0009a000 08:03 552221                     /usr/lib/x86_64-linux-gnu/libstdc++.so.6.0.30
7f60081aa000-7f6008219000 r--p 001aa000 08:03 552221                     /usr/lib/x86_64-linux-gnu/libstdc++.so.6.0.30
7f6008219000-7f6008224000 r--p 00218000 08:03 552221                     /usr/lib/x86_64-linux-gnu/libstdc++.so.6.0.30
7f6008224000-7f6008227000 rw-p 00223000 08:03 552221                     /usr/lib/x86_64-linux-gnu/libstdc++.so.6.0.30
7f6008227000-7f600822a000 rw-p 00000000 00:00 0 
7f600822a000-7f6008231000 r--p 00000000 08:03 1579536                    /home/doudou/.javacpp/cache/llvm-13.0.1-1.5.7-linux-x86_64.jar/org/bytedeco/llvm/linux-x86_64/libLTO.so.13
7f6008231000-7f6008239000 r-xp 00007000 08:03 1579536                    /home/doudou/.javacpp/cache/llvm-13.0.1-1.5.7-linux-x86_64.jar/org/bytedeco/llvm/linux-x86_64/libLTO.so.13
7f6008239000-7f600823b000 r--p 0000f000 08:03 1579536                    /home/doudou/.javacpp/cache/llvm-13.0.1-1.5.7-linux-x86_64.jar/org/bytedeco/llvm/linux-x86_64/libLTO.so.13
7f600823b000-7f600823c000 r--p 00010000 08:03 1579536                    /home/doudou/.javacpp/cache/llvm-13.0.1-1.5.7-linux-x86_64.jar/org/bytedeco/llvm/linux-x86_64/libLTO.so.13
7f600823c000-7f600823d000 rw-p 00011000 08:03 1579536                    /home/doudou/.javacpp/cache/llvm-13.0.1-1.5.7-linux-x86_64.jar/org/bytedeco/llvm/linux-x86_64/libLTO.so.13
7f600823d000-7f6008241000 r--p 00000000 08:03 1579530                    /home/doudou/.javacpp/cache/javacpp-1.5.7-linux-x86_64.jar/org/bytedeco/javacpp/linux-x86_64/libjnijavacpp.so
7f6008241000-7f6008248000 r-xp 00004000 08:03 1579530                    /home/doudou/.javacpp/cache/javacpp-1.5.7-linux-x86_64.jar/org/bytedeco/javacpp/linux-x86_64/libjnijavacpp.so
7f6008248000-7f600824c000 r--p 0000b000 08:03 1579530                    /home/doudou/.javacpp/cache/javacpp-1.5.7-linux-x86_64.jar/org/bytedeco/javacpp/linux-x86_64/libjnijavacpp.so
7f600824c000-7f600824d000 r--p 0000e000 08:03 1579530                    /home/doudou/.javacpp/cache/javacpp-1.5.7-linux-x86_64.jar/org/bytedeco/javacpp/linux-x86_64/libjnijavacpp.so
7f600824d000-7f600824e000 rw-p 0000f000 08:03 1579530                    /home/doudou/.javacpp/cache/javacpp-1.5.7-linux-x86_64.jar/org/bytedeco/javacpp/linux-x86_64/libjnijavacpp.so
7f600824e000-7f6008252000 r--p 00000000 08:03 1058822                    /usr/lib/jvm/java-11-openjdk-amd64/lib/libnet.so
7f6008252000-7f6008260000 r-xp 00004000 08:03 1058822                    /usr/lib/jvm/java-11-openjdk-amd64/lib/libnet.so
7f6008260000-7f6008264000 r--p 00012000 08:03 1058822                    /usr/lib/jvm/java-11-openjdk-amd64/lib/libnet.so
7f6008264000-7f6008265000 r--p 00015000 08:03 1058822                    /usr/lib/jvm/java-11-openjdk-amd64/lib/libnet.so
7f6008265000-7f6008266000 rw-p 00016000 08:03 1058822                    /usr/lib/jvm/java-11-openjdk-amd64/lib/libnet.so
7f6008266000-7f600826d000 r--p 00000000 08:03 1058823                    /usr/lib/jvm/java-11-openjdk-amd64/lib/libnio.so
7f600826d000-7f6008275000 r-xp 00007000 08:03 1058823                    /usr/lib/jvm/java-11-openjdk-amd64/lib/libnio.so
7f6008275000-7f6008278000 r--p 0000f000 08:03 1058823                    /usr/lib/jvm/java-11-openjdk-amd64/lib/libnio.so
7f6008278000-7f6008279000 r--p 00011000 08:03 1058823                    /usr/lib/jvm/java-11-openjdk-amd64/lib/libnio.so
7f6008279000-7f600827a000 rw-p 00012000 08:03 1058823                    /usr/lib/jvm/java-11-openjdk-amd64/lib/libnio.so
7f600827a000-7f60082fb000 rw-p 00000000 00:00 0 
7f60082fb000-7f60083e1000 ---p 00000000 00:00 0 
7f60083e1000-7f60083e6000 rw-p 00000000 00:00 0 
7f60083e6000-7f60083ed000 ---p 00000000 00:00 0 
7f60083ed000-7f60083ef000 r--p 00000000 08:03 1058831                    /usr/lib/jvm/java-11-openjdk-amd64/lib/libzip.so
7f60083ef000-7f60083f4000 r-xp 00002000 08:03 1058831                    /usr/lib/jvm/java-11-openjdk-amd64/lib/libzip.so
7f60083f4000-7f60083f6000 r--p 00007000 08:03 1058831                    /usr/lib/jvm/java-11-openjdk-amd64/lib/libzip.so
7f60083f6000-7f60083f7000 r--p 00008000 08:03 1058831                    /usr/lib/jvm/java-11-openjdk-amd64/lib/libzip.so
7f60083f7000-7f60083f8000 rw-p 00009000 08:03 1058831                    /usr/lib/jvm/java-11-openjdk-amd64/lib/libzip.so
7f60083f8000-7f6008400000 rw-s 00000000 08:03 262226                     /tmp/hsperfdata_doudou/27943
7f6008400000-7f6008682000 r--p 00000000 08:03 1058837                    /usr/lib/jvm/java-11-openjdk-amd64/lib/server/libjvm.so
7f6008682000-7f600931e000 r-xp 00282000 08:03 1058837                    /usr/lib/jvm/java-11-openjdk-amd64/lib/server/libjvm.so
7f600931e000-7f6009579000 r--p 00f1e000 08:03 1058837                    /usr/lib/jvm/java-11-openjdk-amd64/lib/server/libjvm.so
7f6009579000-7f600957a000 ---p 01179000 08:03 1058837                    /usr/lib/jvm/java-11-openjdk-amd64/lib/server/libjvm.so
7f600957a000-7f600963e000 r--p 01179000 08:03 1058837                    /usr/lib/jvm/java-11-openjdk-amd64/lib/server/libjvm.so
7f600963e000-7f6009679000 rw-p 0123d000 08:03 1058837                    /usr/lib/jvm/java-11-openjdk-amd64/lib/server/libjvm.so
7f6009679000-7f60096d0000 rw-p 00000000 00:00 0 
7f60096d2000-7f60096e0000 r--p 00000000 08:03 1058811                    /usr/lib/jvm/java-11-openjdk-amd64/lib/libjava.so
7f60096e0000-7f60096f6000 r-xp 0000e000 08:03 1058811                    /usr/lib/jvm/java-11-openjdk-amd64/lib/libjava.so
7f60096f6000-7f60096fd000 r--p 00024000 08:03 1058811                    /usr/lib/jvm/java-11-openjdk-amd64/lib/libjava.so
7f60096fd000-7f60096fe000 r--p 0002a000 08:03 1058811                    /usr/lib/jvm/java-11-openjdk-amd64/lib/libjava.so
7f60096fe000-7f60096ff000 rw-p 0002b000 08:03 1058811                    /usr/lib/jvm/java-11-openjdk-amd64/lib/libjava.so
7f60096ff000-7f6009700000 rw-p 00000000 00:00 0 
7f6009700000-7f6009704000 ---p 00000000 00:00 0 
7f6009704000-7f6009800000 rw-p 00000000 00:00 0 
7f6009800000-7f6009828000 r--p 00000000 08:03 551134                     /usr/lib/x86_64-linux-gnu/libc.so.6
7f6009828000-7f60099bd000 r-xp 00028000 08:03 551134                     /usr/lib/x86_64-linux-gnu/libc.so.6
7f60099bd000-7f6009a15000 r--p 001bd000 08:03 551134                     /usr/lib/x86_64-linux-gnu/libc.so.6
7f6009a15000-7f6009a19000 r--p 00214000 08:03 551134                     /usr/lib/x86_64-linux-gnu/libc.so.6
7f6009a19000-7f6009a1b000 rw-p 00218000 08:03 551134                     /usr/lib/x86_64-linux-gnu/libc.so.6
7f6009a1b000-7f6009a28000 rw-p 00000000 00:00 0 
7f6009a28000-7f6009a29000 r--p 00000000 08:03 1058804                    /usr/lib/jvm/java-11-openjdk-amd64/lib/libextnet.so
7f6009a29000-7f6009a2a000 r-xp 00001000 08:03 1058804                    /usr/lib/jvm/java-11-openjdk-amd64/lib/libextnet.so
7f6009a2a000-7f6009a2b000 r--p 00002000 08:03 1058804                    /usr/lib/jvm/java-11-openjdk-amd64/lib/libextnet.so
7f6009a2b000-7f6009a2c000 r--p 00002000 08:03 1058804                    /usr/lib/jvm/java-11-openjdk-amd64/lib/libextnet.so
7f6009a2c000-7f6009a2d000 rw-p 00003000 08:03 1058804                    /usr/lib/jvm/java-11-openjdk-amd64/lib/libextnet.so
7f6009a2d000-7f6009a2f000 r--p 00000000 08:03 1058806                    /usr/lib/jvm/java-11-openjdk-amd64/lib/libinstrument.so
7f6009a2f000-7f6009a36000 r-xp 00002000 08:03 1058806                    /usr/lib/jvm/java-11-openjdk-amd64/lib/libinstrument.so
7f6009a36000-7f6009a39000 r--p 00009000 08:03 1058806                    /usr/lib/jvm/java-11-openjdk-amd64/lib/libinstrument.so
7f6009a39000-7f6009a3a000 r--p 0000b000 08:03 1058806                    /usr/lib/jvm/java-11-openjdk-amd64/lib/libinstrument.so
7f6009a3a000-7f6009a3b000 rw-p 0000c000 08:03 1058806                    /usr/lib/jvm/java-11-openjdk-amd64/lib/libinstrument.so
7f6009a3b000-7f6009a40000 r--p 00000000 08:03 1058830                    /usr/lib/jvm/java-11-openjdk-amd64/lib/libverify.so
7f6009a40000-7f6009a47000 r-xp 00005000 08:03 1058830                    /usr/lib/jvm/java-11-openjdk-amd64/lib/libverify.so
7f6009a47000-7f6009a49000 r--p 0000c000 08:03 1058830                    /usr/lib/jvm/java-11-openjdk-amd64/lib/libverify.so
7f6009a49000-7f6009a4b000 r--p 0000d000 08:03 1058830                    /usr/lib/jvm/java-11-openjdk-amd64/lib/libverify.so
7f6009a4b000-7f6009a4c000 rw-p 0000f000 08:03 1058830                    /usr/lib/jvm/java-11-openjdk-amd64/lib/libverify.so
7f6009a4c000-7f6009a4d000 r--p 00000000 08:03 552110                     /usr/lib/x86_64-linux-gnu/librt.so.1
7f6009a4d000-7f6009a4e000 r-xp 00001000 08:03 552110                     /usr/lib/x86_64-linux-gnu/librt.so.1
7f6009a4e000-7f6009a4f000 r--p 00002000 08:03 552110                     /usr/lib/x86_64-linux-gnu/librt.so.1
7f6009a4f000-7f6009a50000 r--p 00002000 08:03 552110                     /usr/lib/x86_64-linux-gnu/librt.so.1
7f6009a50000-7f6009a51000 rw-p 00003000 08:03 552110                     /usr/lib/x86_64-linux-gnu/librt.so.1
7f6009a51000-7f6009a54000 r--p 00000000 08:03 551433                     /usr/lib/x86_64-linux-gnu/libgcc_s.so.1
7f6009a54000-7f6009a6b000 r-xp 00003000 08:03 551433                     /usr/lib/x86_64-linux-gnu/libgcc_s.so.1
7f6009a6b000-7f6009a6f000 r--p 0001a000 08:03 551433                     /usr/lib/x86_64-linux-gnu/libgcc_s.so.1
7f6009a6f000-7f6009a70000 r--p 0001d000 08:03 551433                     /usr/lib/x86_64-linux-gnu/libgcc_s.so.1
7f6009a70000-7f6009a71000 rw-p 0001e000 08:03 551433                     /usr/lib/x86_64-linux-gnu/libgcc_s.so.1
7f6009a71000-7f6009a7f000 r--p 00000000 08:03 551785                     /usr/lib/x86_64-linux-gnu/libm.so.6
7f6009a7f000-7f6009afb000 r-xp 0000e000 08:03 551785                     /usr/lib/x86_64-linux-gnu/libm.so.6
7f6009afb000-7f6009b56000 r--p 0008a000 08:03 551785                     /usr/lib/x86_64-linux-gnu/libm.so.6
7f6009b56000-7f6009b57000 r--p 000e4000 08:03 551785                     /usr/lib/x86_64-linux-gnu/libm.so.6
7f6009b57000-7f6009b58000 rw-p 000e5000 08:03 551785                     /usr/lib/x86_64-linux-gnu/libm.so.6
7f6009b58000-7f6009b5a000 rw-p 00000000 00:00 0 
7f6009b5a000-7f6009b5c000 r--p 00000000 08:03 552488                     /usr/lib/x86_64-linux-gnu/libz.so.1.2.11
7f6009b5c000-7f6009b6d000 r-xp 00002000 08:03 552488                     /usr/lib/x86_64-linux-gnu/libz.so.1.2.11
7f6009b6d000-7f6009b73000 r--p 00013000 08:03 552488                     /usr/lib/x86_64-linux-gnu/libz.so.1.2.11
7f6009b73000-7f6009b74000 ---p 00019000 08:03 552488                     /usr/lib/x86_64-linux-gnu/libz.so.1.2.11
7f6009b74000-7f6009b75000 r--p 00019000 08:03 552488                     /usr/lib/x86_64-linux-gnu/libz.so.1.2.11
7f6009b75000-7f6009b76000 rw-p 0001a000 08:03 552488                     /usr/lib/x86_64-linux-gnu/libz.so.1.2.11
7f6009b7a000-7f6009b7b000 ---p 00000000 00:00 0 
7f6009b7b000-7f6009b7c000 r--p 00000000 00:00 0 
7f6009b7c000-7f6009b7e000 r--p 00000000 08:03 1058814                    /usr/lib/jvm/java-11-openjdk-amd64/lib/libjimage.so
7f6009b7e000-7f6009b81000 r-xp 00002000 08:03 1058814                    /usr/lib/jvm/java-11-openjdk-amd64/lib/libjimage.so
7f6009b81000-7f6009b82000 r--p 00005000 08:03 1058814                    /usr/lib/jvm/java-11-openjdk-amd64/lib/libjimage.so
7f6009b82000-7f6009b83000 ---p 00006000 08:03 1058814                    /usr/lib/jvm/java-11-openjdk-amd64/lib/libjimage.so
7f6009b83000-7f6009b84000 r--p 00006000 08:03 1058814                    /usr/lib/jvm/java-11-openjdk-amd64/lib/libjimage.so
7f6009b84000-7f6009b85000 rw-p 00007000 08:03 1058814                    /usr/lib/jvm/java-11-openjdk-amd64/lib/libjimage.so
7f6009b85000-7f6009b88000 r--p 00000000 08:03 1058796                    /usr/lib/jvm/java-11-openjdk-amd64/lib/jli/libjli.so
7f6009b88000-7f6009b92000 r-xp 00003000 08:03 1058796                    /usr/lib/jvm/java-11-openjdk-amd64/lib/jli/libjli.so
7f6009b92000-7f6009b95000 r--p 0000d000 08:03 1058796                    /usr/lib/jvm/java-11-openjdk-amd64/lib/jli/libjli.so
7f6009b95000-7f6009b96000 ---p 00010000 08:03 1058796                    /usr/lib/jvm/java-11-openjdk-amd64/lib/jli/libjli.so
7f6009b96000-7f6009b97000 r--p 00010000 08:03 1058796                    /usr/lib/jvm/java-11-openjdk-amd64/lib/jli/libjli.so
7f6009b97000-7f6009b98000 rw-p 00011000 08:03 1058796                    /usr/lib/jvm/java-11-openjdk-amd64/lib/jli/libjli.so
7f6009b98000-7f6009b9a000 rw-p 00000000 00:00 0 
7f6009b9a000-7f6009b9c000 r--p 00000000 08:03 550792                     /usr/lib/x86_64-linux-gnu/ld-linux-x86-64.so.2
7f6009b9c000-7f6009bc6000 r-xp 00002000 08:03 550792                     /usr/lib/x86_64-linux-gnu/ld-linux-x86-64.so.2
7f6009bc6000-7f6009bd1000 r--p 0002c000 08:03 550792                     /usr/lib/x86_64-linux-gnu/ld-linux-x86-64.so.2
7f6009bd2000-7f6009bd4000 r--p 00037000 08:03 550792                     /usr/lib/x86_64-linux-gnu/ld-linux-x86-64.so.2
7f6009bd4000-7f6009bd6000 rw-p 00039000 08:03 550792                     /usr/lib/x86_64-linux-gnu/ld-linux-x86-64.so.2
7ffe22f9c000-7ffe22fbd000 rw-p 00000000 00:00 0                          [stack]
7ffe22fe6000-7ffe22fea000 r--p 00000000 00:00 0                          [vvar]
7ffe22fea000-7ffe22fec000 r-xp 00000000 00:00 0                          [vdso]
ffffffffff600000-ffffffffff601000 --xp 00000000 00:00 0                  [vsyscall]


VM Arguments:
jvm_args: -javaagent:/snap/intellij-idea-ultimate/437/lib/idea_rt.jar=37089:/snap/intellij-idea-ultimate/437/bin -Dfile.encoding=UTF-8 
java_command: Main /home/doudou/lab/Lab/tests/test1.sysy /home/doudou/lab/Lab/tests/out.txt
java_class_path (initial): /home/doudou/lab/Lab/out/production/Lab:/usr/local/lib/antlr-4.9.1-complete.jar:/usr/local/lib/javacpp-1.5.7-linux-x86_64.jar:/usr/local/lib/javacpp-1.5.7.jar:/usr/local/lib/llvm-13.0.1-1.5.7-linux-x86_64.jar:/usr/local/lib/llvm-13.0.1-1.5.7.jar:/usr/local/lib/llvm-platform-13.0.1-1.5.7.jar
Launcher Type: SUN_STANDARD

[Global flags]
     intx CICompilerCount                          = 2                                         {product} {ergonomic}
     uint ConcGCThreads                            = 1                                         {product} {ergonomic}
     uint G1ConcRefinementThreads                  = 2                                         {product} {ergonomic}
   size_t G1HeapRegionSize                         = 1048576                                   {product} {ergonomic}
    uintx GCDrainStackTargetSize                   = 64                                        {product} {ergonomic}
   size_t InitialHeapSize                          = 65011712                                  {product} {ergonomic}
   size_t MarkStackSize                            = 4194304                                   {product} {ergonomic}
   size_t MaxHeapSize                              = 1025507328                                {product} {ergonomic}
   size_t MaxNewSize                               = 614465536                                 {product} {ergonomic}
   size_t MinHeapDeltaBytes                        = 1048576                                   {product} {ergonomic}
    uintx NonNMethodCodeHeapSize                   = 5825164                                {pd product} {ergonomic}
    uintx NonProfiledCodeHeapSize                  = 122916538                              {pd product} {ergonomic}
    uintx ProfiledCodeHeapSize                     = 122916538                              {pd product} {ergonomic}
    uintx ReservedCodeCacheSize                    = 251658240                              {pd product} {ergonomic}
     bool SegmentedCodeCache                       = true                                      {product} {ergonomic}
     bool UseCompressedClassPointers               = true                                 {lp64_product} {ergonomic}
     bool UseCompressedOops                        = true                                 {lp64_product} {ergonomic}
     bool UseG1GC                                  = true                                      {product} {ergonomic}

Logging:
Log output configuration:
 #0: stdout all=warning uptime,level,tags
 #1: stderr all=off uptime,level,tags

Environment Variables:
PATH=/usr/local/sbin:/usr/local/bin:/usr/sbin:/usr/bin:/sbin:/bin:/usr/games:/usr/local/games:/snap/bin:/snap/bin
USERNAME=doudou
SHELL=/bin/bash
DISPLAY=:0
LANG=en_US.UTF-8
LC_NUMERIC=zh_CN.UTF-8
LC_TIME=zh_CN.UTF-8

Signal Handlers:
SIGSEGV: [libjvm.so+0xeabd80], sa_mask[0]=11111111011111111101111111111110, sa_flags=SA_RESTART|SA_SIGINFO
SIGBUS: [libjvm.so+0xeabd80], sa_mask[0]=11111111011111111101111111111110, sa_flags=SA_RESTART|SA_SIGINFO
SIGFPE: [libjvm.so+0xeabd80], sa_mask[0]=11111111011111111101111111111110, sa_flags=SA_RESTART|SA_SIGINFO
SIGPIPE: [libjvm.so+0xbee610], sa_mask[0]=11111111011111111101111111111110, sa_flags=SA_RESTART|SA_SIGINFO
SIGXFSZ: [libjvm.so+0xbee610], sa_mask[0]=11111111011111111101111111111110, sa_flags=SA_RESTART|SA_SIGINFO
SIGILL: [libjvm.so+0xeabd80], sa_mask[0]=11111111011111111101111111111110, sa_flags=SA_RESTART|SA_SIGINFO
SIGUSR2: [libjvm.so+0xbee4b0], sa_mask[0]=00100000000000000000000000000000, sa_flags=SA_RESTART|SA_SIGINFO
SIGHUP: [libjvm.so+0xbeec50], sa_mask[0]=11111111011111111101111111111110, sa_flags=SA_RESTART|SA_SIGINFO
SIGINT: [libjvm.so+0xbeec50], sa_mask[0]=11111111011111111101111111111110, sa_flags=SA_RESTART|SA_SIGINFO
SIGTERM: [libjvm.so+0xbeec50], sa_mask[0]=11111111011111111101111111111110, sa_flags=SA_RESTART|SA_SIGINFO
SIGQUIT: [libjvm.so+0xbeec50], sa_mask[0]=11111111011111111101111111111110, sa_flags=SA_RESTART|SA_SIGINFO


---------------  S Y S T E M  ---------------

OS:DISTRIB_ID=Ubuntu
DISTRIB_RELEASE=22.04
DISTRIB_CODENAME=jammy
DISTRIB_DESCRIPTION="Ubuntu 22.04.2 LTS"
uname:Linux 5.19.0-45-generic #46~22.04.1-Ubuntu SMP PREEMPT_DYNAMIC Wed Jun 7 15:06:04 UTC 20 x86_64
OS uptime: 0 days 19:30 hours
libc:glibc 2.35 NPTL 2.35 
rlimit (soft/hard): STACK 8192k/infinity , CORE 0k/infinity , NPROC 15333/15333 , NOFILE 1048576/1048576 , AS infinity/infinity , CPU infinity/infinity , DATA infinity/infinity , FSIZE infinity/infinity , MEMLOCK 500652k/500652k
load average:2.03 1.37 1.25

/proc/meminfo:
MemTotal:        4005236 kB
MemFree:          137264 kB
MemAvailable:     105084 kB
Buffers:            2480 kB
Cached:           129424 kB
SwapCached:        46188 kB
Active:           920848 kB
Inactive:        1230536 kB
Active(anon):     867724 kB
Inactive(anon):  1159240 kB
Active(file):      53124 kB
Inactive(file):    71296 kB
Unevictable:           0 kB
Mlocked:               0 kB
SwapTotal:       3512316 kB
SwapFree:        1642912 kB
Zswap:                 0 kB
Zswapped:              0 kB
Dirty:               252 kB
Writeback:            28 kB
AnonPages:       1974020 kB
Mapped:            94540 kB
Shmem:              7260 kB
KReclaimable:      51480 kB
Slab:             244352 kB
SReclaimable:      51480 kB
SUnreclaim:       192872 kB
KernelStack:       10976 kB
PageTables:        26944 kB
NFS_Unstable:          0 kB
Bounce:                0 kB
WritebackTmp:          0 kB
CommitLimit:     5514932 kB
Committed_AS:    6216056 kB
VmallocTotal:   34359738367 kB
VmallocUsed:       46280 kB
VmallocChunk:          0 kB
Percpu:             2216 kB
HardwareCorrupted:     0 kB
AnonHugePages:         0 kB
ShmemHugePages:        0 kB
ShmemPmdMapped:        0 kB
FileHugePages:         0 kB
FilePmdMapped:         0 kB
HugePages_Total:       0
HugePages_Free:        0
HugePages_Rsvd:        0
HugePages_Surp:        0
Hugepagesize:       2048 kB
Hugetlb:               0 kB
DirectMap4k:      220992 kB
DirectMap2M:     3973120 kB
DirectMap1G:     2097152 kB

/sys/kernel/mm/transparent_hugepage/enabled:
always [madvise] never
/sys/kernel/mm/transparent_hugepage/defrag (defrag/compaction efforts parameter):
always defer defer+madvise [madvise] never

Process Memory:
Virtual Size: 3685920K (peak: 12384612K)
Resident Set Size: 93264K (peak: 93264K) (anon: 37064K, file: 56200K, shmem: 0K)
Swapped out: 0K
C-Heap outstanding allocations: 14802K, retained: 2429K
glibc malloc tunables: (default)

/proc/sys/kernel/threads-max (system-wide limit on the number of threads):
30667
/proc/sys/vm/max_map_count (maximum number of memory map areas a process may have):
65530
/proc/sys/kernel/pid_max (system-wide limit on number of process identifiers):
4194304

container (cgroup) information:
container_type: cgroupv2
cpu_cpuset_cpus: not supported
cpu_memory_nodes: not supported
active_processor_count: 2
cpu_quota: not supported
cpu_period: not supported
cpu_shares: not supported
memory_limit_in_bytes: unlimited
memory_and_swap_limit_in_bytes: unlimited
memory_soft_limit_in_bytes: unlimited
memory_usage_in_bytes: 1966220 k
memory_max_usage_in_bytes: not supported
memory_swap_current_in_bytes: 982296 k
memory_swap_max_limit_in_bytes: unlimited
maximum number of tasks: 4600
current number of tasks: 148

VMWare virtualization detected
Steal ticks since vm start: 0
Steal ticks percentage since vm start:  0.000

CPU:total 2 (initial active 2) (1 cores per cpu, 1 threads per core) family 6 model 140 stepping 1 microcode 0xffffffff, cmov, cx8, fxsr, mmx, sse, sse2, sse3, ssse3, sse4.1, sse4.2, popcnt, avx, avx2, aes, clmul, erms, 3dnowpref, lzcnt, tsc, tscinvbit, bmi1, bmi2, adx, evex, sha, fma
CPU Model and flags from /proc/cpuinfo:
model name	: 11th Gen Intel(R) Core(TM) i7-1165G7 @ 2.80GHz
flags		: fpu vme de pse tsc msr pae mce cx8 apic sep mtrr pge mca cmov pat pse36 clflush mmx fxsr sse sse2 ss syscall nx pdpe1gb rdtscp lm constant_tsc arch_perfmon rep_good nopl xtopology tsc_reliable nonstop_tsc cpuid tsc_known_freq pni pclmulqdq ssse3 fma cx16 pcid sse4_1 sse4_2 x2apic movbe popcnt tsc_deadline_timer aes xsave avx f16c rdrand hypervisor lahf_lm abm 3dnowprefetch invpcid_single pti ssbd ibrs ibpb stibp fsgsbase tsc_adjust bmi1 avx2 smep bmi2 erms invpcid avx512f avx512dq rdseed adx smap avx512ifma clflushopt clwb avx512cd sha_ni avx512bw avx512vl xsaveopt xsavec xgetbv1 xsaves arat avx512vbmi umip avx512_vbmi2 gfni vaes vpclmulqdq avx512_vnni avx512_bitalg avx512_vpopcntdq rdpid fsrm avx512_vp2intersect flush_l1d arch_capabilities
Online cpus:
0-1
Offline cpus:

BIOS frequency limitation:
<Not Available>
Frequency switch latency (ns):
<Not Available>
Available cpu frequencies:
<Not Available>
Current governor:
<Not Available>
Core performance/turbo boost:
<Not Available>

Memory: 4k page, physical 4005236k(137012k free), swap 3512316k(1642912k free)

vm_info: OpenJDK 64-Bit Server VM (11.0.19+7-post-Ubuntu-0ubuntu122.04.1) for linux-amd64 JRE (11.0.19+7-post-Ubuntu-0ubuntu122.04.1), built on May 10 2023 00:54:00 by "unknown" with gcc 11.3.0

END.
