#
# A fatal error has been detected by the Java Runtime Environment:
#
#  SIGSEGV (0xb) at pc=0x00007f2fd60c3e36, pid=12312, tid=12313
#
# JRE version: OpenJDK Runtime Environment (11.0.19+7) (build 11.0.19+7-post-Ubuntu-0ubuntu122.04.1)
# Java VM: OpenJDK 64-Bit Server VM (11.0.19+7-post-Ubuntu-0ubuntu122.04.1, mixed mode, sharing, tiered, compressed oops, g1 gc, linux-amd64)
# Problematic frame:
# C  [libLLVM-13.so+0xcc3e36]  llvm::GetElementPtrInst::getIndexedType(llvm::Type*, llvm::ArrayRef<llvm::Value*>)+0x66
#
# Core dump will be written. Default location: Core dumps may be processed with "/usr/share/apport/apport -p%p -s%s -c%c -d%d -P%P -u%u -g%g -- %E" (or dumping to /home/doudou/lab/Lab/core.12312)
#
# If you would like to submit a bug report, please visit:
#   https://bugs.launchpad.net/ubuntu/+source/openjdk-lts
# The crash happened outside the Java Virtual Machine in native code.
# See problematic frame for where to report the bug.
#

---------------  S U M M A R Y ------------

Command Line: -javaagent:/snap/intellij-idea-ultimate/437/lib/idea_rt.jar=33301:/snap/intellij-idea-ultimate/437/bin -Dfile.encoding=UTF-8 Main /home/doudou/lab/Lab/tests/test1.sysy /home/doudou/lab/Lab/tests/out.txt

Host: 11th Gen Intel(R) Core(TM) i7-1165G7 @ 2.80GHz, 2 cores, 3G, Ubuntu 22.04.2 LTS
Time: Tue Jun 27 17:09:20 2023 CST elapsed time: 0.403509 seconds (0d 0h 0m 0s)

---------------  T H R E A D  ---------------

Current thread (0x00007f3030016800):  JavaThread "main" [_thread_in_native, id=12313, stack(0x00007f3039300000,0x00007f3039400000)]

Stack: [0x00007f3039300000,0x00007f3039400000],  sp=0x00007f30393fdd00,  free space=1015k
Native frames: (J=compiled Java code, A=aot compiled Java code, j=interpreted, Vv=VM code, C=native code)
C  [libLLVM-13.so+0xcc3e36]  llvm::GetElementPtrInst::getIndexedType(llvm::Type*, llvm::ArrayRef<llvm::Value*>)+0x66

Java frames: (J=compiled Java code, j=interpreted, Vv=VM code)
j  org.bytedeco.llvm.global.LLVM.LLVMBuildInBoundsGEP(Lorg/bytedeco/llvm/LLVM/LLVMBuilderRef;Lorg/bytedeco/llvm/LLVM/LLVMValueRef;Lorg/bytedeco/javacpp/PointerPointer;ILjava/lang/String;)Lorg/bytedeco/llvm/LLVM/LLVMValueRef;+0
j  SysYLlvmVisitor.visitLVal(LSysYParser$LValContext;)Lorg/bytedeco/llvm/LLVM/LLVMValueRef;+178
j  SysYLlvmVisitor.visitExp(LSysYParser$ExpContext;)Lorg/bytedeco/llvm/LLVM/LLVMValueRef;+55
j  SysYLlvmVisitor.visitStmt(LSysYParser$StmtContext;)Lorg/bytedeco/llvm/LLVM/LLVMValueRef;+21
j  SysYLlvmVisitor.visitStmt(LSysYParser$StmtContext;)Ljava/lang/Object;+2
j  SysYParser$StmtContext.accept(Lorg/antlr/v4/runtime/tree/ParseTreeVisitor;)Ljava/lang/Object;+12
j  org.antlr.v4.runtime.tree.AbstractParseTreeVisitor.visitChildren(Lorg/antlr/v4/runtime/tree/RuleNode;)Ljava/lang/Object;+46
j  SysYParserBaseVisitor.visitBlockItem(LSysYParser$BlockItemContext;)Ljava/lang/Object;+2
j  SysYParser$BlockItemContext.accept(Lorg/antlr/v4/runtime/tree/ParseTreeVisitor;)Ljava/lang/Object;+12
j  org.antlr.v4.runtime.tree.AbstractParseTreeVisitor.visitChildren(Lorg/antlr/v4/runtime/tree/RuleNode;)Ljava/lang/Object;+46
j  SysYParserBaseVisitor.visitBlock(LSysYParser$BlockContext;)Ljava/lang/Object;+2
j  SysYParser$BlockContext.accept(Lorg/antlr/v4/runtime/tree/ParseTreeVisitor;)Ljava/lang/Object;+12
j  org.antlr.v4.runtime.tree.AbstractParseTreeVisitor.visit(Lorg/antlr/v4/runtime/tree/ParseTree;)Ljava/lang/Object;+2
j  SysYLlvmVisitor.visitFuncDef(LSysYParser$FuncDefContext;)Lorg/bytedeco/llvm/LLVM/LLVMValueRef;+520
j  SysYLlvmVisitor.visitCompUnit(LSysYParser$CompUnitContext;)Lorg/bytedeco/llvm/LLVM/LLVMValueRef;+896
j  SysYLlvmVisitor.visitCompUnit(LSysYParser$CompUnitContext;)Ljava/lang/Object;+2
j  SysYParser$CompUnitContext.accept(Lorg/antlr/v4/runtime/tree/ParseTreeVisitor;)Ljava/lang/Object;+12
j  org.antlr.v4.runtime.tree.AbstractParseTreeVisitor.visitChildren(Lorg/antlr/v4/runtime/tree/RuleNode;)Ljava/lang/Object;+46
j  SysYParserBaseVisitor.visitProgram(LSysYParser$ProgramContext;)Ljava/lang/Object;+2
j  SysYParser$ProgramContext.accept(Lorg/antlr/v4/runtime/tree/ParseTreeVisitor;)Ljava/lang/Object;+12
j  org.antlr.v4.runtime.tree.AbstractParseTreeVisitor.visit(Lorg/antlr/v4/runtime/tree/ParseTree;)Ljava/lang/Object;+2
j  Main.main([Ljava/lang/String;)V+218
v  ~StubRoutines::call_stub

siginfo: si_signo: 11 (SIGSEGV), si_code: 1 (SEGV_MAPERR), si_addr: 0x0000000000000000

Register to memory mapping:

RAX=0x000000000000000f is an unknown value
RBX=0x00007f30304349e8 points into unknown readable memory: 0x0000000000000000 | 00 00 00 00 00 00 00 00
RCX=0x00007f30303cc770 points into unknown readable memory: 0x00007f303037c310 | 10 c3 37 30 30 7f 00 00
RDX=0x0000000000000002 is an unknown value
RSP=0x00007f30393fdd00 is pointing into the stack for thread: 0x00007f3030016800
RBP=0x00007f30303cc750 points into unknown readable memory: 0x00007f303037c310 | 10 c3 37 30 30 7f 00 00
RSI=0x00007f30304349e0 points into unknown readable memory: 0x00007f30303c3a60 | 60 3a 3c 30 30 7f 00 00
RDI=0x00007f30303cc750 points into unknown readable memory: 0x00007f303037c310 | 10 c3 37 30 30 7f 00 00
R8 =0x0 is NULL
R9 =0x0000000000000002 is an unknown value
R10=0x00007f2fd5454fd0: <offset 0x0000000000054fd0> in /home/doudou/.javacpp/cache/llvm-13.0.1-1.5.7-linux-x86_64.jar/org/bytedeco/llvm/linux-x86_64/libLLVM-13.so at 0x00007f2fd5400000
R11=0x00007f2fd602d210: LLVMBuildInBoundsGEP+0x0000000000000000 in /home/doudou/.javacpp/cache/llvm-13.0.1-1.5.7-linux-x86_64.jar/org/bytedeco/llvm/linux-x86_64/libLLVM-13.so at 0x00007f2fd5400000
R12=0x00007f30304349f0 points into unknown readable memory: 0x0000000000000000 | 00 00 00 00 00 00 00 00
R13=0x0 is NULL
R14=0x0000000000000002 is an unknown value
R15=0x00007f30303cc750 points into unknown readable memory: 0x00007f303037c310 | 10 c3 37 30 30 7f 00 00


Registers:
RAX=0x000000000000000f, RBX=0x00007f30304349e8, RCX=0x00007f30303cc770, RDX=0x0000000000000002
RSP=0x00007f30393fdd00, RBP=0x00007f30303cc750, RSI=0x00007f30304349e0, RDI=0x00007f30303cc750
R8 =0x0000000000000000, R9 =0x0000000000000002, R10=0x00007f2fd5454fd0, R11=0x00007f2fd602d210
R12=0x00007f30304349f0, R13=0x0000000000000000, R14=0x0000000000000002, R15=0x00007f30303cc750
RIP=0x00007f2fd60c3e36, EFLAGS=0x0000000000010287, CSGSFS=0x002b000000000033, ERR=0x0000000000000004
  TRAPNO=0x000000000000000e

Top of Stack: (sp=0x00007f30393fdd00)
0x00007f30393fdd00:   0000000000000060 00007f303036bc40
0x00007f30393fdd10:   00007f3030424150 00007f303039f020
0x00007f30393fdd20:   00007f30304349e0 00007f2fd602d2fa
0x00007f30393fdd30:   0000000000000000 00007f303039efc0 

Instructions: (pc=0x00007f2fd60c3e36)
0x00007f2fd60c3d36:   89 ef 5d 41 5c e9 40 d1 08 00 48 8b 36 0f b6 56
0x00007f2fd60c3d46:   08 89 d1 83 ea 12 83 fa 01 77 0b 48 8b 56 10 48
0x00007f2fd60c3d56:   8b 12 0f b6 4a 08 80 f9 0d 75 07 83 e8 11 3c 02
0x00007f2fd60c3d66:   76 10 48 83 c4 08 31 c0 5d 41 5c c3 66 0f 1f 44
0x00007f2fd60c3d76:   00 00 48 8b 45 18 48 83 c4 08 5d 41 5c c3 66 2e
0x00007f2fd60c3d86:   0f 1f 84 00 00 00 00 00 66 90 0f b6 47 08 3c 10
0x00007f2fd60c3d96:   75 18 8b 47 0c 48 39 c6 73 28 48 8b 47 10 4c 8b
0x00007f2fd60c3da6:   04 f0 4c 89 c0 c3 0f 1f 40 00 83 e8 11 45 31 c0
0x00007f2fd60c3db6:   3c 02 77 ee 4c 8b 47 18 4c 89 c0 c3 66 0f 1f 44
0x00007f2fd60c3dc6:   00 00 45 31 c0 eb db 0f 1f 00 48 89 f8 48 85 d2
0x00007f2fd60c3dd6:   0f 84 a4 00 00 00 41 55 41 54 4c 8d 24 d6 55 48
0x00007f2fd60c3de6:   89 fd 53 48 8d 5e 08 48 83 ec 08 4c 39 e3 75 35
0x00007f2fd60c3df6:   eb 7a 0f 1f 84 00 00 00 00 00 4c 89 ee 48 89 ef
0x00007f2fd60c3e06:   e8 a5 d0 08 00 84 c0 74 61 48 89 ef 4c 89 ee e8
0x00007f2fd60c3e16:   66 d0 08 00 48 89 c5 48 85 ed 74 4e 48 83 c3 08
0x00007f2fd60c3e26:   49 39 dc 74 5d 0f b6 45 08 4c 8b 2b 3c 10 74 ca
0x00007f2fd60c3e36:   49 8b 75 00 0f b6 4e 08 89 ca 83 e9 12 83 f9 01
0x00007f2fd60c3e46:   77 0b 48 8b 56 10 48 8b 12 0f b6 52 08 80 fa 0d
0x00007f2fd60c3e56:   75 18 3c 11 75 0c 48 8b 6d 18 eb bb 66 0f 1f 44
0x00007f2fd60c3e66:   00 00 83 e8 12 83 f8 01 76 ec 31 c0 48 83 c4 08
0x00007f2fd60c3e76:   5b 5d 41 5c 41 5d c3 0f 1f 00 c3 0f 1f 80 00 00
0x00007f2fd60c3e86:   00 00 48 83 c4 08 48 89 e8 5b 5d 41 5c 41 5d c3
0x00007f2fd60c3e96:   66 2e 0f 1f 84 00 00 00 00 00 48 89 f8 48 85 d2
0x00007f2fd60c3ea6:   0f 84 a4 00 00 00 41 55 41 54 4c 8d 24 d6 55 48
0x00007f2fd60c3eb6:   89 fd 53 48 8d 5e 08 48 83 ec 08 4c 39 e3 75 35
0x00007f2fd60c3ec6:   eb 7a 0f 1f 84 00 00 00 00 00 4c 89 ee 48 89 ef
0x00007f2fd60c3ed6:   e8 d5 cf 08 00 84 c0 74 61 48 89 ef 4c 89 ee e8
0x00007f2fd60c3ee6:   96 cf 08 00 48 89 c5 48 85 ed 74 4e 48 83 c3 08
0x00007f2fd60c3ef6:   49 39 dc 74 5d 0f b6 45 08 4c 8b 2b 3c 10 74 ca
0x00007f2fd60c3f06:   49 8b 75 00 0f b6 4e 08 89 ca 83 e9 12 83 f9 01
0x00007f2fd60c3f16:   77 0b 48 8b 56 10 48 8b 12 0f b6 52 08 80 fa 0d
0x00007f2fd60c3f26:   75 18 3c 11 75 0c 48 8b 6d 18 eb bb 66 0f 1f 44 


Stack slot to memory mapping:
stack at sp + 0 slots: 0x0000000000000060 is an unknown value
stack at sp + 1 slots: 0x00007f303036bc40 points into unknown readable memory: 0x00007f303036bc50 | 50 bc 36 30 30 7f 00 00
stack at sp + 2 slots: 0x00007f3030424150 points into unknown readable memory: 0x00007f30303cc770 | 70 c7 3c 30 30 7f 00 00
stack at sp + 3 slots: 0x00007f303039f020 points into unknown readable memory: 0x6c6c2f6568636163 | 63 61 63 68 65 2f 6c 6c
stack at sp + 4 slots: 0x00007f30304349e0 points into unknown readable memory: 0x00007f30303c3a60 | 60 3a 3c 30 30 7f 00 00
stack at sp + 5 slots: 0x00007f2fd602d2fa: LLVMBuildInBoundsGEP+0x00000000000000ea in /home/doudou/.javacpp/cache/llvm-13.0.1-1.5.7-linux-x86_64.jar/org/bytedeco/llvm/linux-x86_64/libLLVM-13.so at 0x00007f2fd5400000
stack at sp + 6 slots: 0x0 is NULL
stack at sp + 7 slots: 0x00007f303039efc0 points into unknown readable memory: 0x0000000000000000 | 00 00 00 00 00 00 00 00


---------------  P R O C E S S  ---------------

Threads class SMR info:
_java_thread_list=0x00007f3030233f90, length=11, elements={
0x00007f3030016800, 0x00007f3030120000, 0x00007f3030122000, 0x00007f3030128800,
0x00007f303012a800, 0x00007f303012c800, 0x00007f303012f000, 0x00007f3030131000,
0x00007f303013f000, 0x00007f3030214800, 0x00007f303022f800
}

Java Threads: ( => current thread )
=>0x00007f3030016800 JavaThread "main" [_thread_in_native, id=12313, stack(0x00007f3039300000,0x00007f3039400000)]
  0x00007f3030120000 JavaThread "Reference Handler" daemon [_thread_blocked, id=12320, stack(0x00007f3034339000,0x00007f3034439000)]
  0x00007f3030122000 JavaThread "Finalizer" daemon [_thread_blocked, id=12321, stack(0x00007f3034239000,0x00007f3034339000)]
  0x00007f3030128800 JavaThread "Signal Dispatcher" daemon [_thread_blocked, id=12322, stack(0x00007f3034139000,0x00007f3034239000)]
  0x00007f303012a800 JavaThread "Service Thread" daemon [_thread_blocked, id=12323, stack(0x00007f3034039000,0x00007f3034139000)]
  0x00007f303012c800 JavaThread "C2 CompilerThread0" daemon [_thread_blocked, id=12324, stack(0x00007f302ff00000,0x00007f3030000000)]
  0x00007f303012f000 JavaThread "C1 CompilerThread0" daemon [_thread_blocked, id=12325, stack(0x00007f3018500000,0x00007f3018600000)]
  0x00007f3030131000 JavaThread "Sweeper thread" daemon [_thread_blocked, id=12326, stack(0x00007f3018400000,0x00007f3018500000)]
  0x00007f303013f000 JavaThread "Common-Cleaner" daemon [_thread_blocked, id=12327, stack(0x00007f3018300000,0x00007f3018400000)]
  0x00007f3030214800 JavaThread "Monitor Ctrl-Break" daemon [_thread_in_native, id=12328, stack(0x00007f3018200000,0x00007f3018300000)]
  0x00007f303022f800 JavaThread "JavaCPP Deallocator" daemon [_thread_blocked, id=12330, stack(0x00007f3009100000,0x00007f3009200000)]

Other Threads:
  0x00007f303011d000 VMThread "VM Thread" [stack: 0x00007f303443b000,0x00007f303453b000] [id=12319]
  0x00007f3030216000 WatcherThread [stack: 0x00007f3018100000,0x00007f3018200000] [id=12329]
  0x00007f303002f800 GCTaskThread "GC Thread#0" [stack: 0x00007f3037a15000,0x00007f3037b15000] [id=12314]
  0x00007f3000001000 GCTaskThread "GC Thread#1" [stack: 0x00007f3009000000,0x00007f3009100000] [id=12331]
  0x00007f303004a800 ConcurrentGCThread "G1 Main Marker" [stack: 0x00007f30352c6000,0x00007f30353c6000] [id=12315]
  0x00007f303004c800 ConcurrentGCThread "G1 Conc#0" [stack: 0x00007f30351c4000,0x00007f30352c4000] [id=12316]
  0x00007f3030087800 ConcurrentGCThread "G1 Refine#0" [stack: 0x00007f3034ec0000,0x00007f3034fc0000] [id=12317]
  0x00007f3030089800 ConcurrentGCThread "G1 Young RemSet Sampling" [stack: 0x00007f3034dbe000,0x00007f3034ebe000] [id=12318]

Threads with active compile tasks:

VM state:not at safepoint (normal execution)

VM Mutex/Monitor currently owned by a thread: None

Heap address: 0x00000000c2e00000, size: 978 MB, Compressed Oops mode: 32-bit
Narrow klass base: 0x0000000800000000, Narrow klass shift: 3
Compressed class space size: 1073741824 Address: 0x0000000840000000

Heap:
 garbage-first heap   total 65536K, used 5478K [0x00000000c2e00000, 0x0000000100000000)
  region size 1024K, 5 young (5120K), 1 survivors (1024K)
 Metaspace       used 3920K, capacity 6614K, committed 6912K, reserved 1056768K
  class space    used 437K, capacity 695K, committed 768K, reserved 1048576K
Heap Regions: E=young(eden), S=young(survivor), O=old, HS=humongous(starts), HC=humongous(continues), CS=collection set, F=free, A=archive, TAMS=top-at-mark-start (previous, next)
|   0|0x00000000c2e00000, 0x00000000c2ea7800, 0x00000000c2f00000| 65%| O|  |TAMS 0x00000000c2e00000, 0x00000000c2e00000| Untracked 
|   1|0x00000000c2f00000, 0x00000000c2f00000, 0x00000000c3000000|  0%| F|  |TAMS 0x00000000c2f00000, 0x00000000c2f00000| Untracked 
|   2|0x00000000c3000000, 0x00000000c3000000, 0x00000000c3100000|  0%| F|  |TAMS 0x00000000c3000000, 0x00000000c3000000| Untracked 
|   3|0x00000000c3100000, 0x00000000c3100000, 0x00000000c3200000|  0%| F|  |TAMS 0x00000000c3100000, 0x00000000c3100000| Untracked 
|   4|0x00000000c3200000, 0x00000000c3200000, 0x00000000c3300000|  0%| F|  |TAMS 0x00000000c3200000, 0x00000000c3200000| Untracked 
|   5|0x00000000c3300000, 0x00000000c3300000, 0x00000000c3400000|  0%| F|  |TAMS 0x00000000c3300000, 0x00000000c3300000| Untracked 
|   6|0x00000000c3400000, 0x00000000c3400000, 0x00000000c3500000|  0%| F|  |TAMS 0x00000000c3400000, 0x00000000c3400000| Untracked 
|   7|0x00000000c3500000, 0x00000000c3500000, 0x00000000c3600000|  0%| F|  |TAMS 0x00000000c3500000, 0x00000000c3500000| Untracked 
|   8|0x00000000c3600000, 0x00000000c3600000, 0x00000000c3700000|  0%| F|  |TAMS 0x00000000c3600000, 0x00000000c3600000| Untracked 
|   9|0x00000000c3700000, 0x00000000c3700000, 0x00000000c3800000|  0%| F|  |TAMS 0x00000000c3700000, 0x00000000c3700000| Untracked 
|  10|0x00000000c3800000, 0x00000000c3800000, 0x00000000c3900000|  0%| F|  |TAMS 0x00000000c3800000, 0x00000000c3800000| Untracked 
|  11|0x00000000c3900000, 0x00000000c3900000, 0x00000000c3a00000|  0%| F|  |TAMS 0x00000000c3900000, 0x00000000c3900000| Untracked 
|  12|0x00000000c3a00000, 0x00000000c3a00000, 0x00000000c3b00000|  0%| F|  |TAMS 0x00000000c3a00000, 0x00000000c3a00000| Untracked 
|  13|0x00000000c3b00000, 0x00000000c3b00000, 0x00000000c3c00000|  0%| F|  |TAMS 0x00000000c3b00000, 0x00000000c3b00000| Untracked 
|  14|0x00000000c3c00000, 0x00000000c3c00000, 0x00000000c3d00000|  0%| F|  |TAMS 0x00000000c3c00000, 0x00000000c3c00000| Untracked 
|  15|0x00000000c3d00000, 0x00000000c3d00000, 0x00000000c3e00000|  0%| F|  |TAMS 0x00000000c3d00000, 0x00000000c3d00000| Untracked 
|  16|0x00000000c3e00000, 0x00000000c3e00000, 0x00000000c3f00000|  0%| F|  |TAMS 0x00000000c3e00000, 0x00000000c3e00000| Untracked 
|  17|0x00000000c3f00000, 0x00000000c3f00000, 0x00000000c4000000|  0%| F|  |TAMS 0x00000000c3f00000, 0x00000000c3f00000| Untracked 
|  18|0x00000000c4000000, 0x00000000c4000000, 0x00000000c4100000|  0%| F|  |TAMS 0x00000000c4000000, 0x00000000c4000000| Untracked 
|  19|0x00000000c4100000, 0x00000000c4100000, 0x00000000c4200000|  0%| F|  |TAMS 0x00000000c4100000, 0x00000000c4100000| Untracked 
|  20|0x00000000c4200000, 0x00000000c4200000, 0x00000000c4300000|  0%| F|  |TAMS 0x00000000c4200000, 0x00000000c4200000| Untracked 
|  21|0x00000000c4300000, 0x00000000c4300000, 0x00000000c4400000|  0%| F|  |TAMS 0x00000000c4300000, 0x00000000c4300000| Untracked 
|  22|0x00000000c4400000, 0x00000000c4400000, 0x00000000c4500000|  0%| F|  |TAMS 0x00000000c4400000, 0x00000000c4400000| Untracked 
|  23|0x00000000c4500000, 0x00000000c4500000, 0x00000000c4600000|  0%| F|  |TAMS 0x00000000c4500000, 0x00000000c4500000| Untracked 
|  24|0x00000000c4600000, 0x00000000c4600000, 0x00000000c4700000|  0%| F|  |TAMS 0x00000000c4600000, 0x00000000c4600000| Untracked 
|  25|0x00000000c4700000, 0x00000000c4700000, 0x00000000c4800000|  0%| F|  |TAMS 0x00000000c4700000, 0x00000000c4700000| Untracked 
|  26|0x00000000c4800000, 0x00000000c4800000, 0x00000000c4900000|  0%| F|  |TAMS 0x00000000c4800000, 0x00000000c4800000| Untracked 
|  27|0x00000000c4900000, 0x00000000c4900000, 0x00000000c4a00000|  0%| F|  |TAMS 0x00000000c4900000, 0x00000000c4900000| Untracked 
|  28|0x00000000c4a00000, 0x00000000c4a00000, 0x00000000c4b00000|  0%| F|  |TAMS 0x00000000c4a00000, 0x00000000c4a00000| Untracked 
|  29|0x00000000c4b00000, 0x00000000c4b00000, 0x00000000c4c00000|  0%| F|  |TAMS 0x00000000c4b00000, 0x00000000c4b00000| Untracked 
|  30|0x00000000c4c00000, 0x00000000c4c00000, 0x00000000c4d00000|  0%| F|  |TAMS 0x00000000c4c00000, 0x00000000c4c00000| Untracked 
|  31|0x00000000c4d00000, 0x00000000c4d00000, 0x00000000c4e00000|  0%| F|  |TAMS 0x00000000c4d00000, 0x00000000c4d00000| Untracked 
|  32|0x00000000c4e00000, 0x00000000c4e00000, 0x00000000c4f00000|  0%| F|  |TAMS 0x00000000c4e00000, 0x00000000c4e00000| Untracked 
|  33|0x00000000c4f00000, 0x00000000c4f00000, 0x00000000c5000000|  0%| F|  |TAMS 0x00000000c4f00000, 0x00000000c4f00000| Untracked 
|  34|0x00000000c5000000, 0x00000000c5000000, 0x00000000c5100000|  0%| F|  |TAMS 0x00000000c5000000, 0x00000000c5000000| Untracked 
|  35|0x00000000c5100000, 0x00000000c5100000, 0x00000000c5200000|  0%| F|  |TAMS 0x00000000c5100000, 0x00000000c5100000| Untracked 
|  36|0x00000000c5200000, 0x00000000c5200000, 0x00000000c5300000|  0%| F|  |TAMS 0x00000000c5200000, 0x00000000c5200000| Untracked 
|  37|0x00000000c5300000, 0x00000000c5300000, 0x00000000c5400000|  0%| F|  |TAMS 0x00000000c5300000, 0x00000000c5300000| Untracked 
|  38|0x00000000c5400000, 0x00000000c5400000, 0x00000000c5500000|  0%| F|  |TAMS 0x00000000c5400000, 0x00000000c5400000| Untracked 
|  39|0x00000000c5500000, 0x00000000c5500000, 0x00000000c5600000|  0%| F|  |TAMS 0x00000000c5500000, 0x00000000c5500000| Untracked 
|  40|0x00000000c5600000, 0x00000000c5600000, 0x00000000c5700000|  0%| F|  |TAMS 0x00000000c5600000, 0x00000000c5600000| Untracked 
|  41|0x00000000c5700000, 0x00000000c5700000, 0x00000000c5800000|  0%| F|  |TAMS 0x00000000c5700000, 0x00000000c5700000| Untracked 
|  42|0x00000000c5800000, 0x00000000c5800000, 0x00000000c5900000|  0%| F|  |TAMS 0x00000000c5800000, 0x00000000c5800000| Untracked 
|  43|0x00000000c5900000, 0x00000000c5900000, 0x00000000c5a00000|  0%| F|  |TAMS 0x00000000c5900000, 0x00000000c5900000| Untracked 
|  44|0x00000000c5a00000, 0x00000000c5a00000, 0x00000000c5b00000|  0%| F|  |TAMS 0x00000000c5a00000, 0x00000000c5a00000| Untracked 
|  45|0x00000000c5b00000, 0x00000000c5b00000, 0x00000000c5c00000|  0%| F|  |TAMS 0x00000000c5b00000, 0x00000000c5b00000| Untracked 
|  46|0x00000000c5c00000, 0x00000000c5c00000, 0x00000000c5d00000|  0%| F|  |TAMS 0x00000000c5c00000, 0x00000000c5c00000| Untracked 
|  47|0x00000000c5d00000, 0x00000000c5d00000, 0x00000000c5e00000|  0%| F|  |TAMS 0x00000000c5d00000, 0x00000000c5d00000| Untracked 
|  48|0x00000000c5e00000, 0x00000000c5e00000, 0x00000000c5f00000|  0%| F|  |TAMS 0x00000000c5e00000, 0x00000000c5e00000| Untracked 
|  49|0x00000000c5f00000, 0x00000000c5f00000, 0x00000000c6000000|  0%| F|  |TAMS 0x00000000c5f00000, 0x00000000c5f00000| Untracked 
|  50|0x00000000c6000000, 0x00000000c6000000, 0x00000000c6100000|  0%| F|  |TAMS 0x00000000c6000000, 0x00000000c6000000| Untracked 
|  51|0x00000000c6100000, 0x00000000c6100000, 0x00000000c6200000|  0%| F|  |TAMS 0x00000000c6100000, 0x00000000c6100000| Untracked 
|  52|0x00000000c6200000, 0x00000000c6200000, 0x00000000c6300000|  0%| F|  |TAMS 0x00000000c6200000, 0x00000000c6200000| Untracked 
|  53|0x00000000c6300000, 0x00000000c6300000, 0x00000000c6400000|  0%| F|  |TAMS 0x00000000c6300000, 0x00000000c6300000| Untracked 
|  54|0x00000000c6400000, 0x00000000c6500000, 0x00000000c6500000|100%| S|CS|TAMS 0x00000000c6400000, 0x00000000c6400000| Complete 
|  55|0x00000000c6500000, 0x00000000c6500000, 0x00000000c6600000|  0%| F|  |TAMS 0x00000000c6500000, 0x00000000c6500000| Untracked 
|  56|0x00000000c6600000, 0x00000000c6600000, 0x00000000c6700000|  0%| F|  |TAMS 0x00000000c6600000, 0x00000000c6600000| Untracked 
|  57|0x00000000c6700000, 0x00000000c6700000, 0x00000000c6800000|  0%| F|  |TAMS 0x00000000c6700000, 0x00000000c6700000| Untracked 
|  58|0x00000000c6800000, 0x00000000c6900000, 0x00000000c6900000|100%| E|  |TAMS 0x00000000c6800000, 0x00000000c6800000| Complete 
|  59|0x00000000c6900000, 0x00000000c6a00000, 0x00000000c6a00000|100%| E|CS|TAMS 0x00000000c6900000, 0x00000000c6900000| Complete 
|  60|0x00000000c6a00000, 0x00000000c6b00000, 0x00000000c6b00000|100%| E|CS|TAMS 0x00000000c6a00000, 0x00000000c6a00000| Complete 
|  61|0x00000000c6b00000, 0x00000000c6c00000, 0x00000000c6c00000|100%| E|CS|TAMS 0x00000000c6b00000, 0x00000000c6b00000| Complete 
| 976|0x00000000ffe00000, 0x00000000ffe47000, 0x00000000fff00000| 27%|OA|  |TAMS 0x00000000ffe00000, 0x00000000ffe00000| Untracked 
| 977|0x00000000fff00000, 0x00000000fff6b000, 0x0000000100000000| 41%|CA|  |TAMS 0x00000000fff00000, 0x00000000fff00000| Untracked 

Card table byte_map: [0x00007f303743f000,0x00007f3037628000] _byte_map_base: 0x00007f3036e28000

Marking Bits (Prev, Next): (CMBitMap*) 0x00007f3030045b88, (CMBitMap*) 0x00007f3030045bc0
 Prev Bits: [0x00007f303630e000, 0x00007f3037256000)
 Next Bits: [0x00007f30353c6000, 0x00007f303630e000)

Polling page: 0x00007f3039765000

Metaspace:

Usage:
  Non-class:      5.78 MB capacity,     3.40 MB ( 59%) used,     2.37 MB ( 41%) free+waste,     6.94 KB ( <1%) overhead. 
      Class:    695.00 KB capacity,   437.95 KB ( 63%) used,   253.30 KB ( 36%) free+waste,     3.75 KB ( <1%) overhead. 
       Both:      6.46 MB capacity,     3.83 MB ( 59%) used,     2.62 MB ( 41%) free+waste,    10.69 KB ( <1%) overhead. 

Virtual space:
  Non-class space:        8.00 MB reserved,       6.00 MB ( 75%) committed 
      Class space:        1.00 GB reserved,     768.00 KB ( <1%) committed 
             Both:        1.01 GB reserved,       6.75 MB ( <1%) committed 

Chunk freelists:
   Non-Class:  0 bytes
       Class:  9.00 KB
        Both:  9.00 KB

MaxMetaspaceSize: unlimited
CompressedClassSpaceSize: 1.00 GB
Initial GC threshold: 20.80 MB
Current GC threshold: 20.80 MB
CDS: on

CodeHeap 'non-profiled nmethods': size=120036Kb used=213Kb max_used=213Kb free=119822Kb
 bounds [0x00007f30200c7000, 0x00007f3020337000, 0x00007f3027600000]
CodeHeap 'profiled nmethods': size=120032Kb used=1030Kb max_used=1030Kb free=119001Kb
 bounds [0x00007f3018b8f000, 0x00007f3018dff000, 0x00007f30200c7000]
CodeHeap 'non-nmethods': size=5692Kb used=1156Kb max_used=1169Kb free=4535Kb
 bounds [0x00007f3018600000, 0x00007f3018870000, 0x00007f3018b8f000]
 total_blobs=1080 nmethods=671 adapters=323
 compilation: enabled
              stopped_count=0, restarted_count=0
 full_count=0

Compilation events (20 events):
Event: 0.371 Thread 0x00007f303012f000 nmethod 612 0x00007f3018c76010 code [0x00007f3018c761e0, 0x00007f3018c764b0]
Event: 0.371 Thread 0x00007f303012f000  613       3       jdk.internal.ref.CleanerImpl$PhantomCleanableRef::performCleanup (10 bytes)
Event: 0.371 Thread 0x00007f303012f000 nmethod 613 0x00007f3018c76590 code [0x00007f3018c76740, 0x00007f3018c76920]
Event: 0.371 Thread 0x00007f303012f000  614  s    3       jdk.internal.loader.Resource::cachedInputStream (20 bytes)
Event: 0.371 Thread 0x00007f303012f000 nmethod 614 0x00007f3018c76a10 code [0x00007f3018c76be0, 0x00007f3018c77000]
Event: 0.371 Thread 0x00007f303012f000  615       3       java.security.CodeSource::getCertificates (98 bytes)
Event: 0.372 Thread 0x00007f303012f000 nmethod 615 0x00007f3018c77090 code [0x00007f3018c77300, 0x00007f3018c77f50]
Event: 0.372 Thread 0x00007f303012f000  616       3       java.io.RandomAccessFile::seek (22 bytes)
Event: 0.372 Thread 0x00007f303012f000 nmethod 616 0x00007f3018c78290 code [0x00007f3018c78460, 0x00007f3018c786b0]
Event: 0.372 Thread 0x00007f303012f000  618       3       java.security.SecureClassLoader$CodeSourceKey::equals (56 bytes)
Event: 0.372 Thread 0x00007f303012f000 nmethod 618 0x00007f3018c78790 code [0x00007f3018c789a0, 0x00007f3018c78ff0]
Event: 0.372 Thread 0x00007f303012f000  620       3       java.io.FilterInputStream::<init> (10 bytes)
Event: 0.372 Thread 0x00007f303012f000 nmethod 620 0x00007f3018c79210 code [0x00007f3018c793c0, 0x00007f3018c795f0]
Event: 0.374 Thread 0x00007f303012f000  622       3       jdk.internal.loader.ClassLoaders$BootClassLoader::loadClassOrNull (11 bytes)
Event: 0.374 Thread 0x00007f303012f000 nmethod 622 0x00007f3018c79710 code [0x00007f3018c798e0, 0x00007f3018c79c30]
Event: 0.374 Thread 0x00007f303012f000  628       3       java.net.URLStreamHandler::parseURL (1201 bytes)
Event: 0.386 Thread 0x00007f303012c800 nmethod 601 0x00007f30200f3390 code [0x00007f30200f3560, 0x00007f30200f3fe8]
Event: 0.386 Thread 0x00007f303012c800  602       4       jdk.internal.jimage.ImageLocation::decompress (153 bytes)
Event: 0.395 Thread 0x00007f303012c800 nmethod 602 0x00007f30200f9110 code [0x00007f30200f92c0, 0x00007f30200f9658]
Event: 0.395 Thread 0x00007f303012c800  610       4       java.lang.StringLatin1::newString (17 bytes)

GC Heap History (2 events):
Event: 0.316 GC heap before
{Heap before GC invocations=0 (full 0):
 garbage-first heap   total 65536K, used 6856K [0x00000000c2e00000, 0x0000000100000000)
  region size 1024K, 7 young (7168K), 0 survivors (0K)
 Metaspace       used 3067K, capacity 5908K, committed 6016K, reserved 1056768K
  class space    used 337K, capacity 586K, committed 640K, reserved 1048576K
}
Event: 0.323 GC heap after
{Heap after GC invocations=1 (full 0):
 garbage-first heap   total 65536K, used 2406K [0x00000000c2e00000, 0x0000000100000000)
  region size 1024K, 1 young (1024K), 1 survivors (1024K)
 Metaspace       used 3067K, capacity 5908K, committed 6016K, reserved 1056768K
  class space    used 337K, capacity 586K, committed 640K, reserved 1048576K
}

Deoptimization events (20 events):
Event: 0.288 Thread 0x00007f3030016800 DEOPT PACKING pc=0x00007f30200df0f8 sp=0x00007f30393fe0b0
Event: 0.288 Thread 0x00007f3030016800 DEOPT UNPACKING pc=0x00007f30186082a5 sp=0x00007f30393fe048 mode 2
Event: 0.288 Thread 0x00007f3030016800 Uncommon trap: trap_request=0xffffffc6 fr.pc=0x00007f30200df0f8 relative=0x0000000000000398
Event: 0.288 Thread 0x00007f3030016800 Uncommon trap: reason=bimorphic_or_optimized_type_check action=maybe_recompile pc=0x00007f30200df0f8 method=java.util.HashMap.getNode(ILjava/lang/Object;)Ljava/util/HashMap$Node; @ 126 c2
Event: 0.288 Thread 0x00007f3030016800 DEOPT PACKING pc=0x00007f30200df0f8 sp=0x00007f30393fe0b0
Event: 0.288 Thread 0x00007f3030016800 DEOPT UNPACKING pc=0x00007f30186082a5 sp=0x00007f30393fe048 mode 2
Event: 0.288 Thread 0x00007f3030016800 Uncommon trap: trap_request=0xffffffc6 fr.pc=0x00007f30200df0f8 relative=0x0000000000000398
Event: 0.288 Thread 0x00007f3030016800 Uncommon trap: reason=bimorphic_or_optimized_type_check action=maybe_recompile pc=0x00007f30200df0f8 method=java.util.HashMap.getNode(ILjava/lang/Object;)Ljava/util/HashMap$Node; @ 126 c2
Event: 0.288 Thread 0x00007f3030016800 DEOPT PACKING pc=0x00007f30200df0f8 sp=0x00007f30393fe0b0
Event: 0.288 Thread 0x00007f3030016800 DEOPT UNPACKING pc=0x00007f30186082a5 sp=0x00007f30393fe048 mode 2
Event: 0.288 Thread 0x00007f3030016800 Uncommon trap: trap_request=0xffffffc6 fr.pc=0x00007f30200df0f8 relative=0x0000000000000398
Event: 0.288 Thread 0x00007f3030016800 Uncommon trap: reason=bimorphic_or_optimized_type_check action=maybe_recompile pc=0x00007f30200df0f8 method=java.util.HashMap.getNode(ILjava/lang/Object;)Ljava/util/HashMap$Node; @ 126 c2
Event: 0.288 Thread 0x00007f3030016800 DEOPT PACKING pc=0x00007f30200df0f8 sp=0x00007f30393fe0b0
Event: 0.288 Thread 0x00007f3030016800 DEOPT UNPACKING pc=0x00007f30186082a5 sp=0x00007f30393fe048 mode 2
Event: 0.354 Thread 0x00007f3030016800 DEOPT PACKING pc=0x00007f3018c01442 sp=0x00007f30393fd520
Event: 0.354 Thread 0x00007f3030016800 DEOPT UNPACKING pc=0x00007f30186499fa sp=0x00007f30393fc9a8 mode 0
Event: 0.355 Thread 0x00007f3030016800 DEOPT PACKING pc=0x00007f3018bc99cf sp=0x00007f30393fd4d0
Event: 0.355 Thread 0x00007f3030016800 DEOPT UNPACKING pc=0x00007f30186499fa sp=0x00007f30393fc978 mode 0
Event: 0.355 Thread 0x00007f3030016800 DEOPT PACKING pc=0x00007f3018bc99cf sp=0x00007f30393fd4d0
Event: 0.355 Thread 0x00007f3030016800 DEOPT UNPACKING pc=0x00007f30186499fa sp=0x00007f30393fc978 mode 0

Classes redefined (0 events):
No events

Internal exceptions (20 events):
Event: 0.104 Thread 0x00007f3030016800 Exception <a 'java/security/PrivilegedActionException'{0x00000000c6ae0d60}> (0x00000000c6ae0d60) thrown at [./src/hotspot/share/prims/jvm.cpp, line 1304]
Event: 0.104 Thread 0x00007f3030016800 Exception <a 'java/security/PrivilegedActionException'{0x00000000c6ae1030}> (0x00000000c6ae1030) thrown at [./src/hotspot/share/prims/jvm.cpp, line 1304]
Event: 0.104 Thread 0x00007f3030016800 Exception <a 'java/security/PrivilegedActionException'{0x00000000c6ae19a0}> (0x00000000c6ae19a0) thrown at [./src/hotspot/share/prims/jvm.cpp, line 1304]
Event: 0.104 Thread 0x00007f3030016800 Exception <a 'java/security/PrivilegedActionException'{0x00000000c6ae1c70}> (0x00000000c6ae1c70) thrown at [./src/hotspot/share/prims/jvm.cpp, line 1304]
Event: 0.104 Thread 0x00007f3030016800 Exception <a 'java/security/PrivilegedActionException'{0x00000000c6ae25e0}> (0x00000000c6ae25e0) thrown at [./src/hotspot/share/prims/jvm.cpp, line 1304]
Event: 0.104 Thread 0x00007f3030016800 Exception <a 'java/security/PrivilegedActionException'{0x00000000c6ae28b0}> (0x00000000c6ae28b0) thrown at [./src/hotspot/share/prims/jvm.cpp, line 1304]
Event: 0.104 Thread 0x00007f3030016800 Exception <a 'java/security/PrivilegedActionException'{0x00000000c6ae3238}> (0x00000000c6ae3238) thrown at [./src/hotspot/share/prims/jvm.cpp, line 1304]
Event: 0.104 Thread 0x00007f3030016800 Exception <a 'java/security/PrivilegedActionException'{0x00000000c6ae3508}> (0x00000000c6ae3508) thrown at [./src/hotspot/share/prims/jvm.cpp, line 1304]
Event: 0.104 Thread 0x00007f3030016800 Exception <a 'java/security/PrivilegedActionException'{0x00000000c6ae3e90}> (0x00000000c6ae3e90) thrown at [./src/hotspot/share/prims/jvm.cpp, line 1304]
Event: 0.104 Thread 0x00007f3030016800 Exception <a 'java/security/PrivilegedActionException'{0x00000000c6ae4160}> (0x00000000c6ae4160) thrown at [./src/hotspot/share/prims/jvm.cpp, line 1304]
Event: 0.104 Thread 0x00007f3030016800 Exception <a 'java/security/PrivilegedActionException'{0x00000000c6ae4ae8}> (0x00000000c6ae4ae8) thrown at [./src/hotspot/share/prims/jvm.cpp, line 1304]
Event: 0.104 Thread 0x00007f3030016800 Exception <a 'java/security/PrivilegedActionException'{0x00000000c6ae4db8}> (0x00000000c6ae4db8) thrown at [./src/hotspot/share/prims/jvm.cpp, line 1304]
Event: 0.104 Thread 0x00007f3030016800 Exception <a 'java/security/PrivilegedActionException'{0x00000000c6ae5728}> (0x00000000c6ae5728) thrown at [./src/hotspot/share/prims/jvm.cpp, line 1304]
Event: 0.104 Thread 0x00007f3030016800 Exception <a 'java/security/PrivilegedActionException'{0x00000000c6ae59f8}> (0x00000000c6ae59f8) thrown at [./src/hotspot/share/prims/jvm.cpp, line 1304]
Event: 0.105 Thread 0x00007f3030016800 Exception <a 'java/security/PrivilegedActionException'{0x00000000c6ae6380}> (0x00000000c6ae6380) thrown at [./src/hotspot/share/prims/jvm.cpp, line 1304]
Event: 0.105 Thread 0x00007f3030016800 Exception <a 'java/security/PrivilegedActionException'{0x00000000c6ae6650}> (0x00000000c6ae6650) thrown at [./src/hotspot/share/prims/jvm.cpp, line 1304]
Event: 0.127 Thread 0x00007f3030016800 Exception <a 'java/lang/NoSuchMethodError'{0x00000000c6995588}: 'int java.lang.invoke.DirectMethodHandle$Holder.invokeStaticInit(java.lang.Object, java.lang.Object, java.lang.Object, java.lang.Object)'> (0x00000000c6995588) thrown at [./src/hotspot/share/interpreter/linkResolver.cpp, line 772]
Event: 0.132 Thread 0x00007f3030016800 Exception <a 'java/lang/IncompatibleClassChangeError'{0x00000000c699f308}: Found class java.lang.Object, but interface was expected> (0x00000000c699f308) thrown at [./src/hotspot/share/interpreter/linkResolver.cpp, line 839]
Event: 0.133 Thread 0x00007f3030016800 Exception <a 'java/lang/NoSuchMethodError'{0x00000000c69a24b8}: 'void java.lang.invoke.DirectMethodHandle$Holder.invokeStaticInit(java.lang.Object, java.lang.Object)'> (0x00000000c69a24b8) thrown at [./src/hotspot/share/interpreter/linkResolver.cpp, line 772]
Event: 0.134 Thread 0x00007f3030016800 Exception <a 'java/lang/NoSuchMethodError'{0x00000000c69a7928}: 'int java.lang.invoke.DirectMethodHandle$Holder.invokeStaticInit(java.lang.Object, java.lang.Object)'> (0x00000000c69a7928) thrown at [./src/hotspot/share/interpreter/linkResolver.cpp, line 772]

Events (20 events):
Event: 0.385 loading class LLVMSymbolTable$SymbolTableEntry
Event: 0.385 loading class LLVMSymbolTable$SymbolTableEntry done
Event: 0.387 Executing VM operation: Deoptimize
Event: 0.388 Executing VM operation: Deoptimize done
Event: 0.389 loading class java/lang/invoke/BoundMethodHandle$Species_LL
Event: 0.389 loading class java/lang/invoke/BoundMethodHandle$Species_LL done
Event: 0.392 loading class java/lang/invoke/BoundMethodHandle$Species_LLL
Event: 0.392 loading class java/lang/invoke/BoundMethodHandle$Species_LLL done
Event: 0.392 loading class java/lang/invoke/BoundMethodHandle$Species_LLLL
Event: 0.393 loading class java/lang/invoke/BoundMethodHandle$Species_LLLL done
Event: 0.394 loading class java/lang/invoke/BoundMethodHandle$Species_LLLLL
Event: 0.394 loading class java/lang/invoke/BoundMethodHandle$Species_LLLLL done
Event: 0.395 loading class java/lang/invoke/BoundMethodHandle$Species_LLLLLL
Event: 0.395 loading class java/lang/invoke/BoundMethodHandle$Species_LLLLLL done
Event: 0.396 loading class java/lang/invoke/BoundMethodHandle$Species_LLLLLLI
Event: 0.397 loading class java/lang/invoke/BoundMethodHandle$Species_LLLLLLI done
Event: 0.398 loading class java/lang/invoke/BoundMethodHandle$Species_LLLLLLII
Event: 0.398 loading class java/lang/invoke/BoundMethodHandle$Species_LLLLLLII done
Event: 0.399 loading class java/lang/invoke/BoundMethodHandle$Species_LLLLLLIIL
Event: 0.399 loading class java/lang/invoke/BoundMethodHandle$Species_LLLLLLIIL done


Dynamic libraries:
c2e00000-c6c00000 rw-p 00000000 00:00 0 
c6c00000-ffe00000 ---p 00000000 00:00 0 
ffe00000-ffe47000 rw-p 00b0a000 08:03 1060156                            /usr/lib/jvm/java-11-openjdk-amd64/lib/server/classes.jsa
ffe47000-fff00000 rw-p 00000000 00:00 0 
fff00000-fff6b000 rw-p 00a9f000 08:03 1060156                            /usr/lib/jvm/java-11-openjdk-amd64/lib/server/classes.jsa
fff6b000-100000000 rw-p 00000000 00:00 0 
800000000-800002000 rwxp 00001000 08:03 1060156                          /usr/lib/jvm/java-11-openjdk-amd64/lib/server/classes.jsa
800002000-8003cc000 rw-p 00003000 08:03 1060156                          /usr/lib/jvm/java-11-openjdk-amd64/lib/server/classes.jsa
8003cc000-800a9d000 r--p 003cd000 08:03 1060156                          /usr/lib/jvm/java-11-openjdk-amd64/lib/server/classes.jsa
800a9d000-800a9e000 rw-p 00a9e000 08:03 1060156                          /usr/lib/jvm/java-11-openjdk-amd64/lib/server/classes.jsa
840000000-8400c0000 rw-p 00000000 00:00 0 
8400c0000-880000000 ---p 00000000 00:00 0 
55d3e8331000-55d3e8332000 r--p 00000000 08:03 1058673                    /usr/lib/jvm/java-11-openjdk-amd64/bin/java
55d3e8332000-55d3e8333000 r-xp 00001000 08:03 1058673                    /usr/lib/jvm/java-11-openjdk-amd64/bin/java
55d3e8333000-55d3e8334000 r--p 00002000 08:03 1058673                    /usr/lib/jvm/java-11-openjdk-amd64/bin/java
55d3e8334000-55d3e8335000 r--p 00002000 08:03 1058673                    /usr/lib/jvm/java-11-openjdk-amd64/bin/java
55d3e8335000-55d3e8336000 rw-p 00003000 08:03 1058673                    /usr/lib/jvm/java-11-openjdk-amd64/bin/java
55d3ea04f000-55d3ea091000 rw-p 00000000 00:00 0                          [heap]
7f2fd5400000-7f2fd5d26000 r--p 00000000 08:03 1579535                    /home/doudou/.javacpp/cache/llvm-13.0.1-1.5.7-linux-x86_64.jar/org/bytedeco/llvm/linux-x86_64/libLLVM-13.so
7f2fd5d26000-7f2fd96e9000 r-xp 00926000 08:03 1579535                    /home/doudou/.javacpp/cache/llvm-13.0.1-1.5.7-linux-x86_64.jar/org/bytedeco/llvm/linux-x86_64/libLLVM-13.so
7f2fd96e9000-7f2fdb93e000 r--p 042e9000 08:03 1579535                    /home/doudou/.javacpp/cache/llvm-13.0.1-1.5.7-linux-x86_64.jar/org/bytedeco/llvm/linux-x86_64/libLLVM-13.so
7f2fdb93e000-7f2fdbe53000 r--p 0653d000 08:03 1579535                    /home/doudou/.javacpp/cache/llvm-13.0.1-1.5.7-linux-x86_64.jar/org/bytedeco/llvm/linux-x86_64/libLLVM-13.so
7f2fdbe53000-7f2fdbe5e000 rw-p 06a52000 08:03 1579535                    /home/doudou/.javacpp/cache/llvm-13.0.1-1.5.7-linux-x86_64.jar/org/bytedeco/llvm/linux-x86_64/libLLVM-13.so
7f2fdbe5e000-7f2fdbed4000 rw-p 00000000 00:00 0 
7f2fdc000000-7f2fdc021000 rw-p 00000000 00:00 0 
7f2fdc021000-7f2fe0000000 ---p 00000000 00:00 0 
7f2fe0000000-7f2fe0021000 rw-p 00000000 00:00 0 
7f2fe0021000-7f2fe4000000 ---p 00000000 00:00 0 
7f2fe4000000-7f2fe41c8000 rw-p 00000000 00:00 0 
7f2fe41c8000-7f2fe8000000 ---p 00000000 00:00 0 
7f2fe8000000-7f2fe83fb000 rw-p 00000000 00:00 0 
7f2fe83fb000-7f2fec000000 ---p 00000000 00:00 0 
7f2fec000000-7f2fec021000 rw-p 00000000 00:00 0 
7f2fec021000-7f2ff0000000 ---p 00000000 00:00 0 
7f2ff0000000-7f2ff0021000 rw-p 00000000 00:00 0 
7f2ff0021000-7f2ff4000000 ---p 00000000 00:00 0 
7f2ff4000000-7f2ff4021000 rw-p 00000000 00:00 0 
7f2ff4021000-7f2ff8000000 ---p 00000000 00:00 0 
7f2ff8000000-7f2ff8021000 rw-p 00000000 00:00 0 
7f2ff8021000-7f2ffc000000 ---p 00000000 00:00 0 
7f2ffc000000-7f2ffc021000 rw-p 00000000 00:00 0 
7f2ffc021000-7f3000000000 ---p 00000000 00:00 0 
7f3000000000-7f3000021000 rw-p 00000000 00:00 0 
7f3000021000-7f3004000000 ---p 00000000 00:00 0 
7f3004000000-7f3004021000 rw-p 00000000 00:00 0 
7f3004021000-7f3008000000 ---p 00000000 00:00 0 
7f3008ef8000-7f3008f5d000 r--p 00000000 08:03 1579540                    /home/doudou/.javacpp/cache/llvm-13.0.1-1.5.7-linux-x86_64.jar/org/bytedeco/llvm/linux-x86_64/libjniLLVM.so
7f3008f5d000-7f3008fcb000 r-xp 00065000 08:03 1579540                    /home/doudou/.javacpp/cache/llvm-13.0.1-1.5.7-linux-x86_64.jar/org/bytedeco/llvm/linux-x86_64/libjniLLVM.so
7f3008fcb000-7f3008ff6000 r--p 000d3000 08:03 1579540                    /home/doudou/.javacpp/cache/llvm-13.0.1-1.5.7-linux-x86_64.jar/org/bytedeco/llvm/linux-x86_64/libjniLLVM.so
7f3008ff6000-7f3008ff9000 r--p 000fd000 08:03 1579540                    /home/doudou/.javacpp/cache/llvm-13.0.1-1.5.7-linux-x86_64.jar/org/bytedeco/llvm/linux-x86_64/libjniLLVM.so
7f3008ff9000-7f3008ffc000 rw-p 00100000 08:03 1579540                    /home/doudou/.javacpp/cache/llvm-13.0.1-1.5.7-linux-x86_64.jar/org/bytedeco/llvm/linux-x86_64/libjniLLVM.so
7f3008ffc000-7f3008ffe000 rw-p 00000000 00:00 0 
7f3008ffe000-7f3008fff000 ---p 00000000 00:00 0 
7f3008fff000-7f3009100000 rw-p 00000000 00:00 0 
7f3009100000-7f3009104000 ---p 00000000 00:00 0 
7f3009104000-7f3009200000 rw-p 00000000 00:00 0 
7f3009200000-7f3009fe7000 r--p 00000000 08:03 534858                     /usr/lib/locale/locale-archive
7f300a000000-7f300c000000 rw-p 00000000 00:00 0 
7f300c000000-7f300c021000 rw-p 00000000 00:00 0 
7f300c021000-7f3010000000 ---p 00000000 00:00 0 
7f3010000000-7f3010021000 rw-p 00000000 00:00 0 
7f3010021000-7f3014000000 ---p 00000000 00:00 0 
7f3014000000-7f3014021000 rw-p 00000000 00:00 0 
7f3014021000-7f3018000000 ---p 00000000 00:00 0 
7f30180fe000-7f30180ff000 ---p 00000000 00:00 0 
7f30180ff000-7f3018200000 rw-p 00000000 00:00 0 
7f3018200000-7f3018204000 ---p 00000000 00:00 0 
7f3018204000-7f3018300000 rw-p 00000000 00:00 0 
7f3018300000-7f3018304000 ---p 00000000 00:00 0 
7f3018304000-7f3018400000 rw-p 00000000 00:00 0 
7f3018400000-7f3018404000 ---p 00000000 00:00 0 
7f3018404000-7f3018500000 rw-p 00000000 00:00 0 
7f3018500000-7f3018504000 ---p 00000000 00:00 0 
7f3018504000-7f3018600000 rw-p 00000000 00:00 0 
7f3018600000-7f3018870000 rwxp 00000000 00:00 0 
7f3018870000-7f3018b8f000 ---p 00000000 00:00 0 
7f3018b8f000-7f3018dff000 rwxp 00000000 00:00 0 
7f3018dff000-7f30200c7000 ---p 00000000 00:00 0 
7f30200c7000-7f3020337000 rwxp 00000000 00:00 0 
7f3020337000-7f3027600000 ---p 00000000 00:00 0 
7f3027600000-7f302fe0b000 r--s 00000000 08:03 1058832                    /usr/lib/jvm/java-11-openjdk-amd64/lib/modules
7f302ff00000-7f302ff04000 ---p 00000000 00:00 0 
7f302ff04000-7f3030000000 rw-p 00000000 00:00 0 
7f3030000000-7f3030436000 rw-p 00000000 00:00 0 
7f3030436000-7f3034000000 ---p 00000000 00:00 0 
7f303400b000-7f3034012000 r--p 00000000 08:03 1579536                    /home/doudou/.javacpp/cache/llvm-13.0.1-1.5.7-linux-x86_64.jar/org/bytedeco/llvm/linux-x86_64/libLTO.so.13
7f3034012000-7f303401a000 r-xp 00007000 08:03 1579536                    /home/doudou/.javacpp/cache/llvm-13.0.1-1.5.7-linux-x86_64.jar/org/bytedeco/llvm/linux-x86_64/libLTO.so.13
7f303401a000-7f303401c000 r--p 0000f000 08:03 1579536                    /home/doudou/.javacpp/cache/llvm-13.0.1-1.5.7-linux-x86_64.jar/org/bytedeco/llvm/linux-x86_64/libLTO.so.13
7f303401c000-7f303401d000 r--p 00010000 08:03 1579536                    /home/doudou/.javacpp/cache/llvm-13.0.1-1.5.7-linux-x86_64.jar/org/bytedeco/llvm/linux-x86_64/libLTO.so.13
7f303401d000-7f303401e000 rw-p 00011000 08:03 1579536                    /home/doudou/.javacpp/cache/llvm-13.0.1-1.5.7-linux-x86_64.jar/org/bytedeco/llvm/linux-x86_64/libLTO.so.13
7f303401e000-7f303401f000 r--p 00000000 08:03 551276                     /usr/lib/x86_64-linux-gnu/libdl.so.2
7f303401f000-7f3034020000 r-xp 00001000 08:03 551276                     /usr/lib/x86_64-linux-gnu/libdl.so.2
7f3034020000-7f3034021000 r--p 00002000 08:03 551276                     /usr/lib/x86_64-linux-gnu/libdl.so.2
7f3034021000-7f3034022000 r--p 00002000 08:03 551276                     /usr/lib/x86_64-linux-gnu/libdl.so.2
7f3034022000-7f3034023000 rw-p 00003000 08:03 551276                     /usr/lib/x86_64-linux-gnu/libdl.so.2
7f3034023000-7f3034024000 r--p 00000000 08:03 552054                     /usr/lib/x86_64-linux-gnu/libpthread.so.0
7f3034024000-7f3034025000 r-xp 00001000 08:03 552054                     /usr/lib/x86_64-linux-gnu/libpthread.so.0
7f3034025000-7f3034026000 r--p 00002000 08:03 552054                     /usr/lib/x86_64-linux-gnu/libpthread.so.0
7f3034026000-7f3034027000 r--p 00002000 08:03 552054                     /usr/lib/x86_64-linux-gnu/libpthread.so.0
7f3034027000-7f3034028000 rw-p 00003000 08:03 552054                     /usr/lib/x86_64-linux-gnu/libpthread.so.0
7f3034028000-7f303402c000 r--p 00000000 08:03 1579530                    /home/doudou/.javacpp/cache/javacpp-1.5.7-linux-x86_64.jar/org/bytedeco/javacpp/linux-x86_64/libjnijavacpp.so
7f303402c000-7f3034033000 r-xp 00004000 08:03 1579530                    /home/doudou/.javacpp/cache/javacpp-1.5.7-linux-x86_64.jar/org/bytedeco/javacpp/linux-x86_64/libjnijavacpp.so
7f3034033000-7f3034037000 r--p 0000b000 08:03 1579530                    /home/doudou/.javacpp/cache/javacpp-1.5.7-linux-x86_64.jar/org/bytedeco/javacpp/linux-x86_64/libjnijavacpp.so
7f3034037000-7f3034038000 r--p 0000e000 08:03 1579530                    /home/doudou/.javacpp/cache/javacpp-1.5.7-linux-x86_64.jar/org/bytedeco/javacpp/linux-x86_64/libjnijavacpp.so
7f3034038000-7f3034039000 rw-p 0000f000 08:03 1579530                    /home/doudou/.javacpp/cache/javacpp-1.5.7-linux-x86_64.jar/org/bytedeco/javacpp/linux-x86_64/libjnijavacpp.so
7f3034039000-7f303403d000 ---p 00000000 00:00 0 
7f303403d000-7f3034139000 rw-p 00000000 00:00 0 
7f3034139000-7f303413d000 ---p 00000000 00:00 0 
7f303413d000-7f3034239000 rw-p 00000000 00:00 0 
7f3034239000-7f303423d000 ---p 00000000 00:00 0 
7f303423d000-7f3034339000 rw-p 00000000 00:00 0 
7f3034339000-7f303433d000 ---p 00000000 00:00 0 
7f303433d000-7f3034439000 rw-p 00000000 00:00 0 
7f3034439000-7f303443a000 ---p 00000000 00:00 0 
7f303443a000-7f3034bbc000 rw-p 00000000 00:00 0 
7f3034bbc000-7f3034dbc000 ---p 00000000 00:00 0 
7f3034dbc000-7f3034dbd000 ---p 00000000 00:00 0 
7f3034dbd000-7f3034ebe000 rw-p 00000000 00:00 0 
7f3034ebe000-7f3034ebf000 ---p 00000000 00:00 0 
7f3034ebf000-7f30351c2000 rw-p 00000000 00:00 0 
7f30351c2000-7f30351c3000 ---p 00000000 00:00 0 
7f30351c3000-7f30352c4000 rw-p 00000000 00:00 0 
7f30352c4000-7f30352c5000 ---p 00000000 00:00 0 
7f30352c5000-7f30354be000 rw-p 00000000 00:00 0 
7f30354be000-7f3036306000 ---p 00000000 00:00 0 
7f3036306000-7f3036406000 rw-p 00000000 00:00 0 
7f3036406000-7f303724e000 ---p 00000000 00:00 0 
7f303724e000-7f3037275000 rw-p 00000000 00:00 0 
7f3037275000-7f303743e000 ---p 00000000 00:00 0 
7f303743e000-7f303745e000 rw-p 00000000 00:00 0 
7f303745e000-7f3037627000 ---p 00000000 00:00 0 
7f3037627000-7f3037647000 rw-p 00000000 00:00 0 
7f3037647000-7f3037810000 ---p 00000000 00:00 0 
7f3037810000-7f3037a13000 rw-p 00000000 00:00 0 
7f3037a13000-7f3037a14000 ---p 00000000 00:00 0 
7f3037a14000-7f3037b1a000 rw-p 00000000 00:00 0 
7f3037b1a000-7f3037c00000 ---p 00000000 00:00 0 
7f3037c00000-7f3037c9a000 r--p 00000000 08:03 552221                     /usr/lib/x86_64-linux-gnu/libstdc++.so.6.0.30
7f3037c9a000-7f3037daa000 r-xp 0009a000 08:03 552221                     /usr/lib/x86_64-linux-gnu/libstdc++.so.6.0.30
7f3037daa000-7f3037e19000 r--p 001aa000 08:03 552221                     /usr/lib/x86_64-linux-gnu/libstdc++.so.6.0.30
7f3037e19000-7f3037e24000 r--p 00218000 08:03 552221                     /usr/lib/x86_64-linux-gnu/libstdc++.so.6.0.30
7f3037e24000-7f3037e27000 rw-p 00223000 08:03 552221                     /usr/lib/x86_64-linux-gnu/libstdc++.so.6.0.30
7f3037e27000-7f3037e2a000 rw-p 00000000 00:00 0 
7f3037e2e000-7f3037e35000 r--s 00000000 08:03 553557                     /usr/lib/x86_64-linux-gnu/gconv/gconv-modules.cache
7f3037e35000-7f3037e36000 r--p 00000000 08:03 1579538                    /home/doudou/.javacpp/cache/llvm-13.0.1-1.5.7-linux-x86_64.jar/org/bytedeco/llvm/linux-x86_64/libRemarks.so.13
7f3037e36000-7f3037e37000 r-xp 00001000 08:03 1579538                    /home/doudou/.javacpp/cache/llvm-13.0.1-1.5.7-linux-x86_64.jar/org/bytedeco/llvm/linux-x86_64/libRemarks.so.13
7f3037e37000-7f3037e38000 r--p 00002000 08:03 1579538                    /home/doudou/.javacpp/cache/llvm-13.0.1-1.5.7-linux-x86_64.jar/org/bytedeco/llvm/linux-x86_64/libRemarks.so.13
7f3037e38000-7f3037e39000 r--p 00002000 08:03 1579538                    /home/doudou/.javacpp/cache/llvm-13.0.1-1.5.7-linux-x86_64.jar/org/bytedeco/llvm/linux-x86_64/libRemarks.so.13
7f3037e39000-7f3037e3a000 rw-p 00003000 08:03 1579538                    /home/doudou/.javacpp/cache/llvm-13.0.1-1.5.7-linux-x86_64.jar/org/bytedeco/llvm/linux-x86_64/libRemarks.so.13
7f3037e3a000-7f3037e3b000 r--p 00000000 08:03 1058804                    /usr/lib/jvm/java-11-openjdk-amd64/lib/libextnet.so
7f3037e3b000-7f3037e3c000 r-xp 00001000 08:03 1058804                    /usr/lib/jvm/java-11-openjdk-amd64/lib/libextnet.so
7f3037e3c000-7f3037e3d000 r--p 00002000 08:03 1058804                    /usr/lib/jvm/java-11-openjdk-amd64/lib/libextnet.so
7f3037e3d000-7f3037e3e000 r--p 00002000 08:03 1058804                    /usr/lib/jvm/java-11-openjdk-amd64/lib/libextnet.so
7f3037e3e000-7f3037e3f000 rw-p 00003000 08:03 1058804                    /usr/lib/jvm/java-11-openjdk-amd64/lib/libextnet.so
7f3037e3f000-7f3037e43000 r--p 00000000 08:03 1058822                    /usr/lib/jvm/java-11-openjdk-amd64/lib/libnet.so
7f3037e43000-7f3037e51000 r-xp 00004000 08:03 1058822                    /usr/lib/jvm/java-11-openjdk-amd64/lib/libnet.so
7f3037e51000-7f3037e55000 r--p 00012000 08:03 1058822                    /usr/lib/jvm/java-11-openjdk-amd64/lib/libnet.so
7f3037e55000-7f3037e56000 r--p 00015000 08:03 1058822                    /usr/lib/jvm/java-11-openjdk-amd64/lib/libnet.so
7f3037e56000-7f3037e57000 rw-p 00016000 08:03 1058822                    /usr/lib/jvm/java-11-openjdk-amd64/lib/libnet.so
7f3037e57000-7f3037e5e000 r--p 00000000 08:03 1058823                    /usr/lib/jvm/java-11-openjdk-amd64/lib/libnio.so
7f3037e5e000-7f3037e66000 r-xp 00007000 08:03 1058823                    /usr/lib/jvm/java-11-openjdk-amd64/lib/libnio.so
7f3037e66000-7f3037e69000 r--p 0000f000 08:03 1058823                    /usr/lib/jvm/java-11-openjdk-amd64/lib/libnio.so
7f3037e69000-7f3037e6a000 r--p 00011000 08:03 1058823                    /usr/lib/jvm/java-11-openjdk-amd64/lib/libnio.so
7f3037e6a000-7f3037e6b000 rw-p 00012000 08:03 1058823                    /usr/lib/jvm/java-11-openjdk-amd64/lib/libnio.so
7f3037e6b000-7f3037eec000 rw-p 00000000 00:00 0 
7f3037eec000-7f3037fd2000 ---p 00000000 00:00 0 
7f3037fd2000-7f3037fe0000 r--p 00000000 08:03 1058811                    /usr/lib/jvm/java-11-openjdk-amd64/lib/libjava.so
7f3037fe0000-7f3037ff6000 r-xp 0000e000 08:03 1058811                    /usr/lib/jvm/java-11-openjdk-amd64/lib/libjava.so
7f3037ff6000-7f3037ffd000 r--p 00024000 08:03 1058811                    /usr/lib/jvm/java-11-openjdk-amd64/lib/libjava.so
7f3037ffd000-7f3037ffe000 r--p 0002a000 08:03 1058811                    /usr/lib/jvm/java-11-openjdk-amd64/lib/libjava.so
7f3037ffe000-7f3037fff000 rw-p 0002b000 08:03 1058811                    /usr/lib/jvm/java-11-openjdk-amd64/lib/libjava.so
7f3037fff000-7f3038000000 rw-p 00000000 00:00 0 
7f3038000000-7f3038282000 r--p 00000000 08:03 1058837                    /usr/lib/jvm/java-11-openjdk-amd64/lib/server/libjvm.so
7f3038282000-7f3038f1e000 r-xp 00282000 08:03 1058837                    /usr/lib/jvm/java-11-openjdk-amd64/lib/server/libjvm.so
7f3038f1e000-7f3039179000 r--p 00f1e000 08:03 1058837                    /usr/lib/jvm/java-11-openjdk-amd64/lib/server/libjvm.so
7f3039179000-7f303917a000 ---p 01179000 08:03 1058837                    /usr/lib/jvm/java-11-openjdk-amd64/lib/server/libjvm.so
7f303917a000-7f303923e000 r--p 01179000 08:03 1058837                    /usr/lib/jvm/java-11-openjdk-amd64/lib/server/libjvm.so
7f303923e000-7f3039279000 rw-p 0123d000 08:03 1058837                    /usr/lib/jvm/java-11-openjdk-amd64/lib/server/libjvm.so
7f3039279000-7f30392d5000 rw-p 00000000 00:00 0 
7f30392d5000-7f30392dc000 ---p 00000000 00:00 0 
7f30392dc000-7f30392de000 r--p 00000000 08:03 1058831                    /usr/lib/jvm/java-11-openjdk-amd64/lib/libzip.so
7f30392de000-7f30392e3000 r-xp 00002000 08:03 1058831                    /usr/lib/jvm/java-11-openjdk-amd64/lib/libzip.so
7f30392e3000-7f30392e5000 r--p 00007000 08:03 1058831                    /usr/lib/jvm/java-11-openjdk-amd64/lib/libzip.so
7f30392e5000-7f30392e6000 r--p 00008000 08:03 1058831                    /usr/lib/jvm/java-11-openjdk-amd64/lib/libzip.so
7f30392e6000-7f30392e7000 rw-p 00009000 08:03 1058831                    /usr/lib/jvm/java-11-openjdk-amd64/lib/libzip.so
7f30392e7000-7f30392ef000 rw-s 00000000 08:03 262230                     /tmp/hsperfdata_doudou/12312
7f30392ef000-7f30392f4000 r--p 00000000 08:03 1058830                    /usr/lib/jvm/java-11-openjdk-amd64/lib/libverify.so
7f30392f4000-7f30392fb000 r-xp 00005000 08:03 1058830                    /usr/lib/jvm/java-11-openjdk-amd64/lib/libverify.so
7f30392fb000-7f30392fd000 r--p 0000c000 08:03 1058830                    /usr/lib/jvm/java-11-openjdk-amd64/lib/libverify.so
7f30392fd000-7f30392ff000 r--p 0000d000 08:03 1058830                    /usr/lib/jvm/java-11-openjdk-amd64/lib/libverify.so
7f30392ff000-7f3039300000 rw-p 0000f000 08:03 1058830                    /usr/lib/jvm/java-11-openjdk-amd64/lib/libverify.so
7f3039300000-7f3039304000 ---p 00000000 00:00 0 
7f3039304000-7f3039400000 rw-p 00000000 00:00 0 
7f3039400000-7f3039428000 r--p 00000000 08:03 551134                     /usr/lib/x86_64-linux-gnu/libc.so.6
7f3039428000-7f30395bd000 r-xp 00028000 08:03 551134                     /usr/lib/x86_64-linux-gnu/libc.so.6
7f30395bd000-7f3039615000 r--p 001bd000 08:03 551134                     /usr/lib/x86_64-linux-gnu/libc.so.6
7f3039615000-7f3039619000 r--p 00214000 08:03 551134                     /usr/lib/x86_64-linux-gnu/libc.so.6
7f3039619000-7f303961b000 rw-p 00218000 08:03 551134                     /usr/lib/x86_64-linux-gnu/libc.so.6
7f303961b000-7f3039628000 rw-p 00000000 00:00 0 
7f3039629000-7f303962b000 r--p 00000000 08:03 1058806                    /usr/lib/jvm/java-11-openjdk-amd64/lib/libinstrument.so
7f303962b000-7f3039632000 r-xp 00002000 08:03 1058806                    /usr/lib/jvm/java-11-openjdk-amd64/lib/libinstrument.so
7f3039632000-7f3039635000 r--p 00009000 08:03 1058806                    /usr/lib/jvm/java-11-openjdk-amd64/lib/libinstrument.so
7f3039635000-7f3039636000 r--p 0000b000 08:03 1058806                    /usr/lib/jvm/java-11-openjdk-amd64/lib/libinstrument.so
7f3039636000-7f3039637000 rw-p 0000c000 08:03 1058806                    /usr/lib/jvm/java-11-openjdk-amd64/lib/libinstrument.so
7f3039637000-7f3039638000 r--p 00000000 08:03 552110                     /usr/lib/x86_64-linux-gnu/librt.so.1
7f3039638000-7f3039639000 r-xp 00001000 08:03 552110                     /usr/lib/x86_64-linux-gnu/librt.so.1
7f3039639000-7f303963a000 r--p 00002000 08:03 552110                     /usr/lib/x86_64-linux-gnu/librt.so.1
7f303963a000-7f303963b000 r--p 00002000 08:03 552110                     /usr/lib/x86_64-linux-gnu/librt.so.1
7f303963b000-7f303963c000 rw-p 00003000 08:03 552110                     /usr/lib/x86_64-linux-gnu/librt.so.1
7f303963c000-7f303963f000 r--p 00000000 08:03 551433                     /usr/lib/x86_64-linux-gnu/libgcc_s.so.1
7f303963f000-7f3039656000 r-xp 00003000 08:03 551433                     /usr/lib/x86_64-linux-gnu/libgcc_s.so.1
7f3039656000-7f303965a000 r--p 0001a000 08:03 551433                     /usr/lib/x86_64-linux-gnu/libgcc_s.so.1
7f303965a000-7f303965b000 r--p 0001d000 08:03 551433                     /usr/lib/x86_64-linux-gnu/libgcc_s.so.1
7f303965b000-7f303965c000 rw-p 0001e000 08:03 551433                     /usr/lib/x86_64-linux-gnu/libgcc_s.so.1
7f303965c000-7f303966a000 r--p 00000000 08:03 551785                     /usr/lib/x86_64-linux-gnu/libm.so.6
7f303966a000-7f30396e6000 r-xp 0000e000 08:03 551785                     /usr/lib/x86_64-linux-gnu/libm.so.6
7f30396e6000-7f3039741000 r--p 0008a000 08:03 551785                     /usr/lib/x86_64-linux-gnu/libm.so.6
7f3039741000-7f3039742000 r--p 000e4000 08:03 551785                     /usr/lib/x86_64-linux-gnu/libm.so.6
7f3039742000-7f3039743000 rw-p 000e5000 08:03 551785                     /usr/lib/x86_64-linux-gnu/libm.so.6
7f3039743000-7f3039745000 rw-p 00000000 00:00 0 
7f3039745000-7f3039747000 r--p 00000000 08:03 552488                     /usr/lib/x86_64-linux-gnu/libz.so.1.2.11
7f3039747000-7f3039758000 r-xp 00002000 08:03 552488                     /usr/lib/x86_64-linux-gnu/libz.so.1.2.11
7f3039758000-7f303975e000 r--p 00013000 08:03 552488                     /usr/lib/x86_64-linux-gnu/libz.so.1.2.11
7f303975e000-7f303975f000 ---p 00019000 08:03 552488                     /usr/lib/x86_64-linux-gnu/libz.so.1.2.11
7f303975f000-7f3039760000 r--p 00019000 08:03 552488                     /usr/lib/x86_64-linux-gnu/libz.so.1.2.11
7f3039760000-7f3039761000 rw-p 0001a000 08:03 552488                     /usr/lib/x86_64-linux-gnu/libz.so.1.2.11
7f3039765000-7f3039766000 ---p 00000000 00:00 0 
7f3039766000-7f3039767000 r--p 00000000 00:00 0 
7f3039767000-7f3039769000 r--p 00000000 08:03 1058814                    /usr/lib/jvm/java-11-openjdk-amd64/lib/libjimage.so
7f3039769000-7f303976c000 r-xp 00002000 08:03 1058814                    /usr/lib/jvm/java-11-openjdk-amd64/lib/libjimage.so
7f303976c000-7f303976d000 r--p 00005000 08:03 1058814                    /usr/lib/jvm/java-11-openjdk-amd64/lib/libjimage.so
7f303976d000-7f303976e000 ---p 00006000 08:03 1058814                    /usr/lib/jvm/java-11-openjdk-amd64/lib/libjimage.so
7f303976e000-7f303976f000 r--p 00006000 08:03 1058814                    /usr/lib/jvm/java-11-openjdk-amd64/lib/libjimage.so
7f303976f000-7f3039770000 rw-p 00007000 08:03 1058814                    /usr/lib/jvm/java-11-openjdk-amd64/lib/libjimage.so
7f3039770000-7f3039773000 r--p 00000000 08:03 1058796                    /usr/lib/jvm/java-11-openjdk-amd64/lib/jli/libjli.so
7f3039773000-7f303977d000 r-xp 00003000 08:03 1058796                    /usr/lib/jvm/java-11-openjdk-amd64/lib/jli/libjli.so
7f303977d000-7f3039780000 r--p 0000d000 08:03 1058796                    /usr/lib/jvm/java-11-openjdk-amd64/lib/jli/libjli.so
7f3039780000-7f3039781000 ---p 00010000 08:03 1058796                    /usr/lib/jvm/java-11-openjdk-amd64/lib/jli/libjli.so
7f3039781000-7f3039782000 r--p 00010000 08:03 1058796                    /usr/lib/jvm/java-11-openjdk-amd64/lib/jli/libjli.so
7f3039782000-7f3039783000 rw-p 00011000 08:03 1058796                    /usr/lib/jvm/java-11-openjdk-amd64/lib/jli/libjli.so
7f3039783000-7f3039785000 rw-p 00000000 00:00 0 
7f3039785000-7f3039787000 r--p 00000000 08:03 550792                     /usr/lib/x86_64-linux-gnu/ld-linux-x86-64.so.2
7f3039787000-7f30397b1000 r-xp 00002000 08:03 550792                     /usr/lib/x86_64-linux-gnu/ld-linux-x86-64.so.2
7f30397b1000-7f30397bc000 r--p 0002c000 08:03 550792                     /usr/lib/x86_64-linux-gnu/ld-linux-x86-64.so.2
7f30397bd000-7f30397bf000 r--p 00037000 08:03 550792                     /usr/lib/x86_64-linux-gnu/ld-linux-x86-64.so.2
7f30397bf000-7f30397c1000 rw-p 00039000 08:03 550792                     /usr/lib/x86_64-linux-gnu/ld-linux-x86-64.so.2
7ffe3e66a000-7ffe3e68b000 rw-p 00000000 00:00 0                          [stack]
7ffe3e6fa000-7ffe3e6fe000 r--p 00000000 00:00 0                          [vvar]
7ffe3e6fe000-7ffe3e700000 r-xp 00000000 00:00 0                          [vdso]
ffffffffff600000-ffffffffff601000 --xp 00000000 00:00 0                  [vsyscall]


VM Arguments:
jvm_args: -javaagent:/snap/intellij-idea-ultimate/437/lib/idea_rt.jar=33301:/snap/intellij-idea-ultimate/437/bin -Dfile.encoding=UTF-8 
java_command: Main /home/doudou/lab/Lab/tests/test1.sysy /home/doudou/lab/Lab/tests/out.txt
java_class_path (initial): /home/doudou/lab/Lab/out/production/Lab:/usr/local/lib/antlr-4.9.1-complete.jar:/usr/local/lib/javacpp-1.5.7-linux-x86_64.jar:/usr/local/lib/javacpp-1.5.7.jar:/usr/local/lib/llvm-13.0.1-1.5.7-linux-x86_64.jar:/usr/local/lib/llvm-13.0.1-1.5.7.jar:/usr/local/lib/llvm-platform-13.0.1-1.5.7.jar
Launcher Type: SUN_STANDARD

[Global flags]
     intx CICompilerCount                          = 2                                         {product} {ergonomic}
     uint ConcGCThreads                            = 1                                         {product} {ergonomic}
     uint G1ConcRefinementThreads                  = 2                                         {product} {ergonomic}
   size_t G1HeapRegionSize                         = 1048576                                   {product} {ergonomic}
    uintx GCDrainStackTargetSize                   = 64                                        {product} {ergonomic}
   size_t InitialHeapSize                          = 65011712                                  {product} {ergonomic}
   size_t MarkStackSize                            = 4194304                                   {product} {ergonomic}
   size_t MaxHeapSize                              = 1025507328                                {product} {ergonomic}
   size_t MaxNewSize                               = 614465536                                 {product} {ergonomic}
   size_t MinHeapDeltaBytes                        = 1048576                                   {product} {ergonomic}
    uintx NonNMethodCodeHeapSize                   = 5825164                                {pd product} {ergonomic}
    uintx NonProfiledCodeHeapSize                  = 122916538                              {pd product} {ergonomic}
    uintx ProfiledCodeHeapSize                     = 122916538                              {pd product} {ergonomic}
    uintx ReservedCodeCacheSize                    = 251658240                              {pd product} {ergonomic}
     bool SegmentedCodeCache                       = true                                      {product} {ergonomic}
     bool UseCompressedClassPointers               = true                                 {lp64_product} {ergonomic}
     bool UseCompressedOops                        = true                                 {lp64_product} {ergonomic}
     bool UseG1GC                                  = true                                      {product} {ergonomic}

Logging:
Log output configuration:
 #0: stdout all=warning uptime,level,tags
 #1: stderr all=off uptime,level,tags

Environment Variables:
PATH=/usr/local/sbin:/usr/local/bin:/usr/sbin:/usr/bin:/sbin:/bin:/usr/games:/usr/local/games:/snap/bin:/snap/bin
USERNAME=doudou
SHELL=/bin/bash
DISPLAY=:0
LANG=en_US.UTF-8
LC_NUMERIC=zh_CN.UTF-8
LC_TIME=zh_CN.UTF-8

Signal Handlers:
SIGSEGV: [libjvm.so+0xeabd80], sa_mask[0]=11111111011111111101111111111110, sa_flags=SA_RESTART|SA_SIGINFO
SIGBUS: [libjvm.so+0xeabd80], sa_mask[0]=11111111011111111101111111111110, sa_flags=SA_RESTART|SA_SIGINFO
SIGFPE: [libjvm.so+0xeabd80], sa_mask[0]=11111111011111111101111111111110, sa_flags=SA_RESTART|SA_SIGINFO
SIGPIPE: [libjvm.so+0xbee610], sa_mask[0]=11111111011111111101111111111110, sa_flags=SA_RESTART|SA_SIGINFO
SIGXFSZ: [libjvm.so+0xbee610], sa_mask[0]=11111111011111111101111111111110, sa_flags=SA_RESTART|SA_SIGINFO
SIGILL: [libjvm.so+0xeabd80], sa_mask[0]=11111111011111111101111111111110, sa_flags=SA_RESTART|SA_SIGINFO
SIGUSR2: [libjvm.so+0xbee4b0], sa_mask[0]=00100000000000000000000000000000, sa_flags=SA_RESTART|SA_SIGINFO
SIGHUP: [libjvm.so+0xbeec50], sa_mask[0]=11111111011111111101111111111110, sa_flags=SA_RESTART|SA_SIGINFO
SIGINT: [libjvm.so+0xbeec50], sa_mask[0]=11111111011111111101111111111110, sa_flags=SA_RESTART|SA_SIGINFO
SIGTERM: [libjvm.so+0xbeec50], sa_mask[0]=11111111011111111101111111111110, sa_flags=SA_RESTART|SA_SIGINFO
SIGQUIT: [libjvm.so+0xbeec50], sa_mask[0]=11111111011111111101111111111110, sa_flags=SA_RESTART|SA_SIGINFO


---------------  S Y S T E M  ---------------

OS:DISTRIB_ID=Ubuntu
DISTRIB_RELEASE=22.04
DISTRIB_CODENAME=jammy
DISTRIB_DESCRIPTION="Ubuntu 22.04.2 LTS"
uname:Linux 5.19.0-45-generic #46~22.04.1-Ubuntu SMP PREEMPT_DYNAMIC Wed Jun 7 15:06:04 UTC 20 x86_64
OS uptime: 0 days 11:14 hours
libc:glibc 2.35 NPTL 2.35 
rlimit (soft/hard): STACK 8192k/infinity , CORE 0k/infinity , NPROC 15333/15333 , NOFILE 1048576/1048576 , AS infinity/infinity , CPU infinity/infinity , DATA infinity/infinity , FSIZE infinity/infinity , MEMLOCK 500652k/500652k
load average:1.19 0.94 0.76

/proc/meminfo:
MemTotal:        4005236 kB
MemFree:          160928 kB
MemAvailable:     359748 kB
Buffers:           10508 kB
Cached:           374560 kB
SwapCached:        66652 kB
Active:          1748856 kB
Inactive:        1037116 kB
Active(anon):    1551064 kB
Inactive(anon):   862780 kB
Active(file):     197792 kB
Inactive(file):   174336 kB
Unevictable:           0 kB
Mlocked:               0 kB
SwapTotal:       3512316 kB
SwapFree:        2098480 kB
Zswap:                 0 kB
Zswapped:              0 kB
Dirty:               268 kB
Writeback:             0 kB
AnonPages:       2378008 kB
Mapped:           175196 kB
Shmem:             14032 kB
KReclaimable:      70776 kB
Slab:             217244 kB
SReclaimable:      70776 kB
SUnreclaim:       146468 kB
KernelStack:       10896 kB
PageTables:        26612 kB
NFS_Unstable:          0 kB
Bounce:                0 kB
WritebackTmp:          0 kB
CommitLimit:     5514932 kB
Committed_AS:    6143064 kB
VmallocTotal:   34359738367 kB
VmallocUsed:       46252 kB
VmallocChunk:          0 kB
Percpu:             2216 kB
HardwareCorrupted:     0 kB
AnonHugePages:         0 kB
ShmemHugePages:        0 kB
ShmemPmdMapped:        0 kB
FileHugePages:         0 kB
FilePmdMapped:         0 kB
HugePages_Total:       0
HugePages_Free:        0
HugePages_Rsvd:        0
HugePages_Surp:        0
Hugepagesize:       2048 kB
Hugetlb:               0 kB
DirectMap4k:      202560 kB
DirectMap2M:     3991552 kB
DirectMap1G:     2097152 kB

/sys/kernel/mm/transparent_hugepage/enabled:
always [madvise] never
/sys/kernel/mm/transparent_hugepage/defrag (defrag/compaction efforts parameter):
always defer defer+madvise [madvise] never

Process Memory:
Virtual Size: 3684896K (peak: 12384612K)
Resident Set Size: 92320K (peak: 92320K) (anon: 35880K, file: 56440K, shmem: 0K)
Swapped out: 0K
C-Heap outstanding allocations: 15016K, retained: 2055K
glibc malloc tunables: (default)

/proc/sys/kernel/threads-max (system-wide limit on the number of threads):
30667
/proc/sys/vm/max_map_count (maximum number of memory map areas a process may have):
65530
/proc/sys/kernel/pid_max (system-wide limit on number of process identifiers):
4194304

container (cgroup) information:
container_type: cgroupv2
cpu_cpuset_cpus: not supported
cpu_memory_nodes: not supported
active_processor_count: 2
cpu_quota: not supported
cpu_period: not supported
cpu_shares: not supported
memory_limit_in_bytes: unlimited
memory_and_swap_limit_in_bytes: unlimited
memory_soft_limit_in_bytes: unlimited
memory_usage_in_bytes: 2099832 k
memory_max_usage_in_bytes: not supported
memory_swap_current_in_bytes: 819892 k
memory_swap_max_limit_in_bytes: unlimited
maximum number of tasks: 4600
current number of tasks: 141

VMWare virtualization detected
Steal ticks since vm start: 0
Steal ticks percentage since vm start:  0.000

CPU:total 2 (initial active 2) (1 cores per cpu, 1 threads per core) family 6 model 140 stepping 1 microcode 0xffffffff, cmov, cx8, fxsr, mmx, sse, sse2, sse3, ssse3, sse4.1, sse4.2, popcnt, avx, avx2, aes, clmul, erms, 3dnowpref, lzcnt, tsc, tscinvbit, bmi1, bmi2, adx, evex, sha, fma
CPU Model and flags from /proc/cpuinfo:
model name	: 11th Gen Intel(R) Core(TM) i7-1165G7 @ 2.80GHz
flags		: fpu vme de pse tsc msr pae mce cx8 apic sep mtrr pge mca cmov pat pse36 clflush mmx fxsr sse sse2 ss syscall nx pdpe1gb rdtscp lm constant_tsc arch_perfmon rep_good nopl xtopology tsc_reliable nonstop_tsc cpuid tsc_known_freq pni pclmulqdq ssse3 fma cx16 pcid sse4_1 sse4_2 x2apic movbe popcnt tsc_deadline_timer aes xsave avx f16c rdrand hypervisor lahf_lm abm 3dnowprefetch invpcid_single pti ssbd ibrs ibpb stibp fsgsbase tsc_adjust bmi1 avx2 smep bmi2 erms invpcid avx512f avx512dq rdseed adx smap avx512ifma clflushopt clwb avx512cd sha_ni avx512bw avx512vl xsaveopt xsavec xgetbv1 xsaves arat avx512vbmi umip avx512_vbmi2 gfni vaes vpclmulqdq avx512_vnni avx512_bitalg avx512_vpopcntdq rdpid fsrm avx512_vp2intersect flush_l1d arch_capabilities
Online cpus:
0-1
Offline cpus:

BIOS frequency limitation:
<Not Available>
Frequency switch latency (ns):
<Not Available>
Available cpu frequencies:
<Not Available>
Current governor:
<Not Available>
Core performance/turbo boost:
<Not Available>

Memory: 4k page, physical 4005236k(160928k free), swap 3512316k(2098480k free)

vm_info: OpenJDK 64-Bit Server VM (11.0.19+7-post-Ubuntu-0ubuntu122.04.1) for linux-amd64 JRE (11.0.19+7-post-Ubuntu-0ubuntu122.04.1), built on May 10 2023 00:54:00 by "unknown" with gcc 11.3.0

END.
