#
# A fatal error has been detected by the Java Runtime Environment:
#
#  SIGSEGV (0xb) at pc=0x00007f4ee5d54ae4, pid=27687, tid=27688
#
# JRE version: OpenJDK Runtime Environment (11.0.19+7) (build 11.0.19+7-post-Ubuntu-0ubuntu122.04.1)
# Java VM: OpenJDK 64-Bit Server VM (11.0.19+7-post-Ubuntu-0ubuntu122.04.1, mixed mode, sharing, tiered, compressed oops, g1 gc, linux-amd64)
# Problematic frame:
# C  [libLLVM-13.so+0xd54ae4]  llvm::PointerType::get(llvm::Type*, unsigned int)+0x14
#
# Core dump will be written. Default location: Core dumps may be processed with "/usr/share/apport/apport -p%p -s%s -c%c -d%d -P%P -u%u -g%g -- %E" (or dumping to /home/doudou/lab/Lab/core.27687)
#
# If you would like to submit a bug report, please visit:
#   https://bugs.launchpad.net/ubuntu/+source/openjdk-lts
# The crash happened outside the Java Virtual Machine in native code.
# See problematic frame for where to report the bug.
#

---------------  S U M M A R Y ------------

Command Line: -javaagent:/snap/intellij-idea-ultimate/437/lib/idea_rt.jar=40349:/snap/intellij-idea-ultimate/437/bin -Dfile.encoding=UTF-8 Main /home/doudou/lab/Lab/tests/test1.sysy /home/doudou/lab/Lab/tests/out.txt

Host: 11th Gen Intel(R) Core(TM) i7-1165G7 @ 2.80GHz, 2 cores, 3G, Ubuntu 22.04.2 LTS
Time: Wed Jun 28 13:09:06 2023 CST elapsed time: 1.455566 seconds (0d 0h 0m 1s)

---------------  T H R E A D  ---------------

Current thread (0x00007f4f40016800):  JavaThread "main" [_thread_in_native, id=27688, stack(0x00007f4f46b00000,0x00007f4f46c00000)]

Stack: [0x00007f4f46b00000,0x00007f4f46c00000],  sp=0x00007f4f46bfd8a0,  free space=1014k
Native frames: (J=compiled Java code, A=aot compiled Java code, j=interpreted, Vv=VM code, C=native code)
C  [libLLVM-13.so+0xd54ae4]  llvm::PointerType::get(llvm::Type*, unsigned int)+0x14

Java frames: (J=compiled Java code, j=interpreted, Vv=VM code)
j  org.bytedeco.llvm.global.LLVM.LLVMBuildInBoundsGEP(Lorg/bytedeco/llvm/LLVM/LLVMBuilderRef;Lorg/bytedeco/llvm/LLVM/LLVMValueRef;Lorg/bytedeco/javacpp/PointerPointer;ILjava/lang/String;)Lorg/bytedeco/llvm/LLVM/LLVMValueRef;+0
j  SysYLlvmVisitor.visitLVal(LSysYParser$LValContext;)Lorg/bytedeco/llvm/LLVM/LLVMValueRef;+184
j  SysYLlvmVisitor.visitExp(LSysYParser$ExpContext;)Lorg/bytedeco/llvm/LLVM/LLVMValueRef;+55
j  SysYLlvmVisitor.visitExp(LSysYParser$ExpContext;)Lorg/bytedeco/llvm/LLVM/LLVMValueRef;+518
j  SysYLlvmVisitor.visitInitVal(LSysYParser$InitValContext;)Lorg/bytedeco/llvm/LLVM/LLVMValueRef;+19
j  SysYLlvmVisitor.visitVarDef(LSysYParser$VarDefContext;)Lorg/bytedeco/llvm/LLVM/LLVMValueRef;+73
j  SysYLlvmVisitor.visitVarDef(LSysYParser$VarDefContext;)Ljava/lang/Object;+2
j  SysYParser$VarDefContext.accept(Lorg/antlr/v4/runtime/tree/ParseTreeVisitor;)Ljava/lang/Object;+12
j  org.antlr.v4.runtime.tree.AbstractParseTreeVisitor.visitChildren(Lorg/antlr/v4/runtime/tree/RuleNode;)Ljava/lang/Object;+46
j  SysYParserBaseVisitor.visitVarDecl(LSysYParser$VarDeclContext;)Ljava/lang/Object;+2
j  SysYParser$VarDeclContext.accept(Lorg/antlr/v4/runtime/tree/ParseTreeVisitor;)Ljava/lang/Object;+12
j  org.antlr.v4.runtime.tree.AbstractParseTreeVisitor.visitChildren(Lorg/antlr/v4/runtime/tree/RuleNode;)Ljava/lang/Object;+46
j  SysYParserBaseVisitor.visitDecl(LSysYParser$DeclContext;)Ljava/lang/Object;+2
j  SysYParser$DeclContext.accept(Lorg/antlr/v4/runtime/tree/ParseTreeVisitor;)Ljava/lang/Object;+12
j  org.antlr.v4.runtime.tree.AbstractParseTreeVisitor.visitChildren(Lorg/antlr/v4/runtime/tree/RuleNode;)Ljava/lang/Object;+46
j  SysYParserBaseVisitor.visitBlockItem(LSysYParser$BlockItemContext;)Ljava/lang/Object;+2
j  SysYParser$BlockItemContext.accept(Lorg/antlr/v4/runtime/tree/ParseTreeVisitor;)Ljava/lang/Object;+12
j  org.antlr.v4.runtime.tree.AbstractParseTreeVisitor.visitChildren(Lorg/antlr/v4/runtime/tree/RuleNode;)Ljava/lang/Object;+46
j  SysYParserBaseVisitor.visitBlock(LSysYParser$BlockContext;)Ljava/lang/Object;+2
j  SysYParser$BlockContext.accept(Lorg/antlr/v4/runtime/tree/ParseTreeVisitor;)Ljava/lang/Object;+12
j  org.antlr.v4.runtime.tree.AbstractParseTreeVisitor.visit(Lorg/antlr/v4/runtime/tree/ParseTree;)Ljava/lang/Object;+2
j  SysYLlvmVisitor.visitFuncDef(LSysYParser$FuncDefContext;)Lorg/bytedeco/llvm/LLVM/LLVMValueRef;+552
j  SysYLlvmVisitor.visitCompUnit(LSysYParser$CompUnitContext;)Lorg/bytedeco/llvm/LLVM/LLVMValueRef;+1876
j  SysYLlvmVisitor.visitCompUnit(LSysYParser$CompUnitContext;)Ljava/lang/Object;+2
j  SysYParser$CompUnitContext.accept(Lorg/antlr/v4/runtime/tree/ParseTreeVisitor;)Ljava/lang/Object;+12
j  org.antlr.v4.runtime.tree.AbstractParseTreeVisitor.visitChildren(Lorg/antlr/v4/runtime/tree/RuleNode;)Ljava/lang/Object;+46
j  SysYParserBaseVisitor.visitProgram(LSysYParser$ProgramContext;)Ljava/lang/Object;+2
j  SysYParser$ProgramContext.accept(Lorg/antlr/v4/runtime/tree/ParseTreeVisitor;)Ljava/lang/Object;+12
j  org.antlr.v4.runtime.tree.AbstractParseTreeVisitor.visit(Lorg/antlr/v4/runtime/tree/ParseTree;)Ljava/lang/Object;+2
j  Main.main([Ljava/lang/String;)V+210
v  ~StubRoutines::call_stub

siginfo: si_signo: 11 (SIGSEGV), si_code: 1 (SEGV_MAPERR), si_addr: 0x0000000000000000

Register to memory mapping:

RAX=0x0 is NULL
RBX=0x0 is NULL
RCX=0x00007f4f403e8890 points into unknown readable memory: 0x00007f4f403d2660 | 60 26 3d 40 4f 7f 00 00
RDX=0x000000000000000d is an unknown value
RSP=0x00007f4f46bfd8a0 is pointing into the stack for thread: 0x00007f4f40016800
RBP=0x00007f4f403f06b0 points into unknown readable memory: 0x00007f4f403e8890 | 90 88 3e 40 4f 7f 00 00
RSI=0x0 is NULL
RDI=0x0 is NULL
R8 =0x0 is NULL
R9 =0x0000000000000002 is an unknown value
R10=0x00000000000003d8 is an unknown value
R11=0x0 is NULL
R12=0x0 is NULL
R13=0x00007f4f403f0f60 points into unknown readable memory: 0x00007f4f403e8080 | 80 80 3e 40 4f 7f 00 00
R14=0x0000000000000002 is an unknown value
R15=0x00007f4f403e8870 points into unknown readable memory: 0x00007f4f403d2660 | 60 26 3d 40 4f 7f 00 00


Registers:
RAX=0x0000000000000000, RBX=0x0000000000000000, RCX=0x00007f4f403e8890, RDX=0x000000000000000d
RSP=0x00007f4f46bfd8a0, RBP=0x00007f4f403f06b0, RSI=0x0000000000000000, RDI=0x0000000000000000
R8 =0x0000000000000000, R9 =0x0000000000000002, R10=0x00000000000003d8, R11=0x0000000000000000
R12=0x0000000000000000, R13=0x00007f4f403f0f60, R14=0x0000000000000002, R15=0x00007f4f403e8870
RIP=0x00007f4ee5d54ae4, EFLAGS=0x0000000000010206, CSGSFS=0x002b000000000033, ERR=0x0000000000000004
  TRAPNO=0x000000000000000e

Top of Stack: (sp=0x00007f4f46bfd8a0)
0x00007f4f46bfd8a0:   00007f4f40016b48 00007f4ee4fc6546
0x00007f4f46bfd8b0:   00000000000000b0 0000000000000003
0x00007f4f46bfd8c0:   00007f4f46bfdac0 00007f4f403c1f90
0x00007f4f46bfd8d0:   00007f4f403f06b0 00007f4f403e30f0 

Instructions: (pc=0x00007f4ee5d54ae4)
0x00007f4ee5d549e4:   00 e0 ff ff 75 07 48 85 c9 49 0f 44 c8 45 01 d1
0x00007f4ee5d549f4:   45 8d 5a 01 41 21 f9 45 89 c8 49 c1 e0 04 49 01
0x00007f4ee5d54a04:   c0 49 8b 10 48 85 d2 0f 85 85 00 00 00 4c 89 c0
0x00007f4ee5d54a14:   e9 e7 f6 ff ff 8b 83 f8 08 00 00 8d 48 01 48 85
0x00007f4ee5d54a24:   ff 0f 84 fc f6 ff ff 48 8b 07 48 89 fa e9 57 f2
0x00007f4ee5d54a34:   ff ff 48 85 ff 75 0b 48 81 f9 00 e0 ff ff 49 0f
0x00007f4ee5d54a44:   44 f8 45 01 d1 45 8d 5a 01 41 21 d1 45 89 c8 49
0x00007f4ee5d54a54:   c1 e0 04 49 01 c0 49 8b 08 48 85 c9 74 af 45 89
0x00007f4ee5d54a64:   da e9 3f fc ff ff 48 81 ff 00 e0 ff ff 0f 85 a4
0x00007f4ee5d54a74:   f7 ff ff 83 7a 08 fe 0f 85 9a f7 ff ff 4d 85 c0
0x00007f4ee5d54a84:   4c 0f 44 c2 e9 8e f7 ff ff 89 54 24 08 e9 ee fd
0x00007f4ee5d54a94:   ff ff 45 89 da e9 42 fe ff ff 48 81 fe 00 e0 ff
0x00007f4ee5d54aa4:   ff 0f 85 51 fa ff ff 83 7a 08 fe 0f 85 47 fa ff
0x00007f4ee5d54ab4:   ff 48 85 ff 48 0f 44 fa e9 3b fa ff ff e9 c7 42
0x00007f4ee5d54ac4:   bd ff 66 2e 0f 1f 84 00 00 00 00 00 41 57 41 56
0x00007f4ee5d54ad4:   41 55 41 54 41 89 f4 55 53 48 89 fb 48 83 ec 28
0x00007f4ee5d54ae4:   48 8b 3f 48 8b 2f 80 bd d0 08 00 00 00 75 7d 80
0x00007f4ee5d54af4:   7b 08 0f 75 07 48 83 7b 18 00 74 70 45 85 e4 0f
0x00007f4ee5d54b04:   85 87 00 00 00 44 8b bd e8 08 00 00 4c 8b ad d8
0x00007f4ee5d54b14:   08 00 00 45 85 ff 0f 84 50 01 00 00 41 89 de 89
0x00007f4ee5d54b24:   d8 45 8d 47 ff c1 e8 09 41 c1 ee 04 41 31 c6 44
0x00007f4ee5d54b34:   89 f7 44 21 c7 89 f8 48 c1 e0 04 49 8d 54 05 00
0x00007f4ee5d54b44:   48 8b 32 48 39 de 0f 85 70 07 00 00 48 8b 42 08
0x00007f4ee5d54b54:   4c 8d 72 08 48 85 c0 0f 84 b4 02 00 00 48 83 c4
0x00007f4ee5d54b64:   28 5b 5d 41 5c 41 5d 41 5e 41 5f c3 48 83 c4 28
0x00007f4ee5d54b74:   44 89 e6 5b 5d 41 5c 41 5d 41 5e 41 5f e9 ba ef
0x00007f4ee5d54b84:   ff ff 66 2e 0f 1f 84 00 00 00 00 00 44 8b bd 00
0x00007f4ee5d54b94:   09 00 00 4c 8b ad f0 08 00 00 45 85 ff 0f 84 51
0x00007f4ee5d54ba4:   03 00 00 89 d8 89 da 41 8d 77 ff 41 b8 01 00 00
0x00007f4ee5d54bb4:   00 c1 ea 09 c1 e8 04 89 f7 31 d0 43 8d 14 e4 41
0x00007f4ee5d54bc4:   8d 14 94 48 c1 e0 20 48 09 d0 48 c1 e2 20 48 83
0x00007f4ee5d54bd4:   e8 01 48 29 d0 48 89 c2 48 c1 ea 16 48 31 d0 48 


Stack slot to memory mapping:
stack at sp + 0 slots: 0x00007f4f40016b48 points into unknown readable memory: 0x00007f4f47e44b40 | 40 4b e4 47 4f 7f 00 00
stack at sp + 1 slots: 0x00007f4ee4fc6546: _ZN7JNIEnv_16CallObjectMethodEP8_jobjectP10_jmethodIDz+0x0000000000000086 in /home/doudou/.javacpp/cache/llvm-13.0.1-1.5.7-linux-x86_64.jar/org/bytedeco/llvm/linux-x86_64/libjniLLVM.so at 0x00007f4ee4efa000
stack at sp + 2 slots: 0x00000000000000b0 is an unknown value
stack at sp + 3 slots: 0x0000000000000003 is an unknown value
stack at sp + 4 slots: 0x00007f4f46bfdac0 is pointing into the stack for thread: 0x00007f4f40016800
stack at sp + 5 slots: 0x00007f4f403c1f90 points into unknown readable memory: 0x00007f4f403c1fa0 | a0 1f 3c 40 4f 7f 00 00
stack at sp + 6 slots: 0x00007f4f403f06b0 points into unknown readable memory: 0x00007f4f403e8890 | 90 88 3e 40 4f 7f 00 00
stack at sp + 7 slots: 0x00007f4f403e30f0 points into unknown readable memory: 0x302e33312d6d766c | 6c 76 6d 2d 31 33 2e 30


---------------  P R O C E S S  ---------------

Threads class SMR info:
_java_thread_list=0x00007f4efc000c40, length=12, elements={
0x00007f4f40016800, 0x00007f4f40120000, 0x00007f4f40122000, 0x00007f4f40128800,
0x00007f4f4012a800, 0x00007f4f4012c800, 0x00007f4f4012f000, 0x00007f4f40131000,
0x00007f4f4013e800, 0x00007f4f401e5000, 0x00007f4f401ff800, 0x00007f4efc001000
}

Java Threads: ( => current thread )
=>0x00007f4f40016800 JavaThread "main" [_thread_in_native, id=27688, stack(0x00007f4f46b00000,0x00007f4f46c00000)]
  0x00007f4f40120000 JavaThread "Reference Handler" daemon [_thread_blocked, id=27702, stack(0x00007f4f28500000,0x00007f4f28600000)]
  0x00007f4f40122000 JavaThread "Finalizer" daemon [_thread_blocked, id=27704, stack(0x00007f4f28400000,0x00007f4f28500000)]
  0x00007f4f40128800 JavaThread "Signal Dispatcher" daemon [_thread_blocked, id=27706, stack(0x00007f4f28300000,0x00007f4f28400000)]
  0x00007f4f4012a800 JavaThread "Service Thread" daemon [_thread_blocked, id=27707, stack(0x00007f4f28200000,0x00007f4f28300000)]
  0x00007f4f4012c800 JavaThread "C2 CompilerThread0" daemon [_thread_blocked, id=27708, stack(0x00007f4f28100000,0x00007f4f28200000)]
  0x00007f4f4012f000 JavaThread "C1 CompilerThread0" daemon [_thread_blocked, id=27709, stack(0x00007f4f28000000,0x00007f4f28100000)]
  0x00007f4f40131000 JavaThread "Sweeper thread" daemon [_thread_blocked, id=27710, stack(0x00007f4f20100000,0x00007f4f20200000)]
  0x00007f4f4013e800 JavaThread "Common-Cleaner" daemon [_thread_blocked, id=27716, stack(0x00007f4f20000000,0x00007f4f20100000)]
  0x00007f4f401e5000 JavaThread "Monitor Ctrl-Break" daemon [_thread_in_native, id=27719, stack(0x00007f4eebf00000,0x00007f4eec000000)]
  0x00007f4f401ff800 JavaThread "JavaCPP Deallocator" daemon [_thread_blocked, id=27721, stack(0x00007f4eebcfe000,0x00007f4eebdfe000)]
  0x00007f4efc001000 JavaThread "Attach Listener" daemon [_thread_blocked, id=27723, stack(0x00007f4eebafc000,0x00007f4eebbfc000)]

Other Threads:
  0x00007f4f4011d000 VMThread "VM Thread" [stack: 0x00007f4f3fe7f000,0x00007f4f3ff7f000] [id=27700]
  0x00007f4f401e6800 WatcherThread [stack: 0x00007f4eebe00000,0x00007f4eebf00000] [id=27720]
  0x00007f4f4002f800 GCTaskThread "GC Thread#0" [stack: 0x00007f4f4652a000,0x00007f4f4662a000] [id=27691]
  0x00007f4f10001000 GCTaskThread "GC Thread#1" [stack: 0x00007f4eebbfe000,0x00007f4eebcfe000] [id=27722]
  0x00007f4f4004a800 ConcurrentGCThread "G1 Main Marker" [stack: 0x00007f4f44d23000,0x00007f4f44e23000] [id=27693]
  0x00007f4f4004c800 ConcurrentGCThread "G1 Conc#0" [stack: 0x00007f4f44c21000,0x00007f4f44d21000] [id=27694]
  0x00007f4f40087800 ConcurrentGCThread "G1 Refine#0" [stack: 0x00007f4f4491d000,0x00007f4f44a1d000] [id=27697]
  0x00007f4f40089800 ConcurrentGCThread "G1 Young RemSet Sampling" [stack: 0x00007f4f4481b000,0x00007f4f4491b000] [id=27698]

Threads with active compile tasks:

VM state:not at safepoint (normal execution)

VM Mutex/Monitor currently owned by a thread: None

Heap address: 0x00000000c2e00000, size: 978 MB, Compressed Oops mode: 32-bit
Narrow klass base: 0x0000000800000000, Narrow klass shift: 3
Compressed class space size: 1073741824 Address: 0x0000000840000000

Heap:
 garbage-first heap   total 65536K, used 7468K [0x00000000c2e00000, 0x0000000100000000)
  region size 1024K, 7 young (7168K), 1 survivors (1024K)
 Metaspace       used 4240K, capacity 6637K, committed 6912K, reserved 1056768K
  class space    used 453K, capacity 701K, committed 768K, reserved 1048576K
Heap Regions: E=young(eden), S=young(survivor), O=old, HS=humongous(starts), HC=humongous(continues), CS=collection set, F=free, A=archive, TAMS=top-at-mark-start (previous, next)
|   0|0x00000000c2e00000, 0x00000000c2e99200, 0x00000000c2f00000| 59%| O|  |TAMS 0x00000000c2e00000, 0x00000000c2e00000| Untracked 
|   1|0x00000000c2f00000, 0x00000000c2f00000, 0x00000000c3000000|  0%| F|  |TAMS 0x00000000c2f00000, 0x00000000c2f00000| Untracked 
|   2|0x00000000c3000000, 0x00000000c3000000, 0x00000000c3100000|  0%| F|  |TAMS 0x00000000c3000000, 0x00000000c3000000| Untracked 
|   3|0x00000000c3100000, 0x00000000c3100000, 0x00000000c3200000|  0%| F|  |TAMS 0x00000000c3100000, 0x00000000c3100000| Untracked 
|   4|0x00000000c3200000, 0x00000000c3200000, 0x00000000c3300000|  0%| F|  |TAMS 0x00000000c3200000, 0x00000000c3200000| Untracked 
|   5|0x00000000c3300000, 0x00000000c3300000, 0x00000000c3400000|  0%| F|  |TAMS 0x00000000c3300000, 0x00000000c3300000| Untracked 
|   6|0x00000000c3400000, 0x00000000c3400000, 0x00000000c3500000|  0%| F|  |TAMS 0x00000000c3400000, 0x00000000c3400000| Untracked 
|   7|0x00000000c3500000, 0x00000000c3500000, 0x00000000c3600000|  0%| F|  |TAMS 0x00000000c3500000, 0x00000000c3500000| Untracked 
|   8|0x00000000c3600000, 0x00000000c3600000, 0x00000000c3700000|  0%| F|  |TAMS 0x00000000c3600000, 0x00000000c3600000| Untracked 
|   9|0x00000000c3700000, 0x00000000c3700000, 0x00000000c3800000|  0%| F|  |TAMS 0x00000000c3700000, 0x00000000c3700000| Untracked 
|  10|0x00000000c3800000, 0x00000000c3800000, 0x00000000c3900000|  0%| F|  |TAMS 0x00000000c3800000, 0x00000000c3800000| Untracked 
|  11|0x00000000c3900000, 0x00000000c3900000, 0x00000000c3a00000|  0%| F|  |TAMS 0x00000000c3900000, 0x00000000c3900000| Untracked 
|  12|0x00000000c3a00000, 0x00000000c3a00000, 0x00000000c3b00000|  0%| F|  |TAMS 0x00000000c3a00000, 0x00000000c3a00000| Untracked 
|  13|0x00000000c3b00000, 0x00000000c3b00000, 0x00000000c3c00000|  0%| F|  |TAMS 0x00000000c3b00000, 0x00000000c3b00000| Untracked 
|  14|0x00000000c3c00000, 0x00000000c3c00000, 0x00000000c3d00000|  0%| F|  |TAMS 0x00000000c3c00000, 0x00000000c3c00000| Untracked 
|  15|0x00000000c3d00000, 0x00000000c3d00000, 0x00000000c3e00000|  0%| F|  |TAMS 0x00000000c3d00000, 0x00000000c3d00000| Untracked 
|  16|0x00000000c3e00000, 0x00000000c3e00000, 0x00000000c3f00000|  0%| F|  |TAMS 0x00000000c3e00000, 0x00000000c3e00000| Untracked 
|  17|0x00000000c3f00000, 0x00000000c3f00000, 0x00000000c4000000|  0%| F|  |TAMS 0x00000000c3f00000, 0x00000000c3f00000| Untracked 
|  18|0x00000000c4000000, 0x00000000c4000000, 0x00000000c4100000|  0%| F|  |TAMS 0x00000000c4000000, 0x00000000c4000000| Untracked 
|  19|0x00000000c4100000, 0x00000000c4100000, 0x00000000c4200000|  0%| F|  |TAMS 0x00000000c4100000, 0x00000000c4100000| Untracked 
|  20|0x00000000c4200000, 0x00000000c4200000, 0x00000000c4300000|  0%| F|  |TAMS 0x00000000c4200000, 0x00000000c4200000| Untracked 
|  21|0x00000000c4300000, 0x00000000c4300000, 0x00000000c4400000|  0%| F|  |TAMS 0x00000000c4300000, 0x00000000c4300000| Untracked 
|  22|0x00000000c4400000, 0x00000000c4400000, 0x00000000c4500000|  0%| F|  |TAMS 0x00000000c4400000, 0x00000000c4400000| Untracked 
|  23|0x00000000c4500000, 0x00000000c4500000, 0x00000000c4600000|  0%| F|  |TAMS 0x00000000c4500000, 0x00000000c4500000| Untracked 
|  24|0x00000000c4600000, 0x00000000c4600000, 0x00000000c4700000|  0%| F|  |TAMS 0x00000000c4600000, 0x00000000c4600000| Untracked 
|  25|0x00000000c4700000, 0x00000000c4700000, 0x00000000c4800000|  0%| F|  |TAMS 0x00000000c4700000, 0x00000000c4700000| Untracked 
|  26|0x00000000c4800000, 0x00000000c4800000, 0x00000000c4900000|  0%| F|  |TAMS 0x00000000c4800000, 0x00000000c4800000| Untracked 
|  27|0x00000000c4900000, 0x00000000c4900000, 0x00000000c4a00000|  0%| F|  |TAMS 0x00000000c4900000, 0x00000000c4900000| Untracked 
|  28|0x00000000c4a00000, 0x00000000c4a00000, 0x00000000c4b00000|  0%| F|  |TAMS 0x00000000c4a00000, 0x00000000c4a00000| Untracked 
|  29|0x00000000c4b00000, 0x00000000c4b00000, 0x00000000c4c00000|  0%| F|  |TAMS 0x00000000c4b00000, 0x00000000c4b00000| Untracked 
|  30|0x00000000c4c00000, 0x00000000c4c00000, 0x00000000c4d00000|  0%| F|  |TAMS 0x00000000c4c00000, 0x00000000c4c00000| Untracked 
|  31|0x00000000c4d00000, 0x00000000c4d00000, 0x00000000c4e00000|  0%| F|  |TAMS 0x00000000c4d00000, 0x00000000c4d00000| Untracked 
|  32|0x00000000c4e00000, 0x00000000c4e00000, 0x00000000c4f00000|  0%| F|  |TAMS 0x00000000c4e00000, 0x00000000c4e00000| Untracked 
|  33|0x00000000c4f00000, 0x00000000c4f00000, 0x00000000c5000000|  0%| F|  |TAMS 0x00000000c4f00000, 0x00000000c4f00000| Untracked 
|  34|0x00000000c5000000, 0x00000000c5000000, 0x00000000c5100000|  0%| F|  |TAMS 0x00000000c5000000, 0x00000000c5000000| Untracked 
|  35|0x00000000c5100000, 0x00000000c5100000, 0x00000000c5200000|  0%| F|  |TAMS 0x00000000c5100000, 0x00000000c5100000| Untracked 
|  36|0x00000000c5200000, 0x00000000c5200000, 0x00000000c5300000|  0%| F|  |TAMS 0x00000000c5200000, 0x00000000c5200000| Untracked 
|  37|0x00000000c5300000, 0x00000000c5300000, 0x00000000c5400000|  0%| F|  |TAMS 0x00000000c5300000, 0x00000000c5300000| Untracked 
|  38|0x00000000c5400000, 0x00000000c5400000, 0x00000000c5500000|  0%| F|  |TAMS 0x00000000c5400000, 0x00000000c5400000| Untracked 
|  39|0x00000000c5500000, 0x00000000c5500000, 0x00000000c5600000|  0%| F|  |TAMS 0x00000000c5500000, 0x00000000c5500000| Untracked 
|  40|0x00000000c5600000, 0x00000000c5600000, 0x00000000c5700000|  0%| F|  |TAMS 0x00000000c5600000, 0x00000000c5600000| Untracked 
|  41|0x00000000c5700000, 0x00000000c5700000, 0x00000000c5800000|  0%| F|  |TAMS 0x00000000c5700000, 0x00000000c5700000| Untracked 
|  42|0x00000000c5800000, 0x00000000c5800000, 0x00000000c5900000|  0%| F|  |TAMS 0x00000000c5800000, 0x00000000c5800000| Untracked 
|  43|0x00000000c5900000, 0x00000000c5900000, 0x00000000c5a00000|  0%| F|  |TAMS 0x00000000c5900000, 0x00000000c5900000| Untracked 
|  44|0x00000000c5a00000, 0x00000000c5a00000, 0x00000000c5b00000|  0%| F|  |TAMS 0x00000000c5a00000, 0x00000000c5a00000| Untracked 
|  45|0x00000000c5b00000, 0x00000000c5b00000, 0x00000000c5c00000|  0%| F|  |TAMS 0x00000000c5b00000, 0x00000000c5b00000| Untracked 
|  46|0x00000000c5c00000, 0x00000000c5c00000, 0x00000000c5d00000|  0%| F|  |TAMS 0x00000000c5c00000, 0x00000000c5c00000| Untracked 
|  47|0x00000000c5d00000, 0x00000000c5d00000, 0x00000000c5e00000|  0%| F|  |TAMS 0x00000000c5d00000, 0x00000000c5d00000| Untracked 
|  48|0x00000000c5e00000, 0x00000000c5e00000, 0x00000000c5f00000|  0%| F|  |TAMS 0x00000000c5e00000, 0x00000000c5e00000| Untracked 
|  49|0x00000000c5f00000, 0x00000000c5f00000, 0x00000000c6000000|  0%| F|  |TAMS 0x00000000c5f00000, 0x00000000c5f00000| Untracked 
|  50|0x00000000c6000000, 0x00000000c6000000, 0x00000000c6100000|  0%| F|  |TAMS 0x00000000c6000000, 0x00000000c6000000| Untracked 
|  51|0x00000000c6100000, 0x00000000c6100000, 0x00000000c6200000|  0%| F|  |TAMS 0x00000000c6100000, 0x00000000c6100000| Untracked 
|  52|0x00000000c6200000, 0x00000000c6200000, 0x00000000c6300000|  0%| F|  |TAMS 0x00000000c6200000, 0x00000000c6200000| Untracked 
|  53|0x00000000c6300000, 0x00000000c6300000, 0x00000000c6400000|  0%| F|  |TAMS 0x00000000c6300000, 0x00000000c6300000| Untracked 
|  54|0x00000000c6400000, 0x00000000c6500000, 0x00000000c6500000|100%| S|CS|TAMS 0x00000000c6400000, 0x00000000c6400000| Complete 
|  55|0x00000000c6500000, 0x00000000c6500000, 0x00000000c6600000|  0%| F|  |TAMS 0x00000000c6500000, 0x00000000c6500000| Untracked 
|  56|0x00000000c6600000, 0x00000000c6680800, 0x00000000c6700000| 50%| E|  |TAMS 0x00000000c6600000, 0x00000000c6600000| Complete 
|  57|0x00000000c6700000, 0x00000000c6800000, 0x00000000c6800000|100%| E|CS|TAMS 0x00000000c6700000, 0x00000000c6700000| Complete 
|  58|0x00000000c6800000, 0x00000000c6900000, 0x00000000c6900000|100%| E|CS|TAMS 0x00000000c6800000, 0x00000000c6800000| Complete 
|  59|0x00000000c6900000, 0x00000000c6a00000, 0x00000000c6a00000|100%| E|CS|TAMS 0x00000000c6900000, 0x00000000c6900000| Complete 
|  60|0x00000000c6a00000, 0x00000000c6b00000, 0x00000000c6b00000|100%| E|CS|TAMS 0x00000000c6a00000, 0x00000000c6a00000| Complete 
|  61|0x00000000c6b00000, 0x00000000c6c00000, 0x00000000c6c00000|100%| E|CS|TAMS 0x00000000c6b00000, 0x00000000c6b00000| Complete 
| 976|0x00000000ffe00000, 0x00000000ffe47000, 0x00000000fff00000| 27%|OA|  |TAMS 0x00000000ffe00000, 0x00000000ffe00000| Untracked 
| 977|0x00000000fff00000, 0x00000000fff6b000, 0x0000000100000000| 41%|CA|  |TAMS 0x00000000fff00000, 0x00000000fff00000| Untracked 

Card table byte_map: [0x00007f4f45f54000,0x00007f4f4613d000] _byte_map_base: 0x00007f4f4593d000

Marking Bits (Prev, Next): (CMBitMap*) 0x00007f4f40045b88, (CMBitMap*) 0x00007f4f40045bc0
 Prev Bits: [0x00007f4f44e23000, 0x00007f4f45d6b000)
 Next Bits: [0x00007f4f230b8000, 0x00007f4f24000000)

Polling page: 0x00007f4f482f3000

Metaspace:

Usage:
  Non-class:      5.80 MB capacity,     3.70 MB ( 64%) used,     2.09 MB ( 36%) free+waste,     7.62 KB ( <1%) overhead. 
      Class:    701.00 KB capacity,   453.69 KB ( 65%) used,   243.25 KB ( 35%) free+waste,     4.06 KB ( <1%) overhead. 
       Both:      6.48 MB capacity,     4.14 MB ( 64%) used,     2.33 MB ( 36%) free+waste,    11.69 KB ( <1%) overhead. 

Virtual space:
  Non-class space:        8.00 MB reserved,       6.00 MB ( 75%) committed 
      Class space:        1.00 GB reserved,     768.00 KB ( <1%) committed 
             Both:        1.01 GB reserved,       6.75 MB ( <1%) committed 

Chunk freelists:
   Non-Class:  0 bytes
       Class:  3.00 KB
        Both:  3.00 KB

MaxMetaspaceSize: unlimited
CompressedClassSpaceSize: 1.00 GB
Initial GC threshold: 20.80 MB
Current GC threshold: 20.80 MB
CDS: on

CodeHeap 'non-profiled nmethods': size=120036Kb used=229Kb max_used=229Kb free=119806Kb
 bounds [0x00007f4f300c7000, 0x00007f4f30337000, 0x00007f4f37600000]
CodeHeap 'profiled nmethods': size=120032Kb used=1365Kb max_used=1365Kb free=118666Kb
 bounds [0x00007f4f28b8f000, 0x00007f4f28dff000, 0x00007f4f300c7000]
CodeHeap 'non-nmethods': size=5692Kb used=1162Kb max_used=1174Kb free=4529Kb
 bounds [0x00007f4f28600000, 0x00007f4f28870000, 0x00007f4f28b8f000]
 total_blobs=1196 nmethods=783 adapters=327
 compilation: enabled
              stopped_count=0, restarted_count=0
 full_count=0

Compilation events (20 events):
Event: 1.443 Thread 0x00007f4f4012f000  747       3       java.util.ImmutableCollections$ListN::get (7 bytes)
Event: 1.443 Thread 0x00007f4f4012f000 nmethod 747 0x00007f4f28cd5610 code [0x00007f4f28cd57c0, 0x00007f4f28cd58f0]
Event: 1.443 Thread 0x00007f4f4012f000  753       1       java.lang.invoke.LambdaForm$BasicType::basicTypeClass (5 bytes)
Event: 1.444 Thread 0x00007f4f4012f000 nmethod 753 0x00007f4f300fe110 code [0x00007f4f300fe2c0, 0x00007f4f300fe390]
Event: 1.444 Thread 0x00007f4f4012f000  756       3       java.lang.invoke.MemberName::isStatic (8 bytes)
Event: 1.444 Thread 0x00007f4f4012f000 nmethod 756 0x00007f4f28cd5990 code [0x00007f4f28cd5b40, 0x00007f4f28cd5d10]
Event: 1.444 Thread 0x00007f4f4012f000  763       3       java.lang.invoke.MemberName::isConstructor (7 bytes)
Event: 1.444 Thread 0x00007f4f4012f000 nmethod 763 0x00007f4f28cd5e10 code [0x00007f4f28cd5fc0, 0x00007f4f28cd6210]
Event: 1.444 Thread 0x00007f4f4012f000  764       3       java.lang.invoke.LambdaForm$NamedFunction::methodType (23 bytes)
Event: 1.444 Thread 0x00007f4f4012f000 nmethod 764 0x00007f4f28cd6310 code [0x00007f4f28cd64e0, 0x00007f4f28cd6720]
Event: 1.444 Thread 0x00007f4f4012f000  766       3       java.lang.Number::<init> (5 bytes)
Event: 1.444 Thread 0x00007f4f4012f000 nmethod 766 0x00007f4f28cd6810 code [0x00007f4f28cd69c0, 0x00007f4f28cd6b30]
Event: 1.444 Thread 0x00007f4f4012f000  765       3       jdk.internal.org.objectweb.asm.ClassWriter::newStringishItem (68 bytes)
Event: 1.445 Thread 0x00007f4f4012f000 nmethod 765 0x00007f4f28cd6c10 code [0x00007f4f28cd6e20, 0x00007f4f28cd71b0]
Event: 1.445 Thread 0x00007f4f4012f000  767       3       java.lang.Byte::<init> (10 bytes)
Event: 1.445 Thread 0x00007f4f4012f000 nmethod 767 0x00007f4f28cd7390 code [0x00007f4f28cd7540, 0x00007f4f28cd7710]
Event: 1.445 Thread 0x00007f4f4012f000  768   !   3       java.lang.invoke.MemberName$Factory::resolve (157 bytes)
Event: 1.445 Thread 0x00007f4f4012f000 nmethod 768 0x00007f4f28cd7810 code [0x00007f4f28cd7a40, 0x00007f4f28cd8100]
Event: 1.445 Thread 0x00007f4f4012f000  775       3       jdk.internal.org.objectweb.asm.Frame::execute (2264 bytes)
Event: 1.449 Thread 0x00007f4f4012c800  761       4       java.util.concurrent.ConcurrentHashMap::get (162 bytes)

GC Heap History (2 events):
Event: 1.040 GC heap before
{Heap before GC invocations=0 (full 0):
 garbage-first heap   total 65536K, used 6856K [0x00000000c2e00000, 0x0000000100000000)
  region size 1024K, 7 young (7168K), 0 survivors (0K)
 Metaspace       used 3119K, capacity 5909K, committed 6016K, reserved 1056768K
  class space    used 338K, capacity 586K, committed 640K, reserved 1048576K
}
Event: 1.056 GC heap after
{Heap after GC invocations=1 (full 0):
 garbage-first heap   total 65536K, used 2348K [0x00000000c2e00000, 0x0000000100000000)
  region size 1024K, 1 young (1024K), 1 survivors (1024K)
 Metaspace       used 3119K, capacity 5909K, committed 6016K, reserved 1056768K
  class space    used 338K, capacity 586K, committed 640K, reserved 1048576K
}

Deoptimization events (20 events):
Event: 0.995 Thread 0x00007f4f40016800 DEOPT PACKING pc=0x00007f4f300e036c sp=0x00007f4f46bfdfb0
Event: 0.995 Thread 0x00007f4f40016800 DEOPT UNPACKING pc=0x00007f4f286082a5 sp=0x00007f4f46bfdf48 mode 2
Event: 1.300 Thread 0x00007f4f40016800 DEOPT PACKING pc=0x00007f4f28c07ec2 sp=0x00007f4f46bfd580
Event: 1.300 Thread 0x00007f4f40016800 DEOPT UNPACKING pc=0x00007f4f286499fa sp=0x00007f4f46bfca08 mode 0
Event: 1.438 Thread 0x00007f4f40016800 Uncommon trap: trap_request=0xffffffc6 fr.pc=0x00007f4f300d0724 relative=0x0000000000000084
Event: 1.438 Thread 0x00007f4f40016800 Uncommon trap: reason=bimorphic_or_optimized_type_check action=maybe_recompile pc=0x00007f4f300d0724 method=java.util.AbstractCollection.isEmpty()Z @ 1 c2
Event: 1.438 Thread 0x00007f4f40016800 DEOPT PACKING pc=0x00007f4f300d0724 sp=0x00007f4f46bfd310
Event: 1.438 Thread 0x00007f4f40016800 DEOPT UNPACKING pc=0x00007f4f286082a5 sp=0x00007f4f46bfd2c0 mode 2
Event: 1.438 Thread 0x00007f4f40016800 Uncommon trap: trap_request=0xffffffc6 fr.pc=0x00007f4f300d0724 relative=0x0000000000000084
Event: 1.438 Thread 0x00007f4f40016800 Uncommon trap: reason=bimorphic_or_optimized_type_check action=maybe_recompile pc=0x00007f4f300d0724 method=java.util.AbstractCollection.isEmpty()Z @ 1 c2
Event: 1.438 Thread 0x00007f4f40016800 DEOPT PACKING pc=0x00007f4f300d0724 sp=0x00007f4f46bfd4e0
Event: 1.438 Thread 0x00007f4f40016800 DEOPT UNPACKING pc=0x00007f4f286082a5 sp=0x00007f4f46bfd490 mode 2
Event: 1.438 Thread 0x00007f4f40016800 Uncommon trap: trap_request=0xffffffc6 fr.pc=0x00007f4f300d0724 relative=0x0000000000000084
Event: 1.438 Thread 0x00007f4f40016800 Uncommon trap: reason=bimorphic_or_optimized_type_check action=maybe_recompile pc=0x00007f4f300d0724 method=java.util.AbstractCollection.isEmpty()Z @ 1 c2
Event: 1.439 Thread 0x00007f4f40016800 DEOPT PACKING pc=0x00007f4f300d0724 sp=0x00007f4f46bfd500
Event: 1.439 Thread 0x00007f4f40016800 DEOPT UNPACKING pc=0x00007f4f286082a5 sp=0x00007f4f46bfd4b0 mode 2
Event: 1.439 Thread 0x00007f4f40016800 Uncommon trap: trap_request=0xffffffc6 fr.pc=0x00007f4f300d0724 relative=0x0000000000000084
Event: 1.439 Thread 0x00007f4f40016800 Uncommon trap: reason=bimorphic_or_optimized_type_check action=maybe_recompile pc=0x00007f4f300d0724 method=java.util.AbstractCollection.isEmpty()Z @ 1 c2
Event: 1.439 Thread 0x00007f4f40016800 DEOPT PACKING pc=0x00007f4f300d0724 sp=0x00007f4f46bfd310
Event: 1.439 Thread 0x00007f4f40016800 DEOPT UNPACKING pc=0x00007f4f286082a5 sp=0x00007f4f46bfd2c0 mode 2

Classes redefined (0 events):
No events

Internal exceptions (20 events):
Event: 0.479 Thread 0x00007f4f40016800 Exception <a 'java/security/PrivilegedActionException'{0x00000000c6ae5978}> (0x00000000c6ae5978) thrown at [./src/hotspot/share/prims/jvm.cpp, line 1304]
Event: 0.479 Thread 0x00007f4f40016800 Exception <a 'java/security/PrivilegedActionException'{0x00000000c6ae5c48}> (0x00000000c6ae5c48) thrown at [./src/hotspot/share/prims/jvm.cpp, line 1304]
Event: 0.480 Thread 0x00007f4f40016800 Exception <a 'java/security/PrivilegedActionException'{0x00000000c6ae65b8}> (0x00000000c6ae65b8) thrown at [./src/hotspot/share/prims/jvm.cpp, line 1304]
Event: 0.480 Thread 0x00007f4f40016800 Exception <a 'java/security/PrivilegedActionException'{0x00000000c6ae6888}> (0x00000000c6ae6888) thrown at [./src/hotspot/share/prims/jvm.cpp, line 1304]
Event: 0.480 Thread 0x00007f4f40016800 Exception <a 'java/security/PrivilegedActionException'{0x00000000c6ae71f8}> (0x00000000c6ae71f8) thrown at [./src/hotspot/share/prims/jvm.cpp, line 1304]
Event: 0.480 Thread 0x00007f4f40016800 Exception <a 'java/security/PrivilegedActionException'{0x00000000c6ae74c8}> (0x00000000c6ae74c8) thrown at [./src/hotspot/share/prims/jvm.cpp, line 1304]
Event: 0.480 Thread 0x00007f4f40016800 Exception <a 'java/security/PrivilegedActionException'{0x00000000c6ae7e50}> (0x00000000c6ae7e50) thrown at [./src/hotspot/share/prims/jvm.cpp, line 1304]
Event: 0.480 Thread 0x00007f4f40016800 Exception <a 'java/security/PrivilegedActionException'{0x00000000c6ae8120}> (0x00000000c6ae8120) thrown at [./src/hotspot/share/prims/jvm.cpp, line 1304]
Event: 0.480 Thread 0x00007f4f40016800 Exception <a 'java/security/PrivilegedActionException'{0x00000000c6ae8aa8}> (0x00000000c6ae8aa8) thrown at [./src/hotspot/share/prims/jvm.cpp, line 1304]
Event: 0.480 Thread 0x00007f4f40016800 Exception <a 'java/security/PrivilegedActionException'{0x00000000c6ae8d78}> (0x00000000c6ae8d78) thrown at [./src/hotspot/share/prims/jvm.cpp, line 1304]
Event: 0.480 Thread 0x00007f4f40016800 Exception <a 'java/security/PrivilegedActionException'{0x00000000c6ae9700}> (0x00000000c6ae9700) thrown at [./src/hotspot/share/prims/jvm.cpp, line 1304]
Event: 0.480 Thread 0x00007f4f40016800 Exception <a 'java/security/PrivilegedActionException'{0x00000000c6ae99d0}> (0x00000000c6ae99d0) thrown at [./src/hotspot/share/prims/jvm.cpp, line 1304]
Event: 0.481 Thread 0x00007f4f40016800 Exception <a 'java/security/PrivilegedActionException'{0x00000000c6aea340}> (0x00000000c6aea340) thrown at [./src/hotspot/share/prims/jvm.cpp, line 1304]
Event: 0.481 Thread 0x00007f4f40016800 Exception <a 'java/security/PrivilegedActionException'{0x00000000c6aea610}> (0x00000000c6aea610) thrown at [./src/hotspot/share/prims/jvm.cpp, line 1304]
Event: 0.482 Thread 0x00007f4f40016800 Exception <a 'java/security/PrivilegedActionException'{0x00000000c6aeaf98}> (0x00000000c6aeaf98) thrown at [./src/hotspot/share/prims/jvm.cpp, line 1304]
Event: 0.482 Thread 0x00007f4f40016800 Exception <a 'java/security/PrivilegedActionException'{0x00000000c6aeb268}> (0x00000000c6aeb268) thrown at [./src/hotspot/share/prims/jvm.cpp, line 1304]
Event: 0.560 Thread 0x00007f4f40016800 Exception <a 'java/lang/NoSuchMethodError'{0x00000000c699a150}: 'int java.lang.invoke.DirectMethodHandle$Holder.invokeStaticInit(java.lang.Object, java.lang.Object, java.lang.Object, java.lang.Object)'> (0x00000000c699a150) thrown at [./src/hotspot/share/interpreter/linkResolver.cpp, line 772]
Event: 0.562 Thread 0x00007f4f40016800 Exception <a 'java/lang/IncompatibleClassChangeError'{0x00000000c69a3ed0}: Found class java.lang.Object, but interface was expected> (0x00000000c69a3ed0) thrown at [./src/hotspot/share/interpreter/linkResolver.cpp, line 839]
Event: 0.563 Thread 0x00007f4f40016800 Exception <a 'java/lang/NoSuchMethodError'{0x00000000c69a7080}: 'void java.lang.invoke.DirectMethodHandle$Holder.invokeStaticInit(java.lang.Object, java.lang.Object)'> (0x00000000c69a7080) thrown at [./src/hotspot/share/interpreter/linkResolver.cpp, line 772]
Event: 0.566 Thread 0x00007f4f40016800 Exception <a 'java/lang/NoSuchMethodError'{0x00000000c69ac550}: 'int java.lang.invoke.DirectMethodHandle$Holder.invokeStaticInit(java.lang.Object, java.lang.Object)'> (0x00000000c69ac550) thrown at [./src/hotspot/share/interpreter/linkResolver.cpp, line 772]

Events (20 events):
Event: 1.430 loading class LLVMSymbolTable$SymbolTableEntry
Event: 1.430 loading class LLVMSymbolTable$SymbolTableEntry done
Event: 1.435 Executing VM operation: Deoptimize
Event: 1.436 Executing VM operation: Deoptimize done
Event: 1.437 loading class java/lang/invoke/BoundMethodHandle$Species_LL
Event: 1.437 loading class java/lang/invoke/BoundMethodHandle$Species_LL done
Event: 1.439 loading class java/lang/invoke/BoundMethodHandle$Species_LLL
Event: 1.439 loading class java/lang/invoke/BoundMethodHandle$Species_LLL done
Event: 1.441 loading class java/lang/invoke/BoundMethodHandle$Species_LLLL
Event: 1.441 loading class java/lang/invoke/BoundMethodHandle$Species_LLLL done
Event: 1.442 loading class java/lang/invoke/BoundMethodHandle$Species_LLLLL
Event: 1.442 loading class java/lang/invoke/BoundMethodHandle$Species_LLLLL done
Event: 1.443 loading class java/lang/invoke/BoundMethodHandle$Species_LLLLLL
Event: 1.443 loading class java/lang/invoke/BoundMethodHandle$Species_LLLLLL done
Event: 1.444 loading class java/lang/invoke/BoundMethodHandle$Species_LLLLLLI
Event: 1.444 loading class java/lang/invoke/BoundMethodHandle$Species_LLLLLLI done
Event: 1.446 loading class java/lang/invoke/BoundMethodHandle$Species_LLLLLLII
Event: 1.446 loading class java/lang/invoke/BoundMethodHandle$Species_LLLLLLII done
Event: 1.447 loading class java/lang/invoke/BoundMethodHandle$Species_LLLLLLIIL
Event: 1.447 loading class java/lang/invoke/BoundMethodHandle$Species_LLLLLLIIL done


Dynamic libraries:
c2e00000-c6c00000 rw-p 00000000 00:00 0 
c6c00000-ffe00000 ---p 00000000 00:00 0 
ffe00000-ffe47000 rw-p 00b0a000 08:03 1060156                            /usr/lib/jvm/java-11-openjdk-amd64/lib/server/classes.jsa
ffe47000-fff00000 rw-p 00000000 00:00 0 
fff00000-fff6b000 rw-p 00a9f000 08:03 1060156                            /usr/lib/jvm/java-11-openjdk-amd64/lib/server/classes.jsa
fff6b000-100000000 rw-p 00000000 00:00 0 
800000000-800002000 rwxp 00001000 08:03 1060156                          /usr/lib/jvm/java-11-openjdk-amd64/lib/server/classes.jsa
800002000-8003cc000 rw-p 00003000 08:03 1060156                          /usr/lib/jvm/java-11-openjdk-amd64/lib/server/classes.jsa
8003cc000-800a9d000 r--p 003cd000 08:03 1060156                          /usr/lib/jvm/java-11-openjdk-amd64/lib/server/classes.jsa
800a9d000-800a9e000 rw-p 00a9e000 08:03 1060156                          /usr/lib/jvm/java-11-openjdk-amd64/lib/server/classes.jsa
840000000-8400c0000 rw-p 00000000 00:00 0 
8400c0000-880000000 ---p 00000000 00:00 0 
5628b5eb5000-5628b5eb6000 r--p 00000000 08:03 1058673                    /usr/lib/jvm/java-11-openjdk-amd64/bin/java
5628b5eb6000-5628b5eb7000 r-xp 00001000 08:03 1058673                    /usr/lib/jvm/java-11-openjdk-amd64/bin/java
5628b5eb7000-5628b5eb8000 r--p 00002000 08:03 1058673                    /usr/lib/jvm/java-11-openjdk-amd64/bin/java
5628b5eb8000-5628b5eb9000 r--p 00002000 08:03 1058673                    /usr/lib/jvm/java-11-openjdk-amd64/bin/java
5628b5eb9000-5628b5eba000 rw-p 00003000 08:03 1058673                    /usr/lib/jvm/java-11-openjdk-amd64/bin/java
5628b64a4000-5628b64e7000 rw-p 00000000 00:00 0                          [heap]
7f4ee4efa000-7f4ee4f5f000 r--p 00000000 08:03 1579540                    /home/doudou/.javacpp/cache/llvm-13.0.1-1.5.7-linux-x86_64.jar/org/bytedeco/llvm/linux-x86_64/libjniLLVM.so
7f4ee4f5f000-7f4ee4fcd000 r-xp 00065000 08:03 1579540                    /home/doudou/.javacpp/cache/llvm-13.0.1-1.5.7-linux-x86_64.jar/org/bytedeco/llvm/linux-x86_64/libjniLLVM.so
7f4ee4fcd000-7f4ee4ff8000 r--p 000d3000 08:03 1579540                    /home/doudou/.javacpp/cache/llvm-13.0.1-1.5.7-linux-x86_64.jar/org/bytedeco/llvm/linux-x86_64/libjniLLVM.so
7f4ee4ff8000-7f4ee4ffb000 r--p 000fd000 08:03 1579540                    /home/doudou/.javacpp/cache/llvm-13.0.1-1.5.7-linux-x86_64.jar/org/bytedeco/llvm/linux-x86_64/libjniLLVM.so
7f4ee4ffb000-7f4ee4ffe000 rw-p 00100000 08:03 1579540                    /home/doudou/.javacpp/cache/llvm-13.0.1-1.5.7-linux-x86_64.jar/org/bytedeco/llvm/linux-x86_64/libjniLLVM.so
7f4ee4ffe000-7f4ee5000000 rw-p 00000000 00:00 0 
7f4ee5000000-7f4ee5926000 r--p 00000000 08:03 1579535                    /home/doudou/.javacpp/cache/llvm-13.0.1-1.5.7-linux-x86_64.jar/org/bytedeco/llvm/linux-x86_64/libLLVM-13.so
7f4ee5926000-7f4ee92e9000 r-xp 00926000 08:03 1579535                    /home/doudou/.javacpp/cache/llvm-13.0.1-1.5.7-linux-x86_64.jar/org/bytedeco/llvm/linux-x86_64/libLLVM-13.so
7f4ee92e9000-7f4eeb53e000 r--p 042e9000 08:03 1579535                    /home/doudou/.javacpp/cache/llvm-13.0.1-1.5.7-linux-x86_64.jar/org/bytedeco/llvm/linux-x86_64/libLLVM-13.so
7f4eeb53e000-7f4eeba53000 r--p 0653d000 08:03 1579535                    /home/doudou/.javacpp/cache/llvm-13.0.1-1.5.7-linux-x86_64.jar/org/bytedeco/llvm/linux-x86_64/libLLVM-13.so
7f4eeba53000-7f4eeba5e000 rw-p 06a52000 08:03 1579535                    /home/doudou/.javacpp/cache/llvm-13.0.1-1.5.7-linux-x86_64.jar/org/bytedeco/llvm/linux-x86_64/libLLVM-13.so
7f4eeba5e000-7f4eebad4000 rw-p 00000000 00:00 0 
7f4eebafc000-7f4eebb00000 ---p 00000000 00:00 0 
7f4eebb00000-7f4eebbfc000 rw-p 00000000 00:00 0 
7f4eebbfc000-7f4eebbfd000 ---p 00000000 00:00 0 
7f4eebbfd000-7f4eebcfe000 rw-p 00000000 00:00 0 
7f4eebcfe000-7f4eebd02000 ---p 00000000 00:00 0 
7f4eebd02000-7f4eebdfe000 rw-p 00000000 00:00 0 
7f4eebdfe000-7f4eebdff000 ---p 00000000 00:00 0 
7f4eebdff000-7f4eebf00000 rw-p 00000000 00:00 0 
7f4eebf00000-7f4eebf04000 ---p 00000000 00:00 0 
7f4eebf04000-7f4eec000000 rw-p 00000000 00:00 0 
7f4eec000000-7f4eec021000 rw-p 00000000 00:00 0 
7f4eec021000-7f4ef0000000 ---p 00000000 00:00 0 
7f4ef0000000-7f4ef0021000 rw-p 00000000 00:00 0 
7f4ef0021000-7f4ef4000000 ---p 00000000 00:00 0 
7f4ef4000000-7f4ef431c000 rw-p 00000000 00:00 0 
7f4ef431c000-7f4ef8000000 ---p 00000000 00:00 0 
7f4ef8000000-7f4ef83f5000 rw-p 00000000 00:00 0 
7f4ef83f5000-7f4efc000000 ---p 00000000 00:00 0 
7f4efc000000-7f4efc021000 rw-p 00000000 00:00 0 
7f4efc021000-7f4f00000000 ---p 00000000 00:00 0 
7f4f00000000-7f4f00021000 rw-p 00000000 00:00 0 
7f4f00021000-7f4f04000000 ---p 00000000 00:00 0 
7f4f04000000-7f4f04021000 rw-p 00000000 00:00 0 
7f4f04021000-7f4f08000000 ---p 00000000 00:00 0 
7f4f08000000-7f4f08021000 rw-p 00000000 00:00 0 
7f4f08021000-7f4f0c000000 ---p 00000000 00:00 0 
7f4f0c000000-7f4f0c021000 rw-p 00000000 00:00 0 
7f4f0c021000-7f4f10000000 ---p 00000000 00:00 0 
7f4f10000000-7f4f10021000 rw-p 00000000 00:00 0 
7f4f10021000-7f4f14000000 ---p 00000000 00:00 0 
7f4f14000000-7f4f14021000 rw-p 00000000 00:00 0 
7f4f14021000-7f4f18000000 ---p 00000000 00:00 0 
7f4f18000000-7f4f18021000 rw-p 00000000 00:00 0 
7f4f18021000-7f4f1c000000 ---p 00000000 00:00 0 
7f4f1c000000-7f4f1c021000 rw-p 00000000 00:00 0 
7f4f1c021000-7f4f20000000 ---p 00000000 00:00 0 
7f4f20000000-7f4f20004000 ---p 00000000 00:00 0 
7f4f20004000-7f4f20100000 rw-p 00000000 00:00 0 
7f4f20100000-7f4f20104000 ---p 00000000 00:00 0 
7f4f20104000-7f4f20200000 rw-p 00000000 00:00 0 
7f4f20200000-7f4f20fe7000 r--p 00000000 08:03 534858                     /usr/lib/locale/locale-archive
7f4f210b8000-7f4f231b0000 rw-p 00000000 00:00 0 
7f4f231b0000-7f4f23ff8000 ---p 00000000 00:00 0 
7f4f23ff8000-7f4f24000000 rw-p 00000000 00:00 0 
7f4f24000000-7f4f24021000 rw-p 00000000 00:00 0 
7f4f24021000-7f4f28000000 ---p 00000000 00:00 0 
7f4f28000000-7f4f28004000 ---p 00000000 00:00 0 
7f4f28004000-7f4f28100000 rw-p 00000000 00:00 0 
7f4f28100000-7f4f28104000 ---p 00000000 00:00 0 
7f4f28104000-7f4f28200000 rw-p 00000000 00:00 0 
7f4f28200000-7f4f28204000 ---p 00000000 00:00 0 
7f4f28204000-7f4f28300000 rw-p 00000000 00:00 0 
7f4f28300000-7f4f28304000 ---p 00000000 00:00 0 
7f4f28304000-7f4f28400000 rw-p 00000000 00:00 0 
7f4f28400000-7f4f28404000 ---p 00000000 00:00 0 
7f4f28404000-7f4f28500000 rw-p 00000000 00:00 0 
7f4f28500000-7f4f28504000 ---p 00000000 00:00 0 
7f4f28504000-7f4f28600000 rw-p 00000000 00:00 0 
7f4f28600000-7f4f28870000 rwxp 00000000 00:00 0 
7f4f28870000-7f4f28b8f000 ---p 00000000 00:00 0 
7f4f28b8f000-7f4f28dff000 rwxp 00000000 00:00 0 
7f4f28dff000-7f4f300c7000 ---p 00000000 00:00 0 
7f4f300c7000-7f4f30337000 rwxp 00000000 00:00 0 
7f4f30337000-7f4f37600000 ---p 00000000 00:00 0 
7f4f37600000-7f4f3fe0b000 r--s 00000000 08:03 1058832                    /usr/lib/jvm/java-11-openjdk-amd64/lib/modules
7f4f3fe7d000-7f4f3fe7e000 ---p 00000000 00:00 0 
7f4f3fe7e000-7f4f40000000 rw-p 00000000 00:00 0 
7f4f40000000-7f4f403f3000 rw-p 00000000 00:00 0 
7f4f403f3000-7f4f44000000 ---p 00000000 00:00 0 
7f4f44019000-7f4f44619000 rw-p 00000000 00:00 0 
7f4f44619000-7f4f44819000 ---p 00000000 00:00 0 
7f4f44819000-7f4f4481a000 ---p 00000000 00:00 0 
7f4f4481a000-7f4f4491b000 rw-p 00000000 00:00 0 
7f4f4491b000-7f4f4491c000 ---p 00000000 00:00 0 
7f4f4491c000-7f4f44c1f000 rw-p 00000000 00:00 0 
7f4f44c1f000-7f4f44c20000 ---p 00000000 00:00 0 
7f4f44c20000-7f4f44d21000 rw-p 00000000 00:00 0 
7f4f44d21000-7f4f44d22000 ---p 00000000 00:00 0 
7f4f44d22000-7f4f44f1b000 rw-p 00000000 00:00 0 
7f4f44f1b000-7f4f45d63000 ---p 00000000 00:00 0 
7f4f45d63000-7f4f45d8a000 rw-p 00000000 00:00 0 
7f4f45d8a000-7f4f45f53000 ---p 00000000 00:00 0 
7f4f45f53000-7f4f45f73000 rw-p 00000000 00:00 0 
7f4f45f73000-7f4f4613c000 ---p 00000000 00:00 0 
7f4f4613c000-7f4f4615c000 rw-p 00000000 00:00 0 
7f4f4615c000-7f4f46325000 ---p 00000000 00:00 0 
7f4f46325000-7f4f46528000 rw-p 00000000 00:00 0 
7f4f46528000-7f4f46529000 ---p 00000000 00:00 0 
7f4f46529000-7f4f4662f000 rw-p 00000000 00:00 0 
7f4f4662f000-7f4f46715000 ---p 00000000 00:00 0 
7f4f46715000-7f4f4671a000 rw-p 00000000 00:00 0 
7f4f4671a000-7f4f46800000 ---p 00000000 00:00 0 
7f4f46800000-7f4f4689a000 r--p 00000000 08:03 552221                     /usr/lib/x86_64-linux-gnu/libstdc++.so.6.0.30
7f4f4689a000-7f4f469aa000 r-xp 0009a000 08:03 552221                     /usr/lib/x86_64-linux-gnu/libstdc++.so.6.0.30
7f4f469aa000-7f4f46a19000 r--p 001aa000 08:03 552221                     /usr/lib/x86_64-linux-gnu/libstdc++.so.6.0.30
7f4f46a19000-7f4f46a24000 r--p 00218000 08:03 552221                     /usr/lib/x86_64-linux-gnu/libstdc++.so.6.0.30
7f4f46a24000-7f4f46a27000 rw-p 00223000 08:03 552221                     /usr/lib/x86_64-linux-gnu/libstdc++.so.6.0.30
7f4f46a27000-7f4f46a2a000 rw-p 00000000 00:00 0 
7f4f46a75000-7f4f46a7c000 r--s 00000000 08:03 553557                     /usr/lib/x86_64-linux-gnu/gconv/gconv-modules.cache
7f4f46a7c000-7f4f46a7d000 r--p 00000000 08:03 1579538                    /home/doudou/.javacpp/cache/llvm-13.0.1-1.5.7-linux-x86_64.jar/org/bytedeco/llvm/linux-x86_64/libRemarks.so.13
7f4f46a7d000-7f4f46a7e000 r-xp 00001000 08:03 1579538                    /home/doudou/.javacpp/cache/llvm-13.0.1-1.5.7-linux-x86_64.jar/org/bytedeco/llvm/linux-x86_64/libRemarks.so.13
7f4f46a7e000-7f4f46a7f000 r--p 00002000 08:03 1579538                    /home/doudou/.javacpp/cache/llvm-13.0.1-1.5.7-linux-x86_64.jar/org/bytedeco/llvm/linux-x86_64/libRemarks.so.13
7f4f46a7f000-7f4f46a80000 r--p 00002000 08:03 1579538                    /home/doudou/.javacpp/cache/llvm-13.0.1-1.5.7-linux-x86_64.jar/org/bytedeco/llvm/linux-x86_64/libRemarks.so.13
7f4f46a80000-7f4f46a81000 rw-p 00003000 08:03 1579538                    /home/doudou/.javacpp/cache/llvm-13.0.1-1.5.7-linux-x86_64.jar/org/bytedeco/llvm/linux-x86_64/libRemarks.so.13
7f4f46a81000-7f4f46a88000 r--p 00000000 08:03 1579536                    /home/doudou/.javacpp/cache/llvm-13.0.1-1.5.7-linux-x86_64.jar/org/bytedeco/llvm/linux-x86_64/libLTO.so.13
7f4f46a88000-7f4f46a90000 r-xp 00007000 08:03 1579536                    /home/doudou/.javacpp/cache/llvm-13.0.1-1.5.7-linux-x86_64.jar/org/bytedeco/llvm/linux-x86_64/libLTO.so.13
7f4f46a90000-7f4f46a92000 r--p 0000f000 08:03 1579536                    /home/doudou/.javacpp/cache/llvm-13.0.1-1.5.7-linux-x86_64.jar/org/bytedeco/llvm/linux-x86_64/libLTO.so.13
7f4f46a92000-7f4f46a93000 r--p 00010000 08:03 1579536                    /home/doudou/.javacpp/cache/llvm-13.0.1-1.5.7-linux-x86_64.jar/org/bytedeco/llvm/linux-x86_64/libLTO.so.13
7f4f46a93000-7f4f46a94000 rw-p 00011000 08:03 1579536                    /home/doudou/.javacpp/cache/llvm-13.0.1-1.5.7-linux-x86_64.jar/org/bytedeco/llvm/linux-x86_64/libLTO.so.13
7f4f46a94000-7f4f46a98000 r--p 00000000 08:03 1579530                    /home/doudou/.javacpp/cache/javacpp-1.5.7-linux-x86_64.jar/org/bytedeco/javacpp/linux-x86_64/libjnijavacpp.so
7f4f46a98000-7f4f46a9f000 r-xp 00004000 08:03 1579530                    /home/doudou/.javacpp/cache/javacpp-1.5.7-linux-x86_64.jar/org/bytedeco/javacpp/linux-x86_64/libjnijavacpp.so
7f4f46a9f000-7f4f46aa3000 r--p 0000b000 08:03 1579530                    /home/doudou/.javacpp/cache/javacpp-1.5.7-linux-x86_64.jar/org/bytedeco/javacpp/linux-x86_64/libjnijavacpp.so
7f4f46aa3000-7f4f46aa4000 r--p 0000e000 08:03 1579530                    /home/doudou/.javacpp/cache/javacpp-1.5.7-linux-x86_64.jar/org/bytedeco/javacpp/linux-x86_64/libjnijavacpp.so
7f4f46aa4000-7f4f46aa5000 rw-p 0000f000 08:03 1579530                    /home/doudou/.javacpp/cache/javacpp-1.5.7-linux-x86_64.jar/org/bytedeco/javacpp/linux-x86_64/libjnijavacpp.so
7f4f46aa5000-7f4f46b00000 rw-p 00000000 00:00 0 
7f4f46b00000-7f4f46b04000 ---p 00000000 00:00 0 
7f4f46b04000-7f4f46c00000 rw-p 00000000 00:00 0 
7f4f46c00000-7f4f46e82000 r--p 00000000 08:03 1058837                    /usr/lib/jvm/java-11-openjdk-amd64/lib/server/libjvm.so
7f4f46e82000-7f4f47b1e000 r-xp 00282000 08:03 1058837                    /usr/lib/jvm/java-11-openjdk-amd64/lib/server/libjvm.so
7f4f47b1e000-7f4f47d79000 r--p 00f1e000 08:03 1058837                    /usr/lib/jvm/java-11-openjdk-amd64/lib/server/libjvm.so
7f4f47d79000-7f4f47d7a000 ---p 01179000 08:03 1058837                    /usr/lib/jvm/java-11-openjdk-amd64/lib/server/libjvm.so
7f4f47d7a000-7f4f47e3e000 r--p 01179000 08:03 1058837                    /usr/lib/jvm/java-11-openjdk-amd64/lib/server/libjvm.so
7f4f47e3e000-7f4f47e79000 rw-p 0123d000 08:03 1058837                    /usr/lib/jvm/java-11-openjdk-amd64/lib/server/libjvm.so
7f4f47e79000-7f4f47ed0000 rw-p 00000000 00:00 0 
7f4f47ed1000-7f4f47ed2000 r--p 00000000 08:03 551276                     /usr/lib/x86_64-linux-gnu/libdl.so.2
7f4f47ed2000-7f4f47ed3000 r-xp 00001000 08:03 551276                     /usr/lib/x86_64-linux-gnu/libdl.so.2
7f4f47ed3000-7f4f47ed4000 r--p 00002000 08:03 551276                     /usr/lib/x86_64-linux-gnu/libdl.so.2
7f4f47ed4000-7f4f47ed5000 r--p 00002000 08:03 551276                     /usr/lib/x86_64-linux-gnu/libdl.so.2
7f4f47ed5000-7f4f47ed6000 rw-p 00003000 08:03 551276                     /usr/lib/x86_64-linux-gnu/libdl.so.2
7f4f47ed6000-7f4f47ed7000 r--p 00000000 08:03 552054                     /usr/lib/x86_64-linux-gnu/libpthread.so.0
7f4f47ed7000-7f4f47ed8000 r-xp 00001000 08:03 552054                     /usr/lib/x86_64-linux-gnu/libpthread.so.0
7f4f47ed8000-7f4f47ed9000 r--p 00002000 08:03 552054                     /usr/lib/x86_64-linux-gnu/libpthread.so.0
7f4f47ed9000-7f4f47eda000 r--p 00002000 08:03 552054                     /usr/lib/x86_64-linux-gnu/libpthread.so.0
7f4f47eda000-7f4f47edb000 rw-p 00003000 08:03 552054                     /usr/lib/x86_64-linux-gnu/libpthread.so.0
7f4f47edb000-7f4f47edc000 r--p 00000000 08:03 1058804                    /usr/lib/jvm/java-11-openjdk-amd64/lib/libextnet.so
7f4f47edc000-7f4f47edd000 r-xp 00001000 08:03 1058804                    /usr/lib/jvm/java-11-openjdk-amd64/lib/libextnet.so
7f4f47edd000-7f4f47ede000 r--p 00002000 08:03 1058804                    /usr/lib/jvm/java-11-openjdk-amd64/lib/libextnet.so
7f4f47ede000-7f4f47edf000 r--p 00002000 08:03 1058804                    /usr/lib/jvm/java-11-openjdk-amd64/lib/libextnet.so
7f4f47edf000-7f4f47ee0000 rw-p 00003000 08:03 1058804                    /usr/lib/jvm/java-11-openjdk-amd64/lib/libextnet.so
7f4f47ee0000-7f4f47ee4000 r--p 00000000 08:03 1058822                    /usr/lib/jvm/java-11-openjdk-amd64/lib/libnet.so
7f4f47ee4000-7f4f47ef2000 r-xp 00004000 08:03 1058822                    /usr/lib/jvm/java-11-openjdk-amd64/lib/libnet.so
7f4f47ef2000-7f4f47ef6000 r--p 00012000 08:03 1058822                    /usr/lib/jvm/java-11-openjdk-amd64/lib/libnet.so
7f4f47ef6000-7f4f47ef7000 r--p 00015000 08:03 1058822                    /usr/lib/jvm/java-11-openjdk-amd64/lib/libnet.so
7f4f47ef7000-7f4f47ef8000 rw-p 00016000 08:03 1058822                    /usr/lib/jvm/java-11-openjdk-amd64/lib/libnet.so
7f4f47ef8000-7f4f47f19000 rw-p 00000000 00:00 0 
7f4f47f19000-7f4f47f27000 r--p 00000000 08:03 551785                     /usr/lib/x86_64-linux-gnu/libm.so.6
7f4f47f27000-7f4f47fa3000 r-xp 0000e000 08:03 551785                     /usr/lib/x86_64-linux-gnu/libm.so.6
7f4f47fa3000-7f4f47ffe000 r--p 0008a000 08:03 551785                     /usr/lib/x86_64-linux-gnu/libm.so.6
7f4f47ffe000-7f4f47fff000 r--p 000e4000 08:03 551785                     /usr/lib/x86_64-linux-gnu/libm.so.6
7f4f47fff000-7f4f48000000 rw-p 000e5000 08:03 551785                     /usr/lib/x86_64-linux-gnu/libm.so.6
7f4f48000000-7f4f48028000 r--p 00000000 08:03 551134                     /usr/lib/x86_64-linux-gnu/libc.so.6
7f4f48028000-7f4f481bd000 r-xp 00028000 08:03 551134                     /usr/lib/x86_64-linux-gnu/libc.so.6
7f4f481bd000-7f4f48215000 r--p 001bd000 08:03 551134                     /usr/lib/x86_64-linux-gnu/libc.so.6
7f4f48215000-7f4f48219000 r--p 00214000 08:03 551134                     /usr/lib/x86_64-linux-gnu/libc.so.6
7f4f48219000-7f4f4821b000 rw-p 00218000 08:03 551134                     /usr/lib/x86_64-linux-gnu/libc.so.6
7f4f4821b000-7f4f48228000 rw-p 00000000 00:00 0 
7f4f4822c000-7f4f48233000 r--p 00000000 08:03 1058823                    /usr/lib/jvm/java-11-openjdk-amd64/lib/libnio.so
7f4f48233000-7f4f4823b000 r-xp 00007000 08:03 1058823                    /usr/lib/jvm/java-11-openjdk-amd64/lib/libnio.so
7f4f4823b000-7f4f4823e000 r--p 0000f000 08:03 1058823                    /usr/lib/jvm/java-11-openjdk-amd64/lib/libnio.so
7f4f4823e000-7f4f4823f000 r--p 00011000 08:03 1058823                    /usr/lib/jvm/java-11-openjdk-amd64/lib/libnio.so
7f4f4823f000-7f4f48240000 rw-p 00012000 08:03 1058823                    /usr/lib/jvm/java-11-openjdk-amd64/lib/libnio.so
7f4f48240000-7f4f48245000 rw-p 00000000 00:00 0 
7f4f48245000-7f4f4824c000 ---p 00000000 00:00 0 
7f4f4824c000-7f4f4824e000 r--p 00000000 08:03 1058831                    /usr/lib/jvm/java-11-openjdk-amd64/lib/libzip.so
7f4f4824e000-7f4f48253000 r-xp 00002000 08:03 1058831                    /usr/lib/jvm/java-11-openjdk-amd64/lib/libzip.so
7f4f48253000-7f4f48255000 r--p 00007000 08:03 1058831                    /usr/lib/jvm/java-11-openjdk-amd64/lib/libzip.so
7f4f48255000-7f4f48256000 r--p 00008000 08:03 1058831                    /usr/lib/jvm/java-11-openjdk-amd64/lib/libzip.so
7f4f48256000-7f4f48257000 rw-p 00009000 08:03 1058831                    /usr/lib/jvm/java-11-openjdk-amd64/lib/libzip.so
7f4f48257000-7f4f4825f000 rw-s 00000000 08:03 262226                     /tmp/hsperfdata_doudou/27687
7f4f4825f000-7f4f48261000 r--p 00000000 08:03 1058806                    /usr/lib/jvm/java-11-openjdk-amd64/lib/libinstrument.so
7f4f48261000-7f4f48268000 r-xp 00002000 08:03 1058806                    /usr/lib/jvm/java-11-openjdk-amd64/lib/libinstrument.so
7f4f48268000-7f4f4826b000 r--p 00009000 08:03 1058806                    /usr/lib/jvm/java-11-openjdk-amd64/lib/libinstrument.so
7f4f4826b000-7f4f4826c000 r--p 0000b000 08:03 1058806                    /usr/lib/jvm/java-11-openjdk-amd64/lib/libinstrument.so
7f4f4826c000-7f4f4826d000 rw-p 0000c000 08:03 1058806                    /usr/lib/jvm/java-11-openjdk-amd64/lib/libinstrument.so
7f4f4826d000-7f4f4827b000 r--p 00000000 08:03 1058811                    /usr/lib/jvm/java-11-openjdk-amd64/lib/libjava.so
7f4f4827b000-7f4f48291000 r-xp 0000e000 08:03 1058811                    /usr/lib/jvm/java-11-openjdk-amd64/lib/libjava.so
7f4f48291000-7f4f48298000 r--p 00024000 08:03 1058811                    /usr/lib/jvm/java-11-openjdk-amd64/lib/libjava.so
7f4f48298000-7f4f48299000 r--p 0002a000 08:03 1058811                    /usr/lib/jvm/java-11-openjdk-amd64/lib/libjava.so
7f4f48299000-7f4f4829a000 rw-p 0002b000 08:03 1058811                    /usr/lib/jvm/java-11-openjdk-amd64/lib/libjava.so
7f4f4829a000-7f4f4829b000 rw-p 00000000 00:00 0 
7f4f4829b000-7f4f482a0000 r--p 00000000 08:03 1058830                    /usr/lib/jvm/java-11-openjdk-amd64/lib/libverify.so
7f4f482a0000-7f4f482a7000 r-xp 00005000 08:03 1058830                    /usr/lib/jvm/java-11-openjdk-amd64/lib/libverify.so
7f4f482a7000-7f4f482a9000 r--p 0000c000 08:03 1058830                    /usr/lib/jvm/java-11-openjdk-amd64/lib/libverify.so
7f4f482a9000-7f4f482ab000 r--p 0000d000 08:03 1058830                    /usr/lib/jvm/java-11-openjdk-amd64/lib/libverify.so
7f4f482ab000-7f4f482ac000 rw-p 0000f000 08:03 1058830                    /usr/lib/jvm/java-11-openjdk-amd64/lib/libverify.so
7f4f482ac000-7f4f482ad000 r--p 00000000 08:03 552110                     /usr/lib/x86_64-linux-gnu/librt.so.1
7f4f482ad000-7f4f482ae000 r-xp 00001000 08:03 552110                     /usr/lib/x86_64-linux-gnu/librt.so.1
7f4f482ae000-7f4f482af000 r--p 00002000 08:03 552110                     /usr/lib/x86_64-linux-gnu/librt.so.1
7f4f482af000-7f4f482b0000 r--p 00002000 08:03 552110                     /usr/lib/x86_64-linux-gnu/librt.so.1
7f4f482b0000-7f4f482b1000 rw-p 00003000 08:03 552110                     /usr/lib/x86_64-linux-gnu/librt.so.1
7f4f482b1000-7f4f482b4000 r--p 00000000 08:03 551433                     /usr/lib/x86_64-linux-gnu/libgcc_s.so.1
7f4f482b4000-7f4f482cb000 r-xp 00003000 08:03 551433                     /usr/lib/x86_64-linux-gnu/libgcc_s.so.1
7f4f482cb000-7f4f482cf000 r--p 0001a000 08:03 551433                     /usr/lib/x86_64-linux-gnu/libgcc_s.so.1
7f4f482cf000-7f4f482d0000 r--p 0001d000 08:03 551433                     /usr/lib/x86_64-linux-gnu/libgcc_s.so.1
7f4f482d0000-7f4f482d1000 rw-p 0001e000 08:03 551433                     /usr/lib/x86_64-linux-gnu/libgcc_s.so.1
7f4f482d1000-7f4f482d3000 rw-p 00000000 00:00 0 
7f4f482d3000-7f4f482d5000 r--p 00000000 08:03 552488                     /usr/lib/x86_64-linux-gnu/libz.so.1.2.11
7f4f482d5000-7f4f482e6000 r-xp 00002000 08:03 552488                     /usr/lib/x86_64-linux-gnu/libz.so.1.2.11
7f4f482e6000-7f4f482ec000 r--p 00013000 08:03 552488                     /usr/lib/x86_64-linux-gnu/libz.so.1.2.11
7f4f482ec000-7f4f482ed000 ---p 00019000 08:03 552488                     /usr/lib/x86_64-linux-gnu/libz.so.1.2.11
7f4f482ed000-7f4f482ee000 r--p 00019000 08:03 552488                     /usr/lib/x86_64-linux-gnu/libz.so.1.2.11
7f4f482ee000-7f4f482ef000 rw-p 0001a000 08:03 552488                     /usr/lib/x86_64-linux-gnu/libz.so.1.2.11
7f4f482f3000-7f4f482f4000 ---p 00000000 00:00 0 
7f4f482f4000-7f4f482f5000 r--p 00000000 00:00 0 
7f4f482f5000-7f4f482f7000 r--p 00000000 08:03 1058814                    /usr/lib/jvm/java-11-openjdk-amd64/lib/libjimage.so
7f4f482f7000-7f4f482fa000 r-xp 00002000 08:03 1058814                    /usr/lib/jvm/java-11-openjdk-amd64/lib/libjimage.so
7f4f482fa000-7f4f482fb000 r--p 00005000 08:03 1058814                    /usr/lib/jvm/java-11-openjdk-amd64/lib/libjimage.so
7f4f482fb000-7f4f482fc000 ---p 00006000 08:03 1058814                    /usr/lib/jvm/java-11-openjdk-amd64/lib/libjimage.so
7f4f482fc000-7f4f482fd000 r--p 00006000 08:03 1058814                    /usr/lib/jvm/java-11-openjdk-amd64/lib/libjimage.so
7f4f482fd000-7f4f482fe000 rw-p 00007000 08:03 1058814                    /usr/lib/jvm/java-11-openjdk-amd64/lib/libjimage.so
7f4f482fe000-7f4f48301000 r--p 00000000 08:03 1058796                    /usr/lib/jvm/java-11-openjdk-amd64/lib/jli/libjli.so
7f4f48301000-7f4f4830b000 r-xp 00003000 08:03 1058796                    /usr/lib/jvm/java-11-openjdk-amd64/lib/jli/libjli.so
7f4f4830b000-7f4f4830e000 r--p 0000d000 08:03 1058796                    /usr/lib/jvm/java-11-openjdk-amd64/lib/jli/libjli.so
7f4f4830e000-7f4f4830f000 ---p 00010000 08:03 1058796                    /usr/lib/jvm/java-11-openjdk-amd64/lib/jli/libjli.so
7f4f4830f000-7f4f48310000 r--p 00010000 08:03 1058796                    /usr/lib/jvm/java-11-openjdk-amd64/lib/jli/libjli.so
7f4f48310000-7f4f48311000 rw-p 00011000 08:03 1058796                    /usr/lib/jvm/java-11-openjdk-amd64/lib/jli/libjli.so
7f4f48311000-7f4f48313000 rw-p 00000000 00:00 0 
7f4f48313000-7f4f48315000 r--p 00000000 08:03 550792                     /usr/lib/x86_64-linux-gnu/ld-linux-x86-64.so.2
7f4f48315000-7f4f4833f000 r-xp 00002000 08:03 550792                     /usr/lib/x86_64-linux-gnu/ld-linux-x86-64.so.2
7f4f4833f000-7f4f4834a000 r--p 0002c000 08:03 550792                     /usr/lib/x86_64-linux-gnu/ld-linux-x86-64.so.2
7f4f4834b000-7f4f4834d000 r--p 00037000 08:03 550792                     /usr/lib/x86_64-linux-gnu/ld-linux-x86-64.so.2
7f4f4834d000-7f4f4834f000 rw-p 00039000 08:03 550792                     /usr/lib/x86_64-linux-gnu/ld-linux-x86-64.so.2
7ffee2204000-7ffee2225000 rw-p 00000000 00:00 0                          [stack]
7ffee2376000-7ffee237a000 r--p 00000000 00:00 0                          [vvar]
7ffee237a000-7ffee237c000 r-xp 00000000 00:00 0                          [vdso]
ffffffffff600000-ffffffffff601000 --xp 00000000 00:00 0                  [vsyscall]


VM Arguments:
jvm_args: -javaagent:/snap/intellij-idea-ultimate/437/lib/idea_rt.jar=40349:/snap/intellij-idea-ultimate/437/bin -Dfile.encoding=UTF-8 
java_command: Main /home/doudou/lab/Lab/tests/test1.sysy /home/doudou/lab/Lab/tests/out.txt
java_class_path (initial): /home/doudou/lab/Lab/out/production/Lab:/usr/local/lib/antlr-4.9.1-complete.jar:/usr/local/lib/javacpp-1.5.7-linux-x86_64.jar:/usr/local/lib/javacpp-1.5.7.jar:/usr/local/lib/llvm-13.0.1-1.5.7-linux-x86_64.jar:/usr/local/lib/llvm-13.0.1-1.5.7.jar:/usr/local/lib/llvm-platform-13.0.1-1.5.7.jar
Launcher Type: SUN_STANDARD

[Global flags]
     intx CICompilerCount                          = 2                                         {product} {ergonomic}
     uint ConcGCThreads                            = 1                                         {product} {ergonomic}
     uint G1ConcRefinementThreads                  = 2                                         {product} {ergonomic}
   size_t G1HeapRegionSize                         = 1048576                                   {product} {ergonomic}
    uintx GCDrainStackTargetSize                   = 64                                        {product} {ergonomic}
   size_t InitialHeapSize                          = 65011712                                  {product} {ergonomic}
   size_t MarkStackSize                            = 4194304                                   {product} {ergonomic}
   size_t MaxHeapSize                              = 1025507328                                {product} {ergonomic}
   size_t MaxNewSize                               = 614465536                                 {product} {ergonomic}
   size_t MinHeapDeltaBytes                        = 1048576                                   {product} {ergonomic}
    uintx NonNMethodCodeHeapSize                   = 5825164                                {pd product} {ergonomic}
    uintx NonProfiledCodeHeapSize                  = 122916538                              {pd product} {ergonomic}
    uintx ProfiledCodeHeapSize                     = 122916538                              {pd product} {ergonomic}
    uintx ReservedCodeCacheSize                    = 251658240                              {pd product} {ergonomic}
     bool SegmentedCodeCache                       = true                                      {product} {ergonomic}
     bool UseCompressedClassPointers               = true                                 {lp64_product} {ergonomic}
     bool UseCompressedOops                        = true                                 {lp64_product} {ergonomic}
     bool UseG1GC                                  = true                                      {product} {ergonomic}

Logging:
Log output configuration:
 #0: stdout all=warning uptime,level,tags
 #1: stderr all=off uptime,level,tags

Environment Variables:
PATH=/usr/local/sbin:/usr/local/bin:/usr/sbin:/usr/bin:/sbin:/bin:/usr/games:/usr/local/games:/snap/bin:/snap/bin
USERNAME=doudou
SHELL=/bin/bash
DISPLAY=:0
LANG=en_US.UTF-8
LC_NUMERIC=zh_CN.UTF-8
LC_TIME=zh_CN.UTF-8

Signal Handlers:
SIGSEGV: [libjvm.so+0xeabd80], sa_mask[0]=11111111011111111101111111111110, sa_flags=SA_RESTART|SA_SIGINFO
SIGBUS: [libjvm.so+0xeabd80], sa_mask[0]=11111111011111111101111111111110, sa_flags=SA_RESTART|SA_SIGINFO
SIGFPE: [libjvm.so+0xeabd80], sa_mask[0]=11111111011111111101111111111110, sa_flags=SA_RESTART|SA_SIGINFO
SIGPIPE: [libjvm.so+0xbee610], sa_mask[0]=11111111011111111101111111111110, sa_flags=SA_RESTART|SA_SIGINFO
SIGXFSZ: [libjvm.so+0xbee610], sa_mask[0]=11111111011111111101111111111110, sa_flags=SA_RESTART|SA_SIGINFO
SIGILL: [libjvm.so+0xeabd80], sa_mask[0]=11111111011111111101111111111110, sa_flags=SA_RESTART|SA_SIGINFO
SIGUSR2: [libjvm.so+0xbee4b0], sa_mask[0]=00100000000000000000000000000000, sa_flags=SA_RESTART|SA_SIGINFO
SIGHUP: [libjvm.so+0xbeec50], sa_mask[0]=11111111011111111101111111111110, sa_flags=SA_RESTART|SA_SIGINFO
SIGINT: [libjvm.so+0xbeec50], sa_mask[0]=11111111011111111101111111111110, sa_flags=SA_RESTART|SA_SIGINFO
SIGTERM: [libjvm.so+0xbeec50], sa_mask[0]=11111111011111111101111111111110, sa_flags=SA_RESTART|SA_SIGINFO
SIGQUIT: [libjvm.so+0xbeec50], sa_mask[0]=11111111011111111101111111111110, sa_flags=SA_RESTART|SA_SIGINFO


---------------  S Y S T E M  ---------------

OS:DISTRIB_ID=Ubuntu
DISTRIB_RELEASE=22.04
DISTRIB_CODENAME=jammy
DISTRIB_DESCRIPTION="Ubuntu 22.04.2 LTS"
uname:Linux 5.19.0-45-generic #46~22.04.1-Ubuntu SMP PREEMPT_DYNAMIC Wed Jun 7 15:06:04 UTC 20 x86_64
OS uptime: 0 days 19:16 hours
libc:glibc 2.35 NPTL 2.35 
rlimit (soft/hard): STACK 8192k/infinity , CORE 0k/infinity , NPROC 15333/15333 , NOFILE 1048576/1048576 , AS infinity/infinity , CPU infinity/infinity , DATA infinity/infinity , FSIZE infinity/infinity , MEMLOCK 500652k/500652k
load average:3.10 1.62 1.41

/proc/meminfo:
MemTotal:        4005236 kB
MemFree:          112192 kB
MemAvailable:     112916 kB
Buffers:            2600 kB
Cached:           177024 kB
SwapCached:        34548 kB
Active:           892952 kB
Inactive:        1283060 kB
Active(anon):     824260 kB
Inactive(anon):  1172488 kB
Active(file):      68692 kB
Inactive(file):   110572 kB
Unevictable:           0 kB
Mlocked:               0 kB
SwapTotal:       3512316 kB
SwapFree:        1620252 kB
Zswap:                 0 kB
Zswapped:              0 kB
Dirty:              6808 kB
Writeback:             0 kB
AnonPages:       1962068 kB
Mapped:            87384 kB
Shmem:               252 kB
KReclaimable:      52120 kB
Slab:             244660 kB
SReclaimable:      52120 kB
SUnreclaim:       192540 kB
KernelStack:       11148 kB
PageTables:        27060 kB
NFS_Unstable:          0 kB
Bounce:                0 kB
WritebackTmp:          0 kB
CommitLimit:     5514932 kB
Committed_AS:    6268732 kB
VmallocTotal:   34359738367 kB
VmallocUsed:       46492 kB
VmallocChunk:          0 kB
Percpu:             2216 kB
HardwareCorrupted:     0 kB
AnonHugePages:         0 kB
ShmemHugePages:        0 kB
ShmemPmdMapped:        0 kB
FileHugePages:         0 kB
FilePmdMapped:         0 kB
HugePages_Total:       0
HugePages_Free:        0
HugePages_Rsvd:        0
HugePages_Surp:        0
Hugepagesize:       2048 kB
Hugetlb:               0 kB
DirectMap4k:      218944 kB
DirectMap2M:     3975168 kB
DirectMap1G:     2097152 kB

/sys/kernel/mm/transparent_hugepage/enabled:
always [madvise] never
/sys/kernel/mm/transparent_hugepage/defrag (defrag/compaction efforts parameter):
always defer defer+madvise [madvise] never

Process Memory:
Virtual Size: 3685924K (peak: 12384612K)
Resident Set Size: 92380K (peak: 92380K) (anon: 37332K, file: 55048K, shmem: 0K)
Swapped out: 0K
C-Heap outstanding allocations: 15503K, retained: 2320K
glibc malloc tunables: (default)

/proc/sys/kernel/threads-max (system-wide limit on the number of threads):
30667
/proc/sys/vm/max_map_count (maximum number of memory map areas a process may have):
65530
/proc/sys/kernel/pid_max (system-wide limit on number of process identifiers):
4194304

container (cgroup) information:
container_type: cgroupv2
cpu_cpuset_cpus: not supported
cpu_memory_nodes: not supported
active_processor_count: 2
cpu_quota: not supported
cpu_period: not supported
cpu_shares: not supported
memory_limit_in_bytes: unlimited
memory_and_swap_limit_in_bytes: unlimited
memory_soft_limit_in_bytes: unlimited
memory_usage_in_bytes: 2029272 k
memory_max_usage_in_bytes: not supported
memory_swap_current_in_bytes: 968204 k
memory_swap_max_limit_in_bytes: unlimited
maximum number of tasks: 4600
current number of tasks: 153

VMWare virtualization detected
Steal ticks since vm start: 0
Steal ticks percentage since vm start:  0.000

CPU:total 2 (initial active 2) (1 cores per cpu, 1 threads per core) family 6 model 140 stepping 1 microcode 0xffffffff, cmov, cx8, fxsr, mmx, sse, sse2, sse3, ssse3, sse4.1, sse4.2, popcnt, avx, avx2, aes, clmul, erms, 3dnowpref, lzcnt, tsc, tscinvbit, bmi1, bmi2, adx, evex, sha, fma
CPU Model and flags from /proc/cpuinfo:
model name	: 11th Gen Intel(R) Core(TM) i7-1165G7 @ 2.80GHz
flags		: fpu vme de pse tsc msr pae mce cx8 apic sep mtrr pge mca cmov pat pse36 clflush mmx fxsr sse sse2 ss syscall nx pdpe1gb rdtscp lm constant_tsc arch_perfmon rep_good nopl xtopology tsc_reliable nonstop_tsc cpuid tsc_known_freq pni pclmulqdq ssse3 fma cx16 pcid sse4_1 sse4_2 x2apic movbe popcnt tsc_deadline_timer aes xsave avx f16c rdrand hypervisor lahf_lm abm 3dnowprefetch invpcid_single pti ssbd ibrs ibpb stibp fsgsbase tsc_adjust bmi1 avx2 smep bmi2 erms invpcid avx512f avx512dq rdseed adx smap avx512ifma clflushopt clwb avx512cd sha_ni avx512bw avx512vl xsaveopt xsavec xgetbv1 xsaves arat avx512vbmi umip avx512_vbmi2 gfni vaes vpclmulqdq avx512_vnni avx512_bitalg avx512_vpopcntdq rdpid fsrm avx512_vp2intersect flush_l1d arch_capabilities
Online cpus:
0-1
Offline cpus:

BIOS frequency limitation:
<Not Available>
Frequency switch latency (ns):
<Not Available>
Available cpu frequencies:
<Not Available>
Current governor:
<Not Available>
Core performance/turbo boost:
<Not Available>

Memory: 4k page, physical 4005236k(112192k free), swap 3512316k(1620252k free)

vm_info: OpenJDK 64-Bit Server VM (11.0.19+7-post-Ubuntu-0ubuntu122.04.1) for linux-amd64 JRE (11.0.19+7-post-Ubuntu-0ubuntu122.04.1), built on May 10 2023 00:54:00 by "unknown" with gcc 11.3.0

END.
