#
# A fatal error has been detected by the Java Runtime Environment:
#
#  SIGSEGV (0xb) at pc=0x00007f9881fede80, pid=21978, tid=21979
#
# JRE version: OpenJDK Runtime Environment (11.0.19+7) (build 11.0.19+7-post-Ubuntu-0ubuntu122.04.1)
# Java VM: OpenJDK 64-Bit Server VM (11.0.19+7-post-Ubuntu-0ubuntu122.04.1, mixed mode, sharing, tiered, compressed oops, g1 gc, linux-amd64)
# Problematic frame:
# C  [libLLVM-13.so+0xbede80]  llvm::BasicBlock::getModule() const+0x0
#
# Core dump will be written. Default location: Core dumps may be processed with "/usr/share/apport/apport -p%p -s%s -c%c -d%d -P%P -u%u -g%g -- %E" (or dumping to /home/doudou/lab/Lab/core.21978)
#
# If you would like to submit a bug report, please visit:
#   https://bugs.launchpad.net/ubuntu/+source/openjdk-lts
# The crash happened outside the Java Virtual Machine in native code.
# See problematic frame for where to report the bug.
#

---------------  S U M M A R Y ------------

Command Line: -javaagent:/snap/intellij-idea-ultimate/437/lib/idea_rt.jar=41227:/snap/intellij-idea-ultimate/437/bin -Dfile.encoding=UTF-8 Main /home/doudou/lab/Lab/tests/test1.sysy /home/doudou/lab/Lab/tests/out.txt

Host: 11th Gen Intel(R) Core(TM) i7-1165G7 @ 2.80GHz, 2 cores, 3G, Ubuntu 22.04.2 LTS
Time: Wed Jun 28 00:45:07 2023 CST elapsed time: 1.387308 seconds (0d 0h 0m 1s)

---------------  T H R E A D  ---------------

Current thread (0x00007f98dc016800):  JavaThread "main" [_thread_in_native, id=21979, stack(0x00007f98e3b00000,0x00007f98e3c00000)]

Stack: [0x00007f98e3b00000,0x00007f98e3c00000],  sp=0x00007f98e3bfe3a8,  free space=1016k
Native frames: (J=compiled Java code, A=aot compiled Java code, j=interpreted, Vv=VM code, C=native code)
C  [libLLVM-13.so+0xbede80]  llvm::BasicBlock::getModule() const+0x0

Java frames: (J=compiled Java code, j=interpreted, Vv=VM code)
j  org.bytedeco.llvm.global.LLVM.LLVMBuildLoad(Lorg/bytedeco/llvm/LLVM/LLVMBuilderRef;Lorg/bytedeco/llvm/LLVM/LLVMValueRef;Ljava/lang/String;)Lorg/bytedeco/llvm/LLVM/LLVMValueRef;+0
j  SysYLlvmVisitor.visitCompUnit(LSysYParser$CompUnitContext;)Lorg/bytedeco/llvm/LLVM/LLVMValueRef;+576
j  SysYLlvmVisitor.visitCompUnit(LSysYParser$CompUnitContext;)Ljava/lang/Object;+2
j  SysYParser$CompUnitContext.accept(Lorg/antlr/v4/runtime/tree/ParseTreeVisitor;)Ljava/lang/Object;+12
j  org.antlr.v4.runtime.tree.AbstractParseTreeVisitor.visitChildren(Lorg/antlr/v4/runtime/tree/RuleNode;)Ljava/lang/Object;+46
j  SysYParserBaseVisitor.visitProgram(LSysYParser$ProgramContext;)Ljava/lang/Object;+2
j  SysYParser$ProgramContext.accept(Lorg/antlr/v4/runtime/tree/ParseTreeVisitor;)Ljava/lang/Object;+12
j  org.antlr.v4.runtime.tree.AbstractParseTreeVisitor.visit(Lorg/antlr/v4/runtime/tree/ParseTree;)Ljava/lang/Object;+2
j  Main.main([Ljava/lang/String;)V+210
v  ~StubRoutines::call_stub

siginfo: si_signo: 11 (SIGSEGV), si_code: 1 (SEGV_MAPERR), si_addr: 0x0000000000000038

Register to memory mapping:

RAX=0x00007f98dc447310 points into unknown readable memory: 0x00007f98dc42ece0 | e0 ec 42 dc 98 7f 00 00
RBX=0x00007f98dc41e8b0 points into unknown readable memory: 0x00007f98dc447310 | 10 73 44 dc 98 7f 00 00
RCX=0x307272615f74726f is an unknown value
RDX=0x00007f98dc451240 points into unknown readable memory: 0x7272615f74726f73 | 73 6f 72 74 5f 61 72 72
RSP=0x00007f98e3bfe3a8 is pointing into the stack for thread: 0x00007f98dc016800
RBP=0x00007f98dc41e610 points into unknown readable memory: 0x00007f98dc41e620 | 20 e6 41 dc 98 7f 00 00
RSI=0x0000000000000101 is an unknown value
RDI=0x0 is NULL
R8 =0x00000000c673cc28 points into unknown readable memory: 0x7272615f74726f73 | 73 6f 72 74 5f 61 72 72
R9 =0x0000000000000002 is an unknown value
R10=0x00007f9881451700: <offset 0x0000000000051700> in /home/doudou/.javacpp/cache/llvm-13.0.1-1.5.7-linux-x86_64.jar/org/bytedeco/llvm/linux-x86_64/libLLVM-13.so at 0x00007f9881400000
R11=0x00007f988202c870: LLVMBuildLoad+0x0000000000000000 in /home/doudou/.javacpp/cache/llvm-13.0.1-1.5.7-linux-x86_64.jar/org/bytedeco/llvm/linux-x86_64/libLLVM-13.so at 0x00007f9881400000
R12=0x00007f98e3bfe500 is pointing into the stack for thread: 0x00007f98dc016800
R13=0x00007f98dc41e8b0 points into unknown readable memory: 0x00007f98dc447310 | 10 73 44 dc 98 7f 00 00
R14=0x00007f98dc4454c8 points into unknown readable memory: 0x00007f98dc42ece0 | e0 ec 42 dc 98 7f 00 00
R15=0x00007f98dc016800 is a thread


Registers:
RAX=0x00007f98dc447310, RBX=0x00007f98dc41e8b0, RCX=0x307272615f74726f, RDX=0x00007f98dc451240
RSP=0x00007f98e3bfe3a8, RBP=0x00007f98dc41e610, RSI=0x0000000000000101, RDI=0x0000000000000000
R8 =0x00000000c673cc28, R9 =0x0000000000000002, R10=0x00007f9881451700, R11=0x00007f988202c870
R12=0x00007f98e3bfe500, R13=0x00007f98dc41e8b0, R14=0x00007f98dc4454c8, R15=0x00007f98dc016800
RIP=0x00007f9881fede80, EFLAGS=0x0000000000010202, CSGSFS=0x002b000000000033, ERR=0x0000000000000004
  TRAPNO=0x000000000000000e

Top of Stack: (sp=0x00007f98e3bfe3a8)
0x00007f98e3bfe3a8:   00007f988202c8aa 00007f98dc451240
0x00007f98e3bfe3b8:   0000000000000000 cafebabecafebabe
0x00007f98e3bfe3c8:   0000000000000000 0000000000000103
0x00007f98e3bfe3d8:   0000000000000000 0000000000000000 

Instructions: (pc=0x00007f9881fede80)
0x00007f9881fedd80:   ff 66 0f ef c0 48 89 02 48 89 50 08 41 0f 11 45
0x00007f9881fedd90:   00 e8 5a 4b 17 00 4c 39 f3 75 c5 4d 8b 6c 24 30
0x00007f9881fedda0:   4c 39 ed 74 3b 0f 1f 00 4c 89 eb 48 89 ef 4d 8b
0x00007f9881feddb0:   6d 08 4c 8d 73 e8 4c 89 f6 e8 42 fd ff ff 48 8b
0x00007f9881feddc0:   03 48 8b 53 08 66 0f ef c9 4c 89 f7 48 89 02 48
0x00007f9881feddd0:   89 50 08 0f 11 0b e8 15 4b 17 00 4c 39 ed 75 c8
0x00007f9881fedde0:   48 83 c4 08 4c 89 e7 5b 5d 41 5c 41 5d 41 5e 41
0x00007f9881feddf0:   5f e9 fa 48 17 00 66 2e 0f 1f 84 00 00 00 00 00
0x00007f9881fede00:   48 8d 4b e8 48 89 c8 48 29 d0 e9 11 ff ff ff 90
0x00007f9881fede10:   48 8b 07 48 8b 38 e8 45 13 16 00 31 d2 be 01 00
0x00007f9881fede20:   00 00 48 89 c7 e8 b6 2a 02 00 48 89 c3 49 8b 44
0x00007f9881fede30:   24 08 48 85 c0 0f 84 a2 fe ff ff 0f 1f 44 00 00
0x00007f9881fede40:   48 8b 68 18 31 d2 48 89 df 48 8b 75 00 e8 ae bc
0x00007f9881fede50:   02 00 48 89 ef 48 89 c6 e8 63 65 17 00 48 89 ef
0x00007f9881fede60:   e8 4b 81 02 00 49 8b 44 24 08 48 85 c0 75 d1 e9
0x00007f9881fede70:   69 fe ff ff 66 2e 0f 1f 84 00 00 00 00 00 66 90
0x00007f9881fede80:   48 8b 47 38 48 8b 40 28 c3 0f 1f 80 00 00 00 00
0x00007f9881fede90:   48 8b 47 28 48 83 c7 28 48 39 f8 74 2b 48 85 c0
0x00007f9881fedea0:   0f 84 9e 9d d3 ff 4c 8d 40 e8 0f b6 40 f8 83 e8
0x00007f9881fedeb0:   1b 83 f8 0b b8 00 00 00 00 4c 0f 43 c0 4c 89 c0
0x00007f9881fedec0:   c3 0f 1f 80 00 00 00 00 45 31 c0 eb f0 0f 1f 00
0x00007f9881feded0:   48 8b 47 28 48 8d 57 28 48 39 d0 0f 84 af 00 00
0x00007f9881fedee0:   00 48 85 c0 0f 84 64 9d d3 ff 45 31 c0 80 78 f8
0x00007f9881fedef0:   1b 75 23 48 8b 57 30 48 8d 48 e8 48 85 d2 74 09
0x00007f9881fedf00:   48 83 ea 18 48 39 d1 74 0d 48 8b 50 10 45 31 c0
0x00007f9881fedf10:   48 39 42 30 75 0a 4c 89 c0 c3 66 0f 1f 44 00 00
0x00007f9881fedf20:   4c 8b 00 4d 85 c0 74 ee 8b 50 fc 49 8d 48 e8 81
0x00007f9881fedf30:   e2 ff ff ff 07 74 3e 89 d2 48 f7 da 48 c1 e2 05
0x00007f9881fedf40:   48 8b 44 10 e8 48 85 c0 74 2b 48 39 c1 75 41 41
0x00007f9881fedf50:   80 78 f8 4b 75 1f 49 8b 40 10 4c 39 40 30 74 30
0x00007f9881fedf60:   49 8b 48 c8 4d 8b 00 4d 85 c0 74 aa 49 83 e8 18
0x00007f9881fedf70:   4c 39 c1 75 1b 45 31 c0 80 79 10 52 75 98 0f b7 


Stack slot to memory mapping:
stack at sp + 0 slots: 0x00007f988202c8aa: LLVMBuildLoad+0x000000000000003a in /home/doudou/.javacpp/cache/llvm-13.0.1-1.5.7-linux-x86_64.jar/org/bytedeco/llvm/linux-x86_64/libLLVM-13.so at 0x00007f9881400000
stack at sp + 1 slots: 0x00007f98dc451240 points into unknown readable memory: 0x7272615f74726f73 | 73 6f 72 74 5f 61 72 72
stack at sp + 2 slots: 0x0 is NULL
stack at sp + 3 slots: 0xcafebabecafebabe is an unknown value
stack at sp + 4 slots: 0x0 is NULL
stack at sp + 5 slots: 0x0000000000000103 is an unknown value
stack at sp + 6 slots: 0x0 is NULL
stack at sp + 7 slots: 0x0 is NULL


---------------  P R O C E S S  ---------------

Threads class SMR info:
_java_thread_list=0x00007f98dc2335b0, length=11, elements={
0x00007f98dc016800, 0x00007f98dc120000, 0x00007f98dc12a000, 0x00007f98dc130800,
0x00007f98dc132800, 0x00007f98dc134800, 0x00007f98dc137000, 0x00007f98dc139000,
0x00007f98dc14e800, 0x00007f98dc214800, 0x00007f98dc22f000
}

Java Threads: ( => current thread )
=>0x00007f98dc016800 JavaThread "main" [_thread_in_native, id=21979, stack(0x00007f98e3b00000,0x00007f98e3c00000)]
  0x00007f98dc120000 JavaThread "Reference Handler" daemon [_thread_blocked, id=21986, stack(0x00007f98c4500000,0x00007f98c4600000)]
  0x00007f98dc12a000 JavaThread "Finalizer" daemon [_thread_blocked, id=21987, stack(0x00007f98c4400000,0x00007f98c4500000)]
  0x00007f98dc130800 JavaThread "Signal Dispatcher" daemon [_thread_blocked, id=21988, stack(0x00007f98c4300000,0x00007f98c4400000)]
  0x00007f98dc132800 JavaThread "Service Thread" daemon [_thread_blocked, id=21989, stack(0x00007f98c4200000,0x00007f98c4300000)]
  0x00007f98dc134800 JavaThread "C2 CompilerThread0" daemon [_thread_blocked, id=21990, stack(0x00007f98c4100000,0x00007f98c4200000)]
  0x00007f98dc137000 JavaThread "C1 CompilerThread0" daemon [_thread_blocked, id=21991, stack(0x00007f98c4000000,0x00007f98c4100000)]
  0x00007f98dc139000 JavaThread "Sweeper thread" daemon [_thread_blocked, id=21992, stack(0x00007f98b5100000,0x00007f98b5200000)]
  0x00007f98dc14e800 JavaThread "Common-Cleaner" daemon [_thread_blocked, id=21993, stack(0x00007f98b5000000,0x00007f98b5100000)]
  0x00007f98dc214800 JavaThread "Monitor Ctrl-Break" daemon [_thread_in_native, id=21994, stack(0x00007f98b4f00000,0x00007f98b5000000)]
  0x00007f98dc22f000 JavaThread "JavaCPP Deallocator" daemon [_thread_blocked, id=21996, stack(0x00007f98b4cfe000,0x00007f98b4dfe000)]

Other Threads:
  0x00007f98dc11d000 VMThread "VM Thread" [stack: 0x00007f98dbf00000,0x00007f98dc000000] [id=21985]
  0x00007f98dc216000 WatcherThread [stack: 0x00007f98b4e00000,0x00007f98b4f00000] [id=21995]
  0x00007f98dc02f800 GCTaskThread "GC Thread#0" [stack: 0x00007f98e352a000,0x00007f98e362a000] [id=21980]
  0x00007f98ac001000 GCTaskThread "GC Thread#1" [stack: 0x00007f98b4bfe000,0x00007f98b4cfe000] [id=21997]
  0x00007f98dc04a800 ConcurrentGCThread "G1 Main Marker" [stack: 0x00007f98e0ddb000,0x00007f98e0edb000] [id=21981]
  0x00007f98dc04c800 ConcurrentGCThread "G1 Conc#0" [stack: 0x00007f98e0cd9000,0x00007f98e0dd9000] [id=21982]
  0x00007f98dc087800 ConcurrentGCThread "G1 Refine#0" [stack: 0x00007f98e09d5000,0x00007f98e0ad5000] [id=21983]
  0x00007f98dc089800 ConcurrentGCThread "G1 Young RemSet Sampling" [stack: 0x00007f98e08d3000,0x00007f98e09d3000] [id=21984]

Threads with active compile tasks:

VM state:not at safepoint (normal execution)

VM Mutex/Monitor currently owned by a thread: None

Heap address: 0x00000000c2e00000, size: 978 MB, Compressed Oops mode: 32-bit
Narrow klass base: 0x0000000800000000, Narrow klass shift: 3
Compressed class space size: 1073741824 Address: 0x0000000840000000

Heap:
 garbage-first heap   total 65536K, used 6448K [0x00000000c2e00000, 0x0000000100000000)
  region size 1024K, 6 young (6144K), 1 survivors (1024K)
 Metaspace       used 4101K, capacity 6630K, committed 6912K, reserved 1056768K
  class space    used 444K, capacity 701K, committed 768K, reserved 1048576K
Heap Regions: E=young(eden), S=young(survivor), O=old, HS=humongous(starts), HC=humongous(continues), CS=collection set, F=free, A=archive, TAMS=top-at-mark-start (previous, next)
|   0|0x00000000c2e00000, 0x00000000c2e9a000, 0x00000000c2f00000| 60%| O|  |TAMS 0x00000000c2e00000, 0x00000000c2e00000| Untracked 
|   1|0x00000000c2f00000, 0x00000000c2f00000, 0x00000000c3000000|  0%| F|  |TAMS 0x00000000c2f00000, 0x00000000c2f00000| Untracked 
|   2|0x00000000c3000000, 0x00000000c3000000, 0x00000000c3100000|  0%| F|  |TAMS 0x00000000c3000000, 0x00000000c3000000| Untracked 
|   3|0x00000000c3100000, 0x00000000c3100000, 0x00000000c3200000|  0%| F|  |TAMS 0x00000000c3100000, 0x00000000c3100000| Untracked 
|   4|0x00000000c3200000, 0x00000000c3200000, 0x00000000c3300000|  0%| F|  |TAMS 0x00000000c3200000, 0x00000000c3200000| Untracked 
|   5|0x00000000c3300000, 0x00000000c3300000, 0x00000000c3400000|  0%| F|  |TAMS 0x00000000c3300000, 0x00000000c3300000| Untracked 
|   6|0x00000000c3400000, 0x00000000c3400000, 0x00000000c3500000|  0%| F|  |TAMS 0x00000000c3400000, 0x00000000c3400000| Untracked 
|   7|0x00000000c3500000, 0x00000000c3500000, 0x00000000c3600000|  0%| F|  |TAMS 0x00000000c3500000, 0x00000000c3500000| Untracked 
|   8|0x00000000c3600000, 0x00000000c3600000, 0x00000000c3700000|  0%| F|  |TAMS 0x00000000c3600000, 0x00000000c3600000| Untracked 
|   9|0x00000000c3700000, 0x00000000c3700000, 0x00000000c3800000|  0%| F|  |TAMS 0x00000000c3700000, 0x00000000c3700000| Untracked 
|  10|0x00000000c3800000, 0x00000000c3800000, 0x00000000c3900000|  0%| F|  |TAMS 0x00000000c3800000, 0x00000000c3800000| Untracked 
|  11|0x00000000c3900000, 0x00000000c3900000, 0x00000000c3a00000|  0%| F|  |TAMS 0x00000000c3900000, 0x00000000c3900000| Untracked 
|  12|0x00000000c3a00000, 0x00000000c3a00000, 0x00000000c3b00000|  0%| F|  |TAMS 0x00000000c3a00000, 0x00000000c3a00000| Untracked 
|  13|0x00000000c3b00000, 0x00000000c3b00000, 0x00000000c3c00000|  0%| F|  |TAMS 0x00000000c3b00000, 0x00000000c3b00000| Untracked 
|  14|0x00000000c3c00000, 0x00000000c3c00000, 0x00000000c3d00000|  0%| F|  |TAMS 0x00000000c3c00000, 0x00000000c3c00000| Untracked 
|  15|0x00000000c3d00000, 0x00000000c3d00000, 0x00000000c3e00000|  0%| F|  |TAMS 0x00000000c3d00000, 0x00000000c3d00000| Untracked 
|  16|0x00000000c3e00000, 0x00000000c3e00000, 0x00000000c3f00000|  0%| F|  |TAMS 0x00000000c3e00000, 0x00000000c3e00000| Untracked 
|  17|0x00000000c3f00000, 0x00000000c3f00000, 0x00000000c4000000|  0%| F|  |TAMS 0x00000000c3f00000, 0x00000000c3f00000| Untracked 
|  18|0x00000000c4000000, 0x00000000c4000000, 0x00000000c4100000|  0%| F|  |TAMS 0x00000000c4000000, 0x00000000c4000000| Untracked 
|  19|0x00000000c4100000, 0x00000000c4100000, 0x00000000c4200000|  0%| F|  |TAMS 0x00000000c4100000, 0x00000000c4100000| Untracked 
|  20|0x00000000c4200000, 0x00000000c4200000, 0x00000000c4300000|  0%| F|  |TAMS 0x00000000c4200000, 0x00000000c4200000| Untracked 
|  21|0x00000000c4300000, 0x00000000c4300000, 0x00000000c4400000|  0%| F|  |TAMS 0x00000000c4300000, 0x00000000c4300000| Untracked 
|  22|0x00000000c4400000, 0x00000000c4400000, 0x00000000c4500000|  0%| F|  |TAMS 0x00000000c4400000, 0x00000000c4400000| Untracked 
|  23|0x00000000c4500000, 0x00000000c4500000, 0x00000000c4600000|  0%| F|  |TAMS 0x00000000c4500000, 0x00000000c4500000| Untracked 
|  24|0x00000000c4600000, 0x00000000c4600000, 0x00000000c4700000|  0%| F|  |TAMS 0x00000000c4600000, 0x00000000c4600000| Untracked 
|  25|0x00000000c4700000, 0x00000000c4700000, 0x00000000c4800000|  0%| F|  |TAMS 0x00000000c4700000, 0x00000000c4700000| Untracked 
|  26|0x00000000c4800000, 0x00000000c4800000, 0x00000000c4900000|  0%| F|  |TAMS 0x00000000c4800000, 0x00000000c4800000| Untracked 
|  27|0x00000000c4900000, 0x00000000c4900000, 0x00000000c4a00000|  0%| F|  |TAMS 0x00000000c4900000, 0x00000000c4900000| Untracked 
|  28|0x00000000c4a00000, 0x00000000c4a00000, 0x00000000c4b00000|  0%| F|  |TAMS 0x00000000c4a00000, 0x00000000c4a00000| Untracked 
|  29|0x00000000c4b00000, 0x00000000c4b00000, 0x00000000c4c00000|  0%| F|  |TAMS 0x00000000c4b00000, 0x00000000c4b00000| Untracked 
|  30|0x00000000c4c00000, 0x00000000c4c00000, 0x00000000c4d00000|  0%| F|  |TAMS 0x00000000c4c00000, 0x00000000c4c00000| Untracked 
|  31|0x00000000c4d00000, 0x00000000c4d00000, 0x00000000c4e00000|  0%| F|  |TAMS 0x00000000c4d00000, 0x00000000c4d00000| Untracked 
|  32|0x00000000c4e00000, 0x00000000c4e00000, 0x00000000c4f00000|  0%| F|  |TAMS 0x00000000c4e00000, 0x00000000c4e00000| Untracked 
|  33|0x00000000c4f00000, 0x00000000c4f00000, 0x00000000c5000000|  0%| F|  |TAMS 0x00000000c4f00000, 0x00000000c4f00000| Untracked 
|  34|0x00000000c5000000, 0x00000000c5000000, 0x00000000c5100000|  0%| F|  |TAMS 0x00000000c5000000, 0x00000000c5000000| Untracked 
|  35|0x00000000c5100000, 0x00000000c5100000, 0x00000000c5200000|  0%| F|  |TAMS 0x00000000c5100000, 0x00000000c5100000| Untracked 
|  36|0x00000000c5200000, 0x00000000c5200000, 0x00000000c5300000|  0%| F|  |TAMS 0x00000000c5200000, 0x00000000c5200000| Untracked 
|  37|0x00000000c5300000, 0x00000000c5300000, 0x00000000c5400000|  0%| F|  |TAMS 0x00000000c5300000, 0x00000000c5300000| Untracked 
|  38|0x00000000c5400000, 0x00000000c5400000, 0x00000000c5500000|  0%| F|  |TAMS 0x00000000c5400000, 0x00000000c5400000| Untracked 
|  39|0x00000000c5500000, 0x00000000c5500000, 0x00000000c5600000|  0%| F|  |TAMS 0x00000000c5500000, 0x00000000c5500000| Untracked 
|  40|0x00000000c5600000, 0x00000000c5600000, 0x00000000c5700000|  0%| F|  |TAMS 0x00000000c5600000, 0x00000000c5600000| Untracked 
|  41|0x00000000c5700000, 0x00000000c5700000, 0x00000000c5800000|  0%| F|  |TAMS 0x00000000c5700000, 0x00000000c5700000| Untracked 
|  42|0x00000000c5800000, 0x00000000c5800000, 0x00000000c5900000|  0%| F|  |TAMS 0x00000000c5800000, 0x00000000c5800000| Untracked 
|  43|0x00000000c5900000, 0x00000000c5900000, 0x00000000c5a00000|  0%| F|  |TAMS 0x00000000c5900000, 0x00000000c5900000| Untracked 
|  44|0x00000000c5a00000, 0x00000000c5a00000, 0x00000000c5b00000|  0%| F|  |TAMS 0x00000000c5a00000, 0x00000000c5a00000| Untracked 
|  45|0x00000000c5b00000, 0x00000000c5b00000, 0x00000000c5c00000|  0%| F|  |TAMS 0x00000000c5b00000, 0x00000000c5b00000| Untracked 
|  46|0x00000000c5c00000, 0x00000000c5c00000, 0x00000000c5d00000|  0%| F|  |TAMS 0x00000000c5c00000, 0x00000000c5c00000| Untracked 
|  47|0x00000000c5d00000, 0x00000000c5d00000, 0x00000000c5e00000|  0%| F|  |TAMS 0x00000000c5d00000, 0x00000000c5d00000| Untracked 
|  48|0x00000000c5e00000, 0x00000000c5e00000, 0x00000000c5f00000|  0%| F|  |TAMS 0x00000000c5e00000, 0x00000000c5e00000| Untracked 
|  49|0x00000000c5f00000, 0x00000000c5f00000, 0x00000000c6000000|  0%| F|  |TAMS 0x00000000c5f00000, 0x00000000c5f00000| Untracked 
|  50|0x00000000c6000000, 0x00000000c6000000, 0x00000000c6100000|  0%| F|  |TAMS 0x00000000c6000000, 0x00000000c6000000| Untracked 
|  51|0x00000000c6100000, 0x00000000c6100000, 0x00000000c6200000|  0%| F|  |TAMS 0x00000000c6100000, 0x00000000c6100000| Untracked 
|  52|0x00000000c6200000, 0x00000000c6200000, 0x00000000c6300000|  0%| F|  |TAMS 0x00000000c6200000, 0x00000000c6200000| Untracked 
|  53|0x00000000c6300000, 0x00000000c6300000, 0x00000000c6400000|  0%| F|  |TAMS 0x00000000c6300000, 0x00000000c6300000| Untracked 
|  54|0x00000000c6400000, 0x00000000c6500000, 0x00000000c6500000|100%| S|CS|TAMS 0x00000000c6400000, 0x00000000c6400000| Complete 
|  55|0x00000000c6500000, 0x00000000c6500000, 0x00000000c6600000|  0%| F|  |TAMS 0x00000000c6500000, 0x00000000c6500000| Untracked 
|  56|0x00000000c6600000, 0x00000000c6600000, 0x00000000c6700000|  0%| F|  |TAMS 0x00000000c6600000, 0x00000000c6600000| Untracked 
|  57|0x00000000c6700000, 0x00000000c6780810, 0x00000000c6800000| 50%| E|  |TAMS 0x00000000c6700000, 0x00000000c6700000| Complete 
|  58|0x00000000c6800000, 0x00000000c6900000, 0x00000000c6900000|100%| E|CS|TAMS 0x00000000c6800000, 0x00000000c6800000| Complete 
|  59|0x00000000c6900000, 0x00000000c6a00000, 0x00000000c6a00000|100%| E|CS|TAMS 0x00000000c6900000, 0x00000000c6900000| Complete 
|  60|0x00000000c6a00000, 0x00000000c6b00000, 0x00000000c6b00000|100%| E|CS|TAMS 0x00000000c6a00000, 0x00000000c6a00000| Complete 
|  61|0x00000000c6b00000, 0x00000000c6c00000, 0x00000000c6c00000|100%| E|CS|TAMS 0x00000000c6b00000, 0x00000000c6b00000| Complete 
| 976|0x00000000ffe00000, 0x00000000ffe47000, 0x00000000fff00000| 27%|OA|  |TAMS 0x00000000ffe00000, 0x00000000ffe00000| Untracked 
| 977|0x00000000fff00000, 0x00000000fff6b000, 0x0000000100000000| 41%|CA|  |TAMS 0x00000000fff00000, 0x00000000fff00000| Untracked 

Card table byte_map: [0x00007f98e2f54000,0x00007f98e313d000] _byte_map_base: 0x00007f98e293d000

Marking Bits (Prev, Next): (CMBitMap*) 0x00007f98dc045b88, (CMBitMap*) 0x00007f98dc045bc0
 Prev Bits: [0x00007f98e1e23000, 0x00007f98e2d6b000)
 Next Bits: [0x00007f98e0edb000, 0x00007f98e1e23000)

Polling page: 0x00007f98e531f000

Metaspace:

Usage:
  Non-class:      5.79 MB capacity,     3.57 MB ( 62%) used,     2.21 MB ( 38%) free+waste,     7.56 KB ( <1%) overhead. 
      Class:    701.00 KB capacity,   444.40 KB ( 63%) used,   252.48 KB ( 36%) free+waste,     4.12 KB ( <1%) overhead. 
       Both:      6.47 MB capacity,     4.01 MB ( 62%) used,     2.46 MB ( 38%) free+waste,    11.69 KB ( <1%) overhead. 

Virtual space:
  Non-class space:        8.00 MB reserved,       6.00 MB ( 75%) committed 
      Class space:        1.00 GB reserved,     768.00 KB ( <1%) committed 
             Both:        1.01 GB reserved,       6.75 MB ( <1%) committed 

Chunk freelists:
   Non-Class:  19.00 KB
       Class:  3.00 KB
        Both:  22.00 KB

MaxMetaspaceSize: unlimited
CompressedClassSpaceSize: 1.00 GB
Initial GC threshold: 20.80 MB
Current GC threshold: 20.80 MB
CDS: on

CodeHeap 'non-profiled nmethods': size=120036Kb used=258Kb max_used=258Kb free=119777Kb
 bounds [0x00007f98cc0c7000, 0x00007f98cc337000, 0x00007f98d3600000]
CodeHeap 'profiled nmethods': size=120032Kb used=1451Kb max_used=1451Kb free=118580Kb
 bounds [0x00007f98c4b8f000, 0x00007f98c4dff000, 0x00007f98cc0c7000]
CodeHeap 'non-nmethods': size=5692Kb used=1158Kb max_used=1171Kb free=4533Kb
 bounds [0x00007f98c4600000, 0x00007f98c4870000, 0x00007f98c4b8f000]
 total_blobs=1259 nmethods=849 adapters=324
 compilation: enabled
              stopped_count=0, restarted_count=0
 full_count=0

Compilation events (20 events):
Event: 1.374 Thread 0x00007f98dc134800  833       4       java.lang.StringLatin1::charAt (28 bytes)
Event: 1.375 Thread 0x00007f98dc137000 nmethod 838 0x00007f98c4cf5d90 code [0x00007f98c4cf5fc0, 0x00007f98c4cf66d0]
Event: 1.375 Thread 0x00007f98dc137000  841       3       java.lang.invoke.LambdaForm$NamedFunction::returnType (11 bytes)
Event: 1.375 Thread 0x00007f98dc134800 nmethod 833 0x00007f98cc107290 code [0x00007f98cc107420, 0x00007f98cc107498]
Event: 1.375 Thread 0x00007f98dc137000 nmethod 841 0x00007f98c4cf6910 code [0x00007f98c4cf6b20, 0x00007f98c4cf6fa0]
Event: 1.376 Thread 0x00007f98dc134800  842       4       java.lang.String::isLatin1 (19 bytes)
Event: 1.376 Thread 0x00007f98dc137000  843       3       jdk.internal.org.objectweb.asm.Type::getType (269 bytes)
Event: 1.376 Thread 0x00007f98dc134800 nmethod 842 0x00007f98cc107590 code [0x00007f98cc107720, 0x00007f98cc107798]
Event: 1.376 Thread 0x00007f98dc137000 nmethod 843 0x00007f98c4cf7190 code [0x00007f98c4cf73e0, 0x00007f98c4cf8010]
Event: 1.376 Thread 0x00007f98dc137000  844       3       jdk.internal.org.objectweb.asm.Type::getDescriptor (87 bytes)
Event: 1.377 Thread 0x00007f98dc137000 nmethod 844 0x00007f98c4cf8310 code [0x00007f98c4cf8540, 0x00007f98c4cf8a40]
Event: 1.377 Thread 0x00007f98dc137000  845       3       java.lang.invoke.MethodType::erase (8 bytes)
Event: 1.377 Thread 0x00007f98dc137000 nmethod 845 0x00007f98c4cf8c90 code [0x00007f98c4cf8e40, 0x00007f98c4cf8f70]
Event: 1.379 Thread 0x00007f98dc137000  846       3       java.lang.invoke.MethodType::parameterSlotCount (8 bytes)
Event: 1.379 Thread 0x00007f98dc137000 nmethod 846 0x00007f98c4cf9010 code [0x00007f98c4cf91c0, 0x00007f98c4cf93d0]
Event: 1.380 Thread 0x00007f98dc137000  847       3       java.lang.invoke.MethodTypeForm::parameterSlotCount (9 bytes)
Event: 1.380 Thread 0x00007f98dc137000 nmethod 847 0x00007f98c4cf9510 code [0x00007f98c4cf96c0, 0x00007f98c4cf9850]
Event: 1.380 Thread 0x00007f98dc137000  848       3       java.lang.invoke.MethodTypeForm::unpack (30 bytes)
Event: 1.380 Thread 0x00007f98dc137000 nmethod 848 0x00007f98c4cf9910 code [0x00007f98c4cf9ac0, 0x00007f98c4cf9bd0]
Event: 1.380 Thread 0x00007f98dc134800  849       4       java.lang.invoke.MethodType::parameterType (7 bytes)

GC Heap History (2 events):
Event: 0.819 GC heap before
{Heap before GC invocations=0 (full 0):
 garbage-first heap   total 65536K, used 7880K [0x00000000c2e00000, 0x0000000100000000)
  region size 1024K, 7 young (7168K), 0 survivors (0K)
 Metaspace       used 3142K, capacity 5908K, committed 6016K, reserved 1056768K
  class space    used 338K, capacity 586K, committed 640K, reserved 1048576K
}
Event: 0.839 GC heap after
{Heap after GC invocations=1 (full 0):
 garbage-first heap   total 65536K, used 2352K [0x00000000c2e00000, 0x0000000100000000)
  region size 1024K, 1 young (1024K), 1 survivors (1024K)
 Metaspace       used 3142K, capacity 5908K, committed 6016K, reserved 1056768K
  class space    used 338K, capacity 586K, committed 640K, reserved 1048576K
}

Deoptimization events (20 events):
Event: 1.088 Thread 0x00007f98dc016800 DEOPT PACKING pc=0x00007f98c4c0eac2 sp=0x00007f98e3bfd4d0
Event: 1.088 Thread 0x00007f98dc016800 DEOPT UNPACKING pc=0x00007f98c46499fa sp=0x00007f98e3bfc958 mode 0
Event: 1.095 Thread 0x00007f98dc016800 DEOPT PACKING pc=0x00007f98c4bc924f sp=0x00007f98e3bfd480
Event: 1.095 Thread 0x00007f98dc016800 DEOPT UNPACKING pc=0x00007f98c46499fa sp=0x00007f98e3bfc928 mode 0
Event: 1.329 Thread 0x00007f98dc016800 Uncommon trap: trap_request=0xffffffc6 fr.pc=0x00007f98cc0d1124 relative=0x0000000000000084
Event: 1.329 Thread 0x00007f98dc016800 Uncommon trap: reason=bimorphic_or_optimized_type_check action=maybe_recompile pc=0x00007f98cc0d1124 method=java.util.AbstractCollection.isEmpty()Z @ 1 c2
Event: 1.329 Thread 0x00007f98dc016800 DEOPT PACKING pc=0x00007f98cc0d1124 sp=0x00007f98e3bfd380
Event: 1.329 Thread 0x00007f98dc016800 DEOPT UNPACKING pc=0x00007f98c46082a5 sp=0x00007f98e3bfd330 mode 2
Event: 1.329 Thread 0x00007f98dc016800 Uncommon trap: trap_request=0xffffffc6 fr.pc=0x00007f98cc0d1124 relative=0x0000000000000084
Event: 1.329 Thread 0x00007f98dc016800 Uncommon trap: reason=bimorphic_or_optimized_type_check action=maybe_recompile pc=0x00007f98cc0d1124 method=java.util.AbstractCollection.isEmpty()Z @ 1 c2
Event: 1.329 Thread 0x00007f98dc016800 DEOPT PACKING pc=0x00007f98cc0d1124 sp=0x00007f98e3bfd550
Event: 1.329 Thread 0x00007f98dc016800 DEOPT UNPACKING pc=0x00007f98c46082a5 sp=0x00007f98e3bfd500 mode 2
Event: 1.332 Thread 0x00007f98dc016800 Uncommon trap: trap_request=0xffffffc6 fr.pc=0x00007f98cc0d1124 relative=0x0000000000000084
Event: 1.332 Thread 0x00007f98dc016800 Uncommon trap: reason=bimorphic_or_optimized_type_check action=maybe_recompile pc=0x00007f98cc0d1124 method=java.util.AbstractCollection.isEmpty()Z @ 1 c2
Event: 1.332 Thread 0x00007f98dc016800 DEOPT PACKING pc=0x00007f98cc0d1124 sp=0x00007f98e3bfd380
Event: 1.332 Thread 0x00007f98dc016800 DEOPT UNPACKING pc=0x00007f98c46082a5 sp=0x00007f98e3bfd330 mode 2
Event: 1.332 Thread 0x00007f98dc016800 Uncommon trap: trap_request=0xffffffc6 fr.pc=0x00007f98cc0d1124 relative=0x0000000000000084
Event: 1.332 Thread 0x00007f98dc016800 Uncommon trap: reason=bimorphic_or_optimized_type_check action=maybe_recompile pc=0x00007f98cc0d1124 method=java.util.AbstractCollection.isEmpty()Z @ 1 c2
Event: 1.332 Thread 0x00007f98dc016800 DEOPT PACKING pc=0x00007f98cc0d1124 sp=0x00007f98e3bfd550
Event: 1.332 Thread 0x00007f98dc016800 DEOPT UNPACKING pc=0x00007f98c46082a5 sp=0x00007f98e3bfd500 mode 2

Classes redefined (0 events):
No events

Internal exceptions (20 events):
Event: 0.276 Thread 0x00007f98dc016800 Exception <a 'java/security/PrivilegedActionException'{0x00000000c6ae25e0}> (0x00000000c6ae25e0) thrown at [./src/hotspot/share/prims/jvm.cpp, line 1304]
Event: 0.276 Thread 0x00007f98dc016800 Exception <a 'java/security/PrivilegedActionException'{0x00000000c6ae28b0}> (0x00000000c6ae28b0) thrown at [./src/hotspot/share/prims/jvm.cpp, line 1304]
Event: 0.277 Thread 0x00007f98dc016800 Exception <a 'java/security/PrivilegedActionException'{0x00000000c6ae3238}> (0x00000000c6ae3238) thrown at [./src/hotspot/share/prims/jvm.cpp, line 1304]
Event: 0.277 Thread 0x00007f98dc016800 Exception <a 'java/security/PrivilegedActionException'{0x00000000c6ae3508}> (0x00000000c6ae3508) thrown at [./src/hotspot/share/prims/jvm.cpp, line 1304]
Event: 0.277 Thread 0x00007f98dc016800 Exception <a 'java/security/PrivilegedActionException'{0x00000000c6ae3e90}> (0x00000000c6ae3e90) thrown at [./src/hotspot/share/prims/jvm.cpp, line 1304]
Event: 0.277 Thread 0x00007f98dc016800 Exception <a 'java/security/PrivilegedActionException'{0x00000000c6ae4160}> (0x00000000c6ae4160) thrown at [./src/hotspot/share/prims/jvm.cpp, line 1304]
Event: 0.277 Thread 0x00007f98dc016800 Exception <a 'java/security/PrivilegedActionException'{0x00000000c6ae4ae8}> (0x00000000c6ae4ae8) thrown at [./src/hotspot/share/prims/jvm.cpp, line 1304]
Event: 0.277 Thread 0x00007f98dc016800 Exception <a 'java/security/PrivilegedActionException'{0x00000000c6ae4db8}> (0x00000000c6ae4db8) thrown at [./src/hotspot/share/prims/jvm.cpp, line 1304]
Event: 0.277 Thread 0x00007f98dc016800 Exception <a 'java/security/PrivilegedActionException'{0x00000000c6ae5728}> (0x00000000c6ae5728) thrown at [./src/hotspot/share/prims/jvm.cpp, line 1304]
Event: 0.277 Thread 0x00007f98dc016800 Exception <a 'java/security/PrivilegedActionException'{0x00000000c6ae59f8}> (0x00000000c6ae59f8) thrown at [./src/hotspot/share/prims/jvm.cpp, line 1304]
Event: 0.277 Thread 0x00007f98dc016800 Exception <a 'java/security/PrivilegedActionException'{0x00000000c6ae6380}> (0x00000000c6ae6380) thrown at [./src/hotspot/share/prims/jvm.cpp, line 1304]
Event: 0.277 Thread 0x00007f98dc016800 Exception <a 'java/security/PrivilegedActionException'{0x00000000c6ae6650}> (0x00000000c6ae6650) thrown at [./src/hotspot/share/prims/jvm.cpp, line 1304]
Event: 0.349 Thread 0x00007f98dc016800 Exception <a 'java/lang/NoSuchMethodError'{0x00000000c69958f0}: 'int java.lang.invoke.DirectMethodHandle$Holder.invokeStaticInit(java.lang.Object, java.lang.Object, java.lang.Object, java.lang.Object)'> (0x00000000c69958f0) thrown at [./src/hotspot/share/interpreter/linkResolver.cpp, line 772]
Event: 0.355 Thread 0x00007f98dc016800 Exception <a 'java/lang/IncompatibleClassChangeError'{0x00000000c699f670}: Found class java.lang.Object, but interface was expected> (0x00000000c699f670) thrown at [./src/hotspot/share/interpreter/linkResolver.cpp, line 839]
Event: 0.356 Thread 0x00007f98dc016800 Exception <a 'java/lang/NoSuchMethodError'{0x00000000c69a2820}: 'void java.lang.invoke.DirectMethodHandle$Holder.invokeStaticInit(java.lang.Object, java.lang.Object)'> (0x00000000c69a2820) thrown at [./src/hotspot/share/interpreter/linkResolver.cpp, line 772]
Event: 0.358 Thread 0x00007f98dc016800 Exception <a 'java/lang/NoSuchMethodError'{0x00000000c69a7d10}: 'int java.lang.invoke.DirectMethodHandle$Holder.invokeStaticInit(java.lang.Object, java.lang.Object)'> (0x00000000c69a7d10) thrown at [./src/hotspot/share/interpreter/linkResolver.cpp, line 772]
Event: 1.361 Thread 0x00007f98dc016800 Exception <a 'java/lang/NoSuchMethodError'{0x00000000c68edcf0}: 'java.lang.Object java.lang.invoke.DirectMethodHandle$Holder.invokeStatic(java.lang.Object, java.lang.Object, java.lang.Object, java.lang.Object, java.lang.Object, java.lang.Object, java.lang.Object, java.lang.Object, java.lang.Object, java.lang.Object, java.lang.Object, int)'> (0x00000000c68edcf0) thrown at [./src/hotspot/share/interpreter/linkResolver.cpp, line 772]
Event: 1.367 Thread 0x00007f98dc016800 Exception <a 'java/lang/NoSuchMethodError'{0x00000000c670d7a0}: 'java.lang.Object java.lang.invoke.DirectMethodHandle$Holder.invokeStatic(java.lang.Object, java.lang.Object, java.lang.Object, java.lang.Object, java.lang.Object, java.lang.Object, java.lang.Object, java.lang.Object, java.lang.Object, java.lang.Object, java.lang.Object, int, int)'> (0x00000000c670d7a0) thrown at [./src/hotspot/share/interpreter/linkResolver.cpp, line 772]
Event: 1.369 Thread 0x00007f98dc016800 Exception <a 'java/lang/NoSuchMethodError'{0x00000000c672cb58}: 'java.lang.Object java.lang.invoke.DirectMethodHandle$Holder.invokeStatic(java.lang.Object, java.lang.Object, java.lang.Object, java.lang.Object, java.lang.Object, java.lang.Object, java.lang.Object, java.lang.Object, java.lang.Object, java.lang.Object, java.lang.Object, int, int, java.lang.Object)'> (0x00000000c672cb58) thrown at [./src/hotspot/share/interpreter/linkResolver.cpp, line 772]
Event: 1.375 Thread 0x00007f98dc016800 Exception <a 'java/lang/NoSuchMethodError'{0x00000000c6738db0}: 'java.lang.Object java.lang.invoke.Invokers$Holder.linkToTargetMethod(java.lang.Object, int, java.lang.Object)'> (0x00000000c6738db0) thrown at [./src/hotspot/share/interpreter/linkResolver.cpp, line 772]

Events (20 events):
Event: 1.327 loading class java/lang/invoke/BoundMethodHandle$Species_LL
Event: 1.328 loading class java/lang/invoke/BoundMethodHandle$Species_LL done
Event: 1.332 loading class java/lang/invoke/BoundMethodHandle$Species_LLL
Event: 1.332 loading class java/lang/invoke/BoundMethodHandle$Species_LLL done
Event: 1.335 loading class java/lang/invoke/BoundMethodHandle$Species_LLLL
Event: 1.335 loading class java/lang/invoke/BoundMethodHandle$Species_LLLL done
Event: 1.341 loading class java/lang/invoke/BoundMethodHandle$Species_LLLLL
Event: 1.341 loading class java/lang/invoke/BoundMethodHandle$Species_LLLLL done
Event: 1.347 loading class java/lang/invoke/BoundMethodHandle$Species_LLLLLL
Event: 1.347 loading class java/lang/invoke/BoundMethodHandle$Species_LLLLLL done
Event: 1.352 loading class java/lang/invoke/BoundMethodHandle$Species_LLLLLLL
Event: 1.352 loading class java/lang/invoke/BoundMethodHandle$Species_LLLLLLL done
Event: 1.358 loading class java/lang/invoke/BoundMethodHandle$Species_LLLLLLLL
Event: 1.358 loading class java/lang/invoke/BoundMethodHandle$Species_LLLLLLLL done
Event: 1.360 loading class java/lang/invoke/BoundMethodHandle$Species_LLLLLLLLI
Event: 1.360 loading class java/lang/invoke/BoundMethodHandle$Species_LLLLLLLLI done
Event: 1.366 loading class java/lang/invoke/BoundMethodHandle$Species_LLLLLLLLII
Event: 1.366 loading class java/lang/invoke/BoundMethodHandle$Species_LLLLLLLLII done
Event: 1.368 loading class java/lang/invoke/BoundMethodHandle$Species_LLLLLLLLIIL
Event: 1.368 loading class java/lang/invoke/BoundMethodHandle$Species_LLLLLLLLIIL done


Dynamic libraries:
c2e00000-c6c00000 rw-p 00000000 00:00 0 
c6c00000-ffe00000 ---p 00000000 00:00 0 
ffe00000-ffe47000 rw-p 00b0a000 08:03 1060156                            /usr/lib/jvm/java-11-openjdk-amd64/lib/server/classes.jsa
ffe47000-fff00000 rw-p 00000000 00:00 0 
fff00000-fff6b000 rw-p 00a9f000 08:03 1060156                            /usr/lib/jvm/java-11-openjdk-amd64/lib/server/classes.jsa
fff6b000-100000000 rw-p 00000000 00:00 0 
800000000-800002000 rwxp 00001000 08:03 1060156                          /usr/lib/jvm/java-11-openjdk-amd64/lib/server/classes.jsa
800002000-8003cc000 rw-p 00003000 08:03 1060156                          /usr/lib/jvm/java-11-openjdk-amd64/lib/server/classes.jsa
8003cc000-800a9d000 r--p 003cd000 08:03 1060156                          /usr/lib/jvm/java-11-openjdk-amd64/lib/server/classes.jsa
800a9d000-800a9e000 rw-p 00a9e000 08:03 1060156                          /usr/lib/jvm/java-11-openjdk-amd64/lib/server/classes.jsa
840000000-8400c0000 rw-p 00000000 00:00 0 
8400c0000-880000000 ---p 00000000 00:00 0 
560654c89000-560654c8a000 r--p 00000000 08:03 1058673                    /usr/lib/jvm/java-11-openjdk-amd64/bin/java
560654c8a000-560654c8b000 r-xp 00001000 08:03 1058673                    /usr/lib/jvm/java-11-openjdk-amd64/bin/java
560654c8b000-560654c8c000 r--p 00002000 08:03 1058673                    /usr/lib/jvm/java-11-openjdk-amd64/bin/java
560654c8c000-560654c8d000 r--p 00002000 08:03 1058673                    /usr/lib/jvm/java-11-openjdk-amd64/bin/java
560654c8d000-560654c8e000 rw-p 00003000 08:03 1058673                    /usr/lib/jvm/java-11-openjdk-amd64/bin/java
56065603f000-560656081000 rw-p 00000000 00:00 0                          [heap]
7f9881400000-7f9881d26000 r--p 00000000 08:03 1579535                    /home/doudou/.javacpp/cache/llvm-13.0.1-1.5.7-linux-x86_64.jar/org/bytedeco/llvm/linux-x86_64/libLLVM-13.so
7f9881d26000-7f98856e9000 r-xp 00926000 08:03 1579535                    /home/doudou/.javacpp/cache/llvm-13.0.1-1.5.7-linux-x86_64.jar/org/bytedeco/llvm/linux-x86_64/libLLVM-13.so
7f98856e9000-7f988793e000 r--p 042e9000 08:03 1579535                    /home/doudou/.javacpp/cache/llvm-13.0.1-1.5.7-linux-x86_64.jar/org/bytedeco/llvm/linux-x86_64/libLLVM-13.so
7f988793e000-7f9887e53000 r--p 0653d000 08:03 1579535                    /home/doudou/.javacpp/cache/llvm-13.0.1-1.5.7-linux-x86_64.jar/org/bytedeco/llvm/linux-x86_64/libLLVM-13.so
7f9887e53000-7f9887e5e000 rw-p 06a52000 08:03 1579535                    /home/doudou/.javacpp/cache/llvm-13.0.1-1.5.7-linux-x86_64.jar/org/bytedeco/llvm/linux-x86_64/libLLVM-13.so
7f9887e5e000-7f9887ed4000 rw-p 00000000 00:00 0 
7f9888000000-7f9888021000 rw-p 00000000 00:00 0 
7f9888021000-7f988c000000 ---p 00000000 00:00 0 
7f988c000000-7f988c021000 rw-p 00000000 00:00 0 
7f988c021000-7f9890000000 ---p 00000000 00:00 0 
7f9890000000-7f9890375000 rw-p 00000000 00:00 0 
7f9890375000-7f9894000000 ---p 00000000 00:00 0 
7f9894000000-7f9894313000 rw-p 00000000 00:00 0 
7f9894313000-7f9898000000 ---p 00000000 00:00 0 
7f9898000000-7f9898021000 rw-p 00000000 00:00 0 
7f9898021000-7f989c000000 ---p 00000000 00:00 0 
7f989c000000-7f989c021000 rw-p 00000000 00:00 0 
7f989c021000-7f98a0000000 ---p 00000000 00:00 0 
7f98a0000000-7f98a0021000 rw-p 00000000 00:00 0 
7f98a0021000-7f98a4000000 ---p 00000000 00:00 0 
7f98a4000000-7f98a4021000 rw-p 00000000 00:00 0 
7f98a4021000-7f98a8000000 ---p 00000000 00:00 0 
7f98a8000000-7f98a8021000 rw-p 00000000 00:00 0 
7f98a8021000-7f98ac000000 ---p 00000000 00:00 0 
7f98ac000000-7f98ac021000 rw-p 00000000 00:00 0 
7f98ac021000-7f98b0000000 ---p 00000000 00:00 0 
7f98b0000000-7f98b0021000 rw-p 00000000 00:00 0 
7f98b0021000-7f98b4000000 ---p 00000000 00:00 0 
7f98b4af6000-7f98b4b5b000 r--p 00000000 08:03 1579540                    /home/doudou/.javacpp/cache/llvm-13.0.1-1.5.7-linux-x86_64.jar/org/bytedeco/llvm/linux-x86_64/libjniLLVM.so
7f98b4b5b000-7f98b4bc9000 r-xp 00065000 08:03 1579540                    /home/doudou/.javacpp/cache/llvm-13.0.1-1.5.7-linux-x86_64.jar/org/bytedeco/llvm/linux-x86_64/libjniLLVM.so
7f98b4bc9000-7f98b4bf4000 r--p 000d3000 08:03 1579540                    /home/doudou/.javacpp/cache/llvm-13.0.1-1.5.7-linux-x86_64.jar/org/bytedeco/llvm/linux-x86_64/libjniLLVM.so
7f98b4bf4000-7f98b4bf7000 r--p 000fd000 08:03 1579540                    /home/doudou/.javacpp/cache/llvm-13.0.1-1.5.7-linux-x86_64.jar/org/bytedeco/llvm/linux-x86_64/libjniLLVM.so
7f98b4bf7000-7f98b4bfa000 rw-p 00100000 08:03 1579540                    /home/doudou/.javacpp/cache/llvm-13.0.1-1.5.7-linux-x86_64.jar/org/bytedeco/llvm/linux-x86_64/libjniLLVM.so
7f98b4bfa000-7f98b4bfc000 rw-p 00000000 00:00 0 
7f98b4bfc000-7f98b4bfd000 ---p 00000000 00:00 0 
7f98b4bfd000-7f98b4cfe000 rw-p 00000000 00:00 0 
7f98b4cfe000-7f98b4d02000 ---p 00000000 00:00 0 
7f98b4d02000-7f98b4dfe000 rw-p 00000000 00:00 0 
7f98b4dfe000-7f98b4dff000 ---p 00000000 00:00 0 
7f98b4dff000-7f98b4f00000 rw-p 00000000 00:00 0 
7f98b4f00000-7f98b4f04000 ---p 00000000 00:00 0 
7f98b4f04000-7f98b5000000 rw-p 00000000 00:00 0 
7f98b5000000-7f98b5004000 ---p 00000000 00:00 0 
7f98b5004000-7f98b5100000 rw-p 00000000 00:00 0 
7f98b5100000-7f98b5104000 ---p 00000000 00:00 0 
7f98b5104000-7f98b5200000 rw-p 00000000 00:00 0 
7f98b5200000-7f98b5fe7000 r--p 00000000 08:03 534858                     /usr/lib/locale/locale-archive
7f98b6000000-7f98b8000000 rw-p 00000000 00:00 0 
7f98b8000000-7f98b8021000 rw-p 00000000 00:00 0 
7f98b8021000-7f98bc000000 ---p 00000000 00:00 0 
7f98bc000000-7f98bc021000 rw-p 00000000 00:00 0 
7f98bc021000-7f98c0000000 ---p 00000000 00:00 0 
7f98c0000000-7f98c0021000 rw-p 00000000 00:00 0 
7f98c0021000-7f98c4000000 ---p 00000000 00:00 0 
7f98c4000000-7f98c4004000 ---p 00000000 00:00 0 
7f98c4004000-7f98c4100000 rw-p 00000000 00:00 0 
7f98c4100000-7f98c4104000 ---p 00000000 00:00 0 
7f98c4104000-7f98c4200000 rw-p 00000000 00:00 0 
7f98c4200000-7f98c4204000 ---p 00000000 00:00 0 
7f98c4204000-7f98c4300000 rw-p 00000000 00:00 0 
7f98c4300000-7f98c4304000 ---p 00000000 00:00 0 
7f98c4304000-7f98c4400000 rw-p 00000000 00:00 0 
7f98c4400000-7f98c4404000 ---p 00000000 00:00 0 
7f98c4404000-7f98c4500000 rw-p 00000000 00:00 0 
7f98c4500000-7f98c4504000 ---p 00000000 00:00 0 
7f98c4504000-7f98c4600000 rw-p 00000000 00:00 0 
7f98c4600000-7f98c4870000 rwxp 00000000 00:00 0 
7f98c4870000-7f98c4b8f000 ---p 00000000 00:00 0 
7f98c4b8f000-7f98c4dff000 rwxp 00000000 00:00 0 
7f98c4dff000-7f98cc0c7000 ---p 00000000 00:00 0 
7f98cc0c7000-7f98cc337000 rwxp 00000000 00:00 0 
7f98cc337000-7f98d3600000 ---p 00000000 00:00 0 
7f98d3600000-7f98dbe0b000 r--s 00000000 08:03 1058832                    /usr/lib/jvm/java-11-openjdk-amd64/lib/modules
7f98dbefe000-7f98dbeff000 ---p 00000000 00:00 0 
7f98dbeff000-7f98dc000000 rw-p 00000000 00:00 0 
7f98dc000000-7f98dc453000 rw-p 00000000 00:00 0 
7f98dc453000-7f98e0000000 ---p 00000000 00:00 0 
7f98e0050000-7f98e06d1000 rw-p 00000000 00:00 0 
7f98e06d1000-7f98e08d1000 ---p 00000000 00:00 0 
7f98e08d1000-7f98e08d2000 ---p 00000000 00:00 0 
7f98e08d2000-7f98e09d3000 rw-p 00000000 00:00 0 
7f98e09d3000-7f98e09d4000 ---p 00000000 00:00 0 
7f98e09d4000-7f98e0cd7000 rw-p 00000000 00:00 0 
7f98e0cd7000-7f98e0cd8000 ---p 00000000 00:00 0 
7f98e0cd8000-7f98e0dd9000 rw-p 00000000 00:00 0 
7f98e0dd9000-7f98e0dda000 ---p 00000000 00:00 0 
7f98e0dda000-7f98e0fd3000 rw-p 00000000 00:00 0 
7f98e0fd3000-7f98e1e1b000 ---p 00000000 00:00 0 
7f98e1e1b000-7f98e1f1b000 rw-p 00000000 00:00 0 
7f98e1f1b000-7f98e2d63000 ---p 00000000 00:00 0 
7f98e2d63000-7f98e2d8a000 rw-p 00000000 00:00 0 
7f98e2d8a000-7f98e2f53000 ---p 00000000 00:00 0 
7f98e2f53000-7f98e2f73000 rw-p 00000000 00:00 0 
7f98e2f73000-7f98e313c000 ---p 00000000 00:00 0 
7f98e313c000-7f98e315c000 rw-p 00000000 00:00 0 
7f98e315c000-7f98e3325000 ---p 00000000 00:00 0 
7f98e3325000-7f98e3528000 rw-p 00000000 00:00 0 
7f98e3528000-7f98e3529000 ---p 00000000 00:00 0 
7f98e3529000-7f98e362f000 rw-p 00000000 00:00 0 
7f98e362f000-7f98e3715000 ---p 00000000 00:00 0 
7f98e3715000-7f98e371a000 rw-p 00000000 00:00 0 
7f98e371a000-7f98e3800000 ---p 00000000 00:00 0 
7f98e3800000-7f98e389a000 r--p 00000000 08:03 552221                     /usr/lib/x86_64-linux-gnu/libstdc++.so.6.0.30
7f98e389a000-7f98e39aa000 r-xp 0009a000 08:03 552221                     /usr/lib/x86_64-linux-gnu/libstdc++.so.6.0.30
7f98e39aa000-7f98e3a19000 r--p 001aa000 08:03 552221                     /usr/lib/x86_64-linux-gnu/libstdc++.so.6.0.30
7f98e3a19000-7f98e3a24000 r--p 00218000 08:03 552221                     /usr/lib/x86_64-linux-gnu/libstdc++.so.6.0.30
7f98e3a24000-7f98e3a27000 rw-p 00223000 08:03 552221                     /usr/lib/x86_64-linux-gnu/libstdc++.so.6.0.30
7f98e3a27000-7f98e3a2a000 rw-p 00000000 00:00 0 
7f98e3aa5000-7f98e3b00000 rw-p 00000000 00:00 0 
7f98e3b00000-7f98e3b04000 ---p 00000000 00:00 0 
7f98e3b04000-7f98e3c00000 rw-p 00000000 00:00 0 
7f98e3c00000-7f98e3e82000 r--p 00000000 08:03 1058837                    /usr/lib/jvm/java-11-openjdk-amd64/lib/server/libjvm.so
7f98e3e82000-7f98e4b1e000 r-xp 00282000 08:03 1058837                    /usr/lib/jvm/java-11-openjdk-amd64/lib/server/libjvm.so
7f98e4b1e000-7f98e4d79000 r--p 00f1e000 08:03 1058837                    /usr/lib/jvm/java-11-openjdk-amd64/lib/server/libjvm.so
7f98e4d79000-7f98e4d7a000 ---p 01179000 08:03 1058837                    /usr/lib/jvm/java-11-openjdk-amd64/lib/server/libjvm.so
7f98e4d7a000-7f98e4e3e000 r--p 01179000 08:03 1058837                    /usr/lib/jvm/java-11-openjdk-amd64/lib/server/libjvm.so
7f98e4e3e000-7f98e4e79000 rw-p 0123d000 08:03 1058837                    /usr/lib/jvm/java-11-openjdk-amd64/lib/server/libjvm.so
7f98e4e79000-7f98e4ed0000 rw-p 00000000 00:00 0 
7f98e4ed1000-7f98e4ed8000 r--s 00000000 08:03 553557                     /usr/lib/x86_64-linux-gnu/gconv/gconv-modules.cache
7f98e4ed8000-7f98e4ed9000 r--p 00000000 08:03 1579538                    /home/doudou/.javacpp/cache/llvm-13.0.1-1.5.7-linux-x86_64.jar/org/bytedeco/llvm/linux-x86_64/libRemarks.so.13
7f98e4ed9000-7f98e4eda000 r-xp 00001000 08:03 1579538                    /home/doudou/.javacpp/cache/llvm-13.0.1-1.5.7-linux-x86_64.jar/org/bytedeco/llvm/linux-x86_64/libRemarks.so.13
7f98e4eda000-7f98e4edb000 r--p 00002000 08:03 1579538                    /home/doudou/.javacpp/cache/llvm-13.0.1-1.5.7-linux-x86_64.jar/org/bytedeco/llvm/linux-x86_64/libRemarks.so.13
7f98e4edb000-7f98e4edc000 r--p 00002000 08:03 1579538                    /home/doudou/.javacpp/cache/llvm-13.0.1-1.5.7-linux-x86_64.jar/org/bytedeco/llvm/linux-x86_64/libRemarks.so.13
7f98e4edc000-7f98e4edd000 rw-p 00003000 08:03 1579538                    /home/doudou/.javacpp/cache/llvm-13.0.1-1.5.7-linux-x86_64.jar/org/bytedeco/llvm/linux-x86_64/libRemarks.so.13
7f98e4edd000-7f98e4ee4000 r--p 00000000 08:03 1579536                    /home/doudou/.javacpp/cache/llvm-13.0.1-1.5.7-linux-x86_64.jar/org/bytedeco/llvm/linux-x86_64/libLTO.so.13
7f98e4ee4000-7f98e4eec000 r-xp 00007000 08:03 1579536                    /home/doudou/.javacpp/cache/llvm-13.0.1-1.5.7-linux-x86_64.jar/org/bytedeco/llvm/linux-x86_64/libLTO.so.13
7f98e4eec000-7f98e4eee000 r--p 0000f000 08:03 1579536                    /home/doudou/.javacpp/cache/llvm-13.0.1-1.5.7-linux-x86_64.jar/org/bytedeco/llvm/linux-x86_64/libLTO.so.13
7f98e4eee000-7f98e4eef000 r--p 00010000 08:03 1579536                    /home/doudou/.javacpp/cache/llvm-13.0.1-1.5.7-linux-x86_64.jar/org/bytedeco/llvm/linux-x86_64/libLTO.so.13
7f98e4eef000-7f98e4ef0000 rw-p 00011000 08:03 1579536                    /home/doudou/.javacpp/cache/llvm-13.0.1-1.5.7-linux-x86_64.jar/org/bytedeco/llvm/linux-x86_64/libLTO.so.13
7f98e4ef0000-7f98e4ef4000 r--p 00000000 08:03 1579530                    /home/doudou/.javacpp/cache/javacpp-1.5.7-linux-x86_64.jar/org/bytedeco/javacpp/linux-x86_64/libjnijavacpp.so
7f98e4ef4000-7f98e4efb000 r-xp 00004000 08:03 1579530                    /home/doudou/.javacpp/cache/javacpp-1.5.7-linux-x86_64.jar/org/bytedeco/javacpp/linux-x86_64/libjnijavacpp.so
7f98e4efb000-7f98e4eff000 r--p 0000b000 08:03 1579530                    /home/doudou/.javacpp/cache/javacpp-1.5.7-linux-x86_64.jar/org/bytedeco/javacpp/linux-x86_64/libjnijavacpp.so
7f98e4eff000-7f98e4f00000 r--p 0000e000 08:03 1579530                    /home/doudou/.javacpp/cache/javacpp-1.5.7-linux-x86_64.jar/org/bytedeco/javacpp/linux-x86_64/libjnijavacpp.so
7f98e4f00000-7f98e4f01000 rw-p 0000f000 08:03 1579530                    /home/doudou/.javacpp/cache/javacpp-1.5.7-linux-x86_64.jar/org/bytedeco/javacpp/linux-x86_64/libjnijavacpp.so
7f98e4f01000-7f98e4f05000 r--p 00000000 08:03 1058822                    /usr/lib/jvm/java-11-openjdk-amd64/lib/libnet.so
7f98e4f05000-7f98e4f13000 r-xp 00004000 08:03 1058822                    /usr/lib/jvm/java-11-openjdk-amd64/lib/libnet.so
7f98e4f13000-7f98e4f17000 r--p 00012000 08:03 1058822                    /usr/lib/jvm/java-11-openjdk-amd64/lib/libnet.so
7f98e4f17000-7f98e4f18000 r--p 00015000 08:03 1058822                    /usr/lib/jvm/java-11-openjdk-amd64/lib/libnet.so
7f98e4f18000-7f98e4f19000 rw-p 00016000 08:03 1058822                    /usr/lib/jvm/java-11-openjdk-amd64/lib/libnet.so
7f98e4f19000-7f98e4f27000 r--p 00000000 08:03 551785                     /usr/lib/x86_64-linux-gnu/libm.so.6
7f98e4f27000-7f98e4fa3000 r-xp 0000e000 08:03 551785                     /usr/lib/x86_64-linux-gnu/libm.so.6
7f98e4fa3000-7f98e4ffe000 r--p 0008a000 08:03 551785                     /usr/lib/x86_64-linux-gnu/libm.so.6
7f98e4ffe000-7f98e4fff000 r--p 000e4000 08:03 551785                     /usr/lib/x86_64-linux-gnu/libm.so.6
7f98e4fff000-7f98e5000000 rw-p 000e5000 08:03 551785                     /usr/lib/x86_64-linux-gnu/libm.so.6
7f98e5000000-7f98e5028000 r--p 00000000 08:03 551134                     /usr/lib/x86_64-linux-gnu/libc.so.6
7f98e5028000-7f98e51bd000 r-xp 00028000 08:03 551134                     /usr/lib/x86_64-linux-gnu/libc.so.6
7f98e51bd000-7f98e5215000 r--p 001bd000 08:03 551134                     /usr/lib/x86_64-linux-gnu/libc.so.6
7f98e5215000-7f98e5219000 r--p 00214000 08:03 551134                     /usr/lib/x86_64-linux-gnu/libc.so.6
7f98e5219000-7f98e521b000 rw-p 00218000 08:03 551134                     /usr/lib/x86_64-linux-gnu/libc.so.6
7f98e521b000-7f98e5228000 rw-p 00000000 00:00 0 
7f98e5228000-7f98e5229000 r--p 00000000 08:03 551276                     /usr/lib/x86_64-linux-gnu/libdl.so.2
7f98e5229000-7f98e522a000 r-xp 00001000 08:03 551276                     /usr/lib/x86_64-linux-gnu/libdl.so.2
7f98e522a000-7f98e522b000 r--p 00002000 08:03 551276                     /usr/lib/x86_64-linux-gnu/libdl.so.2
7f98e522b000-7f98e522c000 r--p 00002000 08:03 551276                     /usr/lib/x86_64-linux-gnu/libdl.so.2
7f98e522c000-7f98e522d000 rw-p 00003000 08:03 551276                     /usr/lib/x86_64-linux-gnu/libdl.so.2
7f98e522d000-7f98e522e000 r--p 00000000 08:03 552054                     /usr/lib/x86_64-linux-gnu/libpthread.so.0
7f98e522e000-7f98e522f000 r-xp 00001000 08:03 552054                     /usr/lib/x86_64-linux-gnu/libpthread.so.0
7f98e522f000-7f98e5230000 r--p 00002000 08:03 552054                     /usr/lib/x86_64-linux-gnu/libpthread.so.0
7f98e5230000-7f98e5231000 r--p 00002000 08:03 552054                     /usr/lib/x86_64-linux-gnu/libpthread.so.0
7f98e5231000-7f98e5232000 rw-p 00003000 08:03 552054                     /usr/lib/x86_64-linux-gnu/libpthread.so.0
7f98e5232000-7f98e5233000 r--p 00000000 08:03 1058804                    /usr/lib/jvm/java-11-openjdk-amd64/lib/libextnet.so
7f98e5233000-7f98e5234000 r-xp 00001000 08:03 1058804                    /usr/lib/jvm/java-11-openjdk-amd64/lib/libextnet.so
7f98e5234000-7f98e5235000 r--p 00002000 08:03 1058804                    /usr/lib/jvm/java-11-openjdk-amd64/lib/libextnet.so
7f98e5235000-7f98e5236000 r--p 00002000 08:03 1058804                    /usr/lib/jvm/java-11-openjdk-amd64/lib/libextnet.so
7f98e5236000-7f98e5237000 rw-p 00003000 08:03 1058804                    /usr/lib/jvm/java-11-openjdk-amd64/lib/libextnet.so
7f98e5237000-7f98e523e000 r--p 00000000 08:03 1058823                    /usr/lib/jvm/java-11-openjdk-amd64/lib/libnio.so
7f98e523e000-7f98e5246000 r-xp 00007000 08:03 1058823                    /usr/lib/jvm/java-11-openjdk-amd64/lib/libnio.so
7f98e5246000-7f98e5249000 r--p 0000f000 08:03 1058823                    /usr/lib/jvm/java-11-openjdk-amd64/lib/libnio.so
7f98e5249000-7f98e524a000 r--p 00011000 08:03 1058823                    /usr/lib/jvm/java-11-openjdk-amd64/lib/libnio.so
7f98e524a000-7f98e524b000 rw-p 00012000 08:03 1058823                    /usr/lib/jvm/java-11-openjdk-amd64/lib/libnio.so
7f98e524b000-7f98e5271000 rw-p 00000000 00:00 0 
7f98e5271000-7f98e5278000 ---p 00000000 00:00 0 
7f98e5278000-7f98e527a000 r--p 00000000 08:03 1058831                    /usr/lib/jvm/java-11-openjdk-amd64/lib/libzip.so
7f98e527a000-7f98e527f000 r-xp 00002000 08:03 1058831                    /usr/lib/jvm/java-11-openjdk-amd64/lib/libzip.so
7f98e527f000-7f98e5281000 r--p 00007000 08:03 1058831                    /usr/lib/jvm/java-11-openjdk-amd64/lib/libzip.so
7f98e5281000-7f98e5282000 r--p 00008000 08:03 1058831                    /usr/lib/jvm/java-11-openjdk-amd64/lib/libzip.so
7f98e5282000-7f98e5283000 rw-p 00009000 08:03 1058831                    /usr/lib/jvm/java-11-openjdk-amd64/lib/libzip.so
7f98e5283000-7f98e528b000 rw-s 00000000 08:03 262226                     /tmp/hsperfdata_doudou/21978
7f98e528b000-7f98e528d000 r--p 00000000 08:03 1058806                    /usr/lib/jvm/java-11-openjdk-amd64/lib/libinstrument.so
7f98e528d000-7f98e5294000 r-xp 00002000 08:03 1058806                    /usr/lib/jvm/java-11-openjdk-amd64/lib/libinstrument.so
7f98e5294000-7f98e5297000 r--p 00009000 08:03 1058806                    /usr/lib/jvm/java-11-openjdk-amd64/lib/libinstrument.so
7f98e5297000-7f98e5298000 r--p 0000b000 08:03 1058806                    /usr/lib/jvm/java-11-openjdk-amd64/lib/libinstrument.so
7f98e5298000-7f98e5299000 rw-p 0000c000 08:03 1058806                    /usr/lib/jvm/java-11-openjdk-amd64/lib/libinstrument.so
7f98e5299000-7f98e52a7000 r--p 00000000 08:03 1058811                    /usr/lib/jvm/java-11-openjdk-amd64/lib/libjava.so
7f98e52a7000-7f98e52bd000 r-xp 0000e000 08:03 1058811                    /usr/lib/jvm/java-11-openjdk-amd64/lib/libjava.so
7f98e52bd000-7f98e52c4000 r--p 00024000 08:03 1058811                    /usr/lib/jvm/java-11-openjdk-amd64/lib/libjava.so
7f98e52c4000-7f98e52c5000 r--p 0002a000 08:03 1058811                    /usr/lib/jvm/java-11-openjdk-amd64/lib/libjava.so
7f98e52c5000-7f98e52c6000 rw-p 0002b000 08:03 1058811                    /usr/lib/jvm/java-11-openjdk-amd64/lib/libjava.so
7f98e52c6000-7f98e52c7000 rw-p 00000000 00:00 0 
7f98e52c7000-7f98e52cc000 r--p 00000000 08:03 1058830                    /usr/lib/jvm/java-11-openjdk-amd64/lib/libverify.so
7f98e52cc000-7f98e52d3000 r-xp 00005000 08:03 1058830                    /usr/lib/jvm/java-11-openjdk-amd64/lib/libverify.so
7f98e52d3000-7f98e52d5000 r--p 0000c000 08:03 1058830                    /usr/lib/jvm/java-11-openjdk-amd64/lib/libverify.so
7f98e52d5000-7f98e52d7000 r--p 0000d000 08:03 1058830                    /usr/lib/jvm/java-11-openjdk-amd64/lib/libverify.so
7f98e52d7000-7f98e52d8000 rw-p 0000f000 08:03 1058830                    /usr/lib/jvm/java-11-openjdk-amd64/lib/libverify.so
7f98e52d8000-7f98e52d9000 r--p 00000000 08:03 552110                     /usr/lib/x86_64-linux-gnu/librt.so.1
7f98e52d9000-7f98e52da000 r-xp 00001000 08:03 552110                     /usr/lib/x86_64-linux-gnu/librt.so.1
7f98e52da000-7f98e52db000 r--p 00002000 08:03 552110                     /usr/lib/x86_64-linux-gnu/librt.so.1
7f98e52db000-7f98e52dc000 r--p 00002000 08:03 552110                     /usr/lib/x86_64-linux-gnu/librt.so.1
7f98e52dc000-7f98e52dd000 rw-p 00003000 08:03 552110                     /usr/lib/x86_64-linux-gnu/librt.so.1
7f98e52dd000-7f98e52e0000 r--p 00000000 08:03 551433                     /usr/lib/x86_64-linux-gnu/libgcc_s.so.1
7f98e52e0000-7f98e52f7000 r-xp 00003000 08:03 551433                     /usr/lib/x86_64-linux-gnu/libgcc_s.so.1
7f98e52f7000-7f98e52fb000 r--p 0001a000 08:03 551433                     /usr/lib/x86_64-linux-gnu/libgcc_s.so.1
7f98e52fb000-7f98e52fc000 r--p 0001d000 08:03 551433                     /usr/lib/x86_64-linux-gnu/libgcc_s.so.1
7f98e52fc000-7f98e52fd000 rw-p 0001e000 08:03 551433                     /usr/lib/x86_64-linux-gnu/libgcc_s.so.1
7f98e52fd000-7f98e52ff000 rw-p 00000000 00:00 0 
7f98e52ff000-7f98e5301000 r--p 00000000 08:03 552488                     /usr/lib/x86_64-linux-gnu/libz.so.1.2.11
7f98e5301000-7f98e5312000 r-xp 00002000 08:03 552488                     /usr/lib/x86_64-linux-gnu/libz.so.1.2.11
7f98e5312000-7f98e5318000 r--p 00013000 08:03 552488                     /usr/lib/x86_64-linux-gnu/libz.so.1.2.11
7f98e5318000-7f98e5319000 ---p 00019000 08:03 552488                     /usr/lib/x86_64-linux-gnu/libz.so.1.2.11
7f98e5319000-7f98e531a000 r--p 00019000 08:03 552488                     /usr/lib/x86_64-linux-gnu/libz.so.1.2.11
7f98e531a000-7f98e531b000 rw-p 0001a000 08:03 552488                     /usr/lib/x86_64-linux-gnu/libz.so.1.2.11
7f98e531f000-7f98e5320000 ---p 00000000 00:00 0 
7f98e5320000-7f98e5321000 r--p 00000000 00:00 0 
7f98e5321000-7f98e5323000 r--p 00000000 08:03 1058814                    /usr/lib/jvm/java-11-openjdk-amd64/lib/libjimage.so
7f98e5323000-7f98e5326000 r-xp 00002000 08:03 1058814                    /usr/lib/jvm/java-11-openjdk-amd64/lib/libjimage.so
7f98e5326000-7f98e5327000 r--p 00005000 08:03 1058814                    /usr/lib/jvm/java-11-openjdk-amd64/lib/libjimage.so
7f98e5327000-7f98e5328000 ---p 00006000 08:03 1058814                    /usr/lib/jvm/java-11-openjdk-amd64/lib/libjimage.so
7f98e5328000-7f98e5329000 r--p 00006000 08:03 1058814                    /usr/lib/jvm/java-11-openjdk-amd64/lib/libjimage.so
7f98e5329000-7f98e532a000 rw-p 00007000 08:03 1058814                    /usr/lib/jvm/java-11-openjdk-amd64/lib/libjimage.so
7f98e532a000-7f98e532d000 r--p 00000000 08:03 1058796                    /usr/lib/jvm/java-11-openjdk-amd64/lib/jli/libjli.so
7f98e532d000-7f98e5337000 r-xp 00003000 08:03 1058796                    /usr/lib/jvm/java-11-openjdk-amd64/lib/jli/libjli.so
7f98e5337000-7f98e533a000 r--p 0000d000 08:03 1058796                    /usr/lib/jvm/java-11-openjdk-amd64/lib/jli/libjli.so
7f98e533a000-7f98e533b000 ---p 00010000 08:03 1058796                    /usr/lib/jvm/java-11-openjdk-amd64/lib/jli/libjli.so
7f98e533b000-7f98e533c000 r--p 00010000 08:03 1058796                    /usr/lib/jvm/java-11-openjdk-amd64/lib/jli/libjli.so
7f98e533c000-7f98e533d000 rw-p 00011000 08:03 1058796                    /usr/lib/jvm/java-11-openjdk-amd64/lib/jli/libjli.so
7f98e533d000-7f98e533f000 rw-p 00000000 00:00 0 
7f98e533f000-7f98e5341000 r--p 00000000 08:03 550792                     /usr/lib/x86_64-linux-gnu/ld-linux-x86-64.so.2
7f98e5341000-7f98e536b000 r-xp 00002000 08:03 550792                     /usr/lib/x86_64-linux-gnu/ld-linux-x86-64.so.2
7f98e536b000-7f98e5376000 r--p 0002c000 08:03 550792                     /usr/lib/x86_64-linux-gnu/ld-linux-x86-64.so.2
7f98e5377000-7f98e5379000 r--p 00037000 08:03 550792                     /usr/lib/x86_64-linux-gnu/ld-linux-x86-64.so.2
7f98e5379000-7f98e537b000 rw-p 00039000 08:03 550792                     /usr/lib/x86_64-linux-gnu/ld-linux-x86-64.so.2
7ffc02bca000-7ffc02beb000 rw-p 00000000 00:00 0                          [stack]
7ffc02bf8000-7ffc02bfc000 r--p 00000000 00:00 0                          [vvar]
7ffc02bfc000-7ffc02bfe000 r-xp 00000000 00:00 0                          [vdso]
ffffffffff600000-ffffffffff601000 --xp 00000000 00:00 0                  [vsyscall]


VM Arguments:
jvm_args: -javaagent:/snap/intellij-idea-ultimate/437/lib/idea_rt.jar=41227:/snap/intellij-idea-ultimate/437/bin -Dfile.encoding=UTF-8 
java_command: Main /home/doudou/lab/Lab/tests/test1.sysy /home/doudou/lab/Lab/tests/out.txt
java_class_path (initial): /home/doudou/lab/Lab/out/production/Lab:/usr/local/lib/antlr-4.9.1-complete.jar:/usr/local/lib/javacpp-1.5.7-linux-x86_64.jar:/usr/local/lib/javacpp-1.5.7.jar:/usr/local/lib/llvm-13.0.1-1.5.7-linux-x86_64.jar:/usr/local/lib/llvm-13.0.1-1.5.7.jar:/usr/local/lib/llvm-platform-13.0.1-1.5.7.jar
Launcher Type: SUN_STANDARD

[Global flags]
     intx CICompilerCount                          = 2                                         {product} {ergonomic}
     uint ConcGCThreads                            = 1                                         {product} {ergonomic}
     uint G1ConcRefinementThreads                  = 2                                         {product} {ergonomic}
   size_t G1HeapRegionSize                         = 1048576                                   {product} {ergonomic}
    uintx GCDrainStackTargetSize                   = 64                                        {product} {ergonomic}
   size_t InitialHeapSize                          = 65011712                                  {product} {ergonomic}
   size_t MarkStackSize                            = 4194304                                   {product} {ergonomic}
   size_t MaxHeapSize                              = 1025507328                                {product} {ergonomic}
   size_t MaxNewSize                               = 614465536                                 {product} {ergonomic}
   size_t MinHeapDeltaBytes                        = 1048576                                   {product} {ergonomic}
    uintx NonNMethodCodeHeapSize                   = 5825164                                {pd product} {ergonomic}
    uintx NonProfiledCodeHeapSize                  = 122916538                              {pd product} {ergonomic}
    uintx ProfiledCodeHeapSize                     = 122916538                              {pd product} {ergonomic}
    uintx ReservedCodeCacheSize                    = 251658240                              {pd product} {ergonomic}
     bool SegmentedCodeCache                       = true                                      {product} {ergonomic}
     bool UseCompressedClassPointers               = true                                 {lp64_product} {ergonomic}
     bool UseCompressedOops                        = true                                 {lp64_product} {ergonomic}
     bool UseG1GC                                  = true                                      {product} {ergonomic}

Logging:
Log output configuration:
 #0: stdout all=warning uptime,level,tags
 #1: stderr all=off uptime,level,tags

Environment Variables:
PATH=/usr/local/sbin:/usr/local/bin:/usr/sbin:/usr/bin:/sbin:/bin:/usr/games:/usr/local/games:/snap/bin:/snap/bin
USERNAME=doudou
SHELL=/bin/bash
DISPLAY=:0
LANG=en_US.UTF-8
LC_NUMERIC=zh_CN.UTF-8
LC_TIME=zh_CN.UTF-8

Signal Handlers:
SIGSEGV: [libjvm.so+0xeabd80], sa_mask[0]=11111111011111111101111111111110, sa_flags=SA_RESTART|SA_SIGINFO
SIGBUS: [libjvm.so+0xeabd80], sa_mask[0]=11111111011111111101111111111110, sa_flags=SA_RESTART|SA_SIGINFO
SIGFPE: [libjvm.so+0xeabd80], sa_mask[0]=11111111011111111101111111111110, sa_flags=SA_RESTART|SA_SIGINFO
SIGPIPE: [libjvm.so+0xbee610], sa_mask[0]=11111111011111111101111111111110, sa_flags=SA_RESTART|SA_SIGINFO
SIGXFSZ: [libjvm.so+0xbee610], sa_mask[0]=11111111011111111101111111111110, sa_flags=SA_RESTART|SA_SIGINFO
SIGILL: [libjvm.so+0xeabd80], sa_mask[0]=11111111011111111101111111111110, sa_flags=SA_RESTART|SA_SIGINFO
SIGUSR2: [libjvm.so+0xbee4b0], sa_mask[0]=00100000000000000000000000000000, sa_flags=SA_RESTART|SA_SIGINFO
SIGHUP: [libjvm.so+0xbeec50], sa_mask[0]=11111111011111111101111111111110, sa_flags=SA_RESTART|SA_SIGINFO
SIGINT: [libjvm.so+0xbeec50], sa_mask[0]=11111111011111111101111111111110, sa_flags=SA_RESTART|SA_SIGINFO
SIGTERM: [libjvm.so+0xbeec50], sa_mask[0]=11111111011111111101111111111110, sa_flags=SA_RESTART|SA_SIGINFO
SIGQUIT: [libjvm.so+0xbeec50], sa_mask[0]=11111111011111111101111111111110, sa_flags=SA_RESTART|SA_SIGINFO


---------------  S Y S T E M  ---------------

OS:DISTRIB_ID=Ubuntu
DISTRIB_RELEASE=22.04
DISTRIB_CODENAME=jammy
DISTRIB_DESCRIPTION="Ubuntu 22.04.2 LTS"
uname:Linux 5.19.0-45-generic #46~22.04.1-Ubuntu SMP PREEMPT_DYNAMIC Wed Jun 7 15:06:04 UTC 20 x86_64
OS uptime: 0 days 16:57 hours
libc:glibc 2.35 NPTL 2.35 
rlimit (soft/hard): STACK 8192k/infinity , CORE 0k/infinity , NPROC 15333/15333 , NOFILE 1048576/1048576 , AS infinity/infinity , CPU infinity/infinity , DATA infinity/infinity , FSIZE infinity/infinity , MEMLOCK 500652k/500652k
load average:1.85 1.85 1.64

/proc/meminfo:
MemTotal:        4005236 kB
MemFree:          162760 kB
MemAvailable:     200268 kB
Buffers:            3596 kB
Cached:           210372 kB
SwapCached:        64116 kB
Active:          1914492 kB
Inactive:         390136 kB
Active(anon):    1781768 kB
Inactive(anon):   312684 kB
Active(file):     132724 kB
Inactive(file):    77452 kB
Unevictable:           0 kB
Mlocked:               0 kB
SwapTotal:       3512316 kB
SwapFree:        1688752 kB
Zswap:                 0 kB
Zswapped:              0 kB
Dirty:              5916 kB
Writeback:             0 kB
AnonPages:       2077428 kB
Mapped:           106008 kB
Shmem:              3672 kB
KReclaimable:      63864 kB
Slab:             241236 kB
SReclaimable:      63864 kB
SUnreclaim:       177372 kB
KernelStack:       11664 kB
PageTables:        26836 kB
NFS_Unstable:          0 kB
Bounce:                0 kB
WritebackTmp:          0 kB
CommitLimit:     5514932 kB
Committed_AS:    6208612 kB
VmallocTotal:   34359738367 kB
VmallocUsed:       46968 kB
VmallocChunk:          0 kB
Percpu:             2216 kB
HardwareCorrupted:     0 kB
AnonHugePages:         0 kB
ShmemHugePages:        0 kB
ShmemPmdMapped:        0 kB
FileHugePages:         0 kB
FilePmdMapped:         0 kB
HugePages_Total:       0
HugePages_Free:        0
HugePages_Rsvd:        0
HugePages_Surp:        0
Hugepagesize:       2048 kB
Hugetlb:               0 kB
DirectMap4k:      212800 kB
DirectMap2M:     3981312 kB
DirectMap1G:     2097152 kB

/sys/kernel/mm/transparent_hugepage/enabled:
always [madvise] never
/sys/kernel/mm/transparent_hugepage/defrag (defrag/compaction efforts parameter):
always defer defer+madvise [madvise] never

Process Memory:
Virtual Size: 3684896K (peak: 12384612K)
Resident Set Size: 92516K (peak: 92516K) (anon: 36932K, file: 55584K, shmem: 0K)
Swapped out: 0K
C-Heap outstanding allocations: 15230K, retained: 2069K
glibc malloc tunables: (default)

/proc/sys/kernel/threads-max (system-wide limit on the number of threads):
30667
/proc/sys/vm/max_map_count (maximum number of memory map areas a process may have):
65530
/proc/sys/kernel/pid_max (system-wide limit on number of process identifiers):
4194304

container (cgroup) information:
container_type: cgroupv2
cpu_cpuset_cpus: not supported
cpu_memory_nodes: not supported
active_processor_count: 2
cpu_quota: not supported
cpu_period: not supported
cpu_shares: not supported
memory_limit_in_bytes: unlimited
memory_and_swap_limit_in_bytes: unlimited
memory_soft_limit_in_bytes: unlimited
memory_usage_in_bytes: 2138300 k
memory_max_usage_in_bytes: not supported
memory_swap_current_in_bytes: 893408 k
memory_swap_max_limit_in_bytes: unlimited
maximum number of tasks: 4600
current number of tasks: 192

VMWare virtualization detected
Steal ticks since vm start: 0
Steal ticks percentage since vm start:  0.000

CPU:total 2 (initial active 2) (1 cores per cpu, 1 threads per core) family 6 model 140 stepping 1 microcode 0xffffffff, cmov, cx8, fxsr, mmx, sse, sse2, sse3, ssse3, sse4.1, sse4.2, popcnt, avx, avx2, aes, clmul, erms, 3dnowpref, lzcnt, tsc, tscinvbit, bmi1, bmi2, adx, evex, sha, fma
CPU Model and flags from /proc/cpuinfo:
model name	: 11th Gen Intel(R) Core(TM) i7-1165G7 @ 2.80GHz
flags		: fpu vme de pse tsc msr pae mce cx8 apic sep mtrr pge mca cmov pat pse36 clflush mmx fxsr sse sse2 ss syscall nx pdpe1gb rdtscp lm constant_tsc arch_perfmon rep_good nopl xtopology tsc_reliable nonstop_tsc cpuid tsc_known_freq pni pclmulqdq ssse3 fma cx16 pcid sse4_1 sse4_2 x2apic movbe popcnt tsc_deadline_timer aes xsave avx f16c rdrand hypervisor lahf_lm abm 3dnowprefetch invpcid_single pti ssbd ibrs ibpb stibp fsgsbase tsc_adjust bmi1 avx2 smep bmi2 erms invpcid avx512f avx512dq rdseed adx smap avx512ifma clflushopt clwb avx512cd sha_ni avx512bw avx512vl xsaveopt xsavec xgetbv1 xsaves arat avx512vbmi umip avx512_vbmi2 gfni vaes vpclmulqdq avx512_vnni avx512_bitalg avx512_vpopcntdq rdpid fsrm avx512_vp2intersect flush_l1d arch_capabilities
Online cpus:
0-1
Offline cpus:

BIOS frequency limitation:
<Not Available>
Frequency switch latency (ns):
<Not Available>
Available cpu frequencies:
<Not Available>
Current governor:
<Not Available>
Core performance/turbo boost:
<Not Available>

Memory: 4k page, physical 4005236k(162760k free), swap 3512316k(1688752k free)

vm_info: OpenJDK 64-Bit Server VM (11.0.19+7-post-Ubuntu-0ubuntu122.04.1) for linux-amd64 JRE (11.0.19+7-post-Ubuntu-0ubuntu122.04.1), built on May 10 2023 00:54:00 by "unknown" with gcc 11.3.0

END.
