#
# A fatal error has been detected by the Java Runtime Environment:
#
#  SIGSEGV (0xb) at pc=0x00007fe976156daa, pid=11767, tid=11768
#
# JRE version: OpenJDK Runtime Environment (11.0.19+7) (build 11.0.19+7-post-Ubuntu-0ubuntu122.04.1)
# Java VM: OpenJDK 64-Bit Server VM (11.0.19+7-post-Ubuntu-0ubuntu122.04.1, mixed mode, sharing, tiered, compressed oops, g1 gc, linux-amd64)
# Problematic frame:
# C  [libLLVM-13.so+0xd56daa]  llvm::FunctionType::get(llvm::Type*, llvm::ArrayRef<llvm::Type*>, bool)+0x1a
#
# Core dump will be written. Default location: Core dumps may be processed with "/usr/share/apport/apport -p%p -s%s -c%c -d%d -P%P -u%u -g%g -- %E" (or dumping to /home/doudou/lab/Lab/core.11767)
#
# If you would like to submit a bug report, please visit:
#   https://bugs.launchpad.net/ubuntu/+source/openjdk-lts
# The crash happened outside the Java Virtual Machine in native code.
# See problematic frame for where to report the bug.
#

---------------  S U M M A R Y ------------

Command Line: -javaagent:/snap/intellij-idea-ultimate/430/lib/idea_rt.jar=45767:/snap/intellij-idea-ultimate/430/bin -Dfile.encoding=UTF-8 Main /home/doudou/lab/Lab/tests/test1.sysy /home/doudou/lab/Lab/tests/out.txt

Host: 11th Gen Intel(R) Core(TM) i7-1165G7 @ 2.80GHz, 2 cores, 3G, Ubuntu 22.04.2 LTS
Time: Sat Jun 10 21:37:38 2023 CST elapsed time: 0.630783 seconds (0d 0h 0m 0s)

---------------  T H R E A D  ---------------

Current thread (0x00007fe9d0016800):  JavaThread "main" [_thread_in_native, id=11768, stack(0x00007fe9d92e0000,0x00007fe9d93e0000)]

Stack: [0x00007fe9d92e0000,0x00007fe9d93e0000],  sp=0x00007fe9d93de300,  free space=1016k
Native frames: (J=compiled Java code, A=aot compiled Java code, j=interpreted, Vv=VM code, C=native code)
C  [libLLVM-13.so+0xd56daa]  llvm::FunctionType::get(llvm::Type*, llvm::ArrayRef<llvm::Type*>, bool)+0x1a

Java frames: (J=compiled Java code, j=interpreted, Vv=VM code)
j  org.bytedeco.llvm.global.LLVM.LLVMFunctionType(Lorg/bytedeco/llvm/LLVM/LLVMTypeRef;Lorg/bytedeco/llvm/LLVM/LLVMTypeRef;II)Lorg/bytedeco/llvm/LLVM/LLVMTypeRef;+0
j  SysYLlvmVisitor.visitFuncDef(LSysYParser$FuncDefContext;)Lorg/bytedeco/llvm/LLVM/LLVMValueRef;+33
j  SysYLlvmVisitor.visitCompUnit(LSysYParser$CompUnitContext;)Lorg/bytedeco/llvm/LLVM/LLVMValueRef;+364
j  SysYLlvmVisitor.visitCompUnit(LSysYParser$CompUnitContext;)Ljava/lang/Object;+2
j  SysYParser$CompUnitContext.accept(Lorg/antlr/v4/runtime/tree/ParseTreeVisitor;)Ljava/lang/Object;+12
j  org.antlr.v4.runtime.tree.AbstractParseTreeVisitor.visitChildren(Lorg/antlr/v4/runtime/tree/RuleNode;)Ljava/lang/Object;+46
j  SysYParserBaseVisitor.visitProgram(LSysYParser$ProgramContext;)Ljava/lang/Object;+2
j  SysYParser$ProgramContext.accept(Lorg/antlr/v4/runtime/tree/ParseTreeVisitor;)Ljava/lang/Object;+12
j  org.antlr.v4.runtime.tree.AbstractParseTreeVisitor.visit(Lorg/antlr/v4/runtime/tree/ParseTree;)Ljava/lang/Object;+2
j  Main.main([Ljava/lang/String;)V+218
v  ~StubRoutines::call_stub

siginfo: si_signo: 11 (SIGSEGV), si_code: 1 (SEGV_MAPERR), si_addr: 0x0000000000000000

Register to memory mapping:

RAX=0x00007fe9a8fb9220: Java_org_bytedeco_llvm_global_LLVM_LLVMFunctionType__Lorg_bytedeco_llvm_LLVM_LLVMTypeRef_2Lorg_bytedeco_llvm_LLVM_LLVMTypeRef_2II+0x0000000000000000 in /home/doudou/.javacpp/cache/llvm-13.0.1-1.5.7-linux-x86_64.jar/org/bytedeco/llvm/linux-x86_64/libjniLLVM.so at 0x00007fe9a8ef8000
RBX=0x0 is NULL
RCX=0x0 is NULL
RDX=0x0 is NULL
RSP=0x00007fe9d93de300 is pointing into the stack for thread: 0x00007fe9d0016800
RBP=0x0 is NULL
RSI=0x0 is NULL
RDI=0x0 is NULL
R8 =0x0 is NULL
R9 =0x0 is NULL
R10=0x00007fe9b860f9e1 is at code_begin+897 in an Interpreter codelet
method entry point (kind = native)  [0x00007fe9b860f660, 0x00007fe9b860ffe0]  2432 bytes
R11=0x00000000c6f67c40 points into unknown readable memory: 0x000000246ae04d01 | 01 4d e0 6a 24 00 00 00
R12=0x0 is NULL
R13=0x0 is NULL
R14=0x0 is NULL
R15=0x0 is NULL


Registers:
RAX=0x00007fe9a8fb9220, RBX=0x0000000000000000, RCX=0x0000000000000000, RDX=0x0000000000000000
RSP=0x00007fe9d93de300, RBP=0x0000000000000000, RSI=0x0000000000000000, RDI=0x0000000000000000
R8 =0x0000000000000000, R9 =0x0000000000000000, R10=0x00007fe9b860f9e1, R11=0x00000000c6f67c40
R12=0x0000000000000000, R13=0x0000000000000000, R14=0x0000000000000000, R15=0x0000000000000000
RIP=0x00007fe976156daa, EFLAGS=0x0000000000010206, CSGSFS=0x002b000000000033, ERR=0x0000000000000004
  TRAPNO=0x000000000000000e

Top of Stack: (sp=0x00007fe9d93de300)
0x00007fe9d93de300:   0000000000000000 00007fe9d93de378
0x00007fe9d93de310:   00007fe9d93de360 00007fe9c00ebf8f
0x00007fe9d93de320:   00000000c322d278 00000000c326c588
0x00007fe9d93de330:   00007fe9d93de380 000000080036c8c0 

Instructions: (pc=0x00007fe976156daa)
0x00007fe976156caa:   4c 8d 14 0e 48 c1 c2 0c 48 c1 ce 07 49 03 4f e0
0x00007fe976156cba:   48 01 d6 4c 89 d2 48 01 f0 48 c1 ca 1f 48 8d 34
0x00007fe976156cca:   10 49 8b 57 e8 4a 8d 04 09 48 c1 c0 0c 48 01 ca
0x00007fe976156cda:   48 c1 c1 1b 48 01 e9 49 01 d3 48 c1 ca 07 48 01
0x00007fe976156cea:   c8 48 01 c2 4c 89 d8 48 c1 c8 1f 48 01 c2 4c 01
0x00007fe976156cfa:   d2 49 ba 4f 40 90 2f 3b 6a e1 9a 48 89 d1 4b 8d
0x00007fe976156d0a:   14 19 48 01 f2 49 0f af ca 48 0f af d7 48 01 ca
0x00007fe976156d1a:   48 89 d1 48 c1 e9 2f 48 31 ca 48 0f af d7 49 31
0x00007fe976156d2a:   d0 49 8d 14 30 48 89 d0 48 c1 e8 2f 48 31 d0 49
0x00007fe976156d3a:   0f af c2 e9 ab f9 ff ff 66 2e 0f 1f 84 00 00 00
0x00007fe976156d4a:   00 00 0f 1f 40 00 66 48 0f 6e c6 66 48 0f 6e ca
0x00007fe976156d5a:   66 0f 6c c1 0f 11 07 45 84 c0 75 29 48 39 d6 74
0x00007fe976156d6a:   24 0f 1f 44 00 00 48 8b 06 48 3d 00 f0 ff ff 74
0x00007fe976156d7a:   08 48 3d 00 e0 ff ff 75 0c 48 83 c6 08 48 89 37
0x00007fe976156d8a:   48 39 f2 75 e1 c3 41 57 41 56 41 55 49 89 fd 41
0x00007fe976156d9a:   54 49 89 d4 55 48 89 f5 53 48 81 ec a8 00 00 00
0x00007fe976156daa:   48 8b 07 89 4c 24 04 48 8b 18 88 4c 24 78 48 89
0x00007fe976156dba:   7c 24 60 44 8b 83 58 08 00 00 48 89 74 24 68 48
0x00007fe976156dca:   8d 8b 48 08 00 00 48 89 54 24 70 4c 8b b3 48 08
0x00007fe976156dda:   00 00 45 85 c0 0f 85 1b 03 00 00 43 8d 54 00 ff
0x00007fe976156dea:   be 08 00 00 00 48 89 4c 24 10 48 89 d0 44 89 44
0x00007fe976156dfa:   24 08 48 d1 e8 48 09 d0 48 89 c2 48 c1 ea 02 48
0x00007fe976156e0a:   09 d0 48 89 c2 48 c1 ea 04 48 09 d0 48 89 c2 48
0x00007fe976156e1a:   c1 ea 08 48 09 d0 48 89 c2 48 c1 ea 10 48 09 d0
0x00007fe976156e2a:   ba 40 00 00 00 48 83 c0 01 83 f8 40 0f 42 c2 89
0x00007fe976156e3a:   83 58 08 00 00 89 c0 48 8d 3c c5 00 00 00 00 e8
0x00007fe976156e4a:   02 e3 d9 ff 4d 85 f6 44 8b 44 24 08 48 8b 4c 24
0x00007fe976156e5a:   10 48 89 83 48 08 00 00 49 89 c2 0f 84 58 06 00
0x00007fe976156e6a:   00 8b 93 58 08 00 00 49 c1 e0 03 48 c7 83 50 08
0x00007fe976156e7a:   00 00 00 00 00 00 4f 8d 1c 06 48 c1 e2 03 48 8d
0x00007fe976156e8a:   04 10 49 39 c2 74 52 48 8d 72 f8 4c 89 d0 48 c1
0x00007fe976156e9a:   ee 03 48 83 c6 01 48 83 fa 08 74 36 48 89 f2 66 


Stack slot to memory mapping:
stack at sp + 0 slots: 0x0 is NULL
stack at sp + 1 slots: 0x00007fe9d93de378 is pointing into the stack for thread: 0x00007fe9d0016800
stack at sp + 2 slots: 0x00007fe9d93de360 is pointing into the stack for thread: 0x00007fe9d0016800
stack at sp + 3 slots: 0x00007fe9c00ebf8f is at entry_point+207 in (nmethod*)0x00007fe9c00ebd10
stack at sp + 4 slots: 0x00000000c322d278 points into unknown readable memory: 0x00000019dfb72a01 | 01 2a b7 df 19 00 00 00
stack at sp + 5 slots: 0x00000000c326c588 is an oop: SysYParser$BlockContext 
{0x00000000c326c588} - klass: 'SysYParser$BlockContext'
 - ---- fields (total size 5 words):
 - public 'invokingState' 'I' @12  163 (a3)
 - public 'parent' 'Lorg/antlr/v4/runtime/RuleContext;' @16  a 'SysYParser$FuncDefContext'{0x00000000c326c510} (c326c510)
 - public strict 'children' 'Ljava/util/List;' @20  a 'java/util/ArrayList'{0x00000000c326c5b0} (c326c5b0)
 - public 'start' 'Lorg/antlr/v4/runtime/Token;' @24  a 'org/antlr/v4/runtime/CommonToken'{0x00000000c326bf08} (c326bf08)
 - public 'stop' 'Lorg/antlr/v4/runtime/Token;' @28  a 'org/antlr/v4/runtime/CommonToken'{0x00000000c326bcc8} (c326bcc8)
 - public 'exception' 'Lorg/antlr/v4/runtime/RecognitionException;' @32  NULL (0)
stack at sp + 6 slots: 0x00007fe9d93de380 is pointing into the stack for thread: 0x00007fe9d0016800
stack at sp + 7 slots: 0x000000080036c8c0 is pointing into metadata


---------------  P R O C E S S  ---------------

Threads class SMR info:
_java_thread_list=0x00007fe9d022b130, length=11, elements={
0x00007fe9d0016800, 0x00007fe9d0120000, 0x00007fe9d0122000, 0x00007fe9d0128800,
0x00007fe9d012a800, 0x00007fe9d012c800, 0x00007fe9d012e800, 0x00007fe9d0130800,
0x00007fe9d0156800, 0x00007fe9d020e000, 0x00007fe9d0228800
}

Java Threads: ( => current thread )
=>0x00007fe9d0016800 JavaThread "main" [_thread_in_native, id=11768, stack(0x00007fe9d92e0000,0x00007fe9d93e0000)]
  0x00007fe9d0120000 JavaThread "Reference Handler" daemon [_thread_blocked, id=11781, stack(0x00007fe9d435f000,0x00007fe9d445f000)]
  0x00007fe9d0122000 JavaThread "Finalizer" daemon [_thread_blocked, id=11782, stack(0x00007fe9d425f000,0x00007fe9d435f000)]
  0x00007fe9d0128800 JavaThread "Signal Dispatcher" daemon [_thread_blocked, id=11783, stack(0x00007fe9d415f000,0x00007fe9d425f000)]
  0x00007fe9d012a800 JavaThread "Service Thread" daemon [_thread_blocked, id=11784, stack(0x00007fe9d405f000,0x00007fe9d415f000)]
  0x00007fe9d012c800 JavaThread "C2 CompilerThread0" daemon [_thread_blocked, id=11785, stack(0x00007fe9cff00000,0x00007fe9d0000000)]
  0x00007fe9d012e800 JavaThread "C1 CompilerThread0" daemon [_thread_blocked, id=11786, stack(0x00007fe9b8500000,0x00007fe9b8600000)]
  0x00007fe9d0130800 JavaThread "Sweeper thread" daemon [_thread_blocked, id=11788, stack(0x00007fe9b8400000,0x00007fe9b8500000)]
  0x00007fe9d0156800 JavaThread "Common-Cleaner" daemon [_thread_blocked, id=11794, stack(0x00007fe9b8300000,0x00007fe9b8400000)]
  0x00007fe9d020e000 JavaThread "Monitor Ctrl-Break" daemon [_thread_in_native, id=11797, stack(0x00007fe9b8200000,0x00007fe9b8300000)]
  0x00007fe9d0228800 JavaThread "JavaCPP Deallocator" daemon [_thread_blocked, id=11799, stack(0x00007fe9a9100000,0x00007fe9a9200000)]

Other Threads:
  0x00007fe9d011d000 VMThread "VM Thread" [stack: 0x00007fe9d4461000,0x00007fe9d4561000] [id=11776]
  0x00007fe9d020f800 WatcherThread [stack: 0x00007fe9b8100000,0x00007fe9b8200000] [id=11798]
  0x00007fe9d002f800 GCTaskThread "GC Thread#0" [stack: 0x00007fe9d7a15000,0x00007fe9d7b15000] [id=11769]
  0x00007fe9a0001000 GCTaskThread "GC Thread#1" [stack: 0x00007fe9a9000000,0x00007fe9a9100000] [id=11802]
  0x00007fe9d004a800 ConcurrentGCThread "G1 Main Marker" [stack: 0x00007fe9d52ec000,0x00007fe9d53ec000] [id=11770]
  0x00007fe9d004c000 ConcurrentGCThread "G1 Conc#0" [stack: 0x00007fe9d51ea000,0x00007fe9d52ea000] [id=11771]
  0x00007fe9d0087800 ConcurrentGCThread "G1 Refine#0" [stack: 0x00007fe9d4ee6000,0x00007fe9d4fe6000] [id=11772]
  0x00007fe9d0089000 ConcurrentGCThread "G1 Young RemSet Sampling" [stack: 0x00007fe9d4de4000,0x00007fe9d4ee4000] [id=11773]

Threads with active compile tasks:

VM state:not at safepoint (normal execution)

VM Mutex/Monitor currently owned by a thread: None

Heap address: 0x00000000c3200000, size: 974 MB, Compressed Oops mode: 32-bit
Narrow klass base: 0x0000000800000000, Narrow klass shift: 3
Compressed class space size: 1073741824 Address: 0x0000000840000000

Heap:
 garbage-first heap   total 65536K, used 5416K [0x00000000c3200000, 0x0000000100000000)
  region size 1024K, 5 young (5120K), 1 survivors (1024K)
 Metaspace       used 3944K, capacity 6550K, committed 6656K, reserved 1056768K
  class space    used 436K, capacity 695K, committed 768K, reserved 1048576K
Heap Regions: E=young(eden), S=young(survivor), O=old, HS=humongous(starts), HC=humongous(continues), CS=collection set, F=free, A=archive, TAMS=top-at-mark-start (previous, next)
|   0|0x00000000c3200000, 0x00000000c3298000, 0x00000000c3300000| 59%| O|  |TAMS 0x00000000c3200000, 0x00000000c3200000| Untracked 
|   1|0x00000000c3300000, 0x00000000c3300000, 0x00000000c3400000|  0%| F|  |TAMS 0x00000000c3300000, 0x00000000c3300000| Untracked 
|   2|0x00000000c3400000, 0x00000000c3400000, 0x00000000c3500000|  0%| F|  |TAMS 0x00000000c3400000, 0x00000000c3400000| Untracked 
|   3|0x00000000c3500000, 0x00000000c3500000, 0x00000000c3600000|  0%| F|  |TAMS 0x00000000c3500000, 0x00000000c3500000| Untracked 
|   4|0x00000000c3600000, 0x00000000c3600000, 0x00000000c3700000|  0%| F|  |TAMS 0x00000000c3600000, 0x00000000c3600000| Untracked 
|   5|0x00000000c3700000, 0x00000000c3700000, 0x00000000c3800000|  0%| F|  |TAMS 0x00000000c3700000, 0x00000000c3700000| Untracked 
|   6|0x00000000c3800000, 0x00000000c3800000, 0x00000000c3900000|  0%| F|  |TAMS 0x00000000c3800000, 0x00000000c3800000| Untracked 
|   7|0x00000000c3900000, 0x00000000c3900000, 0x00000000c3a00000|  0%| F|  |TAMS 0x00000000c3900000, 0x00000000c3900000| Untracked 
|   8|0x00000000c3a00000, 0x00000000c3a00000, 0x00000000c3b00000|  0%| F|  |TAMS 0x00000000c3a00000, 0x00000000c3a00000| Untracked 
|   9|0x00000000c3b00000, 0x00000000c3b00000, 0x00000000c3c00000|  0%| F|  |TAMS 0x00000000c3b00000, 0x00000000c3b00000| Untracked 
|  10|0x00000000c3c00000, 0x00000000c3c00000, 0x00000000c3d00000|  0%| F|  |TAMS 0x00000000c3c00000, 0x00000000c3c00000| Untracked 
|  11|0x00000000c3d00000, 0x00000000c3d00000, 0x00000000c3e00000|  0%| F|  |TAMS 0x00000000c3d00000, 0x00000000c3d00000| Untracked 
|  12|0x00000000c3e00000, 0x00000000c3e00000, 0x00000000c3f00000|  0%| F|  |TAMS 0x00000000c3e00000, 0x00000000c3e00000| Untracked 
|  13|0x00000000c3f00000, 0x00000000c3f00000, 0x00000000c4000000|  0%| F|  |TAMS 0x00000000c3f00000, 0x00000000c3f00000| Untracked 
|  14|0x00000000c4000000, 0x00000000c4000000, 0x00000000c4100000|  0%| F|  |TAMS 0x00000000c4000000, 0x00000000c4000000| Untracked 
|  15|0x00000000c4100000, 0x00000000c4100000, 0x00000000c4200000|  0%| F|  |TAMS 0x00000000c4100000, 0x00000000c4100000| Untracked 
|  16|0x00000000c4200000, 0x00000000c4200000, 0x00000000c4300000|  0%| F|  |TAMS 0x00000000c4200000, 0x00000000c4200000| Untracked 
|  17|0x00000000c4300000, 0x00000000c4300000, 0x00000000c4400000|  0%| F|  |TAMS 0x00000000c4300000, 0x00000000c4300000| Untracked 
|  18|0x00000000c4400000, 0x00000000c4400000, 0x00000000c4500000|  0%| F|  |TAMS 0x00000000c4400000, 0x00000000c4400000| Untracked 
|  19|0x00000000c4500000, 0x00000000c4500000, 0x00000000c4600000|  0%| F|  |TAMS 0x00000000c4500000, 0x00000000c4500000| Untracked 
|  20|0x00000000c4600000, 0x00000000c4600000, 0x00000000c4700000|  0%| F|  |TAMS 0x00000000c4600000, 0x00000000c4600000| Untracked 
|  21|0x00000000c4700000, 0x00000000c4700000, 0x00000000c4800000|  0%| F|  |TAMS 0x00000000c4700000, 0x00000000c4700000| Untracked 
|  22|0x00000000c4800000, 0x00000000c4800000, 0x00000000c4900000|  0%| F|  |TAMS 0x00000000c4800000, 0x00000000c4800000| Untracked 
|  23|0x00000000c4900000, 0x00000000c4900000, 0x00000000c4a00000|  0%| F|  |TAMS 0x00000000c4900000, 0x00000000c4900000| Untracked 
|  24|0x00000000c4a00000, 0x00000000c4a00000, 0x00000000c4b00000|  0%| F|  |TAMS 0x00000000c4a00000, 0x00000000c4a00000| Untracked 
|  25|0x00000000c4b00000, 0x00000000c4b00000, 0x00000000c4c00000|  0%| F|  |TAMS 0x00000000c4b00000, 0x00000000c4b00000| Untracked 
|  26|0x00000000c4c00000, 0x00000000c4c00000, 0x00000000c4d00000|  0%| F|  |TAMS 0x00000000c4c00000, 0x00000000c4c00000| Untracked 
|  27|0x00000000c4d00000, 0x00000000c4d00000, 0x00000000c4e00000|  0%| F|  |TAMS 0x00000000c4d00000, 0x00000000c4d00000| Untracked 
|  28|0x00000000c4e00000, 0x00000000c4e00000, 0x00000000c4f00000|  0%| F|  |TAMS 0x00000000c4e00000, 0x00000000c4e00000| Untracked 
|  29|0x00000000c4f00000, 0x00000000c4f00000, 0x00000000c5000000|  0%| F|  |TAMS 0x00000000c4f00000, 0x00000000c4f00000| Untracked 
|  30|0x00000000c5000000, 0x00000000c5000000, 0x00000000c5100000|  0%| F|  |TAMS 0x00000000c5000000, 0x00000000c5000000| Untracked 
|  31|0x00000000c5100000, 0x00000000c5100000, 0x00000000c5200000|  0%| F|  |TAMS 0x00000000c5100000, 0x00000000c5100000| Untracked 
|  32|0x00000000c5200000, 0x00000000c5200000, 0x00000000c5300000|  0%| F|  |TAMS 0x00000000c5200000, 0x00000000c5200000| Untracked 
|  33|0x00000000c5300000, 0x00000000c5300000, 0x00000000c5400000|  0%| F|  |TAMS 0x00000000c5300000, 0x00000000c5300000| Untracked 
|  34|0x00000000c5400000, 0x00000000c5400000, 0x00000000c5500000|  0%| F|  |TAMS 0x00000000c5400000, 0x00000000c5400000| Untracked 
|  35|0x00000000c5500000, 0x00000000c5500000, 0x00000000c5600000|  0%| F|  |TAMS 0x00000000c5500000, 0x00000000c5500000| Untracked 
|  36|0x00000000c5600000, 0x00000000c5600000, 0x00000000c5700000|  0%| F|  |TAMS 0x00000000c5600000, 0x00000000c5600000| Untracked 
|  37|0x00000000c5700000, 0x00000000c5700000, 0x00000000c5800000|  0%| F|  |TAMS 0x00000000c5700000, 0x00000000c5700000| Untracked 
|  38|0x00000000c5800000, 0x00000000c5800000, 0x00000000c5900000|  0%| F|  |TAMS 0x00000000c5800000, 0x00000000c5800000| Untracked 
|  39|0x00000000c5900000, 0x00000000c5900000, 0x00000000c5a00000|  0%| F|  |TAMS 0x00000000c5900000, 0x00000000c5900000| Untracked 
|  40|0x00000000c5a00000, 0x00000000c5a00000, 0x00000000c5b00000|  0%| F|  |TAMS 0x00000000c5a00000, 0x00000000c5a00000| Untracked 
|  41|0x00000000c5b00000, 0x00000000c5b00000, 0x00000000c5c00000|  0%| F|  |TAMS 0x00000000c5b00000, 0x00000000c5b00000| Untracked 
|  42|0x00000000c5c00000, 0x00000000c5c00000, 0x00000000c5d00000|  0%| F|  |TAMS 0x00000000c5c00000, 0x00000000c5c00000| Untracked 
|  43|0x00000000c5d00000, 0x00000000c5d00000, 0x00000000c5e00000|  0%| F|  |TAMS 0x00000000c5d00000, 0x00000000c5d00000| Untracked 
|  44|0x00000000c5e00000, 0x00000000c5e00000, 0x00000000c5f00000|  0%| F|  |TAMS 0x00000000c5e00000, 0x00000000c5e00000| Untracked 
|  45|0x00000000c5f00000, 0x00000000c5f00000, 0x00000000c6000000|  0%| F|  |TAMS 0x00000000c5f00000, 0x00000000c5f00000| Untracked 
|  46|0x00000000c6000000, 0x00000000c6000000, 0x00000000c6100000|  0%| F|  |TAMS 0x00000000c6000000, 0x00000000c6000000| Untracked 
|  47|0x00000000c6100000, 0x00000000c6100000, 0x00000000c6200000|  0%| F|  |TAMS 0x00000000c6100000, 0x00000000c6100000| Untracked 
|  48|0x00000000c6200000, 0x00000000c6200000, 0x00000000c6300000|  0%| F|  |TAMS 0x00000000c6200000, 0x00000000c6200000| Untracked 
|  49|0x00000000c6300000, 0x00000000c6300000, 0x00000000c6400000|  0%| F|  |TAMS 0x00000000c6300000, 0x00000000c6300000| Untracked 
|  50|0x00000000c6400000, 0x00000000c6400000, 0x00000000c6500000|  0%| F|  |TAMS 0x00000000c6400000, 0x00000000c6400000| Untracked 
|  51|0x00000000c6500000, 0x00000000c6500000, 0x00000000c6600000|  0%| F|  |TAMS 0x00000000c6500000, 0x00000000c6500000| Untracked 
|  52|0x00000000c6600000, 0x00000000c6600000, 0x00000000c6700000|  0%| F|  |TAMS 0x00000000c6600000, 0x00000000c6600000| Untracked 
|  53|0x00000000c6700000, 0x00000000c6700000, 0x00000000c6800000|  0%| F|  |TAMS 0x00000000c6700000, 0x00000000c6700000| Untracked 
|  54|0x00000000c6800000, 0x00000000c6900000, 0x00000000c6900000|100%| S|CS|TAMS 0x00000000c6800000, 0x00000000c6800000| Complete 
|  55|0x00000000c6900000, 0x00000000c6900000, 0x00000000c6a00000|  0%| F|  |TAMS 0x00000000c6900000, 0x00000000c6900000| Untracked 
|  56|0x00000000c6a00000, 0x00000000c6a00000, 0x00000000c6b00000|  0%| F|  |TAMS 0x00000000c6a00000, 0x00000000c6a00000| Untracked 
|  57|0x00000000c6b00000, 0x00000000c6b00000, 0x00000000c6c00000|  0%| F|  |TAMS 0x00000000c6b00000, 0x00000000c6b00000| Untracked 
|  58|0x00000000c6c00000, 0x00000000c6d00000, 0x00000000c6d00000|100%| E|  |TAMS 0x00000000c6c00000, 0x00000000c6c00000| Complete 
|  59|0x00000000c6d00000, 0x00000000c6e00000, 0x00000000c6e00000|100%| E|CS|TAMS 0x00000000c6d00000, 0x00000000c6d00000| Complete 
|  60|0x00000000c6e00000, 0x00000000c6f00000, 0x00000000c6f00000|100%| E|CS|TAMS 0x00000000c6e00000, 0x00000000c6e00000| Complete 
|  61|0x00000000c6f00000, 0x00000000c7000000, 0x00000000c7000000|100%| E|CS|TAMS 0x00000000c6f00000, 0x00000000c6f00000| Complete 
| 972|0x00000000ffe00000, 0x00000000ffe47000, 0x00000000fff00000| 27%|OA|  |TAMS 0x00000000ffe00000, 0x00000000ffe00000| Untracked 
| 973|0x00000000fff00000, 0x00000000fff6b000, 0x0000000100000000| 41%|CA|  |TAMS 0x00000000fff00000, 0x00000000fff00000| Untracked 

Card table byte_map: [0x00007fe9d7443000,0x00007fe9d762a000] _byte_map_base: 0x00007fe9d6e2a000

Marking Bits (Prev, Next): (CMBitMap*) 0x00007fe9d0045a68, (CMBitMap*) 0x00007fe9d0045aa0
 Prev Bits: [0x00007fe9d6324000, 0x00007fe9d725c000)
 Next Bits: [0x00007fe9d53ec000, 0x00007fe9d6324000)

Polling page: 0x00007fe9d973c000

Metaspace:

Usage:
  Non-class:      5.72 MB capacity,     3.43 MB ( 60%) used,     2.28 MB ( 40%) free+waste,     6.88 KB ( <1%) overhead. 
      Class:    695.00 KB capacity,   436.35 KB ( 63%) used,   254.90 KB ( 37%) free+waste,     3.75 KB ( <1%) overhead. 
       Both:      6.40 MB capacity,     3.85 MB ( 60%) used,     2.53 MB ( 40%) free+waste,    10.62 KB ( <1%) overhead. 

Virtual space:
  Non-class space:        8.00 MB reserved,       5.75 MB ( 72%) committed 
      Class space:        1.00 GB reserved,     768.00 KB ( <1%) committed 
             Both:        1.01 GB reserved,       6.50 MB ( <1%) committed 

Chunk freelists:
   Non-Class:  25.00 KB
       Class:  9.00 KB
        Both:  34.00 KB

MaxMetaspaceSize: unlimited
CompressedClassSpaceSize: 1.00 GB
Initial GC threshold: 20.80 MB
Current GC threshold: 20.80 MB
CDS: on

CodeHeap 'non-profiled nmethods': size=120036Kb used=217Kb max_used=217Kb free=119818Kb
 bounds [0x00007fe9c00c7000, 0x00007fe9c0337000, 0x00007fe9c7600000]
CodeHeap 'profiled nmethods': size=120032Kb used=1137Kb max_used=1137Kb free=118894Kb
 bounds [0x00007fe9b8b8f000, 0x00007fe9b8dff000, 0x00007fe9c00c7000]
CodeHeap 'non-nmethods': size=5692Kb used=1157Kb max_used=1170Kb free=4534Kb
 bounds [0x00007fe9b8600000, 0x00007fe9b8870000, 0x00007fe9b8b8f000]
 total_blobs=1100 nmethods=691 adapters=323
 compilation: enabled
              stopped_count=0, restarted_count=0
 full_count=0

Compilation events (20 events):
Event: 0.615 Thread 0x00007fe9d012e800  677       3       java.lang.invoke.MethodHandles$Lookup::lookupClassOrNull (17 bytes)
Event: 0.615 Thread 0x00007fe9d012e800 nmethod 677 0x00007fe9b8c9b190 code [0x00007fe9b8c9b340, 0x00007fe9b8c9b4d0]
Event: 0.615 Thread 0x00007fe9d012e800  678       3       java.lang.invoke.MethodType::parameterSlotCount (8 bytes)
Event: 0.616 Thread 0x00007fe9d012e800 nmethod 678 0x00007fe9b8c9b590 code [0x00007fe9b8c9b740, 0x00007fe9b8c9b950]
Event: 0.616 Thread 0x00007fe9d012e800  679       3       java.lang.invoke.MethodTypeForm::parameterSlotCount (9 bytes)
Event: 0.616 Thread 0x00007fe9d012e800 nmethod 679 0x00007fe9b8c9ba90 code [0x00007fe9b8c9bc40, 0x00007fe9b8c9bdd0]
Event: 0.616 Thread 0x00007fe9d012e800  680       3       sun.invoke.util.Wrapper::forPrimitiveType (49 bytes)
Event: 0.617 Thread 0x00007fe9d012e800 nmethod 680 0x00007fe9b8c9be90 code [0x00007fe9b8c9c220, 0x00007fe9b8c9d780]
Event: 0.617 Thread 0x00007fe9d012e800  682       3       java.util.ImmutableCollections$ListN::size (6 bytes)
Event: 0.617 Thread 0x00007fe9d012e800 nmethod 682 0x00007fe9b8c9df90 code [0x00007fe9b8c9e140, 0x00007fe9b8c9e270]
Event: 0.617 Thread 0x00007fe9d012e800  681       3       java.lang.invoke.MemberName::checkForTypeAlias (168 bytes)
Event: 0.618 Thread 0x00007fe9d012e800 nmethod 681 0x00007fe9b8c9e310 code [0x00007fe9b8c9e7c0, 0x00007fe9b8ca0a90]
Event: 0.620 Thread 0x00007fe9d012e800  685       3       java.lang.invoke.LambdaForm$Name::useCount (42 bytes)
Event: 0.621 Thread 0x00007fe9d012e800 nmethod 685 0x00007fe9b8ca1490 code [0x00007fe9b8ca1660, 0x00007fe9b8ca1970]
Event: 0.621 Thread 0x00007fe9d012e800  686       3       jdk.internal.org.objectweb.asm.Frame::execute (2264 bytes)
Event: 0.624 Thread 0x00007fe9d012c800  691       4       java.util.ArrayList$Itr::next (66 bytes)
Event: 0.624 Thread 0x00007fe9d012e800 nmethod 686 0x00007fe9b8ca1a90 code [0x00007fe9b8ca2920, 0x00007fe9b8ca95f0]
Event: 0.624 Thread 0x00007fe9d012e800  684       1       java.lang.invoke.LambdaForm$Name::type (5 bytes)
Event: 0.624 Thread 0x00007fe9d012e800 nmethod 684 0x00007fe9c00fcf90 code [0x00007fe9c00fd140, 0x00007fe9c00fd210]
Event: 0.625 Thread 0x00007fe9d012c800 nmethod 691 0x00007fe9c00fd290 code [0x00007fe9c00fd420, 0x00007fe9c00fd538]

GC Heap History (2 events):
Event: 0.348 GC heap before
{Heap before GC invocations=0 (full 0):
 garbage-first heap   total 65536K, used 6856K [0x00000000c3200000, 0x0000000100000000)
  region size 1024K, 7 young (7168K), 0 survivors (0K)
 Metaspace       used 3043K, capacity 5908K, committed 6016K, reserved 1056768K
  class space    used 339K, capacity 586K, committed 640K, reserved 1048576K
}
Event: 0.361 GC heap after
{Heap after GC invocations=1 (full 0):
 garbage-first heap   total 65536K, used 2344K [0x00000000c3200000, 0x0000000100000000)
  region size 1024K, 1 young (1024K), 1 survivors (1024K)
 Metaspace       used 3043K, capacity 5908K, committed 6016K, reserved 1056768K
  class space    used 339K, capacity 586K, committed 640K, reserved 1048576K
}

Deoptimization events (20 events):
Event: 0.320 Thread 0x00007fe9d0016800 DEOPT PACKING pc=0x00007fe9c00df1dc sp=0x00007fe9d93ddf30
Event: 0.320 Thread 0x00007fe9d0016800 DEOPT UNPACKING pc=0x00007fe9b86082a5 sp=0x00007fe9d93ddec8 mode 2
Event: 0.321 Thread 0x00007fe9d0016800 Uncommon trap: trap_request=0xffffffc6 fr.pc=0x00007fe9c00df1dc relative=0x000000000000037c
Event: 0.321 Thread 0x00007fe9d0016800 Uncommon trap: reason=bimorphic_or_optimized_type_check action=maybe_recompile pc=0x00007fe9c00df1dc method=java.util.HashMap.getNode(ILjava/lang/Object;)Ljava/util/HashMap$Node; @ 126 c2
Event: 0.321 Thread 0x00007fe9d0016800 DEOPT PACKING pc=0x00007fe9c00df1dc sp=0x00007fe9d93dde40
Event: 0.321 Thread 0x00007fe9d0016800 DEOPT UNPACKING pc=0x00007fe9b86082a5 sp=0x00007fe9d93dddd8 mode 2
Event: 0.321 Thread 0x00007fe9d0016800 Uncommon trap: trap_request=0xffffffc6 fr.pc=0x00007fe9c00df1dc relative=0x000000000000037c
Event: 0.321 Thread 0x00007fe9d0016800 Uncommon trap: reason=bimorphic_or_optimized_type_check action=maybe_recompile pc=0x00007fe9c00df1dc method=java.util.HashMap.getNode(ILjava/lang/Object;)Ljava/util/HashMap$Node; @ 126 c2
Event: 0.321 Thread 0x00007fe9d0016800 DEOPT PACKING pc=0x00007fe9c00df1dc sp=0x00007fe9d93ddf50
Event: 0.321 Thread 0x00007fe9d0016800 DEOPT UNPACKING pc=0x00007fe9b86082a5 sp=0x00007fe9d93ddee8 mode 2
Event: 0.365 Thread 0x00007fe9d0016800 DEOPT PACKING pc=0x00007fe9b8bed7a4 sp=0x00007fe9d93dc3d0
Event: 0.365 Thread 0x00007fe9d0016800 DEOPT UNPACKING pc=0x00007fe9b86499fa sp=0x00007fe9d93db848 mode 0
Event: 0.501 Thread 0x00007fe9d0016800 DEOPT PACKING pc=0x00007fe9b8bec542 sp=0x00007fe9d93dd520
Event: 0.501 Thread 0x00007fe9d0016800 DEOPT UNPACKING pc=0x00007fe9b86499fa sp=0x00007fe9d93dc9a8 mode 0
Event: 0.503 Thread 0x00007fe9d0016800 DEOPT PACKING pc=0x00007fe9b8bb474f sp=0x00007fe9d93dd530
Event: 0.503 Thread 0x00007fe9d0016800 DEOPT UNPACKING pc=0x00007fe9b86499fa sp=0x00007fe9d93dc9d8 mode 0
Event: 0.504 Thread 0x00007fe9d0016800 DEOPT PACKING pc=0x00007fe9b8bb474f sp=0x00007fe9d93dd550
Event: 0.504 Thread 0x00007fe9d0016800 DEOPT UNPACKING pc=0x00007fe9b86499fa sp=0x00007fe9d93dc9f8 mode 0
Event: 0.505 Thread 0x00007fe9d0016800 DEOPT PACKING pc=0x00007fe9b8bb474f sp=0x00007fe9d93dd4b0
Event: 0.505 Thread 0x00007fe9d0016800 DEOPT UNPACKING pc=0x00007fe9b86499fa sp=0x00007fe9d93dc958 mode 0

Classes redefined (0 events):
No events

Internal exceptions (20 events):
Event: 0.100 Thread 0x00007fe9d0016800 Exception <a 'java/security/PrivilegedActionException'{0x00000000c6ebcfd0}> (0x00000000c6ebcfd0) thrown at [./src/hotspot/share/prims/jvm.cpp, line 1304]
Event: 0.100 Thread 0x00007fe9d0016800 Exception <a 'java/security/PrivilegedActionException'{0x00000000c6ebd2a0}> (0x00000000c6ebd2a0) thrown at [./src/hotspot/share/prims/jvm.cpp, line 1304]
Event: 0.100 Thread 0x00007fe9d0016800 Exception <a 'java/security/PrivilegedActionException'{0x00000000c6ebdc10}> (0x00000000c6ebdc10) thrown at [./src/hotspot/share/prims/jvm.cpp, line 1304]
Event: 0.100 Thread 0x00007fe9d0016800 Exception <a 'java/security/PrivilegedActionException'{0x00000000c6ebdee0}> (0x00000000c6ebdee0) thrown at [./src/hotspot/share/prims/jvm.cpp, line 1304]
Event: 0.100 Thread 0x00007fe9d0016800 Exception <a 'java/security/PrivilegedActionException'{0x00000000c6ebe850}> (0x00000000c6ebe850) thrown at [./src/hotspot/share/prims/jvm.cpp, line 1304]
Event: 0.100 Thread 0x00007fe9d0016800 Exception <a 'java/security/PrivilegedActionException'{0x00000000c6ebeb20}> (0x00000000c6ebeb20) thrown at [./src/hotspot/share/prims/jvm.cpp, line 1304]
Event: 0.100 Thread 0x00007fe9d0016800 Exception <a 'java/security/PrivilegedActionException'{0x00000000c6ebf4a8}> (0x00000000c6ebf4a8) thrown at [./src/hotspot/share/prims/jvm.cpp, line 1304]
Event: 0.100 Thread 0x00007fe9d0016800 Exception <a 'java/security/PrivilegedActionException'{0x00000000c6ebf778}> (0x00000000c6ebf778) thrown at [./src/hotspot/share/prims/jvm.cpp, line 1304]
Event: 0.100 Thread 0x00007fe9d0016800 Exception <a 'java/security/PrivilegedActionException'{0x00000000c6ec0100}> (0x00000000c6ec0100) thrown at [./src/hotspot/share/prims/jvm.cpp, line 1304]
Event: 0.100 Thread 0x00007fe9d0016800 Exception <a 'java/security/PrivilegedActionException'{0x00000000c6ec03d0}> (0x00000000c6ec03d0) thrown at [./src/hotspot/share/prims/jvm.cpp, line 1304]
Event: 0.100 Thread 0x00007fe9d0016800 Exception <a 'java/security/PrivilegedActionException'{0x00000000c6ec0d58}> (0x00000000c6ec0d58) thrown at [./src/hotspot/share/prims/jvm.cpp, line 1304]
Event: 0.100 Thread 0x00007fe9d0016800 Exception <a 'java/security/PrivilegedActionException'{0x00000000c6ec1028}> (0x00000000c6ec1028) thrown at [./src/hotspot/share/prims/jvm.cpp, line 1304]
Event: 0.100 Thread 0x00007fe9d0016800 Exception <a 'java/security/PrivilegedActionException'{0x00000000c6ec1998}> (0x00000000c6ec1998) thrown at [./src/hotspot/share/prims/jvm.cpp, line 1304]
Event: 0.100 Thread 0x00007fe9d0016800 Exception <a 'java/security/PrivilegedActionException'{0x00000000c6ec1c68}> (0x00000000c6ec1c68) thrown at [./src/hotspot/share/prims/jvm.cpp, line 1304]
Event: 0.100 Thread 0x00007fe9d0016800 Exception <a 'java/security/PrivilegedActionException'{0x00000000c6ec25f0}> (0x00000000c6ec25f0) thrown at [./src/hotspot/share/prims/jvm.cpp, line 1304]
Event: 0.100 Thread 0x00007fe9d0016800 Exception <a 'java/security/PrivilegedActionException'{0x00000000c6ec28c0}> (0x00000000c6ec28c0) thrown at [./src/hotspot/share/prims/jvm.cpp, line 1304]
Event: 0.177 Thread 0x00007fe9d0016800 Exception <a 'java/lang/NoSuchMethodError'{0x00000000c6da1ed8}: 'int java.lang.invoke.DirectMethodHandle$Holder.invokeStaticInit(java.lang.Object, java.lang.Object, java.lang.Object, java.lang.Object)'> (0x00000000c6da1ed8) thrown at [./src/hotspot/share/interpreter/linkResolver.cpp, line 772]
Event: 0.178 Thread 0x00007fe9d0016800 Exception <a 'java/lang/IncompatibleClassChangeError'{0x00000000c6dabc58}: Found class java.lang.Object, but interface was expected> (0x00000000c6dabc58) thrown at [./src/hotspot/share/interpreter/linkResolver.cpp, line 839]
Event: 0.178 Thread 0x00007fe9d0016800 Exception <a 'java/lang/NoSuchMethodError'{0x00000000c6daee08}: 'void java.lang.invoke.DirectMethodHandle$Holder.invokeStaticInit(java.lang.Object, java.lang.Object)'> (0x00000000c6daee08) thrown at [./src/hotspot/share/interpreter/linkResolver.cpp, line 772]
Event: 0.179 Thread 0x00007fe9d0016800 Exception <a 'java/lang/NoSuchMethodError'{0x00000000c6db5a78}: 'int java.lang.invoke.DirectMethodHandle$Holder.invokeStaticInit(java.lang.Object, java.lang.Object)'> (0x00000000c6db5a78) thrown at [./src/hotspot/share/interpreter/linkResolver.cpp, line 772]

Events (20 events):
Event: 0.589 loading class LLVMSymbolTable$SymbolTableEntry
Event: 0.589 loading class LLVMSymbolTable$SymbolTableEntry done
Event: 0.592 Executing VM operation: Deoptimize
Event: 0.592 Executing VM operation: Deoptimize done
Event: 0.595 loading class java/lang/invoke/BoundMethodHandle$Species_LL
Event: 0.595 loading class java/lang/invoke/BoundMethodHandle$Species_LL done
Event: 0.599 loading class java/lang/invoke/BoundMethodHandle$Species_LLL
Event: 0.599 loading class java/lang/invoke/BoundMethodHandle$Species_LLL done
Event: 0.601 loading class java/lang/invoke/BoundMethodHandle$Species_LLLL
Event: 0.601 loading class java/lang/invoke/BoundMethodHandle$Species_LLLL done
Event: 0.604 loading class java/lang/invoke/BoundMethodHandle$Species_LLLLL
Event: 0.604 loading class java/lang/invoke/BoundMethodHandle$Species_LLLLL done
Event: 0.612 loading class java/lang/invoke/BoundMethodHandle$Species_LLLLLL
Event: 0.612 loading class java/lang/invoke/BoundMethodHandle$Species_LLLLLL done
Event: 0.614 loading class java/lang/invoke/BoundMethodHandle$Species_LLLLLLI
Event: 0.615 loading class java/lang/invoke/BoundMethodHandle$Species_LLLLLLI done
Event: 0.618 loading class java/lang/invoke/BoundMethodHandle$Species_LLLLLLII
Event: 0.618 loading class java/lang/invoke/BoundMethodHandle$Species_LLLLLLII done
Event: 0.619 loading class java/lang/invoke/BoundMethodHandle$Species_LLLLLLIIL
Event: 0.619 loading class java/lang/invoke/BoundMethodHandle$Species_LLLLLLIIL done


Dynamic libraries:
c3200000-c7000000 rw-p 00000000 00:00 0 
c7000000-ffe00000 ---p 00000000 00:00 0 
ffe00000-ffe47000 rw-p 00b0a000 08:03 1060156                            /usr/lib/jvm/java-11-openjdk-amd64/lib/server/classes.jsa
ffe47000-fff00000 rw-p 00000000 00:00 0 
fff00000-fff6b000 rw-p 00a9f000 08:03 1060156                            /usr/lib/jvm/java-11-openjdk-amd64/lib/server/classes.jsa
fff6b000-100000000 rw-p 00000000 00:00 0 
800000000-800002000 rwxp 00001000 08:03 1060156                          /usr/lib/jvm/java-11-openjdk-amd64/lib/server/classes.jsa
800002000-8003cc000 rw-p 00003000 08:03 1060156                          /usr/lib/jvm/java-11-openjdk-amd64/lib/server/classes.jsa
8003cc000-800a9d000 r--p 003cd000 08:03 1060156                          /usr/lib/jvm/java-11-openjdk-amd64/lib/server/classes.jsa
800a9d000-800a9e000 rw-p 00a9e000 08:03 1060156                          /usr/lib/jvm/java-11-openjdk-amd64/lib/server/classes.jsa
840000000-8400c0000 rw-p 00000000 00:00 0 
8400c0000-880000000 ---p 00000000 00:00 0 
562a2ebb5000-562a2ebb6000 r--p 00000000 08:03 1058673                    /usr/lib/jvm/java-11-openjdk-amd64/bin/java
562a2ebb6000-562a2ebb7000 r-xp 00001000 08:03 1058673                    /usr/lib/jvm/java-11-openjdk-amd64/bin/java
562a2ebb7000-562a2ebb8000 r--p 00002000 08:03 1058673                    /usr/lib/jvm/java-11-openjdk-amd64/bin/java
562a2ebb8000-562a2ebb9000 r--p 00002000 08:03 1058673                    /usr/lib/jvm/java-11-openjdk-amd64/bin/java
562a2ebb9000-562a2ebba000 rw-p 00003000 08:03 1058673                    /usr/lib/jvm/java-11-openjdk-amd64/bin/java
562a2ee88000-562a2eed1000 rw-p 00000000 00:00 0                          [heap]
7fe975400000-7fe975d26000 r--p 00000000 08:03 1579535                    /home/doudou/.javacpp/cache/llvm-13.0.1-1.5.7-linux-x86_64.jar/org/bytedeco/llvm/linux-x86_64/libLLVM-13.so
7fe975d26000-7fe9796e9000 r-xp 00926000 08:03 1579535                    /home/doudou/.javacpp/cache/llvm-13.0.1-1.5.7-linux-x86_64.jar/org/bytedeco/llvm/linux-x86_64/libLLVM-13.so
7fe9796e9000-7fe97b93e000 r--p 042e9000 08:03 1579535                    /home/doudou/.javacpp/cache/llvm-13.0.1-1.5.7-linux-x86_64.jar/org/bytedeco/llvm/linux-x86_64/libLLVM-13.so
7fe97b93e000-7fe97be53000 r--p 0653d000 08:03 1579535                    /home/doudou/.javacpp/cache/llvm-13.0.1-1.5.7-linux-x86_64.jar/org/bytedeco/llvm/linux-x86_64/libLLVM-13.so
7fe97be53000-7fe97be5e000 rw-p 06a52000 08:03 1579535                    /home/doudou/.javacpp/cache/llvm-13.0.1-1.5.7-linux-x86_64.jar/org/bytedeco/llvm/linux-x86_64/libLLVM-13.so
7fe97be5e000-7fe97bed4000 rw-p 00000000 00:00 0 
7fe97c000000-7fe97c021000 rw-p 00000000 00:00 0 
7fe97c021000-7fe980000000 ---p 00000000 00:00 0 
7fe980000000-7fe980021000 rw-p 00000000 00:00 0 
7fe980021000-7fe984000000 ---p 00000000 00:00 0 
7fe984000000-7fe98437e000 rw-p 00000000 00:00 0 
7fe98437e000-7fe988000000 ---p 00000000 00:00 0 
7fe988000000-7fe98842b000 rw-p 00000000 00:00 0 
7fe98842b000-7fe98c000000 ---p 00000000 00:00 0 
7fe98c000000-7fe98c021000 rw-p 00000000 00:00 0 
7fe98c021000-7fe990000000 ---p 00000000 00:00 0 
7fe990000000-7fe990021000 rw-p 00000000 00:00 0 
7fe990021000-7fe994000000 ---p 00000000 00:00 0 
7fe994000000-7fe994021000 rw-p 00000000 00:00 0 
7fe994021000-7fe998000000 ---p 00000000 00:00 0 
7fe998000000-7fe998021000 rw-p 00000000 00:00 0 
7fe998021000-7fe99c000000 ---p 00000000 00:00 0 
7fe99c000000-7fe99c021000 rw-p 00000000 00:00 0 
7fe99c021000-7fe9a0000000 ---p 00000000 00:00 0 
7fe9a0000000-7fe9a0021000 rw-p 00000000 00:00 0 
7fe9a0021000-7fe9a4000000 ---p 00000000 00:00 0 
7fe9a4000000-7fe9a4021000 rw-p 00000000 00:00 0 
7fe9a4021000-7fe9a8000000 ---p 00000000 00:00 0 
7fe9a8ef8000-7fe9a8f5d000 r--p 00000000 08:03 1579540                    /home/doudou/.javacpp/cache/llvm-13.0.1-1.5.7-linux-x86_64.jar/org/bytedeco/llvm/linux-x86_64/libjniLLVM.so
7fe9a8f5d000-7fe9a8fcb000 r-xp 00065000 08:03 1579540                    /home/doudou/.javacpp/cache/llvm-13.0.1-1.5.7-linux-x86_64.jar/org/bytedeco/llvm/linux-x86_64/libjniLLVM.so
7fe9a8fcb000-7fe9a8ff6000 r--p 000d3000 08:03 1579540                    /home/doudou/.javacpp/cache/llvm-13.0.1-1.5.7-linux-x86_64.jar/org/bytedeco/llvm/linux-x86_64/libjniLLVM.so
7fe9a8ff6000-7fe9a8ff9000 r--p 000fd000 08:03 1579540                    /home/doudou/.javacpp/cache/llvm-13.0.1-1.5.7-linux-x86_64.jar/org/bytedeco/llvm/linux-x86_64/libjniLLVM.so
7fe9a8ff9000-7fe9a8ffc000 rw-p 00100000 08:03 1579540                    /home/doudou/.javacpp/cache/llvm-13.0.1-1.5.7-linux-x86_64.jar/org/bytedeco/llvm/linux-x86_64/libjniLLVM.so
7fe9a8ffc000-7fe9a8ffe000 rw-p 00000000 00:00 0 
7fe9a8ffe000-7fe9a8fff000 ---p 00000000 00:00 0 
7fe9a8fff000-7fe9a9100000 rw-p 00000000 00:00 0 
7fe9a9100000-7fe9a9104000 ---p 00000000 00:00 0 
7fe9a9104000-7fe9a9200000 rw-p 00000000 00:00 0 
7fe9a9200000-7fe9a9fe7000 r--p 00000000 08:03 534858                     /usr/lib/locale/locale-archive
7fe9aa000000-7fe9ac000000 rw-p 00000000 00:00 0 
7fe9ac000000-7fe9ac021000 rw-p 00000000 00:00 0 
7fe9ac021000-7fe9b0000000 ---p 00000000 00:00 0 
7fe9b0000000-7fe9b0021000 rw-p 00000000 00:00 0 
7fe9b0021000-7fe9b4000000 ---p 00000000 00:00 0 
7fe9b4000000-7fe9b4021000 rw-p 00000000 00:00 0 
7fe9b4021000-7fe9b8000000 ---p 00000000 00:00 0 
7fe9b80fe000-7fe9b80ff000 ---p 00000000 00:00 0 
7fe9b80ff000-7fe9b8200000 rw-p 00000000 00:00 0 
7fe9b8200000-7fe9b8204000 ---p 00000000 00:00 0 
7fe9b8204000-7fe9b8300000 rw-p 00000000 00:00 0 
7fe9b8300000-7fe9b8304000 ---p 00000000 00:00 0 
7fe9b8304000-7fe9b8400000 rw-p 00000000 00:00 0 
7fe9b8400000-7fe9b8404000 ---p 00000000 00:00 0 
7fe9b8404000-7fe9b8500000 rw-p 00000000 00:00 0 
7fe9b8500000-7fe9b8504000 ---p 00000000 00:00 0 
7fe9b8504000-7fe9b8600000 rw-p 00000000 00:00 0 
7fe9b8600000-7fe9b8870000 rwxp 00000000 00:00 0 
7fe9b8870000-7fe9b8b8f000 ---p 00000000 00:00 0 
7fe9b8b8f000-7fe9b8dff000 rwxp 00000000 00:00 0 
7fe9b8dff000-7fe9c00c7000 ---p 00000000 00:00 0 
7fe9c00c7000-7fe9c0337000 rwxp 00000000 00:00 0 
7fe9c0337000-7fe9c7600000 ---p 00000000 00:00 0 
7fe9c7600000-7fe9cfe0b000 r--s 00000000 08:03 1058832                    /usr/lib/jvm/java-11-openjdk-amd64/lib/modules
7fe9cff00000-7fe9cff04000 ---p 00000000 00:00 0 
7fe9cff04000-7fe9d0000000 rw-p 00000000 00:00 0 
7fe9d0000000-7fe9d039a000 rw-p 00000000 00:00 0 
7fe9d039a000-7fe9d4000000 ---p 00000000 00:00 0 
7fe9d4007000-7fe9d400e000 r--p 00000000 08:03 1579536                    /home/doudou/.javacpp/cache/llvm-13.0.1-1.5.7-linux-x86_64.jar/org/bytedeco/llvm/linux-x86_64/libLTO.so.13
7fe9d400e000-7fe9d4016000 r-xp 00007000 08:03 1579536                    /home/doudou/.javacpp/cache/llvm-13.0.1-1.5.7-linux-x86_64.jar/org/bytedeco/llvm/linux-x86_64/libLTO.so.13
7fe9d4016000-7fe9d4018000 r--p 0000f000 08:03 1579536                    /home/doudou/.javacpp/cache/llvm-13.0.1-1.5.7-linux-x86_64.jar/org/bytedeco/llvm/linux-x86_64/libLTO.so.13
7fe9d4018000-7fe9d4019000 r--p 00010000 08:03 1579536                    /home/doudou/.javacpp/cache/llvm-13.0.1-1.5.7-linux-x86_64.jar/org/bytedeco/llvm/linux-x86_64/libLTO.so.13
7fe9d4019000-7fe9d401a000 rw-p 00011000 08:03 1579536                    /home/doudou/.javacpp/cache/llvm-13.0.1-1.5.7-linux-x86_64.jar/org/bytedeco/llvm/linux-x86_64/libLTO.so.13
7fe9d401a000-7fe9d401b000 r--p 00000000 08:03 551276                     /usr/lib/x86_64-linux-gnu/libdl.so.2
7fe9d401b000-7fe9d401c000 r-xp 00001000 08:03 551276                     /usr/lib/x86_64-linux-gnu/libdl.so.2
7fe9d401c000-7fe9d401d000 r--p 00002000 08:03 551276                     /usr/lib/x86_64-linux-gnu/libdl.so.2
7fe9d401d000-7fe9d401e000 r--p 00002000 08:03 551276                     /usr/lib/x86_64-linux-gnu/libdl.so.2
7fe9d401e000-7fe9d401f000 rw-p 00003000 08:03 551276                     /usr/lib/x86_64-linux-gnu/libdl.so.2
7fe9d401f000-7fe9d4020000 r--p 00000000 08:03 552054                     /usr/lib/x86_64-linux-gnu/libpthread.so.0
7fe9d4020000-7fe9d4021000 r-xp 00001000 08:03 552054                     /usr/lib/x86_64-linux-gnu/libpthread.so.0
7fe9d4021000-7fe9d4022000 r--p 00002000 08:03 552054                     /usr/lib/x86_64-linux-gnu/libpthread.so.0
7fe9d4022000-7fe9d4023000 r--p 00002000 08:03 552054                     /usr/lib/x86_64-linux-gnu/libpthread.so.0
7fe9d4023000-7fe9d4024000 rw-p 00003000 08:03 552054                     /usr/lib/x86_64-linux-gnu/libpthread.so.0
7fe9d4027000-7fe9d402e000 r--s 00000000 08:03 553557                     /usr/lib/x86_64-linux-gnu/gconv/gconv-modules.cache
7fe9d402e000-7fe9d402f000 r--p 00000000 08:03 1579538                    /home/doudou/.javacpp/cache/llvm-13.0.1-1.5.7-linux-x86_64.jar/org/bytedeco/llvm/linux-x86_64/libRemarks.so.13
7fe9d402f000-7fe9d4030000 r-xp 00001000 08:03 1579538                    /home/doudou/.javacpp/cache/llvm-13.0.1-1.5.7-linux-x86_64.jar/org/bytedeco/llvm/linux-x86_64/libRemarks.so.13
7fe9d4030000-7fe9d4031000 r--p 00002000 08:03 1579538                    /home/doudou/.javacpp/cache/llvm-13.0.1-1.5.7-linux-x86_64.jar/org/bytedeco/llvm/linux-x86_64/libRemarks.so.13
7fe9d4031000-7fe9d4032000 r--p 00002000 08:03 1579538                    /home/doudou/.javacpp/cache/llvm-13.0.1-1.5.7-linux-x86_64.jar/org/bytedeco/llvm/linux-x86_64/libRemarks.so.13
7fe9d4032000-7fe9d4033000 rw-p 00003000 08:03 1579538                    /home/doudou/.javacpp/cache/llvm-13.0.1-1.5.7-linux-x86_64.jar/org/bytedeco/llvm/linux-x86_64/libRemarks.so.13
7fe9d4033000-7fe9d4037000 r--p 00000000 08:03 1058822                    /usr/lib/jvm/java-11-openjdk-amd64/lib/libnet.so
7fe9d4037000-7fe9d4045000 r-xp 00004000 08:03 1058822                    /usr/lib/jvm/java-11-openjdk-amd64/lib/libnet.so
7fe9d4045000-7fe9d4049000 r--p 00012000 08:03 1058822                    /usr/lib/jvm/java-11-openjdk-amd64/lib/libnet.so
7fe9d4049000-7fe9d404a000 r--p 00015000 08:03 1058822                    /usr/lib/jvm/java-11-openjdk-amd64/lib/libnet.so
7fe9d404a000-7fe9d404b000 rw-p 00016000 08:03 1058822                    /usr/lib/jvm/java-11-openjdk-amd64/lib/libnet.so
7fe9d404b000-7fe9d4052000 r--p 00000000 08:03 1058823                    /usr/lib/jvm/java-11-openjdk-amd64/lib/libnio.so
7fe9d4052000-7fe9d405a000 r-xp 00007000 08:03 1058823                    /usr/lib/jvm/java-11-openjdk-amd64/lib/libnio.so
7fe9d405a000-7fe9d405d000 r--p 0000f000 08:03 1058823                    /usr/lib/jvm/java-11-openjdk-amd64/lib/libnio.so
7fe9d405d000-7fe9d405e000 r--p 00011000 08:03 1058823                    /usr/lib/jvm/java-11-openjdk-amd64/lib/libnio.so
7fe9d405e000-7fe9d405f000 rw-p 00012000 08:03 1058823                    /usr/lib/jvm/java-11-openjdk-amd64/lib/libnio.so
7fe9d405f000-7fe9d4063000 ---p 00000000 00:00 0 
7fe9d4063000-7fe9d415f000 rw-p 00000000 00:00 0 
7fe9d415f000-7fe9d4163000 ---p 00000000 00:00 0 
7fe9d4163000-7fe9d425f000 rw-p 00000000 00:00 0 
7fe9d425f000-7fe9d4263000 ---p 00000000 00:00 0 
7fe9d4263000-7fe9d435f000 rw-p 00000000 00:00 0 
7fe9d435f000-7fe9d4363000 ---p 00000000 00:00 0 
7fe9d4363000-7fe9d445f000 rw-p 00000000 00:00 0 
7fe9d445f000-7fe9d4460000 ---p 00000000 00:00 0 
7fe9d4460000-7fe9d4ba2000 rw-p 00000000 00:00 0 
7fe9d4ba2000-7fe9d4de2000 ---p 00000000 00:00 0 
7fe9d4de2000-7fe9d4de3000 ---p 00000000 00:00 0 
7fe9d4de3000-7fe9d4ee4000 rw-p 00000000 00:00 0 
7fe9d4ee4000-7fe9d4ee5000 ---p 00000000 00:00 0 
7fe9d4ee5000-7fe9d51e8000 rw-p 00000000 00:00 0 
7fe9d51e8000-7fe9d51e9000 ---p 00000000 00:00 0 
7fe9d51e9000-7fe9d52ea000 rw-p 00000000 00:00 0 
7fe9d52ea000-7fe9d52eb000 ---p 00000000 00:00 0 
7fe9d52eb000-7fe9d54e4000 rw-p 00000000 00:00 0 
7fe9d54e4000-7fe9d631c000 ---p 00000000 00:00 0 
7fe9d631c000-7fe9d641c000 rw-p 00000000 00:00 0 
7fe9d641c000-7fe9d7254000 ---p 00000000 00:00 0 
7fe9d7254000-7fe9d727b000 rw-p 00000000 00:00 0 
7fe9d727b000-7fe9d7442000 ---p 00000000 00:00 0 
7fe9d7442000-7fe9d7462000 rw-p 00000000 00:00 0 
7fe9d7462000-7fe9d7629000 ---p 00000000 00:00 0 
7fe9d7629000-7fe9d7649000 rw-p 00000000 00:00 0 
7fe9d7649000-7fe9d7810000 ---p 00000000 00:00 0 
7fe9d7810000-7fe9d7a13000 rw-p 00000000 00:00 0 
7fe9d7a13000-7fe9d7a14000 ---p 00000000 00:00 0 
7fe9d7a14000-7fe9d7b1a000 rw-p 00000000 00:00 0 
7fe9d7b1a000-7fe9d7c00000 ---p 00000000 00:00 0 
7fe9d7c00000-7fe9d7c9a000 r--p 00000000 08:03 552221                     /usr/lib/x86_64-linux-gnu/libstdc++.so.6.0.30
7fe9d7c9a000-7fe9d7daa000 r-xp 0009a000 08:03 552221                     /usr/lib/x86_64-linux-gnu/libstdc++.so.6.0.30
7fe9d7daa000-7fe9d7e19000 r--p 001aa000 08:03 552221                     /usr/lib/x86_64-linux-gnu/libstdc++.so.6.0.30
7fe9d7e19000-7fe9d7e24000 r--p 00218000 08:03 552221                     /usr/lib/x86_64-linux-gnu/libstdc++.so.6.0.30
7fe9d7e24000-7fe9d7e27000 rw-p 00223000 08:03 552221                     /usr/lib/x86_64-linux-gnu/libstdc++.so.6.0.30
7fe9d7e27000-7fe9d7e2a000 rw-p 00000000 00:00 0 
7fe9d7e2a000-7fe9d7e2e000 r--p 00000000 08:03 1579530                    /home/doudou/.javacpp/cache/javacpp-1.5.7-linux-x86_64.jar/org/bytedeco/javacpp/linux-x86_64/libjnijavacpp.so
7fe9d7e2e000-7fe9d7e35000 r-xp 00004000 08:03 1579530                    /home/doudou/.javacpp/cache/javacpp-1.5.7-linux-x86_64.jar/org/bytedeco/javacpp/linux-x86_64/libjnijavacpp.so
7fe9d7e35000-7fe9d7e39000 r--p 0000b000 08:03 1579530                    /home/doudou/.javacpp/cache/javacpp-1.5.7-linux-x86_64.jar/org/bytedeco/javacpp/linux-x86_64/libjnijavacpp.so
7fe9d7e39000-7fe9d7e3a000 r--p 0000e000 08:03 1579530                    /home/doudou/.javacpp/cache/javacpp-1.5.7-linux-x86_64.jar/org/bytedeco/javacpp/linux-x86_64/libjnijavacpp.so
7fe9d7e3a000-7fe9d7e3b000 rw-p 0000f000 08:03 1579530                    /home/doudou/.javacpp/cache/javacpp-1.5.7-linux-x86_64.jar/org/bytedeco/javacpp/linux-x86_64/libjnijavacpp.so
7fe9d7e3b000-7fe9d7ebc000 rw-p 00000000 00:00 0 
7fe9d7ebc000-7fe9d7fa2000 ---p 00000000 00:00 0 
7fe9d7fa2000-7fe9d7fa7000 rw-p 00000000 00:00 0 
7fe9d7fa7000-7fe9d7fae000 ---p 00000000 00:00 0 
7fe9d7fae000-7fe9d7fb0000 r--p 00000000 08:03 1058831                    /usr/lib/jvm/java-11-openjdk-amd64/lib/libzip.so
7fe9d7fb0000-7fe9d7fb5000 r-xp 00002000 08:03 1058831                    /usr/lib/jvm/java-11-openjdk-amd64/lib/libzip.so
7fe9d7fb5000-7fe9d7fb7000 r--p 00007000 08:03 1058831                    /usr/lib/jvm/java-11-openjdk-amd64/lib/libzip.so
7fe9d7fb7000-7fe9d7fb8000 r--p 00008000 08:03 1058831                    /usr/lib/jvm/java-11-openjdk-amd64/lib/libzip.so
7fe9d7fb8000-7fe9d7fb9000 rw-p 00009000 08:03 1058831                    /usr/lib/jvm/java-11-openjdk-amd64/lib/libzip.so
7fe9d7fb9000-7fe9d7fc1000 rw-s 00000000 08:03 824363                     /tmp/hsperfdata_doudou/11767
7fe9d7fc1000-7fe9d7fcf000 r--p 00000000 08:03 1058811                    /usr/lib/jvm/java-11-openjdk-amd64/lib/libjava.so
7fe9d7fcf000-7fe9d7fe5000 r-xp 0000e000 08:03 1058811                    /usr/lib/jvm/java-11-openjdk-amd64/lib/libjava.so
7fe9d7fe5000-7fe9d7fec000 r--p 00024000 08:03 1058811                    /usr/lib/jvm/java-11-openjdk-amd64/lib/libjava.so
7fe9d7fec000-7fe9d7fed000 r--p 0002a000 08:03 1058811                    /usr/lib/jvm/java-11-openjdk-amd64/lib/libjava.so
7fe9d7fed000-7fe9d7fee000 rw-p 0002b000 08:03 1058811                    /usr/lib/jvm/java-11-openjdk-amd64/lib/libjava.so
7fe9d7fee000-7fe9d7fef000 rw-p 00000000 00:00 0 
7fe9d7fef000-7fe9d7ff4000 r--p 00000000 08:03 1058830                    /usr/lib/jvm/java-11-openjdk-amd64/lib/libverify.so
7fe9d7ff4000-7fe9d7ffb000 r-xp 00005000 08:03 1058830                    /usr/lib/jvm/java-11-openjdk-amd64/lib/libverify.so
7fe9d7ffb000-7fe9d7ffd000 r--p 0000c000 08:03 1058830                    /usr/lib/jvm/java-11-openjdk-amd64/lib/libverify.so
7fe9d7ffd000-7fe9d7fff000 r--p 0000d000 08:03 1058830                    /usr/lib/jvm/java-11-openjdk-amd64/lib/libverify.so
7fe9d7fff000-7fe9d8000000 rw-p 0000f000 08:03 1058830                    /usr/lib/jvm/java-11-openjdk-amd64/lib/libverify.so
7fe9d8000000-7fe9d8282000 r--p 00000000 08:03 1058837                    /usr/lib/jvm/java-11-openjdk-amd64/lib/server/libjvm.so
7fe9d8282000-7fe9d8f1e000 r-xp 00282000 08:03 1058837                    /usr/lib/jvm/java-11-openjdk-amd64/lib/server/libjvm.so
7fe9d8f1e000-7fe9d9179000 r--p 00f1e000 08:03 1058837                    /usr/lib/jvm/java-11-openjdk-amd64/lib/server/libjvm.so
7fe9d9179000-7fe9d917a000 ---p 01179000 08:03 1058837                    /usr/lib/jvm/java-11-openjdk-amd64/lib/server/libjvm.so
7fe9d917a000-7fe9d923e000 r--p 01179000 08:03 1058837                    /usr/lib/jvm/java-11-openjdk-amd64/lib/server/libjvm.so
7fe9d923e000-7fe9d9279000 rw-p 0123d000 08:03 1058837                    /usr/lib/jvm/java-11-openjdk-amd64/lib/server/libjvm.so
7fe9d9279000-7fe9d92d0000 rw-p 00000000 00:00 0 
7fe9d92d2000-7fe9d92d4000 r--p 00000000 08:03 1058806                    /usr/lib/jvm/java-11-openjdk-amd64/lib/libinstrument.so
7fe9d92d4000-7fe9d92db000 r-xp 00002000 08:03 1058806                    /usr/lib/jvm/java-11-openjdk-amd64/lib/libinstrument.so
7fe9d92db000-7fe9d92de000 r--p 00009000 08:03 1058806                    /usr/lib/jvm/java-11-openjdk-amd64/lib/libinstrument.so
7fe9d92de000-7fe9d92df000 r--p 0000b000 08:03 1058806                    /usr/lib/jvm/java-11-openjdk-amd64/lib/libinstrument.so
7fe9d92df000-7fe9d92e0000 rw-p 0000c000 08:03 1058806                    /usr/lib/jvm/java-11-openjdk-amd64/lib/libinstrument.so
7fe9d92e0000-7fe9d92e4000 ---p 00000000 00:00 0 
7fe9d92e4000-7fe9d93e0000 rw-p 00000000 00:00 0 
7fe9d93e0000-7fe9d93e3000 r--p 00000000 08:03 551433                     /usr/lib/x86_64-linux-gnu/libgcc_s.so.1
7fe9d93e3000-7fe9d93fa000 r-xp 00003000 08:03 551433                     /usr/lib/x86_64-linux-gnu/libgcc_s.so.1
7fe9d93fa000-7fe9d93fe000 r--p 0001a000 08:03 551433                     /usr/lib/x86_64-linux-gnu/libgcc_s.so.1
7fe9d93fe000-7fe9d93ff000 r--p 0001d000 08:03 551433                     /usr/lib/x86_64-linux-gnu/libgcc_s.so.1
7fe9d93ff000-7fe9d9400000 rw-p 0001e000 08:03 551433                     /usr/lib/x86_64-linux-gnu/libgcc_s.so.1
7fe9d9400000-7fe9d9428000 r--p 00000000 08:03 551134                     /usr/lib/x86_64-linux-gnu/libc.so.6
7fe9d9428000-7fe9d95bd000 r-xp 00028000 08:03 551134                     /usr/lib/x86_64-linux-gnu/libc.so.6
7fe9d95bd000-7fe9d9615000 r--p 001bd000 08:03 551134                     /usr/lib/x86_64-linux-gnu/libc.so.6
7fe9d9615000-7fe9d9619000 r--p 00214000 08:03 551134                     /usr/lib/x86_64-linux-gnu/libc.so.6
7fe9d9619000-7fe9d961b000 rw-p 00218000 08:03 551134                     /usr/lib/x86_64-linux-gnu/libc.so.6
7fe9d961b000-7fe9d9628000 rw-p 00000000 00:00 0 
7fe9d9629000-7fe9d962a000 r--p 00000000 08:03 1058804                    /usr/lib/jvm/java-11-openjdk-amd64/lib/libextnet.so
7fe9d962a000-7fe9d962b000 r-xp 00001000 08:03 1058804                    /usr/lib/jvm/java-11-openjdk-amd64/lib/libextnet.so
7fe9d962b000-7fe9d962c000 r--p 00002000 08:03 1058804                    /usr/lib/jvm/java-11-openjdk-amd64/lib/libextnet.so
7fe9d962c000-7fe9d962d000 r--p 00002000 08:03 1058804                    /usr/lib/jvm/java-11-openjdk-amd64/lib/libextnet.so
7fe9d962d000-7fe9d962e000 rw-p 00003000 08:03 1058804                    /usr/lib/jvm/java-11-openjdk-amd64/lib/libextnet.so
7fe9d962e000-7fe9d962f000 r--p 00000000 08:03 552110                     /usr/lib/x86_64-linux-gnu/librt.so.1
7fe9d962f000-7fe9d9630000 r-xp 00001000 08:03 552110                     /usr/lib/x86_64-linux-gnu/librt.so.1
7fe9d9630000-7fe9d9631000 r--p 00002000 08:03 552110                     /usr/lib/x86_64-linux-gnu/librt.so.1
7fe9d9631000-7fe9d9632000 r--p 00002000 08:03 552110                     /usr/lib/x86_64-linux-gnu/librt.so.1
7fe9d9632000-7fe9d9633000 rw-p 00003000 08:03 552110                     /usr/lib/x86_64-linux-gnu/librt.so.1
7fe9d9633000-7fe9d9641000 r--p 00000000 08:03 551785                     /usr/lib/x86_64-linux-gnu/libm.so.6
7fe9d9641000-7fe9d96bd000 r-xp 0000e000 08:03 551785                     /usr/lib/x86_64-linux-gnu/libm.so.6
7fe9d96bd000-7fe9d9718000 r--p 0008a000 08:03 551785                     /usr/lib/x86_64-linux-gnu/libm.so.6
7fe9d9718000-7fe9d9719000 r--p 000e4000 08:03 551785                     /usr/lib/x86_64-linux-gnu/libm.so.6
7fe9d9719000-7fe9d971a000 rw-p 000e5000 08:03 551785                     /usr/lib/x86_64-linux-gnu/libm.so.6
7fe9d971a000-7fe9d971c000 rw-p 00000000 00:00 0 
7fe9d971c000-7fe9d971e000 r--p 00000000 08:03 552488                     /usr/lib/x86_64-linux-gnu/libz.so.1.2.11
7fe9d971e000-7fe9d972f000 r-xp 00002000 08:03 552488                     /usr/lib/x86_64-linux-gnu/libz.so.1.2.11
7fe9d972f000-7fe9d9735000 r--p 00013000 08:03 552488                     /usr/lib/x86_64-linux-gnu/libz.so.1.2.11
7fe9d9735000-7fe9d9736000 ---p 00019000 08:03 552488                     /usr/lib/x86_64-linux-gnu/libz.so.1.2.11
7fe9d9736000-7fe9d9737000 r--p 00019000 08:03 552488                     /usr/lib/x86_64-linux-gnu/libz.so.1.2.11
7fe9d9737000-7fe9d9738000 rw-p 0001a000 08:03 552488                     /usr/lib/x86_64-linux-gnu/libz.so.1.2.11
7fe9d973c000-7fe9d973d000 ---p 00000000 00:00 0 
7fe9d973d000-7fe9d973e000 r--p 00000000 00:00 0 
7fe9d973e000-7fe9d9740000 r--p 00000000 08:03 1058814                    /usr/lib/jvm/java-11-openjdk-amd64/lib/libjimage.so
7fe9d9740000-7fe9d9743000 r-xp 00002000 08:03 1058814                    /usr/lib/jvm/java-11-openjdk-amd64/lib/libjimage.so
7fe9d9743000-7fe9d9744000 r--p 00005000 08:03 1058814                    /usr/lib/jvm/java-11-openjdk-amd64/lib/libjimage.so
7fe9d9744000-7fe9d9745000 ---p 00006000 08:03 1058814                    /usr/lib/jvm/java-11-openjdk-amd64/lib/libjimage.so
7fe9d9745000-7fe9d9746000 r--p 00006000 08:03 1058814                    /usr/lib/jvm/java-11-openjdk-amd64/lib/libjimage.so
7fe9d9746000-7fe9d9747000 rw-p 00007000 08:03 1058814                    /usr/lib/jvm/java-11-openjdk-amd64/lib/libjimage.so
7fe9d9747000-7fe9d974a000 r--p 00000000 08:03 1058796                    /usr/lib/jvm/java-11-openjdk-amd64/lib/jli/libjli.so
7fe9d974a000-7fe9d9754000 r-xp 00003000 08:03 1058796                    /usr/lib/jvm/java-11-openjdk-amd64/lib/jli/libjli.so
7fe9d9754000-7fe9d9757000 r--p 0000d000 08:03 1058796                    /usr/lib/jvm/java-11-openjdk-amd64/lib/jli/libjli.so
7fe9d9757000-7fe9d9758000 ---p 00010000 08:03 1058796                    /usr/lib/jvm/java-11-openjdk-amd64/lib/jli/libjli.so
7fe9d9758000-7fe9d9759000 r--p 00010000 08:03 1058796                    /usr/lib/jvm/java-11-openjdk-amd64/lib/jli/libjli.so
7fe9d9759000-7fe9d975a000 rw-p 00011000 08:03 1058796                    /usr/lib/jvm/java-11-openjdk-amd64/lib/jli/libjli.so
7fe9d975a000-7fe9d975c000 rw-p 00000000 00:00 0 
7fe9d975c000-7fe9d975e000 r--p 00000000 08:03 550792                     /usr/lib/x86_64-linux-gnu/ld-linux-x86-64.so.2
7fe9d975e000-7fe9d9788000 r-xp 00002000 08:03 550792                     /usr/lib/x86_64-linux-gnu/ld-linux-x86-64.so.2
7fe9d9788000-7fe9d9793000 r--p 0002c000 08:03 550792                     /usr/lib/x86_64-linux-gnu/ld-linux-x86-64.so.2
7fe9d9794000-7fe9d9796000 r--p 00037000 08:03 550792                     /usr/lib/x86_64-linux-gnu/ld-linux-x86-64.so.2
7fe9d9796000-7fe9d9798000 rw-p 00039000 08:03 550792                     /usr/lib/x86_64-linux-gnu/ld-linux-x86-64.so.2
7ffe733ac000-7ffe733cd000 rw-p 00000000 00:00 0                          [stack]
7ffe733e1000-7ffe733e5000 r--p 00000000 00:00 0                          [vvar]
7ffe733e5000-7ffe733e7000 r-xp 00000000 00:00 0                          [vdso]
ffffffffff600000-ffffffffff601000 --xp 00000000 00:00 0                  [vsyscall]


VM Arguments:
jvm_args: -javaagent:/snap/intellij-idea-ultimate/430/lib/idea_rt.jar=45767:/snap/intellij-idea-ultimate/430/bin -Dfile.encoding=UTF-8 
java_command: Main /home/doudou/lab/Lab/tests/test1.sysy /home/doudou/lab/Lab/tests/out.txt
java_class_path (initial): /home/doudou/lab/Lab/out/production/Lab:/usr/local/lib/antlr-4.9.1-complete.jar:/usr/local/lib/javacpp-1.5.7-linux-x86_64.jar:/usr/local/lib/javacpp-1.5.7.jar:/usr/local/lib/llvm-13.0.1-1.5.7-linux-x86_64.jar:/usr/local/lib/llvm-13.0.1-1.5.7.jar:/usr/local/lib/llvm-platform-13.0.1-1.5.7.jar
Launcher Type: SUN_STANDARD

[Global flags]
     intx CICompilerCount                          = 2                                         {product} {ergonomic}
     uint ConcGCThreads                            = 1                                         {product} {ergonomic}
     uint G1ConcRefinementThreads                  = 2                                         {product} {ergonomic}
   size_t G1HeapRegionSize                         = 1048576                                   {product} {ergonomic}
    uintx GCDrainStackTargetSize                   = 64                                        {product} {ergonomic}
   size_t InitialHeapSize                          = 65011712                                  {product} {ergonomic}
   size_t MarkStackSize                            = 4194304                                   {product} {ergonomic}
   size_t MaxHeapSize                              = 1021313024                                {product} {ergonomic}
   size_t MaxNewSize                               = 612368384                                 {product} {ergonomic}
   size_t MinHeapDeltaBytes                        = 1048576                                   {product} {ergonomic}
    uintx NonNMethodCodeHeapSize                   = 5825164                                {pd product} {ergonomic}
    uintx NonProfiledCodeHeapSize                  = 122916538                              {pd product} {ergonomic}
    uintx ProfiledCodeHeapSize                     = 122916538                              {pd product} {ergonomic}
    uintx ReservedCodeCacheSize                    = 251658240                              {pd product} {ergonomic}
     bool SegmentedCodeCache                       = true                                      {product} {ergonomic}
     bool UseCompressedClassPointers               = true                                 {lp64_product} {ergonomic}
     bool UseCompressedOops                        = true                                 {lp64_product} {ergonomic}
     bool UseG1GC                                  = true                                      {product} {ergonomic}

Logging:
Log output configuration:
 #0: stdout all=warning uptime,level,tags
 #1: stderr all=off uptime,level,tags

Environment Variables:
PATH=/usr/local/sbin:/usr/local/bin:/usr/sbin:/usr/bin:/sbin:/bin:/usr/games:/usr/local/games:/snap/bin:/snap/bin
USERNAME=doudou
SHELL=/bin/bash
DISPLAY=:0
LANG=en_US.UTF-8
LC_NUMERIC=zh_CN.UTF-8
LC_TIME=zh_CN.UTF-8

Signal Handlers:
SIGSEGV: [libjvm.so+0xeabd80], sa_mask[0]=11111111011111111101111111111110, sa_flags=SA_RESTART|SA_SIGINFO
SIGBUS: [libjvm.so+0xeabd80], sa_mask[0]=11111111011111111101111111111110, sa_flags=SA_RESTART|SA_SIGINFO
SIGFPE: [libjvm.so+0xeabd80], sa_mask[0]=11111111011111111101111111111110, sa_flags=SA_RESTART|SA_SIGINFO
SIGPIPE: [libjvm.so+0xbee610], sa_mask[0]=11111111011111111101111111111110, sa_flags=SA_RESTART|SA_SIGINFO
SIGXFSZ: [libjvm.so+0xbee610], sa_mask[0]=11111111011111111101111111111110, sa_flags=SA_RESTART|SA_SIGINFO
SIGILL: [libjvm.so+0xeabd80], sa_mask[0]=11111111011111111101111111111110, sa_flags=SA_RESTART|SA_SIGINFO
SIGUSR2: [libjvm.so+0xbee4b0], sa_mask[0]=00100000000000000000000000000000, sa_flags=SA_RESTART|SA_SIGINFO
SIGHUP: [libjvm.so+0xbeec50], sa_mask[0]=11111111011111111101111111111110, sa_flags=SA_RESTART|SA_SIGINFO
SIGINT: [libjvm.so+0xbeec50], sa_mask[0]=11111111011111111101111111111110, sa_flags=SA_RESTART|SA_SIGINFO
SIGTERM: [libjvm.so+0xbeec50], sa_mask[0]=11111111011111111101111111111110, sa_flags=SA_RESTART|SA_SIGINFO
SIGQUIT: [libjvm.so+0xbeec50], sa_mask[0]=11111111011111111101111111111110, sa_flags=SA_RESTART|SA_SIGINFO


---------------  S Y S T E M  ---------------

OS:DISTRIB_ID=Ubuntu
DISTRIB_RELEASE=22.04
DISTRIB_CODENAME=jammy
DISTRIB_DESCRIPTION="Ubuntu 22.04.2 LTS"
uname:Linux 5.19.0-43-generic #44~22.04.1-Ubuntu SMP PREEMPT_DYNAMIC Mon May 22 13:39:36 UTC 2 x86_64
OS uptime: 0 days 6:01 hours
libc:glibc 2.35 NPTL 2.35 
rlimit (soft/hard): STACK 8192k/infinity , CORE 0k/infinity , NPROC 15243/15243 , NOFILE 1048576/1048576 , AS infinity/infinity , CPU infinity/infinity , DATA infinity/infinity , FSIZE infinity/infinity , MEMLOCK 497764k/497764k
load average:1.03 1.22 1.02

/proc/meminfo:
MemTotal:        3982120 kB
MemFree:          142056 kB
MemAvailable:     179700 kB
Buffers:            2168 kB
Cached:           208188 kB
SwapCached:       280320 kB
Active:          1410712 kB
Inactive:         640028 kB
Active(anon):    1264936 kB
Inactive(anon):   575956 kB
Active(file):     145776 kB
Inactive(file):    64072 kB
Unevictable:           0 kB
Mlocked:               0 kB
SwapTotal:       3512316 kB
SwapFree:        1756000 kB
Zswap:                 0 kB
Zswapped:              0 kB
Dirty:               408 kB
Writeback:             0 kB
AnonPages:       1825712 kB
Mapped:           102264 kB
Shmem:               360 kB
KReclaimable:      64140 kB
Slab:             525680 kB
SReclaimable:      64140 kB
SUnreclaim:       461540 kB
KernelStack:       12960 kB
PageTables:        25228 kB
NFS_Unstable:          0 kB
Bounce:                0 kB
WritebackTmp:          0 kB
CommitLimit:     5503376 kB
Committed_AS:    5862948 kB
VmallocTotal:   34359738367 kB
VmallocUsed:      433628 kB
VmallocChunk:          0 kB
Percpu:           134656 kB
HardwareCorrupted:     0 kB
AnonHugePages:         0 kB
ShmemHugePages:        0 kB
ShmemPmdMapped:        0 kB
FileHugePages:         0 kB
FilePmdMapped:         0 kB
HugePages_Total:       0
HugePages_Free:        0
HugePages_Rsvd:        0
HugePages_Surp:        0
Hugepagesize:       2048 kB
Hugetlb:               0 kB
DirectMap4k:      210752 kB
DirectMap2M:     3983360 kB
DirectMap1G:     2097152 kB

/sys/kernel/mm/transparent_hugepage/enabled:
always [madvise] never
/sys/kernel/mm/transparent_hugepage/defrag (defrag/compaction efforts parameter):
always defer defer+madvise [madvise] never

Process Memory:
Virtual Size: 3680676K (peak: 12380364K)
Resident Set Size: 92816K (peak: 92816K) (anon: 37396K, file: 55420K, shmem: 0K)
Swapped out: 0K
C-Heap outstanding allocations: 15729K, retained: 2686K
glibc malloc tunables: (default)

/proc/sys/kernel/threads-max (system-wide limit on the number of threads):
30487
/proc/sys/vm/max_map_count (maximum number of memory map areas a process may have):
65530
/proc/sys/kernel/pid_max (system-wide limit on number of process identifiers):
4194304

container (cgroup) information:
container_type: cgroupv2
cpu_cpuset_cpus: not supported
cpu_memory_nodes: not supported
active_processor_count: 2
cpu_quota: not supported
cpu_period: not supported
cpu_shares: not supported
memory_limit_in_bytes: unlimited
memory_and_swap_limit_in_bytes: unlimited
memory_soft_limit_in_bytes: unlimited
memory_usage_in_bytes: 1917624 k
memory_max_usage_in_bytes: not supported
memory_swap_current_in_bytes: 1134868 k
memory_swap_max_limit_in_bytes: unlimited
maximum number of tasks: 4573
current number of tasks: 150

VMWare virtualization detected
Steal ticks since vm start: 0
Steal ticks percentage since vm start:  0.000

CPU:total 2 (initial active 2) (1 cores per cpu, 1 threads per core) family 6 model 140 stepping 1 microcode 0xffffffff, cmov, cx8, fxsr, mmx, sse, sse2, sse3, ssse3, sse4.1, sse4.2, popcnt, avx, avx2, aes, clmul, erms, 3dnowpref, lzcnt, tsc, tscinvbit, bmi1, bmi2, adx, evex, sha, fma
CPU Model and flags from /proc/cpuinfo:
model name	: 11th Gen Intel(R) Core(TM) i7-1165G7 @ 2.80GHz
flags		: fpu vme de pse tsc msr pae mce cx8 apic sep mtrr pge mca cmov pat pse36 clflush mmx fxsr sse sse2 ss syscall nx pdpe1gb rdtscp lm constant_tsc arch_perfmon rep_good nopl xtopology tsc_reliable nonstop_tsc cpuid tsc_known_freq pni pclmulqdq ssse3 fma cx16 pcid sse4_1 sse4_2 x2apic movbe popcnt tsc_deadline_timer aes xsave avx f16c rdrand hypervisor lahf_lm abm 3dnowprefetch invpcid_single pti ssbd ibrs ibpb stibp fsgsbase tsc_adjust bmi1 avx2 smep bmi2 erms invpcid avx512f avx512dq rdseed adx smap avx512ifma clflushopt clwb avx512cd sha_ni avx512bw avx512vl xsaveopt xsavec xgetbv1 xsaves arat avx512vbmi umip avx512_vbmi2 gfni vaes vpclmulqdq avx512_vnni avx512_bitalg avx512_vpopcntdq rdpid fsrm avx512_vp2intersect flush_l1d arch_capabilities
Online cpus:
0-1
Offline cpus:
2-127
BIOS frequency limitation:
<Not Available>
Frequency switch latency (ns):
<Not Available>
Available cpu frequencies:
<Not Available>
Current governor:
<Not Available>
Core performance/turbo boost:
<Not Available>

Memory: 4k page, physical 3982120k(142056k free), swap 3512316k(1756000k free)

vm_info: OpenJDK 64-Bit Server VM (11.0.19+7-post-Ubuntu-0ubuntu122.04.1) for linux-amd64 JRE (11.0.19+7-post-Ubuntu-0ubuntu122.04.1), built on May 10 2023 00:54:00 by "unknown" with gcc 11.3.0

END.
