#
# A fatal error has been detected by the Java Runtime Environment:
#
#  SIGSEGV (0xb) at pc=0x00007f7455f56daa, pid=11829, tid=11835
#
# JRE version: OpenJDK Runtime Environment (11.0.19+7) (build 11.0.19+7-post-Ubuntu-0ubuntu122.04.1)
# Java VM: OpenJDK 64-Bit Server VM (11.0.19+7-post-Ubuntu-0ubuntu122.04.1, mixed mode, sharing, tiered, compressed oops, g1 gc, linux-amd64)
# Problematic frame:
# C  [libLLVM-13.so+0xd56daa]  llvm::FunctionType::get(llvm::Type*, llvm::ArrayRef<llvm::Type*>, bool)+0x1a
#
# Core dump will be written. Default location: Core dumps may be processed with "/usr/share/apport/apport -p%p -s%s -c%c -d%d -P%P -u%u -g%g -- %E" (or dumping to /home/doudou/lab/Lab/core.11829)
#
# If you would like to submit a bug report, please visit:
#   https://bugs.launchpad.net/ubuntu/+source/openjdk-lts
# The crash happened outside the Java Virtual Machine in native code.
# See problematic frame for where to report the bug.
#

---------------  S U M M A R Y ------------

Command Line: -agentlib:jdwp=transport=dt_socket,address=127.0.0.1:54385,suspend=y,server=n -javaagent:/snap/intellij-idea-ultimate/430/plugins/java/lib/rt/debugger-agent.jar -Dfile.encoding=UTF-8 Main /home/doudou/lab/Lab/tests/test1.sysy /home/doudou/lab/Lab/tests/out.txt

Host: 11th Gen Intel(R) Core(TM) i7-1165G7 @ 2.80GHz, 2 cores, 3G, Ubuntu 22.04.2 LTS
Time: Sat Jun 10 21:38:11 2023 CST elapsed time: 4.151286 seconds (0d 0h 0m 4s)

---------------  T H R E A D  ---------------

Current thread (0x00007f74b0019800):  JavaThread "main" [_thread_in_native, id=11835, stack(0x00007f74b6f00000,0x00007f74b7000000)]

Stack: [0x00007f74b6f00000,0x00007f74b7000000],  sp=0x00007f74b6ffe300,  free space=1016k
Native frames: (J=compiled Java code, A=aot compiled Java code, j=interpreted, Vv=VM code, C=native code)
C  [libLLVM-13.so+0xd56daa]  llvm::FunctionType::get(llvm::Type*, llvm::ArrayRef<llvm::Type*>, bool)+0x1a

Java frames: (J=compiled Java code, j=interpreted, Vv=VM code)
j  org.bytedeco.llvm.global.LLVM.LLVMFunctionType(Lorg/bytedeco/llvm/LLVM/LLVMTypeRef;Lorg/bytedeco/llvm/LLVM/LLVMTypeRef;II)Lorg/bytedeco/llvm/LLVM/LLVMTypeRef;+0
j  SysYLlvmVisitor.visitFuncDef(LSysYParser$FuncDefContext;)Lorg/bytedeco/llvm/LLVM/LLVMValueRef;+33
j  SysYLlvmVisitor.visitCompUnit(LSysYParser$CompUnitContext;)Lorg/bytedeco/llvm/LLVM/LLVMValueRef;+364
j  SysYLlvmVisitor.visitCompUnit(LSysYParser$CompUnitContext;)Ljava/lang/Object;+2
j  SysYParser$CompUnitContext.accept(Lorg/antlr/v4/runtime/tree/ParseTreeVisitor;)Ljava/lang/Object;+12
j  org.antlr.v4.runtime.tree.AbstractParseTreeVisitor.visitChildren(Lorg/antlr/v4/runtime/tree/RuleNode;)Ljava/lang/Object;+46
j  SysYParserBaseVisitor.visitProgram(LSysYParser$ProgramContext;)Ljava/lang/Object;+2
j  SysYParser$ProgramContext.accept(Lorg/antlr/v4/runtime/tree/ParseTreeVisitor;)Ljava/lang/Object;+12
j  org.antlr.v4.runtime.tree.AbstractParseTreeVisitor.visit(Lorg/antlr/v4/runtime/tree/ParseTree;)Ljava/lang/Object;+2
j  Main.main([Ljava/lang/String;)V+218
v  ~StubRoutines::call_stub

siginfo: si_signo: 11 (SIGSEGV), si_code: 1 (SEGV_MAPERR), si_addr: 0x0000000000000000

Register to memory mapping:

RAX=0x00007f74551bb220: Java_org_bytedeco_llvm_global_LLVM_LLVMFunctionType__Lorg_bytedeco_llvm_LLVM_LLVMTypeRef_2Lorg_bytedeco_llvm_LLVM_LLVMTypeRef_2II+0x0000000000000000 in /home/doudou/.javacpp/cache/llvm-13.0.1-1.5.7-linux-x86_64.jar/org/bytedeco/llvm/linux-x86_64/libjniLLVM.so at 0x00007f74550fa000
RBX=0x0 is NULL
RCX=0x0 is NULL
RDX=0x0 is NULL
RSP=0x00007f74b6ffe300 is pointing into the stack for thread: 0x00007f74b0019800
RBP=0x0 is NULL
RSI=0x0 is NULL
RDI=0x0 is NULL
R8 =0x0 is NULL
R9 =0x0 is NULL
R10=0x00007f74986154d4 is at code_begin+1652 in an Interpreter codelet
method entry point (kind = native)  [0x00007f7498614e60, 0x00007f7498615e60]  4096 bytes
R11=0x00000000c6d6fa48 points into unknown readable memory: 0x00000068837a7701 | 01 77 7a 83 68 00 00 00
R12=0x0 is NULL
R13=0x0 is NULL
R14=0x0 is NULL
R15=0x0 is NULL


Registers:
RAX=0x00007f74551bb220, RBX=0x0000000000000000, RCX=0x0000000000000000, RDX=0x0000000000000000
RSP=0x00007f74b6ffe300, RBP=0x0000000000000000, RSI=0x0000000000000000, RDI=0x0000000000000000
R8 =0x0000000000000000, R9 =0x0000000000000000, R10=0x00007f74986154d4, R11=0x00000000c6d6fa48
R12=0x0000000000000000, R13=0x0000000000000000, R14=0x0000000000000000, R15=0x0000000000000000
RIP=0x00007f7455f56daa, EFLAGS=0x0000000000010206, CSGSFS=0x002b000000000033, ERR=0x0000000000000004
  TRAPNO=0x000000000000000e

Top of Stack: (sp=0x00007f74b6ffe300)
0x00007f74b6ffe300:   0000000000000000 00007f74b6ffe378
0x00007f74b6ffe310:   00007f74b6ffe360 00007f74a00efb8f
0x00007f74b6ffe320:   00000000c6f62ed8 00000000c6e35410
0x00007f74b6ffe330:   00007f74b6ffe380 000000080036c8c0 

Instructions: (pc=0x00007f7455f56daa)
0x00007f7455f56caa:   4c 8d 14 0e 48 c1 c2 0c 48 c1 ce 07 49 03 4f e0
0x00007f7455f56cba:   48 01 d6 4c 89 d2 48 01 f0 48 c1 ca 1f 48 8d 34
0x00007f7455f56cca:   10 49 8b 57 e8 4a 8d 04 09 48 c1 c0 0c 48 01 ca
0x00007f7455f56cda:   48 c1 c1 1b 48 01 e9 49 01 d3 48 c1 ca 07 48 01
0x00007f7455f56cea:   c8 48 01 c2 4c 89 d8 48 c1 c8 1f 48 01 c2 4c 01
0x00007f7455f56cfa:   d2 49 ba 4f 40 90 2f 3b 6a e1 9a 48 89 d1 4b 8d
0x00007f7455f56d0a:   14 19 48 01 f2 49 0f af ca 48 0f af d7 48 01 ca
0x00007f7455f56d1a:   48 89 d1 48 c1 e9 2f 48 31 ca 48 0f af d7 49 31
0x00007f7455f56d2a:   d0 49 8d 14 30 48 89 d0 48 c1 e8 2f 48 31 d0 49
0x00007f7455f56d3a:   0f af c2 e9 ab f9 ff ff 66 2e 0f 1f 84 00 00 00
0x00007f7455f56d4a:   00 00 0f 1f 40 00 66 48 0f 6e c6 66 48 0f 6e ca
0x00007f7455f56d5a:   66 0f 6c c1 0f 11 07 45 84 c0 75 29 48 39 d6 74
0x00007f7455f56d6a:   24 0f 1f 44 00 00 48 8b 06 48 3d 00 f0 ff ff 74
0x00007f7455f56d7a:   08 48 3d 00 e0 ff ff 75 0c 48 83 c6 08 48 89 37
0x00007f7455f56d8a:   48 39 f2 75 e1 c3 41 57 41 56 41 55 49 89 fd 41
0x00007f7455f56d9a:   54 49 89 d4 55 48 89 f5 53 48 81 ec a8 00 00 00
0x00007f7455f56daa:   48 8b 07 89 4c 24 04 48 8b 18 88 4c 24 78 48 89
0x00007f7455f56dba:   7c 24 60 44 8b 83 58 08 00 00 48 89 74 24 68 48
0x00007f7455f56dca:   8d 8b 48 08 00 00 48 89 54 24 70 4c 8b b3 48 08
0x00007f7455f56dda:   00 00 45 85 c0 0f 85 1b 03 00 00 43 8d 54 00 ff
0x00007f7455f56dea:   be 08 00 00 00 48 89 4c 24 10 48 89 d0 44 89 44
0x00007f7455f56dfa:   24 08 48 d1 e8 48 09 d0 48 89 c2 48 c1 ea 02 48
0x00007f7455f56e0a:   09 d0 48 89 c2 48 c1 ea 04 48 09 d0 48 89 c2 48
0x00007f7455f56e1a:   c1 ea 08 48 09 d0 48 89 c2 48 c1 ea 10 48 09 d0
0x00007f7455f56e2a:   ba 40 00 00 00 48 83 c0 01 83 f8 40 0f 42 c2 89
0x00007f7455f56e3a:   83 58 08 00 00 89 c0 48 8d 3c c5 00 00 00 00 e8
0x00007f7455f56e4a:   02 e3 d9 ff 4d 85 f6 44 8b 44 24 08 48 8b 4c 24
0x00007f7455f56e5a:   10 48 89 83 48 08 00 00 49 89 c2 0f 84 58 06 00
0x00007f7455f56e6a:   00 8b 93 58 08 00 00 49 c1 e0 03 48 c7 83 50 08
0x00007f7455f56e7a:   00 00 00 00 00 00 4f 8d 1c 06 48 c1 e2 03 48 8d
0x00007f7455f56e8a:   04 10 49 39 c2 74 52 48 8d 72 f8 4c 89 d0 48 c1
0x00007f7455f56e9a:   ee 03 48 83 c6 01 48 83 fa 08 74 36 48 89 f2 66 


Stack slot to memory mapping:
stack at sp + 0 slots: 0x0 is NULL
stack at sp + 1 slots: 0x00007f74b6ffe378 is pointing into the stack for thread: 0x00007f74b0019800
stack at sp + 2 slots: 0x00007f74b6ffe360 is pointing into the stack for thread: 0x00007f74b0019800
stack at sp + 3 slots: 0x00007f74a00efb8f is at entry_point+207 in (nmethod*)0x00007f74a00ef910
stack at sp + 4 slots: 0x00000000c6f62ed8 points into unknown readable memory: 0x0000006fadae5d01 | 01 5d ae ad 6f 00 00 00
stack at sp + 5 slots: 0x00000000c6e35410 is an oop: SysYParser$BlockContext 
{0x00000000c6e35410} - klass: 'SysYParser$BlockContext'
 - ---- fields (total size 5 words):
 - public 'invokingState' 'I' @12  163 (a3)
 - public 'parent' 'Lorg/antlr/v4/runtime/RuleContext;' @16  a 'SysYParser$FuncDefContext'{0x00000000c6e343d8} (c6e343d8)
 - public strict 'children' 'Ljava/util/List;' @20  a 'java/util/ArrayList'{0x00000000c6e35480} (c6e35480)
 - public 'start' 'Lorg/antlr/v4/runtime/Token;' @24  a 'org/antlr/v4/runtime/CommonToken'{0x00000000c6e353c8} (c6e353c8)
 - public 'stop' 'Lorg/antlr/v4/runtime/Token;' @28  a 'org/antlr/v4/runtime/CommonToken'{0x00000000c6e437e8} (c6e437e8)
 - public 'exception' 'Lorg/antlr/v4/runtime/RecognitionException;' @32  NULL (0)
stack at sp + 6 slots: 0x00007f74b6ffe380 is pointing into the stack for thread: 0x00007f74b0019800
stack at sp + 7 slots: 0x000000080036c8c0 is pointing into metadata


---------------  P R O C E S S  ---------------

Threads class SMR info:
_java_thread_list=0x00007f74b0228540, length=13, elements={
0x00007f74b0019800, 0x00007f74b0124000, 0x00007f74b0126000, 0x00007f74b012a800,
0x00007f74b012c800, 0x00007f74b012e800, 0x00007f74b0130800, 0x00007f74b0132800,
0x00007f74b0149000, 0x00007f74b0199800, 0x00007f74b019e000, 0x000055f91084b000,
0x00007f74b0227000
}

Java Threads: ( => current thread )
=>0x00007f74b0019800 JavaThread "main" [_thread_in_native, id=11835, stack(0x00007f74b6f00000,0x00007f74b7000000)]
  0x00007f74b0124000 JavaThread "Reference Handler" daemon [_thread_blocked, id=11843, stack(0x00007f74982fc000,0x00007f74983fc000)]
  0x00007f74b0126000 JavaThread "Finalizer" daemon [_thread_blocked, id=11846, stack(0x00007f74981fc000,0x00007f74982fc000)]
  0x00007f74b012a800 JavaThread "Signal Dispatcher" daemon [_thread_blocked, id=11847, stack(0x00007f74980fc000,0x00007f74981fc000)]
  0x00007f74b012c800 JavaThread "Service Thread" daemon [_thread_blocked, id=11848, stack(0x00007f74907c8000,0x00007f74908c8000)]
  0x00007f74b012e800 JavaThread "C2 CompilerThread0" daemon [_thread_blocked, id=11849, stack(0x00007f74906c8000,0x00007f74907c8000)]
  0x00007f74b0130800 JavaThread "C1 CompilerThread0" daemon [_thread_blocked, id=11850, stack(0x00007f74905c8000,0x00007f74906c8000)]
  0x00007f74b0132800 JavaThread "Sweeper thread" daemon [_thread_blocked, id=11854, stack(0x00007f74904c8000,0x00007f74905c8000)]
  0x00007f74b0149000 JavaThread "Common-Cleaner" daemon [_thread_blocked, id=11857, stack(0x00007f74903c8000,0x00007f74904c8000)]
  0x00007f74b0199800 JavaThread "JDWP Transport Listener: dt_socket" daemon [_thread_blocked, id=11860, stack(0x00007f74902c8000,0x00007f74903c8000)]
  0x00007f74b019e000 JavaThread "JDWP Event Helper Thread" daemon [_thread_blocked, id=11862, stack(0x00007f74901c8000,0x00007f74902c8000)]
  0x000055f91084b000 JavaThread "JDWP Command Reader" daemon [_thread_in_native, id=11863, stack(0x00007f74900c8000,0x00007f74901c8000)]
  0x00007f74b0227000 JavaThread "JavaCPP Deallocator" daemon [_thread_blocked, id=11867, stack(0x00007f745bdfe000,0x00007f745befe000)]

Other Threads:
  0x00007f74b0121000 VMThread "VM Thread" [stack: 0x00007f74983fe000,0x00007f74984fe000] [id=11841]
  0x00007f74b01af000 WatcherThread [stack: 0x00007f745bf00000,0x00007f745c000000] [id=11866]
  0x00007f74b0033800 GCTaskThread "GC Thread#0" [stack: 0x00007f74b5b2a000,0x00007f74b5c2a000] [id=11836]
  0x00007f7480001000 GCTaskThread "GC Thread#1" [stack: 0x00007f745bcfe000,0x00007f745bdfe000] [id=11868]
  0x00007f74b004e800 ConcurrentGCThread "G1 Main Marker" [stack: 0x00007f74b4339000,0x00007f74b4439000] [id=11837]
  0x00007f74b0050000 ConcurrentGCThread "G1 Conc#0" [stack: 0x00007f74b4237000,0x00007f74b4337000] [id=11838]
  0x00007f74b008b800 ConcurrentGCThread "G1 Refine#0" [stack: 0x00007f74aff00000,0x00007f74b0000000] [id=11839]
  0x00007f74b008d800 ConcurrentGCThread "G1 Young RemSet Sampling" [stack: 0x00007f7498500000,0x00007f7498600000] [id=11840]

Threads with active compile tasks:

VM state:not at safepoint (normal execution)

VM Mutex/Monitor currently owned by a thread: None

Heap address: 0x00000000c3200000, size: 974 MB, Compressed Oops mode: 32-bit
Narrow klass base: 0x0000000800000000, Narrow klass shift: 3
Compressed class space size: 1073741824 Address: 0x0000000840000000

Heap:
 garbage-first heap   total 65536K, used 7859K [0x00000000c3200000, 0x0000000100000000)
  region size 1024K, 8 young (8192K), 1 survivors (1024K)
 Metaspace       used 3943K, capacity 6617K, committed 6912K, reserved 1056768K
  class space    used 420K, capacity 694K, committed 768K, reserved 1048576K
Heap Regions: E=young(eden), S=young(survivor), O=old, HS=humongous(starts), HC=humongous(continues), CS=collection set, F=free, A=archive, TAMS=top-at-mark-start (previous, next)
|   0|0x00000000c3200000, 0x00000000c3200000, 0x00000000c3300000|  0%| F|  |TAMS 0x00000000c3200000, 0x00000000c3200000| Untracked 
|   1|0x00000000c3300000, 0x00000000c3300000, 0x00000000c3400000|  0%| F|  |TAMS 0x00000000c3300000, 0x00000000c3300000| Untracked 
|   2|0x00000000c3400000, 0x00000000c3400000, 0x00000000c3500000|  0%| F|  |TAMS 0x00000000c3400000, 0x00000000c3400000| Untracked 
|   3|0x00000000c3500000, 0x00000000c3500000, 0x00000000c3600000|  0%| F|  |TAMS 0x00000000c3500000, 0x00000000c3500000| Untracked 
|   4|0x00000000c3600000, 0x00000000c3600000, 0x00000000c3700000|  0%| F|  |TAMS 0x00000000c3600000, 0x00000000c3600000| Untracked 
|   5|0x00000000c3700000, 0x00000000c3700000, 0x00000000c3800000|  0%| F|  |TAMS 0x00000000c3700000, 0x00000000c3700000| Untracked 
|   6|0x00000000c3800000, 0x00000000c3800000, 0x00000000c3900000|  0%| F|  |TAMS 0x00000000c3800000, 0x00000000c3800000| Untracked 
|   7|0x00000000c3900000, 0x00000000c3900000, 0x00000000c3a00000|  0%| F|  |TAMS 0x00000000c3900000, 0x00000000c3900000| Untracked 
|   8|0x00000000c3a00000, 0x00000000c3a00000, 0x00000000c3b00000|  0%| F|  |TAMS 0x00000000c3a00000, 0x00000000c3a00000| Untracked 
|   9|0x00000000c3b00000, 0x00000000c3b00000, 0x00000000c3c00000|  0%| F|  |TAMS 0x00000000c3b00000, 0x00000000c3b00000| Untracked 
|  10|0x00000000c3c00000, 0x00000000c3c00000, 0x00000000c3d00000|  0%| F|  |TAMS 0x00000000c3c00000, 0x00000000c3c00000| Untracked 
|  11|0x00000000c3d00000, 0x00000000c3d00000, 0x00000000c3e00000|  0%| F|  |TAMS 0x00000000c3d00000, 0x00000000c3d00000| Untracked 
|  12|0x00000000c3e00000, 0x00000000c3e00000, 0x00000000c3f00000|  0%| F|  |TAMS 0x00000000c3e00000, 0x00000000c3e00000| Untracked 
|  13|0x00000000c3f00000, 0x00000000c3f00000, 0x00000000c4000000|  0%| F|  |TAMS 0x00000000c3f00000, 0x00000000c3f00000| Untracked 
|  14|0x00000000c4000000, 0x00000000c4000000, 0x00000000c4100000|  0%| F|  |TAMS 0x00000000c4000000, 0x00000000c4000000| Untracked 
|  15|0x00000000c4100000, 0x00000000c4100000, 0x00000000c4200000|  0%| F|  |TAMS 0x00000000c4100000, 0x00000000c4100000| Untracked 
|  16|0x00000000c4200000, 0x00000000c4200000, 0x00000000c4300000|  0%| F|  |TAMS 0x00000000c4200000, 0x00000000c4200000| Untracked 
|  17|0x00000000c4300000, 0x00000000c4300000, 0x00000000c4400000|  0%| F|  |TAMS 0x00000000c4300000, 0x00000000c4300000| Untracked 
|  18|0x00000000c4400000, 0x00000000c4400000, 0x00000000c4500000|  0%| F|  |TAMS 0x00000000c4400000, 0x00000000c4400000| Untracked 
|  19|0x00000000c4500000, 0x00000000c4500000, 0x00000000c4600000|  0%| F|  |TAMS 0x00000000c4500000, 0x00000000c4500000| Untracked 
|  20|0x00000000c4600000, 0x00000000c4600000, 0x00000000c4700000|  0%| F|  |TAMS 0x00000000c4600000, 0x00000000c4600000| Untracked 
|  21|0x00000000c4700000, 0x00000000c4700000, 0x00000000c4800000|  0%| F|  |TAMS 0x00000000c4700000, 0x00000000c4700000| Untracked 
|  22|0x00000000c4800000, 0x00000000c4800000, 0x00000000c4900000|  0%| F|  |TAMS 0x00000000c4800000, 0x00000000c4800000| Untracked 
|  23|0x00000000c4900000, 0x00000000c4900000, 0x00000000c4a00000|  0%| F|  |TAMS 0x00000000c4900000, 0x00000000c4900000| Untracked 
|  24|0x00000000c4a00000, 0x00000000c4a00000, 0x00000000c4b00000|  0%| F|  |TAMS 0x00000000c4a00000, 0x00000000c4a00000| Untracked 
|  25|0x00000000c4b00000, 0x00000000c4b00000, 0x00000000c4c00000|  0%| F|  |TAMS 0x00000000c4b00000, 0x00000000c4b00000| Untracked 
|  26|0x00000000c4c00000, 0x00000000c4c00000, 0x00000000c4d00000|  0%| F|  |TAMS 0x00000000c4c00000, 0x00000000c4c00000| Untracked 
|  27|0x00000000c4d00000, 0x00000000c4d00000, 0x00000000c4e00000|  0%| F|  |TAMS 0x00000000c4d00000, 0x00000000c4d00000| Untracked 
|  28|0x00000000c4e00000, 0x00000000c4e00000, 0x00000000c4f00000|  0%| F|  |TAMS 0x00000000c4e00000, 0x00000000c4e00000| Untracked 
|  29|0x00000000c4f00000, 0x00000000c4f00000, 0x00000000c5000000|  0%| F|  |TAMS 0x00000000c4f00000, 0x00000000c4f00000| Untracked 
|  30|0x00000000c5000000, 0x00000000c5000000, 0x00000000c5100000|  0%| F|  |TAMS 0x00000000c5000000, 0x00000000c5000000| Untracked 
|  31|0x00000000c5100000, 0x00000000c5100000, 0x00000000c5200000|  0%| F|  |TAMS 0x00000000c5100000, 0x00000000c5100000| Untracked 
|  32|0x00000000c5200000, 0x00000000c5200000, 0x00000000c5300000|  0%| F|  |TAMS 0x00000000c5200000, 0x00000000c5200000| Untracked 
|  33|0x00000000c5300000, 0x00000000c5300000, 0x00000000c5400000|  0%| F|  |TAMS 0x00000000c5300000, 0x00000000c5300000| Untracked 
|  34|0x00000000c5400000, 0x00000000c5400000, 0x00000000c5500000|  0%| F|  |TAMS 0x00000000c5400000, 0x00000000c5400000| Untracked 
|  35|0x00000000c5500000, 0x00000000c5500000, 0x00000000c5600000|  0%| F|  |TAMS 0x00000000c5500000, 0x00000000c5500000| Untracked 
|  36|0x00000000c5600000, 0x00000000c5600000, 0x00000000c5700000|  0%| F|  |TAMS 0x00000000c5600000, 0x00000000c5600000| Untracked 
|  37|0x00000000c5700000, 0x00000000c5700000, 0x00000000c5800000|  0%| F|  |TAMS 0x00000000c5700000, 0x00000000c5700000| Untracked 
|  38|0x00000000c5800000, 0x00000000c5800000, 0x00000000c5900000|  0%| F|  |TAMS 0x00000000c5800000, 0x00000000c5800000| Untracked 
|  39|0x00000000c5900000, 0x00000000c5900000, 0x00000000c5a00000|  0%| F|  |TAMS 0x00000000c5900000, 0x00000000c5900000| Untracked 
|  40|0x00000000c5a00000, 0x00000000c5a00000, 0x00000000c5b00000|  0%| F|  |TAMS 0x00000000c5a00000, 0x00000000c5a00000| Untracked 
|  41|0x00000000c5b00000, 0x00000000c5b00000, 0x00000000c5c00000|  0%| F|  |TAMS 0x00000000c5b00000, 0x00000000c5b00000| Untracked 
|  42|0x00000000c5c00000, 0x00000000c5c00000, 0x00000000c5d00000|  0%| F|  |TAMS 0x00000000c5c00000, 0x00000000c5c00000| Untracked 
|  43|0x00000000c5d00000, 0x00000000c5d00000, 0x00000000c5e00000|  0%| F|  |TAMS 0x00000000c5d00000, 0x00000000c5d00000| Untracked 
|  44|0x00000000c5e00000, 0x00000000c5e00000, 0x00000000c5f00000|  0%| F|  |TAMS 0x00000000c5e00000, 0x00000000c5e00000| Untracked 
|  45|0x00000000c5f00000, 0x00000000c5f00000, 0x00000000c6000000|  0%| F|  |TAMS 0x00000000c5f00000, 0x00000000c5f00000| Untracked 
|  46|0x00000000c6000000, 0x00000000c6000000, 0x00000000c6100000|  0%| F|  |TAMS 0x00000000c6000000, 0x00000000c6000000| Untracked 
|  47|0x00000000c6100000, 0x00000000c6100000, 0x00000000c6200000|  0%| F|  |TAMS 0x00000000c6100000, 0x00000000c6100000| Untracked 
|  48|0x00000000c6200000, 0x00000000c6200000, 0x00000000c6300000|  0%| F|  |TAMS 0x00000000c6200000, 0x00000000c6200000| Untracked 
|  49|0x00000000c6300000, 0x00000000c6300000, 0x00000000c6400000|  0%| F|  |TAMS 0x00000000c6300000, 0x00000000c6300000| Untracked 
|  50|0x00000000c6400000, 0x00000000c6400000, 0x00000000c6500000|  0%| F|  |TAMS 0x00000000c6400000, 0x00000000c6400000| Untracked 
|  51|0x00000000c6500000, 0x00000000c6500000, 0x00000000c6600000|  0%| F|  |TAMS 0x00000000c6500000, 0x00000000c6500000| Untracked 
|  52|0x00000000c6600000, 0x00000000c6600000, 0x00000000c6700000|  0%| F|  |TAMS 0x00000000c6600000, 0x00000000c6600000| Untracked 
|  53|0x00000000c6700000, 0x00000000c6700000, 0x00000000c6800000|  0%| F|  |TAMS 0x00000000c6700000, 0x00000000c6700000| Untracked 
|  54|0x00000000c6800000, 0x00000000c68faf18, 0x00000000c6900000| 98%| S|CS|TAMS 0x00000000c6800000, 0x00000000c6800000| Complete 
|  55|0x00000000c6900000, 0x00000000c69dcaa0, 0x00000000c6a00000| 86%| E|  |TAMS 0x00000000c6900000, 0x00000000c6900000| Complete 
|  56|0x00000000c6a00000, 0x00000000c6b00000, 0x00000000c6b00000|100%| E|CS|TAMS 0x00000000c6a00000, 0x00000000c6a00000| Complete 
|  57|0x00000000c6b00000, 0x00000000c6c00000, 0x00000000c6c00000|100%| E|CS|TAMS 0x00000000c6b00000, 0x00000000c6b00000| Complete 
|  58|0x00000000c6c00000, 0x00000000c6d00000, 0x00000000c6d00000|100%| E|CS|TAMS 0x00000000c6c00000, 0x00000000c6c00000| Complete 
|  59|0x00000000c6d00000, 0x00000000c6e00000, 0x00000000c6e00000|100%| E|CS|TAMS 0x00000000c6d00000, 0x00000000c6d00000| Complete 
|  60|0x00000000c6e00000, 0x00000000c6f00000, 0x00000000c6f00000|100%| E|CS|TAMS 0x00000000c6e00000, 0x00000000c6e00000| Complete 
|  61|0x00000000c6f00000, 0x00000000c7000000, 0x00000000c7000000|100%| E|CS|TAMS 0x00000000c6f00000, 0x00000000c6f00000| Complete 
| 972|0x00000000ffe00000, 0x00000000ffe47000, 0x00000000fff00000| 27%|OA|  |TAMS 0x00000000ffe00000, 0x00000000ffe00000| Untracked 
| 973|0x00000000fff00000, 0x00000000fff6b000, 0x0000000100000000| 41%|CA|  |TAMS 0x00000000fff00000, 0x00000000fff00000| Untracked 

Card table byte_map: [0x00007f74b5558000,0x00007f74b573f000] _byte_map_base: 0x00007f74b4f3f000

Marking Bits (Prev, Next): (CMBitMap*) 0x00007f74b0049aa8, (CMBitMap*) 0x00007f74b0049ae0
 Prev Bits: [0x00007f74b4439000, 0x00007f74b5371000)
 Next Bits: [0x00007f74930c8000, 0x00007f7494000000)

Polling page: 0x00007f74b867e000

Metaspace:

Usage:
  Non-class:      5.78 MB capacity,     3.44 MB ( 59%) used,     2.34 MB ( 40%) free+waste,     7.19 KB ( <1%) overhead. 
      Class:    694.00 KB capacity,   420.38 KB ( 61%) used,   269.93 KB ( 39%) free+waste,     3.69 KB ( <1%) overhead. 
       Both:      6.46 MB capacity,     3.85 MB ( 60%) used,     2.60 MB ( 40%) free+waste,    10.88 KB ( <1%) overhead. 

Virtual space:
  Non-class space:        8.00 MB reserved,       6.00 MB ( 75%) committed 
      Class space:        1.00 GB reserved,     768.00 KB ( <1%) committed 
             Both:        1.01 GB reserved,       6.75 MB ( <1%) committed 

Chunk freelists:
   Non-Class:  0 bytes
       Class:  10.00 KB
        Both:  10.00 KB

MaxMetaspaceSize: unlimited
CompressedClassSpaceSize: 1.00 GB
Initial GC threshold: 20.80 MB
Current GC threshold: 20.80 MB
CDS: on

CodeHeap 'non-profiled nmethods': size=120036Kb used=237Kb max_used=237Kb free=119798Kb
 bounds [0x00007f74a00c7000, 0x00007f74a0337000, 0x00007f74a7600000]
CodeHeap 'profiled nmethods': size=120032Kb used=1556Kb max_used=1556Kb free=118475Kb
 bounds [0x00007f7498b8f000, 0x00007f7498dff000, 0x00007f74a00c7000]
CodeHeap 'non-nmethods': size=5692Kb used=1213Kb max_used=1222Kb free=4478Kb
 bounds [0x00007f7498600000, 0x00007f7498870000, 0x00007f7498b8f000]
 total_blobs=1205 nmethods=807 adapters=320
 compilation: enabled
              stopped_count=0, restarted_count=0
 full_count=0

Compilation events (20 events):
Event: 4.139 Thread 0x00007f74b0130800  794       3       java.lang.invoke.MethodTypeForm::canonicalize (64 bytes)
Event: 4.139 Thread 0x00007f74b0130800 nmethod 794 0x00007f7498d0c590 code [0x00007f7498d0c780, 0x00007f7498d0ca80]
Event: 4.139 Thread 0x00007f74b0130800  795       3       java.lang.invoke.MethodType$ConcurrentWeakInternSet::add (66 bytes)
Event: 4.140 Thread 0x00007f74b0130800 nmethod 795 0x00007f7498d0cc10 code [0x00007f7498d0cea0, 0x00007f7498d0de20]
Event: 4.141 Thread 0x00007f74b0130800  799       3       java.lang.invoke.LambdaForm::internArgument (84 bytes)
Event: 4.141 Thread 0x00007f74b0130800 nmethod 799 0x00007f7498d0e310 code [0x00007f7498d0e500, 0x00007f7498d0e8c0]
Event: 4.141 Thread 0x00007f74b0130800  797       3       java.lang.invoke.LambdaForm$Name::<init> (44 bytes)
Event: 4.141 Thread 0x00007f74b0130800 nmethod 797 0x00007f7498d0eb10 code [0x00007f7498d0ed40, 0x00007f7498d0f340]
Event: 4.141 Thread 0x00007f74b0130800  798       3       java.lang.invoke.LambdaForm$NamedFunction::returnType (11 bytes)
Event: 4.142 Thread 0x00007f74b0130800 nmethod 798 0x00007f7498d0f690 code [0x00007f7498d0f8a0, 0x00007f7498d0fd40]
Event: 4.144 Thread 0x00007f74b0130800  803       3       java.util.ImmutableCollections$ListN::size (6 bytes)
Event: 4.144 Thread 0x00007f74b0130800 nmethod 803 0x00007f7498d0ff90 code [0x00007f7498d10140, 0x00007f7498d10270]
Event: 4.144 Thread 0x00007f74b0130800  804       3       java.lang.invoke.LambdaForm$Name::<init> (54 bytes)
Event: 4.144 Thread 0x00007f74b0130800 nmethod 804 0x00007f7498d10310 code [0x00007f7498d104e0, 0x00007f7498d107b0]
Event: 4.144 Thread 0x00007f74b0130800  802       3       java.lang.invoke.LambdaForm::forceInterpretation (14 bytes)
Event: 4.144 Thread 0x00007f74b0130800 nmethod 802 0x00007f7498d10890 code [0x00007f7498d10a40, 0x00007f7498d10bb0]
Event: 4.146 Thread 0x00007f74b0130800  806       3       java.lang.invoke.InvokerBytecodeGenerator::emitImplicitConversion (159 bytes)
Event: 4.147 Thread 0x00007f74b0130800 nmethod 806 0x00007f7498d10c10 code [0x00007f7498d10f60, 0x00007f7498d12050]
Event: 4.147 Thread 0x00007f74b0130800  807       3       java.lang.invoke.MemberName::getMethodOrFieldType (72 bytes)
Event: 4.149 Thread 0x00007f74b0130800 nmethod 807 0x00007f7498d12610 code [0x00007f7498d12980, 0x00007f7498d13d20]

GC Heap History (2 events):
Event: 0.579 GC heap before
{Heap before GC invocations=0 (full 0):
 garbage-first heap   total 65536K, used 7880K [0x00000000c3200000, 0x0000000100000000)
  region size 1024K, 7 young (7168K), 0 survivors (0K)
 Metaspace       used 2418K, capacity 5462K, committed 5760K, reserved 1056768K
  class space    used 254K, capacity 521K, committed 640K, reserved 1048576K
}
Event: 0.584 GC heap after
{Heap after GC invocations=1 (full 0):
 garbage-first heap   total 65536K, used 1715K [0x00000000c3200000, 0x0000000100000000)
  region size 1024K, 1 young (1024K), 1 survivors (1024K)
 Metaspace       used 2418K, capacity 5462K, committed 5760K, reserved 1056768K
  class space    used 254K, capacity 521K, committed 640K, reserved 1048576K
}

Deoptimization events (20 events):
Event: 0.796 Thread 0x00007f74b0019800 DEOPT PACKING pc=0x00007f7498bcf54f sp=0x00007f74b6ffd570
Event: 0.796 Thread 0x00007f74b0019800 DEOPT UNPACKING pc=0x00007f74986499fa sp=0x00007f74b6ffca30 mode 0
Event: 0.799 Thread 0x00007f74b0019800 DEOPT PACKING pc=0x00007f7498bcf54f sp=0x00007f74b6ffd420
Event: 0.799 Thread 0x00007f74b0019800 DEOPT UNPACKING pc=0x00007f74986499fa sp=0x00007f74b6ffc8c8 mode 0
Event: 4.115 Thread 0x00007f74b0019800 Uncommon trap: trap_request=0xffffffc6 fr.pc=0x00007f74a00d1ca4 relative=0x0000000000000084
Event: 4.115 Thread 0x00007f74b0019800 Uncommon trap: reason=bimorphic_or_optimized_type_check action=maybe_recompile pc=0x00007f74a00d1ca4 method=java.util.AbstractCollection.isEmpty()Z @ 1 c2
Event: 4.115 Thread 0x00007f74b0019800 DEOPT PACKING pc=0x00007f74a00d1ca4 sp=0x00007f74b6ffd360
Event: 4.115 Thread 0x00007f74b0019800 DEOPT UNPACKING pc=0x00007f74986082a5 sp=0x00007f74b6ffd320 mode 2
Event: 4.115 Thread 0x00007f74b0019800 Uncommon trap: trap_request=0xffffffc6 fr.pc=0x00007f74a00d1ca4 relative=0x0000000000000084
Event: 4.115 Thread 0x00007f74b0019800 Uncommon trap: reason=bimorphic_or_optimized_type_check action=maybe_recompile pc=0x00007f74a00d1ca4 method=java.util.AbstractCollection.isEmpty()Z @ 1 c2
Event: 4.115 Thread 0x00007f74b0019800 DEOPT PACKING pc=0x00007f74a00d1ca4 sp=0x00007f74b6ffd530
Event: 4.115 Thread 0x00007f74b0019800 DEOPT UNPACKING pc=0x00007f74986082a5 sp=0x00007f74b6ffd4f0 mode 2
Event: 4.116 Thread 0x00007f74b0019800 Uncommon trap: trap_request=0xffffffc6 fr.pc=0x00007f74a00d1ca4 relative=0x0000000000000084
Event: 4.116 Thread 0x00007f74b0019800 Uncommon trap: reason=bimorphic_or_optimized_type_check action=maybe_recompile pc=0x00007f74a00d1ca4 method=java.util.AbstractCollection.isEmpty()Z @ 1 c2
Event: 4.116 Thread 0x00007f74b0019800 DEOPT PACKING pc=0x00007f74a00d1ca4 sp=0x00007f74b6ffd550
Event: 4.116 Thread 0x00007f74b0019800 DEOPT UNPACKING pc=0x00007f74986082a5 sp=0x00007f74b6ffd510 mode 2
Event: 4.116 Thread 0x00007f74b0019800 Uncommon trap: trap_request=0xffffffc6 fr.pc=0x00007f74a00d1ca4 relative=0x0000000000000084
Event: 4.116 Thread 0x00007f74b0019800 Uncommon trap: reason=bimorphic_or_optimized_type_check action=maybe_recompile pc=0x00007f74a00d1ca4 method=java.util.AbstractCollection.isEmpty()Z @ 1 c2
Event: 4.116 Thread 0x00007f74b0019800 DEOPT PACKING pc=0x00007f74a00d1ca4 sp=0x00007f74b6ffd360
Event: 4.116 Thread 0x00007f74b0019800 DEOPT UNPACKING pc=0x00007f74986082a5 sp=0x00007f74b6ffd320 mode 2

Classes redefined (0 events):
No events

Internal exceptions (20 events):
Event: 0.750 Thread 0x00007f74b0019800 Exception <a 'java/security/PrivilegedActionException'{0x00000000c6c205c8}> (0x00000000c6c205c8) thrown at [./src/hotspot/share/prims/jvm.cpp, line 1304]
Event: 0.750 Thread 0x00007f74b0019800 Exception <a 'java/security/PrivilegedActionException'{0x00000000c6c20898}> (0x00000000c6c20898) thrown at [./src/hotspot/share/prims/jvm.cpp, line 1304]
Event: 0.750 Thread 0x00007f74b0019800 Exception <a 'java/security/PrivilegedActionException'{0x00000000c6c211e8}> (0x00000000c6c211e8) thrown at [./src/hotspot/share/prims/jvm.cpp, line 1304]
Event: 0.750 Thread 0x00007f74b0019800 Exception <a 'java/security/PrivilegedActionException'{0x00000000c6c214b8}> (0x00000000c6c214b8) thrown at [./src/hotspot/share/prims/jvm.cpp, line 1304]
Event: 0.750 Thread 0x00007f74b0019800 Exception <a 'java/security/PrivilegedActionException'{0x00000000c6c21e40}> (0x00000000c6c21e40) thrown at [./src/hotspot/share/prims/jvm.cpp, line 1304]
Event: 0.750 Thread 0x00007f74b0019800 Exception <a 'java/security/PrivilegedActionException'{0x00000000c6c22110}> (0x00000000c6c22110) thrown at [./src/hotspot/share/prims/jvm.cpp, line 1304]
Event: 0.750 Thread 0x00007f74b0019800 Exception <a 'java/security/PrivilegedActionException'{0x00000000c6c22a80}> (0x00000000c6c22a80) thrown at [./src/hotspot/share/prims/jvm.cpp, line 1304]
Event: 0.750 Thread 0x00007f74b0019800 Exception <a 'java/security/PrivilegedActionException'{0x00000000c6c22d50}> (0x00000000c6c22d50) thrown at [./src/hotspot/share/prims/jvm.cpp, line 1304]
Event: 0.750 Thread 0x00007f74b0019800 Exception <a 'java/security/PrivilegedActionException'{0x00000000c6c236c0}> (0x00000000c6c236c0) thrown at [./src/hotspot/share/prims/jvm.cpp, line 1304]
Event: 0.750 Thread 0x00007f74b0019800 Exception <a 'java/security/PrivilegedActionException'{0x00000000c6c23990}> (0x00000000c6c23990) thrown at [./src/hotspot/share/prims/jvm.cpp, line 1304]
Event: 0.750 Thread 0x00007f74b0019800 Exception <a 'java/security/PrivilegedActionException'{0x00000000c6c24318}> (0x00000000c6c24318) thrown at [./src/hotspot/share/prims/jvm.cpp, line 1304]
Event: 0.750 Thread 0x00007f74b0019800 Exception <a 'java/security/PrivilegedActionException'{0x00000000c6c245e8}> (0x00000000c6c245e8) thrown at [./src/hotspot/share/prims/jvm.cpp, line 1304]
Event: 0.750 Thread 0x00007f74b0019800 Exception <a 'java/security/PrivilegedActionException'{0x00000000c6c24f70}> (0x00000000c6c24f70) thrown at [./src/hotspot/share/prims/jvm.cpp, line 1304]
Event: 0.750 Thread 0x00007f74b0019800 Exception <a 'java/security/PrivilegedActionException'{0x00000000c6c25240}> (0x00000000c6c25240) thrown at [./src/hotspot/share/prims/jvm.cpp, line 1304]
Event: 0.750 Thread 0x00007f74b0019800 Exception <a 'java/security/PrivilegedActionException'{0x00000000c6c25bc8}> (0x00000000c6c25bc8) thrown at [./src/hotspot/share/prims/jvm.cpp, line 1304]
Event: 0.750 Thread 0x00007f74b0019800 Exception <a 'java/security/PrivilegedActionException'{0x00000000c6c25e98}> (0x00000000c6c25e98) thrown at [./src/hotspot/share/prims/jvm.cpp, line 1304]
Event: 0.750 Thread 0x00007f74b0019800 Exception <a 'java/security/PrivilegedActionException'{0x00000000c6c26808}> (0x00000000c6c26808) thrown at [./src/hotspot/share/prims/jvm.cpp, line 1304]
Event: 0.750 Thread 0x00007f74b0019800 Exception <a 'java/security/PrivilegedActionException'{0x00000000c6c26ad8}> (0x00000000c6c26ad8) thrown at [./src/hotspot/share/prims/jvm.cpp, line 1304]
Event: 0.750 Thread 0x00007f74b0019800 Exception <a 'java/security/PrivilegedActionException'{0x00000000c6c27460}> (0x00000000c6c27460) thrown at [./src/hotspot/share/prims/jvm.cpp, line 1304]
Event: 0.750 Thread 0x00007f74b0019800 Exception <a 'java/security/PrivilegedActionException'{0x00000000c6c27730}> (0x00000000c6c27730) thrown at [./src/hotspot/share/prims/jvm.cpp, line 1304]

Events (20 events):
Event: 4.105 loading class LLVMSymbolTable$SymbolTableEntry
Event: 4.105 loading class LLVMSymbolTable$SymbolTableEntry done
Event: 4.113 Executing VM operation: Deoptimize
Event: 4.113 Executing VM operation: Deoptimize done
Event: 4.115 loading class java/lang/invoke/BoundMethodHandle$Species_LL
Event: 4.115 loading class java/lang/invoke/BoundMethodHandle$Species_LL done
Event: 4.116 loading class java/lang/invoke/BoundMethodHandle$Species_LLL
Event: 4.116 loading class java/lang/invoke/BoundMethodHandle$Species_LLL done
Event: 4.116 loading class java/lang/invoke/BoundMethodHandle$Species_LLLL
Event: 4.116 loading class java/lang/invoke/BoundMethodHandle$Species_LLLL done
Event: 4.119 loading class java/lang/invoke/BoundMethodHandle$Species_LLLLL
Event: 4.119 loading class java/lang/invoke/BoundMethodHandle$Species_LLLLL done
Event: 4.123 loading class java/lang/invoke/BoundMethodHandle$Species_LLLLLL
Event: 4.123 loading class java/lang/invoke/BoundMethodHandle$Species_LLLLLL done
Event: 4.128 loading class java/lang/invoke/BoundMethodHandle$Species_LLLLLLI
Event: 4.128 loading class java/lang/invoke/BoundMethodHandle$Species_LLLLLLI done
Event: 4.136 loading class java/lang/invoke/BoundMethodHandle$Species_LLLLLLII
Event: 4.136 loading class java/lang/invoke/BoundMethodHandle$Species_LLLLLLII done
Event: 4.142 loading class java/lang/invoke/BoundMethodHandle$Species_LLLLLLIIL
Event: 4.142 loading class java/lang/invoke/BoundMethodHandle$Species_LLLLLLIIL done


Dynamic libraries:
c3200000-c7000000 rw-p 00000000 00:00 0 
c7000000-ffe00000 ---p 00000000 00:00 0 
ffe00000-ffe47000 rw-p 00b0a000 08:03 1060156                            /usr/lib/jvm/java-11-openjdk-amd64/lib/server/classes.jsa
ffe47000-fff00000 rw-p 00000000 00:00 0 
fff00000-fff6b000 rw-p 00a9f000 08:03 1060156                            /usr/lib/jvm/java-11-openjdk-amd64/lib/server/classes.jsa
fff6b000-100000000 rw-p 00000000 00:00 0 
800000000-800002000 rwxp 00001000 08:03 1060156                          /usr/lib/jvm/java-11-openjdk-amd64/lib/server/classes.jsa
800002000-800a9e000 rw-p 00003000 08:03 1060156                          /usr/lib/jvm/java-11-openjdk-amd64/lib/server/classes.jsa
840000000-8400c0000 rw-p 00000000 00:00 0 
8400c0000-880000000 ---p 00000000 00:00 0 
55f90f91a000-55f90f91b000 r--p 00000000 08:03 1058673                    /usr/lib/jvm/java-11-openjdk-amd64/bin/java
55f90f91b000-55f90f91c000 r-xp 00001000 08:03 1058673                    /usr/lib/jvm/java-11-openjdk-amd64/bin/java
55f90f91c000-55f90f91d000 r--p 00002000 08:03 1058673                    /usr/lib/jvm/java-11-openjdk-amd64/bin/java
55f90f91d000-55f90f91e000 r--p 00002000 08:03 1058673                    /usr/lib/jvm/java-11-openjdk-amd64/bin/java
55f90f91e000-55f90f91f000 rw-p 00003000 08:03 1058673                    /usr/lib/jvm/java-11-openjdk-amd64/bin/java
55f910831000-55f910873000 rw-p 00000000 00:00 0                          [heap]
7f74550fa000-7f745515f000 r--p 00000000 08:03 1579540                    /home/doudou/.javacpp/cache/llvm-13.0.1-1.5.7-linux-x86_64.jar/org/bytedeco/llvm/linux-x86_64/libjniLLVM.so
7f745515f000-7f74551cd000 r-xp 00065000 08:03 1579540                    /home/doudou/.javacpp/cache/llvm-13.0.1-1.5.7-linux-x86_64.jar/org/bytedeco/llvm/linux-x86_64/libjniLLVM.so
7f74551cd000-7f74551f8000 r--p 000d3000 08:03 1579540                    /home/doudou/.javacpp/cache/llvm-13.0.1-1.5.7-linux-x86_64.jar/org/bytedeco/llvm/linux-x86_64/libjniLLVM.so
7f74551f8000-7f74551fb000 r--p 000fd000 08:03 1579540                    /home/doudou/.javacpp/cache/llvm-13.0.1-1.5.7-linux-x86_64.jar/org/bytedeco/llvm/linux-x86_64/libjniLLVM.so
7f74551fb000-7f74551fe000 rw-p 00100000 08:03 1579540                    /home/doudou/.javacpp/cache/llvm-13.0.1-1.5.7-linux-x86_64.jar/org/bytedeco/llvm/linux-x86_64/libjniLLVM.so
7f74551fe000-7f7455200000 rw-p 00000000 00:00 0 
7f7455200000-7f7455b26000 r--p 00000000 08:03 1579535                    /home/doudou/.javacpp/cache/llvm-13.0.1-1.5.7-linux-x86_64.jar/org/bytedeco/llvm/linux-x86_64/libLLVM-13.so
7f7455b26000-7f74594e9000 r-xp 00926000 08:03 1579535                    /home/doudou/.javacpp/cache/llvm-13.0.1-1.5.7-linux-x86_64.jar/org/bytedeco/llvm/linux-x86_64/libLLVM-13.so
7f74594e9000-7f745b73e000 r--p 042e9000 08:03 1579535                    /home/doudou/.javacpp/cache/llvm-13.0.1-1.5.7-linux-x86_64.jar/org/bytedeco/llvm/linux-x86_64/libLLVM-13.so
7f745b73e000-7f745bc53000 r--p 0653d000 08:03 1579535                    /home/doudou/.javacpp/cache/llvm-13.0.1-1.5.7-linux-x86_64.jar/org/bytedeco/llvm/linux-x86_64/libLLVM-13.so
7f745bc53000-7f745bc5e000 rw-p 06a52000 08:03 1579535                    /home/doudou/.javacpp/cache/llvm-13.0.1-1.5.7-linux-x86_64.jar/org/bytedeco/llvm/linux-x86_64/libLLVM-13.so
7f745bc5e000-7f745bcd4000 rw-p 00000000 00:00 0 
7f745bcfc000-7f745bcfd000 ---p 00000000 00:00 0 
7f745bcfd000-7f745bdfe000 rw-p 00000000 00:00 0 
7f745bdfe000-7f745be02000 ---p 00000000 00:00 0 
7f745be02000-7f745befe000 rw-p 00000000 00:00 0 
7f745befe000-7f745beff000 ---p 00000000 00:00 0 
7f745beff000-7f745c000000 rw-p 00000000 00:00 0 
7f745c000000-7f745c021000 rw-p 00000000 00:00 0 
7f745c021000-7f7460000000 ---p 00000000 00:00 0 
7f7460000000-7f7460021000 rw-p 00000000 00:00 0 
7f7460021000-7f7464000000 ---p 00000000 00:00 0 
7f7464000000-7f746442e000 rw-p 00000000 00:00 0 
7f746442e000-7f7468000000 ---p 00000000 00:00 0 
7f7468000000-7f746835f000 rw-p 00000000 00:00 0 
7f746835f000-7f746c000000 ---p 00000000 00:00 0 
7f746c000000-7f746c021000 rw-p 00000000 00:00 0 
7f746c021000-7f7470000000 ---p 00000000 00:00 0 
7f7470000000-7f7470021000 rw-p 00000000 00:00 0 
7f7470021000-7f7474000000 ---p 00000000 00:00 0 
7f7474000000-7f7474021000 rw-p 00000000 00:00 0 
7f7474021000-7f7478000000 ---p 00000000 00:00 0 
7f7478000000-7f7478021000 rw-p 00000000 00:00 0 
7f7478021000-7f747c000000 ---p 00000000 00:00 0 
7f747c000000-7f747c021000 rw-p 00000000 00:00 0 
7f747c021000-7f7480000000 ---p 00000000 00:00 0 
7f7480000000-7f7480021000 rw-p 00000000 00:00 0 
7f7480021000-7f7484000000 ---p 00000000 00:00 0 
7f7484000000-7f7484021000 rw-p 00000000 00:00 0 
7f7484021000-7f7488000000 ---p 00000000 00:00 0 
7f7488000000-7f7488021000 rw-p 00000000 00:00 0 
7f7488021000-7f748c000000 ---p 00000000 00:00 0 
7f748c000000-7f748c021000 rw-p 00000000 00:00 0 
7f748c021000-7f7490000000 ---p 00000000 00:00 0 
7f74900c8000-7f74900cc000 ---p 00000000 00:00 0 
7f74900cc000-7f74901c8000 rw-p 00000000 00:00 0 
7f74901c8000-7f74901cc000 ---p 00000000 00:00 0 
7f74901cc000-7f74902c8000 rw-p 00000000 00:00 0 
7f74902c8000-7f74902cc000 ---p 00000000 00:00 0 
7f74902cc000-7f74903c8000 rw-p 00000000 00:00 0 
7f74903c8000-7f74903cc000 ---p 00000000 00:00 0 
7f74903cc000-7f74904c8000 rw-p 00000000 00:00 0 
7f74904c8000-7f74904cc000 ---p 00000000 00:00 0 
7f74904cc000-7f74905c8000 rw-p 00000000 00:00 0 
7f74905c8000-7f74905cc000 ---p 00000000 00:00 0 
7f74905cc000-7f74906c8000 rw-p 00000000 00:00 0 
7f74906c8000-7f74906cc000 ---p 00000000 00:00 0 
7f74906cc000-7f74907c8000 rw-p 00000000 00:00 0 
7f74907c8000-7f74907cc000 ---p 00000000 00:00 0 
7f74907cc000-7f7490ec8000 rw-p 00000000 00:00 0 
7f7490ec8000-7f74910c8000 ---p 00000000 00:00 0 
7f74910c8000-7f74931c0000 rw-p 00000000 00:00 0 
7f74931c0000-7f7493ff8000 ---p 00000000 00:00 0 
7f7493ff8000-7f7494000000 rw-p 00000000 00:00 0 
7f7494000000-7f7494021000 rw-p 00000000 00:00 0 
7f7494021000-7f7498000000 ---p 00000000 00:00 0 
7f74980fc000-7f7498100000 ---p 00000000 00:00 0 
7f7498100000-7f74981fc000 rw-p 00000000 00:00 0 
7f74981fc000-7f7498200000 ---p 00000000 00:00 0 
7f7498200000-7f74982fc000 rw-p 00000000 00:00 0 
7f74982fc000-7f7498300000 ---p 00000000 00:00 0 
7f7498300000-7f74983fc000 rw-p 00000000 00:00 0 
7f74983fc000-7f74983fd000 ---p 00000000 00:00 0 
7f74983fd000-7f74984fe000 rw-p 00000000 00:00 0 
7f74984fe000-7f74984ff000 ---p 00000000 00:00 0 
7f74984ff000-7f7498600000 rw-p 00000000 00:00 0 
7f7498600000-7f7498870000 rwxp 00000000 00:00 0 
7f7498870000-7f7498b8f000 ---p 00000000 00:00 0 
7f7498b8f000-7f7498dff000 rwxp 00000000 00:00 0 
7f7498dff000-7f74a00c7000 ---p 00000000 00:00 0 
7f74a00c7000-7f74a0337000 rwxp 00000000 00:00 0 
7f74a0337000-7f74a7600000 ---p 00000000 00:00 0 
7f74a7600000-7f74afe0b000 r--s 00000000 08:03 1058832                    /usr/lib/jvm/java-11-openjdk-amd64/lib/modules
7f74afe22000-7f74afefe000 rw-p 00000000 00:00 0 
7f74afefe000-7f74afeff000 ---p 00000000 00:00 0 
7f74afeff000-7f74b0000000 rw-p 00000000 00:00 0 
7f74b0000000-7f74b03a8000 rw-p 00000000 00:00 0 
7f74b03a8000-7f74b4000000 ---p 00000000 00:00 0 
7f74b4033000-7f74b4235000 rw-p 00000000 00:00 0 
7f74b4235000-7f74b4236000 ---p 00000000 00:00 0 
7f74b4236000-7f74b4337000 rw-p 00000000 00:00 0 
7f74b4337000-7f74b4338000 ---p 00000000 00:00 0 
7f74b4338000-7f74b4531000 rw-p 00000000 00:00 0 
7f74b4531000-7f74b5369000 ---p 00000000 00:00 0 
7f74b5369000-7f74b5390000 rw-p 00000000 00:00 0 
7f74b5390000-7f74b5557000 ---p 00000000 00:00 0 
7f74b5557000-7f74b5577000 rw-p 00000000 00:00 0 
7f74b5577000-7f74b573e000 ---p 00000000 00:00 0 
7f74b573e000-7f74b575e000 rw-p 00000000 00:00 0 
7f74b575e000-7f74b5925000 ---p 00000000 00:00 0 
7f74b5925000-7f74b5b28000 rw-p 00000000 00:00 0 
7f74b5b28000-7f74b5b29000 ---p 00000000 00:00 0 
7f74b5b29000-7f74b5c2f000 rw-p 00000000 00:00 0 
7f74b5c2f000-7f74b5d15000 ---p 00000000 00:00 0 
7f74b5d15000-7f74b5d1a000 rw-p 00000000 00:00 0 
7f74b5d1a000-7f74b5e00000 ---p 00000000 00:00 0 
7f74b5e00000-7f74b6be7000 r--p 00000000 08:03 534858                     /usr/lib/locale/locale-archive
7f74b6be8000-7f74b6be9000 r--p 00000000 08:03 1579538                    /home/doudou/.javacpp/cache/llvm-13.0.1-1.5.7-linux-x86_64.jar/org/bytedeco/llvm/linux-x86_64/libRemarks.so.13
7f74b6be9000-7f74b6bea000 r-xp 00001000 08:03 1579538                    /home/doudou/.javacpp/cache/llvm-13.0.1-1.5.7-linux-x86_64.jar/org/bytedeco/llvm/linux-x86_64/libRemarks.so.13
7f74b6bea000-7f74b6beb000 r--p 00002000 08:03 1579538                    /home/doudou/.javacpp/cache/llvm-13.0.1-1.5.7-linux-x86_64.jar/org/bytedeco/llvm/linux-x86_64/libRemarks.so.13
7f74b6beb000-7f74b6bec000 r--p 00002000 08:03 1579538                    /home/doudou/.javacpp/cache/llvm-13.0.1-1.5.7-linux-x86_64.jar/org/bytedeco/llvm/linux-x86_64/libRemarks.so.13
7f74b6bec000-7f74b6bed000 rw-p 00003000 08:03 1579538                    /home/doudou/.javacpp/cache/llvm-13.0.1-1.5.7-linux-x86_64.jar/org/bytedeco/llvm/linux-x86_64/libRemarks.so.13
7f74b6bed000-7f74b6bf4000 r--p 00000000 08:03 1579536                    /home/doudou/.javacpp/cache/llvm-13.0.1-1.5.7-linux-x86_64.jar/org/bytedeco/llvm/linux-x86_64/libLTO.so.13
7f74b6bf4000-7f74b6bfc000 r-xp 00007000 08:03 1579536                    /home/doudou/.javacpp/cache/llvm-13.0.1-1.5.7-linux-x86_64.jar/org/bytedeco/llvm/linux-x86_64/libLTO.so.13
7f74b6bfc000-7f74b6bfe000 r--p 0000f000 08:03 1579536                    /home/doudou/.javacpp/cache/llvm-13.0.1-1.5.7-linux-x86_64.jar/org/bytedeco/llvm/linux-x86_64/libLTO.so.13
7f74b6bfe000-7f74b6bff000 r--p 00010000 08:03 1579536                    /home/doudou/.javacpp/cache/llvm-13.0.1-1.5.7-linux-x86_64.jar/org/bytedeco/llvm/linux-x86_64/libLTO.so.13
7f74b6bff000-7f74b6c00000 rw-p 00011000 08:03 1579536                    /home/doudou/.javacpp/cache/llvm-13.0.1-1.5.7-linux-x86_64.jar/org/bytedeco/llvm/linux-x86_64/libLTO.so.13
7f74b6c00000-7f74b6c9a000 r--p 00000000 08:03 552221                     /usr/lib/x86_64-linux-gnu/libstdc++.so.6.0.30
7f74b6c9a000-7f74b6daa000 r-xp 0009a000 08:03 552221                     /usr/lib/x86_64-linux-gnu/libstdc++.so.6.0.30
7f74b6daa000-7f74b6e19000 r--p 001aa000 08:03 552221                     /usr/lib/x86_64-linux-gnu/libstdc++.so.6.0.30
7f74b6e19000-7f74b6e24000 r--p 00218000 08:03 552221                     /usr/lib/x86_64-linux-gnu/libstdc++.so.6.0.30
7f74b6e24000-7f74b6e27000 rw-p 00223000 08:03 552221                     /usr/lib/x86_64-linux-gnu/libstdc++.so.6.0.30
7f74b6e27000-7f74b6e2a000 rw-p 00000000 00:00 0 
7f74b6e2c000-7f74b6e2d000 r--p 00000000 08:03 551276                     /usr/lib/x86_64-linux-gnu/libdl.so.2
7f74b6e2d000-7f74b6e2e000 r-xp 00001000 08:03 551276                     /usr/lib/x86_64-linux-gnu/libdl.so.2
7f74b6e2e000-7f74b6e2f000 r--p 00002000 08:03 551276                     /usr/lib/x86_64-linux-gnu/libdl.so.2
7f74b6e2f000-7f74b6e30000 r--p 00002000 08:03 551276                     /usr/lib/x86_64-linux-gnu/libdl.so.2
7f74b6e30000-7f74b6e31000 rw-p 00003000 08:03 551276                     /usr/lib/x86_64-linux-gnu/libdl.so.2
7f74b6e31000-7f74b6e35000 r--p 00000000 08:03 1579530                    /home/doudou/.javacpp/cache/javacpp-1.5.7-linux-x86_64.jar/org/bytedeco/javacpp/linux-x86_64/libjnijavacpp.so
7f74b6e35000-7f74b6e3c000 r-xp 00004000 08:03 1579530                    /home/doudou/.javacpp/cache/javacpp-1.5.7-linux-x86_64.jar/org/bytedeco/javacpp/linux-x86_64/libjnijavacpp.so
7f74b6e3c000-7f74b6e40000 r--p 0000b000 08:03 1579530                    /home/doudou/.javacpp/cache/javacpp-1.5.7-linux-x86_64.jar/org/bytedeco/javacpp/linux-x86_64/libjnijavacpp.so
7f74b6e40000-7f74b6e41000 r--p 0000e000 08:03 1579530                    /home/doudou/.javacpp/cache/javacpp-1.5.7-linux-x86_64.jar/org/bytedeco/javacpp/linux-x86_64/libjnijavacpp.so
7f74b6e41000-7f74b6e42000 rw-p 0000f000 08:03 1579530                    /home/doudou/.javacpp/cache/javacpp-1.5.7-linux-x86_64.jar/org/bytedeco/javacpp/linux-x86_64/libjnijavacpp.so
7f74b6e42000-7f74b6e49000 r--s 00000000 08:03 553557                     /usr/lib/x86_64-linux-gnu/gconv/gconv-modules.cache
7f74b6e4a000-7f74b6e4b000 r--p 00000000 08:03 552054                     /usr/lib/x86_64-linux-gnu/libpthread.so.0
7f74b6e4b000-7f74b6e4c000 r-xp 00001000 08:03 552054                     /usr/lib/x86_64-linux-gnu/libpthread.so.0
7f74b6e4c000-7f74b6e4d000 r--p 00002000 08:03 552054                     /usr/lib/x86_64-linux-gnu/libpthread.so.0
7f74b6e4d000-7f74b6e4e000 r--p 00002000 08:03 552054                     /usr/lib/x86_64-linux-gnu/libpthread.so.0
7f74b6e4e000-7f74b6e4f000 rw-p 00003000 08:03 552054                     /usr/lib/x86_64-linux-gnu/libpthread.so.0
7f74b6e4f000-7f74b6e53000 r--p 00000000 08:03 1058822                    /usr/lib/jvm/java-11-openjdk-amd64/lib/libnet.so
7f74b6e53000-7f74b6e61000 r-xp 00004000 08:03 1058822                    /usr/lib/jvm/java-11-openjdk-amd64/lib/libnet.so
7f74b6e61000-7f74b6e65000 r--p 00012000 08:03 1058822                    /usr/lib/jvm/java-11-openjdk-amd64/lib/libnet.so
7f74b6e65000-7f74b6e66000 r--p 00015000 08:03 1058822                    /usr/lib/jvm/java-11-openjdk-amd64/lib/libnet.so
7f74b6e66000-7f74b6e67000 rw-p 00016000 08:03 1058822                    /usr/lib/jvm/java-11-openjdk-amd64/lib/libnet.so
7f74b6e67000-7f74b6e6e000 r--p 00000000 08:03 1058823                    /usr/lib/jvm/java-11-openjdk-amd64/lib/libnio.so
7f74b6e6e000-7f74b6e76000 r-xp 00007000 08:03 1058823                    /usr/lib/jvm/java-11-openjdk-amd64/lib/libnio.so
7f74b6e76000-7f74b6e79000 r--p 0000f000 08:03 1058823                    /usr/lib/jvm/java-11-openjdk-amd64/lib/libnio.so
7f74b6e79000-7f74b6e7a000 r--p 00011000 08:03 1058823                    /usr/lib/jvm/java-11-openjdk-amd64/lib/libnio.so
7f74b6e7a000-7f74b6e7b000 rw-p 00012000 08:03 1058823                    /usr/lib/jvm/java-11-openjdk-amd64/lib/libnio.so
7f74b6e7b000-7f74b6e7d000 r--p 00000000 08:03 1058803                    /usr/lib/jvm/java-11-openjdk-amd64/lib/libdt_socket.so
7f74b6e7d000-7f74b6e80000 r-xp 00002000 08:03 1058803                    /usr/lib/jvm/java-11-openjdk-amd64/lib/libdt_socket.so
7f74b6e80000-7f74b6e81000 r--p 00005000 08:03 1058803                    /usr/lib/jvm/java-11-openjdk-amd64/lib/libdt_socket.so
7f74b6e81000-7f74b6e82000 ---p 00006000 08:03 1058803                    /usr/lib/jvm/java-11-openjdk-amd64/lib/libdt_socket.so
7f74b6e82000-7f74b6e83000 r--p 00006000 08:03 1058803                    /usr/lib/jvm/java-11-openjdk-amd64/lib/libdt_socket.so
7f74b6e83000-7f74b6e84000 rw-p 00007000 08:03 1058803                    /usr/lib/jvm/java-11-openjdk-amd64/lib/libdt_socket.so
7f74b6e84000-7f74b6eaa000 rw-p 00000000 00:00 0 
7f74b6eaa000-7f74b6eb1000 ---p 00000000 00:00 0 
7f74b6eb1000-7f74b6eb7000 r--s 000f8000 07:0d 1466                       /snap/intellij-idea-ultimate/430/plugins/java/lib/rt/debugger-agent.jar
7f74b6eb7000-7f74b6eb9000 r--p 00000000 08:03 1058831                    /usr/lib/jvm/java-11-openjdk-amd64/lib/libzip.so
7f74b6eb9000-7f74b6ebe000 r-xp 00002000 08:03 1058831                    /usr/lib/jvm/java-11-openjdk-amd64/lib/libzip.so
7f74b6ebe000-7f74b6ec0000 r--p 00007000 08:03 1058831                    /usr/lib/jvm/java-11-openjdk-amd64/lib/libzip.so
7f74b6ec0000-7f74b6ec1000 r--p 00008000 08:03 1058831                    /usr/lib/jvm/java-11-openjdk-amd64/lib/libzip.so
7f74b6ec1000-7f74b6ec2000 rw-p 00009000 08:03 1058831                    /usr/lib/jvm/java-11-openjdk-amd64/lib/libzip.so
7f74b6ec2000-7f74b6ec4000 r--p 00000000 08:03 1058813                    /usr/lib/jvm/java-11-openjdk-amd64/lib/libjdwp.so
7f74b6ec4000-7f74b6ef0000 r-xp 00002000 08:03 1058813                    /usr/lib/jvm/java-11-openjdk-amd64/lib/libjdwp.so
7f74b6ef0000-7f74b6efe000 r--p 0002e000 08:03 1058813                    /usr/lib/jvm/java-11-openjdk-amd64/lib/libjdwp.so
7f74b6efe000-7f74b6eff000 r--p 0003b000 08:03 1058813                    /usr/lib/jvm/java-11-openjdk-amd64/lib/libjdwp.so
7f74b6eff000-7f74b6f00000 rw-p 0003c000 08:03 1058813                    /usr/lib/jvm/java-11-openjdk-amd64/lib/libjdwp.so
7f74b6f00000-7f74b6f04000 ---p 00000000 00:00 0 
7f74b6f04000-7f74b7000000 rw-p 00000000 00:00 0 
7f74b7000000-7f74b7282000 r--p 00000000 08:03 1058837                    /usr/lib/jvm/java-11-openjdk-amd64/lib/server/libjvm.so
7f74b7282000-7f74b7f1e000 r-xp 00282000 08:03 1058837                    /usr/lib/jvm/java-11-openjdk-amd64/lib/server/libjvm.so
7f74b7f1e000-7f74b8179000 r--p 00f1e000 08:03 1058837                    /usr/lib/jvm/java-11-openjdk-amd64/lib/server/libjvm.so
7f74b8179000-7f74b817a000 ---p 01179000 08:03 1058837                    /usr/lib/jvm/java-11-openjdk-amd64/lib/server/libjvm.so
7f74b817a000-7f74b823e000 r--p 01179000 08:03 1058837                    /usr/lib/jvm/java-11-openjdk-amd64/lib/server/libjvm.so
7f74b823e000-7f74b8279000 rw-p 0123d000 08:03 1058837                    /usr/lib/jvm/java-11-openjdk-amd64/lib/server/libjvm.so
7f74b8279000-7f74b82d0000 rw-p 00000000 00:00 0 
7f74b82d2000-7f74b82da000 rw-s 00000000 08:03 824365                     /tmp/hsperfdata_doudou/11829
7f74b82da000-7f74b82e8000 r--p 00000000 08:03 1058811                    /usr/lib/jvm/java-11-openjdk-amd64/lib/libjava.so
7f74b82e8000-7f74b82fe000 r-xp 0000e000 08:03 1058811                    /usr/lib/jvm/java-11-openjdk-amd64/lib/libjava.so
7f74b82fe000-7f74b8305000 r--p 00024000 08:03 1058811                    /usr/lib/jvm/java-11-openjdk-amd64/lib/libjava.so
7f74b8305000-7f74b8306000 r--p 0002a000 08:03 1058811                    /usr/lib/jvm/java-11-openjdk-amd64/lib/libjava.so
7f74b8306000-7f74b8307000 rw-p 0002b000 08:03 1058811                    /usr/lib/jvm/java-11-openjdk-amd64/lib/libjava.so
7f74b8307000-7f74b8308000 rw-p 00000000 00:00 0 
7f74b8308000-7f74b830d000 r--p 00000000 08:03 1058830                    /usr/lib/jvm/java-11-openjdk-amd64/lib/libverify.so
7f74b830d000-7f74b8314000 r-xp 00005000 08:03 1058830                    /usr/lib/jvm/java-11-openjdk-amd64/lib/libverify.so
7f74b8314000-7f74b8316000 r--p 0000c000 08:03 1058830                    /usr/lib/jvm/java-11-openjdk-amd64/lib/libverify.so
7f74b8316000-7f74b8318000 r--p 0000d000 08:03 1058830                    /usr/lib/jvm/java-11-openjdk-amd64/lib/libverify.so
7f74b8318000-7f74b8319000 rw-p 0000f000 08:03 1058830                    /usr/lib/jvm/java-11-openjdk-amd64/lib/libverify.so
7f74b8319000-7f74b8327000 r--p 00000000 08:03 551785                     /usr/lib/x86_64-linux-gnu/libm.so.6
7f74b8327000-7f74b83a3000 r-xp 0000e000 08:03 551785                     /usr/lib/x86_64-linux-gnu/libm.so.6
7f74b83a3000-7f74b83fe000 r--p 0008a000 08:03 551785                     /usr/lib/x86_64-linux-gnu/libm.so.6
7f74b83fe000-7f74b83ff000 r--p 000e4000 08:03 551785                     /usr/lib/x86_64-linux-gnu/libm.so.6
7f74b83ff000-7f74b8400000 rw-p 000e5000 08:03 551785                     /usr/lib/x86_64-linux-gnu/libm.so.6
7f74b8400000-7f74b8428000 r--p 00000000 08:03 551134                     /usr/lib/x86_64-linux-gnu/libc.so.6
7f74b8428000-7f74b85bd000 r-xp 00028000 08:03 551134                     /usr/lib/x86_64-linux-gnu/libc.so.6
7f74b85bd000-7f74b8615000 r--p 001bd000 08:03 551134                     /usr/lib/x86_64-linux-gnu/libc.so.6
7f74b8615000-7f74b8619000 r--p 00214000 08:03 551134                     /usr/lib/x86_64-linux-gnu/libc.so.6
7f74b8619000-7f74b861b000 rw-p 00218000 08:03 551134                     /usr/lib/x86_64-linux-gnu/libc.so.6
7f74b861b000-7f74b8628000 rw-p 00000000 00:00 0 
7f74b8629000-7f74b862b000 r--p 00000000 08:03 1058806                    /usr/lib/jvm/java-11-openjdk-amd64/lib/libinstrument.so
7f74b862b000-7f74b8632000 r-xp 00002000 08:03 1058806                    /usr/lib/jvm/java-11-openjdk-amd64/lib/libinstrument.so
7f74b8632000-7f74b8635000 r--p 00009000 08:03 1058806                    /usr/lib/jvm/java-11-openjdk-amd64/lib/libinstrument.so
7f74b8635000-7f74b8636000 r--p 0000b000 08:03 1058806                    /usr/lib/jvm/java-11-openjdk-amd64/lib/libinstrument.so
7f74b8636000-7f74b8637000 rw-p 0000c000 08:03 1058806                    /usr/lib/jvm/java-11-openjdk-amd64/lib/libinstrument.so
7f74b8637000-7f74b8638000 r--p 00000000 08:03 552110                     /usr/lib/x86_64-linux-gnu/librt.so.1
7f74b8638000-7f74b8639000 r-xp 00001000 08:03 552110                     /usr/lib/x86_64-linux-gnu/librt.so.1
7f74b8639000-7f74b863a000 r--p 00002000 08:03 552110                     /usr/lib/x86_64-linux-gnu/librt.so.1
7f74b863a000-7f74b863b000 r--p 00002000 08:03 552110                     /usr/lib/x86_64-linux-gnu/librt.so.1
7f74b863b000-7f74b863c000 rw-p 00003000 08:03 552110                     /usr/lib/x86_64-linux-gnu/librt.so.1
7f74b863c000-7f74b863f000 r--p 00000000 08:03 551433                     /usr/lib/x86_64-linux-gnu/libgcc_s.so.1
7f74b863f000-7f74b8656000 r-xp 00003000 08:03 551433                     /usr/lib/x86_64-linux-gnu/libgcc_s.so.1
7f74b8656000-7f74b865a000 r--p 0001a000 08:03 551433                     /usr/lib/x86_64-linux-gnu/libgcc_s.so.1
7f74b865a000-7f74b865b000 r--p 0001d000 08:03 551433                     /usr/lib/x86_64-linux-gnu/libgcc_s.so.1
7f74b865b000-7f74b865c000 rw-p 0001e000 08:03 551433                     /usr/lib/x86_64-linux-gnu/libgcc_s.so.1
7f74b865c000-7f74b865e000 rw-p 00000000 00:00 0 
7f74b865e000-7f74b8660000 r--p 00000000 08:03 552488                     /usr/lib/x86_64-linux-gnu/libz.so.1.2.11
7f74b8660000-7f74b8671000 r-xp 00002000 08:03 552488                     /usr/lib/x86_64-linux-gnu/libz.so.1.2.11
7f74b8671000-7f74b8677000 r--p 00013000 08:03 552488                     /usr/lib/x86_64-linux-gnu/libz.so.1.2.11
7f74b8677000-7f74b8678000 ---p 00019000 08:03 552488                     /usr/lib/x86_64-linux-gnu/libz.so.1.2.11
7f74b8678000-7f74b8679000 r--p 00019000 08:03 552488                     /usr/lib/x86_64-linux-gnu/libz.so.1.2.11
7f74b8679000-7f74b867a000 rw-p 0001a000 08:03 552488                     /usr/lib/x86_64-linux-gnu/libz.so.1.2.11
7f74b867e000-7f74b867f000 ---p 00000000 00:00 0 
7f74b867f000-7f74b8680000 r--p 00000000 00:00 0 
7f74b8680000-7f74b8682000 r--p 00000000 08:03 1058814                    /usr/lib/jvm/java-11-openjdk-amd64/lib/libjimage.so
7f74b8682000-7f74b8685000 r-xp 00002000 08:03 1058814                    /usr/lib/jvm/java-11-openjdk-amd64/lib/libjimage.so
7f74b8685000-7f74b8686000 r--p 00005000 08:03 1058814                    /usr/lib/jvm/java-11-openjdk-amd64/lib/libjimage.so
7f74b8686000-7f74b8687000 ---p 00006000 08:03 1058814                    /usr/lib/jvm/java-11-openjdk-amd64/lib/libjimage.so
7f74b8687000-7f74b8688000 r--p 00006000 08:03 1058814                    /usr/lib/jvm/java-11-openjdk-amd64/lib/libjimage.so
7f74b8688000-7f74b8689000 rw-p 00007000 08:03 1058814                    /usr/lib/jvm/java-11-openjdk-amd64/lib/libjimage.so
7f74b8689000-7f74b868c000 r--p 00000000 08:03 1058796                    /usr/lib/jvm/java-11-openjdk-amd64/lib/jli/libjli.so
7f74b868c000-7f74b8696000 r-xp 00003000 08:03 1058796                    /usr/lib/jvm/java-11-openjdk-amd64/lib/jli/libjli.so
7f74b8696000-7f74b8699000 r--p 0000d000 08:03 1058796                    /usr/lib/jvm/java-11-openjdk-amd64/lib/jli/libjli.so
7f74b8699000-7f74b869a000 ---p 00010000 08:03 1058796                    /usr/lib/jvm/java-11-openjdk-amd64/lib/jli/libjli.so
7f74b869a000-7f74b869b000 r--p 00010000 08:03 1058796                    /usr/lib/jvm/java-11-openjdk-amd64/lib/jli/libjli.so
7f74b869b000-7f74b869c000 rw-p 00011000 08:03 1058796                    /usr/lib/jvm/java-11-openjdk-amd64/lib/jli/libjli.so
7f74b869c000-7f74b869e000 rw-p 00000000 00:00 0 
7f74b869e000-7f74b86a0000 r--p 00000000 08:03 550792                     /usr/lib/x86_64-linux-gnu/ld-linux-x86-64.so.2
7f74b86a0000-7f74b86ca000 r-xp 00002000 08:03 550792                     /usr/lib/x86_64-linux-gnu/ld-linux-x86-64.so.2
7f74b86ca000-7f74b86d5000 r--p 0002c000 08:03 550792                     /usr/lib/x86_64-linux-gnu/ld-linux-x86-64.so.2
7f74b86d6000-7f74b86d8000 r--p 00037000 08:03 550792                     /usr/lib/x86_64-linux-gnu/ld-linux-x86-64.so.2
7f74b86d8000-7f74b86da000 rw-p 00039000 08:03 550792                     /usr/lib/x86_64-linux-gnu/ld-linux-x86-64.so.2
7ffc36e21000-7ffc36e42000 rw-p 00000000 00:00 0                          [stack]
7ffc36fdd000-7ffc36fe1000 r--p 00000000 00:00 0                          [vvar]
7ffc36fe1000-7ffc36fe3000 r-xp 00000000 00:00 0                          [vdso]
ffffffffff600000-ffffffffff601000 --xp 00000000 00:00 0                  [vsyscall]


VM Arguments:
jvm_args: -agentlib:jdwp=transport=dt_socket,address=127.0.0.1:54385,suspend=y,server=n -javaagent:/snap/intellij-idea-ultimate/430/plugins/java/lib/rt/debugger-agent.jar -Dfile.encoding=UTF-8 
java_command: Main /home/doudou/lab/Lab/tests/test1.sysy /home/doudou/lab/Lab/tests/out.txt
java_class_path (initial): /home/doudou/lab/Lab/out/production/Lab:/usr/local/lib/antlr-4.9.1-complete.jar:/usr/local/lib/javacpp-1.5.7-linux-x86_64.jar:/usr/local/lib/javacpp-1.5.7.jar:/usr/local/lib/llvm-13.0.1-1.5.7-linux-x86_64.jar:/usr/local/lib/llvm-13.0.1-1.5.7.jar:/usr/local/lib/llvm-platform-13.0.1-1.5.7.jar:/snap/intellij-idea-ultimate/430/lib/idea_rt.jar
Launcher Type: SUN_STANDARD

[Global flags]
     intx CICompilerCount                          = 2                                         {product} {ergonomic}
     uint ConcGCThreads                            = 1                                         {product} {ergonomic}
     uint G1ConcRefinementThreads                  = 2                                         {product} {ergonomic}
   size_t G1HeapRegionSize                         = 1048576                                   {product} {ergonomic}
    uintx GCDrainStackTargetSize                   = 64                                        {product} {ergonomic}
   size_t InitialHeapSize                          = 65011712                                  {product} {ergonomic}
   size_t MarkStackSize                            = 4194304                                   {product} {ergonomic}
   size_t MaxHeapSize                              = 1021313024                                {product} {ergonomic}
   size_t MaxNewSize                               = 612368384                                 {product} {ergonomic}
   size_t MinHeapDeltaBytes                        = 1048576                                   {product} {ergonomic}
    uintx NonNMethodCodeHeapSize                   = 5825164                                {pd product} {ergonomic}
    uintx NonProfiledCodeHeapSize                  = 122916538                              {pd product} {ergonomic}
    uintx ProfiledCodeHeapSize                     = 122916538                              {pd product} {ergonomic}
    uintx ReservedCodeCacheSize                    = 251658240                              {pd product} {ergonomic}
     bool SegmentedCodeCache                       = true                                      {product} {ergonomic}
     bool UseCompressedClassPointers               = true                                 {lp64_product} {ergonomic}
     bool UseCompressedOops                        = true                                 {lp64_product} {ergonomic}
     bool UseG1GC                                  = true                                      {product} {ergonomic}

Logging:
Log output configuration:
 #0: stdout all=warning uptime,level,tags
 #1: stderr all=off uptime,level,tags

Environment Variables:
PATH=/usr/local/sbin:/usr/local/bin:/usr/sbin:/usr/bin:/sbin:/bin:/usr/games:/usr/local/games:/snap/bin:/snap/bin
USERNAME=doudou
SHELL=/bin/bash
DISPLAY=:0
LANG=en_US.UTF-8
LC_NUMERIC=zh_CN.UTF-8
LC_TIME=zh_CN.UTF-8

Signal Handlers:
SIGSEGV: [libjvm.so+0xeabd80], sa_mask[0]=11111111011111111101111111111110, sa_flags=SA_RESTART|SA_SIGINFO
SIGBUS: [libjvm.so+0xeabd80], sa_mask[0]=11111111011111111101111111111110, sa_flags=SA_RESTART|SA_SIGINFO
SIGFPE: [libjvm.so+0xeabd80], sa_mask[0]=11111111011111111101111111111110, sa_flags=SA_RESTART|SA_SIGINFO
SIGPIPE: [libjvm.so+0xbee610], sa_mask[0]=11111111011111111101111111111110, sa_flags=SA_RESTART|SA_SIGINFO
SIGXFSZ: [libjvm.so+0xbee610], sa_mask[0]=11111111011111111101111111111110, sa_flags=SA_RESTART|SA_SIGINFO
SIGILL: [libjvm.so+0xeabd80], sa_mask[0]=11111111011111111101111111111110, sa_flags=SA_RESTART|SA_SIGINFO
SIGUSR2: [libjvm.so+0xbee4b0], sa_mask[0]=00100000000000000000000000000000, sa_flags=SA_RESTART|SA_SIGINFO
SIGHUP: [libjvm.so+0xbeec50], sa_mask[0]=11111111011111111101111111111110, sa_flags=SA_RESTART|SA_SIGINFO
SIGINT: [libjvm.so+0xbeec50], sa_mask[0]=11111111011111111101111111111110, sa_flags=SA_RESTART|SA_SIGINFO
SIGTERM: [libjvm.so+0xbeec50], sa_mask[0]=11111111011111111101111111111110, sa_flags=SA_RESTART|SA_SIGINFO
SIGQUIT: [libjvm.so+0xbeec50], sa_mask[0]=11111111011111111101111111111110, sa_flags=SA_RESTART|SA_SIGINFO


---------------  S Y S T E M  ---------------

OS:DISTRIB_ID=Ubuntu
DISTRIB_RELEASE=22.04
DISTRIB_CODENAME=jammy
DISTRIB_DESCRIPTION="Ubuntu 22.04.2 LTS"
uname:Linux 5.19.0-43-generic #44~22.04.1-Ubuntu SMP PREEMPT_DYNAMIC Mon May 22 13:39:36 UTC 2 x86_64
OS uptime: 0 days 6:02 hours
libc:glibc 2.35 NPTL 2.35 
rlimit (soft/hard): STACK 8192k/infinity , CORE 0k/infinity , NPROC 15243/15243 , NOFILE 1048576/1048576 , AS infinity/infinity , CPU infinity/infinity , DATA infinity/infinity , FSIZE infinity/infinity , MEMLOCK 497764k/497764k
load average:2.42 1.60 1.16

/proc/meminfo:
MemTotal:        3982120 kB
MemFree:          113564 kB
MemAvailable:     145668 kB
Buffers:            2108 kB
Cached:           202584 kB
SwapCached:       252944 kB
Active:          1446976 kB
Inactive:         637816 kB
Active(anon):    1332968 kB
Inactive(anon):   547544 kB
Active(file):     114008 kB
Inactive(file):    90272 kB
Unevictable:           0 kB
Mlocked:               0 kB
SwapTotal:       3512316 kB
SwapFree:        1747312 kB
Zswap:                 0 kB
Zswapped:              0 kB
Dirty:              1080 kB
Writeback:             0 kB
AnonPages:       1865400 kB
Mapped:           104528 kB
Shmem:               312 kB
KReclaimable:      64200 kB
Slab:             525892 kB
SReclaimable:      64200 kB
SUnreclaim:       461692 kB
KernelStack:       13184 kB
PageTables:        25504 kB
NFS_Unstable:          0 kB
Bounce:                0 kB
WritebackTmp:          0 kB
CommitLimit:     5503376 kB
Committed_AS:    5906964 kB
VmallocTotal:   34359738367 kB
VmallocUsed:      433852 kB
VmallocChunk:          0 kB
Percpu:           134656 kB
HardwareCorrupted:     0 kB
AnonHugePages:         0 kB
ShmemHugePages:        0 kB
ShmemPmdMapped:        0 kB
FileHugePages:         0 kB
FilePmdMapped:         0 kB
HugePages_Total:       0
HugePages_Free:        0
HugePages_Rsvd:        0
HugePages_Surp:        0
Hugepagesize:       2048 kB
Hugetlb:               0 kB
DirectMap4k:      210752 kB
DirectMap2M:     3983360 kB
DirectMap1G:     2097152 kB

/sys/kernel/mm/transparent_hugepage/enabled:
always [madvise] never
/sys/kernel/mm/transparent_hugepage/defrag (defrag/compaction efforts parameter):
always defer defer+madvise [madvise] never

Process Memory:
Virtual Size: 3682984K (peak: 12394872K)
Resident Set Size: 93208K (peak: 93208K) (anon: 36848K, file: 56360K, shmem: 0K)
Swapped out: 0K
C-Heap outstanding allocations: 15714K, retained: 2257K
glibc malloc tunables: (default)

/proc/sys/kernel/threads-max (system-wide limit on the number of threads):
30487
/proc/sys/vm/max_map_count (maximum number of memory map areas a process may have):
65530
/proc/sys/kernel/pid_max (system-wide limit on number of process identifiers):
4194304

container (cgroup) information:
container_type: cgroupv2
cpu_cpuset_cpus: not supported
cpu_memory_nodes: not supported
active_processor_count: 2
cpu_quota: not supported
cpu_period: not supported
cpu_shares: not supported
memory_limit_in_bytes: unlimited
memory_and_swap_limit_in_bytes: unlimited
memory_soft_limit_in_bytes: unlimited
memory_usage_in_bytes: 1940828 k
memory_max_usage_in_bytes: not supported
memory_swap_current_in_bytes: 1153148 k
memory_swap_max_limit_in_bytes: unlimited
maximum number of tasks: 4573
current number of tasks: 164

VMWare virtualization detected
Steal ticks since vm start: 0
Steal ticks percentage since vm start:  0.000

CPU:total 2 (initial active 2) (1 cores per cpu, 1 threads per core) family 6 model 140 stepping 1 microcode 0xffffffff, cmov, cx8, fxsr, mmx, sse, sse2, sse3, ssse3, sse4.1, sse4.2, popcnt, avx, avx2, aes, clmul, erms, 3dnowpref, lzcnt, tsc, tscinvbit, bmi1, bmi2, adx, evex, sha, fma
CPU Model and flags from /proc/cpuinfo:
model name	: 11th Gen Intel(R) Core(TM) i7-1165G7 @ 2.80GHz
flags		: fpu vme de pse tsc msr pae mce cx8 apic sep mtrr pge mca cmov pat pse36 clflush mmx fxsr sse sse2 ss syscall nx pdpe1gb rdtscp lm constant_tsc arch_perfmon rep_good nopl xtopology tsc_reliable nonstop_tsc cpuid tsc_known_freq pni pclmulqdq ssse3 fma cx16 pcid sse4_1 sse4_2 x2apic movbe popcnt tsc_deadline_timer aes xsave avx f16c rdrand hypervisor lahf_lm abm 3dnowprefetch invpcid_single pti ssbd ibrs ibpb stibp fsgsbase tsc_adjust bmi1 avx2 smep bmi2 erms invpcid avx512f avx512dq rdseed adx smap avx512ifma clflushopt clwb avx512cd sha_ni avx512bw avx512vl xsaveopt xsavec xgetbv1 xsaves arat avx512vbmi umip avx512_vbmi2 gfni vaes vpclmulqdq avx512_vnni avx512_bitalg avx512_vpopcntdq rdpid fsrm avx512_vp2intersect flush_l1d arch_capabilities
Online cpus:
0-1
Offline cpus:
2-127
BIOS frequency limitation:
<Not Available>
Frequency switch latency (ns):
<Not Available>
Available cpu frequencies:
<Not Available>
Current governor:
<Not Available>
Core performance/turbo boost:
<Not Available>

Memory: 4k page, physical 3982120k(113564k free), swap 3512316k(1747312k free)

vm_info: OpenJDK 64-Bit Server VM (11.0.19+7-post-Ubuntu-0ubuntu122.04.1) for linux-amd64 JRE (11.0.19+7-post-Ubuntu-0ubuntu122.04.1), built on May 10 2023 00:54:00 by "unknown" with gcc 11.3.0

END.
