#
# A fatal error has been detected by the Java Runtime Environment:
#
#  SIGILL (0x4) at pc=0x00007fb46e041d61, pid=3989, tid=3991
#
# JRE version: OpenJDK Runtime Environment (11.0.19+7) (build 11.0.19+7-post-Ubuntu-0ubuntu122.04.1)
# Java VM: OpenJDK 64-Bit Server VM (11.0.19+7-post-Ubuntu-0ubuntu122.04.1, mixed mode, sharing, tiered, compressed oops, g1 gc, linux-amd64)
# Problematic frame:
# C  [libLLVM-13.so+0xc41d61]  llvm::DataLayout::getPrefTypeAlignment(llvm::Type*) const+0x531
#
# Core dump will be written. Default location: Core dumps may be processed with "/usr/share/apport/apport -p%p -s%s -c%c -d%d -P%P -u%u -g%g -- %E" (or dumping to /home/doudou/lab/Lab/core.3989)
#
# If you would like to submit a bug report, please visit:
#   https://bugs.launchpad.net/ubuntu/+source/openjdk-lts
# The crash happened outside the Java Virtual Machine in native code.
# See problematic frame for where to report the bug.
#

---------------  S U M M A R Y ------------

Command Line: -agentlib:jdwp=transport=dt_socket,address=127.0.0.1:57465,suspend=y,server=n -javaagent:/snap/intellij-idea-ultimate/430/plugins/java/lib/rt/debugger-agent.jar -Dfile.encoding=UTF-8 Main /home/doudou/lab/Lab/tests/test1.sysy /home/doudou/lab/Lab/tests/out.txt

Host: 11th Gen Intel(R) Core(TM) i7-1165G7 @ 2.80GHz, 2 cores, 3G, Ubuntu 22.04.2 LTS
Time: Fri Jun  9 10:55:01 2023 CST elapsed time: 104.880999 seconds (0d 0h 1m 44s)

---------------  T H R E A D  ---------------

Current thread (0x00007fb4cc019800):  JavaThread "main" [_thread_in_native, id=3991, stack(0x00007fb4d0500000,0x00007fb4d0600000)]

Stack: [0x00007fb4d0500000,0x00007fb4d0600000],  sp=0x00007fb4d05fdd00,  free space=1015k
Native frames: (J=compiled Java code, A=aot compiled Java code, j=interpreted, Vv=VM code, C=native code)
C  [libLLVM-13.so+0xc41d61]  llvm::DataLayout::getPrefTypeAlignment(llvm::Type*) const+0x531

Java frames: (J=compiled Java code, j=interpreted, Vv=VM code)
j  org.bytedeco.llvm.global.LLVM.LLVMBuildLoad(Lorg/bytedeco/llvm/LLVM/LLVMBuilderRef;Lorg/bytedeco/llvm/LLVM/LLVMValueRef;Ljava/lang/String;)Lorg/bytedeco/llvm/LLVM/LLVMValueRef;+0
j  SysYLlvmVisitor.visitLVal(LSysYParser$LValContext;)Lorg/bytedeco/llvm/LLVM/LLVMValueRef;+41
j  SysYLlvmVisitor.visitExp(LSysYParser$ExpContext;)Lorg/bytedeco/llvm/LLVM/LLVMValueRef;+51
j  SysYLlvmVisitor.visitExp(LSysYParser$ExpContext;)Lorg/bytedeco/llvm/LLVM/LLVMValueRef;+416
j  SysYLlvmVisitor.visitStmt(LSysYParser$StmtContext;)Lorg/bytedeco/llvm/LLVM/LLVMValueRef;+21
j  SysYLlvmVisitor.visitStmt(LSysYParser$StmtContext;)Ljava/lang/Object;+2
j  SysYParser$StmtContext.accept(Lorg/antlr/v4/runtime/tree/ParseTreeVisitor;)Ljava/lang/Object;+12
j  org.antlr.v4.runtime.tree.AbstractParseTreeVisitor.visitChildren(Lorg/antlr/v4/runtime/tree/RuleNode;)Ljava/lang/Object;+46
j  SysYParserBaseVisitor.visitBlockItem(LSysYParser$BlockItemContext;)Ljava/lang/Object;+2
j  SysYParser$BlockItemContext.accept(Lorg/antlr/v4/runtime/tree/ParseTreeVisitor;)Ljava/lang/Object;+12
j  org.antlr.v4.runtime.tree.AbstractParseTreeVisitor.visitChildren(Lorg/antlr/v4/runtime/tree/RuleNode;)Ljava/lang/Object;+46
j  SysYParserBaseVisitor.visitBlock(LSysYParser$BlockContext;)Ljava/lang/Object;+2
j  SysYParser$BlockContext.accept(Lorg/antlr/v4/runtime/tree/ParseTreeVisitor;)Ljava/lang/Object;+12
j  org.antlr.v4.runtime.tree.AbstractParseTreeVisitor.visit(Lorg/antlr/v4/runtime/tree/ParseTree;)Ljava/lang/Object;+2
j  SysYLlvmVisitor.visitFuncDef(LSysYParser$FuncDefContext;)Lorg/bytedeco/llvm/LLVM/LLVMValueRef;+295
j  SysYLlvmVisitor.visitCompUnit(LSysYParser$CompUnitContext;)Lorg/bytedeco/llvm/LLVM/LLVMValueRef;+364
j  SysYLlvmVisitor.visitCompUnit(LSysYParser$CompUnitContext;)Ljava/lang/Object;+2
j  SysYParser$CompUnitContext.accept(Lorg/antlr/v4/runtime/tree/ParseTreeVisitor;)Ljava/lang/Object;+12
j  org.antlr.v4.runtime.tree.AbstractParseTreeVisitor.visitChildren(Lorg/antlr/v4/runtime/tree/RuleNode;)Ljava/lang/Object;+46
j  SysYParserBaseVisitor.visitProgram(LSysYParser$ProgramContext;)Ljava/lang/Object;+2
j  SysYParser$ProgramContext.accept(Lorg/antlr/v4/runtime/tree/ParseTreeVisitor;)Ljava/lang/Object;+12
j  org.antlr.v4.runtime.tree.AbstractParseTreeVisitor.visit(Lorg/antlr/v4/runtime/tree/ParseTree;)Ljava/lang/Object;+2
j  Main.main([Ljava/lang/String;)V+218
v  ~StubRoutines::call_stub

siginfo: si_signo: 4 (SIGILL), si_code: 2 (ILL_ILLOPN), si_addr: 0x00007fb46e041d61

Register to memory mapping:

RAX=
[error occurred during error reporting (printing register info), id 0xb, SIGSEGV (0xb) at pc=0x00007fb4d0d4d31f]

Registers:
RAX=0x00000000cc3cb700, RBX=0x00007fb4cc183340, RCX=0x00007fb4716fe4b7, RDX=0x00007fb46e041d5f
RSP=0x00007fb4d05fdd00, RBP=0x00007fb4cc3b5870, RSI=0x00007fb4cc3b5874, RDI=0x00007fb4cc3c6f90
R8 =0x00000000c6739d80, R9 =0x0000000000000002, R10=0x00000000000003d8, R11=0x0000000000000000
R12=0x00007fb4cc3c6f90, R13=0x00007fb4cc183340, R14=0x00007fb4cc3b5870, R15=0x00007fb4cc019800
RIP=0x00007fb46e041d61, EFLAGS=0x0000000000010207, CSGSFS=0x002b000000000033, ERR=0x0000000000000000
  TRAPNO=0x0000000000000006

Top of Stack: (sp=0x00007fb4d05fdd00)
0x00007fb4d05fdd00:   00007fb4cc019b48 00007fb4a13c2546
0x00007fb4d05fdd10:   0000000000000000 0000003000000018
0x00007fb4d05fdd20:   00007fb4d05fddf0 00007fb4d05fdd30
0x00007fb4d05fdd30:   00007fb4cc019800 00007fb4cc003680 

Instructions: (pc=0x00007fb46e041d61)
0x00007fb46e041c61:   6c 24 08 e8 27 27 f0 ff 0f af 45 20 89 c2 85 c0
0x00007fb46e041c71:   0f 84 a6 fd ff ff 48 83 ea 01 48 89 d0 48 d1 e8
0x00007fb46e041c81:   48 09 d0 48 89 c2 48 c1 ea 02 48 09 d0 48 89 c2
0x00007fb46e041c91:   48 c1 ea 04 48 09 d0 48 89 c2 48 c1 ea 08 48 09
0x00007fb46e041ca1:   d0 48 89 c2 48 c1 ea 10 48 09 d0 83 c0 01 48 85
0x00007fb46e041cb1:   c0 0f 85 27 fd ff ff 31 c0 e9 5e fd ff ff 90 49
0x00007fb46e041cc1:   8b 76 18 45 31 ed 80 f9 13 45 8b 7e 20 41 0f 94
0x00007fb46e041cd1:   c5 80 7e 08 13 0f 87 70 62 ce ff 0f b6 46 08 48
0x00007fb46e041ce1:   8d 15 51 ca 6b 03 48 63 04 82 48 01 d0 ff e0 b9
0x00007fb46e041cf1:   10 00 00 00 48 8d 73 ff e9 4a ff ff ff 66 90 b9
0x00007fb46e041d01:   02 00 00 00 48 8d 73 ff e9 3a ff ff ff 4c 89 f6
0x00007fb46e041d11:   4c 89 e7 e8 87 d7 ff ff 48 89 44 24 30 48 89 54
0x00007fb46e041d21:   24 38 44 8b 6c 24 38 48 83 c0 07 48 8d 73 ff 31
0x00007fb46e041d31:   d2 48 c1 e8 03 48 89 c1 48 8d 04 06 48 f7 f3 48
0x00007fb46e041d41:   0f af c3 41 83 fd 01 0f 84 0a ff ff ff e9 f5 fe
0x00007fb46e041d51:   ff ff 0f 1f 44 00 00 4c 89 f6 4c 89 e7 e8 ad e2
0x00007fb46e041d61:   ff ff 48 8d 73 ff 49 89 c0 48 b8 ff ff ff ff ff
0x00007fb46e041d71:   ff ff 1f 49 23 00 48 89 c1 e9 c9 fe ff ff b9 0a
0x00007fb46e041d81:   00 00 00 48 8d 73 ff e9 bb fe ff ff 41 8b 76 08
0x00007fb46e041d91:   4d 8b 84 24 d8 00 00 00 c1 ee 08 74 50 41 8b 84
0x00007fb46e041da1:   24 e0 00 00 00 4c 89 c7 49 89 c1 49 c1 e1 04 48
0x00007fb46e041db1:   85 c0 7e 29 48 89 c1 48 d1 f9 48 89 ca 48 c1 e2
0x00007fb46e041dc1:   04 48 01 fa 3b 72 08 0f 86 12 03 00 00 48 29 c8
0x00007fb46e041dd1:   48 8d 7a 10 48 83 e8 01 48 85 c0 7f d7 4b 8d 04
0x00007fb46e041de1:   08 48 39 c7 74 07 3b 77 08 4c 0f 44 c7 41 8b 40
0x00007fb46e041df1:   04 48 8d 73 ff 89 c1 81 e1 ff ff ff 1f e9 45 fe
0x00007fb46e041e01:   ff ff 41 8b 46 08 48 8d 73 ff c1 e8 08 48 83 c0
0x00007fb46e041e11:   07 48 c1 e8 03 48 89 c1 e9 2a fe ff ff b9 00 04
0x00007fb46e041e21:   00 00 48 8d 73 ff e9 1c fe ff ff 49 8b 84 24 d8
0x00007fb46e041e31:   00 00 00 48 8d 73 ff 8b 40 04 89 c1 81 e1 ff ff
0x00007fb46e041e41:   ff 1f e9 00 fe ff ff b9 04 00 00 00 48 8d 73 ff
0x00007fb46e041e51:   e9 f2 fd ff ff 41 b8 40 00 00 00 0f 1f 40 00 44 


Stack slot to memory mapping:
stack at sp + 0 slots: 0x00007fb4cc019b48 points into unknown readable memory: 0x00007fb4d1844b40 | 40 4b 84 d1 b4 7f 00 00
stack at sp + 1 slots: 0x00007fb4a13c2546: _ZN7JNIEnv_16CallObjectMethodEP8_jobjectP10_jmethodIDz+0x0000000000000086 in /home/doudou/.javacpp/cache/llvm-13.0.1-1.5.7-linux-x86_64.jar/org/bytedeco/llvm/linux-x86_64/libjniLLVM.so at 0x00007fb4a12f6000
stack at sp + 2 slots: 0x0 is NULL
stack at sp + 3 slots: 0x0000003000000018 is an unknown value
stack at sp + 4 slots: 0x00007fb4d05fddf0 is pointing into the stack for thread: 0x00007fb4cc019800
stack at sp + 5 slots: 0x00007fb4d05fdd30 is pointing into the stack for thread: 0x00007fb4cc019800
stack at sp + 6 slots: 0x00007fb4cc019800 is a thread
stack at sp + 7 slots: 0x00007fb4cc003680 points into unknown readable memory: 0x0000000700000002 | 02 00 00 00 07 00 00 00


---------------  P R O C E S S  ---------------

Threads class SMR info:
_java_thread_list=0x00007fb4cc22c400, length=13, elements={
0x00007fb4cc019800, 0x00007fb4cc124000, 0x00007fb4cc126000, 0x00007fb4cc12a800,
0x00007fb4cc12c800, 0x00007fb4cc12e800, 0x00007fb4cc130800, 0x00007fb4cc132800,
0x00007fb4cc141800, 0x00007fb4cc1a2800, 0x00007fb4cc1a7000, 0x00005594d1ce4000,
0x00007fb4cc22b000
}

Java Threads: ( => current thread )
=>0x00007fb4cc019800 JavaThread "main" [_thread_in_native, id=3991, stack(0x00007fb4d0500000,0x00007fb4d0600000)]
  0x00007fb4cc124000 JavaThread "Reference Handler" daemon [_thread_blocked, id=3999, stack(0x00007fb4b01cd000,0x00007fb4b02cd000)]
  0x00007fb4cc126000 JavaThread "Finalizer" daemon [_thread_blocked, id=4000, stack(0x00007fb4b00cd000,0x00007fb4b01cd000)]
  0x00007fb4cc12a800 JavaThread "Signal Dispatcher" daemon [_thread_blocked, id=4001, stack(0x00007fb4a1f00000,0x00007fb4a2000000)]
  0x00007fb4cc12c800 JavaThread "Service Thread" daemon [_thread_blocked, id=4002, stack(0x00007fb4a1e00000,0x00007fb4a1f00000)]
  0x00007fb4cc12e800 JavaThread "C2 CompilerThread0" daemon [_thread_blocked, id=4003, stack(0x00007fb4a1d00000,0x00007fb4a1e00000)]
  0x00007fb4cc130800 JavaThread "C1 CompilerThread0" daemon [_thread_blocked, id=4004, stack(0x00007fb4a1c00000,0x00007fb4a1d00000)]
  0x00007fb4cc132800 JavaThread "Sweeper thread" daemon [_thread_blocked, id=4005, stack(0x00007fb4a1b00000,0x00007fb4a1c00000)]
  0x00007fb4cc141800 JavaThread "Common-Cleaner" daemon [_thread_blocked, id=4006, stack(0x00007fb4a1a00000,0x00007fb4a1b00000)]
  0x00007fb4cc1a2800 JavaThread "JDWP Transport Listener: dt_socket" daemon [_thread_blocked, id=4007, stack(0x00007fb4a1900000,0x00007fb4a1a00000)]
  0x00007fb4cc1a7000 JavaThread "JDWP Event Helper Thread" daemon [_thread_blocked, id=4008, stack(0x00007fb4a1800000,0x00007fb4a1900000)]
  0x00005594d1ce4000 JavaThread "JDWP Command Reader" daemon [_thread_in_native, id=4009, stack(0x00007fb4a1700000,0x00007fb4a1800000)]
  0x00007fb4cc22b000 JavaThread "JavaCPP Deallocator" daemon [_thread_blocked, id=4018, stack(0x00007fb4a14fe000,0x00007fb4a15fe000)]

Other Threads:
  0x00007fb4cc121000 VMThread "VM Thread" [stack: 0x00007fb4b02cf000,0x00007fb4b03cf000] [id=3998]
  0x00007fb4cc1b8800 WatcherThread [stack: 0x00007fb4a1600000,0x00007fb4a1700000] [id=4017]
  0x00007fb4cc033800 GCTaskThread "GC Thread#0" [stack: 0x00007fb4cbf00000,0x00007fb4cc000000] [id=3993]
  0x00007fb498001000 GCTaskThread "GC Thread#1" [stack: 0x00007fb4a13fe000,0x00007fb4a14fe000] [id=4019]
  0x00007fb4cc04e800 ConcurrentGCThread "G1 Main Marker" [stack: 0x00007fb4b10d9000,0x00007fb4b11d9000] [id=3994]
  0x00007fb4cc050000 ConcurrentGCThread "G1 Conc#0" [stack: 0x00007fb4b0fd7000,0x00007fb4b10d7000] [id=3995]
  0x00007fb4cc08b800 ConcurrentGCThread "G1 Refine#0" [stack: 0x00007fb4b0cd3000,0x00007fb4b0dd3000] [id=3996]
  0x00007fb4cc08d800 ConcurrentGCThread "G1 Young RemSet Sampling" [stack: 0x00007fb4b0bd1000,0x00007fb4b0cd1000] [id=3997]

Threads with active compile tasks:

VM state:not at safepoint (normal execution)

VM Mutex/Monitor currently owned by a thread: None

Heap address: 0x00000000c3200000, size: 974 MB, Compressed Oops mode: 32-bit
Narrow klass base: 0x0000000800000000, Narrow klass shift: 3
Compressed class space size: 1073741824 Address: 0x0000000840000000

Heap:
 garbage-first heap   total 65536K, used 7924K [0x00000000c3200000, 0x0000000100000000)
  region size 1024K, 9 young (9216K), 1 survivors (1024K)
 Metaspace       used 3877K, capacity 6618K, committed 6912K, reserved 1056768K
  class space    used 419K, capacity 694K, committed 768K, reserved 1048576K
Heap Regions: E=young(eden), S=young(survivor), O=old, HS=humongous(starts), HC=humongous(continues), CS=collection set, F=free, A=archive, TAMS=top-at-mark-start (previous, next)
|   0|0x00000000c3200000, 0x00000000c320b200, 0x00000000c3300000|  4%| O|  |TAMS 0x00000000c3200000, 0x00000000c3200000| Untracked 
|   1|0x00000000c3300000, 0x00000000c3300000, 0x00000000c3400000|  0%| F|  |TAMS 0x00000000c3300000, 0x00000000c3300000| Untracked 
|   2|0x00000000c3400000, 0x00000000c3400000, 0x00000000c3500000|  0%| F|  |TAMS 0x00000000c3400000, 0x00000000c3400000| Untracked 
|   3|0x00000000c3500000, 0x00000000c3500000, 0x00000000c3600000|  0%| F|  |TAMS 0x00000000c3500000, 0x00000000c3500000| Untracked 
|   4|0x00000000c3600000, 0x00000000c3600000, 0x00000000c3700000|  0%| F|  |TAMS 0x00000000c3600000, 0x00000000c3600000| Untracked 
|   5|0x00000000c3700000, 0x00000000c3700000, 0x00000000c3800000|  0%| F|  |TAMS 0x00000000c3700000, 0x00000000c3700000| Untracked 
|   6|0x00000000c3800000, 0x00000000c3800000, 0x00000000c3900000|  0%| F|  |TAMS 0x00000000c3800000, 0x00000000c3800000| Untracked 
|   7|0x00000000c3900000, 0x00000000c3900000, 0x00000000c3a00000|  0%| F|  |TAMS 0x00000000c3900000, 0x00000000c3900000| Untracked 
|   8|0x00000000c3a00000, 0x00000000c3a00000, 0x00000000c3b00000|  0%| F|  |TAMS 0x00000000c3a00000, 0x00000000c3a00000| Untracked 
|   9|0x00000000c3b00000, 0x00000000c3b00000, 0x00000000c3c00000|  0%| F|  |TAMS 0x00000000c3b00000, 0x00000000c3b00000| Untracked 
|  10|0x00000000c3c00000, 0x00000000c3c00000, 0x00000000c3d00000|  0%| F|  |TAMS 0x00000000c3c00000, 0x00000000c3c00000| Untracked 
|  11|0x00000000c3d00000, 0x00000000c3d00000, 0x00000000c3e00000|  0%| F|  |TAMS 0x00000000c3d00000, 0x00000000c3d00000| Untracked 
|  12|0x00000000c3e00000, 0x00000000c3e00000, 0x00000000c3f00000|  0%| F|  |TAMS 0x00000000c3e00000, 0x00000000c3e00000| Untracked 
|  13|0x00000000c3f00000, 0x00000000c3f00000, 0x00000000c4000000|  0%| F|  |TAMS 0x00000000c3f00000, 0x00000000c3f00000| Untracked 
|  14|0x00000000c4000000, 0x00000000c4000000, 0x00000000c4100000|  0%| F|  |TAMS 0x00000000c4000000, 0x00000000c4000000| Untracked 
|  15|0x00000000c4100000, 0x00000000c4100000, 0x00000000c4200000|  0%| F|  |TAMS 0x00000000c4100000, 0x00000000c4100000| Untracked 
|  16|0x00000000c4200000, 0x00000000c4200000, 0x00000000c4300000|  0%| F|  |TAMS 0x00000000c4200000, 0x00000000c4200000| Untracked 
|  17|0x00000000c4300000, 0x00000000c4300000, 0x00000000c4400000|  0%| F|  |TAMS 0x00000000c4300000, 0x00000000c4300000| Untracked 
|  18|0x00000000c4400000, 0x00000000c4400000, 0x00000000c4500000|  0%| F|  |TAMS 0x00000000c4400000, 0x00000000c4400000| Untracked 
|  19|0x00000000c4500000, 0x00000000c4500000, 0x00000000c4600000|  0%| F|  |TAMS 0x00000000c4500000, 0x00000000c4500000| Untracked 
|  20|0x00000000c4600000, 0x00000000c4600000, 0x00000000c4700000|  0%| F|  |TAMS 0x00000000c4600000, 0x00000000c4600000| Untracked 
|  21|0x00000000c4700000, 0x00000000c4700000, 0x00000000c4800000|  0%| F|  |TAMS 0x00000000c4700000, 0x00000000c4700000| Untracked 
|  22|0x00000000c4800000, 0x00000000c4800000, 0x00000000c4900000|  0%| F|  |TAMS 0x00000000c4800000, 0x00000000c4800000| Untracked 
|  23|0x00000000c4900000, 0x00000000c4900000, 0x00000000c4a00000|  0%| F|  |TAMS 0x00000000c4900000, 0x00000000c4900000| Untracked 
|  24|0x00000000c4a00000, 0x00000000c4a00000, 0x00000000c4b00000|  0%| F|  |TAMS 0x00000000c4a00000, 0x00000000c4a00000| Untracked 
|  25|0x00000000c4b00000, 0x00000000c4b00000, 0x00000000c4c00000|  0%| F|  |TAMS 0x00000000c4b00000, 0x00000000c4b00000| Untracked 
|  26|0x00000000c4c00000, 0x00000000c4c00000, 0x00000000c4d00000|  0%| F|  |TAMS 0x00000000c4c00000, 0x00000000c4c00000| Untracked 
|  27|0x00000000c4d00000, 0x00000000c4d00000, 0x00000000c4e00000|  0%| F|  |TAMS 0x00000000c4d00000, 0x00000000c4d00000| Untracked 
|  28|0x00000000c4e00000, 0x00000000c4e00000, 0x00000000c4f00000|  0%| F|  |TAMS 0x00000000c4e00000, 0x00000000c4e00000| Untracked 
|  29|0x00000000c4f00000, 0x00000000c4f00000, 0x00000000c5000000|  0%| F|  |TAMS 0x00000000c4f00000, 0x00000000c4f00000| Untracked 
|  30|0x00000000c5000000, 0x00000000c5000000, 0x00000000c5100000|  0%| F|  |TAMS 0x00000000c5000000, 0x00000000c5000000| Untracked 
|  31|0x00000000c5100000, 0x00000000c5100000, 0x00000000c5200000|  0%| F|  |TAMS 0x00000000c5100000, 0x00000000c5100000| Untracked 
|  32|0x00000000c5200000, 0x00000000c5200000, 0x00000000c5300000|  0%| F|  |TAMS 0x00000000c5200000, 0x00000000c5200000| Untracked 
|  33|0x00000000c5300000, 0x00000000c5300000, 0x00000000c5400000|  0%| F|  |TAMS 0x00000000c5300000, 0x00000000c5300000| Untracked 
|  34|0x00000000c5400000, 0x00000000c5400000, 0x00000000c5500000|  0%| F|  |TAMS 0x00000000c5400000, 0x00000000c5400000| Untracked 
|  35|0x00000000c5500000, 0x00000000c5500000, 0x00000000c5600000|  0%| F|  |TAMS 0x00000000c5500000, 0x00000000c5500000| Untracked 
|  36|0x00000000c5600000, 0x00000000c5600000, 0x00000000c5700000|  0%| F|  |TAMS 0x00000000c5600000, 0x00000000c5600000| Untracked 
|  37|0x00000000c5700000, 0x00000000c5700000, 0x00000000c5800000|  0%| F|  |TAMS 0x00000000c5700000, 0x00000000c5700000| Untracked 
|  38|0x00000000c5800000, 0x00000000c5800000, 0x00000000c5900000|  0%| F|  |TAMS 0x00000000c5800000, 0x00000000c5800000| Untracked 
|  39|0x00000000c5900000, 0x00000000c5900000, 0x00000000c5a00000|  0%| F|  |TAMS 0x00000000c5900000, 0x00000000c5900000| Untracked 
|  40|0x00000000c5a00000, 0x00000000c5a00000, 0x00000000c5b00000|  0%| F|  |TAMS 0x00000000c5a00000, 0x00000000c5a00000| Untracked 
|  41|0x00000000c5b00000, 0x00000000c5b00000, 0x00000000c5c00000|  0%| F|  |TAMS 0x00000000c5b00000, 0x00000000c5b00000| Untracked 
|  42|0x00000000c5c00000, 0x00000000c5c00000, 0x00000000c5d00000|  0%| F|  |TAMS 0x00000000c5c00000, 0x00000000c5c00000| Untracked 
|  43|0x00000000c5d00000, 0x00000000c5d00000, 0x00000000c5e00000|  0%| F|  |TAMS 0x00000000c5d00000, 0x00000000c5d00000| Untracked 
|  44|0x00000000c5e00000, 0x00000000c5e00000, 0x00000000c5f00000|  0%| F|  |TAMS 0x00000000c5e00000, 0x00000000c5e00000| Untracked 
|  45|0x00000000c5f00000, 0x00000000c5f00000, 0x00000000c6000000|  0%| F|  |TAMS 0x00000000c5f00000, 0x00000000c5f00000| Untracked 
|  46|0x00000000c6000000, 0x00000000c6000000, 0x00000000c6100000|  0%| F|  |TAMS 0x00000000c6000000, 0x00000000c6000000| Untracked 
|  47|0x00000000c6100000, 0x00000000c6100000, 0x00000000c6200000|  0%| F|  |TAMS 0x00000000c6100000, 0x00000000c6100000| Untracked 
|  48|0x00000000c6200000, 0x00000000c6200000, 0x00000000c6300000|  0%| F|  |TAMS 0x00000000c6200000, 0x00000000c6200000| Untracked 
|  49|0x00000000c6300000, 0x00000000c6300000, 0x00000000c6400000|  0%| F|  |TAMS 0x00000000c6300000, 0x00000000c6300000| Untracked 
|  50|0x00000000c6400000, 0x00000000c6400000, 0x00000000c6500000|  0%| F|  |TAMS 0x00000000c6400000, 0x00000000c6400000| Untracked 
|  51|0x00000000c6500000, 0x00000000c6500000, 0x00000000c6600000|  0%| F|  |TAMS 0x00000000c6500000, 0x00000000c6500000| Untracked 
|  52|0x00000000c6600000, 0x00000000c6600000, 0x00000000c6700000|  0%| F|  |TAMS 0x00000000c6600000, 0x00000000c6600000| Untracked 
|  53|0x00000000c6700000, 0x00000000c6780800, 0x00000000c6800000| 50%| E|  |TAMS 0x00000000c6700000, 0x00000000c6700000| Complete 
|  54|0x00000000c6800000, 0x00000000c6900000, 0x00000000c6900000|100%| S|CS|TAMS 0x00000000c6800000, 0x00000000c6800000| Complete 
|  55|0x00000000c6900000, 0x00000000c6a00000, 0x00000000c6a00000|100%| E|CS|TAMS 0x00000000c6900000, 0x00000000c6900000| Complete 
|  56|0x00000000c6a00000, 0x00000000c6b00000, 0x00000000c6b00000|100%| E|CS|TAMS 0x00000000c6a00000, 0x00000000c6a00000| Complete 
|  57|0x00000000c6b00000, 0x00000000c6c00000, 0x00000000c6c00000|100%| E|CS|TAMS 0x00000000c6b00000, 0x00000000c6b00000| Complete 
|  58|0x00000000c6c00000, 0x00000000c6d00000, 0x00000000c6d00000|100%| E|CS|TAMS 0x00000000c6c00000, 0x00000000c6c00000| Complete 
|  59|0x00000000c6d00000, 0x00000000c6e00000, 0x00000000c6e00000|100%| E|  |TAMS 0x00000000c6d00000, 0x00000000c6d00000| Complete 
|  60|0x00000000c6e00000, 0x00000000c6f00000, 0x00000000c6f00000|100%| E|CS|TAMS 0x00000000c6e00000, 0x00000000c6e00000| Complete 
|  61|0x00000000c6f00000, 0x00000000c7000000, 0x00000000c7000000|100%| E|CS|TAMS 0x00000000c6f00000, 0x00000000c6f00000| Complete 
| 972|0x00000000ffe00000, 0x00000000ffe47000, 0x00000000fff00000| 27%|OA|  |TAMS 0x00000000ffe00000, 0x00000000ffe00000| Untracked 
| 973|0x00000000fff00000, 0x00000000fff6b000, 0x0000000100000000| 41%|CA|  |TAMS 0x00000000fff00000, 0x00000000fff00000| Untracked 

Card table byte_map: [0x00007fb4b3230000,0x00007fb4b3417000] _byte_map_base: 0x00007fb4b2c17000

Marking Bits (Prev, Next): (CMBitMap*) 0x00007fb4cc049aa8, (CMBitMap*) 0x00007fb4cc049ae0
 Prev Bits: [0x00007fb4b2111000, 0x00007fb4b3049000)
 Next Bits: [0x00007fb4b11d9000, 0x00007fb4b2111000)

Polling page: 0x00007fb4d1c53000

Metaspace:

Usage:
  Non-class:      5.79 MB capacity,     3.38 MB ( 58%) used,     2.40 MB ( 41%) free+waste,     7.25 KB ( <1%) overhead. 
      Class:    694.00 KB capacity,   419.49 KB ( 60%) used,   270.82 KB ( 39%) free+waste,     3.69 KB ( <1%) overhead. 
       Both:      6.46 MB capacity,     3.79 MB ( 59%) used,     2.67 MB ( 41%) free+waste,    10.94 KB ( <1%) overhead. 

Virtual space:
  Non-class space:        8.00 MB reserved,       6.00 MB ( 75%) committed 
      Class space:        1.00 GB reserved,     768.00 KB ( <1%) committed 
             Both:        1.01 GB reserved,       6.75 MB ( <1%) committed 

Chunk freelists:
   Non-Class:  32.00 KB
       Class:  10.00 KB
        Both:  42.00 KB

MaxMetaspaceSize: unlimited
CompressedClassSpaceSize: 1.00 GB
Initial GC threshold: 20.80 MB
Current GC threshold: 20.80 MB
CDS: on

CodeHeap 'non-profiled nmethods': size=120036Kb used=231Kb max_used=231Kb free=119804Kb
 bounds [0x00007fb4bb2c7000, 0x00007fb4bb537000, 0x00007fb4c2800000]
CodeHeap 'profiled nmethods': size=120032Kb used=1339Kb max_used=1339Kb free=118692Kb
 bounds [0x00007fb4b3d8f000, 0x00007fb4b3fff000, 0x00007fb4bb2c7000]
CodeHeap 'non-nmethods': size=5692Kb used=1214Kb max_used=1227Kb free=4477Kb
 bounds [0x00007fb4b3800000, 0x00007fb4b3a70000, 0x00007fb4b3d8f000]
 total_blobs=1136 nmethods=738 adapters=320
 compilation: enabled
              stopped_count=0, restarted_count=0
 full_count=0

Compilation events (20 events):
Event: 11.629 Thread 0x00007fb4cc130800  733       3       java.lang.invoke.LambdaForm$Name::useCount (42 bytes)
Event: 11.629 Thread 0x00007fb4cc130800 nmethod 733 0x00007fb4b3ed6f90 code [0x00007fb4b3ed7160, 0x00007fb4b3ed7470]
Event: 11.629 Thread 0x00007fb4cc130800  731       3       java.util.ImmutableCollections$ListN::size (6 bytes)
Event: 11.629 Thread 0x00007fb4cc130800 nmethod 731 0x00007fb4b3ed7590 code [0x00007fb4b3ed7740, 0x00007fb4b3ed7870]
Event: 11.629 Thread 0x00007fb4cc130800  718       3       jdk.internal.org.objectweb.asm.ClassWriter::put122 (15 bytes)
Event: 11.629 Thread 0x00007fb4cc130800 nmethod 718 0x00007fb4b3ed7910 code [0x00007fb4b3ed7ae0, 0x00007fb4b3ed7cb0]
Event: 11.629 Thread 0x00007fb4cc130800  727       1       java.lang.invoke.LambdaForm$Name::type (5 bytes)
Event: 11.629 Thread 0x00007fb4cc130800 nmethod 727 0x00007fb4bb300410 code [0x00007fb4bb3005c0, 0x00007fb4bb300690]
Event: 11.629 Thread 0x00007fb4cc130800  723       1       java.lang.invoke.MethodTypeForm::basicType (5 bytes)
Event: 11.629 Thread 0x00007fb4cc130800 nmethod 723 0x00007fb4bb300710 code [0x00007fb4bb3008c0, 0x00007fb4bb300990]
Event: 13.365 Thread 0x00007fb4cc130800  734       3       java.lang.StringCoding::resultCached (50 bytes)
Event: 13.366 Thread 0x00007fb4cc130800 nmethod 734 0x00007fb4b3ed7e10 code [0x00007fb4b3ed8080, 0x00007fb4b3ed8e50]
Event: 13.366 Thread 0x00007fb4cc130800  735       3       java.lang.StringCoding$Result::with (12 bytes)
Event: 13.366 Thread 0x00007fb4cc130800 nmethod 735 0x00007fb4b3ed9210 code [0x00007fb4b3ed93c0, 0x00007fb4b3ed9530]
Event: 23.438 Thread 0x00007fb4cc12e800  738       4       java.util.Arrays::copyOf (19 bytes)
Event: 23.438 Thread 0x00007fb4cc130800  736       3       java.lang.String::<init> (55 bytes)
Event: 23.439 Thread 0x00007fb4cc130800 nmethod 736 0x00007fb4b3ed9590 code [0x00007fb4b3ed9780, 0x00007fb4b3ed9b20]
Event: 23.439 Thread 0x00007fb4cc130800  737   !   3       java.lang.StringCoding::decode (362 bytes)
Event: 23.442 Thread 0x00007fb4cc130800 nmethod 737 0x00007fb4b3ed9d10 code [0x00007fb4b3eda220, 0x00007fb4b3edcdd0]
Event: 23.449 Thread 0x00007fb4cc12e800 nmethod 738 0x00007fb4bb300a10 code [0x00007fb4bb300ba0, 0x00007fb4bb300d38]

GC Heap History (2 events):
Event: 1.590 GC heap before
{Heap before GC invocations=0 (full 0):
 garbage-first heap   total 65536K, used 6856K [0x00000000c3200000, 0x0000000100000000)
  region size 1024K, 7 young (7168K), 0 survivors (0K)
 Metaspace       used 2417K, capacity 5463K, committed 5760K, reserved 1056768K
  class space    used 256K, capacity 521K, committed 640K, reserved 1048576K
}
Event: 1.606 GC heap after
{Heap after GC invocations=1 (full 0):
 garbage-first heap   total 65536K, used 1780K [0x00000000c3200000, 0x0000000100000000)
  region size 1024K, 1 young (1024K), 1 survivors (1024K)
 Metaspace       used 2417K, capacity 5463K, committed 5760K, reserved 1056768K
  class space    used 256K, capacity 521K, committed 640K, reserved 1048576K
}

Deoptimization events (20 events):
Event: 2.213 Thread 0x00007fb4cc019800 DEOPT PACKING pc=0x00007fb4b3e92454 sp=0x00007fb4d05fbfa0
Event: 2.213 Thread 0x00007fb4cc019800 DEOPT UNPACKING pc=0x00007fb4b38499fa sp=0x00007fb4d05fb490 mode 1
Event: 2.213 Thread 0x00007fb4cc019800 DEOPT PACKING pc=0x00007fb4b3e92454 sp=0x00007fb4d05fbfa0
Event: 2.213 Thread 0x00007fb4cc019800 DEOPT UNPACKING pc=0x00007fb4b38499fa sp=0x00007fb4d05fb490 mode 1
Event: 2.214 Thread 0x00007fb4cc019800 DEOPT PACKING pc=0x00007fb4b3e92454 sp=0x00007fb4d05fbfa0
Event: 2.214 Thread 0x00007fb4cc019800 DEOPT UNPACKING pc=0x00007fb4b38499fa sp=0x00007fb4d05fb490 mode 1
Event: 2.214 Thread 0x00007fb4cc019800 DEOPT PACKING pc=0x00007fb4b3e92454 sp=0x00007fb4d05fbfa0
Event: 2.214 Thread 0x00007fb4cc019800 DEOPT UNPACKING pc=0x00007fb4b38499fa sp=0x00007fb4d05fb490 mode 1
Event: 2.214 Thread 0x00007fb4cc019800 DEOPT PACKING pc=0x00007fb4b3e92454 sp=0x00007fb4d05fbfa0
Event: 2.214 Thread 0x00007fb4cc019800 DEOPT UNPACKING pc=0x00007fb4b38499fa sp=0x00007fb4d05fb490 mode 1
Event: 2.214 Thread 0x00007fb4cc019800 DEOPT PACKING pc=0x00007fb4b3e92454 sp=0x00007fb4d05fbfa0
Event: 2.214 Thread 0x00007fb4cc019800 DEOPT UNPACKING pc=0x00007fb4b38499fa sp=0x00007fb4d05fb490 mode 1
Event: 2.214 Thread 0x00007fb4cc019800 DEOPT PACKING pc=0x00007fb4b3e92454 sp=0x00007fb4d05fbfa0
Event: 2.214 Thread 0x00007fb4cc019800 DEOPT UNPACKING pc=0x00007fb4b38499fa sp=0x00007fb4d05fb490 mode 1
Event: 2.214 Thread 0x00007fb4cc019800 DEOPT PACKING pc=0x00007fb4b3e92454 sp=0x00007fb4d05fbfa0
Event: 2.214 Thread 0x00007fb4cc019800 DEOPT UNPACKING pc=0x00007fb4b38499fa sp=0x00007fb4d05fb490 mode 1
Event: 2.527 Thread 0x00007fb4cc019800 DEOPT PACKING pc=0x00007fb4b3e0650a sp=0x00007fb4d05fd4d0
Event: 2.527 Thread 0x00007fb4cc019800 DEOPT UNPACKING pc=0x00007fb4b38499fa sp=0x00007fb4d05fc978 mode 0
Event: 2.528 Thread 0x00007fb4cc019800 DEOPT PACKING pc=0x00007fb4b3db9b4f sp=0x00007fb4d05fd450
Event: 2.528 Thread 0x00007fb4cc019800 DEOPT UNPACKING pc=0x00007fb4b38499fa sp=0x00007fb4d05fc910 mode 0

Classes redefined (0 events):
No events

Internal exceptions (20 events):
Event: 2.213 Thread 0x00007fb4cc019800 Exception <a 'java/security/PrivilegedActionException'{0x00000000c6c61410}> (0x00000000c6c61410) thrown at [./src/hotspot/share/prims/jvm.cpp, line 1304]
Event: 2.213 Thread 0x00007fb4cc019800 Exception <a 'java/security/PrivilegedActionException'{0x00000000c6c616e0}> (0x00000000c6c616e0) thrown at [./src/hotspot/share/prims/jvm.cpp, line 1304]
Event: 2.213 Thread 0x00007fb4cc019800 Exception <a 'java/security/PrivilegedActionException'{0x00000000c6c62030}> (0x00000000c6c62030) thrown at [./src/hotspot/share/prims/jvm.cpp, line 1304]
Event: 2.213 Thread 0x00007fb4cc019800 Exception <a 'java/security/PrivilegedActionException'{0x00000000c6c62300}> (0x00000000c6c62300) thrown at [./src/hotspot/share/prims/jvm.cpp, line 1304]
Event: 2.213 Thread 0x00007fb4cc019800 Exception <a 'java/security/PrivilegedActionException'{0x00000000c6c62c88}> (0x00000000c6c62c88) thrown at [./src/hotspot/share/prims/jvm.cpp, line 1304]
Event: 2.213 Thread 0x00007fb4cc019800 Exception <a 'java/security/PrivilegedActionException'{0x00000000c6c62f58}> (0x00000000c6c62f58) thrown at [./src/hotspot/share/prims/jvm.cpp, line 1304]
Event: 2.213 Thread 0x00007fb4cc019800 Exception <a 'java/security/PrivilegedActionException'{0x00000000c6c638c8}> (0x00000000c6c638c8) thrown at [./src/hotspot/share/prims/jvm.cpp, line 1304]
Event: 2.214 Thread 0x00007fb4cc019800 Exception <a 'java/security/PrivilegedActionException'{0x00000000c6c63b98}> (0x00000000c6c63b98) thrown at [./src/hotspot/share/prims/jvm.cpp, line 1304]
Event: 2.214 Thread 0x00007fb4cc019800 Exception <a 'java/security/PrivilegedActionException'{0x00000000c6c64508}> (0x00000000c6c64508) thrown at [./src/hotspot/share/prims/jvm.cpp, line 1304]
Event: 2.214 Thread 0x00007fb4cc019800 Exception <a 'java/security/PrivilegedActionException'{0x00000000c6c647d8}> (0x00000000c6c647d8) thrown at [./src/hotspot/share/prims/jvm.cpp, line 1304]
Event: 2.214 Thread 0x00007fb4cc019800 Exception <a 'java/security/PrivilegedActionException'{0x00000000c6c65160}> (0x00000000c6c65160) thrown at [./src/hotspot/share/prims/jvm.cpp, line 1304]
Event: 2.214 Thread 0x00007fb4cc019800 Exception <a 'java/security/PrivilegedActionException'{0x00000000c6c65430}> (0x00000000c6c65430) thrown at [./src/hotspot/share/prims/jvm.cpp, line 1304]
Event: 2.214 Thread 0x00007fb4cc019800 Exception <a 'java/security/PrivilegedActionException'{0x00000000c6c65db8}> (0x00000000c6c65db8) thrown at [./src/hotspot/share/prims/jvm.cpp, line 1304]
Event: 2.214 Thread 0x00007fb4cc019800 Exception <a 'java/security/PrivilegedActionException'{0x00000000c6c66088}> (0x00000000c6c66088) thrown at [./src/hotspot/share/prims/jvm.cpp, line 1304]
Event: 2.214 Thread 0x00007fb4cc019800 Exception <a 'java/security/PrivilegedActionException'{0x00000000c6c66a10}> (0x00000000c6c66a10) thrown at [./src/hotspot/share/prims/jvm.cpp, line 1304]
Event: 2.214 Thread 0x00007fb4cc019800 Exception <a 'java/security/PrivilegedActionException'{0x00000000c6c66ce0}> (0x00000000c6c66ce0) thrown at [./src/hotspot/share/prims/jvm.cpp, line 1304]
Event: 2.214 Thread 0x00007fb4cc019800 Exception <a 'java/security/PrivilegedActionException'{0x00000000c6c67650}> (0x00000000c6c67650) thrown at [./src/hotspot/share/prims/jvm.cpp, line 1304]
Event: 2.214 Thread 0x00007fb4cc019800 Exception <a 'java/security/PrivilegedActionException'{0x00000000c6c67920}> (0x00000000c6c67920) thrown at [./src/hotspot/share/prims/jvm.cpp, line 1304]
Event: 2.214 Thread 0x00007fb4cc019800 Exception <a 'java/security/PrivilegedActionException'{0x00000000c6c682a8}> (0x00000000c6c682a8) thrown at [./src/hotspot/share/prims/jvm.cpp, line 1304]
Event: 2.214 Thread 0x00007fb4cc019800 Exception <a 'java/security/PrivilegedActionException'{0x00000000c6c68578}> (0x00000000c6c68578) thrown at [./src/hotspot/share/prims/jvm.cpp, line 1304]

Events (20 events):
Event: 103.028 Executing VM operation: GetStackTrace
Event: 103.028 Executing VM operation: GetStackTrace done
Event: 104.861 Executing VM operation: GetFrameCount
Event: 104.862 Executing VM operation: GetFrameCount done
Event: 104.863 Executing VM operation: SetFramePop
Event: 104.863 Executing VM operation: SetFramePop done
Event: 104.863 Executing VM operation: GetFrameLocation
Event: 104.863 Executing VM operation: GetFrameLocation done
Event: 104.864 Executing VM operation: GetCurrentLocation
Event: 104.864 Executing VM operation: GetCurrentLocation done
Event: 104.864 Executing VM operation: ChangeSingleStep
Event: 104.864 Executing VM operation: ChangeSingleStep done
Event: 104.865 Executing VM operation: ChangeSingleStep
Event: 104.865 Executing VM operation: ChangeSingleStep done
Event: 104.865 Executing VM operation: GetCurrentLocation
Event: 104.865 Executing VM operation: GetCurrentLocation done
Event: 104.865 Executing VM operation: ChangeSingleStep
Event: 104.865 Executing VM operation: ChangeSingleStep done
Event: 104.865 Executing VM operation: ChangeSingleStep
Event: 104.865 Executing VM operation: ChangeSingleStep done


Dynamic libraries:
c3200000-c7000000 rw-p 00000000 00:00 0 
c7000000-ffe00000 ---p 00000000 00:00 0 
ffe00000-ffe47000 rw-p 00b0a000 08:03 1060156                            /usr/lib/jvm/java-11-openjdk-amd64/lib/server/classes.jsa
ffe47000-fff00000 rw-p 00000000 00:00 0 
fff00000-fff6b000 rw-p 00a9f000 08:03 1060156                            /usr/lib/jvm/java-11-openjdk-amd64/lib/server/classes.jsa
fff6b000-100000000 rw-p 00000000 00:00 0 
800000000-800002000 rwxp 00001000 08:03 1060156                          /usr/lib/jvm/java-11-openjdk-amd64/lib/server/classes.jsa
800002000-800a9e000 rw-p 00003000 08:03 1060156                          /usr/lib/jvm/java-11-openjdk-amd64/lib/server/classes.jsa
840000000-8400c0000 rw-p 00000000 00:00 0 
8400c0000-880000000 ---p 00000000 00:00 0 
5594d07f9000-5594d07fa000 r--p 00000000 08:03 1058673                    /usr/lib/jvm/java-11-openjdk-amd64/bin/java
5594d07fa000-5594d07fb000 r-xp 00001000 08:03 1058673                    /usr/lib/jvm/java-11-openjdk-amd64/bin/java
5594d07fb000-5594d07fc000 r--p 00002000 08:03 1058673                    /usr/lib/jvm/java-11-openjdk-amd64/bin/java
5594d07fc000-5594d07fd000 r--p 00002000 08:03 1058673                    /usr/lib/jvm/java-11-openjdk-amd64/bin/java
5594d07fd000-5594d07fe000 rw-p 00003000 08:03 1058673                    /usr/lib/jvm/java-11-openjdk-amd64/bin/java
5594d1cca000-5594d1d0c000 rw-p 00000000 00:00 0                          [heap]
7fb46d400000-7fb46dd26000 r--p 00000000 08:03 1579535                    /home/doudou/.javacpp/cache/llvm-13.0.1-1.5.7-linux-x86_64.jar/org/bytedeco/llvm/linux-x86_64/libLLVM-13.so
7fb46dd26000-7fb4716e9000 r-xp 00926000 08:03 1579535                    /home/doudou/.javacpp/cache/llvm-13.0.1-1.5.7-linux-x86_64.jar/org/bytedeco/llvm/linux-x86_64/libLLVM-13.so
7fb4716e9000-7fb47393e000 r--p 042e9000 08:03 1579535                    /home/doudou/.javacpp/cache/llvm-13.0.1-1.5.7-linux-x86_64.jar/org/bytedeco/llvm/linux-x86_64/libLLVM-13.so
7fb47393e000-7fb473e53000 r--p 0653d000 08:03 1579535                    /home/doudou/.javacpp/cache/llvm-13.0.1-1.5.7-linux-x86_64.jar/org/bytedeco/llvm/linux-x86_64/libLLVM-13.so
7fb473e53000-7fb473e5e000 rw-p 06a52000 08:03 1579535                    /home/doudou/.javacpp/cache/llvm-13.0.1-1.5.7-linux-x86_64.jar/org/bytedeco/llvm/linux-x86_64/libLLVM-13.so
7fb473e5e000-7fb473ed4000 rw-p 00000000 00:00 0 
7fb474000000-7fb474021000 rw-p 00000000 00:00 0 
7fb474021000-7fb478000000 ---p 00000000 00:00 0 
7fb478000000-7fb478021000 rw-p 00000000 00:00 0 
7fb478021000-7fb47c000000 ---p 00000000 00:00 0 
7fb47c000000-7fb47c417000 rw-p 00000000 00:00 0 
7fb47c417000-7fb480000000 ---p 00000000 00:00 0 
7fb480000000-7fb4802ee000 rw-p 00000000 00:00 0 
7fb4802ee000-7fb484000000 ---p 00000000 00:00 0 
7fb484000000-7fb484021000 rw-p 00000000 00:00 0 
7fb484021000-7fb488000000 ---p 00000000 00:00 0 
7fb488000000-7fb488021000 rw-p 00000000 00:00 0 
7fb488021000-7fb48c000000 ---p 00000000 00:00 0 
7fb48c000000-7fb48c021000 rw-p 00000000 00:00 0 
7fb48c021000-7fb490000000 ---p 00000000 00:00 0 
7fb490000000-7fb490021000 rw-p 00000000 00:00 0 
7fb490021000-7fb494000000 ---p 00000000 00:00 0 
7fb494000000-7fb494021000 rw-p 00000000 00:00 0 
7fb494021000-7fb498000000 ---p 00000000 00:00 0 
7fb498000000-7fb498021000 rw-p 00000000 00:00 0 
7fb498021000-7fb49c000000 ---p 00000000 00:00 0 
7fb49c000000-7fb49c021000 rw-p 00000000 00:00 0 
7fb49c021000-7fb4a0000000 ---p 00000000 00:00 0 
7fb4a12f6000-7fb4a135b000 r--p 00000000 08:03 1579540                    /home/doudou/.javacpp/cache/llvm-13.0.1-1.5.7-linux-x86_64.jar/org/bytedeco/llvm/linux-x86_64/libjniLLVM.so
7fb4a135b000-7fb4a13c9000 r-xp 00065000 08:03 1579540                    /home/doudou/.javacpp/cache/llvm-13.0.1-1.5.7-linux-x86_64.jar/org/bytedeco/llvm/linux-x86_64/libjniLLVM.so
7fb4a13c9000-7fb4a13f4000 r--p 000d3000 08:03 1579540                    /home/doudou/.javacpp/cache/llvm-13.0.1-1.5.7-linux-x86_64.jar/org/bytedeco/llvm/linux-x86_64/libjniLLVM.so
7fb4a13f4000-7fb4a13f7000 r--p 000fd000 08:03 1579540                    /home/doudou/.javacpp/cache/llvm-13.0.1-1.5.7-linux-x86_64.jar/org/bytedeco/llvm/linux-x86_64/libjniLLVM.so
7fb4a13f7000-7fb4a13fa000 rw-p 00100000 08:03 1579540                    /home/doudou/.javacpp/cache/llvm-13.0.1-1.5.7-linux-x86_64.jar/org/bytedeco/llvm/linux-x86_64/libjniLLVM.so
7fb4a13fa000-7fb4a13fc000 rw-p 00000000 00:00 0 
7fb4a13fc000-7fb4a13fd000 ---p 00000000 00:00 0 
7fb4a13fd000-7fb4a14fe000 rw-p 00000000 00:00 0 
7fb4a14fe000-7fb4a1502000 ---p 00000000 00:00 0 
7fb4a1502000-7fb4a15fe000 rw-p 00000000 00:00 0 
7fb4a15fe000-7fb4a15ff000 ---p 00000000 00:00 0 
7fb4a15ff000-7fb4a1700000 rw-p 00000000 00:00 0 
7fb4a1700000-7fb4a1704000 ---p 00000000 00:00 0 
7fb4a1704000-7fb4a1800000 rw-p 00000000 00:00 0 
7fb4a1800000-7fb4a1804000 ---p 00000000 00:00 0 
7fb4a1804000-7fb4a1900000 rw-p 00000000 00:00 0 
7fb4a1900000-7fb4a1904000 ---p 00000000 00:00 0 
7fb4a1904000-7fb4a1a00000 rw-p 00000000 00:00 0 
7fb4a1a00000-7fb4a1a04000 ---p 00000000 00:00 0 
7fb4a1a04000-7fb4a1b00000 rw-p 00000000 00:00 0 
7fb4a1b00000-7fb4a1b04000 ---p 00000000 00:00 0 
7fb4a1b04000-7fb4a1c00000 rw-p 00000000 00:00 0 
7fb4a1c00000-7fb4a1c04000 ---p 00000000 00:00 0 
7fb4a1c04000-7fb4a1d00000 rw-p 00000000 00:00 0 
7fb4a1d00000-7fb4a1d04000 ---p 00000000 00:00 0 
7fb4a1d04000-7fb4a1e00000 rw-p 00000000 00:00 0 
7fb4a1e00000-7fb4a1e04000 ---p 00000000 00:00 0 
7fb4a1e04000-7fb4a1f00000 rw-p 00000000 00:00 0 
7fb4a1f00000-7fb4a1f04000 ---p 00000000 00:00 0 
7fb4a1f04000-7fb4a4000000 rw-p 00000000 00:00 0 
7fb4a4000000-7fb4a4021000 rw-p 00000000 00:00 0 
7fb4a4021000-7fb4a8000000 ---p 00000000 00:00 0 
7fb4a8000000-7fb4a8021000 rw-p 00000000 00:00 0 
7fb4a8021000-7fb4ac000000 ---p 00000000 00:00 0 
7fb4ac000000-7fb4ac021000 rw-p 00000000 00:00 0 
7fb4ac021000-7fb4b0000000 ---p 00000000 00:00 0 
7fb4b00cd000-7fb4b00d1000 ---p 00000000 00:00 0 
7fb4b00d1000-7fb4b01cd000 rw-p 00000000 00:00 0 
7fb4b01cd000-7fb4b01d1000 ---p 00000000 00:00 0 
7fb4b01d1000-7fb4b02cd000 rw-p 00000000 00:00 0 
7fb4b02cd000-7fb4b02ce000 ---p 00000000 00:00 0 
7fb4b02ce000-7fb4b09cf000 rw-p 00000000 00:00 0 
7fb4b09cf000-7fb4b0bcf000 ---p 00000000 00:00 0 
7fb4b0bcf000-7fb4b0bd0000 ---p 00000000 00:00 0 
7fb4b0bd0000-7fb4b0cd1000 rw-p 00000000 00:00 0 
7fb4b0cd1000-7fb4b0cd2000 ---p 00000000 00:00 0 
7fb4b0cd2000-7fb4b0fd5000 rw-p 00000000 00:00 0 
7fb4b0fd5000-7fb4b0fd6000 ---p 00000000 00:00 0 
7fb4b0fd6000-7fb4b10d7000 rw-p 00000000 00:00 0 
7fb4b10d7000-7fb4b10d8000 ---p 00000000 00:00 0 
7fb4b10d8000-7fb4b12d1000 rw-p 00000000 00:00 0 
7fb4b12d1000-7fb4b2109000 ---p 00000000 00:00 0 
7fb4b2109000-7fb4b2209000 rw-p 00000000 00:00 0 
7fb4b2209000-7fb4b3041000 ---p 00000000 00:00 0 
7fb4b3041000-7fb4b3068000 rw-p 00000000 00:00 0 
7fb4b3068000-7fb4b322f000 ---p 00000000 00:00 0 
7fb4b322f000-7fb4b324f000 rw-p 00000000 00:00 0 
7fb4b324f000-7fb4b3416000 ---p 00000000 00:00 0 
7fb4b3416000-7fb4b3436000 rw-p 00000000 00:00 0 
7fb4b3436000-7fb4b35fd000 ---p 00000000 00:00 0 
7fb4b35fd000-7fb4b3800000 rw-p 00000000 00:00 0 
7fb4b3800000-7fb4b3a70000 rwxp 00000000 00:00 0 
7fb4b3a70000-7fb4b3d8f000 ---p 00000000 00:00 0 
7fb4b3d8f000-7fb4b3fff000 rwxp 00000000 00:00 0 
7fb4b3fff000-7fb4bb2c7000 ---p 00000000 00:00 0 
7fb4bb2c7000-7fb4bb537000 rwxp 00000000 00:00 0 
7fb4bb537000-7fb4c2800000 ---p 00000000 00:00 0 
7fb4c2800000-7fb4c35e7000 r--p 00000000 08:03 534858                     /usr/lib/locale/locale-archive
7fb4c35ed000-7fb4c35f4000 r--p 00000000 08:03 1579536                    /home/doudou/.javacpp/cache/llvm-13.0.1-1.5.7-linux-x86_64.jar/org/bytedeco/llvm/linux-x86_64/libLTO.so.13
7fb4c35f4000-7fb4c35fc000 r-xp 00007000 08:03 1579536                    /home/doudou/.javacpp/cache/llvm-13.0.1-1.5.7-linux-x86_64.jar/org/bytedeco/llvm/linux-x86_64/libLTO.so.13
7fb4c35fc000-7fb4c35fe000 r--p 0000f000 08:03 1579536                    /home/doudou/.javacpp/cache/llvm-13.0.1-1.5.7-linux-x86_64.jar/org/bytedeco/llvm/linux-x86_64/libLTO.so.13
7fb4c35fe000-7fb4c35ff000 r--p 00010000 08:03 1579536                    /home/doudou/.javacpp/cache/llvm-13.0.1-1.5.7-linux-x86_64.jar/org/bytedeco/llvm/linux-x86_64/libLTO.so.13
7fb4c35ff000-7fb4c3600000 rw-p 00011000 08:03 1579536                    /home/doudou/.javacpp/cache/llvm-13.0.1-1.5.7-linux-x86_64.jar/org/bytedeco/llvm/linux-x86_64/libLTO.so.13
7fb4c3600000-7fb4cbe0b000 r--s 00000000 08:03 1058832                    /usr/lib/jvm/java-11-openjdk-amd64/lib/modules
7fb4cbe0e000-7fb4cbe0f000 r--p 00000000 08:03 551276                     /usr/lib/x86_64-linux-gnu/libdl.so.2
7fb4cbe0f000-7fb4cbe10000 r-xp 00001000 08:03 551276                     /usr/lib/x86_64-linux-gnu/libdl.so.2
7fb4cbe10000-7fb4cbe11000 r--p 00002000 08:03 551276                     /usr/lib/x86_64-linux-gnu/libdl.so.2
7fb4cbe11000-7fb4cbe12000 r--p 00002000 08:03 551276                     /usr/lib/x86_64-linux-gnu/libdl.so.2
7fb4cbe12000-7fb4cbe13000 rw-p 00003000 08:03 551276                     /usr/lib/x86_64-linux-gnu/libdl.so.2
7fb4cbe1d000-7fb4cbe1e000 r--p 00000000 08:03 1579538                    /home/doudou/.javacpp/cache/llvm-13.0.1-1.5.7-linux-x86_64.jar/org/bytedeco/llvm/linux-x86_64/libRemarks.so.13
7fb4cbe1e000-7fb4cbe1f000 r-xp 00001000 08:03 1579538                    /home/doudou/.javacpp/cache/llvm-13.0.1-1.5.7-linux-x86_64.jar/org/bytedeco/llvm/linux-x86_64/libRemarks.so.13
7fb4cbe1f000-7fb4cbe20000 r--p 00002000 08:03 1579538                    /home/doudou/.javacpp/cache/llvm-13.0.1-1.5.7-linux-x86_64.jar/org/bytedeco/llvm/linux-x86_64/libRemarks.so.13
7fb4cbe20000-7fb4cbe21000 r--p 00002000 08:03 1579538                    /home/doudou/.javacpp/cache/llvm-13.0.1-1.5.7-linux-x86_64.jar/org/bytedeco/llvm/linux-x86_64/libRemarks.so.13
7fb4cbe21000-7fb4cbe22000 rw-p 00003000 08:03 1579538                    /home/doudou/.javacpp/cache/llvm-13.0.1-1.5.7-linux-x86_64.jar/org/bytedeco/llvm/linux-x86_64/libRemarks.so.13
7fb4cbe22000-7fb4cbefe000 rw-p 00000000 00:00 0 
7fb4cbefe000-7fb4cbeff000 ---p 00000000 00:00 0 
7fb4cbeff000-7fb4cc000000 rw-p 00000000 00:00 0 
7fb4cc000000-7fb4cc3d6000 rw-p 00000000 00:00 0 
7fb4cc3d6000-7fb4d0000000 ---p 00000000 00:00 0 
7fb4d0001000-7fb4d0005000 r--p 00000000 08:03 1579530                    /home/doudou/.javacpp/cache/javacpp-1.5.7-linux-x86_64.jar/org/bytedeco/javacpp/linux-x86_64/libjnijavacpp.so
7fb4d0005000-7fb4d000c000 r-xp 00004000 08:03 1579530                    /home/doudou/.javacpp/cache/javacpp-1.5.7-linux-x86_64.jar/org/bytedeco/javacpp/linux-x86_64/libjnijavacpp.so
7fb4d000c000-7fb4d0010000 r--p 0000b000 08:03 1579530                    /home/doudou/.javacpp/cache/javacpp-1.5.7-linux-x86_64.jar/org/bytedeco/javacpp/linux-x86_64/libjnijavacpp.so
7fb4d0010000-7fb4d0011000 r--p 0000e000 08:03 1579530                    /home/doudou/.javacpp/cache/javacpp-1.5.7-linux-x86_64.jar/org/bytedeco/javacpp/linux-x86_64/libjnijavacpp.so
7fb4d0011000-7fb4d0012000 rw-p 0000f000 08:03 1579530                    /home/doudou/.javacpp/cache/javacpp-1.5.7-linux-x86_64.jar/org/bytedeco/javacpp/linux-x86_64/libjnijavacpp.so
7fb4d0012000-7fb4d0016000 r--p 00000000 08:03 1058822                    /usr/lib/jvm/java-11-openjdk-amd64/lib/libnet.so
7fb4d0016000-7fb4d0024000 r-xp 00004000 08:03 1058822                    /usr/lib/jvm/java-11-openjdk-amd64/lib/libnet.so
7fb4d0024000-7fb4d0028000 r--p 00012000 08:03 1058822                    /usr/lib/jvm/java-11-openjdk-amd64/lib/libnet.so
7fb4d0028000-7fb4d0029000 r--p 00015000 08:03 1058822                    /usr/lib/jvm/java-11-openjdk-amd64/lib/libnet.so
7fb4d0029000-7fb4d002a000 rw-p 00016000 08:03 1058822                    /usr/lib/jvm/java-11-openjdk-amd64/lib/libnet.so
7fb4d002a000-7fb4d002f000 rw-p 00000000 00:00 0 
7fb4d002f000-7fb4d0115000 ---p 00000000 00:00 0 
7fb4d0115000-7fb4d011a000 rw-p 00000000 00:00 0 
7fb4d011a000-7fb4d0200000 ---p 00000000 00:00 0 
7fb4d0200000-7fb4d029a000 r--p 00000000 08:03 552221                     /usr/lib/x86_64-linux-gnu/libstdc++.so.6.0.30
7fb4d029a000-7fb4d03aa000 r-xp 0009a000 08:03 552221                     /usr/lib/x86_64-linux-gnu/libstdc++.so.6.0.30
7fb4d03aa000-7fb4d0419000 r--p 001aa000 08:03 552221                     /usr/lib/x86_64-linux-gnu/libstdc++.so.6.0.30
7fb4d0419000-7fb4d0424000 r--p 00218000 08:03 552221                     /usr/lib/x86_64-linux-gnu/libstdc++.so.6.0.30
7fb4d0424000-7fb4d0427000 rw-p 00223000 08:03 552221                     /usr/lib/x86_64-linux-gnu/libstdc++.so.6.0.30
7fb4d0427000-7fb4d042a000 rw-p 00000000 00:00 0 
7fb4d042d000-7fb4d042e000 r--p 00000000 08:03 552054                     /usr/lib/x86_64-linux-gnu/libpthread.so.0
7fb4d042e000-7fb4d042f000 r-xp 00001000 08:03 552054                     /usr/lib/x86_64-linux-gnu/libpthread.so.0
7fb4d042f000-7fb4d0430000 r--p 00002000 08:03 552054                     /usr/lib/x86_64-linux-gnu/libpthread.so.0
7fb4d0430000-7fb4d0431000 r--p 00002000 08:03 552054                     /usr/lib/x86_64-linux-gnu/libpthread.so.0
7fb4d0431000-7fb4d0432000 rw-p 00003000 08:03 552054                     /usr/lib/x86_64-linux-gnu/libpthread.so.0
7fb4d0432000-7fb4d0439000 r--p 00000000 08:03 1058823                    /usr/lib/jvm/java-11-openjdk-amd64/lib/libnio.so
7fb4d0439000-7fb4d0441000 r-xp 00007000 08:03 1058823                    /usr/lib/jvm/java-11-openjdk-amd64/lib/libnio.so
7fb4d0441000-7fb4d0444000 r--p 0000f000 08:03 1058823                    /usr/lib/jvm/java-11-openjdk-amd64/lib/libnio.so
7fb4d0444000-7fb4d0445000 r--p 00011000 08:03 1058823                    /usr/lib/jvm/java-11-openjdk-amd64/lib/libnio.so
7fb4d0445000-7fb4d0446000 rw-p 00012000 08:03 1058823                    /usr/lib/jvm/java-11-openjdk-amd64/lib/libnio.so
7fb4d0446000-7fb4d0448000 r--p 00000000 08:03 1058803                    /usr/lib/jvm/java-11-openjdk-amd64/lib/libdt_socket.so
7fb4d0448000-7fb4d044b000 r-xp 00002000 08:03 1058803                    /usr/lib/jvm/java-11-openjdk-amd64/lib/libdt_socket.so
7fb4d044b000-7fb4d044c000 r--p 00005000 08:03 1058803                    /usr/lib/jvm/java-11-openjdk-amd64/lib/libdt_socket.so
7fb4d044c000-7fb4d044d000 ---p 00006000 08:03 1058803                    /usr/lib/jvm/java-11-openjdk-amd64/lib/libdt_socket.so
7fb4d044d000-7fb4d044e000 r--p 00006000 08:03 1058803                    /usr/lib/jvm/java-11-openjdk-amd64/lib/libdt_socket.so
7fb4d044e000-7fb4d044f000 rw-p 00007000 08:03 1058803                    /usr/lib/jvm/java-11-openjdk-amd64/lib/libdt_socket.so
7fb4d044f000-7fb4d0456000 r--s 00000000 08:03 553557                     /usr/lib/x86_64-linux-gnu/gconv/gconv-modules.cache
7fb4d0456000-7fb4d047c000 rw-p 00000000 00:00 0 
7fb4d047c000-7fb4d0483000 ---p 00000000 00:00 0 
7fb4d0483000-7fb4d0489000 r--s 000f8000 07:0a 1466                       /snap/intellij-idea-ultimate/430/plugins/java/lib/rt/debugger-agent.jar
7fb4d0489000-7fb4d048b000 r--p 00000000 08:03 1058831                    /usr/lib/jvm/java-11-openjdk-amd64/lib/libzip.so
7fb4d048b000-7fb4d0490000 r-xp 00002000 08:03 1058831                    /usr/lib/jvm/java-11-openjdk-amd64/lib/libzip.so
7fb4d0490000-7fb4d0492000 r--p 00007000 08:03 1058831                    /usr/lib/jvm/java-11-openjdk-amd64/lib/libzip.so
7fb4d0492000-7fb4d0493000 r--p 00008000 08:03 1058831                    /usr/lib/jvm/java-11-openjdk-amd64/lib/libzip.so
7fb4d0493000-7fb4d0494000 rw-p 00009000 08:03 1058831                    /usr/lib/jvm/java-11-openjdk-amd64/lib/libzip.so
7fb4d0494000-7fb4d0496000 r--p 00000000 08:03 1058813                    /usr/lib/jvm/java-11-openjdk-amd64/lib/libjdwp.so
7fb4d0496000-7fb4d04c2000 r-xp 00002000 08:03 1058813                    /usr/lib/jvm/java-11-openjdk-amd64/lib/libjdwp.so
7fb4d04c2000-7fb4d04d0000 r--p 0002e000 08:03 1058813                    /usr/lib/jvm/java-11-openjdk-amd64/lib/libjdwp.so
7fb4d04d0000-7fb4d04d1000 r--p 0003b000 08:03 1058813                    /usr/lib/jvm/java-11-openjdk-amd64/lib/libjdwp.so
7fb4d04d1000-7fb4d04d2000 rw-p 0003c000 08:03 1058813                    /usr/lib/jvm/java-11-openjdk-amd64/lib/libjdwp.so
7fb4d04d2000-7fb4d04e0000 r--p 00000000 08:03 1058811                    /usr/lib/jvm/java-11-openjdk-amd64/lib/libjava.so
7fb4d04e0000-7fb4d04f6000 r-xp 0000e000 08:03 1058811                    /usr/lib/jvm/java-11-openjdk-amd64/lib/libjava.so
7fb4d04f6000-7fb4d04fd000 r--p 00024000 08:03 1058811                    /usr/lib/jvm/java-11-openjdk-amd64/lib/libjava.so
7fb4d04fd000-7fb4d04fe000 r--p 0002a000 08:03 1058811                    /usr/lib/jvm/java-11-openjdk-amd64/lib/libjava.so
7fb4d04fe000-7fb4d04ff000 rw-p 0002b000 08:03 1058811                    /usr/lib/jvm/java-11-openjdk-amd64/lib/libjava.so
7fb4d04ff000-7fb4d0500000 rw-p 00000000 00:00 0 
7fb4d0500000-7fb4d0504000 ---p 00000000 00:00 0 
7fb4d0504000-7fb4d0600000 rw-p 00000000 00:00 0 
7fb4d0600000-7fb4d0882000 r--p 00000000 08:03 1058837                    /usr/lib/jvm/java-11-openjdk-amd64/lib/server/libjvm.so
7fb4d0882000-7fb4d151e000 r-xp 00282000 08:03 1058837                    /usr/lib/jvm/java-11-openjdk-amd64/lib/server/libjvm.so
7fb4d151e000-7fb4d1779000 r--p 00f1e000 08:03 1058837                    /usr/lib/jvm/java-11-openjdk-amd64/lib/server/libjvm.so
7fb4d1779000-7fb4d177a000 ---p 01179000 08:03 1058837                    /usr/lib/jvm/java-11-openjdk-amd64/lib/server/libjvm.so
7fb4d177a000-7fb4d183e000 r--p 01179000 08:03 1058837                    /usr/lib/jvm/java-11-openjdk-amd64/lib/server/libjvm.so
7fb4d183e000-7fb4d1879000 rw-p 0123d000 08:03 1058837                    /usr/lib/jvm/java-11-openjdk-amd64/lib/server/libjvm.so
7fb4d1879000-7fb4d18d0000 rw-p 00000000 00:00 0 
7fb4d18d2000-7fb4d18da000 rw-s 00000000 08:03 1060178                    /tmp/hsperfdata_doudou/3989
7fb4d18da000-7fb4d18dc000 r--p 00000000 08:03 1058806                    /usr/lib/jvm/java-11-openjdk-amd64/lib/libinstrument.so
7fb4d18dc000-7fb4d18e3000 r-xp 00002000 08:03 1058806                    /usr/lib/jvm/java-11-openjdk-amd64/lib/libinstrument.so
7fb4d18e3000-7fb4d18e6000 r--p 00009000 08:03 1058806                    /usr/lib/jvm/java-11-openjdk-amd64/lib/libinstrument.so
7fb4d18e6000-7fb4d18e7000 r--p 0000b000 08:03 1058806                    /usr/lib/jvm/java-11-openjdk-amd64/lib/libinstrument.so
7fb4d18e7000-7fb4d18e8000 rw-p 0000c000 08:03 1058806                    /usr/lib/jvm/java-11-openjdk-amd64/lib/libinstrument.so
7fb4d18e8000-7fb4d18ed000 r--p 00000000 08:03 1058830                    /usr/lib/jvm/java-11-openjdk-amd64/lib/libverify.so
7fb4d18ed000-7fb4d18f4000 r-xp 00005000 08:03 1058830                    /usr/lib/jvm/java-11-openjdk-amd64/lib/libverify.so
7fb4d18f4000-7fb4d18f6000 r--p 0000c000 08:03 1058830                    /usr/lib/jvm/java-11-openjdk-amd64/lib/libverify.so
7fb4d18f6000-7fb4d18f8000 r--p 0000d000 08:03 1058830                    /usr/lib/jvm/java-11-openjdk-amd64/lib/libverify.so
7fb4d18f8000-7fb4d18f9000 rw-p 0000f000 08:03 1058830                    /usr/lib/jvm/java-11-openjdk-amd64/lib/libverify.so
7fb4d18f9000-7fb4d18fc000 r--p 00000000 08:03 551433                     /usr/lib/x86_64-linux-gnu/libgcc_s.so.1
7fb4d18fc000-7fb4d1913000 r-xp 00003000 08:03 551433                     /usr/lib/x86_64-linux-gnu/libgcc_s.so.1
7fb4d1913000-7fb4d1917000 r--p 0001a000 08:03 551433                     /usr/lib/x86_64-linux-gnu/libgcc_s.so.1
7fb4d1917000-7fb4d1918000 r--p 0001d000 08:03 551433                     /usr/lib/x86_64-linux-gnu/libgcc_s.so.1
7fb4d1918000-7fb4d1919000 rw-p 0001e000 08:03 551433                     /usr/lib/x86_64-linux-gnu/libgcc_s.so.1
7fb4d1919000-7fb4d1927000 r--p 00000000 08:03 551785                     /usr/lib/x86_64-linux-gnu/libm.so.6
7fb4d1927000-7fb4d19a3000 r-xp 0000e000 08:03 551785                     /usr/lib/x86_64-linux-gnu/libm.so.6
7fb4d19a3000-7fb4d19fe000 r--p 0008a000 08:03 551785                     /usr/lib/x86_64-linux-gnu/libm.so.6
7fb4d19fe000-7fb4d19ff000 r--p 000e4000 08:03 551785                     /usr/lib/x86_64-linux-gnu/libm.so.6
7fb4d19ff000-7fb4d1a00000 rw-p 000e5000 08:03 551785                     /usr/lib/x86_64-linux-gnu/libm.so.6
7fb4d1a00000-7fb4d1a28000 r--p 00000000 08:03 551134                     /usr/lib/x86_64-linux-gnu/libc.so.6
7fb4d1a28000-7fb4d1bbd000 r-xp 00028000 08:03 551134                     /usr/lib/x86_64-linux-gnu/libc.so.6
7fb4d1bbd000-7fb4d1c15000 r--p 001bd000 08:03 551134                     /usr/lib/x86_64-linux-gnu/libc.so.6
7fb4d1c15000-7fb4d1c19000 r--p 00214000 08:03 551134                     /usr/lib/x86_64-linux-gnu/libc.so.6
7fb4d1c19000-7fb4d1c1b000 rw-p 00218000 08:03 551134                     /usr/lib/x86_64-linux-gnu/libc.so.6
7fb4d1c1b000-7fb4d1c28000 rw-p 00000000 00:00 0 
7fb4d1c2c000-7fb4d1c2d000 r--p 00000000 08:03 552110                     /usr/lib/x86_64-linux-gnu/librt.so.1
7fb4d1c2d000-7fb4d1c2e000 r-xp 00001000 08:03 552110                     /usr/lib/x86_64-linux-gnu/librt.so.1
7fb4d1c2e000-7fb4d1c2f000 r--p 00002000 08:03 552110                     /usr/lib/x86_64-linux-gnu/librt.so.1
7fb4d1c2f000-7fb4d1c30000 r--p 00002000 08:03 552110                     /usr/lib/x86_64-linux-gnu/librt.so.1
7fb4d1c30000-7fb4d1c31000 rw-p 00003000 08:03 552110                     /usr/lib/x86_64-linux-gnu/librt.so.1
7fb4d1c31000-7fb4d1c33000 rw-p 00000000 00:00 0 
7fb4d1c33000-7fb4d1c35000 r--p 00000000 08:03 552488                     /usr/lib/x86_64-linux-gnu/libz.so.1.2.11
7fb4d1c35000-7fb4d1c46000 r-xp 00002000 08:03 552488                     /usr/lib/x86_64-linux-gnu/libz.so.1.2.11
7fb4d1c46000-7fb4d1c4c000 r--p 00013000 08:03 552488                     /usr/lib/x86_64-linux-gnu/libz.so.1.2.11
7fb4d1c4c000-7fb4d1c4d000 ---p 00019000 08:03 552488                     /usr/lib/x86_64-linux-gnu/libz.so.1.2.11
7fb4d1c4d000-7fb4d1c4e000 r--p 00019000 08:03 552488                     /usr/lib/x86_64-linux-gnu/libz.so.1.2.11
7fb4d1c4e000-7fb4d1c4f000 rw-p 0001a000 08:03 552488                     /usr/lib/x86_64-linux-gnu/libz.so.1.2.11
7fb4d1c53000-7fb4d1c54000 ---p 00000000 00:00 0 
7fb4d1c54000-7fb4d1c55000 r--p 00000000 00:00 0 
7fb4d1c55000-7fb4d1c57000 r--p 00000000 08:03 1058814                    /usr/lib/jvm/java-11-openjdk-amd64/lib/libjimage.so
7fb4d1c57000-7fb4d1c5a000 r-xp 00002000 08:03 1058814                    /usr/lib/jvm/java-11-openjdk-amd64/lib/libjimage.so
7fb4d1c5a000-7fb4d1c5b000 r--p 00005000 08:03 1058814                    /usr/lib/jvm/java-11-openjdk-amd64/lib/libjimage.so
7fb4d1c5b000-7fb4d1c5c000 ---p 00006000 08:03 1058814                    /usr/lib/jvm/java-11-openjdk-amd64/lib/libjimage.so
7fb4d1c5c000-7fb4d1c5d000 r--p 00006000 08:03 1058814                    /usr/lib/jvm/java-11-openjdk-amd64/lib/libjimage.so
7fb4d1c5d000-7fb4d1c5e000 rw-p 00007000 08:03 1058814                    /usr/lib/jvm/java-11-openjdk-amd64/lib/libjimage.so
7fb4d1c5e000-7fb4d1c61000 r--p 00000000 08:03 1058796                    /usr/lib/jvm/java-11-openjdk-amd64/lib/jli/libjli.so
7fb4d1c61000-7fb4d1c6b000 r-xp 00003000 08:03 1058796                    /usr/lib/jvm/java-11-openjdk-amd64/lib/jli/libjli.so
7fb4d1c6b000-7fb4d1c6e000 r--p 0000d000 08:03 1058796                    /usr/lib/jvm/java-11-openjdk-amd64/lib/jli/libjli.so
7fb4d1c6e000-7fb4d1c6f000 ---p 00010000 08:03 1058796                    /usr/lib/jvm/java-11-openjdk-amd64/lib/jli/libjli.so
7fb4d1c6f000-7fb4d1c70000 r--p 00010000 08:03 1058796                    /usr/lib/jvm/java-11-openjdk-amd64/lib/jli/libjli.so
7fb4d1c70000-7fb4d1c71000 rw-p 00011000 08:03 1058796                    /usr/lib/jvm/java-11-openjdk-amd64/lib/jli/libjli.so
7fb4d1c71000-7fb4d1c73000 rw-p 00000000 00:00 0 
7fb4d1c73000-7fb4d1c75000 r--p 00000000 08:03 550792                     /usr/lib/x86_64-linux-gnu/ld-linux-x86-64.so.2
7fb4d1c75000-7fb4d1c9f000 r-xp 00002000 08:03 550792                     /usr/lib/x86_64-linux-gnu/ld-linux-x86-64.so.2
7fb4d1c9f000-7fb4d1caa000 r--p 0002c000 08:03 550792                     /usr/lib/x86_64-linux-gnu/ld-linux-x86-64.so.2
7fb4d1cab000-7fb4d1cad000 r--p 00037000 08:03 550792                     /usr/lib/x86_64-linux-gnu/ld-linux-x86-64.so.2
7fb4d1cad000-7fb4d1caf000 rw-p 00039000 08:03 550792                     /usr/lib/x86_64-linux-gnu/ld-linux-x86-64.so.2
7ffe3d4c0000-7ffe3d4e1000 rw-p 00000000 00:00 0                          [stack]
7ffe3d538000-7ffe3d53c000 r--p 00000000 00:00 0                          [vvar]
7ffe3d53c000-7ffe3d53e000 r-xp 00000000 00:00 0                          [vdso]
ffffffffff600000-ffffffffff601000 --xp 00000000 00:00 0                  [vsyscall]


VM Arguments:
jvm_args: -agentlib:jdwp=transport=dt_socket,address=127.0.0.1:57465,suspend=y,server=n -javaagent:/snap/intellij-idea-ultimate/430/plugins/java/lib/rt/debugger-agent.jar -Dfile.encoding=UTF-8 
java_command: Main /home/doudou/lab/Lab/tests/test1.sysy /home/doudou/lab/Lab/tests/out.txt
java_class_path (initial): /home/doudou/lab/Lab/out/production/Lab:/usr/local/lib/antlr-4.9.1-complete.jar:/usr/local/lib/javacpp-1.5.7-linux-x86_64.jar:/usr/local/lib/javacpp-1.5.7.jar:/usr/local/lib/llvm-13.0.1-1.5.7-linux-x86_64.jar:/usr/local/lib/llvm-13.0.1-1.5.7.jar:/usr/local/lib/llvm-platform-13.0.1-1.5.7.jar:/snap/intellij-idea-ultimate/430/lib/idea_rt.jar
Launcher Type: SUN_STANDARD

[Global flags]
     intx CICompilerCount                          = 2                                         {product} {ergonomic}
     uint ConcGCThreads                            = 1                                         {product} {ergonomic}
     uint G1ConcRefinementThreads                  = 2                                         {product} {ergonomic}
   size_t G1HeapRegionSize                         = 1048576                                   {product} {ergonomic}
    uintx GCDrainStackTargetSize                   = 64                                        {product} {ergonomic}
   size_t InitialHeapSize                          = 65011712                                  {product} {ergonomic}
   size_t MarkStackSize                            = 4194304                                   {product} {ergonomic}
   size_t MaxHeapSize                              = 1021313024                                {product} {ergonomic}
   size_t MaxNewSize                               = 612368384                                 {product} {ergonomic}
   size_t MinHeapDeltaBytes                        = 1048576                                   {product} {ergonomic}
    uintx NonNMethodCodeHeapSize                   = 5825164                                {pd product} {ergonomic}
    uintx NonProfiledCodeHeapSize                  = 122916538                              {pd product} {ergonomic}
    uintx ProfiledCodeHeapSize                     = 122916538                              {pd product} {ergonomic}
    uintx ReservedCodeCacheSize                    = 251658240                              {pd product} {ergonomic}
     bool SegmentedCodeCache                       = true                                      {product} {ergonomic}
     bool UseCompressedClassPointers               = true                                 {lp64_product} {ergonomic}
     bool UseCompressedOops                        = true                                 {lp64_product} {ergonomic}
     bool UseG1GC                                  = true                                      {product} {ergonomic}

Logging:
Log output configuration:
 #0: stdout all=warning uptime,level,tags
 #1: stderr all=off uptime,level,tags

Environment Variables:
PATH=/usr/local/sbin:/usr/local/bin:/usr/sbin:/usr/bin:/sbin:/bin:/usr/games:/usr/local/games:/snap/bin:/snap/bin
USERNAME=doudou
SHELL=/bin/bash
DISPLAY=:0
LANG=en_US.UTF-8
LC_NUMERIC=zh_CN.UTF-8
LC_TIME=zh_CN.UTF-8

Signal Handlers:
SIGSEGV: [libjvm.so+0xeabd80], sa_mask[0]=11111111011111111101111111111110, sa_flags=SA_RESTART|SA_SIGINFO
SIGBUS: [libjvm.so+0xeabd80], sa_mask[0]=11111111011111111101111111111110, sa_flags=SA_RESTART|SA_SIGINFO
SIGFPE: [libjvm.so+0xeabd80], sa_mask[0]=11111111011111111101111111111110, sa_flags=SA_RESTART|SA_SIGINFO
SIGPIPE: [libjvm.so+0xbee610], sa_mask[0]=11111111011111111101111111111110, sa_flags=SA_RESTART|SA_SIGINFO
SIGXFSZ: [libjvm.so+0xbee610], sa_mask[0]=11111111011111111101111111111110, sa_flags=SA_RESTART|SA_SIGINFO
SIGILL: [libjvm.so+0xeabd80], sa_mask[0]=11111111011111111101111111111110, sa_flags=SA_RESTART|SA_SIGINFO
SIGUSR2: [libjvm.so+0xbee4b0], sa_mask[0]=00100000000000000000000000000000, sa_flags=SA_RESTART|SA_SIGINFO
SIGHUP: [libjvm.so+0xbeec50], sa_mask[0]=11111111011111111101111111111110, sa_flags=SA_RESTART|SA_SIGINFO
SIGINT: [libjvm.so+0xbeec50], sa_mask[0]=11111111011111111101111111111110, sa_flags=SA_RESTART|SA_SIGINFO
SIGTERM: [libjvm.so+0xbeec50], sa_mask[0]=11111111011111111101111111111110, sa_flags=SA_RESTART|SA_SIGINFO
SIGQUIT: [libjvm.so+0xbeec50], sa_mask[0]=11111111011111111101111111111110, sa_flags=SA_RESTART|SA_SIGINFO


---------------  S Y S T E M  ---------------

OS:DISTRIB_ID=Ubuntu
DISTRIB_RELEASE=22.04
DISTRIB_CODENAME=jammy
DISTRIB_DESCRIPTION="Ubuntu 22.04.2 LTS"
uname:Linux 5.19.0-43-generic #44~22.04.1-Ubuntu SMP PREEMPT_DYNAMIC Mon May 22 13:39:36 UTC 2 x86_64
OS uptime: 0 days 0:04 hours
libc:glibc 2.35 NPTL 2.35 
rlimit (soft/hard): STACK 8192k/infinity , CORE 0k/infinity , NPROC 15250/15250 , NOFILE 1048576/1048576 , AS infinity/infinity , CPU infinity/infinity , DATA infinity/infinity , FSIZE infinity/infinity , MEMLOCK 497764k/497764k
load average:1.32 1.69 0.83

/proc/meminfo:
MemTotal:        3982112 kB
MemFree:          111556 kB
MemAvailable:     420864 kB
Buffers:            6684 kB
Cached:           476756 kB
SwapCached:        53824 kB
Active:           505704 kB
Inactive:        1918880 kB
Active(anon):     330188 kB
Inactive(anon):  1619020 kB
Active(file):     175516 kB
Inactive(file):   299860 kB
Unevictable:           0 kB
Mlocked:               0 kB
SwapTotal:       3512316 kB
SwapFree:        2665740 kB
Zswap:                 0 kB
Zswapped:              0 kB
Dirty:                56 kB
Writeback:             0 kB
AnonPages:       1919108 kB
Mapped:           247888 kB
Shmem:              9868 kB
KReclaimable:      76764 kB
Slab:             511056 kB
SReclaimable:      76764 kB
SUnreclaim:       434292 kB
KernelStack:       13152 kB
PageTables:        24144 kB
NFS_Unstable:          0 kB
Bounce:                0 kB
WritebackTmp:          0 kB
CommitLimit:     5503372 kB
Committed_AS:    5166024 kB
VmallocTotal:   34359738367 kB
VmallocUsed:      433928 kB
VmallocChunk:          0 kB
Percpu:           134656 kB
HardwareCorrupted:     0 kB
AnonHugePages:         0 kB
ShmemHugePages:        0 kB
ShmemPmdMapped:        0 kB
FileHugePages:         0 kB
FilePmdMapped:         0 kB
HugePages_Total:       0
HugePages_Free:        0
HugePages_Rsvd:        0
HugePages_Surp:        0
Hugepagesize:       2048 kB
Hugetlb:               0 kB
DirectMap4k:      214848 kB
DirectMap2M:     3979264 kB
DirectMap1G:     2097152 kB

/sys/kernel/mm/transparent_hugepage/enabled:
always [madvise] never
/sys/kernel/mm/transparent_hugepage/defrag (defrag/compaction efforts parameter):
always defer defer+madvise [madvise] never

Process Memory:
Virtual Size: 3682984K (peak: 12394872K)
Resident Set Size: 91512K (peak: 92848K) (anon: 34884K, file: 56628K, shmem: 0K)
Swapped out: 0K
C-Heap outstanding allocations: 9597K, retained: 5958K
glibc malloc tunables: (default)

/proc/sys/kernel/threads-max (system-wide limit on the number of threads):
30501
/proc/sys/vm/max_map_count (maximum number of memory map areas a process may have):
65530
/proc/sys/kernel/pid_max (system-wide limit on number of process identifiers):
4194304

container (cgroup) information:
container_type: cgroupv2
cpu_cpuset_cpus: not supported
cpu_memory_nodes: not supported
active_processor_count: 2
cpu_quota: not supported
cpu_period: not supported
cpu_shares: not supported
memory_limit_in_bytes: unlimited
memory_and_swap_limit_in_bytes: unlimited
memory_soft_limit_in_bytes: unlimited
memory_usage_in_bytes: 1866488 k
memory_max_usage_in_bytes: not supported
memory_swap_current_in_bytes: 545760 k
memory_swap_max_limit_in_bytes: unlimited
maximum number of tasks: 4575
current number of tasks: 122

VMWare virtualization detected
Steal ticks since vm start: 0
Steal ticks percentage since vm start:  0.000

CPU:total 2 (initial active 2) (1 cores per cpu, 1 threads per core) family 6 model 140 stepping 1 microcode 0xffffffff, cmov, cx8, fxsr, mmx, sse, sse2, sse3, ssse3, sse4.1, sse4.2, popcnt, avx, avx2, aes, clmul, erms, 3dnowpref, lzcnt, tsc, tscinvbit, bmi1, bmi2, adx, evex, sha, fma
CPU Model and flags from /proc/cpuinfo:
model name	: 11th Gen Intel(R) Core(TM) i7-1165G7 @ 2.80GHz
flags		: fpu vme de pse tsc msr pae mce cx8 apic sep mtrr pge mca cmov pat pse36 clflush mmx fxsr sse sse2 ss syscall nx pdpe1gb rdtscp lm constant_tsc arch_perfmon rep_good nopl xtopology tsc_reliable nonstop_tsc cpuid tsc_known_freq pni pclmulqdq ssse3 fma cx16 pcid sse4_1 sse4_2 x2apic movbe popcnt tsc_deadline_timer aes xsave avx f16c rdrand hypervisor lahf_lm abm 3dnowprefetch invpcid_single pti ssbd ibrs ibpb stibp fsgsbase tsc_adjust bmi1 avx2 smep bmi2 erms invpcid avx512f avx512dq rdseed adx smap avx512ifma clflushopt clwb avx512cd sha_ni avx512bw avx512vl xsaveopt xsavec xgetbv1 xsaves arat avx512vbmi umip avx512_vbmi2 gfni vaes vpclmulqdq avx512_vnni avx512_bitalg avx512_vpopcntdq rdpid fsrm avx512_vp2intersect flush_l1d arch_capabilities
Online cpus:
0-1
Offline cpus:
2-127
BIOS frequency limitation:
<Not Available>
Frequency switch latency (ns):
<Not Available>
Available cpu frequencies:
<Not Available>
Current governor:
<Not Available>
Core performance/turbo boost:
<Not Available>

Memory: 4k page, physical 3982112k(111556k free), swap 3512316k(2665740k free)

vm_info: OpenJDK 64-Bit Server VM (11.0.19+7-post-Ubuntu-0ubuntu122.04.1) for linux-amd64 JRE (11.0.19+7-post-Ubuntu-0ubuntu122.04.1), built on May 10 2023 00:54:00 by "unknown" with gcc 11.3.0

END.
