#
# A fatal error has been detected by the Java Runtime Environment:
#
#  SIGSEGV (0xb) at pc=0x00007f2cae286e68, pid=20925, tid=20927
#
# JRE version: OpenJDK Runtime Environment (11.0.19+7) (build 11.0.19+7-post-Ubuntu-0ubuntu120.04.1)
# Java VM: OpenJDK 64-Bit Server VM (11.0.19+7-post-Ubuntu-0ubuntu120.04.1, mixed mode, sharing, tiered, compressed oops, g1 gc, linux-amd64)
# Problematic frame:
# C  [libLLVM-13.so+0xd5ae68]  llvm::TypeFinder::incorporateType(llvm::Type*)+0x198
#
# Core dump will be written. Default location: Core dumps may be processed with "/usr/share/apport/apport -p%p -s%s -c%c -d%d -P%P -u%u -g%g -- %E" (or dumping to /home/doudou/Lab/core.20925)
#
# If you would like to submit a bug report, please visit:
#   https://bugs.launchpad.net/ubuntu/+source/openjdk-lts
# The crash happened outside the Java Virtual Machine in native code.
# See problematic frame for where to report the bug.
#

---------------  S U M M A R Y ------------

Command Line: -Djava.library.path=/usr/lib/llvm-10/lib -javaagent:/snap/intellij-idea-ultimate/426/lib/idea_rt.jar=33423:/snap/intellij-idea-ultimate/426/bin -Dfile.encoding=UTF-8 Main /home/doudou/Lab/tests/test1.sysy /home/doudou/Lab/tests/out.txt

Host: 11th Gen Intel(R) Core(TM) i7-1165G7 @ 2.80GHz, 2 cores, 3G, Ubuntu 20.04.5 LTS
Time: Fri May 19 05:22:11 2023 PDT elapsed time: 0.423920 seconds (0d 0h 0m 0s)

---------------  T H R E A D  ---------------

Current thread (0x00007f2d0c017800):  JavaThread "main" [_thread_in_native, id=20927, stack(0x00007f2d118c4000,0x00007f2d119c5000)]

Stack: [0x00007f2d118c4000,0x00007f2d119c5000],  sp=0x00007f2d119c2c30,  free space=1019k
Native frames: (J=compiled Java code, A=aot compiled Java code, j=interpreted, Vv=VM code, C=native code)
C  [libLLVM-13.so+0xd5ae68]  llvm::TypeFinder::incorporateType(llvm::Type*)+0x198

Java frames: (J=compiled Java code, j=interpreted, Vv=VM code)
j  org.bytedeco.llvm.global.LLVM.LLVMPrintModuleToFile(Lorg/bytedeco/llvm/LLVM/LLVMModuleRef;Ljava/lang/String;Lorg/bytedeco/javacpp/BytePointer;)I+0
j  Main.main([Ljava/lang/String;)V+233
v  ~StubRoutines::call_stub

siginfo: si_signo: 11 (SIGSEGV), si_code: 1 (SEGV_MAPERR), si_addr: 0x000000000003f960

Register to memory mapping:

RAX=0x0000000000007f2d is an unknown value
RBX=0x00007f2d119c3170 is pointing into the stack for thread: 0x00007f2d0c017800
RCX=0x00007f2d119c31a0 is pointing into the stack for thread: 0x00007f2d0c017800
RDX=0x0000000000000001 is an unknown value
RSP=0x00007f2d119c2c30 is pointing into the stack for thread: 0x00007f2d0c017800
RBP=0x000000000003f960 is an unknown value
RSI=0x00007f2d0c41a380 points into unknown readable memory: 0x00007f2d0c35e900 | 00 e9 35 0c 2d 7f 00 00
RDI=0x00007f2d119c2c70 is pointing into the stack for thread: 0x00007f2d0c017800
R8 =0x0000000000000001 is an unknown value
R9 =0x00007f2d0c41a380 points into unknown readable memory: 0x00007f2d0c35e900 | 00 e9 35 0c 2d 7f 00 00
R10=0x00007f2cad664a4e: <offset 0x0000000000138a4e> in /home/doudou/.javacpp/cache/llvm-13.0.1-1.5.7-linux-x86_64.jar/org/bytedeco/llvm/linux-x86_64/libLLVM-13.so at 0x00007f2cad52c000
R11=0x00007f2d0c000080 points into unknown readable memory: 0x00007f2d0c41aab0 | b0 aa 41 0c 2d 7f 00 00
R12=0x00007f2d0c41a260 points into unknown readable memory: 0xfffffffffffff000 | 00 f0 ff ff ff ff ff ff
R13=0x0000000000000040 is an unknown value
R14=0x0 is NULL
R15=0x00007f2d119c31a0 is pointing into the stack for thread: 0x00007f2d0c017800


Registers:
RAX=0x0000000000007f2d, RBX=0x00007f2d119c3170, RCX=0x00007f2d119c31a0, RDX=0x0000000000000001
RSP=0x00007f2d119c2c30, RBP=0x000000000003f960, RSI=0x00007f2d0c41a380, RDI=0x00007f2d119c2c70
R8 =0x0000000000000001, R9 =0x00007f2d0c41a380, R10=0x00007f2cad664a4e, R11=0x00007f2d0c000080
R12=0x00007f2d0c41a260, R13=0x0000000000000040, R14=0x0000000000000000, R15=0x00007f2d119c31a0
RIP=0x00007f2cae286e68, EFLAGS=0x0000000000010202, CSGSFS=0x002b000000000033, ERR=0x0000000000000004
  TRAPNO=0x000000000000000e

Top of Stack: (sp=0x00007f2d119c2c30)
0x00007f2d119c2c30:   00007f2d119c2c70 00007f2d119c2c60
0x00007f2d119c2c40:   00007f2d119c3170 00007f2d0c41a470
0x00007f2d119c2c50:   00007f2d0c35f660 0000000000000040
0x00007f2d119c2c60:   00007f2d119c2c70 0000000400000000 

Instructions: (pc=0x00007f2cae286e68)
0x00007f2cae286d68:   c2 4d 8d 0c d4 49 8b 11 48 39 ea 74 b1 44 89 c7
0x00007f2cae286d78:   48 81 fa 00 f0 ff ff 75 ce 8b 43 38 48 85 f6 49
0x00007f2cae286d88:   0f 44 f1 8d 50 01 43 8d 04 76 8d 3c 95 00 00 00
0x00007f2cae286d98:   00 39 c7 0f 83 7b 07 00 00 44 89 f0 44 89 f7 2b
0x00007f2cae286da8:   43 3c 29 d0 c1 ef 03 39 f8 0f 86 a0 09 00 00 48
0x00007f2cae286db8:   8b 06 89 53 38 48 3d 00 f0 ff ff 74 04 83 6b 3c
0x00007f2cae286dc8:   01 48 89 2e 48 8d 44 24 30 4b 8d 14 f4 4c 89 f9
0x00007f2cae286dd8:   48 89 c7 41 b8 01 00 00 00 48 89 44 24 08 e8 a5
0x00007f2cae286de8:   fe ff ff 48 8d 7c 24 40 48 89 6c 24 40 b8 01 00
0x00007f2cae286df8:   00 00 48 89 3c 24 48 89 7c 24 30 c7 44 24 3c 04
0x00007f2cae286e08:   00 00 00 0f 1f 44 00 00 89 c2 83 e8 01 48 8b 6c
0x00007f2cae286e18:   d7 f8 89 44 24 38 80 7d 08 10 75 2b 80 7b 60 00
0x00007f2cae286e28:   48 89 6c 24 20 74 07 48 83 7d 18 00 74 19 48 8b
0x00007f2cae286e38:   73 50 48 3b 73 58 0f 84 fc 05 00 00 48 89 2e 48
0x00007f2cae286e48:   83 c6 08 48 89 73 50 4c 8b 75 10 8b 45 0c 49 8d
0x00007f2cae286e58:   2c c6 49 39 ee 75 5a e9 50 02 00 00 0f 1f 40 00
0x00007f2cae286e68:   48 8b 55 00 41 8d 4d ff 41 b8 01 00 00 00 45 31
0x00007f2cae286e78:   c9 89 d0 89 d6 c1 ee 09 c1 e8 04 31 f0 21 c8 89
0x00007f2cae286e88:   c6 49 8d 34 f4 48 8b 3e 48 39 d7 0f 85 7f 02 00
0x00007f2cae286e98:   00 4b 8d 14 ec 48 8d 7c 24 20 41 b8 01 00 00 00
0x00007f2cae286ea8:   4c 89 f9 e8 e0 fd ff ff 49 39 ee 0f 84 fb 01 00
0x00007f2cae286eb8:   00 44 8b 6b 40 4c 8b 63 30 48 83 ed 08 45 85 ed
0x00007f2cae286ec8:   75 9e 43 8d 54 2d ff be 08 00 00 00 48 89 d0 48
0x00007f2cae286ed8:   d1 e8 48 09 d0 48 89 c2 48 c1 ea 02 48 09 d0 48
0x00007f2cae286ee8:   89 c2 48 c1 ea 04 48 09 d0 48 89 c2 48 c1 ea 08
0x00007f2cae286ef8:   48 09 d0 48 89 c2 48 c1 ea 10 48 09 d0 ba 40 00
0x00007f2cae286f08:   00 00 48 83 c0 01 83 f8 40 0f 42 c2 89 43 40 89
0x00007f2cae286f18:   c0 48 8d 3c c5 00 00 00 00 e8 2a a2 d9 ff 48 89
0x00007f2cae286f28:   43 30 4d 85 e4 0f 84 fd 03 00 00 8b 53 40 49 c1
0x00007f2cae286f38:   e5 03 48 c7 43 38 00 00 00 00 4b 8d 3c 2c 48 89
0x00007f2cae286f48:   d1 49 89 d1 48 c1 e1 03 74 52 48 8d 71 f8 48 89
0x00007f2cae286f58:   c2 48 c1 ee 03 48 83 c6 01 48 83 f9 08 74 36 48 


Stack slot to memory mapping:
stack at sp + 0 slots: 0x00007f2d119c2c70 is pointing into the stack for thread: 0x00007f2d0c017800
stack at sp + 1 slots: 0x00007f2d119c2c60 is pointing into the stack for thread: 0x00007f2d0c017800
stack at sp + 2 slots: 0x00007f2d119c3170 is pointing into the stack for thread: 0x00007f2d0c017800
stack at sp + 3 slots: 0x00007f2d0c41a470 points into unknown readable memory: 0xfffffffffffff000 | 00 f0 ff ff ff ff ff ff
stack at sp + 4 slots: 0x00007f2d0c35f660 points into unknown readable memory: 0x00007f2d0c416050 | 50 60 41 0c 2d 7f 00 00
stack at sp + 5 slots: 0x0000000000000040 is an unknown value
stack at sp + 6 slots: 0x00007f2d119c2c70 is pointing into the stack for thread: 0x00007f2d0c017800
stack at sp + 7 slots: 0x0000000400000000 is an unknown value


---------------  P R O C E S S  ---------------

Threads class SMR info:
_java_thread_list=0x00007f2d0c22a4f0, length=11, elements={
0x00007f2d0c017800, 0x00007f2d0c11f800, 0x00007f2d0c121800, 0x00007f2d0c127000,
0x00007f2d0c129000, 0x00007f2d0c12b000, 0x00007f2d0c12d800, 0x00007f2d0c12f800,
0x00007f2d0c13d800, 0x00007f2d0c20b000, 0x00007f2d0c228000
}

Java Threads: ( => current thread )
=>0x00007f2d0c017800 JavaThread "main" [_thread_in_native, id=20927, stack(0x00007f2d118c4000,0x00007f2d119c5000)]
  0x00007f2d0c11f800 JavaThread "Reference Handler" daemon [_thread_blocked, id=20936, stack(0x00007f2d1049e000,0x00007f2d1059f000)]
  0x00007f2d0c121800 JavaThread "Finalizer" daemon [_thread_blocked, id=20937, stack(0x00007f2d1039d000,0x00007f2d1049e000)]
  0x00007f2d0c127000 JavaThread "Signal Dispatcher" daemon [_thread_blocked, id=20938, stack(0x00007f2d1029c000,0x00007f2d1039d000)]
  0x00007f2d0c129000 JavaThread "Service Thread" daemon [_thread_blocked, id=20939, stack(0x00007f2d1019b000,0x00007f2d1029c000)]
  0x00007f2d0c12b000 JavaThread "C2 CompilerThread0" daemon [_thread_blocked, id=20943, stack(0x00007f2d1009a000,0x00007f2d1019b000)]
  0x00007f2d0c12d800 JavaThread "C1 CompilerThread0" daemon [_thread_blocked, id=20945, stack(0x00007f2cf46f4000,0x00007f2cf47f5000)]
  0x00007f2d0c12f800 JavaThread "Sweeper thread" daemon [_thread_blocked, id=20950, stack(0x00007f2cf45f3000,0x00007f2cf46f4000)]
  0x00007f2d0c13d800 JavaThread "Common-Cleaner" daemon [_thread_blocked, id=20951, stack(0x00007f2cf44f2000,0x00007f2cf45f3000)]
  0x00007f2d0c20b000 JavaThread "Monitor Ctrl-Break" daemon [_thread_in_native, id=20954, stack(0x00007f2cf43f1000,0x00007f2cf44f2000)]
  0x00007f2d0c228000 JavaThread "JavaCPP Deallocator" daemon [_thread_blocked, id=20956, stack(0x00007f2cf41ee000,0x00007f2cf42ef000)]

Other Threads:
  0x00007f2d0c11c800 VMThread "VM Thread" [stack: 0x00007f2d105a1000,0x00007f2d106a1000] [id=20935]
  0x00007f2d0c20c800 WatcherThread [stack: 0x00007f2cf42f1000,0x00007f2cf43f1000] [id=20955]
  0x00007f2d0c02f000 GCTaskThread "GC Thread#0" [stack: 0x00007f2d11561000,0x00007f2d11661000] [id=20928]
  0x00007f2cd4001000 GCTaskThread "GC Thread#1" [stack: 0x00007f2cf40ee000,0x00007f2cf41ee000] [id=20957]
  0x00007f2d0c04a000 ConcurrentGCThread "G1 Main Marker" [stack: 0x00007f2d10c87000,0x00007f2d10d87000] [id=20929]
  0x00007f2d0c04b800 ConcurrentGCThread "G1 Conc#0" [stack: 0x00007f2d10b85000,0x00007f2d10c85000] [id=20931]
  0x00007f2d0c087000 ConcurrentGCThread "G1 Refine#0" [stack: 0x00007f2d10881000,0x00007f2d10981000] [id=20933]
  0x00007f2d0c089000 ConcurrentGCThread "G1 Young RemSet Sampling" [stack: 0x00007f2d1077f000,0x00007f2d1087f000] [id=20934]

Threads with active compile tasks:

VM state:not at safepoint (normal execution)

VM Mutex/Monitor currently owned by a thread: None

Heap address: 0x00000000c3200000, size: 974 MB, Compressed Oops mode: 32-bit
Narrow klass base: 0x0000000800000000, Narrow klass shift: 3
Compressed class space size: 1073741824 Address: 0x0000000840000000

Heap:
 garbage-first heap   total 65536K, used 4729K [0x00000000c3200000, 0x0000000100000000)
  region size 1024K, 4 young (4096K), 1 survivors (1024K)
 Metaspace       used 3769K, capacity 6517K, committed 6656K, reserved 1056768K
  class space    used 418K, capacity 682K, committed 768K, reserved 1048576K
Heap Regions: E=young(eden), S=young(survivor), O=old, HS=humongous(starts), HC=humongous(continues), CS=collection set, F=free, A=archive, TAMS=top-at-mark-start (previous, next)
|   0|0x00000000c3200000, 0x00000000c32ec600, 0x00000000c3300000| 92%| O|  |TAMS 0x00000000c3200000, 0x00000000c3200000| Untracked 
|   1|0x00000000c3300000, 0x00000000c3300000, 0x00000000c3400000|  0%| F|  |TAMS 0x00000000c3300000, 0x00000000c3300000| Untracked 
|   2|0x00000000c3400000, 0x00000000c3400000, 0x00000000c3500000|  0%| F|  |TAMS 0x00000000c3400000, 0x00000000c3400000| Untracked 
|   3|0x00000000c3500000, 0x00000000c3500000, 0x00000000c3600000|  0%| F|  |TAMS 0x00000000c3500000, 0x00000000c3500000| Untracked 
|   4|0x00000000c3600000, 0x00000000c3600000, 0x00000000c3700000|  0%| F|  |TAMS 0x00000000c3600000, 0x00000000c3600000| Untracked 
|   5|0x00000000c3700000, 0x00000000c3700000, 0x00000000c3800000|  0%| F|  |TAMS 0x00000000c3700000, 0x00000000c3700000| Untracked 
|   6|0x00000000c3800000, 0x00000000c3800000, 0x00000000c3900000|  0%| F|  |TAMS 0x00000000c3800000, 0x00000000c3800000| Untracked 
|   7|0x00000000c3900000, 0x00000000c3900000, 0x00000000c3a00000|  0%| F|  |TAMS 0x00000000c3900000, 0x00000000c3900000| Untracked 
|   8|0x00000000c3a00000, 0x00000000c3a00000, 0x00000000c3b00000|  0%| F|  |TAMS 0x00000000c3a00000, 0x00000000c3a00000| Untracked 
|   9|0x00000000c3b00000, 0x00000000c3b00000, 0x00000000c3c00000|  0%| F|  |TAMS 0x00000000c3b00000, 0x00000000c3b00000| Untracked 
|  10|0x00000000c3c00000, 0x00000000c3c00000, 0x00000000c3d00000|  0%| F|  |TAMS 0x00000000c3c00000, 0x00000000c3c00000| Untracked 
|  11|0x00000000c3d00000, 0x00000000c3d00000, 0x00000000c3e00000|  0%| F|  |TAMS 0x00000000c3d00000, 0x00000000c3d00000| Untracked 
|  12|0x00000000c3e00000, 0x00000000c3e00000, 0x00000000c3f00000|  0%| F|  |TAMS 0x00000000c3e00000, 0x00000000c3e00000| Untracked 
|  13|0x00000000c3f00000, 0x00000000c3f00000, 0x00000000c4000000|  0%| F|  |TAMS 0x00000000c3f00000, 0x00000000c3f00000| Untracked 
|  14|0x00000000c4000000, 0x00000000c4000000, 0x00000000c4100000|  0%| F|  |TAMS 0x00000000c4000000, 0x00000000c4000000| Untracked 
|  15|0x00000000c4100000, 0x00000000c4100000, 0x00000000c4200000|  0%| F|  |TAMS 0x00000000c4100000, 0x00000000c4100000| Untracked 
|  16|0x00000000c4200000, 0x00000000c4200000, 0x00000000c4300000|  0%| F|  |TAMS 0x00000000c4200000, 0x00000000c4200000| Untracked 
|  17|0x00000000c4300000, 0x00000000c4300000, 0x00000000c4400000|  0%| F|  |TAMS 0x00000000c4300000, 0x00000000c4300000| Untracked 
|  18|0x00000000c4400000, 0x00000000c4400000, 0x00000000c4500000|  0%| F|  |TAMS 0x00000000c4400000, 0x00000000c4400000| Untracked 
|  19|0x00000000c4500000, 0x00000000c4500000, 0x00000000c4600000|  0%| F|  |TAMS 0x00000000c4500000, 0x00000000c4500000| Untracked 
|  20|0x00000000c4600000, 0x00000000c4600000, 0x00000000c4700000|  0%| F|  |TAMS 0x00000000c4600000, 0x00000000c4600000| Untracked 
|  21|0x00000000c4700000, 0x00000000c4700000, 0x00000000c4800000|  0%| F|  |TAMS 0x00000000c4700000, 0x00000000c4700000| Untracked 
|  22|0x00000000c4800000, 0x00000000c4800000, 0x00000000c4900000|  0%| F|  |TAMS 0x00000000c4800000, 0x00000000c4800000| Untracked 
|  23|0x00000000c4900000, 0x00000000c4900000, 0x00000000c4a00000|  0%| F|  |TAMS 0x00000000c4900000, 0x00000000c4900000| Untracked 
|  24|0x00000000c4a00000, 0x00000000c4a00000, 0x00000000c4b00000|  0%| F|  |TAMS 0x00000000c4a00000, 0x00000000c4a00000| Untracked 
|  25|0x00000000c4b00000, 0x00000000c4b00000, 0x00000000c4c00000|  0%| F|  |TAMS 0x00000000c4b00000, 0x00000000c4b00000| Untracked 
|  26|0x00000000c4c00000, 0x00000000c4c00000, 0x00000000c4d00000|  0%| F|  |TAMS 0x00000000c4c00000, 0x00000000c4c00000| Untracked 
|  27|0x00000000c4d00000, 0x00000000c4d00000, 0x00000000c4e00000|  0%| F|  |TAMS 0x00000000c4d00000, 0x00000000c4d00000| Untracked 
|  28|0x00000000c4e00000, 0x00000000c4e00000, 0x00000000c4f00000|  0%| F|  |TAMS 0x00000000c4e00000, 0x00000000c4e00000| Untracked 
|  29|0x00000000c4f00000, 0x00000000c4f00000, 0x00000000c5000000|  0%| F|  |TAMS 0x00000000c4f00000, 0x00000000c4f00000| Untracked 
|  30|0x00000000c5000000, 0x00000000c5000000, 0x00000000c5100000|  0%| F|  |TAMS 0x00000000c5000000, 0x00000000c5000000| Untracked 
|  31|0x00000000c5100000, 0x00000000c5100000, 0x00000000c5200000|  0%| F|  |TAMS 0x00000000c5100000, 0x00000000c5100000| Untracked 
|  32|0x00000000c5200000, 0x00000000c5200000, 0x00000000c5300000|  0%| F|  |TAMS 0x00000000c5200000, 0x00000000c5200000| Untracked 
|  33|0x00000000c5300000, 0x00000000c5300000, 0x00000000c5400000|  0%| F|  |TAMS 0x00000000c5300000, 0x00000000c5300000| Untracked 
|  34|0x00000000c5400000, 0x00000000c5400000, 0x00000000c5500000|  0%| F|  |TAMS 0x00000000c5400000, 0x00000000c5400000| Untracked 
|  35|0x00000000c5500000, 0x00000000c5500000, 0x00000000c5600000|  0%| F|  |TAMS 0x00000000c5500000, 0x00000000c5500000| Untracked 
|  36|0x00000000c5600000, 0x00000000c5600000, 0x00000000c5700000|  0%| F|  |TAMS 0x00000000c5600000, 0x00000000c5600000| Untracked 
|  37|0x00000000c5700000, 0x00000000c5700000, 0x00000000c5800000|  0%| F|  |TAMS 0x00000000c5700000, 0x00000000c5700000| Untracked 
|  38|0x00000000c5800000, 0x00000000c5800000, 0x00000000c5900000|  0%| F|  |TAMS 0x00000000c5800000, 0x00000000c5800000| Untracked 
|  39|0x00000000c5900000, 0x00000000c5900000, 0x00000000c5a00000|  0%| F|  |TAMS 0x00000000c5900000, 0x00000000c5900000| Untracked 
|  40|0x00000000c5a00000, 0x00000000c5a00000, 0x00000000c5b00000|  0%| F|  |TAMS 0x00000000c5a00000, 0x00000000c5a00000| Untracked 
|  41|0x00000000c5b00000, 0x00000000c5b00000, 0x00000000c5c00000|  0%| F|  |TAMS 0x00000000c5b00000, 0x00000000c5b00000| Untracked 
|  42|0x00000000c5c00000, 0x00000000c5c00000, 0x00000000c5d00000|  0%| F|  |TAMS 0x00000000c5c00000, 0x00000000c5c00000| Untracked 
|  43|0x00000000c5d00000, 0x00000000c5d00000, 0x00000000c5e00000|  0%| F|  |TAMS 0x00000000c5d00000, 0x00000000c5d00000| Untracked 
|  44|0x00000000c5e00000, 0x00000000c5e00000, 0x00000000c5f00000|  0%| F|  |TAMS 0x00000000c5e00000, 0x00000000c5e00000| Untracked 
|  45|0x00000000c5f00000, 0x00000000c5f00000, 0x00000000c6000000|  0%| F|  |TAMS 0x00000000c5f00000, 0x00000000c5f00000| Untracked 
|  46|0x00000000c6000000, 0x00000000c6000000, 0x00000000c6100000|  0%| F|  |TAMS 0x00000000c6000000, 0x00000000c6000000| Untracked 
|  47|0x00000000c6100000, 0x00000000c6100000, 0x00000000c6200000|  0%| F|  |TAMS 0x00000000c6100000, 0x00000000c6100000| Untracked 
|  48|0x00000000c6200000, 0x00000000c6200000, 0x00000000c6300000|  0%| F|  |TAMS 0x00000000c6200000, 0x00000000c6200000| Untracked 
|  49|0x00000000c6300000, 0x00000000c6300000, 0x00000000c6400000|  0%| F|  |TAMS 0x00000000c6300000, 0x00000000c6300000| Untracked 
|  50|0x00000000c6400000, 0x00000000c6400000, 0x00000000c6500000|  0%| F|  |TAMS 0x00000000c6400000, 0x00000000c6400000| Untracked 
|  51|0x00000000c6500000, 0x00000000c6500000, 0x00000000c6600000|  0%| F|  |TAMS 0x00000000c6500000, 0x00000000c6500000| Untracked 
|  52|0x00000000c6600000, 0x00000000c6600000, 0x00000000c6700000|  0%| F|  |TAMS 0x00000000c6600000, 0x00000000c6600000| Untracked 
|  53|0x00000000c6700000, 0x00000000c6700000, 0x00000000c6800000|  0%| F|  |TAMS 0x00000000c6700000, 0x00000000c6700000| Untracked 
|  54|0x00000000c6800000, 0x00000000c6900000, 0x00000000c6900000|100%| S|CS|TAMS 0x00000000c6800000, 0x00000000c6800000| Complete 
|  55|0x00000000c6900000, 0x00000000c6900000, 0x00000000c6a00000|  0%| F|  |TAMS 0x00000000c6900000, 0x00000000c6900000| Untracked 
|  56|0x00000000c6a00000, 0x00000000c6a00000, 0x00000000c6b00000|  0%| F|  |TAMS 0x00000000c6a00000, 0x00000000c6a00000| Untracked 
|  57|0x00000000c6b00000, 0x00000000c6b00000, 0x00000000c6c00000|  0%| F|  |TAMS 0x00000000c6b00000, 0x00000000c6b00000| Untracked 
|  58|0x00000000c6c00000, 0x00000000c6c00000, 0x00000000c6d00000|  0%| F|  |TAMS 0x00000000c6c00000, 0x00000000c6c00000| Untracked 
|  59|0x00000000c6d00000, 0x00000000c6e00000, 0x00000000c6e00000|100%| E|  |TAMS 0x00000000c6d00000, 0x00000000c6d00000| Complete 
|  60|0x00000000c6e00000, 0x00000000c6f00000, 0x00000000c6f00000|100%| E|CS|TAMS 0x00000000c6e00000, 0x00000000c6e00000| Complete 
|  61|0x00000000c6f00000, 0x00000000c7000000, 0x00000000c7000000|100%| E|CS|TAMS 0x00000000c6f00000, 0x00000000c6f00000| Complete 
| 972|0x00000000ffe00000, 0x00000000ffe47000, 0x00000000fff00000| 27%|OA|  |TAMS 0x00000000ffe00000, 0x00000000ffe00000| Untracked 
| 973|0x00000000fff00000, 0x00000000fff6b000, 0x0000000100000000| 41%|CA|  |TAMS 0x00000000fff00000, 0x00000000fff00000| Untracked 

Card table byte_map: [0x00007f2d10f8f000,0x00007f2d11176000] _byte_map_base: 0x00007f2d10976000

Marking Bits (Prev, Next): (CMBitMap*) 0x00007f2d0c045268, (CMBitMap*) 0x00007f2d0c0452a0
 Prev Bits: [0x00007f2cef0c8000, 0x00007f2cf0000000)
 Next Bits: [0x00007f2cee190000, 0x00007f2cef0c8000)

Polling page: 0x00007f2d11881000

Metaspace:

Usage:
  Non-class:      5.70 MB capacity,     3.27 MB ( 57%) used,     2.42 MB ( 42%) free+waste,     5.62 KB ( <1%) overhead. 
      Class:    682.00 KB capacity,   418.26 KB ( 61%) used,   260.80 KB ( 38%) free+waste,     2.94 KB ( <1%) overhead. 
       Both:      6.36 MB capacity,     3.68 MB ( 58%) used,     2.67 MB ( 42%) free+waste,     8.56 KB ( <1%) overhead. 

Virtual space:
  Non-class space:        8.00 MB reserved,       5.75 MB ( 72%) committed 
      Class space:        1.00 GB reserved,     768.00 KB ( <1%) committed 
             Both:        1.01 GB reserved,       6.50 MB ( <1%) committed 

Chunk freelists:
   Non-Class:  53.00 KB
       Class:  22.00 KB
        Both:  75.00 KB

MaxMetaspaceSize: unlimited
CompressedClassSpaceSize: 1.00 GB
Initial GC threshold: 20.80 MB
Current GC threshold: 20.80 MB
CDS: on

CodeHeap 'non-profiled nmethods': size=120036Kb used=178Kb max_used=178Kb free=119857Kb
 bounds [0x00007f2cfc2bc000, 0x00007f2cfc52c000, 0x00007f2d037f5000]
CodeHeap 'profiled nmethods': size=120032Kb used=1011Kb max_used=1011Kb free=119021Kb
 bounds [0x00007f2cf4d84000, 0x00007f2cf4ff4000, 0x00007f2cfc2bc000]
CodeHeap 'non-nmethods': size=5692Kb used=1152Kb max_used=1166Kb free=4540Kb
 bounds [0x00007f2cf47f5000, 0x00007f2cf4a65000, 0x00007f2cf4d84000]
 total_blobs=1021 nmethods=619 adapters=316
 compilation: enabled
              stopped_count=0, restarted_count=0
 full_count=0

Compilation events (20 events):
Event: 0.383 Thread 0x00007f2d0c12d800 nmethod 598 0x00007f2cf4e67d10 code [0x00007f2cf4e67ec0, 0x00007f2cf4e67fd0]
Event: 0.383 Thread 0x00007f2d0c12d800  599       1       java.util.Collections$EmptyIterator::hasNext (2 bytes)
Event: 0.383 Thread 0x00007f2d0c12d800 nmethod 599 0x00007f2cfc2e5710 code [0x00007f2cfc2e58c0, 0x00007f2cfc2e5990]
Event: 0.383 Thread 0x00007f2d0c12d800  600   !   3       java.util.jar.JarFile::checkForSpecialAttributes (163 bytes)
Event: 0.384 Thread 0x00007f2d0c12d800 nmethod 600 0x00007f2cf4e68090 code [0x00007f2cf4e683c0, 0x00007f2cf4e69730]
Event: 0.386 Thread 0x00007f2d0c12b000 nmethod 601 0x00007f2cfc2e5a10 code [0x00007f2cfc2e5bc0, 0x00007f2cfc2e5f58]
Event: 0.387 Thread 0x00007f2d0c12d800  602       3       java.util.ArrayDeque::elementAt (4 bytes)
Event: 0.387 Thread 0x00007f2d0c12d800 nmethod 602 0x00007f2cf4e69e90 code [0x00007f2cf4e6a040, 0x00007f2cf4e6a130]
Event: 0.387 Thread 0x00007f2d0c12b000  603       4       java.util.zip.ZipFile$Source::getEntryPos (206 bytes)
Event: 0.396 Thread 0x00007f2d0c12d800  604       3       java.util.jar.JarFile::getVersionedEntry (85 bytes)
Event: 0.397 Thread 0x00007f2d0c12d800 nmethod 604 0x00007f2cf4e6a210 code [0x00007f2cf4e6a520, 0x00007f2cf4e6b5a0]
Event: 0.397 Thread 0x00007f2d0c12d800  608       3       sun.net.www.protocol.file.Handler::parseURL (18 bytes)
Event: 0.397 Thread 0x00007f2d0c12d800 nmethod 608 0x00007f2cf4e6bb90 code [0x00007f2cf4e6bd60, 0x00007f2cf4e6bf10]
Event: 0.397 Thread 0x00007f2d0c12d800  609       3       java.net.URLStreamHandler::parseURL (1201 bytes)
Event: 0.412 Thread 0x00007f2d0c12b000 nmethod 603 0x00007f2cfc2e6610 code [0x00007f2cfc2e67e0, 0x00007f2cfc2e7268]
Event: 0.413 Thread 0x00007f2d0c12b000  615       4       java.lang.StringLatin1::replace (196 bytes)
Event: 0.420 Thread 0x00007f2d0c12b000 nmethod 615 0x00007f2cfc2e7890 code [0x00007f2cfc2e7a40, 0x00007f2cfc2e7f38]
Event: 0.420 Thread 0x00007f2d0c12b000  605       4       java.nio.Buffer::position (52 bytes)
Event: 0.421 Thread 0x00007f2d0c12d800 nmethod 609 0x00007f2cf4e6c010 code [0x00007f2cf4e6d2a0, 0x00007f2cf4e786c0]
Event: 0.421 Thread 0x00007f2d0c12d800  611       3       java.lang.String::substring (68 bytes)

GC Heap History (2 events):
Event: 0.341 GC heap before
{Heap before GC invocations=0 (full 0):
 garbage-first heap   total 65536K, used 7880K [0x00000000c3200000, 0x0000000100000000)
  region size 1024K, 7 young (7168K), 0 survivors (0K)
 Metaspace       used 3450K, capacity 6293K, committed 6528K, reserved 1056768K
  class space    used 336K, capacity 586K, committed 640K, reserved 1048576K
}
Event: 0.346 GC heap after
{Heap after GC invocations=1 (full 0):
 garbage-first heap   total 65536K, used 2681K [0x00000000c3200000, 0x0000000100000000)
  region size 1024K, 1 young (1024K), 1 survivors (1024K)
 Metaspace       used 3450K, capacity 6293K, committed 6528K, reserved 1056768K
  class space    used 336K, capacity 586K, committed 640K, reserved 1048576K
}

Deoptimization events (16 events):
Event: 0.209 Thread 0x00007f2d0c017800 Uncommon trap: trap_request=0xffffffde fr.pc=0x00007f2cfc2c963c relative=0x000000000000073c
Event: 0.209 Thread 0x00007f2d0c017800 Uncommon trap: reason=class_check action=maybe_recompile pc=0x00007f2cfc2c963c method=java.util.HashMap.putVal(ILjava/lang/Object;Ljava/lang/Object;ZZ)Ljava/lang/Object; @ 253 c2
Event: 0.209 Thread 0x00007f2d0c017800 DEOPT PACKING pc=0x00007f2cfc2c963c sp=0x00007f2d119c2460
Event: 0.209 Thread 0x00007f2d0c017800 DEOPT UNPACKING pc=0x00007f2cf47fd2a5 sp=0x00007f2d119c2400 mode 2
Event: 0.209 Thread 0x00007f2d0c017800 Uncommon trap: trap_request=0xffffff4d fr.pc=0x00007f2cfc2c9b60 relative=0x0000000000000c60
Event: 0.209 Thread 0x00007f2d0c017800 Uncommon trap: reason=unstable_if action=reinterpret pc=0x00007f2cfc2c9b60 method=java.util.HashMap.putVal(ILjava/lang/Object;Ljava/lang/Object;ZZ)Ljava/lang/Object; @ 181 c2
Event: 0.209 Thread 0x00007f2d0c017800 DEOPT PACKING pc=0x00007f2cfc2c9b60 sp=0x00007f2d119c0810
Event: 0.209 Thread 0x00007f2d0c017800 DEOPT UNPACKING pc=0x00007f2cf47fd2a5 sp=0x00007f2d119c07b0 mode 2
Event: 0.263 Thread 0x00007f2d0c017800 Uncommon trap: trap_request=0xffffff4d fr.pc=0x00007f2cfc2cdf88 relative=0x0000000000000068
Event: 0.263 Thread 0x00007f2d0c017800 Uncommon trap: reason=unstable_if action=reinterpret pc=0x00007f2cfc2cdf88 method=java.lang.String.isLatin1()Z @ 10 c2
Event: 0.263 Thread 0x00007f2d0c017800 DEOPT PACKING pc=0x00007f2cfc2cdf88 sp=0x00007f2d119c3470
Event: 0.263 Thread 0x00007f2d0c017800 DEOPT UNPACKING pc=0x00007f2cf47fd2a5 sp=0x00007f2d119c3420 mode 2
Event: 0.372 Thread 0x00007f2d0c017800 DEOPT PACKING pc=0x00007f2cf4ded0c2 sp=0x00007f2d119c26e0
Event: 0.372 Thread 0x00007f2d0c017800 DEOPT UNPACKING pc=0x00007f2cf483e9fa sp=0x00007f2d119c1b68 mode 0
Event: 0.374 Thread 0x00007f2d0c017800 DEOPT PACKING pc=0x00007f2cf4ded0c2 sp=0x00007f2d119c26e0
Event: 0.374 Thread 0x00007f2d0c017800 DEOPT UNPACKING pc=0x00007f2cf483e9fa sp=0x00007f2d119c1b68 mode 0

Classes redefined (0 events):
No events

Internal exceptions (20 events):
Event: 0.161 Thread 0x00007f2d0c017800 Exception <a 'java/security/PrivilegedActionException'{0x00000000c6ee1940}> (0x00000000c6ee1940) thrown at [src/hotspot/share/prims/jvm.cpp, line 1304]
Event: 0.161 Thread 0x00007f2d0c017800 Exception <a 'java/security/PrivilegedActionException'{0x00000000c6ee1c10}> (0x00000000c6ee1c10) thrown at [src/hotspot/share/prims/jvm.cpp, line 1304]
Event: 0.161 Thread 0x00007f2d0c017800 Exception <a 'java/security/PrivilegedActionException'{0x00000000c6ee2580}> (0x00000000c6ee2580) thrown at [src/hotspot/share/prims/jvm.cpp, line 1304]
Event: 0.161 Thread 0x00007f2d0c017800 Exception <a 'java/security/PrivilegedActionException'{0x00000000c6ee2850}> (0x00000000c6ee2850) thrown at [src/hotspot/share/prims/jvm.cpp, line 1304]
Event: 0.161 Thread 0x00007f2d0c017800 Exception <a 'java/security/PrivilegedActionException'{0x00000000c6ee31c0}> (0x00000000c6ee31c0) thrown at [src/hotspot/share/prims/jvm.cpp, line 1304]
Event: 0.161 Thread 0x00007f2d0c017800 Exception <a 'java/security/PrivilegedActionException'{0x00000000c6ee3490}> (0x00000000c6ee3490) thrown at [src/hotspot/share/prims/jvm.cpp, line 1304]
Event: 0.161 Thread 0x00007f2d0c017800 Exception <a 'java/security/PrivilegedActionException'{0x00000000c6ee3e18}> (0x00000000c6ee3e18) thrown at [src/hotspot/share/prims/jvm.cpp, line 1304]
Event: 0.161 Thread 0x00007f2d0c017800 Exception <a 'java/security/PrivilegedActionException'{0x00000000c6ee40e8}> (0x00000000c6ee40e8) thrown at [src/hotspot/share/prims/jvm.cpp, line 1304]
Event: 0.161 Thread 0x00007f2d0c017800 Exception <a 'java/security/PrivilegedActionException'{0x00000000c6ee4a70}> (0x00000000c6ee4a70) thrown at [src/hotspot/share/prims/jvm.cpp, line 1304]
Event: 0.161 Thread 0x00007f2d0c017800 Exception <a 'java/security/PrivilegedActionException'{0x00000000c6ee4d40}> (0x00000000c6ee4d40) thrown at [src/hotspot/share/prims/jvm.cpp, line 1304]
Event: 0.161 Thread 0x00007f2d0c017800 Exception <a 'java/security/PrivilegedActionException'{0x00000000c6ee56c8}> (0x00000000c6ee56c8) thrown at [src/hotspot/share/prims/jvm.cpp, line 1304]
Event: 0.161 Thread 0x00007f2d0c017800 Exception <a 'java/security/PrivilegedActionException'{0x00000000c6ee5998}> (0x00000000c6ee5998) thrown at [src/hotspot/share/prims/jvm.cpp, line 1304]
Event: 0.161 Thread 0x00007f2d0c017800 Exception <a 'java/security/PrivilegedActionException'{0x00000000c6ee6308}> (0x00000000c6ee6308) thrown at [src/hotspot/share/prims/jvm.cpp, line 1304]
Event: 0.161 Thread 0x00007f2d0c017800 Exception <a 'java/security/PrivilegedActionException'{0x00000000c6ee65d8}> (0x00000000c6ee65d8) thrown at [src/hotspot/share/prims/jvm.cpp, line 1304]
Event: 0.161 Thread 0x00007f2d0c017800 Exception <a 'java/security/PrivilegedActionException'{0x00000000c6ee6f60}> (0x00000000c6ee6f60) thrown at [src/hotspot/share/prims/jvm.cpp, line 1304]
Event: 0.161 Thread 0x00007f2d0c017800 Exception <a 'java/security/PrivilegedActionException'{0x00000000c6ee7230}> (0x00000000c6ee7230) thrown at [src/hotspot/share/prims/jvm.cpp, line 1304]
Event: 0.182 Thread 0x00007f2d0c017800 Exception <a 'java/lang/NoSuchMethodError'{0x00000000c6d91c60}: 'int java.lang.invoke.DirectMethodHandle$Holder.invokeStaticInit(java.lang.Object, java.lang.Object, java.lang.Object, java.lang.Object)'> (0x00000000c6d91c60) thrown at [src/hotspot/share/interpreter/linkResolver.cpp, line 772]
Event: 0.183 Thread 0x00007f2d0c017800 Exception <a 'java/lang/IncompatibleClassChangeError'{0x00000000c6d9b9e0}: Found class java.lang.Object, but interface was expected> (0x00000000c6d9b9e0) thrown at [src/hotspot/share/interpreter/linkResolver.cpp, line 839]
Event: 0.183 Thread 0x00007f2d0c017800 Exception <a 'java/lang/NoSuchMethodError'{0x00000000c6d9eb90}: 'void java.lang.invoke.DirectMethodHandle$Holder.invokeStaticInit(java.lang.Object, java.lang.Object)'> (0x00000000c6d9eb90) thrown at [src/hotspot/share/interpreter/linkResolver.cpp, line 772]
Event: 0.185 Thread 0x00007f2d0c017800 Exception <a 'java/lang/NoSuchMethodError'{0x00000000c6da4040}: 'int java.lang.invoke.DirectMethodHandle$Holder.invokeStaticInit(java.lang.Object, java.lang.Object)'> (0x00000000c6da4040) thrown at [src/hotspot/share/interpreter/linkResolver.cpp, line 772]

Events (20 events):
Event: 0.409 loading class org/bytedeco/llvm/LLVM/LLVMRelocationIteratorRef
Event: 0.409 loading class org/bytedeco/llvm/LLVM/LLVMRelocationIteratorRef done
Event: 0.409 loading class org/bytedeco/llvm/LLVM/LLVMObjectFileRef
Event: 0.409 loading class org/bytedeco/llvm/LLVM/LLVMObjectFileRef done
Event: 0.409 loading class org/bytedeco/llvm/LLVM/LLVMTargetRef
Event: 0.409 loading class org/bytedeco/llvm/LLVM/LLVMTargetRef done
Event: 0.409 loading class org/bytedeco/llvm/LLVM/LLVMPassManagerBuilderRef
Event: 0.409 loading class org/bytedeco/llvm/LLVM/LLVMPassManagerBuilderRef done
Event: 0.410 loading class org/bytedeco/llvm/LLVM/LLVMPassBuilderOptionsRef
Event: 0.410 loading class org/bytedeco/llvm/LLVM/LLVMPassBuilderOptionsRef done
Event: 0.410 loading class org/bytedeco/llvm/LLVM/Pass
Event: 0.410 loading class org/bytedeco/llvm/LLVM/Pass done
Event: 0.410 loading class org/bytedeco/llvm/LLVM/LLVMNamedMDNodeRef
Event: 0.410 loading class org/bytedeco/llvm/LLVM/LLVMNamedMDNodeRef done
Event: 0.410 loading class org/bytedeco/llvm/LLVM/LLVMUseRef
Event: 0.410 loading class org/bytedeco/llvm/LLVM/LLVMUseRef done
Event: 0.411 loading class LLVMSymbolTable$SymbolTableEntry
Event: 0.411 loading class LLVMSymbolTable$SymbolTableEntry done
Event: 0.411 loading class Utils
Event: 0.411 loading class Utils done


Dynamic libraries:
c3200000-c7000000 rw-p 00000000 00:00 0 
c7000000-ffe00000 ---p 00000000 00:00 0 
ffe00000-ffe47000 rw-p 00b0a000 08:05 656944                             /usr/lib/jvm/java-11-openjdk-amd64/lib/server/classes.jsa
ffe47000-fff00000 rw-p 00000000 00:00 0 
fff00000-fff6b000 rw-p 00a9f000 08:05 656944                             /usr/lib/jvm/java-11-openjdk-amd64/lib/server/classes.jsa
fff6b000-100000000 rw-p 00000000 00:00 0 
800000000-800002000 rwxp 00001000 08:05 656944                           /usr/lib/jvm/java-11-openjdk-amd64/lib/server/classes.jsa
800002000-8003cc000 rw-p 00003000 08:05 656944                           /usr/lib/jvm/java-11-openjdk-amd64/lib/server/classes.jsa
8003cc000-800a9d000 r--p 003cd000 08:05 656944                           /usr/lib/jvm/java-11-openjdk-amd64/lib/server/classes.jsa
800a9d000-800a9e000 rw-p 00a9e000 08:05 656944                           /usr/lib/jvm/java-11-openjdk-amd64/lib/server/classes.jsa
840000000-8400c0000 rw-p 00000000 00:00 0 
8400c0000-880000000 ---p 00000000 00:00 0 
55dd20a57000-55dd20a58000 r--p 00000000 08:05 664482                     /usr/lib/jvm/java-11-openjdk-amd64/bin/java
55dd20a58000-55dd20a59000 r-xp 00001000 08:05 664482                     /usr/lib/jvm/java-11-openjdk-amd64/bin/java
55dd20a59000-55dd20a5a000 r--p 00002000 08:05 664482                     /usr/lib/jvm/java-11-openjdk-amd64/bin/java
55dd20a5a000-55dd20a5b000 r--p 00002000 08:05 664482                     /usr/lib/jvm/java-11-openjdk-amd64/bin/java
55dd20a5b000-55dd20a5c000 rw-p 00003000 08:05 664482                     /usr/lib/jvm/java-11-openjdk-amd64/bin/java
55dd20b92000-55dd20bd4000 rw-p 00000000 00:00 0                          [heap]
7f2cad52c000-7f2cade52000 r--p 00000000 08:05 527051                     /home/doudou/.javacpp/cache/llvm-13.0.1-1.5.7-linux-x86_64.jar/org/bytedeco/llvm/linux-x86_64/libLLVM-13.so
7f2cade52000-7f2cb1815000 r-xp 00926000 08:05 527051                     /home/doudou/.javacpp/cache/llvm-13.0.1-1.5.7-linux-x86_64.jar/org/bytedeco/llvm/linux-x86_64/libLLVM-13.so
7f2cb1815000-7f2cb3a6a000 r--p 042e9000 08:05 527051                     /home/doudou/.javacpp/cache/llvm-13.0.1-1.5.7-linux-x86_64.jar/org/bytedeco/llvm/linux-x86_64/libLLVM-13.so
7f2cb3a6a000-7f2cb3f7f000 r--p 0653d000 08:05 527051                     /home/doudou/.javacpp/cache/llvm-13.0.1-1.5.7-linux-x86_64.jar/org/bytedeco/llvm/linux-x86_64/libLLVM-13.so
7f2cb3f7f000-7f2cb3f8a000 rw-p 06a52000 08:05 527051                     /home/doudou/.javacpp/cache/llvm-13.0.1-1.5.7-linux-x86_64.jar/org/bytedeco/llvm/linux-x86_64/libLLVM-13.so
7f2cb3f8a000-7f2cb4000000 rw-p 00000000 00:00 0 
7f2cb4000000-7f2cb4021000 rw-p 00000000 00:00 0 
7f2cb4021000-7f2cb8000000 ---p 00000000 00:00 0 
7f2cb8000000-7f2cb8021000 rw-p 00000000 00:00 0 
7f2cb8021000-7f2cbc000000 ---p 00000000 00:00 0 
7f2cbc000000-7f2cbc361000 rw-p 00000000 00:00 0 
7f2cbc361000-7f2cc0000000 ---p 00000000 00:00 0 
7f2cc0000000-7f2cc0344000 rw-p 00000000 00:00 0 
7f2cc0344000-7f2cc4000000 ---p 00000000 00:00 0 
7f2cc4000000-7f2cc4021000 rw-p 00000000 00:00 0 
7f2cc4021000-7f2cc8000000 ---p 00000000 00:00 0 
7f2cc8000000-7f2cc8021000 rw-p 00000000 00:00 0 
7f2cc8021000-7f2ccc000000 ---p 00000000 00:00 0 
7f2ccc000000-7f2ccc021000 rw-p 00000000 00:00 0 
7f2ccc021000-7f2cd0000000 ---p 00000000 00:00 0 
7f2cd0000000-7f2cd0021000 rw-p 00000000 00:00 0 
7f2cd0021000-7f2cd4000000 ---p 00000000 00:00 0 
7f2cd4000000-7f2cd4021000 rw-p 00000000 00:00 0 
7f2cd4021000-7f2cd8000000 ---p 00000000 00:00 0 
7f2cd8000000-7f2cd8021000 rw-p 00000000 00:00 0 
7f2cd8021000-7f2cdc000000 ---p 00000000 00:00 0 
7f2cdea22000-7f2cdf800000 r--p 00000000 08:05 660967                     /usr/lib/locale/locale-archive
7f2cdf800000-7f2cdfdc0000 rw-p 00000000 00:00 0 
7f2cdfdc0000-7f2ce0000000 ---p 00000000 00:00 0 
7f2ce0000000-7f2ce0021000 rw-p 00000000 00:00 0 
7f2ce0021000-7f2ce4000000 ---p 00000000 00:00 0 
7f2ce4000000-7f2ce4021000 rw-p 00000000 00:00 0 
7f2ce4021000-7f2ce8000000 ---p 00000000 00:00 0 
7f2ce8000000-7f2ce8021000 rw-p 00000000 00:00 0 
7f2ce8021000-7f2cec000000 ---p 00000000 00:00 0 
7f2cec08a000-7f2cec0ef000 r--p 00000000 08:05 527056                     /home/doudou/.javacpp/cache/llvm-13.0.1-1.5.7-linux-x86_64.jar/org/bytedeco/llvm/linux-x86_64/libjniLLVM.so
7f2cec0ef000-7f2cec15d000 r-xp 00065000 08:05 527056                     /home/doudou/.javacpp/cache/llvm-13.0.1-1.5.7-linux-x86_64.jar/org/bytedeco/llvm/linux-x86_64/libjniLLVM.so
7f2cec15d000-7f2cec188000 r--p 000d3000 08:05 527056                     /home/doudou/.javacpp/cache/llvm-13.0.1-1.5.7-linux-x86_64.jar/org/bytedeco/llvm/linux-x86_64/libjniLLVM.so
7f2cec188000-7f2cec18b000 r--p 000fd000 08:05 527056                     /home/doudou/.javacpp/cache/llvm-13.0.1-1.5.7-linux-x86_64.jar/org/bytedeco/llvm/linux-x86_64/libjniLLVM.so
7f2cec18b000-7f2cec18e000 rw-p 00100000 08:05 527056                     /home/doudou/.javacpp/cache/llvm-13.0.1-1.5.7-linux-x86_64.jar/org/bytedeco/llvm/linux-x86_64/libjniLLVM.so
7f2cec18e000-7f2cee288000 rw-p 00000000 00:00 0 
7f2cee288000-7f2cef0c0000 ---p 00000000 00:00 0 
7f2cef0c0000-7f2cef1c0000 rw-p 00000000 00:00 0 
7f2cef1c0000-7f2cefff8000 ---p 00000000 00:00 0 
7f2cefff8000-7f2cf0000000 rw-p 00000000 00:00 0 
7f2cf0000000-7f2cf0021000 rw-p 00000000 00:00 0 
7f2cf0021000-7f2cf4000000 ---p 00000000 00:00 0 
7f2cf40ec000-7f2cf40ed000 ---p 00000000 00:00 0 
7f2cf40ed000-7f2cf41ee000 rw-p 00000000 00:00 0 
7f2cf41ee000-7f2cf41f2000 ---p 00000000 00:00 0 
7f2cf41f2000-7f2cf42ef000 rw-p 00000000 00:00 0 
7f2cf42ef000-7f2cf42f0000 ---p 00000000 00:00 0 
7f2cf42f0000-7f2cf43f1000 rw-p 00000000 00:00 0 
7f2cf43f1000-7f2cf43f5000 ---p 00000000 00:00 0 
7f2cf43f5000-7f2cf44f2000 rw-p 00000000 00:00 0 
7f2cf44f2000-7f2cf44f6000 ---p 00000000 00:00 0 
7f2cf44f6000-7f2cf45f3000 rw-p 00000000 00:00 0 
7f2cf45f3000-7f2cf45f7000 ---p 00000000 00:00 0 
7f2cf45f7000-7f2cf46f4000 rw-p 00000000 00:00 0 
7f2cf46f4000-7f2cf46f8000 ---p 00000000 00:00 0 
7f2cf46f8000-7f2cf47f5000 rw-p 00000000 00:00 0 
7f2cf47f5000-7f2cf4a65000 rwxp 00000000 00:00 0 
7f2cf4a65000-7f2cf4d84000 ---p 00000000 00:00 0 
7f2cf4d84000-7f2cf4ff4000 rwxp 00000000 00:00 0 
7f2cf4ff4000-7f2cfc2bc000 ---p 00000000 00:00 0 
7f2cfc2bc000-7f2cfc52c000 rwxp 00000000 00:00 0 
7f2cfc52c000-7f2d037f5000 ---p 00000000 00:00 0 
7f2d037f5000-7f2d0c000000 r--s 00000000 08:05 664565                     /usr/lib/jvm/java-11-openjdk-amd64/lib/modules
7f2d0c000000-7f2d0c41c000 rw-p 00000000 00:00 0 
7f2d0c41c000-7f2d10000000 ---p 00000000 00:00 0 
7f2d10043000-7f2d1004a000 r--s 00000000 08:05 1185552                    /usr/lib/x86_64-linux-gnu/gconv/gconv-modules.cache
7f2d1004a000-7f2d10051000 r--p 00000000 08:05 527052                     /home/doudou/.javacpp/cache/llvm-13.0.1-1.5.7-linux-x86_64.jar/org/bytedeco/llvm/linux-x86_64/libLTO.so.13
7f2d10051000-7f2d10059000 r-xp 00007000 08:05 527052                     /home/doudou/.javacpp/cache/llvm-13.0.1-1.5.7-linux-x86_64.jar/org/bytedeco/llvm/linux-x86_64/libLTO.so.13
7f2d10059000-7f2d1005b000 r--p 0000f000 08:05 527052                     /home/doudou/.javacpp/cache/llvm-13.0.1-1.5.7-linux-x86_64.jar/org/bytedeco/llvm/linux-x86_64/libLTO.so.13
7f2d1005b000-7f2d1005c000 r--p 00010000 08:05 527052                     /home/doudou/.javacpp/cache/llvm-13.0.1-1.5.7-linux-x86_64.jar/org/bytedeco/llvm/linux-x86_64/libLTO.so.13
7f2d1005c000-7f2d1005d000 rw-p 00011000 08:05 527052                     /home/doudou/.javacpp/cache/llvm-13.0.1-1.5.7-linux-x86_64.jar/org/bytedeco/llvm/linux-x86_64/libLTO.so.13
7f2d1005d000-7f2d10061000 r--p 00000000 08:05 527045                     /home/doudou/.javacpp/cache/javacpp-1.5.7-linux-x86_64.jar/org/bytedeco/javacpp/linux-x86_64/libjnijavacpp.so
7f2d10061000-7f2d10068000 r-xp 00004000 08:05 527045                     /home/doudou/.javacpp/cache/javacpp-1.5.7-linux-x86_64.jar/org/bytedeco/javacpp/linux-x86_64/libjnijavacpp.so
7f2d10068000-7f2d1006c000 r--p 0000b000 08:05 527045                     /home/doudou/.javacpp/cache/javacpp-1.5.7-linux-x86_64.jar/org/bytedeco/javacpp/linux-x86_64/libjnijavacpp.so
7f2d1006c000-7f2d1006d000 r--p 0000e000 08:05 527045                     /home/doudou/.javacpp/cache/javacpp-1.5.7-linux-x86_64.jar/org/bytedeco/javacpp/linux-x86_64/libjnijavacpp.so
7f2d1006d000-7f2d1006e000 rw-p 0000f000 08:05 527045                     /home/doudou/.javacpp/cache/javacpp-1.5.7-linux-x86_64.jar/org/bytedeco/javacpp/linux-x86_64/libjnijavacpp.so
7f2d1006e000-7f2d10072000 r--p 00000000 08:05 664555                     /usr/lib/jvm/java-11-openjdk-amd64/lib/libnet.so
7f2d10072000-7f2d10080000 r-xp 00004000 08:05 664555                     /usr/lib/jvm/java-11-openjdk-amd64/lib/libnet.so
7f2d10080000-7f2d10084000 r--p 00012000 08:05 664555                     /usr/lib/jvm/java-11-openjdk-amd64/lib/libnet.so
7f2d10084000-7f2d10085000 r--p 00015000 08:05 664555                     /usr/lib/jvm/java-11-openjdk-amd64/lib/libnet.so
7f2d10085000-7f2d10086000 rw-p 00016000 08:05 664555                     /usr/lib/jvm/java-11-openjdk-amd64/lib/libnet.so
7f2d10086000-7f2d1008d000 r--p 00000000 08:05 664556                     /usr/lib/jvm/java-11-openjdk-amd64/lib/libnio.so
7f2d1008d000-7f2d10095000 r-xp 00007000 08:05 664556                     /usr/lib/jvm/java-11-openjdk-amd64/lib/libnio.so
7f2d10095000-7f2d10098000 r--p 0000f000 08:05 664556                     /usr/lib/jvm/java-11-openjdk-amd64/lib/libnio.so
7f2d10098000-7f2d10099000 r--p 00011000 08:05 664556                     /usr/lib/jvm/java-11-openjdk-amd64/lib/libnio.so
7f2d10099000-7f2d1009a000 rw-p 00012000 08:05 664556                     /usr/lib/jvm/java-11-openjdk-amd64/lib/libnio.so
7f2d1009a000-7f2d1009e000 ---p 00000000 00:00 0 
7f2d1009e000-7f2d1019b000 rw-p 00000000 00:00 0 
7f2d1019b000-7f2d1019f000 ---p 00000000 00:00 0 
7f2d1019f000-7f2d1029c000 rw-p 00000000 00:00 0 
7f2d1029c000-7f2d102a0000 ---p 00000000 00:00 0 
7f2d102a0000-7f2d1039d000 rw-p 00000000 00:00 0 
7f2d1039d000-7f2d103a1000 ---p 00000000 00:00 0 
7f2d103a1000-7f2d1049e000 rw-p 00000000 00:00 0 
7f2d1049e000-7f2d104a2000 ---p 00000000 00:00 0 
7f2d104a2000-7f2d1059f000 rw-p 00000000 00:00 0 
7f2d1059f000-7f2d105a0000 ---p 00000000 00:00 0 
7f2d105a0000-7f2d1077d000 rw-p 00000000 00:00 0 
7f2d1077d000-7f2d1077e000 ---p 00000000 00:00 0 
7f2d1077e000-7f2d1087f000 rw-p 00000000 00:00 0 
7f2d1087f000-7f2d10880000 ---p 00000000 00:00 0 
7f2d10880000-7f2d10b83000 rw-p 00000000 00:00 0 
7f2d10b83000-7f2d10b84000 ---p 00000000 00:00 0 
7f2d10b84000-7f2d10c85000 rw-p 00000000 00:00 0 
7f2d10c85000-7f2d10c86000 ---p 00000000 00:00 0 
7f2d10c86000-7f2d10dc7000 rw-p 00000000 00:00 0 
7f2d10dc7000-7f2d10f8e000 ---p 00000000 00:00 0 
7f2d10f8e000-7f2d10fae000 rw-p 00000000 00:00 0 
7f2d10fae000-7f2d11175000 ---p 00000000 00:00 0 
7f2d11175000-7f2d11195000 rw-p 00000000 00:00 0 
7f2d11195000-7f2d1135c000 ---p 00000000 00:00 0 
7f2d1135c000-7f2d1155f000 rw-p 00000000 00:00 0 
7f2d1155f000-7f2d11560000 ---p 00000000 00:00 0 
7f2d11560000-7f2d11666000 rw-p 00000000 00:00 0 
7f2d11666000-7f2d1174c000 ---p 00000000 00:00 0 
7f2d1174c000-7f2d11751000 rw-p 00000000 00:00 0 
7f2d11751000-7f2d11837000 ---p 00000000 00:00 0 
7f2d11837000-7f2d1183c000 rw-p 00000000 00:00 0 
7f2d1183c000-7f2d11843000 ---p 00000000 00:00 0 
7f2d11843000-7f2d11845000 r--p 00000000 08:05 664564                     /usr/lib/jvm/java-11-openjdk-amd64/lib/libzip.so
7f2d11845000-7f2d1184a000 r-xp 00002000 08:05 664564                     /usr/lib/jvm/java-11-openjdk-amd64/lib/libzip.so
7f2d1184a000-7f2d1184c000 r--p 00007000 08:05 664564                     /usr/lib/jvm/java-11-openjdk-amd64/lib/libzip.so
7f2d1184c000-7f2d1184d000 r--p 00008000 08:05 664564                     /usr/lib/jvm/java-11-openjdk-amd64/lib/libzip.so
7f2d1184d000-7f2d1184e000 rw-p 00009000 08:05 664564                     /usr/lib/jvm/java-11-openjdk-amd64/lib/libzip.so
7f2d1184e000-7f2d11851000 r--p 00000000 08:05 662442                     /usr/lib/x86_64-linux-gnu/libnss_files-2.31.so
7f2d11851000-7f2d11858000 r-xp 00003000 08:05 662442                     /usr/lib/x86_64-linux-gnu/libnss_files-2.31.so
7f2d11858000-7f2d1185a000 r--p 0000a000 08:05 662442                     /usr/lib/x86_64-linux-gnu/libnss_files-2.31.so
7f2d1185a000-7f2d1185b000 r--p 0000b000 08:05 662442                     /usr/lib/x86_64-linux-gnu/libnss_files-2.31.so
7f2d1185b000-7f2d1185c000 rw-p 0000c000 08:05 662442                     /usr/lib/x86_64-linux-gnu/libnss_files-2.31.so
7f2d1185c000-7f2d11862000 rw-p 00000000 00:00 0 
7f2d11862000-7f2d11863000 r--p 00000000 08:05 527054                     /home/doudou/.javacpp/cache/llvm-13.0.1-1.5.7-linux-x86_64.jar/org/bytedeco/llvm/linux-x86_64/libRemarks.so.13
7f2d11863000-7f2d11864000 r-xp 00001000 08:05 527054                     /home/doudou/.javacpp/cache/llvm-13.0.1-1.5.7-linux-x86_64.jar/org/bytedeco/llvm/linux-x86_64/libRemarks.so.13
7f2d11864000-7f2d11865000 r--p 00002000 08:05 527054                     /home/doudou/.javacpp/cache/llvm-13.0.1-1.5.7-linux-x86_64.jar/org/bytedeco/llvm/linux-x86_64/libRemarks.so.13
7f2d11865000-7f2d11866000 r--p 00002000 08:05 527054                     /home/doudou/.javacpp/cache/llvm-13.0.1-1.5.7-linux-x86_64.jar/org/bytedeco/llvm/linux-x86_64/libRemarks.so.13
7f2d11866000-7f2d11867000 rw-p 00003000 08:05 527054                     /home/doudou/.javacpp/cache/llvm-13.0.1-1.5.7-linux-x86_64.jar/org/bytedeco/llvm/linux-x86_64/libRemarks.so.13
7f2d11867000-7f2d11868000 r--p 00000000 08:05 664537                     /usr/lib/jvm/java-11-openjdk-amd64/lib/libextnet.so
7f2d11868000-7f2d11869000 r-xp 00001000 08:05 664537                     /usr/lib/jvm/java-11-openjdk-amd64/lib/libextnet.so
7f2d11869000-7f2d1186a000 r--p 00002000 08:05 664537                     /usr/lib/jvm/java-11-openjdk-amd64/lib/libextnet.so
7f2d1186a000-7f2d1186b000 r--p 00002000 08:05 664537                     /usr/lib/jvm/java-11-openjdk-amd64/lib/libextnet.so
7f2d1186b000-7f2d1186c000 rw-p 00003000 08:05 664537                     /usr/lib/jvm/java-11-openjdk-amd64/lib/libextnet.so
7f2d1186c000-7f2d11874000 rw-s 00000000 08:05 524507                     /tmp/hsperfdata_doudou/20925
7f2d11874000-7f2d11876000 r--p 00000000 08:05 664539                     /usr/lib/jvm/java-11-openjdk-amd64/lib/libinstrument.so
7f2d11876000-7f2d1187c000 r-xp 00002000 08:05 664539                     /usr/lib/jvm/java-11-openjdk-amd64/lib/libinstrument.so
7f2d1187c000-7f2d1187f000 r--p 00008000 08:05 664539                     /usr/lib/jvm/java-11-openjdk-amd64/lib/libinstrument.so
7f2d1187f000-7f2d11880000 r--p 0000a000 08:05 664539                     /usr/lib/jvm/java-11-openjdk-amd64/lib/libinstrument.so
7f2d11880000-7f2d11881000 rw-p 0000b000 08:05 664539                     /usr/lib/jvm/java-11-openjdk-amd64/lib/libinstrument.so
7f2d11881000-7f2d11882000 ---p 00000000 00:00 0 
7f2d11882000-7f2d11883000 r--p 00000000 00:00 0 
7f2d11883000-7f2d11885000 r--p 00000000 08:05 664547                     /usr/lib/jvm/java-11-openjdk-amd64/lib/libjimage.so
7f2d11885000-7f2d11888000 r-xp 00002000 08:05 664547                     /usr/lib/jvm/java-11-openjdk-amd64/lib/libjimage.so
7f2d11888000-7f2d11889000 r--p 00005000 08:05 664547                     /usr/lib/jvm/java-11-openjdk-amd64/lib/libjimage.so
7f2d11889000-7f2d1188a000 ---p 00006000 08:05 664547                     /usr/lib/jvm/java-11-openjdk-amd64/lib/libjimage.so
7f2d1188a000-7f2d1188b000 r--p 00006000 08:05 664547                     /usr/lib/jvm/java-11-openjdk-amd64/lib/libjimage.so
7f2d1188b000-7f2d1188c000 rw-p 00007000 08:05 664547                     /usr/lib/jvm/java-11-openjdk-amd64/lib/libjimage.so
7f2d1188c000-7f2d1189a000 r--p 00000000 08:05 664544                     /usr/lib/jvm/java-11-openjdk-amd64/lib/libjava.so
7f2d1189a000-7f2d118b0000 r-xp 0000e000 08:05 664544                     /usr/lib/jvm/java-11-openjdk-amd64/lib/libjava.so
7f2d118b0000-7f2d118b7000 r--p 00024000 08:05 664544                     /usr/lib/jvm/java-11-openjdk-amd64/lib/libjava.so
7f2d118b7000-7f2d118b8000 r--p 0002a000 08:05 664544                     /usr/lib/jvm/java-11-openjdk-amd64/lib/libjava.so
7f2d118b8000-7f2d118b9000 rw-p 0002b000 08:05 664544                     /usr/lib/jvm/java-11-openjdk-amd64/lib/libjava.so
7f2d118b9000-7f2d118ba000 rw-p 00000000 00:00 0 
7f2d118ba000-7f2d118bc000 r--p 00000000 08:05 662651                     /usr/lib/x86_64-linux-gnu/librt-2.31.so
7f2d118bc000-7f2d118c0000 r-xp 00002000 08:05 662651                     /usr/lib/x86_64-linux-gnu/librt-2.31.so
7f2d118c0000-7f2d118c2000 r--p 00006000 08:05 662651                     /usr/lib/x86_64-linux-gnu/librt-2.31.so
7f2d118c2000-7f2d118c3000 r--p 00007000 08:05 662651                     /usr/lib/x86_64-linux-gnu/librt-2.31.so
7f2d118c3000-7f2d118c4000 rw-p 00008000 08:05 662651                     /usr/lib/x86_64-linux-gnu/librt-2.31.so
7f2d118c4000-7f2d118c8000 ---p 00000000 00:00 0 
7f2d118c8000-7f2d119c5000 rw-p 00000000 00:00 0 
7f2d119c5000-7f2d119c8000 r--p 00000000 08:05 661955                     /usr/lib/x86_64-linux-gnu/libgcc_s.so.1
7f2d119c8000-7f2d119da000 r-xp 00003000 08:05 661955                     /usr/lib/x86_64-linux-gnu/libgcc_s.so.1
7f2d119da000-7f2d119de000 r--p 00015000 08:05 661955                     /usr/lib/x86_64-linux-gnu/libgcc_s.so.1
7f2d119de000-7f2d119df000 r--p 00018000 08:05 661955                     /usr/lib/x86_64-linux-gnu/libgcc_s.so.1
7f2d119df000-7f2d119e0000 rw-p 00019000 08:05 661955                     /usr/lib/x86_64-linux-gnu/libgcc_s.so.1
7f2d119e0000-7f2d119ed000 r--p 00000000 08:05 662316                     /usr/lib/x86_64-linux-gnu/libm-2.31.so
7f2d119ed000-7f2d11a94000 r-xp 0000d000 08:05 662316                     /usr/lib/x86_64-linux-gnu/libm-2.31.so
7f2d11a94000-7f2d11b2d000 r--p 000b4000 08:05 662316                     /usr/lib/x86_64-linux-gnu/libm-2.31.so
7f2d11b2d000-7f2d11b2e000 r--p 0014c000 08:05 662316                     /usr/lib/x86_64-linux-gnu/libm-2.31.so
7f2d11b2e000-7f2d11b2f000 rw-p 0014d000 08:05 662316                     /usr/lib/x86_64-linux-gnu/libm-2.31.so
7f2d11b2f000-7f2d11bc5000 r--p 00000000 08:05 662760                     /usr/lib/x86_64-linux-gnu/libstdc++.so.6.0.28
7f2d11bc5000-7f2d11cb6000 r-xp 00096000 08:05 662760                     /usr/lib/x86_64-linux-gnu/libstdc++.so.6.0.28
7f2d11cb6000-7f2d11cff000 r--p 00187000 08:05 662760                     /usr/lib/x86_64-linux-gnu/libstdc++.so.6.0.28
7f2d11cff000-7f2d11d00000 ---p 001d0000 08:05 662760                     /usr/lib/x86_64-linux-gnu/libstdc++.so.6.0.28
7f2d11d00000-7f2d11d0b000 r--p 001d0000 08:05 662760                     /usr/lib/x86_64-linux-gnu/libstdc++.so.6.0.28
7f2d11d0b000-7f2d11d0e000 rw-p 001db000 08:05 662760                     /usr/lib/x86_64-linux-gnu/libstdc++.so.6.0.28
7f2d11d0e000-7f2d11d11000 rw-p 00000000 00:00 0 
7f2d11d11000-7f2d11f93000 r--p 00000000 08:05 664568                     /usr/lib/jvm/java-11-openjdk-amd64/lib/server/libjvm.so
7f2d11f93000-7f2d12c24000 r-xp 00282000 08:05 664568                     /usr/lib/jvm/java-11-openjdk-amd64/lib/server/libjvm.so
7f2d12c24000-7f2d12e83000 r--p 00f13000 08:05 664568                     /usr/lib/jvm/java-11-openjdk-amd64/lib/server/libjvm.so
7f2d12e83000-7f2d12f47000 r--p 01171000 08:05 664568                     /usr/lib/jvm/java-11-openjdk-amd64/lib/server/libjvm.so
7f2d12f47000-7f2d12f82000 rw-p 01235000 08:05 664568                     /usr/lib/jvm/java-11-openjdk-amd64/lib/server/libjvm.so
7f2d12f82000-7f2d12fdb000 rw-p 00000000 00:00 0 
7f2d12fdb000-7f2d12fe1000 r--p 00000000 08:05 662586                     /usr/lib/x86_64-linux-gnu/libpthread-2.31.so
7f2d12fe1000-7f2d12ff2000 r-xp 00006000 08:05 662586                     /usr/lib/x86_64-linux-gnu/libpthread-2.31.so
7f2d12ff2000-7f2d12ff8000 r--p 00017000 08:05 662586                     /usr/lib/x86_64-linux-gnu/libpthread-2.31.so
7f2d12ff8000-7f2d12ff9000 r--p 0001c000 08:05 662586                     /usr/lib/x86_64-linux-gnu/libpthread-2.31.so
7f2d12ff9000-7f2d12ffa000 rw-p 0001d000 08:05 662586                     /usr/lib/x86_64-linux-gnu/libpthread-2.31.so
7f2d12ffa000-7f2d12ffe000 rw-p 00000000 00:00 0 
7f2d12ffe000-7f2d12fff000 r--p 00000000 08:05 661801                     /usr/lib/x86_64-linux-gnu/libdl-2.31.so
7f2d12fff000-7f2d13001000 r-xp 00001000 08:05 661801                     /usr/lib/x86_64-linux-gnu/libdl-2.31.so
7f2d13001000-7f2d13002000 r--p 00003000 08:05 661801                     /usr/lib/x86_64-linux-gnu/libdl-2.31.so
7f2d13002000-7f2d13003000 r--p 00003000 08:05 661801                     /usr/lib/x86_64-linux-gnu/libdl-2.31.so
7f2d13003000-7f2d13004000 rw-p 00004000 08:05 661801                     /usr/lib/x86_64-linux-gnu/libdl-2.31.so
7f2d13004000-7f2d13006000 r--p 00000000 08:05 656616                     /usr/lib/x86_64-linux-gnu/libz.so.1.2.11
7f2d13006000-7f2d13017000 r-xp 00002000 08:05 656616                     /usr/lib/x86_64-linux-gnu/libz.so.1.2.11
7f2d13017000-7f2d1301d000 r--p 00013000 08:05 656616                     /usr/lib/x86_64-linux-gnu/libz.so.1.2.11
7f2d1301d000-7f2d1301e000 ---p 00019000 08:05 656616                     /usr/lib/x86_64-linux-gnu/libz.so.1.2.11
7f2d1301e000-7f2d1301f000 r--p 00019000 08:05 656616                     /usr/lib/x86_64-linux-gnu/libz.so.1.2.11
7f2d1301f000-7f2d13020000 rw-p 0001a000 08:05 656616                     /usr/lib/x86_64-linux-gnu/libz.so.1.2.11
7f2d13020000-7f2d13042000 r--p 00000000 08:05 661658                     /usr/lib/x86_64-linux-gnu/libc-2.31.so
7f2d13042000-7f2d131ba000 r-xp 00022000 08:05 661658                     /usr/lib/x86_64-linux-gnu/libc-2.31.so
7f2d131ba000-7f2d13208000 r--p 0019a000 08:05 661658                     /usr/lib/x86_64-linux-gnu/libc-2.31.so
7f2d13208000-7f2d1320c000 r--p 001e7000 08:05 661658                     /usr/lib/x86_64-linux-gnu/libc-2.31.so
7f2d1320c000-7f2d1320e000 rw-p 001eb000 08:05 661658                     /usr/lib/x86_64-linux-gnu/libc-2.31.so
7f2d1320e000-7f2d13212000 rw-p 00000000 00:00 0 
7f2d13212000-7f2d13217000 r--p 00000000 08:05 664563                     /usr/lib/jvm/java-11-openjdk-amd64/lib/libverify.so
7f2d13217000-7f2d1321e000 r-xp 00005000 08:05 664563                     /usr/lib/jvm/java-11-openjdk-amd64/lib/libverify.so
7f2d1321e000-7f2d13220000 r--p 0000c000 08:05 664563                     /usr/lib/jvm/java-11-openjdk-amd64/lib/libverify.so
7f2d13220000-7f2d13221000 ---p 0000e000 08:05 664563                     /usr/lib/jvm/java-11-openjdk-amd64/lib/libverify.so
7f2d13221000-7f2d13223000 r--p 0000e000 08:05 664563                     /usr/lib/jvm/java-11-openjdk-amd64/lib/libverify.so
7f2d13223000-7f2d13224000 rw-p 00010000 08:05 664563                     /usr/lib/jvm/java-11-openjdk-amd64/lib/libverify.so
7f2d13224000-7f2d13227000 r--p 00000000 08:05 664529                     /usr/lib/jvm/java-11-openjdk-amd64/lib/jli/libjli.so
7f2d13227000-7f2d13231000 r-xp 00003000 08:05 664529                     /usr/lib/jvm/java-11-openjdk-amd64/lib/jli/libjli.so
7f2d13231000-7f2d13234000 r--p 0000d000 08:05 664529                     /usr/lib/jvm/java-11-openjdk-amd64/lib/jli/libjli.so
7f2d13234000-7f2d13235000 ---p 00010000 08:05 664529                     /usr/lib/jvm/java-11-openjdk-amd64/lib/jli/libjli.so
7f2d13235000-7f2d13236000 r--p 00010000 08:05 664529                     /usr/lib/jvm/java-11-openjdk-amd64/lib/jli/libjli.so
7f2d13236000-7f2d13237000 rw-p 00011000 08:05 664529                     /usr/lib/jvm/java-11-openjdk-amd64/lib/jli/libjli.so
7f2d13237000-7f2d13239000 rw-p 00000000 00:00 0 
7f2d13239000-7f2d1323a000 r--p 00000000 08:05 661438                     /usr/lib/x86_64-linux-gnu/ld-2.31.so
7f2d1323a000-7f2d1325d000 r-xp 00001000 08:05 661438                     /usr/lib/x86_64-linux-gnu/ld-2.31.so
7f2d1325d000-7f2d13265000 r--p 00024000 08:05 661438                     /usr/lib/x86_64-linux-gnu/ld-2.31.so
7f2d13266000-7f2d13267000 r--p 0002c000 08:05 661438                     /usr/lib/x86_64-linux-gnu/ld-2.31.so
7f2d13267000-7f2d13268000 rw-p 0002d000 08:05 661438                     /usr/lib/x86_64-linux-gnu/ld-2.31.so
7f2d13268000-7f2d13269000 rw-p 00000000 00:00 0 
7ffc1fa63000-7ffc1fa84000 rw-p 00000000 00:00 0                          [stack]
7ffc1fb05000-7ffc1fb09000 r--p 00000000 00:00 0                          [vvar]
7ffc1fb09000-7ffc1fb0b000 r-xp 00000000 00:00 0                          [vdso]
ffffffffff600000-ffffffffff601000 --xp 00000000 00:00 0                  [vsyscall]


VM Arguments:
jvm_args: -Djava.library.path=/usr/lib/llvm-10/lib -javaagent:/snap/intellij-idea-ultimate/426/lib/idea_rt.jar=33423:/snap/intellij-idea-ultimate/426/bin -Dfile.encoding=UTF-8 
java_command: Main /home/doudou/Lab/tests/test1.sysy /home/doudou/Lab/tests/out.txt
java_class_path (initial): /home/doudou/Lab/out/production/Lab:/usr/local/lib/antlr-4.9.1-complete.jar:/usr/local/lib/javacpp-1.5.7.jar:/usr/local/lib/javacpp-1.5.7-linux-x86_64.jar:/usr/local/lib/llvm-13.0.1-1.5.7-linux-x86_64.jar:/usr/local/lib/llvm-13.0.1-1.5.7.jar:/usr/local/lib/llvm-platform-13.0.1-1.5.7.jar
Launcher Type: SUN_STANDARD

[Global flags]
     intx CICompilerCount                          = 2                                         {product} {ergonomic}
     uint ConcGCThreads                            = 1                                         {product} {ergonomic}
     uint G1ConcRefinementThreads                  = 2                                         {product} {ergonomic}
   size_t G1HeapRegionSize                         = 1048576                                   {product} {ergonomic}
    uintx GCDrainStackTargetSize                   = 64                                        {product} {ergonomic}
   size_t InitialHeapSize                          = 65011712                                  {product} {ergonomic}
   size_t MarkStackSize                            = 4194304                                   {product} {ergonomic}
   size_t MaxHeapSize                              = 1021313024                                {product} {ergonomic}
   size_t MaxNewSize                               = 612368384                                 {product} {ergonomic}
   size_t MinHeapDeltaBytes                        = 1048576                                   {product} {ergonomic}
    uintx NonNMethodCodeHeapSize                   = 5825164                                {pd product} {ergonomic}
    uintx NonProfiledCodeHeapSize                  = 122916538                              {pd product} {ergonomic}
    uintx ProfiledCodeHeapSize                     = 122916538                              {pd product} {ergonomic}
    uintx ReservedCodeCacheSize                    = 251658240                              {pd product} {ergonomic}
     bool SegmentedCodeCache                       = true                                      {product} {ergonomic}
     bool UseCompressedClassPointers               = true                                 {lp64_product} {ergonomic}
     bool UseCompressedOops                        = true                                 {lp64_product} {ergonomic}
     bool UseG1GC                                  = true                                      {product} {ergonomic}

Logging:
Log output configuration:
 #0: stdout all=warning uptime,level,tags
 #1: stderr all=off uptime,level,tags

Environment Variables:
PATH=/usr/local/sbin:/usr/local/bin:/usr/sbin:/usr/bin:/sbin:/bin:/usr/games:/usr/local/games:/snap/bin
USERNAME=doudou
SHELL=/bin/bash
DISPLAY=:0
LANG=en_US.UTF-8

Signal Handlers:
SIGSEGV: [libjvm.so+0xe9f840], sa_mask[0]=11111111011111111101111111111110, sa_flags=SA_RESTART|SA_SIGINFO
SIGBUS: [libjvm.so+0xe9f840], sa_mask[0]=11111111011111111101111111111110, sa_flags=SA_RESTART|SA_SIGINFO
SIGFPE: [libjvm.so+0xe9f840], sa_mask[0]=11111111011111111101111111111110, sa_flags=SA_RESTART|SA_SIGINFO
SIGPIPE: [libjvm.so+0xbe53b0], sa_mask[0]=11111111011111111101111111111110, sa_flags=SA_RESTART|SA_SIGINFO
SIGXFSZ: [libjvm.so+0xbe53b0], sa_mask[0]=11111111011111111101111111111110, sa_flags=SA_RESTART|SA_SIGINFO
SIGILL: [libjvm.so+0xe9f840], sa_mask[0]=11111111011111111101111111111110, sa_flags=SA_RESTART|SA_SIGINFO
SIGUSR2: [libjvm.so+0xbe5250], sa_mask[0]=00100000000000000000000000000000, sa_flags=SA_RESTART|SA_SIGINFO
SIGHUP: [libjvm.so+0xbe5900], sa_mask[0]=11111111011111111101111111111110, sa_flags=SA_RESTART|SA_SIGINFO
SIGINT: [libjvm.so+0xbe5900], sa_mask[0]=11111111011111111101111111111110, sa_flags=SA_RESTART|SA_SIGINFO
SIGTERM: [libjvm.so+0xbe5900], sa_mask[0]=11111111011111111101111111111110, sa_flags=SA_RESTART|SA_SIGINFO
SIGQUIT: [libjvm.so+0xbe5900], sa_mask[0]=11111111011111111101111111111110, sa_flags=SA_RESTART|SA_SIGINFO


---------------  S Y S T E M  ---------------

OS:DISTRIB_ID=Ubuntu
DISTRIB_RELEASE=20.04
DISTRIB_CODENAME=focal
DISTRIB_DESCRIPTION="Ubuntu 20.04.5 LTS"
uname:Linux 5.15.0-71-generic #78~20.04.1-Ubuntu SMP Wed Apr 19 11:26:48 UTC 2023 x86_64
OS uptime: 0 days 5:14 hours
libc:glibc 2.31 NPTL 2.31 
rlimit (soft/hard): STACK 8192k/infinity , CORE 0k/infinity , NPROC 15242/15242 , NOFILE 1048576/1048576 , AS infinity/infinity , CPU infinity/infinity , DATA infinity/infinity , FSIZE infinity/infinity , MEMLOCK 65536k/65536k
load average:1.31 1.05 0.68

/proc/meminfo:
MemTotal:        3983204 kB
MemFree:          288016 kB
MemAvailable:     798156 kB
Buffers:           16592 kB
Cached:           648392 kB
SwapCached:        32980 kB
Active:          1550960 kB
Inactive:        1543912 kB
Active(anon):    1213864 kB
Inactive(anon):  1217712 kB
Active(file):     337096 kB
Inactive(file):   326200 kB
Unevictable:           0 kB
Mlocked:               0 kB
SwapTotal:       1533028 kB
SwapFree:         664108 kB
Dirty:               852 kB
Writeback:             0 kB
AnonPages:       2417432 kB
Mapped:           213812 kB
Shmem:              1588 kB
KReclaimable:     102284 kB
Slab:             201952 kB
SReclaimable:     102284 kB
SUnreclaim:        99668 kB
KernelStack:       12376 kB
PageTables:        22676 kB
NFS_Unstable:          0 kB
Bounce:                0 kB
WritebackTmp:          0 kB
CommitLimit:     3524628 kB
Committed_AS:    5688332 kB
VmallocTotal:   34359738367 kB
VmallocUsed:       73344 kB
VmallocChunk:          0 kB
Percpu:           105984 kB
HardwareCorrupted:     0 kB
AnonHugePages:         0 kB
ShmemHugePages:        0 kB
ShmemPmdMapped:        0 kB
FileHugePages:         0 kB
FilePmdMapped:         0 kB
HugePages_Total:       0
HugePages_Free:        0
HugePages_Rsvd:        0
HugePages_Surp:        0
Hugepagesize:       2048 kB
Hugetlb:               0 kB
DirectMap4k:      323392 kB
DirectMap2M:     2822144 kB
DirectMap1G:     3145728 kB

/sys/kernel/mm/transparent_hugepage/enabled:
always [madvise] never
/sys/kernel/mm/transparent_hugepage/defrag (defrag/compaction efforts parameter):
always defer defer+madvise [madvise] never

Process Memory:
Virtual Size: 3680692K (peak: 12380444K)
Resident Set Size: 92560K (peak: 92560K) (anon: 36552K, file: 56008K, shmem: 0K)
Swapped out: 0K
C-Heap outstanding allocations: 15740K, retained: 2131K
glibc malloc tunables: (default)

/proc/sys/kernel/threads-max (system-wide limit on the number of threads):
30485
/proc/sys/vm/max_map_count (maximum number of memory map areas a process may have):
65530
/proc/sys/kernel/pid_max (system-wide limit on number of process identifiers):
4194304

container (cgroup) information:
container_type: cgroupv1
cpu_cpuset_cpus: 0-1
cpu_memory_nodes: 0
active_processor_count: 2
cpu_quota: no quota
cpu_period: 100000
cpu_shares: no shares
memory_limit_in_bytes: unlimited
memory_and_swap_limit_in_bytes: unlimited
memory_soft_limit_in_bytes: unlimited
memory_usage_in_bytes: 2876612 k
memory_max_usage_in_bytes: 3129052 k
kernel_memory_usage_in_bytes: 58500 k
kernel_memory_max_usage_in_bytes: unlimited
kernel_memory_limit_in_bytes: 60364 k
maximum number of tasks: unlimited
current number of tasks: 368

VMWare virtualization detected
Steal ticks since vm start: 0
Steal ticks percentage since vm start:  0.000

CPU:total 2 (initial active 2) (1 cores per cpu, 1 threads per core) family 6 model 140 stepping 1 microcode 0xffffffff, cmov, cx8, fxsr, mmx, sse, sse2, sse3, ssse3, sse4.1, sse4.2, popcnt, avx, avx2, aes, clmul, erms, 3dnowpref, lzcnt, tsc, tscinvbit, bmi1, bmi2, adx, evex, sha, fma
CPU Model and flags from /proc/cpuinfo:
model name	: 11th Gen Intel(R) Core(TM) i7-1165G7 @ 2.80GHz
flags		: fpu vme de pse tsc msr pae mce cx8 apic sep mtrr pge mca cmov pat pse36 clflush mmx fxsr sse sse2 ss syscall nx pdpe1gb rdtscp lm constant_tsc arch_perfmon rep_good nopl xtopology tsc_reliable nonstop_tsc cpuid tsc_known_freq pni pclmulqdq ssse3 fma cx16 pcid sse4_1 sse4_2 x2apic movbe popcnt tsc_deadline_timer aes xsave avx f16c rdrand hypervisor lahf_lm abm 3dnowprefetch invpcid_single pti ssbd ibrs ibpb stibp fsgsbase tsc_adjust bmi1 avx2 smep bmi2 erms invpcid avx512f avx512dq rdseed adx smap avx512ifma clflushopt clwb avx512cd sha_ni avx512bw avx512vl xsaveopt xsavec xgetbv1 xsaves arat avx512vbmi umip avx512_vbmi2 gfni vaes vpclmulqdq avx512_vnni avx512_bitalg avx512_vpopcntdq rdpid fsrm avx512_vp2intersect flush_l1d arch_capabilities
Online cpus:
0-1
Offline cpus:
2-127
BIOS frequency limitation:
<Not Available>
Frequency switch latency (ns):
<Not Available>
Available cpu frequencies:
<Not Available>
Current governor:
<Not Available>
Core performance/turbo boost:
<Not Available>

Memory: 4k page, physical 3983204k(288016k free), swap 1533028k(664108k free)

vm_info: OpenJDK 64-Bit Server VM (11.0.19+7-post-Ubuntu-0ubuntu120.04.1) for linux-amd64 JRE (11.0.19+7-post-Ubuntu-0ubuntu120.04.1), built on May 10 2023 00:55:26 by "unknown" with gcc 9.4.0

END.
