#
# A fatal error has been detected by the Java Runtime Environment:
#
#  SIGSEGV (0xb) at pc=0x00007f4ace013886, pid=26145, tid=26149
#
# JRE version: OpenJDK Runtime Environment (11.0.19+7) (build 11.0.19+7-post-Ubuntu-0ubuntu122.04.1)
# Java VM: OpenJDK 64-Bit Server VM (11.0.19+7-post-Ubuntu-0ubuntu122.04.1, mixed mode, sharing, tiered, compressed oops, g1 gc, linux-amd64)
# Problematic frame:
# C  [libLLVM-13.so+0xc13886]  llvm::ConstantArray::getImpl(llvm::ArrayType*, llvm::ArrayRef<llvm::Constant*>)+0x26
#
# Core dump will be written. Default location: Core dumps may be processed with "/usr/share/apport/apport -p%p -s%s -c%c -d%d -P%P -u%u -g%g -- %E" (or dumping to /home/doudou/lab/Lab/core.26145)
#
# If you would like to submit a bug report, please visit:
#   https://bugs.launchpad.net/ubuntu/+source/openjdk-lts
# The crash happened outside the Java Virtual Machine in native code.
# See problematic frame for where to report the bug.
#

---------------  S U M M A R Y ------------

Command Line: -javaagent:/snap/intellij-idea-ultimate/437/lib/idea_rt.jar=37147:/snap/intellij-idea-ultimate/437/bin -Dfile.encoding=UTF-8 Main /home/doudou/lab/Lab/tests/test1.sysy /home/doudou/lab/Lab/tests/out.txt

Host: 11th Gen Intel(R) Core(TM) i7-1165G7 @ 2.80GHz, 2 cores, 3G, Ubuntu 22.04.2 LTS
Time: Wed Jun 28 12:14:48 2023 CST elapsed time: 2.488113 seconds (0d 0h 0m 2s)

---------------  T H R E A D  ---------------

Current thread (0x00007f4b2c016800):  JavaThread "main" [_thread_in_native, id=26149, stack(0x00007f4b31d00000,0x00007f4b31e00000)]

Stack: [0x00007f4b31d00000,0x00007f4b31e00000],  sp=0x00007f4b31dfda30,  free space=1014k
Native frames: (J=compiled Java code, A=aot compiled Java code, j=interpreted, Vv=VM code, C=native code)
C  [libLLVM-13.so+0xc13886]  llvm::ConstantArray::getImpl(llvm::ArrayType*, llvm::ArrayRef<llvm::Constant*>)+0x26

Java frames: (J=compiled Java code, j=interpreted, Vv=VM code)
j  org.bytedeco.llvm.global.LLVM.LLVMConstArray(Lorg/bytedeco/llvm/LLVM/LLVMTypeRef;Lorg/bytedeco/javacpp/PointerPointer;I)Lorg/bytedeco/llvm/LLVM/LLVMValueRef;+0
j  SysYLlvmVisitor.visitVarDef(LSysYParser$VarDefContext;)Lorg/bytedeco/llvm/LLVM/LLVMValueRef;+717
j  SysYLlvmVisitor.visitVarDef(LSysYParser$VarDefContext;)Ljava/lang/Object;+2
j  SysYParser$VarDefContext.accept(Lorg/antlr/v4/runtime/tree/ParseTreeVisitor;)Ljava/lang/Object;+12
j  org.antlr.v4.runtime.tree.AbstractParseTreeVisitor.visitChildren(Lorg/antlr/v4/runtime/tree/RuleNode;)Ljava/lang/Object;+46
j  SysYParserBaseVisitor.visitVarDecl(LSysYParser$VarDeclContext;)Ljava/lang/Object;+2
j  SysYParser$VarDeclContext.accept(Lorg/antlr/v4/runtime/tree/ParseTreeVisitor;)Ljava/lang/Object;+12
j  org.antlr.v4.runtime.tree.AbstractParseTreeVisitor.visitChildren(Lorg/antlr/v4/runtime/tree/RuleNode;)Ljava/lang/Object;+46
j  SysYParserBaseVisitor.visitDecl(LSysYParser$DeclContext;)Ljava/lang/Object;+2
j  SysYParser$DeclContext.accept(Lorg/antlr/v4/runtime/tree/ParseTreeVisitor;)Ljava/lang/Object;+12
j  org.antlr.v4.runtime.tree.AbstractParseTreeVisitor.visitChildren(Lorg/antlr/v4/runtime/tree/RuleNode;)Ljava/lang/Object;+46
j  SysYParserBaseVisitor.visitBlockItem(LSysYParser$BlockItemContext;)Ljava/lang/Object;+2
j  SysYParser$BlockItemContext.accept(Lorg/antlr/v4/runtime/tree/ParseTreeVisitor;)Ljava/lang/Object;+12
j  org.antlr.v4.runtime.tree.AbstractParseTreeVisitor.visitChildren(Lorg/antlr/v4/runtime/tree/RuleNode;)Ljava/lang/Object;+46
j  SysYParserBaseVisitor.visitBlock(LSysYParser$BlockContext;)Ljava/lang/Object;+2
j  SysYParser$BlockContext.accept(Lorg/antlr/v4/runtime/tree/ParseTreeVisitor;)Ljava/lang/Object;+12
j  org.antlr.v4.runtime.tree.AbstractParseTreeVisitor.visit(Lorg/antlr/v4/runtime/tree/ParseTree;)Ljava/lang/Object;+2
j  SysYLlvmVisitor.visitFuncDef(LSysYParser$FuncDefContext;)Lorg/bytedeco/llvm/LLVM/LLVMValueRef;+552
j  SysYLlvmVisitor.visitCompUnit(LSysYParser$CompUnitContext;)Lorg/bytedeco/llvm/LLVM/LLVMValueRef;+2072
j  SysYLlvmVisitor.visitCompUnit(LSysYParser$CompUnitContext;)Ljava/lang/Object;+2
j  SysYParser$CompUnitContext.accept(Lorg/antlr/v4/runtime/tree/ParseTreeVisitor;)Ljava/lang/Object;+12
j  org.antlr.v4.runtime.tree.AbstractParseTreeVisitor.visitChildren(Lorg/antlr/v4/runtime/tree/RuleNode;)Ljava/lang/Object;+46
j  SysYParserBaseVisitor.visitProgram(LSysYParser$ProgramContext;)Ljava/lang/Object;+2
j  SysYParser$ProgramContext.accept(Lorg/antlr/v4/runtime/tree/ParseTreeVisitor;)Ljava/lang/Object;+12
j  org.antlr.v4.runtime.tree.AbstractParseTreeVisitor.visit(Lorg/antlr/v4/runtime/tree/ParseTree;)Ljava/lang/Object;+2
j  Main.main([Ljava/lang/String;)V+210
v  ~StubRoutines::call_stub

siginfo: si_signo: 11 (SIGSEGV), si_code: 1 (SEGV_MAPERR), si_addr: 0x0000000000000010

Register to memory mapping:

RAX=0x00007f4b2c3cc200 points into unknown readable memory: 0x00007f4b2c3b4130 | 30 41 3b 2c 4b 7f 00 00
RBX=0x0 is NULL
RCX=0x000000000000002f is an unknown value
RDX=0x0000000000000005 is an unknown value
RSP=0x00007f4b31dfda30 is pointing into the stack for thread: 0x00007f4b2c016800
RBP=0x00007f4b2c3cc200 points into unknown readable memory: 0x00007f4b2c3b4130 | 30 41 3b 2c 4b 7f 00 00
RSI=0x00007f4b2c3ddfb0 points into unknown readable memory: 0x0000000000000000 | 00 00 00 00 00 00 00 00
RDI=0x00007f4b2c3cc200 points into unknown readable memory: 0x00007f4b2c3b4130 | 30 41 3b 2c 4b 7f 00 00
R8 =0x00007f4b2c3cc058 points into unknown readable memory: 0x00007f4b2c3ca3a8 | a8 a3 3c 2c 4b 7f 00 00
R9 =0x00000000c6bf4110 is an oop: org.bytedeco.javacpp.PointerPointer 
{0x00000000c6bf4110} - klass: 'org/bytedeco/javacpp/PointerPointer'
 - ---- fields (total size 7 words):
 - private 'deallocator' 'Lorg/bytedeco/javacpp/Pointer$Deallocator;' @12  a 'org/bytedeco/javacpp/Pointer$NativeDeallocator'{0x00000000c6bf4148} (c6bf4148)
 - protected 'address' 'J' @16  139960841527216 (2c3ddfb0 7f4b)
 - protected 'position' 'J' @24  0 (0 0)
 - protected 'limit' 'J' @32  5 (5 0)
 - protected 'capacity' 'J' @40  5 (5 0)
 - private strict 'pointerArray' '[Lorg/bytedeco/javacpp/Pointer;' @48  a 'org/bytedeco/llvm/LLVM/LLVMValueRef'[5] {0x00000000c6b58f98} (c6b58f98)
R10=0x000000000000001a is an unknown value
R11=0x00007f4b31ca8a04: <offset 0x00000000012a8a04> in /usr/lib/jvm/java-11-openjdk-amd64/lib/server/libjvm.so at 0x00007f4b30a00000
R12=0x00007f4b2c3ddfb0 points into unknown readable memory: 0x0000000000000000 | 00 00 00 00 00 00 00 00
R13=0x0000000000000005 is an unknown value
R14=0x00007f4b2c3cc200 points into unknown readable memory: 0x00007f4b2c3b4130 | 30 41 3b 2c 4b 7f 00 00
R15=0x00007f4b2c016800 is a thread


Registers:
RAX=0x00007f4b2c3cc200, RBX=0x0000000000000000, RCX=0x000000000000002f, RDX=0x0000000000000005
RSP=0x00007f4b31dfda30, RBP=0x00007f4b2c3cc200, RSI=0x00007f4b2c3ddfb0, RDI=0x00007f4b2c3cc200
R8 =0x00007f4b2c3cc058, R9 =0x00000000c6bf4110, R10=0x000000000000001a, R11=0x00007f4b31ca8a04
R12=0x00007f4b2c3ddfb0, R13=0x0000000000000005, R14=0x00007f4b2c3cc200, R15=0x00007f4b2c016800
RIP=0x00007f4ace013886, EFLAGS=0x0000000000010206, CSGSFS=0x002b000000000033, ERR=0x0000000000000004
  TRAPNO=0x000000000000000e

Top of Stack: (sp=0x00007f4b31dfda30)
0x00007f4b31dfda30:   00007f4b2c016800 00007f4b2c016b48
0x00007f4b31dfda40:   00007f4b2c24a828 00007f4b31dfe9f0
0x00007f4b31dfda50:   00007f4b31dfdb10 00007f4b312fdb8d
0x00007f4b31dfda60:   0000000000000000 00007f4b31dfdab0 

Instructions: (pc=0x00007f4ace013886)
0x00007f4ace013786:   ff 48 8b 44 24 28 44 8b 44 24 08 e9 70 fa ff ff
0x00007f4ace013796:   b9 04 00 00 00 48 89 ee 4c 89 ff e8 7a b8 ef ff
0x00007f4ace0137a6:   8b 54 24 28 48 8b 44 24 20 44 89 2c 90 e9 50 fc
0x00007f4ace0137b6:   ff ff 31 ed 31 f6 4d 89 ec e9 84 fa ff ff 31 ed
0x00007f4ace0137c6:   45 31 f6 4d 89 ec e9 39 f9 ff ff 48 8d 7c 24 20
0x00007f4ace0137d6:   b9 08 00 00 00 48 89 ee e8 3d b8 ef ff 8b 44 24
0x00007f4ace0137e6:   28 e9 fd fc ff ff b9 08 00 00 00 48 89 ee 4c 89
0x00007f4ace0137f6:   ff e8 24 b8 ef ff 8b 54 24 28 48 8b 44 24 20 4c
0x00007f4ace013806:   89 2c d0 e9 cb fd ff ff 48 8d 7c 24 20 b9 04 00
0x00007f4ace013816:   00 00 48 89 ee e8 00 b8 ef ff 8b 44 24 28 e9 cc
0x00007f4ace013826:   fe ff ff 40 84 ff 0f 85 08 f9 ff ff 45 84 c0 0f
0x00007f4ace013836:   85 48 fb ff ff e9 fc f7 ff ff 41 83 fc 01 0f 84
0x00007f4ace013846:   16 f9 ff ff 40 80 fe 0b 40 0f 94 c7 45 31 c0 e9
0x00007f4ace013856:   c3 f7 ff ff 66 0f 1f 44 00 00 41 57 41 56 49 89
0x00007f4ace013866:   fe 41 55 41 54 55 53 48 81 ec b8 00 00 00 48 85
0x00007f4ace013876:   d2 0f 84 8b 01 00 00 48 8b 1e 49 89 f4 49 89 d5
0x00007f4ace013886:   0f b6 43 10 3c 0b 0f 84 fe 00 00 00 83 e8 0a 83
0x00007f4ace013896:   f8 01 0f 86 8a 01 00 00 48 89 df e8 6a 79 ff ff
0x00007f4ace0138a6:   84 c0 0f 85 4a 01 00 00 48 8b 3b 0f b6 77 08 40
0x00007f4ace0138b6:   80 fe 03 0f 87 71 02 00 00 0f b6 43 10 3c 0f 0f
0x00007f4ace0138c6:   85 7d 01 00 00 be 08 00 00 00 e8 9b b2 13 00 84
0x00007f4ace0138d6:   c0 0f 84 d3 02 00 00 4c 8d 74 24 38 4f 8d 2c ec
0x00007f4ace0138e6:   4c 89 e3 31 c0 66 0f 6f 05 4d 92 6d 03 4c 89 74
0x00007f4ace0138f6:   24 20 4c 8d 7c 24 20 0f 11 44 24 28 4d 39 ec 74
0x00007f4ace013906:   4a 48 8b 13 80 7a 10 0f 0f 85 5c 02 00 00 83 7a
0x00007f4ace013916:   20 40 48 8b 6a 18 76 04 48 8b 6d 00 48 8d 50 01
0x00007f4ace013926:   48 3b 54 24 30 0f 87 19 06 00 00 48 8b 54 24 20
0x00007f4ace013936:   40 88 2c 02 48 8b 44 24 28 48 83 c3 08 48 83 c0
0x00007f4ace013946:   01 48 89 44 24 28 49 39 dd 75 b6 49 8b 3c 24 e8
0x00007f4ace013956:   e6 d7 14 00 48 8b 6c 24 28 be 08 00 00 00 4c 8b
0x00007f4ace013966:   64 24 20 48 89 c7 e8 1f b8 13 00 48 89 ee 48 89
0x00007f4ace013976:   c7 e8 e4 d5 13 00 4c 89 e7 48 89 ee 48 89 c2 e8 


Stack slot to memory mapping:
stack at sp + 0 slots: 0x00007f4b2c016800 is a thread
stack at sp + 1 slots: 0x00007f4b2c016b48 points into unknown readable memory: 0x00007f4b31c44b40 | 40 4b c4 31 4b 7f 00 00
stack at sp + 2 slots: 0x00007f4b2c24a828 points into unknown readable memory: 0x00007f4affc19760 | 60 97 c1 ff 4a 7f 00 00
stack at sp + 3 slots: 0x00007f4b31dfe9f0 is pointing into the stack for thread: 0x00007f4b2c016800
stack at sp + 4 slots: 0x00007f4b31dfdb10 is pointing into the stack for thread: 0x00007f4b2c016800
stack at sp + 5 slots: 0x00007f4b312fdb8d: <offset 0x00000000008fdb8d> in /usr/lib/jvm/java-11-openjdk-amd64/lib/server/libjvm.so at 0x00007f4b30a00000
stack at sp + 6 slots: 0x0 is NULL
stack at sp + 7 slots: 0x00007f4b31dfdab0 is pointing into the stack for thread: 0x00007f4b2c016800


---------------  P R O C E S S  ---------------

Threads class SMR info:
_java_thread_list=0x00007f4ae4000c40, length=12, elements={
0x00007f4b2c016800, 0x00007f4b2c120000, 0x00007f4b2c122000, 0x00007f4b2c130800,
0x00007f4b2c132800, 0x00007f4b2c134800, 0x00007f4b2c137000, 0x00007f4b2c139000,
0x00007f4b2c147000, 0x00007f4b2c1f5000, 0x00007f4b2c210000, 0x00007f4ae4001000
}

Java Threads: ( => current thread )
=>0x00007f4b2c016800 JavaThread "main" [_thread_in_native, id=26149, stack(0x00007f4b31d00000,0x00007f4b31e00000)]
  0x00007f4b2c120000 JavaThread "Reference Handler" daemon [_thread_blocked, id=26161, stack(0x00007f4aff57d000,0x00007f4aff67d000)]
  0x00007f4b2c122000 JavaThread "Finalizer" daemon [_thread_blocked, id=26162, stack(0x00007f4aff47d000,0x00007f4aff57d000)]
  0x00007f4b2c130800 JavaThread "Signal Dispatcher" daemon [_thread_blocked, id=26163, stack(0x00007f4afe500000,0x00007f4afe600000)]
  0x00007f4b2c132800 JavaThread "Service Thread" daemon [_thread_blocked, id=26164, stack(0x00007f4afe400000,0x00007f4afe500000)]
  0x00007f4b2c134800 JavaThread "C2 CompilerThread0" daemon [_thread_blocked, id=26165, stack(0x00007f4afe300000,0x00007f4afe400000)]
  0x00007f4b2c137000 JavaThread "C1 CompilerThread0" daemon [_thread_blocked, id=26166, stack(0x00007f4afe200000,0x00007f4afe300000)]
  0x00007f4b2c139000 JavaThread "Sweeper thread" daemon [_thread_blocked, id=26167, stack(0x00007f4afe100000,0x00007f4afe200000)]
  0x00007f4b2c147000 JavaThread "Common-Cleaner" daemon [_thread_blocked, id=26168, stack(0x00007f4afe000000,0x00007f4afe100000)]
  0x00007f4b2c1f5000 JavaThread "Monitor Ctrl-Break" daemon [_thread_in_native, id=26171, stack(0x00007f4afdf00000,0x00007f4afe000000)]
  0x00007f4b2c210000 JavaThread "JavaCPP Deallocator" daemon [_thread_blocked, id=26173, stack(0x00007f4afdcfe000,0x00007f4afddfe000)]
  0x00007f4ae4001000 JavaThread "Attach Listener" daemon [_thread_blocked, id=26175, stack(0x00007f4afdafc000,0x00007f4afdbfc000)]

Other Threads:
  0x00007f4b2c11d000 VMThread "VM Thread" [stack: 0x00007f4aff67f000,0x00007f4aff77f000] [id=26160]
  0x00007f4b2c1f6800 WatcherThread [stack: 0x00007f4afde00000,0x00007f4afdf00000] [id=26172]
  0x00007f4b2c02f800 GCTaskThread "GC Thread#0" [stack: 0x00007f4b30500000,0x00007f4b30600000] [id=26153]
  0x00007f4af4001000 GCTaskThread "GC Thread#1" [stack: 0x00007f4afdbfe000,0x00007f4afdcfe000] [id=26174]
  0x00007f4b2c04a800 ConcurrentGCThread "G1 Main Marker" [stack: 0x00007f4b30013000,0x00007f4b30113000] [id=26155]
  0x00007f4b2c04c800 ConcurrentGCThread "G1 Conc#0" [stack: 0x00007f4b14317000,0x00007f4b14417000] [id=26157]
  0x00007f4b2c087800 ConcurrentGCThread "G1 Refine#0" [stack: 0x00007f4b14013000,0x00007f4b14113000] [id=26158]
  0x00007f4b2c089800 ConcurrentGCThread "G1 Young RemSet Sampling" [stack: 0x00007f4b0c070000,0x00007f4b0c170000] [id=26159]

Threads with active compile tasks:

VM state:not at safepoint (normal execution)

VM Mutex/Monitor currently owned by a thread: None

Heap address: 0x00000000c2e00000, size: 978 MB, Compressed Oops mode: 32-bit
Narrow klass base: 0x0000000800000000, Narrow klass shift: 3
Compressed class space size: 1073741824 Address: 0x0000000840000000

Heap:
 garbage-first heap   total 65536K, used 3257K [0x00000000c2e00000, 0x0000000100000000)
  region size 1024K, 2 young (2048K), 1 survivors (1024K)
 Metaspace       used 4316K, capacity 6686K, committed 6912K, reserved 1056768K
  class space    used 466K, capacity 720K, committed 768K, reserved 1048576K
Heap Regions: E=young(eden), S=young(survivor), O=old, HS=humongous(starts), HC=humongous(continues), CS=collection set, F=free, A=archive, TAMS=top-at-mark-start (previous, next)
|   0|0x00000000c2e00000, 0x00000000c2f00000, 0x00000000c2f00000|100%| O|  |TAMS 0x00000000c2e00000, 0x00000000c2e00000| Untracked 
|   1|0x00000000c2f00000, 0x00000000c2feb400, 0x00000000c3000000| 91%| O|  |TAMS 0x00000000c2f00000, 0x00000000c2f00000| Untracked 
|   2|0x00000000c3000000, 0x00000000c3000000, 0x00000000c3100000|  0%| F|  |TAMS 0x00000000c3000000, 0x00000000c3000000| Untracked 
|   3|0x00000000c3100000, 0x00000000c3100000, 0x00000000c3200000|  0%| F|  |TAMS 0x00000000c3100000, 0x00000000c3100000| Untracked 
|   4|0x00000000c3200000, 0x00000000c3200000, 0x00000000c3300000|  0%| F|  |TAMS 0x00000000c3200000, 0x00000000c3200000| Untracked 
|   5|0x00000000c3300000, 0x00000000c3300000, 0x00000000c3400000|  0%| F|  |TAMS 0x00000000c3300000, 0x00000000c3300000| Untracked 
|   6|0x00000000c3400000, 0x00000000c3400000, 0x00000000c3500000|  0%| F|  |TAMS 0x00000000c3400000, 0x00000000c3400000| Untracked 
|   7|0x00000000c3500000, 0x00000000c3500000, 0x00000000c3600000|  0%| F|  |TAMS 0x00000000c3500000, 0x00000000c3500000| Untracked 
|   8|0x00000000c3600000, 0x00000000c3600000, 0x00000000c3700000|  0%| F|  |TAMS 0x00000000c3600000, 0x00000000c3600000| Untracked 
|   9|0x00000000c3700000, 0x00000000c3700000, 0x00000000c3800000|  0%| F|  |TAMS 0x00000000c3700000, 0x00000000c3700000| Untracked 
|  10|0x00000000c3800000, 0x00000000c3800000, 0x00000000c3900000|  0%| F|  |TAMS 0x00000000c3800000, 0x00000000c3800000| Untracked 
|  11|0x00000000c3900000, 0x00000000c3900000, 0x00000000c3a00000|  0%| F|  |TAMS 0x00000000c3900000, 0x00000000c3900000| Untracked 
|  12|0x00000000c3a00000, 0x00000000c3a00000, 0x00000000c3b00000|  0%| F|  |TAMS 0x00000000c3a00000, 0x00000000c3a00000| Untracked 
|  13|0x00000000c3b00000, 0x00000000c3b00000, 0x00000000c3c00000|  0%| F|  |TAMS 0x00000000c3b00000, 0x00000000c3b00000| Untracked 
|  14|0x00000000c3c00000, 0x00000000c3c00000, 0x00000000c3d00000|  0%| F|  |TAMS 0x00000000c3c00000, 0x00000000c3c00000| Untracked 
|  15|0x00000000c3d00000, 0x00000000c3d00000, 0x00000000c3e00000|  0%| F|  |TAMS 0x00000000c3d00000, 0x00000000c3d00000| Untracked 
|  16|0x00000000c3e00000, 0x00000000c3e00000, 0x00000000c3f00000|  0%| F|  |TAMS 0x00000000c3e00000, 0x00000000c3e00000| Untracked 
|  17|0x00000000c3f00000, 0x00000000c3f00000, 0x00000000c4000000|  0%| F|  |TAMS 0x00000000c3f00000, 0x00000000c3f00000| Untracked 
|  18|0x00000000c4000000, 0x00000000c4000000, 0x00000000c4100000|  0%| F|  |TAMS 0x00000000c4000000, 0x00000000c4000000| Untracked 
|  19|0x00000000c4100000, 0x00000000c4100000, 0x00000000c4200000|  0%| F|  |TAMS 0x00000000c4100000, 0x00000000c4100000| Untracked 
|  20|0x00000000c4200000, 0x00000000c4200000, 0x00000000c4300000|  0%| F|  |TAMS 0x00000000c4200000, 0x00000000c4200000| Untracked 
|  21|0x00000000c4300000, 0x00000000c4300000, 0x00000000c4400000|  0%| F|  |TAMS 0x00000000c4300000, 0x00000000c4300000| Untracked 
|  22|0x00000000c4400000, 0x00000000c4400000, 0x00000000c4500000|  0%| F|  |TAMS 0x00000000c4400000, 0x00000000c4400000| Untracked 
|  23|0x00000000c4500000, 0x00000000c4500000, 0x00000000c4600000|  0%| F|  |TAMS 0x00000000c4500000, 0x00000000c4500000| Untracked 
|  24|0x00000000c4600000, 0x00000000c4600000, 0x00000000c4700000|  0%| F|  |TAMS 0x00000000c4600000, 0x00000000c4600000| Untracked 
|  25|0x00000000c4700000, 0x00000000c4700000, 0x00000000c4800000|  0%| F|  |TAMS 0x00000000c4700000, 0x00000000c4700000| Untracked 
|  26|0x00000000c4800000, 0x00000000c4800000, 0x00000000c4900000|  0%| F|  |TAMS 0x00000000c4800000, 0x00000000c4800000| Untracked 
|  27|0x00000000c4900000, 0x00000000c4900000, 0x00000000c4a00000|  0%| F|  |TAMS 0x00000000c4900000, 0x00000000c4900000| Untracked 
|  28|0x00000000c4a00000, 0x00000000c4a00000, 0x00000000c4b00000|  0%| F|  |TAMS 0x00000000c4a00000, 0x00000000c4a00000| Untracked 
|  29|0x00000000c4b00000, 0x00000000c4b00000, 0x00000000c4c00000|  0%| F|  |TAMS 0x00000000c4b00000, 0x00000000c4b00000| Untracked 
|  30|0x00000000c4c00000, 0x00000000c4c00000, 0x00000000c4d00000|  0%| F|  |TAMS 0x00000000c4c00000, 0x00000000c4c00000| Untracked 
|  31|0x00000000c4d00000, 0x00000000c4d00000, 0x00000000c4e00000|  0%| F|  |TAMS 0x00000000c4d00000, 0x00000000c4d00000| Untracked 
|  32|0x00000000c4e00000, 0x00000000c4e00000, 0x00000000c4f00000|  0%| F|  |TAMS 0x00000000c4e00000, 0x00000000c4e00000| Untracked 
|  33|0x00000000c4f00000, 0x00000000c4f00000, 0x00000000c5000000|  0%| F|  |TAMS 0x00000000c4f00000, 0x00000000c4f00000| Untracked 
|  34|0x00000000c5000000, 0x00000000c5000000, 0x00000000c5100000|  0%| F|  |TAMS 0x00000000c5000000, 0x00000000c5000000| Untracked 
|  35|0x00000000c5100000, 0x00000000c5100000, 0x00000000c5200000|  0%| F|  |TAMS 0x00000000c5100000, 0x00000000c5100000| Untracked 
|  36|0x00000000c5200000, 0x00000000c5200000, 0x00000000c5300000|  0%| F|  |TAMS 0x00000000c5200000, 0x00000000c5200000| Untracked 
|  37|0x00000000c5300000, 0x00000000c5300000, 0x00000000c5400000|  0%| F|  |TAMS 0x00000000c5300000, 0x00000000c5300000| Untracked 
|  38|0x00000000c5400000, 0x00000000c5400000, 0x00000000c5500000|  0%| F|  |TAMS 0x00000000c5400000, 0x00000000c5400000| Untracked 
|  39|0x00000000c5500000, 0x00000000c5500000, 0x00000000c5600000|  0%| F|  |TAMS 0x00000000c5500000, 0x00000000c5500000| Untracked 
|  40|0x00000000c5600000, 0x00000000c5600000, 0x00000000c5700000|  0%| F|  |TAMS 0x00000000c5600000, 0x00000000c5600000| Untracked 
|  41|0x00000000c5700000, 0x00000000c5700000, 0x00000000c5800000|  0%| F|  |TAMS 0x00000000c5700000, 0x00000000c5700000| Untracked 
|  42|0x00000000c5800000, 0x00000000c5800000, 0x00000000c5900000|  0%| F|  |TAMS 0x00000000c5800000, 0x00000000c5800000| Untracked 
|  43|0x00000000c5900000, 0x00000000c5900000, 0x00000000c5a00000|  0%| F|  |TAMS 0x00000000c5900000, 0x00000000c5900000| Untracked 
|  44|0x00000000c5a00000, 0x00000000c5a00000, 0x00000000c5b00000|  0%| F|  |TAMS 0x00000000c5a00000, 0x00000000c5a00000| Untracked 
|  45|0x00000000c5b00000, 0x00000000c5b00000, 0x00000000c5c00000|  0%| F|  |TAMS 0x00000000c5b00000, 0x00000000c5b00000| Untracked 
|  46|0x00000000c5c00000, 0x00000000c5c00000, 0x00000000c5d00000|  0%| F|  |TAMS 0x00000000c5c00000, 0x00000000c5c00000| Untracked 
|  47|0x00000000c5d00000, 0x00000000c5d00000, 0x00000000c5e00000|  0%| F|  |TAMS 0x00000000c5d00000, 0x00000000c5d00000| Untracked 
|  48|0x00000000c5e00000, 0x00000000c5e00000, 0x00000000c5f00000|  0%| F|  |TAMS 0x00000000c5e00000, 0x00000000c5e00000| Untracked 
|  49|0x00000000c5f00000, 0x00000000c5f00000, 0x00000000c6000000|  0%| F|  |TAMS 0x00000000c5f00000, 0x00000000c5f00000| Untracked 
|  50|0x00000000c6000000, 0x00000000c6000000, 0x00000000c6100000|  0%| F|  |TAMS 0x00000000c6000000, 0x00000000c6000000| Untracked 
|  51|0x00000000c6100000, 0x00000000c6100000, 0x00000000c6200000|  0%| F|  |TAMS 0x00000000c6100000, 0x00000000c6100000| Untracked 
|  52|0x00000000c6200000, 0x00000000c6200000, 0x00000000c6300000|  0%| F|  |TAMS 0x00000000c6200000, 0x00000000c6200000| Untracked 
|  53|0x00000000c6300000, 0x00000000c6300000, 0x00000000c6400000|  0%| F|  |TAMS 0x00000000c6300000, 0x00000000c6300000| Untracked 
|  54|0x00000000c6400000, 0x00000000c6400000, 0x00000000c6500000|  0%| F|  |TAMS 0x00000000c6400000, 0x00000000c6400000| Untracked 
|  55|0x00000000c6500000, 0x00000000c6500000, 0x00000000c6600000|  0%| F|  |TAMS 0x00000000c6500000, 0x00000000c6500000| Untracked 
|  56|0x00000000c6600000, 0x00000000c66912f0, 0x00000000c6700000| 56%| S|CS|TAMS 0x00000000c6600000, 0x00000000c6600000| Complete 
|  57|0x00000000c6700000, 0x00000000c6700000, 0x00000000c6800000|  0%| F|  |TAMS 0x00000000c6700000, 0x00000000c6700000| Untracked 
|  58|0x00000000c6800000, 0x00000000c6800000, 0x00000000c6900000|  0%| F|  |TAMS 0x00000000c6800000, 0x00000000c6800000| Untracked 
|  59|0x00000000c6900000, 0x00000000c6900000, 0x00000000c6a00000|  0%| F|  |TAMS 0x00000000c6900000, 0x00000000c6900000| Untracked 
|  60|0x00000000c6a00000, 0x00000000c6a00000, 0x00000000c6b00000|  0%| F|  |TAMS 0x00000000c6a00000, 0x00000000c6a00000| Untracked 
|  61|0x00000000c6b00000, 0x00000000c6c00000, 0x00000000c6c00000|100%| E|  |TAMS 0x00000000c6b00000, 0x00000000c6b00000| Complete 
| 976|0x00000000ffe00000, 0x00000000ffe47000, 0x00000000fff00000| 27%|OA|  |TAMS 0x00000000ffe00000, 0x00000000ffe00000| Untracked 
| 977|0x00000000fff00000, 0x00000000fff6b000, 0x0000000100000000| 41%|CA|  |TAMS 0x00000000fff00000, 0x00000000fff00000| Untracked 

Card table byte_map: [0x00007f4b2be17000,0x00007f4b2c000000] _byte_map_base: 0x00007f4b2b800000

Marking Bits (Prev, Next): (CMBitMap*) 0x00007f4b2c045b88, (CMBitMap*) 0x00007f4b2c045bc0
 Prev Bits: [0x00007f4b0f0b8000, 0x00007f4b10000000)
 Next Bits: [0x00007f4b0e170000, 0x00007f4b0f0b8000)

Polling page: 0x00007f4b321fe000

Metaspace:

Usage:
  Non-class:      5.83 MB capacity,     3.76 MB ( 65%) used,     2.06 MB ( 35%) free+waste,     9.50 KB ( <1%) overhead. 
      Class:    720.00 KB capacity,   466.98 KB ( 65%) used,   247.77 KB ( 34%) free+waste,     5.25 KB ( <1%) overhead. 
       Both:      6.53 MB capacity,     4.22 MB ( 65%) used,     2.30 MB ( 35%) free+waste,    14.75 KB ( <1%) overhead. 

Virtual space:
  Non-class space:        8.00 MB reserved,       6.00 MB ( 75%) committed 
      Class space:        1.00 GB reserved,     768.00 KB ( <1%) committed 
             Both:        1.01 GB reserved,       6.75 MB ( <1%) committed 

Chunk freelists:
   Non-Class:  0 bytes
       Class:  0 bytes
        Both:  0 bytes

MaxMetaspaceSize: unlimited
CompressedClassSpaceSize: 1.00 GB
Initial GC threshold: 20.80 MB
Current GC threshold: 20.80 MB
CDS: on

CodeHeap 'non-profiled nmethods': size=120036Kb used=256Kb max_used=256Kb free=119779Kb
 bounds [0x00007f4b1c0c7000, 0x00007f4b1c337000, 0x00007f4b23600000]
CodeHeap 'profiled nmethods': size=120032Kb used=1402Kb max_used=1402Kb free=118629Kb
 bounds [0x00007f4b14b8f000, 0x00007f4b14dff000, 0x00007f4b1c0c7000]
CodeHeap 'non-nmethods': size=5692Kb used=1164Kb max_used=1177Kb free=4527Kb
 bounds [0x00007f4b14600000, 0x00007f4b14870000, 0x00007f4b14b8f000]
 total_blobs=1219 nmethods=800 adapters=333
 compilation: enabled
              stopped_count=0, restarted_count=0
 full_count=0

Compilation events (20 events):
Event: 2.472 Thread 0x00007f4b2c137000 nmethod 782 0x00007f4b14ce1490 code [0x00007f4b14ce1660, 0x00007f4b14ce17f0]
Event: 2.472 Thread 0x00007f4b2c137000  776       3       jdk.internal.org.objectweb.asm.Frame::type (416 bytes)
Event: 2.474 Thread 0x00007f4b2c137000 nmethod 776 0x00007f4b14ce1910 code [0x00007f4b14ce1d20, 0x00007f4b14ce3cf0]
Event: 2.474 Thread 0x00007f4b2c137000  784       3       jdk.internal.org.objectweb.asm.ClassWriter::addType (39 bytes)
Event: 2.474 Thread 0x00007f4b2c137000 nmethod 784 0x00007f4b14ce4810 code [0x00007f4b14ce49e0, 0x00007f4b14ce4c00]
Event: 2.474 Thread 0x00007f4b2c137000  786       3       jdk.internal.org.objectweb.asm.ByteVector::put11 (52 bytes)
Event: 2.474 Thread 0x00007f4b2c137000 nmethod 786 0x00007f4b14ce4d10 code [0x00007f4b14ce4ee0, 0x00007f4b14ce5100]
Event: 2.474 Thread 0x00007f4b2c137000  787       3       sun.invoke.util.Wrapper::forBasicType (16 bytes)
Event: 2.474 Thread 0x00007f4b2c137000 nmethod 787 0x00007f4b14ce5290 code [0x00007f4b14ce5460, 0x00007f4b14ce55e0]
Event: 2.474 Thread 0x00007f4b2c137000  791       3       sun.invoke.util.BytecodeDescriptor::unparseSig (91 bytes)
Event: 2.475 Thread 0x00007f4b2c137000 nmethod 791 0x00007f4b14ce5690 code [0x00007f4b14ce5920, 0x00007f4b14ce6140]
Event: 2.475 Thread 0x00007f4b2c137000  773       3       jdk.internal.org.objectweb.asm.Frame::pop (43 bytes)
Event: 2.475 Thread 0x00007f4b2c137000 nmethod 773 0x00007f4b14ce6510 code [0x00007f4b14ce66c0, 0x00007f4b14ce6870]
Event: 2.475 Thread 0x00007f4b2c137000  770       3       java.lang.invoke.LambdaForm$Name::isParam (13 bytes)
Event: 2.475 Thread 0x00007f4b2c137000 nmethod 770 0x00007f4b14ce6990 code [0x00007f4b14ce6b40, 0x00007f4b14ce6cb0]
Event: 2.475 Thread 0x00007f4b2c137000  774       3       java.lang.invoke.InvokerBytecodeGenerator::emitImplicitConversion (159 bytes)
Event: 2.477 Thread 0x00007f4b2c137000 nmethod 774 0x00007f4b14ce6d10 code [0x00007f4b14ce7060, 0x00007f4b14ce8110]
Event: 2.477 Thread 0x00007f4b2c137000  790       3       java.lang.invoke.LambdaForm$BasicType::basicType (172 bytes)
Event: 2.477 Thread 0x00007f4b2c137000 nmethod 790 0x00007f4b14ce8690 code [0x00007f4b14ce8920, 0x00007f4b14ce9580]
Event: 2.477 Thread 0x00007f4b2c137000  796       3       java.lang.invoke.InvokerBytecodeGenerator::emitPushArgument (120 bytes)

GC Heap History (4 events):
Event: 1.695 GC heap before
{Heap before GC invocations=0 (full 0):
 garbage-first heap   total 65536K, used 6856K [0x00000000c2e00000, 0x0000000100000000)
  region size 1024K, 7 young (7168K), 0 survivors (0K)
 Metaspace       used 3121K, capacity 5908K, committed 6016K, reserved 1056768K
  class space    used 337K, capacity 586K, committed 640K, reserved 1048576K
}
Event: 1.719 GC heap after
{Heap after GC invocations=1 (full 0):
 garbage-first heap   total 65536K, used 2347K [0x00000000c2e00000, 0x0000000100000000)
  region size 1024K, 1 young (1024K), 1 survivors (1024K)
 Metaspace       used 3121K, capacity 5908K, committed 6016K, reserved 1056768K
  class space    used 337K, capacity 586K, committed 640K, reserved 1048576K
}
Event: 2.440 GC heap before
{Heap before GC invocations=1 (full 0):
 garbage-first heap   total 65536K, used 7467K [0x00000000c2e00000, 0x0000000100000000)
  region size 1024K, 6 young (6144K), 1 survivors (1024K)
 Metaspace       used 4165K, capacity 6627K, committed 6912K, reserved 1056768K
  class space    used 448K, capacity 698K, committed 768K, reserved 1048576K
}
Event: 2.450 GC heap after
{Heap after GC invocations=2 (full 0):
 garbage-first heap   total 65536K, used 3257K [0x00000000c2e00000, 0x0000000100000000)
  region size 1024K, 1 young (1024K), 1 survivors (1024K)
 Metaspace       used 4165K, capacity 6627K, committed 6912K, reserved 1056768K
  class space    used 448K, capacity 698K, committed 768K, reserved 1048576K
}

Deoptimization events (20 events):
Event: 2.310 Thread 0x00007f4b2c016800 DEOPT PACKING pc=0x00007f4b14bc3d4f sp=0x00007f4b31dfc3e0
Event: 2.310 Thread 0x00007f4b2c016800 DEOPT UNPACKING pc=0x00007f4b146499fa sp=0x00007f4b31dfb888 mode 0
Event: 2.314 Thread 0x00007f4b2c016800 DEOPT PACKING pc=0x00007f4b14bc3d4f sp=0x00007f4b31dfc3e0
Event: 2.314 Thread 0x00007f4b2c016800 DEOPT UNPACKING pc=0x00007f4b146499fa sp=0x00007f4b31dfb888 mode 0
Event: 2.316 Thread 0x00007f4b2c016800 DEOPT PACKING pc=0x00007f4b14bc3d4f sp=0x00007f4b31dfc3e0
Event: 2.316 Thread 0x00007f4b2c016800 DEOPT UNPACKING pc=0x00007f4b146499fa sp=0x00007f4b31dfb888 mode 0
Event: 2.320 Thread 0x00007f4b2c016800 DEOPT PACKING pc=0x00007f4b14bc3d4f sp=0x00007f4b31dfc3e0
Event: 2.320 Thread 0x00007f4b2c016800 DEOPT UNPACKING pc=0x00007f4b146499fa sp=0x00007f4b31dfb888 mode 0
Event: 2.324 Thread 0x00007f4b2c016800 DEOPT PACKING pc=0x00007f4b14bc3d4f sp=0x00007f4b31dfc3e0
Event: 2.324 Thread 0x00007f4b2c016800 DEOPT UNPACKING pc=0x00007f4b146499fa sp=0x00007f4b31dfb888 mode 0
Event: 2.327 Thread 0x00007f4b2c016800 DEOPT PACKING pc=0x00007f4b14bc3d4f sp=0x00007f4b31dfc3e0
Event: 2.327 Thread 0x00007f4b2c016800 DEOPT UNPACKING pc=0x00007f4b146499fa sp=0x00007f4b31dfb888 mode 0
Event: 2.331 Thread 0x00007f4b2c016800 DEOPT PACKING pc=0x00007f4b14bc3d4f sp=0x00007f4b31dfc3e0
Event: 2.331 Thread 0x00007f4b2c016800 DEOPT UNPACKING pc=0x00007f4b146499fa sp=0x00007f4b31dfb888 mode 0
Event: 2.336 Thread 0x00007f4b2c016800 DEOPT PACKING pc=0x00007f4b14bc3d4f sp=0x00007f4b31dfc3e0
Event: 2.336 Thread 0x00007f4b2c016800 DEOPT UNPACKING pc=0x00007f4b146499fa sp=0x00007f4b31dfb888 mode 0
Event: 2.340 Thread 0x00007f4b2c016800 DEOPT PACKING pc=0x00007f4b14bc3d4f sp=0x00007f4b31dfc3e0
Event: 2.340 Thread 0x00007f4b2c016800 DEOPT UNPACKING pc=0x00007f4b146499fa sp=0x00007f4b31dfb888 mode 0
Event: 2.344 Thread 0x00007f4b2c016800 DEOPT PACKING pc=0x00007f4b14bc3d4f sp=0x00007f4b31dfc360
Event: 2.344 Thread 0x00007f4b2c016800 DEOPT UNPACKING pc=0x00007f4b146499fa sp=0x00007f4b31dfb808 mode 0

Classes redefined (0 events):
No events

Internal exceptions (20 events):
Event: 0.922 Thread 0x00007f4b2c016800 Exception <a 'java/security/PrivilegedActionException'{0x00000000c6ae71f8}> (0x00000000c6ae71f8) thrown at [./src/hotspot/share/prims/jvm.cpp, line 1304]
Event: 0.922 Thread 0x00007f4b2c016800 Exception <a 'java/security/PrivilegedActionException'{0x00000000c6ae74c8}> (0x00000000c6ae74c8) thrown at [./src/hotspot/share/prims/jvm.cpp, line 1304]
Event: 0.923 Thread 0x00007f4b2c016800 Exception <a 'java/security/PrivilegedActionException'{0x00000000c6ae7e50}> (0x00000000c6ae7e50) thrown at [./src/hotspot/share/prims/jvm.cpp, line 1304]
Event: 0.923 Thread 0x00007f4b2c016800 Exception <a 'java/security/PrivilegedActionException'{0x00000000c6ae8120}> (0x00000000c6ae8120) thrown at [./src/hotspot/share/prims/jvm.cpp, line 1304]
Event: 0.923 Thread 0x00007f4b2c016800 Exception <a 'java/security/PrivilegedActionException'{0x00000000c6ae8aa8}> (0x00000000c6ae8aa8) thrown at [./src/hotspot/share/prims/jvm.cpp, line 1304]
Event: 0.923 Thread 0x00007f4b2c016800 Exception <a 'java/security/PrivilegedActionException'{0x00000000c6ae8d78}> (0x00000000c6ae8d78) thrown at [./src/hotspot/share/prims/jvm.cpp, line 1304]
Event: 0.924 Thread 0x00007f4b2c016800 Exception <a 'java/security/PrivilegedActionException'{0x00000000c6ae9700}> (0x00000000c6ae9700) thrown at [./src/hotspot/share/prims/jvm.cpp, line 1304]
Event: 0.924 Thread 0x00007f4b2c016800 Exception <a 'java/security/PrivilegedActionException'{0x00000000c6ae99d0}> (0x00000000c6ae99d0) thrown at [./src/hotspot/share/prims/jvm.cpp, line 1304]
Event: 0.924 Thread 0x00007f4b2c016800 Exception <a 'java/security/PrivilegedActionException'{0x00000000c6aea340}> (0x00000000c6aea340) thrown at [./src/hotspot/share/prims/jvm.cpp, line 1304]
Event: 0.924 Thread 0x00007f4b2c016800 Exception <a 'java/security/PrivilegedActionException'{0x00000000c6aea610}> (0x00000000c6aea610) thrown at [./src/hotspot/share/prims/jvm.cpp, line 1304]
Event: 0.925 Thread 0x00007f4b2c016800 Exception <a 'java/security/PrivilegedActionException'{0x00000000c6aeaf98}> (0x00000000c6aeaf98) thrown at [./src/hotspot/share/prims/jvm.cpp, line 1304]
Event: 0.925 Thread 0x00007f4b2c016800 Exception <a 'java/security/PrivilegedActionException'{0x00000000c6aeb268}> (0x00000000c6aeb268) thrown at [./src/hotspot/share/prims/jvm.cpp, line 1304]
Event: 1.045 Thread 0x00007f4b2c016800 Exception <a 'java/lang/NoSuchMethodError'{0x00000000c699a150}: 'int java.lang.invoke.DirectMethodHandle$Holder.invokeStaticInit(java.lang.Object, java.lang.Object, java.lang.Object, java.lang.Object)'> (0x00000000c699a150) thrown at [./src/hotspot/share/interpreter/linkResolver.cpp, line 772]
Event: 1.047 Thread 0x00007f4b2c016800 Exception <a 'java/lang/IncompatibleClassChangeError'{0x00000000c69a3ed0}: Found class java.lang.Object, but interface was expected> (0x00000000c69a3ed0) thrown at [./src/hotspot/share/interpreter/linkResolver.cpp, line 839]
Event: 1.048 Thread 0x00007f4b2c016800 Exception <a 'java/lang/NoSuchMethodError'{0x00000000c69a7080}: 'void java.lang.invoke.DirectMethodHandle$Holder.invokeStaticInit(java.lang.Object, java.lang.Object)'> (0x00000000c69a7080) thrown at [./src/hotspot/share/interpreter/linkResolver.cpp, line 772]
Event: 1.050 Thread 0x00007f4b2c016800 Exception <a 'java/lang/NoSuchMethodError'{0x00000000c69ad570}: 'int java.lang.invoke.DirectMethodHandle$Holder.invokeStaticInit(java.lang.Object, java.lang.Object)'> (0x00000000c69ad570) thrown at [./src/hotspot/share/interpreter/linkResolver.cpp, line 772]
Event: 2.470 Thread 0x00007f4b2c016800 Exception <a 'java/lang/NoSuchMethodError'{0x00000000c6ba4eb0}: 'java.lang.Object java.lang.invoke.DirectMethodHandle$Holder.invokeStatic(java.lang.Object, java.lang.Object, java.lang.Object, java.lang.Object, java.lang.Object, java.lang.Object, java.lang.Object, java.lang.Object, java.lang.Object, java.lang.Object, java.lang.Object, int)'> (0x00000000c6ba4eb0) thrown at [./src/hotspot/share/interpreter/linkResolver.cpp, line 772]
Event: 2.473 Thread 0x00007f4b2c016800 Exception <a 'java/lang/NoSuchMethodError'{0x00000000c6bc3618}: 'java.lang.Object java.lang.invoke.DirectMethodHandle$Holder.invokeStatic(java.lang.Object, java.lang.Object, java.lang.Object, java.lang.Object, java.lang.Object, java.lang.Object, java.lang.Object, java.lang.Object, java.lang.Object, java.lang.Object, java.lang.Object, int, int)'> (0x00000000c6bc3618) thrown at [./src/hotspot/share/interpreter/linkResolver.cpp, line 772]
Event: 2.475 Thread 0x00007f4b2c016800 Exception <a 'java/lang/NoSuchMethodError'{0x00000000c6be28e0}: 'java.lang.Object java.lang.invoke.DirectMethodHandle$Holder.invokeStatic(java.lang.Object, java.lang.Object, java.lang.Object, java.lang.Object, java.lang.Object, java.lang.Object, java.lang.Object, java.lang.Object, java.lang.Object, java.lang.Object, java.lang.Object, int, int, java.lang.Object)'> (0x00000000c6be28e0) thrown at [./src/hotspot/share/interpreter/linkResolver.cpp, line 772]
Event: 2.476 Thread 0x00007f4b2c016800 Exception <a 'java/lang/NoSuchMethodError'{0x00000000c6beea38}: 'java.lang.Object java.lang.invoke.Invokers$Holder.linkToTargetMethod(java.lang.Object, int, java.lang.Object)'> (0x00000000c6beea38) thrown at [./src/hotspot/share/interpreter/linkResolver.cpp, line 772]

Events (20 events):
Event: 2.438 loading class java/lang/invoke/BoundMethodHandle$Species_LLLLLL
Event: 2.438 loading class java/lang/invoke/BoundMethodHandle$Species_LLLLLL done
Event: 2.439 loading class java/lang/invoke/BoundMethodHandle$Species_LLLLLLI
Event: 2.440 loading class java/lang/invoke/BoundMethodHandle$Species_LLLLLLI done
Event: 2.440 Executing VM operation: G1CollectForAllocation
Event: 2.450 Executing VM operation: G1CollectForAllocation done
Event: 2.452 loading class java/lang/invoke/BoundMethodHandle$Species_LLLLLLII
Event: 2.453 loading class java/lang/invoke/BoundMethodHandle$Species_LLLLLLII done
Event: 2.454 loading class java/lang/invoke/BoundMethodHandle$Species_LLLLLLIIL
Event: 2.454 loading class java/lang/invoke/BoundMethodHandle$Species_LLLLLLIIL done
Event: 2.461 loading class java/lang/invoke/BoundMethodHandle$Species_LLLLLLL
Event: 2.461 loading class java/lang/invoke/BoundMethodHandle$Species_LLLLLLL done
Event: 2.463 loading class java/lang/invoke/BoundMethodHandle$Species_LLLLLLLL
Event: 2.463 loading class java/lang/invoke/BoundMethodHandle$Species_LLLLLLLL done
Event: 2.469 loading class java/lang/invoke/BoundMethodHandle$Species_LLLLLLLLI
Event: 2.469 loading class java/lang/invoke/BoundMethodHandle$Species_LLLLLLLLI done
Event: 2.471 loading class java/lang/invoke/BoundMethodHandle$Species_LLLLLLLLII
Event: 2.471 loading class java/lang/invoke/BoundMethodHandle$Species_LLLLLLLLII done
Event: 2.474 loading class java/lang/invoke/BoundMethodHandle$Species_LLLLLLLLIIL
Event: 2.474 loading class java/lang/invoke/BoundMethodHandle$Species_LLLLLLLLIIL done


Dynamic libraries:
c2e00000-c6c00000 rw-p 00000000 00:00 0 
c6c00000-ffe00000 ---p 00000000 00:00 0 
ffe00000-ffe47000 rw-p 00b0a000 08:03 1060156                            /usr/lib/jvm/java-11-openjdk-amd64/lib/server/classes.jsa
ffe47000-fff00000 rw-p 00000000 00:00 0 
fff00000-fff6b000 rw-p 00a9f000 08:03 1060156                            /usr/lib/jvm/java-11-openjdk-amd64/lib/server/classes.jsa
fff6b000-100000000 rw-p 00000000 00:00 0 
800000000-800002000 rwxp 00001000 08:03 1060156                          /usr/lib/jvm/java-11-openjdk-amd64/lib/server/classes.jsa
800002000-8003cc000 rw-p 00003000 08:03 1060156                          /usr/lib/jvm/java-11-openjdk-amd64/lib/server/classes.jsa
8003cc000-800a9d000 r--p 003cd000 08:03 1060156                          /usr/lib/jvm/java-11-openjdk-amd64/lib/server/classes.jsa
800a9d000-800a9e000 rw-p 00a9e000 08:03 1060156                          /usr/lib/jvm/java-11-openjdk-amd64/lib/server/classes.jsa
840000000-8400c0000 rw-p 00000000 00:00 0 
8400c0000-880000000 ---p 00000000 00:00 0 
562e40945000-562e40946000 r--p 00000000 08:03 1058673                    /usr/lib/jvm/java-11-openjdk-amd64/bin/java
562e40946000-562e40947000 r-xp 00001000 08:03 1058673                    /usr/lib/jvm/java-11-openjdk-amd64/bin/java
562e40947000-562e40948000 r--p 00002000 08:03 1058673                    /usr/lib/jvm/java-11-openjdk-amd64/bin/java
562e40948000-562e40949000 r--p 00002000 08:03 1058673                    /usr/lib/jvm/java-11-openjdk-amd64/bin/java
562e40949000-562e4094a000 rw-p 00003000 08:03 1058673                    /usr/lib/jvm/java-11-openjdk-amd64/bin/java
562e41d8c000-562e41dce000 rw-p 00000000 00:00 0                          [heap]
7f4acd400000-7f4acdd26000 r--p 00000000 08:03 1579535                    /home/doudou/.javacpp/cache/llvm-13.0.1-1.5.7-linux-x86_64.jar/org/bytedeco/llvm/linux-x86_64/libLLVM-13.so
7f4acdd26000-7f4ad16e9000 r-xp 00926000 08:03 1579535                    /home/doudou/.javacpp/cache/llvm-13.0.1-1.5.7-linux-x86_64.jar/org/bytedeco/llvm/linux-x86_64/libLLVM-13.so
7f4ad16e9000-7f4ad393e000 r--p 042e9000 08:03 1579535                    /home/doudou/.javacpp/cache/llvm-13.0.1-1.5.7-linux-x86_64.jar/org/bytedeco/llvm/linux-x86_64/libLLVM-13.so
7f4ad393e000-7f4ad3e53000 r--p 0653d000 08:03 1579535                    /home/doudou/.javacpp/cache/llvm-13.0.1-1.5.7-linux-x86_64.jar/org/bytedeco/llvm/linux-x86_64/libLLVM-13.so
7f4ad3e53000-7f4ad3e5e000 rw-p 06a52000 08:03 1579535                    /home/doudou/.javacpp/cache/llvm-13.0.1-1.5.7-linux-x86_64.jar/org/bytedeco/llvm/linux-x86_64/libLLVM-13.so
7f4ad3e5e000-7f4ad3ed4000 rw-p 00000000 00:00 0 
7f4ad4000000-7f4ad4021000 rw-p 00000000 00:00 0 
7f4ad4021000-7f4ad8000000 ---p 00000000 00:00 0 
7f4ad8000000-7f4ad8021000 rw-p 00000000 00:00 0 
7f4ad8021000-7f4adc000000 ---p 00000000 00:00 0 
7f4adc000000-7f4adc417000 rw-p 00000000 00:00 0 
7f4adc417000-7f4ae0000000 ---p 00000000 00:00 0 
7f4ae0000000-7f4ae032d000 rw-p 00000000 00:00 0 
7f4ae032d000-7f4ae4000000 ---p 00000000 00:00 0 
7f4ae4000000-7f4ae4021000 rw-p 00000000 00:00 0 
7f4ae4021000-7f4ae8000000 ---p 00000000 00:00 0 
7f4ae8000000-7f4ae8021000 rw-p 00000000 00:00 0 
7f4ae8021000-7f4aec000000 ---p 00000000 00:00 0 
7f4aec000000-7f4aec021000 rw-p 00000000 00:00 0 
7f4aec021000-7f4af0000000 ---p 00000000 00:00 0 
7f4af0000000-7f4af0021000 rw-p 00000000 00:00 0 
7f4af0021000-7f4af4000000 ---p 00000000 00:00 0 
7f4af4000000-7f4af4021000 rw-p 00000000 00:00 0 
7f4af4021000-7f4af8000000 ---p 00000000 00:00 0 
7f4af8000000-7f4af8021000 rw-p 00000000 00:00 0 
7f4af8021000-7f4afc000000 ---p 00000000 00:00 0 
7f4afd9f6000-7f4afda5b000 r--p 00000000 08:03 1579540                    /home/doudou/.javacpp/cache/llvm-13.0.1-1.5.7-linux-x86_64.jar/org/bytedeco/llvm/linux-x86_64/libjniLLVM.so
7f4afda5b000-7f4afdac9000 r-xp 00065000 08:03 1579540                    /home/doudou/.javacpp/cache/llvm-13.0.1-1.5.7-linux-x86_64.jar/org/bytedeco/llvm/linux-x86_64/libjniLLVM.so
7f4afdac9000-7f4afdaf4000 r--p 000d3000 08:03 1579540                    /home/doudou/.javacpp/cache/llvm-13.0.1-1.5.7-linux-x86_64.jar/org/bytedeco/llvm/linux-x86_64/libjniLLVM.so
7f4afdaf4000-7f4afdaf7000 r--p 000fd000 08:03 1579540                    /home/doudou/.javacpp/cache/llvm-13.0.1-1.5.7-linux-x86_64.jar/org/bytedeco/llvm/linux-x86_64/libjniLLVM.so
7f4afdaf7000-7f4afdafa000 rw-p 00100000 08:03 1579540                    /home/doudou/.javacpp/cache/llvm-13.0.1-1.5.7-linux-x86_64.jar/org/bytedeco/llvm/linux-x86_64/libjniLLVM.so
7f4afdafa000-7f4afdafc000 rw-p 00000000 00:00 0 
7f4afdafc000-7f4afdb00000 ---p 00000000 00:00 0 
7f4afdb00000-7f4afdbfc000 rw-p 00000000 00:00 0 
7f4afdbfc000-7f4afdbfd000 ---p 00000000 00:00 0 
7f4afdbfd000-7f4afdcfe000 rw-p 00000000 00:00 0 
7f4afdcfe000-7f4afdd02000 ---p 00000000 00:00 0 
7f4afdd02000-7f4afddfe000 rw-p 00000000 00:00 0 
7f4afddfe000-7f4afddff000 ---p 00000000 00:00 0 
7f4afddff000-7f4afdf00000 rw-p 00000000 00:00 0 
7f4afdf00000-7f4afdf04000 ---p 00000000 00:00 0 
7f4afdf04000-7f4afe000000 rw-p 00000000 00:00 0 
7f4afe000000-7f4afe004000 ---p 00000000 00:00 0 
7f4afe004000-7f4afe100000 rw-p 00000000 00:00 0 
7f4afe100000-7f4afe104000 ---p 00000000 00:00 0 
7f4afe104000-7f4afe200000 rw-p 00000000 00:00 0 
7f4afe200000-7f4afe204000 ---p 00000000 00:00 0 
7f4afe204000-7f4afe300000 rw-p 00000000 00:00 0 
7f4afe300000-7f4afe304000 ---p 00000000 00:00 0 
7f4afe304000-7f4afe400000 rw-p 00000000 00:00 0 
7f4afe400000-7f4afe404000 ---p 00000000 00:00 0 
7f4afe404000-7f4afe500000 rw-p 00000000 00:00 0 
7f4afe500000-7f4afe504000 ---p 00000000 00:00 0 
7f4afe504000-7f4afe600000 rw-p 00000000 00:00 0 
7f4afe600000-7f4aff3e7000 r--p 00000000 08:03 534858                     /usr/lib/locale/locale-archive
7f4aff47d000-7f4aff481000 ---p 00000000 00:00 0 
7f4aff481000-7f4aff57d000 rw-p 00000000 00:00 0 
7f4aff57d000-7f4aff581000 ---p 00000000 00:00 0 
7f4aff581000-7f4aff67d000 rw-p 00000000 00:00 0 
7f4aff67d000-7f4aff67e000 ---p 00000000 00:00 0 
7f4aff67e000-7f4affe00000 rw-p 00000000 00:00 0 
7f4affe00000-7f4b00000000 ---p 00000000 00:00 0 
7f4b00000000-7f4b00021000 rw-p 00000000 00:00 0 
7f4b00021000-7f4b04000000 ---p 00000000 00:00 0 
7f4b04000000-7f4b04021000 rw-p 00000000 00:00 0 
7f4b04021000-7f4b08000000 ---p 00000000 00:00 0 
7f4b08000000-7f4b08021000 rw-p 00000000 00:00 0 
7f4b08021000-7f4b0c000000 ---p 00000000 00:00 0 
7f4b0c000000-7f4b0c007000 r--p 00000000 08:03 1579536                    /home/doudou/.javacpp/cache/llvm-13.0.1-1.5.7-linux-x86_64.jar/org/bytedeco/llvm/linux-x86_64/libLTO.so.13
7f4b0c007000-7f4b0c00f000 r-xp 00007000 08:03 1579536                    /home/doudou/.javacpp/cache/llvm-13.0.1-1.5.7-linux-x86_64.jar/org/bytedeco/llvm/linux-x86_64/libLTO.so.13
7f4b0c00f000-7f4b0c011000 r--p 0000f000 08:03 1579536                    /home/doudou/.javacpp/cache/llvm-13.0.1-1.5.7-linux-x86_64.jar/org/bytedeco/llvm/linux-x86_64/libLTO.so.13
7f4b0c011000-7f4b0c012000 r--p 00010000 08:03 1579536                    /home/doudou/.javacpp/cache/llvm-13.0.1-1.5.7-linux-x86_64.jar/org/bytedeco/llvm/linux-x86_64/libLTO.so.13
7f4b0c012000-7f4b0c013000 rw-p 00011000 08:03 1579536                    /home/doudou/.javacpp/cache/llvm-13.0.1-1.5.7-linux-x86_64.jar/org/bytedeco/llvm/linux-x86_64/libLTO.so.13
7f4b0c013000-7f4b0c06e000 rw-p 00000000 00:00 0 
7f4b0c06e000-7f4b0c06f000 ---p 00000000 00:00 0 
7f4b0c06f000-7f4b0e268000 rw-p 00000000 00:00 0 
7f4b0e268000-7f4b0f0b0000 ---p 00000000 00:00 0 
7f4b0f0b0000-7f4b0f1b0000 rw-p 00000000 00:00 0 
7f4b0f1b0000-7f4b0fff8000 ---p 00000000 00:00 0 
7f4b0fff8000-7f4b10000000 rw-p 00000000 00:00 0 
7f4b10000000-7f4b10021000 rw-p 00000000 00:00 0 
7f4b10021000-7f4b14000000 ---p 00000000 00:00 0 
7f4b14011000-7f4b14012000 ---p 00000000 00:00 0 
7f4b14012000-7f4b14315000 rw-p 00000000 00:00 0 
7f4b14315000-7f4b14316000 ---p 00000000 00:00 0 
7f4b14316000-7f4b14436000 rw-p 00000000 00:00 0 
7f4b14436000-7f4b145ff000 ---p 00000000 00:00 0 
7f4b145ff000-7f4b14600000 rw-p 00000000 00:00 0 
7f4b14600000-7f4b14870000 rwxp 00000000 00:00 0 
7f4b14870000-7f4b14b8f000 ---p 00000000 00:00 0 
7f4b14b8f000-7f4b14dff000 rwxp 00000000 00:00 0 
7f4b14dff000-7f4b1c0c7000 ---p 00000000 00:00 0 
7f4b1c0c7000-7f4b1c337000 rwxp 00000000 00:00 0 
7f4b1c337000-7f4b23600000 ---p 00000000 00:00 0 
7f4b23600000-7f4b2be0b000 r--s 00000000 08:03 1058832                    /usr/lib/jvm/java-11-openjdk-amd64/lib/modules
7f4b2be12000-7f4b2be13000 r--p 00000000 08:03 551276                     /usr/lib/x86_64-linux-gnu/libdl.so.2
7f4b2be13000-7f4b2be14000 r-xp 00001000 08:03 551276                     /usr/lib/x86_64-linux-gnu/libdl.so.2
7f4b2be14000-7f4b2be15000 r--p 00002000 08:03 551276                     /usr/lib/x86_64-linux-gnu/libdl.so.2
7f4b2be15000-7f4b2be16000 r--p 00002000 08:03 551276                     /usr/lib/x86_64-linux-gnu/libdl.so.2
7f4b2be16000-7f4b2be17000 rw-p 00003000 08:03 551276                     /usr/lib/x86_64-linux-gnu/libdl.so.2
7f4b2be17000-7f4b2be36000 rw-p 00000000 00:00 0 
7f4b2be36000-7f4b2bfff000 ---p 00000000 00:00 0 
7f4b2bfff000-7f4b2c000000 rw-p 00000000 00:00 0 
7f4b2c000000-7f4b2c3e0000 rw-p 00000000 00:00 0 
7f4b2c3e0000-7f4b30000000 ---p 00000000 00:00 0 
7f4b30005000-7f4b3000c000 r--s 00000000 08:03 553557                     /usr/lib/x86_64-linux-gnu/gconv/gconv-modules.cache
7f4b3000c000-7f4b3000d000 r--p 00000000 08:03 1579538                    /home/doudou/.javacpp/cache/llvm-13.0.1-1.5.7-linux-x86_64.jar/org/bytedeco/llvm/linux-x86_64/libRemarks.so.13
7f4b3000d000-7f4b3000e000 r-xp 00001000 08:03 1579538                    /home/doudou/.javacpp/cache/llvm-13.0.1-1.5.7-linux-x86_64.jar/org/bytedeco/llvm/linux-x86_64/libRemarks.so.13
7f4b3000e000-7f4b3000f000 r--p 00002000 08:03 1579538                    /home/doudou/.javacpp/cache/llvm-13.0.1-1.5.7-linux-x86_64.jar/org/bytedeco/llvm/linux-x86_64/libRemarks.so.13
7f4b3000f000-7f4b30010000 r--p 00002000 08:03 1579538                    /home/doudou/.javacpp/cache/llvm-13.0.1-1.5.7-linux-x86_64.jar/org/bytedeco/llvm/linux-x86_64/libRemarks.so.13
7f4b30010000-7f4b30011000 rw-p 00003000 08:03 1579538                    /home/doudou/.javacpp/cache/llvm-13.0.1-1.5.7-linux-x86_64.jar/org/bytedeco/llvm/linux-x86_64/libRemarks.so.13
7f4b30011000-7f4b30012000 ---p 00000000 00:00 0 
7f4b30012000-7f4b30132000 rw-p 00000000 00:00 0 
7f4b30132000-7f4b302fb000 ---p 00000000 00:00 0 
7f4b302fb000-7f4b304fe000 rw-p 00000000 00:00 0 
7f4b304fe000-7f4b304ff000 ---p 00000000 00:00 0 
7f4b304ff000-7f4b30600000 rw-p 00000000 00:00 0 
7f4b30600000-7f4b3069a000 r--p 00000000 08:03 552221                     /usr/lib/x86_64-linux-gnu/libstdc++.so.6.0.30
7f4b3069a000-7f4b307aa000 r-xp 0009a000 08:03 552221                     /usr/lib/x86_64-linux-gnu/libstdc++.so.6.0.30
7f4b307aa000-7f4b30819000 r--p 001aa000 08:03 552221                     /usr/lib/x86_64-linux-gnu/libstdc++.so.6.0.30
7f4b30819000-7f4b30824000 r--p 00218000 08:03 552221                     /usr/lib/x86_64-linux-gnu/libstdc++.so.6.0.30
7f4b30824000-7f4b30827000 rw-p 00223000 08:03 552221                     /usr/lib/x86_64-linux-gnu/libstdc++.so.6.0.30
7f4b30827000-7f4b3082f000 rw-p 00000000 00:00 0 
7f4b3082f000-7f4b30915000 ---p 00000000 00:00 0 
7f4b30915000-7f4b3091a000 rw-p 00000000 00:00 0 
7f4b3091a000-7f4b30a00000 ---p 00000000 00:00 0 
7f4b30a00000-7f4b30c82000 r--p 00000000 08:03 1058837                    /usr/lib/jvm/java-11-openjdk-amd64/lib/server/libjvm.so
7f4b30c82000-7f4b3191e000 r-xp 00282000 08:03 1058837                    /usr/lib/jvm/java-11-openjdk-amd64/lib/server/libjvm.so
7f4b3191e000-7f4b31b79000 r--p 00f1e000 08:03 1058837                    /usr/lib/jvm/java-11-openjdk-amd64/lib/server/libjvm.so
7f4b31b79000-7f4b31b7a000 ---p 01179000 08:03 1058837                    /usr/lib/jvm/java-11-openjdk-amd64/lib/server/libjvm.so
7f4b31b7a000-7f4b31c3e000 r--p 01179000 08:03 1058837                    /usr/lib/jvm/java-11-openjdk-amd64/lib/server/libjvm.so
7f4b31c3e000-7f4b31c79000 rw-p 0123d000 08:03 1058837                    /usr/lib/jvm/java-11-openjdk-amd64/lib/server/libjvm.so
7f4b31c79000-7f4b31cd0000 rw-p 00000000 00:00 0 
7f4b31cd2000-7f4b31cd3000 r--p 00000000 08:03 552054                     /usr/lib/x86_64-linux-gnu/libpthread.so.0
7f4b31cd3000-7f4b31cd4000 r-xp 00001000 08:03 552054                     /usr/lib/x86_64-linux-gnu/libpthread.so.0
7f4b31cd4000-7f4b31cd5000 r--p 00002000 08:03 552054                     /usr/lib/x86_64-linux-gnu/libpthread.so.0
7f4b31cd5000-7f4b31cd6000 r--p 00002000 08:03 552054                     /usr/lib/x86_64-linux-gnu/libpthread.so.0
7f4b31cd6000-7f4b31cd7000 rw-p 00003000 08:03 552054                     /usr/lib/x86_64-linux-gnu/libpthread.so.0
7f4b31cd7000-7f4b31cdb000 r--p 00000000 08:03 1579530                    /home/doudou/.javacpp/cache/javacpp-1.5.7-linux-x86_64.jar/org/bytedeco/javacpp/linux-x86_64/libjnijavacpp.so
7f4b31cdb000-7f4b31ce2000 r-xp 00004000 08:03 1579530                    /home/doudou/.javacpp/cache/javacpp-1.5.7-linux-x86_64.jar/org/bytedeco/javacpp/linux-x86_64/libjnijavacpp.so
7f4b31ce2000-7f4b31ce6000 r--p 0000b000 08:03 1579530                    /home/doudou/.javacpp/cache/javacpp-1.5.7-linux-x86_64.jar/org/bytedeco/javacpp/linux-x86_64/libjnijavacpp.so
7f4b31ce6000-7f4b31ce7000 r--p 0000e000 08:03 1579530                    /home/doudou/.javacpp/cache/javacpp-1.5.7-linux-x86_64.jar/org/bytedeco/javacpp/linux-x86_64/libjnijavacpp.so
7f4b31ce7000-7f4b31ce8000 rw-p 0000f000 08:03 1579530                    /home/doudou/.javacpp/cache/javacpp-1.5.7-linux-x86_64.jar/org/bytedeco/javacpp/linux-x86_64/libjnijavacpp.so
7f4b31ce8000-7f4b31cec000 r--p 00000000 08:03 1058822                    /usr/lib/jvm/java-11-openjdk-amd64/lib/libnet.so
7f4b31cec000-7f4b31cfa000 r-xp 00004000 08:03 1058822                    /usr/lib/jvm/java-11-openjdk-amd64/lib/libnet.so
7f4b31cfa000-7f4b31cfe000 r--p 00012000 08:03 1058822                    /usr/lib/jvm/java-11-openjdk-amd64/lib/libnet.so
7f4b31cfe000-7f4b31cff000 r--p 00015000 08:03 1058822                    /usr/lib/jvm/java-11-openjdk-amd64/lib/libnet.so
7f4b31cff000-7f4b31d00000 rw-p 00016000 08:03 1058822                    /usr/lib/jvm/java-11-openjdk-amd64/lib/libnet.so
7f4b31d00000-7f4b31d04000 ---p 00000000 00:00 0 
7f4b31d04000-7f4b31e00000 rw-p 00000000 00:00 0 
7f4b31e00000-7f4b31e28000 r--p 00000000 08:03 551134                     /usr/lib/x86_64-linux-gnu/libc.so.6
7f4b31e28000-7f4b31fbd000 r-xp 00028000 08:03 551134                     /usr/lib/x86_64-linux-gnu/libc.so.6
7f4b31fbd000-7f4b32015000 r--p 001bd000 08:03 551134                     /usr/lib/x86_64-linux-gnu/libc.so.6
7f4b32015000-7f4b32019000 r--p 00214000 08:03 551134                     /usr/lib/x86_64-linux-gnu/libc.so.6
7f4b32019000-7f4b3201b000 rw-p 00218000 08:03 551134                     /usr/lib/x86_64-linux-gnu/libc.so.6
7f4b3201b000-7f4b32028000 rw-p 00000000 00:00 0 
7f4b3202a000-7f4b3202b000 r--p 00000000 08:03 1058804                    /usr/lib/jvm/java-11-openjdk-amd64/lib/libextnet.so
7f4b3202b000-7f4b3202c000 r-xp 00001000 08:03 1058804                    /usr/lib/jvm/java-11-openjdk-amd64/lib/libextnet.so
7f4b3202c000-7f4b3202d000 r--p 00002000 08:03 1058804                    /usr/lib/jvm/java-11-openjdk-amd64/lib/libextnet.so
7f4b3202d000-7f4b3202e000 r--p 00002000 08:03 1058804                    /usr/lib/jvm/java-11-openjdk-amd64/lib/libextnet.so
7f4b3202e000-7f4b3202f000 rw-p 00003000 08:03 1058804                    /usr/lib/jvm/java-11-openjdk-amd64/lib/libextnet.so
7f4b3202f000-7f4b32036000 r--p 00000000 08:03 1058823                    /usr/lib/jvm/java-11-openjdk-amd64/lib/libnio.so
7f4b32036000-7f4b3203e000 r-xp 00007000 08:03 1058823                    /usr/lib/jvm/java-11-openjdk-amd64/lib/libnio.so
7f4b3203e000-7f4b32041000 r--p 0000f000 08:03 1058823                    /usr/lib/jvm/java-11-openjdk-amd64/lib/libnio.so
7f4b32041000-7f4b32042000 r--p 00011000 08:03 1058823                    /usr/lib/jvm/java-11-openjdk-amd64/lib/libnio.so
7f4b32042000-7f4b32043000 rw-p 00012000 08:03 1058823                    /usr/lib/jvm/java-11-openjdk-amd64/lib/libnio.so
7f4b32043000-7f4b32069000 rw-p 00000000 00:00 0 
7f4b32069000-7f4b32070000 ---p 00000000 00:00 0 
7f4b32070000-7f4b32072000 r--p 00000000 08:03 1058831                    /usr/lib/jvm/java-11-openjdk-amd64/lib/libzip.so
7f4b32072000-7f4b32077000 r-xp 00002000 08:03 1058831                    /usr/lib/jvm/java-11-openjdk-amd64/lib/libzip.so
7f4b32077000-7f4b32079000 r--p 00007000 08:03 1058831                    /usr/lib/jvm/java-11-openjdk-amd64/lib/libzip.so
7f4b32079000-7f4b3207a000 r--p 00008000 08:03 1058831                    /usr/lib/jvm/java-11-openjdk-amd64/lib/libzip.so
7f4b3207a000-7f4b3207b000 rw-p 00009000 08:03 1058831                    /usr/lib/jvm/java-11-openjdk-amd64/lib/libzip.so
7f4b3207b000-7f4b32083000 rw-s 00000000 08:03 262226                     /tmp/hsperfdata_doudou/26145
7f4b32083000-7f4b32085000 r--p 00000000 08:03 1058806                    /usr/lib/jvm/java-11-openjdk-amd64/lib/libinstrument.so
7f4b32085000-7f4b3208c000 r-xp 00002000 08:03 1058806                    /usr/lib/jvm/java-11-openjdk-amd64/lib/libinstrument.so
7f4b3208c000-7f4b3208f000 r--p 00009000 08:03 1058806                    /usr/lib/jvm/java-11-openjdk-amd64/lib/libinstrument.so
7f4b3208f000-7f4b32090000 r--p 0000b000 08:03 1058806                    /usr/lib/jvm/java-11-openjdk-amd64/lib/libinstrument.so
7f4b32090000-7f4b32091000 rw-p 0000c000 08:03 1058806                    /usr/lib/jvm/java-11-openjdk-amd64/lib/libinstrument.so
7f4b32091000-7f4b3209f000 r--p 00000000 08:03 1058811                    /usr/lib/jvm/java-11-openjdk-amd64/lib/libjava.so
7f4b3209f000-7f4b320b5000 r-xp 0000e000 08:03 1058811                    /usr/lib/jvm/java-11-openjdk-amd64/lib/libjava.so
7f4b320b5000-7f4b320bc000 r--p 00024000 08:03 1058811                    /usr/lib/jvm/java-11-openjdk-amd64/lib/libjava.so
7f4b320bc000-7f4b320bd000 r--p 0002a000 08:03 1058811                    /usr/lib/jvm/java-11-openjdk-amd64/lib/libjava.so
7f4b320bd000-7f4b320be000 rw-p 0002b000 08:03 1058811                    /usr/lib/jvm/java-11-openjdk-amd64/lib/libjava.so
7f4b320be000-7f4b320bf000 rw-p 00000000 00:00 0 
7f4b320bf000-7f4b320c4000 r--p 00000000 08:03 1058830                    /usr/lib/jvm/java-11-openjdk-amd64/lib/libverify.so
7f4b320c4000-7f4b320cb000 r-xp 00005000 08:03 1058830                    /usr/lib/jvm/java-11-openjdk-amd64/lib/libverify.so
7f4b320cb000-7f4b320cd000 r--p 0000c000 08:03 1058830                    /usr/lib/jvm/java-11-openjdk-amd64/lib/libverify.so
7f4b320cd000-7f4b320cf000 r--p 0000d000 08:03 1058830                    /usr/lib/jvm/java-11-openjdk-amd64/lib/libverify.so
7f4b320cf000-7f4b320d0000 rw-p 0000f000 08:03 1058830                    /usr/lib/jvm/java-11-openjdk-amd64/lib/libverify.so
7f4b320d0000-7f4b320d1000 r--p 00000000 08:03 552110                     /usr/lib/x86_64-linux-gnu/librt.so.1
7f4b320d1000-7f4b320d2000 r-xp 00001000 08:03 552110                     /usr/lib/x86_64-linux-gnu/librt.so.1
7f4b320d2000-7f4b320d3000 r--p 00002000 08:03 552110                     /usr/lib/x86_64-linux-gnu/librt.so.1
7f4b320d3000-7f4b320d4000 r--p 00002000 08:03 552110                     /usr/lib/x86_64-linux-gnu/librt.so.1
7f4b320d4000-7f4b320d5000 rw-p 00003000 08:03 552110                     /usr/lib/x86_64-linux-gnu/librt.so.1
7f4b320d5000-7f4b320d8000 r--p 00000000 08:03 551433                     /usr/lib/x86_64-linux-gnu/libgcc_s.so.1
7f4b320d8000-7f4b320ef000 r-xp 00003000 08:03 551433                     /usr/lib/x86_64-linux-gnu/libgcc_s.so.1
7f4b320ef000-7f4b320f3000 r--p 0001a000 08:03 551433                     /usr/lib/x86_64-linux-gnu/libgcc_s.so.1
7f4b320f3000-7f4b320f4000 r--p 0001d000 08:03 551433                     /usr/lib/x86_64-linux-gnu/libgcc_s.so.1
7f4b320f4000-7f4b320f5000 rw-p 0001e000 08:03 551433                     /usr/lib/x86_64-linux-gnu/libgcc_s.so.1
7f4b320f5000-7f4b32103000 r--p 00000000 08:03 551785                     /usr/lib/x86_64-linux-gnu/libm.so.6
7f4b32103000-7f4b3217f000 r-xp 0000e000 08:03 551785                     /usr/lib/x86_64-linux-gnu/libm.so.6
7f4b3217f000-7f4b321da000 r--p 0008a000 08:03 551785                     /usr/lib/x86_64-linux-gnu/libm.so.6
7f4b321da000-7f4b321db000 r--p 000e4000 08:03 551785                     /usr/lib/x86_64-linux-gnu/libm.so.6
7f4b321db000-7f4b321dc000 rw-p 000e5000 08:03 551785                     /usr/lib/x86_64-linux-gnu/libm.so.6
7f4b321dc000-7f4b321de000 rw-p 00000000 00:00 0 
7f4b321de000-7f4b321e0000 r--p 00000000 08:03 552488                     /usr/lib/x86_64-linux-gnu/libz.so.1.2.11
7f4b321e0000-7f4b321f1000 r-xp 00002000 08:03 552488                     /usr/lib/x86_64-linux-gnu/libz.so.1.2.11
7f4b321f1000-7f4b321f7000 r--p 00013000 08:03 552488                     /usr/lib/x86_64-linux-gnu/libz.so.1.2.11
7f4b321f7000-7f4b321f8000 ---p 00019000 08:03 552488                     /usr/lib/x86_64-linux-gnu/libz.so.1.2.11
7f4b321f8000-7f4b321f9000 r--p 00019000 08:03 552488                     /usr/lib/x86_64-linux-gnu/libz.so.1.2.11
7f4b321f9000-7f4b321fa000 rw-p 0001a000 08:03 552488                     /usr/lib/x86_64-linux-gnu/libz.so.1.2.11
7f4b321fe000-7f4b321ff000 ---p 00000000 00:00 0 
7f4b321ff000-7f4b32200000 r--p 00000000 00:00 0 
7f4b32200000-7f4b32202000 r--p 00000000 08:03 1058814                    /usr/lib/jvm/java-11-openjdk-amd64/lib/libjimage.so
7f4b32202000-7f4b32205000 r-xp 00002000 08:03 1058814                    /usr/lib/jvm/java-11-openjdk-amd64/lib/libjimage.so
7f4b32205000-7f4b32206000 r--p 00005000 08:03 1058814                    /usr/lib/jvm/java-11-openjdk-amd64/lib/libjimage.so
7f4b32206000-7f4b32207000 ---p 00006000 08:03 1058814                    /usr/lib/jvm/java-11-openjdk-amd64/lib/libjimage.so
7f4b32207000-7f4b32208000 r--p 00006000 08:03 1058814                    /usr/lib/jvm/java-11-openjdk-amd64/lib/libjimage.so
7f4b32208000-7f4b32209000 rw-p 00007000 08:03 1058814                    /usr/lib/jvm/java-11-openjdk-amd64/lib/libjimage.so
7f4b32209000-7f4b3220c000 r--p 00000000 08:03 1058796                    /usr/lib/jvm/java-11-openjdk-amd64/lib/jli/libjli.so
7f4b3220c000-7f4b32216000 r-xp 00003000 08:03 1058796                    /usr/lib/jvm/java-11-openjdk-amd64/lib/jli/libjli.so
7f4b32216000-7f4b32219000 r--p 0000d000 08:03 1058796                    /usr/lib/jvm/java-11-openjdk-amd64/lib/jli/libjli.so
7f4b32219000-7f4b3221a000 ---p 00010000 08:03 1058796                    /usr/lib/jvm/java-11-openjdk-amd64/lib/jli/libjli.so
7f4b3221a000-7f4b3221b000 r--p 00010000 08:03 1058796                    /usr/lib/jvm/java-11-openjdk-amd64/lib/jli/libjli.so
7f4b3221b000-7f4b3221c000 rw-p 00011000 08:03 1058796                    /usr/lib/jvm/java-11-openjdk-amd64/lib/jli/libjli.so
7f4b3221c000-7f4b3221e000 rw-p 00000000 00:00 0 
7f4b3221e000-7f4b32220000 r--p 00000000 08:03 550792                     /usr/lib/x86_64-linux-gnu/ld-linux-x86-64.so.2
7f4b32220000-7f4b3224a000 r-xp 00002000 08:03 550792                     /usr/lib/x86_64-linux-gnu/ld-linux-x86-64.so.2
7f4b3224a000-7f4b32255000 r--p 0002c000 08:03 550792                     /usr/lib/x86_64-linux-gnu/ld-linux-x86-64.so.2
7f4b32256000-7f4b32258000 r--p 00037000 08:03 550792                     /usr/lib/x86_64-linux-gnu/ld-linux-x86-64.so.2
7f4b32258000-7f4b3225a000 rw-p 00039000 08:03 550792                     /usr/lib/x86_64-linux-gnu/ld-linux-x86-64.so.2
7ffcc6fd5000-7ffcc6ff6000 rw-p 00000000 00:00 0                          [stack]
7ffcc6ff6000-7ffcc6ffa000 r--p 00000000 00:00 0                          [vvar]
7ffcc6ffa000-7ffcc6ffc000 r-xp 00000000 00:00 0                          [vdso]
ffffffffff600000-ffffffffff601000 --xp 00000000 00:00 0                  [vsyscall]


VM Arguments:
jvm_args: -javaagent:/snap/intellij-idea-ultimate/437/lib/idea_rt.jar=37147:/snap/intellij-idea-ultimate/437/bin -Dfile.encoding=UTF-8 
java_command: Main /home/doudou/lab/Lab/tests/test1.sysy /home/doudou/lab/Lab/tests/out.txt
java_class_path (initial): /home/doudou/lab/Lab/out/production/Lab:/usr/local/lib/antlr-4.9.1-complete.jar:/usr/local/lib/javacpp-1.5.7-linux-x86_64.jar:/usr/local/lib/javacpp-1.5.7.jar:/usr/local/lib/llvm-13.0.1-1.5.7-linux-x86_64.jar:/usr/local/lib/llvm-13.0.1-1.5.7.jar:/usr/local/lib/llvm-platform-13.0.1-1.5.7.jar
Launcher Type: SUN_STANDARD

[Global flags]
     intx CICompilerCount                          = 2                                         {product} {ergonomic}
     uint ConcGCThreads                            = 1                                         {product} {ergonomic}
     uint G1ConcRefinementThreads                  = 2                                         {product} {ergonomic}
   size_t G1HeapRegionSize                         = 1048576                                   {product} {ergonomic}
    uintx GCDrainStackTargetSize                   = 64                                        {product} {ergonomic}
   size_t InitialHeapSize                          = 65011712                                  {product} {ergonomic}
   size_t MarkStackSize                            = 4194304                                   {product} {ergonomic}
   size_t MaxHeapSize                              = 1025507328                                {product} {ergonomic}
   size_t MaxNewSize                               = 614465536                                 {product} {ergonomic}
   size_t MinHeapDeltaBytes                        = 1048576                                   {product} {ergonomic}
    uintx NonNMethodCodeHeapSize                   = 5825164                                {pd product} {ergonomic}
    uintx NonProfiledCodeHeapSize                  = 122916538                              {pd product} {ergonomic}
    uintx ProfiledCodeHeapSize                     = 122916538                              {pd product} {ergonomic}
    uintx ReservedCodeCacheSize                    = 251658240                              {pd product} {ergonomic}
     bool SegmentedCodeCache                       = true                                      {product} {ergonomic}
     bool UseCompressedClassPointers               = true                                 {lp64_product} {ergonomic}
     bool UseCompressedOops                        = true                                 {lp64_product} {ergonomic}
     bool UseG1GC                                  = true                                      {product} {ergonomic}

Logging:
Log output configuration:
 #0: stdout all=warning uptime,level,tags
 #1: stderr all=off uptime,level,tags

Environment Variables:
PATH=/usr/local/sbin:/usr/local/bin:/usr/sbin:/usr/bin:/sbin:/bin:/usr/games:/usr/local/games:/snap/bin:/snap/bin
USERNAME=doudou
SHELL=/bin/bash
DISPLAY=:0
LANG=en_US.UTF-8
LC_NUMERIC=zh_CN.UTF-8
LC_TIME=zh_CN.UTF-8

Signal Handlers:
SIGSEGV: [libjvm.so+0xeabd80], sa_mask[0]=11111111011111111101111111111110, sa_flags=SA_RESTART|SA_SIGINFO
SIGBUS: [libjvm.so+0xeabd80], sa_mask[0]=11111111011111111101111111111110, sa_flags=SA_RESTART|SA_SIGINFO
SIGFPE: [libjvm.so+0xeabd80], sa_mask[0]=11111111011111111101111111111110, sa_flags=SA_RESTART|SA_SIGINFO
SIGPIPE: [libjvm.so+0xbee610], sa_mask[0]=11111111011111111101111111111110, sa_flags=SA_RESTART|SA_SIGINFO
SIGXFSZ: [libjvm.so+0xbee610], sa_mask[0]=11111111011111111101111111111110, sa_flags=SA_RESTART|SA_SIGINFO
SIGILL: [libjvm.so+0xeabd80], sa_mask[0]=11111111011111111101111111111110, sa_flags=SA_RESTART|SA_SIGINFO
SIGUSR2: [libjvm.so+0xbee4b0], sa_mask[0]=00100000000000000000000000000000, sa_flags=SA_RESTART|SA_SIGINFO
SIGHUP: [libjvm.so+0xbeec50], sa_mask[0]=11111111011111111101111111111110, sa_flags=SA_RESTART|SA_SIGINFO
SIGINT: [libjvm.so+0xbeec50], sa_mask[0]=11111111011111111101111111111110, sa_flags=SA_RESTART|SA_SIGINFO
SIGTERM: [libjvm.so+0xbeec50], sa_mask[0]=11111111011111111101111111111110, sa_flags=SA_RESTART|SA_SIGINFO
SIGQUIT: [libjvm.so+0xbeec50], sa_mask[0]=11111111011111111101111111111110, sa_flags=SA_RESTART|SA_SIGINFO


---------------  S Y S T E M  ---------------

OS:DISTRIB_ID=Ubuntu
DISTRIB_RELEASE=22.04
DISTRIB_CODENAME=jammy
DISTRIB_DESCRIPTION="Ubuntu 22.04.2 LTS"
uname:Linux 5.19.0-45-generic #46~22.04.1-Ubuntu SMP PREEMPT_DYNAMIC Wed Jun 7 15:06:04 UTC 20 x86_64
OS uptime: 0 days 18:22 hours
libc:glibc 2.35 NPTL 2.35 
rlimit (soft/hard): STACK 8192k/infinity , CORE 0k/infinity , NPROC 15333/15333 , NOFILE 1048576/1048576 , AS infinity/infinity , CPU infinity/infinity , DATA infinity/infinity , FSIZE infinity/infinity , MEMLOCK 500652k/500652k
load average:1.91 1.31 1.00

/proc/meminfo:
MemTotal:        4005236 kB
MemFree:          124044 kB
MemAvailable:     142156 kB
Buffers:            3304 kB
Cached:           200640 kB
SwapCached:        32316 kB
Active:          1257020 kB
Inactive:        1014308 kB
Active(anon):    1123052 kB
Inactive(anon):   952112 kB
Active(file):     133968 kB
Inactive(file):    62196 kB
Unevictable:           0 kB
Mlocked:               0 kB
SwapTotal:       3512316 kB
SwapFree:        1711368 kB
Zswap:                 0 kB
Zswapped:              0 kB
Dirty:              6612 kB
Writeback:             0 kB
AnonPages:       2042816 kB
Mapped:           108112 kB
Shmem:              7680 kB
KReclaimable:      53092 kB
Slab:             238028 kB
SReclaimable:      53092 kB
SUnreclaim:       184936 kB
KernelStack:       11248 kB
PageTables:        27136 kB
NFS_Unstable:          0 kB
Bounce:                0 kB
WritebackTmp:          0 kB
CommitLimit:     5514932 kB
Committed_AS:    6274464 kB
VmallocTotal:   34359738367 kB
VmallocUsed:       46604 kB
VmallocChunk:          0 kB
Percpu:             2216 kB
HardwareCorrupted:     0 kB
AnonHugePages:         0 kB
ShmemHugePages:        0 kB
ShmemPmdMapped:        0 kB
FileHugePages:         0 kB
FilePmdMapped:         0 kB
HugePages_Total:       0
HugePages_Free:        0
HugePages_Rsvd:        0
HugePages_Surp:        0
Hugepagesize:       2048 kB
Hugetlb:               0 kB
DirectMap4k:      216896 kB
DirectMap2M:     3977216 kB
DirectMap1G:     2097152 kB

/sys/kernel/mm/transparent_hugepage/enabled:
always [madvise] never
/sys/kernel/mm/transparent_hugepage/defrag (defrag/compaction efforts parameter):
always defer defer+madvise [madvise] never

Process Memory:
Virtual Size: 3685920K (peak: 12384612K)
Resident Set Size: 94104K (peak: 94104K) (anon: 38292K, file: 55812K, shmem: 0K)
Swapped out: 0K
C-Heap outstanding allocations: 15519K, retained: 2080K
glibc malloc tunables: (default)

/proc/sys/kernel/threads-max (system-wide limit on the number of threads):
30667
/proc/sys/vm/max_map_count (maximum number of memory map areas a process may have):
65530
/proc/sys/kernel/pid_max (system-wide limit on number of process identifiers):
4194304

container (cgroup) information:
container_type: cgroupv2
cpu_cpuset_cpus: not supported
cpu_memory_nodes: not supported
active_processor_count: 2
cpu_quota: not supported
cpu_period: not supported
cpu_shares: not supported
memory_limit_in_bytes: unlimited
memory_and_swap_limit_in_bytes: unlimited
memory_soft_limit_in_bytes: unlimited
memory_usage_in_bytes: 2071480 k
memory_max_usage_in_bytes: not supported
memory_swap_current_in_bytes: 914480 k
memory_swap_max_limit_in_bytes: unlimited
maximum number of tasks: 4600
current number of tasks: 162

VMWare virtualization detected
Steal ticks since vm start: 0
Steal ticks percentage since vm start:  0.000

CPU:total 2 (initial active 2) (1 cores per cpu, 1 threads per core) family 6 model 140 stepping 1 microcode 0xffffffff, cmov, cx8, fxsr, mmx, sse, sse2, sse3, ssse3, sse4.1, sse4.2, popcnt, avx, avx2, aes, clmul, erms, 3dnowpref, lzcnt, tsc, tscinvbit, bmi1, bmi2, adx, evex, sha, fma
CPU Model and flags from /proc/cpuinfo:
model name	: 11th Gen Intel(R) Core(TM) i7-1165G7 @ 2.80GHz
flags		: fpu vme de pse tsc msr pae mce cx8 apic sep mtrr pge mca cmov pat pse36 clflush mmx fxsr sse sse2 ss syscall nx pdpe1gb rdtscp lm constant_tsc arch_perfmon rep_good nopl xtopology tsc_reliable nonstop_tsc cpuid tsc_known_freq pni pclmulqdq ssse3 fma cx16 pcid sse4_1 sse4_2 x2apic movbe popcnt tsc_deadline_timer aes xsave avx f16c rdrand hypervisor lahf_lm abm 3dnowprefetch invpcid_single pti ssbd ibrs ibpb stibp fsgsbase tsc_adjust bmi1 avx2 smep bmi2 erms invpcid avx512f avx512dq rdseed adx smap avx512ifma clflushopt clwb avx512cd sha_ni avx512bw avx512vl xsaveopt xsavec xgetbv1 xsaves arat avx512vbmi umip avx512_vbmi2 gfni vaes vpclmulqdq avx512_vnni avx512_bitalg avx512_vpopcntdq rdpid fsrm avx512_vp2intersect flush_l1d arch_capabilities
Online cpus:
0-1
Offline cpus:

BIOS frequency limitation:
<Not Available>
Frequency switch latency (ns):
<Not Available>
Available cpu frequencies:
<Not Available>
Current governor:
<Not Available>
Core performance/turbo boost:
<Not Available>

Memory: 4k page, physical 4005236k(123792k free), swap 3512316k(1711368k free)

vm_info: OpenJDK 64-Bit Server VM (11.0.19+7-post-Ubuntu-0ubuntu122.04.1) for linux-amd64 JRE (11.0.19+7-post-Ubuntu-0ubuntu122.04.1), built on May 10 2023 00:54:00 by "unknown" with gcc 11.3.0

END.
