#
# A fatal error has been detected by the Java Runtime Environment:
#
#  SIGSEGV (0xb) at pc=0x00007fc405d54ae4, pid=16412, tid=16413
#
# JRE version: OpenJDK Runtime Environment (11.0.19+7) (build 11.0.19+7-post-Ubuntu-0ubuntu122.04.1)
# Java VM: OpenJDK 64-Bit Server VM (11.0.19+7-post-Ubuntu-0ubuntu122.04.1, mixed mode, sharing, tiered, compressed oops, g1 gc, linux-amd64)
# Problematic frame:
# C  [libLLVM-13.so+0xd54ae4]  llvm::PointerType::get(llvm::Type*, unsigned int)+0x14
#
# Core dump will be written. Default location: Core dumps may be processed with "/usr/share/apport/apport -p%p -s%s -c%c -d%d -P%P -u%u -g%g -- %E" (or dumping to /home/doudou/lab/Lab/core.16412)
#
# If you would like to submit a bug report, please visit:
#   https://bugs.launchpad.net/ubuntu/+source/openjdk-lts
# The crash happened outside the Java Virtual Machine in native code.
# See problematic frame for where to report the bug.
#

---------------  S U M M A R Y ------------

Command Line: -javaagent:/snap/intellij-idea-ultimate/437/lib/idea_rt.jar=34635:/snap/intellij-idea-ultimate/437/bin -Dfile.encoding=UTF-8 Main /home/doudou/lab/Lab/tests/test1.sysy /home/doudou/lab/Lab/tests/out.txt

Host: 11th Gen Intel(R) Core(TM) i7-1165G7 @ 2.80GHz, 2 cores, 3G, Ubuntu 22.04.2 LTS
Time: Tue Jun 27 20:05:53 2023 CST elapsed time: 2.824942 seconds (0d 0h 0m 2s)

---------------  T H R E A D  ---------------

Current thread (0x00007fc460016800):  JavaThread "main" [_thread_in_native, id=16413, stack(0x00007fc466b00000,0x00007fc466c00000)]

Stack: [0x00007fc466b00000,0x00007fc466c00000],  sp=0x00007fc466bfdd50,  free space=1015k
Native frames: (J=compiled Java code, A=aot compiled Java code, j=interpreted, Vv=VM code, C=native code)
C  [libLLVM-13.so+0xd54ae4]  llvm::PointerType::get(llvm::Type*, unsigned int)+0x14

Java frames: (J=compiled Java code, j=interpreted, Vv=VM code)
j  org.bytedeco.llvm.global.LLVM.LLVMBuildInBoundsGEP(Lorg/bytedeco/llvm/LLVM/LLVMBuilderRef;Lorg/bytedeco/llvm/LLVM/LLVMValueRef;Lorg/bytedeco/javacpp/PointerPointer;ILjava/lang/String;)Lorg/bytedeco/llvm/LLVM/LLVMValueRef;+0
j  SysYLlvmVisitor.visitExp(LSysYParser$ExpContext;)Lorg/bytedeco/llvm/LLVM/LLVMValueRef;+283
j  SysYLlvmVisitor.visitStmt(LSysYParser$StmtContext;)Lorg/bytedeco/llvm/LLVM/LLVMValueRef;+21
j  SysYLlvmVisitor.visitStmt(LSysYParser$StmtContext;)Ljava/lang/Object;+2
j  SysYParser$StmtContext.accept(Lorg/antlr/v4/runtime/tree/ParseTreeVisitor;)Ljava/lang/Object;+12
j  org.antlr.v4.runtime.tree.AbstractParseTreeVisitor.visitChildren(Lorg/antlr/v4/runtime/tree/RuleNode;)Ljava/lang/Object;+46
j  SysYParserBaseVisitor.visitBlockItem(LSysYParser$BlockItemContext;)Ljava/lang/Object;+2
j  SysYParser$BlockItemContext.accept(Lorg/antlr/v4/runtime/tree/ParseTreeVisitor;)Ljava/lang/Object;+12
j  org.antlr.v4.runtime.tree.AbstractParseTreeVisitor.visitChildren(Lorg/antlr/v4/runtime/tree/RuleNode;)Ljava/lang/Object;+46
j  SysYParserBaseVisitor.visitBlock(LSysYParser$BlockContext;)Ljava/lang/Object;+2
j  SysYParser$BlockContext.accept(Lorg/antlr/v4/runtime/tree/ParseTreeVisitor;)Ljava/lang/Object;+12
j  org.antlr.v4.runtime.tree.AbstractParseTreeVisitor.visit(Lorg/antlr/v4/runtime/tree/ParseTree;)Ljava/lang/Object;+2
j  SysYLlvmVisitor.visitFuncDef(LSysYParser$FuncDefContext;)Lorg/bytedeco/llvm/LLVM/LLVMValueRef;+552
j  SysYLlvmVisitor.visitCompUnit(LSysYParser$CompUnitContext;)Lorg/bytedeco/llvm/LLVM/LLVMValueRef;+893
j  SysYLlvmVisitor.visitCompUnit(LSysYParser$CompUnitContext;)Ljava/lang/Object;+2
j  SysYParser$CompUnitContext.accept(Lorg/antlr/v4/runtime/tree/ParseTreeVisitor;)Ljava/lang/Object;+12
j  org.antlr.v4.runtime.tree.AbstractParseTreeVisitor.visitChildren(Lorg/antlr/v4/runtime/tree/RuleNode;)Ljava/lang/Object;+46
j  SysYParserBaseVisitor.visitProgram(LSysYParser$ProgramContext;)Ljava/lang/Object;+2
j  SysYParser$ProgramContext.accept(Lorg/antlr/v4/runtime/tree/ParseTreeVisitor;)Ljava/lang/Object;+12
j  org.antlr.v4.runtime.tree.AbstractParseTreeVisitor.visit(Lorg/antlr/v4/runtime/tree/ParseTree;)Ljava/lang/Object;+2
j  Main.main([Ljava/lang/String;)V+218
v  ~StubRoutines::call_stub

siginfo: si_signo: 11 (SIGSEGV), si_code: 1 (SEGV_MAPERR), si_addr: 0x0000000000000000

Register to memory mapping:

RAX=0x0 is NULL
RBX=0x0 is NULL
RCX=0x00007fc4603cac40 points into unknown readable memory: 0x00007fc4603b2af0 | f0 2a 3b 60 c4 7f 00 00
RDX=0x000000000000000d is an unknown value
RSP=0x00007fc466bfdd50 is pointing into the stack for thread: 0x00007fc460016800
RBP=0x00007fc4603d3630 points into unknown readable memory: 0x00007fc4603cac40 | 40 ac 3c 60 c4 7f 00 00
RSI=0x0 is NULL
RDI=0x0 is NULL
R8 =0x0 is NULL
R9 =0x0000000000000002 is an unknown value
R10=0x00007fc405054fd0: <offset 0x0000000000054fd0> in /home/doudou/.javacpp/cache/llvm-13.0.1-1.5.7-linux-x86_64.jar/org/bytedeco/llvm/linux-x86_64/libLLVM-13.so at 0x00007fc405000000
R11=0x00007fc405c2d210: LLVMBuildInBoundsGEP+0x0000000000000000 in /home/doudou/.javacpp/cache/llvm-13.0.1-1.5.7-linux-x86_64.jar/org/bytedeco/llvm/linux-x86_64/libLLVM-13.so at 0x00007fc405000000
R12=0x0 is NULL
R13=0x00007fc4603d3c90 points into unknown readable memory: 0x00007fc4603c9f00 | 00 9f 3c 60 c4 7f 00 00
R14=0x0000000000000002 is an unknown value
R15=0x00007fc4603cabc0 points into unknown readable memory: 0x00007fc4603b2af0 | f0 2a 3b 60 c4 7f 00 00


Registers:
RAX=0x0000000000000000, RBX=0x0000000000000000, RCX=0x00007fc4603cac40, RDX=0x000000000000000d
RSP=0x00007fc466bfdd50, RBP=0x00007fc4603d3630, RSI=0x0000000000000000, RDI=0x0000000000000000
R8 =0x0000000000000000, R9 =0x0000000000000002, R10=0x00007fc405054fd0, R11=0x00007fc405c2d210
R12=0x0000000000000000, R13=0x00007fc4603d3c90, R14=0x0000000000000002, R15=0x00007fc4603cabc0
RIP=0x00007fc405d54ae4, EFLAGS=0x0000000000010206, CSGSFS=0x002b000000000033, ERR=0x0000000000000004
  TRAPNO=0x000000000000000e

Top of Stack: (sp=0x00007fc466bfdd50)
0x00007fc466bfdd50:   0000000000000000 0000000000000000
0x00007fc466bfdd60:   00000000000000b0 0000000000000003
0x00007fc466bfdd70:   00007fc466bfdf70 00007fc4603a2420
0x00007fc466bfdd80:   00007fc4603d3630 00007fc4603c54b0 

Instructions: (pc=0x00007fc405d54ae4)
0x00007fc405d549e4:   00 e0 ff ff 75 07 48 85 c9 49 0f 44 c8 45 01 d1
0x00007fc405d549f4:   45 8d 5a 01 41 21 f9 45 89 c8 49 c1 e0 04 49 01
0x00007fc405d54a04:   c0 49 8b 10 48 85 d2 0f 85 85 00 00 00 4c 89 c0
0x00007fc405d54a14:   e9 e7 f6 ff ff 8b 83 f8 08 00 00 8d 48 01 48 85
0x00007fc405d54a24:   ff 0f 84 fc f6 ff ff 48 8b 07 48 89 fa e9 57 f2
0x00007fc405d54a34:   ff ff 48 85 ff 75 0b 48 81 f9 00 e0 ff ff 49 0f
0x00007fc405d54a44:   44 f8 45 01 d1 45 8d 5a 01 41 21 d1 45 89 c8 49
0x00007fc405d54a54:   c1 e0 04 49 01 c0 49 8b 08 48 85 c9 74 af 45 89
0x00007fc405d54a64:   da e9 3f fc ff ff 48 81 ff 00 e0 ff ff 0f 85 a4
0x00007fc405d54a74:   f7 ff ff 83 7a 08 fe 0f 85 9a f7 ff ff 4d 85 c0
0x00007fc405d54a84:   4c 0f 44 c2 e9 8e f7 ff ff 89 54 24 08 e9 ee fd
0x00007fc405d54a94:   ff ff 45 89 da e9 42 fe ff ff 48 81 fe 00 e0 ff
0x00007fc405d54aa4:   ff 0f 85 51 fa ff ff 83 7a 08 fe 0f 85 47 fa ff
0x00007fc405d54ab4:   ff 48 85 ff 48 0f 44 fa e9 3b fa ff ff e9 c7 42
0x00007fc405d54ac4:   bd ff 66 2e 0f 1f 84 00 00 00 00 00 41 57 41 56
0x00007fc405d54ad4:   41 55 41 54 41 89 f4 55 53 48 89 fb 48 83 ec 28
0x00007fc405d54ae4:   48 8b 3f 48 8b 2f 80 bd d0 08 00 00 00 75 7d 80
0x00007fc405d54af4:   7b 08 0f 75 07 48 83 7b 18 00 74 70 45 85 e4 0f
0x00007fc405d54b04:   85 87 00 00 00 44 8b bd e8 08 00 00 4c 8b ad d8
0x00007fc405d54b14:   08 00 00 45 85 ff 0f 84 50 01 00 00 41 89 de 89
0x00007fc405d54b24:   d8 45 8d 47 ff c1 e8 09 41 c1 ee 04 41 31 c6 44
0x00007fc405d54b34:   89 f7 44 21 c7 89 f8 48 c1 e0 04 49 8d 54 05 00
0x00007fc405d54b44:   48 8b 32 48 39 de 0f 85 70 07 00 00 48 8b 42 08
0x00007fc405d54b54:   4c 8d 72 08 48 85 c0 0f 84 b4 02 00 00 48 83 c4
0x00007fc405d54b64:   28 5b 5d 41 5c 41 5d 41 5e 41 5f c3 48 83 c4 28
0x00007fc405d54b74:   44 89 e6 5b 5d 41 5c 41 5d 41 5e 41 5f e9 ba ef
0x00007fc405d54b84:   ff ff 66 2e 0f 1f 84 00 00 00 00 00 44 8b bd 00
0x00007fc405d54b94:   09 00 00 4c 8b ad f0 08 00 00 45 85 ff 0f 84 51
0x00007fc405d54ba4:   03 00 00 89 d8 89 da 41 8d 77 ff 41 b8 01 00 00
0x00007fc405d54bb4:   00 c1 ea 09 c1 e8 04 89 f7 31 d0 43 8d 14 e4 41
0x00007fc405d54bc4:   8d 14 94 48 c1 e0 20 48 09 d0 48 c1 e2 20 48 83
0x00007fc405d54bd4:   e8 01 48 29 d0 48 89 c2 48 c1 ea 16 48 31 d0 48 


Stack slot to memory mapping:
stack at sp + 0 slots: 0x0 is NULL
stack at sp + 1 slots: 0x0 is NULL
stack at sp + 2 slots: 0x00000000000000b0 is an unknown value
stack at sp + 3 slots: 0x0000000000000003 is an unknown value
stack at sp + 4 slots: 0x00007fc466bfdf70 is pointing into the stack for thread: 0x00007fc460016800
stack at sp + 5 slots: 0x00007fc4603a2420 points into unknown readable memory: 0x00007fc4603a2430 | 30 24 3a 60 c4 7f 00 00
stack at sp + 6 slots: 0x00007fc4603d3630 points into unknown readable memory: 0x00007fc4603cac40 | 40 ac 3c 60 c4 7f 00 00
stack at sp + 7 slots: 0x00007fc4603c54b0 points into unknown readable memory: 0x6c6c2f6568636163 | 63 61 63 68 65 2f 6c 6c


---------------  P R O C E S S  ---------------

Threads class SMR info:
_java_thread_list=0x00007fc41c000c40, length=12, elements={
0x00007fc460016800, 0x00007fc460120000, 0x00007fc460122000, 0x00007fc460128800,
0x00007fc46012a800, 0x00007fc46012c800, 0x00007fc46012f000, 0x00007fc460131000,
0x00007fc460146800, 0x00007fc4601ed000, 0x00007fc460207800, 0x00007fc41c001000
}

Java Threads: ( => current thread )
=>0x00007fc460016800 JavaThread "main" [_thread_in_native, id=16413, stack(0x00007fc466b00000,0x00007fc466c00000)]
  0x00007fc460120000 JavaThread "Reference Handler" daemon [_thread_blocked, id=16420, stack(0x00007fc448500000,0x00007fc448600000)]
  0x00007fc460122000 JavaThread "Finalizer" daemon [_thread_blocked, id=16421, stack(0x00007fc448400000,0x00007fc448500000)]
  0x00007fc460128800 JavaThread "Signal Dispatcher" daemon [_thread_blocked, id=16422, stack(0x00007fc448300000,0x00007fc448400000)]
  0x00007fc46012a800 JavaThread "Service Thread" daemon [_thread_blocked, id=16423, stack(0x00007fc448200000,0x00007fc448300000)]
  0x00007fc46012c800 JavaThread "C2 CompilerThread0" daemon [_thread_blocked, id=16424, stack(0x00007fc448100000,0x00007fc448200000)]
  0x00007fc46012f000 JavaThread "C1 CompilerThread0" daemon [_thread_blocked, id=16425, stack(0x00007fc448000000,0x00007fc448100000)]
  0x00007fc460131000 JavaThread "Sweeper thread" daemon [_thread_blocked, id=16426, stack(0x00007fc440100000,0x00007fc440200000)]
  0x00007fc460146800 JavaThread "Common-Cleaner" daemon [_thread_blocked, id=16427, stack(0x00007fc440000000,0x00007fc440100000)]
  0x00007fc4601ed000 JavaThread "Monitor Ctrl-Break" daemon [_thread_in_native, id=16428, stack(0x00007fc40bf00000,0x00007fc40c000000)]
  0x00007fc460207800 JavaThread "JavaCPP Deallocator" daemon [_thread_blocked, id=16430, stack(0x00007fc40bcfe000,0x00007fc40bdfe000)]
  0x00007fc41c001000 JavaThread "Attach Listener" daemon [_thread_blocked, id=16431, stack(0x00007fc40bbfe000,0x00007fc40bcfe000)]

Other Threads:
  0x00007fc46011d000 VMThread "VM Thread" [stack: 0x00007fc45fe7f000,0x00007fc45ff7f000] [id=16419]
  0x00007fc4601ee800 WatcherThread [stack: 0x00007fc40be00000,0x00007fc40bf00000] [id=16429]
  0x00007fc46002f800 GCTaskThread "GC Thread#0" [stack: 0x00007fc46652a000,0x00007fc46662a000] [id=16414]
  0x00007fc430001000 GCTaskThread "GC Thread#1" [stack: 0x00007fc40bafe000,0x00007fc40bbfe000] [id=16432]
  0x00007fc46004a800 ConcurrentGCThread "G1 Main Marker" [stack: 0x00007fc464d23000,0x00007fc464e23000] [id=16415]
  0x00007fc46004c800 ConcurrentGCThread "G1 Conc#0" [stack: 0x00007fc464c21000,0x00007fc464d21000] [id=16416]
  0x00007fc460087800 ConcurrentGCThread "G1 Refine#0" [stack: 0x00007fc46491d000,0x00007fc464a1d000] [id=16417]
  0x00007fc460089800 ConcurrentGCThread "G1 Young RemSet Sampling" [stack: 0x00007fc46481b000,0x00007fc46491b000] [id=16418]

Threads with active compile tasks:

VM state:not at safepoint (normal execution)

VM Mutex/Monitor currently owned by a thread: None

Heap address: 0x00000000c2e00000, size: 978 MB, Compressed Oops mode: 32-bit
Narrow klass base: 0x0000000800000000, Narrow klass shift: 3
Compressed class space size: 1073741824 Address: 0x0000000840000000

Heap:
 garbage-first heap   total 65536K, used 6570K [0x00000000c2e00000, 0x0000000100000000)
  region size 1024K, 7 young (7168K), 1 survivors (1024K)
 Metaspace       used 4260K, capacity 6637K, committed 6912K, reserved 1056768K
  class space    used 452K, capacity 701K, committed 768K, reserved 1048576K
Heap Regions: E=young(eden), S=young(survivor), O=old, HS=humongous(starts), HC=humongous(continues), CS=collection set, F=free, A=archive, TAMS=top-at-mark-start (previous, next)
|   0|0x00000000c2e00000, 0x00000000c2eb8800, 0x00000000c2f00000| 72%| O|  |TAMS 0x00000000c2e00000, 0x00000000c2e00000| Untracked 
|   1|0x00000000c2f00000, 0x00000000c2f00000, 0x00000000c3000000|  0%| F|  |TAMS 0x00000000c2f00000, 0x00000000c2f00000| Untracked 
|   2|0x00000000c3000000, 0x00000000c3000000, 0x00000000c3100000|  0%| F|  |TAMS 0x00000000c3000000, 0x00000000c3000000| Untracked 
|   3|0x00000000c3100000, 0x00000000c3100000, 0x00000000c3200000|  0%| F|  |TAMS 0x00000000c3100000, 0x00000000c3100000| Untracked 
|   4|0x00000000c3200000, 0x00000000c3200000, 0x00000000c3300000|  0%| F|  |TAMS 0x00000000c3200000, 0x00000000c3200000| Untracked 
|   5|0x00000000c3300000, 0x00000000c3300000, 0x00000000c3400000|  0%| F|  |TAMS 0x00000000c3300000, 0x00000000c3300000| Untracked 
|   6|0x00000000c3400000, 0x00000000c3400000, 0x00000000c3500000|  0%| F|  |TAMS 0x00000000c3400000, 0x00000000c3400000| Untracked 
|   7|0x00000000c3500000, 0x00000000c3500000, 0x00000000c3600000|  0%| F|  |TAMS 0x00000000c3500000, 0x00000000c3500000| Untracked 
|   8|0x00000000c3600000, 0x00000000c3600000, 0x00000000c3700000|  0%| F|  |TAMS 0x00000000c3600000, 0x00000000c3600000| Untracked 
|   9|0x00000000c3700000, 0x00000000c3700000, 0x00000000c3800000|  0%| F|  |TAMS 0x00000000c3700000, 0x00000000c3700000| Untracked 
|  10|0x00000000c3800000, 0x00000000c3800000, 0x00000000c3900000|  0%| F|  |TAMS 0x00000000c3800000, 0x00000000c3800000| Untracked 
|  11|0x00000000c3900000, 0x00000000c3900000, 0x00000000c3a00000|  0%| F|  |TAMS 0x00000000c3900000, 0x00000000c3900000| Untracked 
|  12|0x00000000c3a00000, 0x00000000c3a00000, 0x00000000c3b00000|  0%| F|  |TAMS 0x00000000c3a00000, 0x00000000c3a00000| Untracked 
|  13|0x00000000c3b00000, 0x00000000c3b00000, 0x00000000c3c00000|  0%| F|  |TAMS 0x00000000c3b00000, 0x00000000c3b00000| Untracked 
|  14|0x00000000c3c00000, 0x00000000c3c00000, 0x00000000c3d00000|  0%| F|  |TAMS 0x00000000c3c00000, 0x00000000c3c00000| Untracked 
|  15|0x00000000c3d00000, 0x00000000c3d00000, 0x00000000c3e00000|  0%| F|  |TAMS 0x00000000c3d00000, 0x00000000c3d00000| Untracked 
|  16|0x00000000c3e00000, 0x00000000c3e00000, 0x00000000c3f00000|  0%| F|  |TAMS 0x00000000c3e00000, 0x00000000c3e00000| Untracked 
|  17|0x00000000c3f00000, 0x00000000c3f00000, 0x00000000c4000000|  0%| F|  |TAMS 0x00000000c3f00000, 0x00000000c3f00000| Untracked 
|  18|0x00000000c4000000, 0x00000000c4000000, 0x00000000c4100000|  0%| F|  |TAMS 0x00000000c4000000, 0x00000000c4000000| Untracked 
|  19|0x00000000c4100000, 0x00000000c4100000, 0x00000000c4200000|  0%| F|  |TAMS 0x00000000c4100000, 0x00000000c4100000| Untracked 
|  20|0x00000000c4200000, 0x00000000c4200000, 0x00000000c4300000|  0%| F|  |TAMS 0x00000000c4200000, 0x00000000c4200000| Untracked 
|  21|0x00000000c4300000, 0x00000000c4300000, 0x00000000c4400000|  0%| F|  |TAMS 0x00000000c4300000, 0x00000000c4300000| Untracked 
|  22|0x00000000c4400000, 0x00000000c4400000, 0x00000000c4500000|  0%| F|  |TAMS 0x00000000c4400000, 0x00000000c4400000| Untracked 
|  23|0x00000000c4500000, 0x00000000c4500000, 0x00000000c4600000|  0%| F|  |TAMS 0x00000000c4500000, 0x00000000c4500000| Untracked 
|  24|0x00000000c4600000, 0x00000000c4600000, 0x00000000c4700000|  0%| F|  |TAMS 0x00000000c4600000, 0x00000000c4600000| Untracked 
|  25|0x00000000c4700000, 0x00000000c4700000, 0x00000000c4800000|  0%| F|  |TAMS 0x00000000c4700000, 0x00000000c4700000| Untracked 
|  26|0x00000000c4800000, 0x00000000c4800000, 0x00000000c4900000|  0%| F|  |TAMS 0x00000000c4800000, 0x00000000c4800000| Untracked 
|  27|0x00000000c4900000, 0x00000000c4900000, 0x00000000c4a00000|  0%| F|  |TAMS 0x00000000c4900000, 0x00000000c4900000| Untracked 
|  28|0x00000000c4a00000, 0x00000000c4a00000, 0x00000000c4b00000|  0%| F|  |TAMS 0x00000000c4a00000, 0x00000000c4a00000| Untracked 
|  29|0x00000000c4b00000, 0x00000000c4b00000, 0x00000000c4c00000|  0%| F|  |TAMS 0x00000000c4b00000, 0x00000000c4b00000| Untracked 
|  30|0x00000000c4c00000, 0x00000000c4c00000, 0x00000000c4d00000|  0%| F|  |TAMS 0x00000000c4c00000, 0x00000000c4c00000| Untracked 
|  31|0x00000000c4d00000, 0x00000000c4d00000, 0x00000000c4e00000|  0%| F|  |TAMS 0x00000000c4d00000, 0x00000000c4d00000| Untracked 
|  32|0x00000000c4e00000, 0x00000000c4e00000, 0x00000000c4f00000|  0%| F|  |TAMS 0x00000000c4e00000, 0x00000000c4e00000| Untracked 
|  33|0x00000000c4f00000, 0x00000000c4f00000, 0x00000000c5000000|  0%| F|  |TAMS 0x00000000c4f00000, 0x00000000c4f00000| Untracked 
|  34|0x00000000c5000000, 0x00000000c5000000, 0x00000000c5100000|  0%| F|  |TAMS 0x00000000c5000000, 0x00000000c5000000| Untracked 
|  35|0x00000000c5100000, 0x00000000c5100000, 0x00000000c5200000|  0%| F|  |TAMS 0x00000000c5100000, 0x00000000c5100000| Untracked 
|  36|0x00000000c5200000, 0x00000000c5200000, 0x00000000c5300000|  0%| F|  |TAMS 0x00000000c5200000, 0x00000000c5200000| Untracked 
|  37|0x00000000c5300000, 0x00000000c5300000, 0x00000000c5400000|  0%| F|  |TAMS 0x00000000c5300000, 0x00000000c5300000| Untracked 
|  38|0x00000000c5400000, 0x00000000c5400000, 0x00000000c5500000|  0%| F|  |TAMS 0x00000000c5400000, 0x00000000c5400000| Untracked 
|  39|0x00000000c5500000, 0x00000000c5500000, 0x00000000c5600000|  0%| F|  |TAMS 0x00000000c5500000, 0x00000000c5500000| Untracked 
|  40|0x00000000c5600000, 0x00000000c5600000, 0x00000000c5700000|  0%| F|  |TAMS 0x00000000c5600000, 0x00000000c5600000| Untracked 
|  41|0x00000000c5700000, 0x00000000c5700000, 0x00000000c5800000|  0%| F|  |TAMS 0x00000000c5700000, 0x00000000c5700000| Untracked 
|  42|0x00000000c5800000, 0x00000000c5800000, 0x00000000c5900000|  0%| F|  |TAMS 0x00000000c5800000, 0x00000000c5800000| Untracked 
|  43|0x00000000c5900000, 0x00000000c5900000, 0x00000000c5a00000|  0%| F|  |TAMS 0x00000000c5900000, 0x00000000c5900000| Untracked 
|  44|0x00000000c5a00000, 0x00000000c5a00000, 0x00000000c5b00000|  0%| F|  |TAMS 0x00000000c5a00000, 0x00000000c5a00000| Untracked 
|  45|0x00000000c5b00000, 0x00000000c5b00000, 0x00000000c5c00000|  0%| F|  |TAMS 0x00000000c5b00000, 0x00000000c5b00000| Untracked 
|  46|0x00000000c5c00000, 0x00000000c5c00000, 0x00000000c5d00000|  0%| F|  |TAMS 0x00000000c5c00000, 0x00000000c5c00000| Untracked 
|  47|0x00000000c5d00000, 0x00000000c5d00000, 0x00000000c5e00000|  0%| F|  |TAMS 0x00000000c5d00000, 0x00000000c5d00000| Untracked 
|  48|0x00000000c5e00000, 0x00000000c5e00000, 0x00000000c5f00000|  0%| F|  |TAMS 0x00000000c5e00000, 0x00000000c5e00000| Untracked 
|  49|0x00000000c5f00000, 0x00000000c5f00000, 0x00000000c6000000|  0%| F|  |TAMS 0x00000000c5f00000, 0x00000000c5f00000| Untracked 
|  50|0x00000000c6000000, 0x00000000c6000000, 0x00000000c6100000|  0%| F|  |TAMS 0x00000000c6000000, 0x00000000c6000000| Untracked 
|  51|0x00000000c6100000, 0x00000000c6100000, 0x00000000c6200000|  0%| F|  |TAMS 0x00000000c6100000, 0x00000000c6100000| Untracked 
|  52|0x00000000c6200000, 0x00000000c6200000, 0x00000000c6300000|  0%| F|  |TAMS 0x00000000c6200000, 0x00000000c6200000| Untracked 
|  53|0x00000000c6300000, 0x00000000c6300000, 0x00000000c6400000|  0%| F|  |TAMS 0x00000000c6300000, 0x00000000c6300000| Untracked 
|  54|0x00000000c6400000, 0x00000000c6500000, 0x00000000c6500000|100%| S|CS|TAMS 0x00000000c6400000, 0x00000000c6400000| Complete 
|  55|0x00000000c6500000, 0x00000000c6500000, 0x00000000c6600000|  0%| F|  |TAMS 0x00000000c6500000, 0x00000000c6500000| Untracked 
|  56|0x00000000c6600000, 0x00000000c6680800, 0x00000000c6700000| 50%| E|  |TAMS 0x00000000c6600000, 0x00000000c6600000| Complete 
|  57|0x00000000c6700000, 0x00000000c6800000, 0x00000000c6800000|100%| E|CS|TAMS 0x00000000c6700000, 0x00000000c6700000| Complete 
|  58|0x00000000c6800000, 0x00000000c6900000, 0x00000000c6900000|100%| E|CS|TAMS 0x00000000c6800000, 0x00000000c6800000| Complete 
|  59|0x00000000c6900000, 0x00000000c6a00000, 0x00000000c6a00000|100%| E|CS|TAMS 0x00000000c6900000, 0x00000000c6900000| Complete 
|  60|0x00000000c6a00000, 0x00000000c6b00000, 0x00000000c6b00000|100%| E|CS|TAMS 0x00000000c6a00000, 0x00000000c6a00000| Complete 
|  61|0x00000000c6b00000, 0x00000000c6c00000, 0x00000000c6c00000|100%| E|  |TAMS 0x00000000c6b00000, 0x00000000c6b00000| Complete 
| 976|0x00000000ffe00000, 0x00000000ffe47000, 0x00000000fff00000| 27%|OA|  |TAMS 0x00000000ffe00000, 0x00000000ffe00000| Untracked 
| 977|0x00000000fff00000, 0x00000000fff6b000, 0x0000000100000000| 41%|CA|  |TAMS 0x00000000fff00000, 0x00000000fff00000| Untracked 

Card table byte_map: [0x00007fc465f54000,0x00007fc46613d000] _byte_map_base: 0x00007fc46593d000

Marking Bits (Prev, Next): (CMBitMap*) 0x00007fc460045b88, (CMBitMap*) 0x00007fc460045bc0
 Prev Bits: [0x00007fc464e23000, 0x00007fc465d6b000)
 Next Bits: [0x00007fc4430b8000, 0x00007fc444000000)

Polling page: 0x00007fc4682d8000

Metaspace:

Usage:
  Non-class:      5.80 MB capacity,     3.72 MB ( 64%) used,     2.07 MB ( 36%) free+waste,     7.62 KB ( <1%) overhead. 
      Class:    701.00 KB capacity,   452.14 KB ( 64%) used,   244.80 KB ( 35%) free+waste,     4.06 KB ( <1%) overhead. 
       Both:      6.48 MB capacity,     4.16 MB ( 64%) used,     2.31 MB ( 36%) free+waste,    11.69 KB ( <1%) overhead. 

Virtual space:
  Non-class space:        8.00 MB reserved,       6.00 MB ( 75%) committed 
      Class space:        1.00 GB reserved,     768.00 KB ( <1%) committed 
             Both:        1.01 GB reserved,       6.75 MB ( <1%) committed 

Chunk freelists:
   Non-Class:  0 bytes
       Class:  3.00 KB
        Both:  3.00 KB

MaxMetaspaceSize: unlimited
CompressedClassSpaceSize: 1.00 GB
Initial GC threshold: 20.80 MB
Current GC threshold: 20.80 MB
CDS: on

CodeHeap 'non-profiled nmethods': size=120036Kb used=245Kb max_used=245Kb free=119790Kb
 bounds [0x00007fc4500c7000, 0x00007fc450337000, 0x00007fc457600000]
CodeHeap 'profiled nmethods': size=120032Kb used=1431Kb max_used=1431Kb free=118600Kb
 bounds [0x00007fc448b8f000, 0x00007fc448dff000, 0x00007fc4500c7000]
CodeHeap 'non-nmethods': size=5692Kb used=1161Kb max_used=1173Kb free=4530Kb
 bounds [0x00007fc448600000, 0x00007fc448870000, 0x00007fc448b8f000]
 total_blobs=1204 nmethods=791 adapters=327
 compilation: enabled
              stopped_count=0, restarted_count=0
 full_count=0

Compilation events (20 events):
Event: 2.814 Thread 0x00007fc46012f000 nmethod 761 0x00007fc450101510 code [0x00007fc4501016c0, 0x00007fc450101790]
Event: 2.814 Thread 0x00007fc46012f000  756       1       java.lang.invoke.MethodTypeForm::basicType (5 bytes)
Event: 2.814 Thread 0x00007fc46012f000 nmethod 756 0x00007fc450101810 code [0x00007fc4501019c0, 0x00007fc450101a90]
Event: 2.814 Thread 0x00007fc46012f000  768       3       java.lang.invoke.LambdaForm::parameter (52 bytes)
Event: 2.814 Thread 0x00007fc46012f000 nmethod 768 0x00007fc448ce5a90 code [0x00007fc448ce5c40, 0x00007fc448ce5d90]
Event: 2.815 Thread 0x00007fc46012f000  769       3       java.lang.invoke.MemberName::flagsMods (72 bytes)
Event: 2.815 Thread 0x00007fc46012f000 nmethod 769 0x00007fc448ce5e90 code [0x00007fc448ce6040, 0x00007fc448ce6150]
Event: 2.815 Thread 0x00007fc46012f000  772       3       java.util.ImmutableCollections$ListN::get (7 bytes)
Event: 2.815 Thread 0x00007fc46012f000 nmethod 772 0x00007fc448ce6210 code [0x00007fc448ce63c0, 0x00007fc448ce64f0]
Event: 2.815 Thread 0x00007fc46012f000  776       3       jdk.internal.org.objectweb.asm.ClassWriter::newStringishItem (68 bytes)
Event: 2.815 Thread 0x00007fc46012f000 nmethod 776 0x00007fc448ce6590 code [0x00007fc448ce67a0, 0x00007fc448ce6b30]
Event: 2.815 Thread 0x00007fc46012f000  777       3       java.lang.Number::<init> (5 bytes)
Event: 2.815 Thread 0x00007fc46012f000 nmethod 777 0x00007fc448ce6d10 code [0x00007fc448ce6ec0, 0x00007fc448ce7030]
Event: 2.816 Thread 0x00007fc46012f000  775       3       jdk.internal.org.objectweb.asm.Frame::push (110 bytes)
Event: 2.816 Thread 0x00007fc46012f000 nmethod 775 0x00007fc448ce7110 code [0x00007fc448ce7300, 0x00007fc448ce7880]
Event: 2.816 Thread 0x00007fc46012f000  774       3       java.lang.invoke.LambdaForm$NamedFunction::methodType (23 bytes)
Event: 2.816 Thread 0x00007fc46012f000 nmethod 774 0x00007fc448ce7a90 code [0x00007fc448ce7c60, 0x00007fc448ce7ea0]
Event: 2.816 Thread 0x00007fc46012c800 nmethod 755 0x00007fc450102b10 code [0x00007fc450102ca0, 0x00007fc450102e58]
Event: 2.817 Thread 0x00007fc46012c800  771       4       java.util.concurrent.ConcurrentHashMap::get (162 bytes)
Event: 2.817 Thread 0x00007fc46012f000  783       3       jdk.internal.org.objectweb.asm.Frame::execute (2264 bytes)

GC Heap History (2 events):
Event: 2.193 GC heap before
{Heap before GC invocations=0 (full 0):
 garbage-first heap   total 65536K, used 6856K [0x00000000c2e00000, 0x0000000100000000)
  region size 1024K, 7 young (7168K), 0 survivors (0K)
 Metaspace       used 3085K, capacity 5845K, committed 6016K, reserved 1056768K
  class space    used 330K, capacity 586K, committed 640K, reserved 1048576K
}
Event: 2.237 GC heap after
{Heap after GC invocations=1 (full 0):
 garbage-first heap   total 65536K, used 2474K [0x00000000c2e00000, 0x0000000100000000)
  region size 1024K, 1 young (1024K), 1 survivors (1024K)
 Metaspace       used 3085K, capacity 5845K, committed 6016K, reserved 1056768K
  class space    used 330K, capacity 586K, committed 640K, reserved 1048576K
}

Deoptimization events (20 events):
Event: 2.604 Thread 0x00007fc460016800 DEOPT PACKING pc=0x00007fc448c0b942 sp=0x00007fc466bfd4f0
Event: 2.604 Thread 0x00007fc460016800 DEOPT UNPACKING pc=0x00007fc4486499fa sp=0x00007fc466bfc978 mode 0
Event: 2.605 Thread 0x00007fc460016800 DEOPT PACKING pc=0x00007fc448bca5cf sp=0x00007fc466bfd4e0
Event: 2.605 Thread 0x00007fc460016800 DEOPT UNPACKING pc=0x00007fc4486499fa sp=0x00007fc466bfc9a0 mode 0
Event: 2.809 Thread 0x00007fc460016800 Uncommon trap: trap_request=0xffffffc6 fr.pc=0x00007fc4500d4924 relative=0x0000000000000084
Event: 2.809 Thread 0x00007fc460016800 Uncommon trap: reason=bimorphic_or_optimized_type_check action=maybe_recompile pc=0x00007fc4500d4924 method=java.util.AbstractCollection.isEmpty()Z @ 1 c2
Event: 2.809 Thread 0x00007fc460016800 DEOPT PACKING pc=0x00007fc4500d4924 sp=0x00007fc466bfd340
Event: 2.809 Thread 0x00007fc460016800 DEOPT UNPACKING pc=0x00007fc4486082a5 sp=0x00007fc466bfd2f0 mode 2
Event: 2.809 Thread 0x00007fc460016800 Uncommon trap: trap_request=0xffffffc6 fr.pc=0x00007fc4500d4924 relative=0x0000000000000084
Event: 2.809 Thread 0x00007fc460016800 Uncommon trap: reason=bimorphic_or_optimized_type_check action=maybe_recompile pc=0x00007fc4500d4924 method=java.util.AbstractCollection.isEmpty()Z @ 1 c2
Event: 2.809 Thread 0x00007fc460016800 DEOPT PACKING pc=0x00007fc4500d4924 sp=0x00007fc466bfd510
Event: 2.809 Thread 0x00007fc460016800 DEOPT UNPACKING pc=0x00007fc4486082a5 sp=0x00007fc466bfd4c0 mode 2
Event: 2.810 Thread 0x00007fc460016800 Uncommon trap: trap_request=0xffffffc6 fr.pc=0x00007fc4500d4924 relative=0x0000000000000084
Event: 2.810 Thread 0x00007fc460016800 Uncommon trap: reason=bimorphic_or_optimized_type_check action=maybe_recompile pc=0x00007fc4500d4924 method=java.util.AbstractCollection.isEmpty()Z @ 1 c2
Event: 2.810 Thread 0x00007fc460016800 DEOPT PACKING pc=0x00007fc4500d4924 sp=0x00007fc466bfd530
Event: 2.810 Thread 0x00007fc460016800 DEOPT UNPACKING pc=0x00007fc4486082a5 sp=0x00007fc466bfd4e0 mode 2
Event: 2.811 Thread 0x00007fc460016800 Uncommon trap: trap_request=0xffffffc6 fr.pc=0x00007fc4500d4924 relative=0x0000000000000084
Event: 2.811 Thread 0x00007fc460016800 Uncommon trap: reason=bimorphic_or_optimized_type_check action=maybe_recompile pc=0x00007fc4500d4924 method=java.util.AbstractCollection.isEmpty()Z @ 1 c2
Event: 2.811 Thread 0x00007fc460016800 DEOPT PACKING pc=0x00007fc4500d4924 sp=0x00007fc466bfd340
Event: 2.811 Thread 0x00007fc460016800 DEOPT UNPACKING pc=0x00007fc4486082a5 sp=0x00007fc466bfd2f0 mode 2

Classes redefined (0 events):
No events

Internal exceptions (20 events):
Event: 1.117 Thread 0x00007fc460016800 Exception <a 'java/security/PrivilegedActionException'{0x00000000c6ae1640}> (0x00000000c6ae1640) thrown at [./src/hotspot/share/prims/jvm.cpp, line 1304]
Event: 1.117 Thread 0x00007fc460016800 Exception <a 'java/security/PrivilegedActionException'{0x00000000c6ae1910}> (0x00000000c6ae1910) thrown at [./src/hotspot/share/prims/jvm.cpp, line 1304]
Event: 1.120 Thread 0x00007fc460016800 Exception <a 'java/security/PrivilegedActionException'{0x00000000c6ae2280}> (0x00000000c6ae2280) thrown at [./src/hotspot/share/prims/jvm.cpp, line 1304]
Event: 1.120 Thread 0x00007fc460016800 Exception <a 'java/security/PrivilegedActionException'{0x00000000c6ae2550}> (0x00000000c6ae2550) thrown at [./src/hotspot/share/prims/jvm.cpp, line 1304]
Event: 1.120 Thread 0x00007fc460016800 Exception <a 'java/security/PrivilegedActionException'{0x00000000c6ae2ec0}> (0x00000000c6ae2ec0) thrown at [./src/hotspot/share/prims/jvm.cpp, line 1304]
Event: 1.120 Thread 0x00007fc460016800 Exception <a 'java/security/PrivilegedActionException'{0x00000000c6ae3190}> (0x00000000c6ae3190) thrown at [./src/hotspot/share/prims/jvm.cpp, line 1304]
Event: 1.122 Thread 0x00007fc460016800 Exception <a 'java/security/PrivilegedActionException'{0x00000000c6ae3b18}> (0x00000000c6ae3b18) thrown at [./src/hotspot/share/prims/jvm.cpp, line 1304]
Event: 1.122 Thread 0x00007fc460016800 Exception <a 'java/security/PrivilegedActionException'{0x00000000c6ae3de8}> (0x00000000c6ae3de8) thrown at [./src/hotspot/share/prims/jvm.cpp, line 1304]
Event: 1.122 Thread 0x00007fc460016800 Exception <a 'java/security/PrivilegedActionException'{0x00000000c6ae4770}> (0x00000000c6ae4770) thrown at [./src/hotspot/share/prims/jvm.cpp, line 1304]
Event: 1.123 Thread 0x00007fc460016800 Exception <a 'java/security/PrivilegedActionException'{0x00000000c6ae4a40}> (0x00000000c6ae4a40) thrown at [./src/hotspot/share/prims/jvm.cpp, line 1304]
Event: 1.124 Thread 0x00007fc460016800 Exception <a 'java/security/PrivilegedActionException'{0x00000000c6ae53c8}> (0x00000000c6ae53c8) thrown at [./src/hotspot/share/prims/jvm.cpp, line 1304]
Event: 1.124 Thread 0x00007fc460016800 Exception <a 'java/security/PrivilegedActionException'{0x00000000c6ae5698}> (0x00000000c6ae5698) thrown at [./src/hotspot/share/prims/jvm.cpp, line 1304]
Event: 1.124 Thread 0x00007fc460016800 Exception <a 'java/security/PrivilegedActionException'{0x00000000c6ae6008}> (0x00000000c6ae6008) thrown at [./src/hotspot/share/prims/jvm.cpp, line 1304]
Event: 1.124 Thread 0x00007fc460016800 Exception <a 'java/security/PrivilegedActionException'{0x00000000c6ae62d8}> (0x00000000c6ae62d8) thrown at [./src/hotspot/share/prims/jvm.cpp, line 1304]
Event: 1.125 Thread 0x00007fc460016800 Exception <a 'java/security/PrivilegedActionException'{0x00000000c6ae6c60}> (0x00000000c6ae6c60) thrown at [./src/hotspot/share/prims/jvm.cpp, line 1304]
Event: 1.125 Thread 0x00007fc460016800 Exception <a 'java/security/PrivilegedActionException'{0x00000000c6ae6f30}> (0x00000000c6ae6f30) thrown at [./src/hotspot/share/prims/jvm.cpp, line 1304]
Event: 1.275 Thread 0x00007fc460016800 Exception <a 'java/lang/NoSuchMethodError'{0x00000000c6995d78}: 'int java.lang.invoke.DirectMethodHandle$Holder.invokeStaticInit(java.lang.Object, java.lang.Object, java.lang.Object, java.lang.Object)'> (0x00000000c6995d78) thrown at [./src/hotspot/share/interpreter/linkResolver.cpp, line 772]
Event: 1.300 Thread 0x00007fc460016800 Exception <a 'java/lang/IncompatibleClassChangeError'{0x00000000c699faf8}: Found class java.lang.Object, but interface was expected> (0x00000000c699faf8) thrown at [./src/hotspot/share/interpreter/linkResolver.cpp, line 839]
Event: 1.315 Thread 0x00007fc460016800 Exception <a 'java/lang/NoSuchMethodError'{0x00000000c69a2ca8}: 'void java.lang.invoke.DirectMethodHandle$Holder.invokeStaticInit(java.lang.Object, java.lang.Object)'> (0x00000000c69a2ca8) thrown at [./src/hotspot/share/interpreter/linkResolver.cpp, line 772]
Event: 1.321 Thread 0x00007fc460016800 Exception <a 'java/lang/NoSuchMethodError'{0x00000000c69a8118}: 'int java.lang.invoke.DirectMethodHandle$Holder.invokeStaticInit(java.lang.Object, java.lang.Object)'> (0x00000000c69a8118) thrown at [./src/hotspot/share/interpreter/linkResolver.cpp, line 772]

Events (20 events):
Event: 2.796 loading class org/bytedeco/javacpp/PointerScope$1
Event: 2.796 loading class org/bytedeco/javacpp/PointerScope$1 done
Event: 2.807 Executing VM operation: Deoptimize
Event: 2.807 Executing VM operation: Deoptimize done
Event: 2.809 loading class java/lang/invoke/BoundMethodHandle$Species_LL
Event: 2.809 loading class java/lang/invoke/BoundMethodHandle$Species_LL done
Event: 2.811 loading class java/lang/invoke/BoundMethodHandle$Species_LLL
Event: 2.811 loading class java/lang/invoke/BoundMethodHandle$Species_LLL done
Event: 2.812 loading class java/lang/invoke/BoundMethodHandle$Species_LLLL
Event: 2.812 loading class java/lang/invoke/BoundMethodHandle$Species_LLLL done
Event: 2.813 loading class java/lang/invoke/BoundMethodHandle$Species_LLLLL
Event: 2.813 loading class java/lang/invoke/BoundMethodHandle$Species_LLLLL done
Event: 2.814 loading class java/lang/invoke/BoundMethodHandle$Species_LLLLLL
Event: 2.814 loading class java/lang/invoke/BoundMethodHandle$Species_LLLLLL done
Event: 2.815 loading class java/lang/invoke/BoundMethodHandle$Species_LLLLLLI
Event: 2.816 loading class java/lang/invoke/BoundMethodHandle$Species_LLLLLLI done
Event: 2.817 loading class java/lang/invoke/BoundMethodHandle$Species_LLLLLLII
Event: 2.817 loading class java/lang/invoke/BoundMethodHandle$Species_LLLLLLII done
Event: 2.818 loading class java/lang/invoke/BoundMethodHandle$Species_LLLLLLIIL
Event: 2.818 loading class java/lang/invoke/BoundMethodHandle$Species_LLLLLLIIL done


Dynamic libraries:
c2e00000-c6c00000 rw-p 00000000 00:00 0 
c6c00000-ffe00000 ---p 00000000 00:00 0 
ffe00000-ffe47000 rw-p 00b0a000 08:03 1060156                            /usr/lib/jvm/java-11-openjdk-amd64/lib/server/classes.jsa
ffe47000-fff00000 rw-p 00000000 00:00 0 
fff00000-fff6b000 rw-p 00a9f000 08:03 1060156                            /usr/lib/jvm/java-11-openjdk-amd64/lib/server/classes.jsa
fff6b000-100000000 rw-p 00000000 00:00 0 
800000000-800002000 rwxp 00001000 08:03 1060156                          /usr/lib/jvm/java-11-openjdk-amd64/lib/server/classes.jsa
800002000-8003cc000 rw-p 00003000 08:03 1060156                          /usr/lib/jvm/java-11-openjdk-amd64/lib/server/classes.jsa
8003cc000-800a9d000 r--p 003cd000 08:03 1060156                          /usr/lib/jvm/java-11-openjdk-amd64/lib/server/classes.jsa
800a9d000-800a9e000 rw-p 00a9e000 08:03 1060156                          /usr/lib/jvm/java-11-openjdk-amd64/lib/server/classes.jsa
840000000-8400c0000 rw-p 00000000 00:00 0 
8400c0000-880000000 ---p 00000000 00:00 0 
55bf0e298000-55bf0e299000 r--p 00000000 08:03 1058673                    /usr/lib/jvm/java-11-openjdk-amd64/bin/java
55bf0e299000-55bf0e29a000 r-xp 00001000 08:03 1058673                    /usr/lib/jvm/java-11-openjdk-amd64/bin/java
55bf0e29a000-55bf0e29b000 r--p 00002000 08:03 1058673                    /usr/lib/jvm/java-11-openjdk-amd64/bin/java
55bf0e29b000-55bf0e29c000 r--p 00002000 08:03 1058673                    /usr/lib/jvm/java-11-openjdk-amd64/bin/java
55bf0e29c000-55bf0e29d000 rw-p 00003000 08:03 1058673                    /usr/lib/jvm/java-11-openjdk-amd64/bin/java
55bf0e538000-55bf0e57b000 rw-p 00000000 00:00 0                          [heap]
7fc404efa000-7fc404f5f000 r--p 00000000 08:03 1579540                    /home/doudou/.javacpp/cache/llvm-13.0.1-1.5.7-linux-x86_64.jar/org/bytedeco/llvm/linux-x86_64/libjniLLVM.so
7fc404f5f000-7fc404fcd000 r-xp 00065000 08:03 1579540                    /home/doudou/.javacpp/cache/llvm-13.0.1-1.5.7-linux-x86_64.jar/org/bytedeco/llvm/linux-x86_64/libjniLLVM.so
7fc404fcd000-7fc404ff8000 r--p 000d3000 08:03 1579540                    /home/doudou/.javacpp/cache/llvm-13.0.1-1.5.7-linux-x86_64.jar/org/bytedeco/llvm/linux-x86_64/libjniLLVM.so
7fc404ff8000-7fc404ffb000 r--p 000fd000 08:03 1579540                    /home/doudou/.javacpp/cache/llvm-13.0.1-1.5.7-linux-x86_64.jar/org/bytedeco/llvm/linux-x86_64/libjniLLVM.so
7fc404ffb000-7fc404ffe000 rw-p 00100000 08:03 1579540                    /home/doudou/.javacpp/cache/llvm-13.0.1-1.5.7-linux-x86_64.jar/org/bytedeco/llvm/linux-x86_64/libjniLLVM.so
7fc404ffe000-7fc405000000 rw-p 00000000 00:00 0 
7fc405000000-7fc405926000 r--p 00000000 08:03 1579535                    /home/doudou/.javacpp/cache/llvm-13.0.1-1.5.7-linux-x86_64.jar/org/bytedeco/llvm/linux-x86_64/libLLVM-13.so
7fc405926000-7fc4092e9000 r-xp 00926000 08:03 1579535                    /home/doudou/.javacpp/cache/llvm-13.0.1-1.5.7-linux-x86_64.jar/org/bytedeco/llvm/linux-x86_64/libLLVM-13.so
7fc4092e9000-7fc40b53e000 r--p 042e9000 08:03 1579535                    /home/doudou/.javacpp/cache/llvm-13.0.1-1.5.7-linux-x86_64.jar/org/bytedeco/llvm/linux-x86_64/libLLVM-13.so
7fc40b53e000-7fc40ba53000 r--p 0653d000 08:03 1579535                    /home/doudou/.javacpp/cache/llvm-13.0.1-1.5.7-linux-x86_64.jar/org/bytedeco/llvm/linux-x86_64/libLLVM-13.so
7fc40ba53000-7fc40ba5e000 rw-p 06a52000 08:03 1579535                    /home/doudou/.javacpp/cache/llvm-13.0.1-1.5.7-linux-x86_64.jar/org/bytedeco/llvm/linux-x86_64/libLLVM-13.so
7fc40ba5e000-7fc40bad4000 rw-p 00000000 00:00 0 
7fc40bafc000-7fc40bafd000 ---p 00000000 00:00 0 
7fc40bafd000-7fc40bbfe000 rw-p 00000000 00:00 0 
7fc40bbfe000-7fc40bc02000 ---p 00000000 00:00 0 
7fc40bc02000-7fc40bcfe000 rw-p 00000000 00:00 0 
7fc40bcfe000-7fc40bd02000 ---p 00000000 00:00 0 
7fc40bd02000-7fc40bdfe000 rw-p 00000000 00:00 0 
7fc40bdfe000-7fc40bdff000 ---p 00000000 00:00 0 
7fc40bdff000-7fc40bf00000 rw-p 00000000 00:00 0 
7fc40bf00000-7fc40bf04000 ---p 00000000 00:00 0 
7fc40bf04000-7fc40c000000 rw-p 00000000 00:00 0 
7fc40c000000-7fc40c021000 rw-p 00000000 00:00 0 
7fc40c021000-7fc410000000 ---p 00000000 00:00 0 
7fc410000000-7fc410021000 rw-p 00000000 00:00 0 
7fc410021000-7fc414000000 ---p 00000000 00:00 0 
7fc414000000-7fc414284000 rw-p 00000000 00:00 0 
7fc414284000-7fc418000000 ---p 00000000 00:00 0 
7fc418000000-7fc41847e000 rw-p 00000000 00:00 0 
7fc41847e000-7fc41c000000 ---p 00000000 00:00 0 
7fc41c000000-7fc41c021000 rw-p 00000000 00:00 0 
7fc41c021000-7fc420000000 ---p 00000000 00:00 0 
7fc420000000-7fc420021000 rw-p 00000000 00:00 0 
7fc420021000-7fc424000000 ---p 00000000 00:00 0 
7fc424000000-7fc424021000 rw-p 00000000 00:00 0 
7fc424021000-7fc428000000 ---p 00000000 00:00 0 
7fc428000000-7fc428021000 rw-p 00000000 00:00 0 
7fc428021000-7fc42c000000 ---p 00000000 00:00 0 
7fc42c000000-7fc42c021000 rw-p 00000000 00:00 0 
7fc42c021000-7fc430000000 ---p 00000000 00:00 0 
7fc430000000-7fc430021000 rw-p 00000000 00:00 0 
7fc430021000-7fc434000000 ---p 00000000 00:00 0 
7fc434000000-7fc434021000 rw-p 00000000 00:00 0 
7fc434021000-7fc438000000 ---p 00000000 00:00 0 
7fc438000000-7fc438021000 rw-p 00000000 00:00 0 
7fc438021000-7fc43c000000 ---p 00000000 00:00 0 
7fc43c000000-7fc43c021000 rw-p 00000000 00:00 0 
7fc43c021000-7fc440000000 ---p 00000000 00:00 0 
7fc440000000-7fc440004000 ---p 00000000 00:00 0 
7fc440004000-7fc440100000 rw-p 00000000 00:00 0 
7fc440100000-7fc440104000 ---p 00000000 00:00 0 
7fc440104000-7fc440200000 rw-p 00000000 00:00 0 
7fc440200000-7fc440fe7000 r--p 00000000 08:03 534858                     /usr/lib/locale/locale-archive
7fc4410b8000-7fc4431b0000 rw-p 00000000 00:00 0 
7fc4431b0000-7fc443ff8000 ---p 00000000 00:00 0 
7fc443ff8000-7fc444000000 rw-p 00000000 00:00 0 
7fc444000000-7fc444021000 rw-p 00000000 00:00 0 
7fc444021000-7fc448000000 ---p 00000000 00:00 0 
7fc448000000-7fc448004000 ---p 00000000 00:00 0 
7fc448004000-7fc448100000 rw-p 00000000 00:00 0 
7fc448100000-7fc448104000 ---p 00000000 00:00 0 
7fc448104000-7fc448200000 rw-p 00000000 00:00 0 
7fc448200000-7fc448204000 ---p 00000000 00:00 0 
7fc448204000-7fc448300000 rw-p 00000000 00:00 0 
7fc448300000-7fc448304000 ---p 00000000 00:00 0 
7fc448304000-7fc448400000 rw-p 00000000 00:00 0 
7fc448400000-7fc448404000 ---p 00000000 00:00 0 
7fc448404000-7fc448500000 rw-p 00000000 00:00 0 
7fc448500000-7fc448504000 ---p 00000000 00:00 0 
7fc448504000-7fc448600000 rw-p 00000000 00:00 0 
7fc448600000-7fc448870000 rwxp 00000000 00:00 0 
7fc448870000-7fc448b8f000 ---p 00000000 00:00 0 
7fc448b8f000-7fc448dff000 rwxp 00000000 00:00 0 
7fc448dff000-7fc4500c7000 ---p 00000000 00:00 0 
7fc4500c7000-7fc450337000 rwxp 00000000 00:00 0 
7fc450337000-7fc457600000 ---p 00000000 00:00 0 
7fc457600000-7fc45fe0b000 r--s 00000000 08:03 1058832                    /usr/lib/jvm/java-11-openjdk-amd64/lib/modules
7fc45fe7d000-7fc45fe7e000 ---p 00000000 00:00 0 
7fc45fe7e000-7fc460000000 rw-p 00000000 00:00 0 
7fc460000000-7fc4603d5000 rw-p 00000000 00:00 0 
7fc4603d5000-7fc464000000 ---p 00000000 00:00 0 
7fc464019000-7fc464619000 rw-p 00000000 00:00 0 
7fc464619000-7fc464819000 ---p 00000000 00:00 0 
7fc464819000-7fc46481a000 ---p 00000000 00:00 0 
7fc46481a000-7fc46491b000 rw-p 00000000 00:00 0 
7fc46491b000-7fc46491c000 ---p 00000000 00:00 0 
7fc46491c000-7fc464c1f000 rw-p 00000000 00:00 0 
7fc464c1f000-7fc464c20000 ---p 00000000 00:00 0 
7fc464c20000-7fc464d21000 rw-p 00000000 00:00 0 
7fc464d21000-7fc464d22000 ---p 00000000 00:00 0 
7fc464d22000-7fc464f1b000 rw-p 00000000 00:00 0 
7fc464f1b000-7fc465d63000 ---p 00000000 00:00 0 
7fc465d63000-7fc465d8a000 rw-p 00000000 00:00 0 
7fc465d8a000-7fc465f53000 ---p 00000000 00:00 0 
7fc465f53000-7fc465f73000 rw-p 00000000 00:00 0 
7fc465f73000-7fc46613c000 ---p 00000000 00:00 0 
7fc46613c000-7fc46615c000 rw-p 00000000 00:00 0 
7fc46615c000-7fc466325000 ---p 00000000 00:00 0 
7fc466325000-7fc466528000 rw-p 00000000 00:00 0 
7fc466528000-7fc466529000 ---p 00000000 00:00 0 
7fc466529000-7fc46662f000 rw-p 00000000 00:00 0 
7fc46662f000-7fc466715000 ---p 00000000 00:00 0 
7fc466715000-7fc46671a000 rw-p 00000000 00:00 0 
7fc46671a000-7fc466800000 ---p 00000000 00:00 0 
7fc466800000-7fc46689a000 r--p 00000000 08:03 552221                     /usr/lib/x86_64-linux-gnu/libstdc++.so.6.0.30
7fc46689a000-7fc4669aa000 r-xp 0009a000 08:03 552221                     /usr/lib/x86_64-linux-gnu/libstdc++.so.6.0.30
7fc4669aa000-7fc466a19000 r--p 001aa000 08:03 552221                     /usr/lib/x86_64-linux-gnu/libstdc++.so.6.0.30
7fc466a19000-7fc466a24000 r--p 00218000 08:03 552221                     /usr/lib/x86_64-linux-gnu/libstdc++.so.6.0.30
7fc466a24000-7fc466a27000 rw-p 00223000 08:03 552221                     /usr/lib/x86_64-linux-gnu/libstdc++.so.6.0.30
7fc466a27000-7fc466a2a000 rw-p 00000000 00:00 0 
7fc466a55000-7fc466a5c000 r--p 00000000 08:03 1579536                    /home/doudou/.javacpp/cache/llvm-13.0.1-1.5.7-linux-x86_64.jar/org/bytedeco/llvm/linux-x86_64/libLTO.so.13
7fc466a5c000-7fc466a64000 r-xp 00007000 08:03 1579536                    /home/doudou/.javacpp/cache/llvm-13.0.1-1.5.7-linux-x86_64.jar/org/bytedeco/llvm/linux-x86_64/libLTO.so.13
7fc466a64000-7fc466a66000 r--p 0000f000 08:03 1579536                    /home/doudou/.javacpp/cache/llvm-13.0.1-1.5.7-linux-x86_64.jar/org/bytedeco/llvm/linux-x86_64/libLTO.so.13
7fc466a66000-7fc466a67000 r--p 00010000 08:03 1579536                    /home/doudou/.javacpp/cache/llvm-13.0.1-1.5.7-linux-x86_64.jar/org/bytedeco/llvm/linux-x86_64/libLTO.so.13
7fc466a67000-7fc466a68000 rw-p 00011000 08:03 1579536                    /home/doudou/.javacpp/cache/llvm-13.0.1-1.5.7-linux-x86_64.jar/org/bytedeco/llvm/linux-x86_64/libLTO.so.13
7fc466a68000-7fc466a69000 r--p 00000000 08:03 551276                     /usr/lib/x86_64-linux-gnu/libdl.so.2
7fc466a69000-7fc466a6a000 r-xp 00001000 08:03 551276                     /usr/lib/x86_64-linux-gnu/libdl.so.2
7fc466a6a000-7fc466a6b000 r--p 00002000 08:03 551276                     /usr/lib/x86_64-linux-gnu/libdl.so.2
7fc466a6b000-7fc466a6c000 r--p 00002000 08:03 551276                     /usr/lib/x86_64-linux-gnu/libdl.so.2
7fc466a6c000-7fc466a6d000 rw-p 00003000 08:03 551276                     /usr/lib/x86_64-linux-gnu/libdl.so.2
7fc466a70000-7fc466a77000 r--s 00000000 08:03 553557                     /usr/lib/x86_64-linux-gnu/gconv/gconv-modules.cache
7fc466a77000-7fc466a78000 r--p 00000000 08:03 1579538                    /home/doudou/.javacpp/cache/llvm-13.0.1-1.5.7-linux-x86_64.jar/org/bytedeco/llvm/linux-x86_64/libRemarks.so.13
7fc466a78000-7fc466a79000 r-xp 00001000 08:03 1579538                    /home/doudou/.javacpp/cache/llvm-13.0.1-1.5.7-linux-x86_64.jar/org/bytedeco/llvm/linux-x86_64/libRemarks.so.13
7fc466a79000-7fc466a7a000 r--p 00002000 08:03 1579538                    /home/doudou/.javacpp/cache/llvm-13.0.1-1.5.7-linux-x86_64.jar/org/bytedeco/llvm/linux-x86_64/libRemarks.so.13
7fc466a7a000-7fc466a7b000 r--p 00002000 08:03 1579538                    /home/doudou/.javacpp/cache/llvm-13.0.1-1.5.7-linux-x86_64.jar/org/bytedeco/llvm/linux-x86_64/libRemarks.so.13
7fc466a7b000-7fc466a7c000 rw-p 00003000 08:03 1579538                    /home/doudou/.javacpp/cache/llvm-13.0.1-1.5.7-linux-x86_64.jar/org/bytedeco/llvm/linux-x86_64/libRemarks.so.13
7fc466a7c000-7fc466a80000 r--p 00000000 08:03 1579530                    /home/doudou/.javacpp/cache/javacpp-1.5.7-linux-x86_64.jar/org/bytedeco/javacpp/linux-x86_64/libjnijavacpp.so
7fc466a80000-7fc466a87000 r-xp 00004000 08:03 1579530                    /home/doudou/.javacpp/cache/javacpp-1.5.7-linux-x86_64.jar/org/bytedeco/javacpp/linux-x86_64/libjnijavacpp.so
7fc466a87000-7fc466a8b000 r--p 0000b000 08:03 1579530                    /home/doudou/.javacpp/cache/javacpp-1.5.7-linux-x86_64.jar/org/bytedeco/javacpp/linux-x86_64/libjnijavacpp.so
7fc466a8b000-7fc466a8c000 r--p 0000e000 08:03 1579530                    /home/doudou/.javacpp/cache/javacpp-1.5.7-linux-x86_64.jar/org/bytedeco/javacpp/linux-x86_64/libjnijavacpp.so
7fc466a8c000-7fc466a8d000 rw-p 0000f000 08:03 1579530                    /home/doudou/.javacpp/cache/javacpp-1.5.7-linux-x86_64.jar/org/bytedeco/javacpp/linux-x86_64/libjnijavacpp.so
7fc466a8d000-7fc466a91000 r--p 00000000 08:03 1058822                    /usr/lib/jvm/java-11-openjdk-amd64/lib/libnet.so
7fc466a91000-7fc466a9f000 r-xp 00004000 08:03 1058822                    /usr/lib/jvm/java-11-openjdk-amd64/lib/libnet.so
7fc466a9f000-7fc466aa3000 r--p 00012000 08:03 1058822                    /usr/lib/jvm/java-11-openjdk-amd64/lib/libnet.so
7fc466aa3000-7fc466aa4000 r--p 00015000 08:03 1058822                    /usr/lib/jvm/java-11-openjdk-amd64/lib/libnet.so
7fc466aa4000-7fc466aa5000 rw-p 00016000 08:03 1058822                    /usr/lib/jvm/java-11-openjdk-amd64/lib/libnet.so
7fc466aa5000-7fc466b00000 rw-p 00000000 00:00 0 
7fc466b00000-7fc466b04000 ---p 00000000 00:00 0 
7fc466b04000-7fc466c00000 rw-p 00000000 00:00 0 
7fc466c00000-7fc466e82000 r--p 00000000 08:03 1058837                    /usr/lib/jvm/java-11-openjdk-amd64/lib/server/libjvm.so
7fc466e82000-7fc467b1e000 r-xp 00282000 08:03 1058837                    /usr/lib/jvm/java-11-openjdk-amd64/lib/server/libjvm.so
7fc467b1e000-7fc467d79000 r--p 00f1e000 08:03 1058837                    /usr/lib/jvm/java-11-openjdk-amd64/lib/server/libjvm.so
7fc467d79000-7fc467d7a000 ---p 01179000 08:03 1058837                    /usr/lib/jvm/java-11-openjdk-amd64/lib/server/libjvm.so
7fc467d7a000-7fc467e3e000 r--p 01179000 08:03 1058837                    /usr/lib/jvm/java-11-openjdk-amd64/lib/server/libjvm.so
7fc467e3e000-7fc467e79000 rw-p 0123d000 08:03 1058837                    /usr/lib/jvm/java-11-openjdk-amd64/lib/server/libjvm.so
7fc467e79000-7fc467ed0000 rw-p 00000000 00:00 0 
7fc467ed3000-7fc467ed4000 r--p 00000000 08:03 552054                     /usr/lib/x86_64-linux-gnu/libpthread.so.0
7fc467ed4000-7fc467ed5000 r-xp 00001000 08:03 552054                     /usr/lib/x86_64-linux-gnu/libpthread.so.0
7fc467ed5000-7fc467ed6000 r--p 00002000 08:03 552054                     /usr/lib/x86_64-linux-gnu/libpthread.so.0
7fc467ed6000-7fc467ed7000 r--p 00002000 08:03 552054                     /usr/lib/x86_64-linux-gnu/libpthread.so.0
7fc467ed7000-7fc467ed8000 rw-p 00003000 08:03 552054                     /usr/lib/x86_64-linux-gnu/libpthread.so.0
7fc467ed8000-7fc467edf000 r--p 00000000 08:03 1058823                    /usr/lib/jvm/java-11-openjdk-amd64/lib/libnio.so
7fc467edf000-7fc467ee7000 r-xp 00007000 08:03 1058823                    /usr/lib/jvm/java-11-openjdk-amd64/lib/libnio.so
7fc467ee7000-7fc467eea000 r--p 0000f000 08:03 1058823                    /usr/lib/jvm/java-11-openjdk-amd64/lib/libnio.so
7fc467eea000-7fc467eeb000 r--p 00011000 08:03 1058823                    /usr/lib/jvm/java-11-openjdk-amd64/lib/libnio.so
7fc467eeb000-7fc467eec000 rw-p 00012000 08:03 1058823                    /usr/lib/jvm/java-11-openjdk-amd64/lib/libnio.so
7fc467eec000-7fc467f12000 rw-p 00000000 00:00 0 
7fc467f12000-7fc467f19000 ---p 00000000 00:00 0 
7fc467f19000-7fc467f27000 r--p 00000000 08:03 551785                     /usr/lib/x86_64-linux-gnu/libm.so.6
7fc467f27000-7fc467fa3000 r-xp 0000e000 08:03 551785                     /usr/lib/x86_64-linux-gnu/libm.so.6
7fc467fa3000-7fc467ffe000 r--p 0008a000 08:03 551785                     /usr/lib/x86_64-linux-gnu/libm.so.6
7fc467ffe000-7fc467fff000 r--p 000e4000 08:03 551785                     /usr/lib/x86_64-linux-gnu/libm.so.6
7fc467fff000-7fc468000000 rw-p 000e5000 08:03 551785                     /usr/lib/x86_64-linux-gnu/libm.so.6
7fc468000000-7fc468028000 r--p 00000000 08:03 551134                     /usr/lib/x86_64-linux-gnu/libc.so.6
7fc468028000-7fc4681bd000 r-xp 00028000 08:03 551134                     /usr/lib/x86_64-linux-gnu/libc.so.6
7fc4681bd000-7fc468215000 r--p 001bd000 08:03 551134                     /usr/lib/x86_64-linux-gnu/libc.so.6
7fc468215000-7fc468219000 r--p 00214000 08:03 551134                     /usr/lib/x86_64-linux-gnu/libc.so.6
7fc468219000-7fc46821b000 rw-p 00218000 08:03 551134                     /usr/lib/x86_64-linux-gnu/libc.so.6
7fc46821b000-7fc468228000 rw-p 00000000 00:00 0 
7fc46822c000-7fc46822d000 r--p 00000000 08:03 1058804                    /usr/lib/jvm/java-11-openjdk-amd64/lib/libextnet.so
7fc46822d000-7fc46822e000 r-xp 00001000 08:03 1058804                    /usr/lib/jvm/java-11-openjdk-amd64/lib/libextnet.so
7fc46822e000-7fc46822f000 r--p 00002000 08:03 1058804                    /usr/lib/jvm/java-11-openjdk-amd64/lib/libextnet.so
7fc46822f000-7fc468230000 r--p 00002000 08:03 1058804                    /usr/lib/jvm/java-11-openjdk-amd64/lib/libextnet.so
7fc468230000-7fc468231000 rw-p 00003000 08:03 1058804                    /usr/lib/jvm/java-11-openjdk-amd64/lib/libextnet.so
7fc468231000-7fc468233000 r--p 00000000 08:03 1058831                    /usr/lib/jvm/java-11-openjdk-amd64/lib/libzip.so
7fc468233000-7fc468238000 r-xp 00002000 08:03 1058831                    /usr/lib/jvm/java-11-openjdk-amd64/lib/libzip.so
7fc468238000-7fc46823a000 r--p 00007000 08:03 1058831                    /usr/lib/jvm/java-11-openjdk-amd64/lib/libzip.so
7fc46823a000-7fc46823b000 r--p 00008000 08:03 1058831                    /usr/lib/jvm/java-11-openjdk-amd64/lib/libzip.so
7fc46823b000-7fc46823c000 rw-p 00009000 08:03 1058831                    /usr/lib/jvm/java-11-openjdk-amd64/lib/libzip.so
7fc46823c000-7fc468244000 rw-s 00000000 08:03 262226                     /tmp/hsperfdata_doudou/16412
7fc468244000-7fc468246000 r--p 00000000 08:03 1058806                    /usr/lib/jvm/java-11-openjdk-amd64/lib/libinstrument.so
7fc468246000-7fc46824d000 r-xp 00002000 08:03 1058806                    /usr/lib/jvm/java-11-openjdk-amd64/lib/libinstrument.so
7fc46824d000-7fc468250000 r--p 00009000 08:03 1058806                    /usr/lib/jvm/java-11-openjdk-amd64/lib/libinstrument.so
7fc468250000-7fc468251000 r--p 0000b000 08:03 1058806                    /usr/lib/jvm/java-11-openjdk-amd64/lib/libinstrument.so
7fc468251000-7fc468252000 rw-p 0000c000 08:03 1058806                    /usr/lib/jvm/java-11-openjdk-amd64/lib/libinstrument.so
7fc468252000-7fc468260000 r--p 00000000 08:03 1058811                    /usr/lib/jvm/java-11-openjdk-amd64/lib/libjava.so
7fc468260000-7fc468276000 r-xp 0000e000 08:03 1058811                    /usr/lib/jvm/java-11-openjdk-amd64/lib/libjava.so
7fc468276000-7fc46827d000 r--p 00024000 08:03 1058811                    /usr/lib/jvm/java-11-openjdk-amd64/lib/libjava.so
7fc46827d000-7fc46827e000 r--p 0002a000 08:03 1058811                    /usr/lib/jvm/java-11-openjdk-amd64/lib/libjava.so
7fc46827e000-7fc46827f000 rw-p 0002b000 08:03 1058811                    /usr/lib/jvm/java-11-openjdk-amd64/lib/libjava.so
7fc46827f000-7fc468280000 rw-p 00000000 00:00 0 
7fc468280000-7fc468285000 r--p 00000000 08:03 1058830                    /usr/lib/jvm/java-11-openjdk-amd64/lib/libverify.so
7fc468285000-7fc46828c000 r-xp 00005000 08:03 1058830                    /usr/lib/jvm/java-11-openjdk-amd64/lib/libverify.so
7fc46828c000-7fc46828e000 r--p 0000c000 08:03 1058830                    /usr/lib/jvm/java-11-openjdk-amd64/lib/libverify.so
7fc46828e000-7fc468290000 r--p 0000d000 08:03 1058830                    /usr/lib/jvm/java-11-openjdk-amd64/lib/libverify.so
7fc468290000-7fc468291000 rw-p 0000f000 08:03 1058830                    /usr/lib/jvm/java-11-openjdk-amd64/lib/libverify.so
7fc468291000-7fc468292000 r--p 00000000 08:03 552110                     /usr/lib/x86_64-linux-gnu/librt.so.1
7fc468292000-7fc468293000 r-xp 00001000 08:03 552110                     /usr/lib/x86_64-linux-gnu/librt.so.1
7fc468293000-7fc468294000 r--p 00002000 08:03 552110                     /usr/lib/x86_64-linux-gnu/librt.so.1
7fc468294000-7fc468295000 r--p 00002000 08:03 552110                     /usr/lib/x86_64-linux-gnu/librt.so.1
7fc468295000-7fc468296000 rw-p 00003000 08:03 552110                     /usr/lib/x86_64-linux-gnu/librt.so.1
7fc468296000-7fc468299000 r--p 00000000 08:03 551433                     /usr/lib/x86_64-linux-gnu/libgcc_s.so.1
7fc468299000-7fc4682b0000 r-xp 00003000 08:03 551433                     /usr/lib/x86_64-linux-gnu/libgcc_s.so.1
7fc4682b0000-7fc4682b4000 r--p 0001a000 08:03 551433                     /usr/lib/x86_64-linux-gnu/libgcc_s.so.1
7fc4682b4000-7fc4682b5000 r--p 0001d000 08:03 551433                     /usr/lib/x86_64-linux-gnu/libgcc_s.so.1
7fc4682b5000-7fc4682b6000 rw-p 0001e000 08:03 551433                     /usr/lib/x86_64-linux-gnu/libgcc_s.so.1
7fc4682b6000-7fc4682b8000 rw-p 00000000 00:00 0 
7fc4682b8000-7fc4682ba000 r--p 00000000 08:03 552488                     /usr/lib/x86_64-linux-gnu/libz.so.1.2.11
7fc4682ba000-7fc4682cb000 r-xp 00002000 08:03 552488                     /usr/lib/x86_64-linux-gnu/libz.so.1.2.11
7fc4682cb000-7fc4682d1000 r--p 00013000 08:03 552488                     /usr/lib/x86_64-linux-gnu/libz.so.1.2.11
7fc4682d1000-7fc4682d2000 ---p 00019000 08:03 552488                     /usr/lib/x86_64-linux-gnu/libz.so.1.2.11
7fc4682d2000-7fc4682d3000 r--p 00019000 08:03 552488                     /usr/lib/x86_64-linux-gnu/libz.so.1.2.11
7fc4682d3000-7fc4682d4000 rw-p 0001a000 08:03 552488                     /usr/lib/x86_64-linux-gnu/libz.so.1.2.11
7fc4682d8000-7fc4682d9000 ---p 00000000 00:00 0 
7fc4682d9000-7fc4682da000 r--p 00000000 00:00 0 
7fc4682da000-7fc4682dc000 r--p 00000000 08:03 1058814                    /usr/lib/jvm/java-11-openjdk-amd64/lib/libjimage.so
7fc4682dc000-7fc4682df000 r-xp 00002000 08:03 1058814                    /usr/lib/jvm/java-11-openjdk-amd64/lib/libjimage.so
7fc4682df000-7fc4682e0000 r--p 00005000 08:03 1058814                    /usr/lib/jvm/java-11-openjdk-amd64/lib/libjimage.so
7fc4682e0000-7fc4682e1000 ---p 00006000 08:03 1058814                    /usr/lib/jvm/java-11-openjdk-amd64/lib/libjimage.so
7fc4682e1000-7fc4682e2000 r--p 00006000 08:03 1058814                    /usr/lib/jvm/java-11-openjdk-amd64/lib/libjimage.so
7fc4682e2000-7fc4682e3000 rw-p 00007000 08:03 1058814                    /usr/lib/jvm/java-11-openjdk-amd64/lib/libjimage.so
7fc4682e3000-7fc4682e6000 r--p 00000000 08:03 1058796                    /usr/lib/jvm/java-11-openjdk-amd64/lib/jli/libjli.so
7fc4682e6000-7fc4682f0000 r-xp 00003000 08:03 1058796                    /usr/lib/jvm/java-11-openjdk-amd64/lib/jli/libjli.so
7fc4682f0000-7fc4682f3000 r--p 0000d000 08:03 1058796                    /usr/lib/jvm/java-11-openjdk-amd64/lib/jli/libjli.so
7fc4682f3000-7fc4682f4000 ---p 00010000 08:03 1058796                    /usr/lib/jvm/java-11-openjdk-amd64/lib/jli/libjli.so
7fc4682f4000-7fc4682f5000 r--p 00010000 08:03 1058796                    /usr/lib/jvm/java-11-openjdk-amd64/lib/jli/libjli.so
7fc4682f5000-7fc4682f6000 rw-p 00011000 08:03 1058796                    /usr/lib/jvm/java-11-openjdk-amd64/lib/jli/libjli.so
7fc4682f6000-7fc4682f8000 rw-p 00000000 00:00 0 
7fc4682f8000-7fc4682fa000 r--p 00000000 08:03 550792                     /usr/lib/x86_64-linux-gnu/ld-linux-x86-64.so.2
7fc4682fa000-7fc468324000 r-xp 00002000 08:03 550792                     /usr/lib/x86_64-linux-gnu/ld-linux-x86-64.so.2
7fc468324000-7fc46832f000 r--p 0002c000 08:03 550792                     /usr/lib/x86_64-linux-gnu/ld-linux-x86-64.so.2
7fc468330000-7fc468332000 r--p 00037000 08:03 550792                     /usr/lib/x86_64-linux-gnu/ld-linux-x86-64.so.2
7fc468332000-7fc468334000 rw-p 00039000 08:03 550792                     /usr/lib/x86_64-linux-gnu/ld-linux-x86-64.so.2
7fff2c57e000-7fff2c59f000 rw-p 00000000 00:00 0                          [stack]
7fff2c5de000-7fff2c5e2000 r--p 00000000 00:00 0                          [vvar]
7fff2c5e2000-7fff2c5e4000 r-xp 00000000 00:00 0                          [vdso]
ffffffffff600000-ffffffffff601000 --xp 00000000 00:00 0                  [vsyscall]


VM Arguments:
jvm_args: -javaagent:/snap/intellij-idea-ultimate/437/lib/idea_rt.jar=34635:/snap/intellij-idea-ultimate/437/bin -Dfile.encoding=UTF-8 
java_command: Main /home/doudou/lab/Lab/tests/test1.sysy /home/doudou/lab/Lab/tests/out.txt
java_class_path (initial): /home/doudou/lab/Lab/out/production/Lab:/usr/local/lib/antlr-4.9.1-complete.jar:/usr/local/lib/javacpp-1.5.7-linux-x86_64.jar:/usr/local/lib/javacpp-1.5.7.jar:/usr/local/lib/llvm-13.0.1-1.5.7-linux-x86_64.jar:/usr/local/lib/llvm-13.0.1-1.5.7.jar:/usr/local/lib/llvm-platform-13.0.1-1.5.7.jar
Launcher Type: SUN_STANDARD

[Global flags]
     intx CICompilerCount                          = 2                                         {product} {ergonomic}
     uint ConcGCThreads                            = 1                                         {product} {ergonomic}
     uint G1ConcRefinementThreads                  = 2                                         {product} {ergonomic}
   size_t G1HeapRegionSize                         = 1048576                                   {product} {ergonomic}
    uintx GCDrainStackTargetSize                   = 64                                        {product} {ergonomic}
   size_t InitialHeapSize                          = 65011712                                  {product} {ergonomic}
   size_t MarkStackSize                            = 4194304                                   {product} {ergonomic}
   size_t MaxHeapSize                              = 1025507328                                {product} {ergonomic}
   size_t MaxNewSize                               = 614465536                                 {product} {ergonomic}
   size_t MinHeapDeltaBytes                        = 1048576                                   {product} {ergonomic}
    uintx NonNMethodCodeHeapSize                   = 5825164                                {pd product} {ergonomic}
    uintx NonProfiledCodeHeapSize                  = 122916538                              {pd product} {ergonomic}
    uintx ProfiledCodeHeapSize                     = 122916538                              {pd product} {ergonomic}
    uintx ReservedCodeCacheSize                    = 251658240                              {pd product} {ergonomic}
     bool SegmentedCodeCache                       = true                                      {product} {ergonomic}
     bool UseCompressedClassPointers               = true                                 {lp64_product} {ergonomic}
     bool UseCompressedOops                        = true                                 {lp64_product} {ergonomic}
     bool UseG1GC                                  = true                                      {product} {ergonomic}

Logging:
Log output configuration:
 #0: stdout all=warning uptime,level,tags
 #1: stderr all=off uptime,level,tags

Environment Variables:
PATH=/usr/local/sbin:/usr/local/bin:/usr/sbin:/usr/bin:/sbin:/bin:/usr/games:/usr/local/games:/snap/bin:/snap/bin
USERNAME=doudou
SHELL=/bin/bash
DISPLAY=:0
LANG=en_US.UTF-8
LC_NUMERIC=zh_CN.UTF-8
LC_TIME=zh_CN.UTF-8

Signal Handlers:
SIGSEGV: [libjvm.so+0xeabd80], sa_mask[0]=11111111011111111101111111111110, sa_flags=SA_RESTART|SA_SIGINFO
SIGBUS: [libjvm.so+0xeabd80], sa_mask[0]=11111111011111111101111111111110, sa_flags=SA_RESTART|SA_SIGINFO
SIGFPE: [libjvm.so+0xeabd80], sa_mask[0]=11111111011111111101111111111110, sa_flags=SA_RESTART|SA_SIGINFO
SIGPIPE: [libjvm.so+0xbee610], sa_mask[0]=11111111011111111101111111111110, sa_flags=SA_RESTART|SA_SIGINFO
SIGXFSZ: [libjvm.so+0xbee610], sa_mask[0]=11111111011111111101111111111110, sa_flags=SA_RESTART|SA_SIGINFO
SIGILL: [libjvm.so+0xeabd80], sa_mask[0]=11111111011111111101111111111110, sa_flags=SA_RESTART|SA_SIGINFO
SIGUSR2: [libjvm.so+0xbee4b0], sa_mask[0]=00100000000000000000000000000000, sa_flags=SA_RESTART|SA_SIGINFO
SIGHUP: [libjvm.so+0xbeec50], sa_mask[0]=11111111011111111101111111111110, sa_flags=SA_RESTART|SA_SIGINFO
SIGINT: [libjvm.so+0xbeec50], sa_mask[0]=11111111011111111101111111111110, sa_flags=SA_RESTART|SA_SIGINFO
SIGTERM: [libjvm.so+0xbeec50], sa_mask[0]=11111111011111111101111111111110, sa_flags=SA_RESTART|SA_SIGINFO
SIGQUIT: [libjvm.so+0xbeec50], sa_mask[0]=11111111011111111101111111111110, sa_flags=SA_RESTART|SA_SIGINFO


---------------  S Y S T E M  ---------------

OS:DISTRIB_ID=Ubuntu
DISTRIB_RELEASE=22.04
DISTRIB_CODENAME=jammy
DISTRIB_DESCRIPTION="Ubuntu 22.04.2 LTS"
uname:Linux 5.19.0-45-generic #46~22.04.1-Ubuntu SMP PREEMPT_DYNAMIC Wed Jun 7 15:06:04 UTC 20 x86_64
OS uptime: 0 days 12:39 hours
libc:glibc 2.35 NPTL 2.35 
rlimit (soft/hard): STACK 8192k/infinity , CORE 0k/infinity , NPROC 15333/15333 , NOFILE 1048576/1048576 , AS infinity/infinity , CPU infinity/infinity , DATA infinity/infinity , FSIZE infinity/infinity , MEMLOCK 500652k/500652k
load average:1.80 1.41 1.29

/proc/meminfo:
MemTotal:        4005236 kB
MemFree:          229624 kB
MemAvailable:     352356 kB
Buffers:            7972 kB
Cached:           294064 kB
SwapCached:        71204 kB
Active:          1959516 kB
Inactive:         644828 kB
Active(anon):    1799220 kB
Inactive(anon):   513464 kB
Active(file):     160296 kB
Inactive(file):   131364 kB
Unevictable:           0 kB
Mlocked:               0 kB
SwapTotal:       3512316 kB
SwapFree:        1985496 kB
Zswap:                 0 kB
Zswapped:              0 kB
Dirty:              1056 kB
Writeback:             0 kB
AnonPages:       2281756 kB
Mapped:           134716 kB
Shmem:             11468 kB
KReclaimable:      71340 kB
Slab:             225972 kB
SReclaimable:      71340 kB
SUnreclaim:       154632 kB
KernelStack:       10848 kB
PageTables:        26380 kB
NFS_Unstable:          0 kB
Bounce:                0 kB
WritebackTmp:          0 kB
CommitLimit:     5514932 kB
Committed_AS:    6097416 kB
VmallocTotal:   34359738367 kB
VmallocUsed:       46152 kB
VmallocChunk:          0 kB
Percpu:             2216 kB
HardwareCorrupted:     0 kB
AnonHugePages:         0 kB
ShmemHugePages:        0 kB
ShmemPmdMapped:        0 kB
FileHugePages:         0 kB
FilePmdMapped:         0 kB
HugePages_Total:       0
HugePages_Free:        0
HugePages_Rsvd:        0
HugePages_Surp:        0
Hugepagesize:       2048 kB
Hugetlb:               0 kB
DirectMap4k:      202560 kB
DirectMap2M:     3991552 kB
DirectMap1G:     2097152 kB

/sys/kernel/mm/transparent_hugepage/enabled:
always [madvise] never
/sys/kernel/mm/transparent_hugepage/defrag (defrag/compaction efforts parameter):
always defer defer+madvise [madvise] never

Process Memory:
Virtual Size: 3685924K (peak: 12384612K)
Resident Set Size: 94628K (peak: 94628K) (anon: 37652K, file: 56976K, shmem: 0K)
Swapped out: 0K
C-Heap outstanding allocations: 15386K, retained: 2297K
glibc malloc tunables: (default)

/proc/sys/kernel/threads-max (system-wide limit on the number of threads):
30667
/proc/sys/vm/max_map_count (maximum number of memory map areas a process may have):
65530
/proc/sys/kernel/pid_max (system-wide limit on number of process identifiers):
4194304

container (cgroup) information:
container_type: cgroupv2
cpu_cpuset_cpus: not supported
cpu_memory_nodes: not supported
active_processor_count: 2
cpu_quota: not supported
cpu_period: not supported
cpu_shares: not supported
memory_limit_in_bytes: unlimited
memory_and_swap_limit_in_bytes: unlimited
memory_soft_limit_in_bytes: unlimited
memory_usage_in_bytes: 2175036 k
memory_max_usage_in_bytes: not supported
memory_swap_current_in_bytes: 815652 k
memory_swap_max_limit_in_bytes: unlimited
maximum number of tasks: 4600
current number of tasks: 142

VMWare virtualization detected
Steal ticks since vm start: 0
Steal ticks percentage since vm start:  0.000

CPU:total 2 (initial active 2) (1 cores per cpu, 1 threads per core) family 6 model 140 stepping 1 microcode 0xffffffff, cmov, cx8, fxsr, mmx, sse, sse2, sse3, ssse3, sse4.1, sse4.2, popcnt, avx, avx2, aes, clmul, erms, 3dnowpref, lzcnt, tsc, tscinvbit, bmi1, bmi2, adx, evex, sha, fma
CPU Model and flags from /proc/cpuinfo:
model name	: 11th Gen Intel(R) Core(TM) i7-1165G7 @ 2.80GHz
flags		: fpu vme de pse tsc msr pae mce cx8 apic sep mtrr pge mca cmov pat pse36 clflush mmx fxsr sse sse2 ss syscall nx pdpe1gb rdtscp lm constant_tsc arch_perfmon rep_good nopl xtopology tsc_reliable nonstop_tsc cpuid tsc_known_freq pni pclmulqdq ssse3 fma cx16 pcid sse4_1 sse4_2 x2apic movbe popcnt tsc_deadline_timer aes xsave avx f16c rdrand hypervisor lahf_lm abm 3dnowprefetch invpcid_single pti ssbd ibrs ibpb stibp fsgsbase tsc_adjust bmi1 avx2 smep bmi2 erms invpcid avx512f avx512dq rdseed adx smap avx512ifma clflushopt clwb avx512cd sha_ni avx512bw avx512vl xsaveopt xsavec xgetbv1 xsaves arat avx512vbmi umip avx512_vbmi2 gfni vaes vpclmulqdq avx512_vnni avx512_bitalg avx512_vpopcntdq rdpid fsrm avx512_vp2intersect flush_l1d arch_capabilities
Online cpus:
0-1
Offline cpus:

BIOS frequency limitation:
<Not Available>
Frequency switch latency (ns):
<Not Available>
Available cpu frequencies:
<Not Available>
Current governor:
<Not Available>
Core performance/turbo boost:
<Not Available>

Memory: 4k page, physical 4005236k(229624k free), swap 3512316k(1985496k free)

vm_info: OpenJDK 64-Bit Server VM (11.0.19+7-post-Ubuntu-0ubuntu122.04.1) for linux-amd64 JRE (11.0.19+7-post-Ubuntu-0ubuntu122.04.1), built on May 10 2023 00:54:00 by "unknown" with gcc 11.3.0

END.
