#
# A fatal error has been detected by the Java Runtime Environment:
#
#  SIGILL (0x4) at pc=0x00007f1d36041d61, pid=4151, tid=4156
#
# JRE version: OpenJDK Runtime Environment (11.0.19+7) (build 11.0.19+7-post-Ubuntu-0ubuntu122.04.1)
# Java VM: OpenJDK 64-Bit Server VM (11.0.19+7-post-Ubuntu-0ubuntu122.04.1, mixed mode, sharing, tiered, compressed oops, g1 gc, linux-amd64)
# Problematic frame:
# C  [libLLVM-13.so+0xc41d61]  llvm::DataLayout::getPrefTypeAlignment(llvm::Type*) const+0x531
#
# Core dump will be written. Default location: Core dumps may be processed with "/usr/share/apport/apport -p%p -s%s -c%c -d%d -P%P -u%u -g%g -- %E" (or dumping to /home/doudou/lab/Lab/core.4151)
#
# If you would like to submit a bug report, please visit:
#   https://bugs.launchpad.net/ubuntu/+source/openjdk-lts
# The crash happened outside the Java Virtual Machine in native code.
# See problematic frame for where to report the bug.
#

---------------  S U M M A R Y ------------

Command Line: -agentlib:jdwp=transport=dt_socket,address=127.0.0.1:54253,suspend=y,server=n -javaagent:/snap/intellij-idea-ultimate/430/plugins/java/lib/rt/debugger-agent.jar -Dfile.encoding=UTF-8 Main /home/doudou/lab/Lab/tests/test1.sysy /home/doudou/lab/Lab/tests/out.txt

Host: 11th Gen Intel(R) Core(TM) i7-1165G7 @ 2.80GHz, 2 cores, 3G, Ubuntu 22.04.2 LTS
Time: Fri Jun  9 11:08:27 2023 CST elapsed time: 771.388928 seconds (0d 0h 12m 51s)

---------------  T H R E A D  ---------------

Current thread (0x00007f1d94019800):  JavaThread "main" [_thread_in_native, id=4156, stack(0x00007f1d99300000,0x00007f1d99400000)]

Stack: [0x00007f1d99300000,0x00007f1d99400000],  sp=0x00007f1d993fdd00,  free space=1015k
Native frames: (J=compiled Java code, A=aot compiled Java code, j=interpreted, Vv=VM code, C=native code)
C  [libLLVM-13.so+0xc41d61]  llvm::DataLayout::getPrefTypeAlignment(llvm::Type*) const+0x531

Java frames: (J=compiled Java code, j=interpreted, Vv=VM code)
j  org.bytedeco.llvm.global.LLVM.LLVMBuildLoad(Lorg/bytedeco/llvm/LLVM/LLVMBuilderRef;Lorg/bytedeco/llvm/LLVM/LLVMValueRef;Ljava/lang/String;)Lorg/bytedeco/llvm/LLVM/LLVMValueRef;+0
j  SysYLlvmVisitor.visitLVal(LSysYParser$LValContext;)Lorg/bytedeco/llvm/LLVM/LLVMValueRef;+41
j  SysYLlvmVisitor.visitExp(LSysYParser$ExpContext;)Lorg/bytedeco/llvm/LLVM/LLVMValueRef;+51
j  SysYLlvmVisitor.visitExp(LSysYParser$ExpContext;)Lorg/bytedeco/llvm/LLVM/LLVMValueRef;+416
j  SysYLlvmVisitor.visitStmt(LSysYParser$StmtContext;)Lorg/bytedeco/llvm/LLVM/LLVMValueRef;+21
j  SysYLlvmVisitor.visitStmt(LSysYParser$StmtContext;)Ljava/lang/Object;+2
j  SysYParser$StmtContext.accept(Lorg/antlr/v4/runtime/tree/ParseTreeVisitor;)Ljava/lang/Object;+12
j  org.antlr.v4.runtime.tree.AbstractParseTreeVisitor.visitChildren(Lorg/antlr/v4/runtime/tree/RuleNode;)Ljava/lang/Object;+46
j  SysYParserBaseVisitor.visitBlockItem(LSysYParser$BlockItemContext;)Ljava/lang/Object;+2
j  SysYParser$BlockItemContext.accept(Lorg/antlr/v4/runtime/tree/ParseTreeVisitor;)Ljava/lang/Object;+12
j  org.antlr.v4.runtime.tree.AbstractParseTreeVisitor.visitChildren(Lorg/antlr/v4/runtime/tree/RuleNode;)Ljava/lang/Object;+46
j  SysYParserBaseVisitor.visitBlock(LSysYParser$BlockContext;)Ljava/lang/Object;+2
j  SysYParser$BlockContext.accept(Lorg/antlr/v4/runtime/tree/ParseTreeVisitor;)Ljava/lang/Object;+12
j  org.antlr.v4.runtime.tree.AbstractParseTreeVisitor.visit(Lorg/antlr/v4/runtime/tree/ParseTree;)Ljava/lang/Object;+2
j  SysYLlvmVisitor.visitFuncDef(LSysYParser$FuncDefContext;)Lorg/bytedeco/llvm/LLVM/LLVMValueRef;+295
j  SysYLlvmVisitor.visitCompUnit(LSysYParser$CompUnitContext;)Lorg/bytedeco/llvm/LLVM/LLVMValueRef;+364
j  SysYLlvmVisitor.visitCompUnit(LSysYParser$CompUnitContext;)Ljava/lang/Object;+2
j  SysYParser$CompUnitContext.accept(Lorg/antlr/v4/runtime/tree/ParseTreeVisitor;)Ljava/lang/Object;+12
j  org.antlr.v4.runtime.tree.AbstractParseTreeVisitor.visitChildren(Lorg/antlr/v4/runtime/tree/RuleNode;)Ljava/lang/Object;+46
j  SysYParserBaseVisitor.visitProgram(LSysYParser$ProgramContext;)Ljava/lang/Object;+2
j  SysYParser$ProgramContext.accept(Lorg/antlr/v4/runtime/tree/ParseTreeVisitor;)Ljava/lang/Object;+12
j  org.antlr.v4.runtime.tree.AbstractParseTreeVisitor.visit(Lorg/antlr/v4/runtime/tree/ParseTree;)Ljava/lang/Object;+2
j  Main.main([Ljava/lang/String;)V+218
v  ~StubRoutines::call_stub

siginfo: si_signo: 4 (SIGILL), si_code: 2 (ILL_ILLOPN), si_addr: 0x00007f1d36041d61

Register to memory mapping:

RAX=0x000000009438a370 is an unknown value
RBX=0x00007f1d94395680 points into unknown readable memory: 0x00007f1d9438aad8 | d8 aa 38 94 1d 7f 00 00
RCX=0x00007f1d396fe4b7: <offset 0x00000000042fe4b7> in /home/doudou/.javacpp/cache/llvm-13.0.1-1.5.7-linux-x86_64.jar/org/bytedeco/llvm/linux-x86_64/libLLVM-13.so at 0x00007f1d35400000
RDX=0x00007f1d36041d5f: _ZNK4llvm10DataLayout20getPrefTypeAlignmentEPNS_4TypeE+0x000000000000052f in /home/doudou/.javacpp/cache/llvm-13.0.1-1.5.7-linux-x86_64.jar/org/bytedeco/llvm/linux-x86_64/libLLVM-13.so at 0x00007f1d35400000
RSP=0x00007f1d993fdd00 is pointing into the stack for thread: 0x00007f1d94019800
RBP=0x00007f1d943742c0 points into unknown readable memory: 0x00007f1d9438a370 | 70 a3 38 94 1d 7f 00 00
RSI=0x00007f1d943742c4 points into unknown readable memory: 1d 7f 00 00
RDI=0x00007f1d94385e80 points into unknown readable memory: 0x000000000a000100 | 00 01 00 0a 00 00 00 00
R8 =0x00000000c6977180 points into unknown readable memory: 0x0000000000000073 | 73 00 00 00 00 00 00 00
R9 =0x0000000000000002 is an unknown value
R10=0x00000000000003d8 is an unknown value
R11=0x0 is NULL
R12=0x00007f1d94385e80 points into unknown readable memory: 0x000000000a000100 | 00 01 00 0a 00 00 00 00
R13=0x00007f1d94395680 points into unknown readable memory: 0x00007f1d9438aad8 | d8 aa 38 94 1d 7f 00 00
R14=0x00007f1d943742c0 points into unknown readable memory: 0x00007f1d9438a370 | 70 a3 38 94 1d 7f 00 00
R15=0x00007f1d94019800 is a thread


Registers:
RAX=0x000000009438a370, RBX=0x00007f1d94395680, RCX=0x00007f1d396fe4b7, RDX=0x00007f1d36041d5f
RSP=0x00007f1d993fdd00, RBP=0x00007f1d943742c0, RSI=0x00007f1d943742c4, RDI=0x00007f1d94385e80
R8 =0x00000000c6977180, R9 =0x0000000000000002, R10=0x00000000000003d8, R11=0x0000000000000000
R12=0x00007f1d94385e80, R13=0x00007f1d94395680, R14=0x00007f1d943742c0, R15=0x00007f1d94019800
RIP=0x00007f1d36041d61, EFLAGS=0x0000000000010207, CSGSFS=0x002b000000000033, ERR=0x0000000000000000
  TRAPNO=0x0000000000000006

Top of Stack: (sp=0x00007f1d993fdd00)
0x00007f1d993fdd00:   00007f1d94019b48 00007f1d7425f546
0x00007f1d993fdd10:   00007f1d993fdd80 0000003000000018
0x00007f1d993fdd20:   00007f1d993fddf0 00007f1d993fdd30
0x00007f1d993fdd30:   0000000800332500 0000000000000000 

Instructions: (pc=0x00007f1d36041d61)
0x00007f1d36041c61:   6c 24 08 e8 27 27 f0 ff 0f af 45 20 89 c2 85 c0
0x00007f1d36041c71:   0f 84 a6 fd ff ff 48 83 ea 01 48 89 d0 48 d1 e8
0x00007f1d36041c81:   48 09 d0 48 89 c2 48 c1 ea 02 48 09 d0 48 89 c2
0x00007f1d36041c91:   48 c1 ea 04 48 09 d0 48 89 c2 48 c1 ea 08 48 09
0x00007f1d36041ca1:   d0 48 89 c2 48 c1 ea 10 48 09 d0 83 c0 01 48 85
0x00007f1d36041cb1:   c0 0f 85 27 fd ff ff 31 c0 e9 5e fd ff ff 90 49
0x00007f1d36041cc1:   8b 76 18 45 31 ed 80 f9 13 45 8b 7e 20 41 0f 94
0x00007f1d36041cd1:   c5 80 7e 08 13 0f 87 70 62 ce ff 0f b6 46 08 48
0x00007f1d36041ce1:   8d 15 51 ca 6b 03 48 63 04 82 48 01 d0 ff e0 b9
0x00007f1d36041cf1:   10 00 00 00 48 8d 73 ff e9 4a ff ff ff 66 90 b9
0x00007f1d36041d01:   02 00 00 00 48 8d 73 ff e9 3a ff ff ff 4c 89 f6
0x00007f1d36041d11:   4c 89 e7 e8 87 d7 ff ff 48 89 44 24 30 48 89 54
0x00007f1d36041d21:   24 38 44 8b 6c 24 38 48 83 c0 07 48 8d 73 ff 31
0x00007f1d36041d31:   d2 48 c1 e8 03 48 89 c1 48 8d 04 06 48 f7 f3 48
0x00007f1d36041d41:   0f af c3 41 83 fd 01 0f 84 0a ff ff ff e9 f5 fe
0x00007f1d36041d51:   ff ff 0f 1f 44 00 00 4c 89 f6 4c 89 e7 e8 ad e2
0x00007f1d36041d61:   ff ff 48 8d 73 ff 49 89 c0 48 b8 ff ff ff ff ff
0x00007f1d36041d71:   ff ff 1f 49 23 00 48 89 c1 e9 c9 fe ff ff b9 0a
0x00007f1d36041d81:   00 00 00 48 8d 73 ff e9 bb fe ff ff 41 8b 76 08
0x00007f1d36041d91:   4d 8b 84 24 d8 00 00 00 c1 ee 08 74 50 41 8b 84
0x00007f1d36041da1:   24 e0 00 00 00 4c 89 c7 49 89 c1 49 c1 e1 04 48
0x00007f1d36041db1:   85 c0 7e 29 48 89 c1 48 d1 f9 48 89 ca 48 c1 e2
0x00007f1d36041dc1:   04 48 01 fa 3b 72 08 0f 86 12 03 00 00 48 29 c8
0x00007f1d36041dd1:   48 8d 7a 10 48 83 e8 01 48 85 c0 7f d7 4b 8d 04
0x00007f1d36041de1:   08 48 39 c7 74 07 3b 77 08 4c 0f 44 c7 41 8b 40
0x00007f1d36041df1:   04 48 8d 73 ff 89 c1 81 e1 ff ff ff 1f e9 45 fe
0x00007f1d36041e01:   ff ff 41 8b 46 08 48 8d 73 ff c1 e8 08 48 83 c0
0x00007f1d36041e11:   07 48 c1 e8 03 48 89 c1 e9 2a fe ff ff b9 00 04
0x00007f1d36041e21:   00 00 48 8d 73 ff e9 1c fe ff ff 49 8b 84 24 d8
0x00007f1d36041e31:   00 00 00 48 8d 73 ff 8b 40 04 89 c1 81 e1 ff ff
0x00007f1d36041e41:   ff 1f e9 00 fe ff ff b9 04 00 00 00 48 8d 73 ff
0x00007f1d36041e51:   e9 f2 fd ff ff 41 b8 40 00 00 00 0f 1f 40 00 44 


Stack slot to memory mapping:
stack at sp + 0 slots: 0x00007f1d94019b48 points into unknown readable memory: 0x00007f1d9a644b40 | 40 4b 64 9a 1d 7f 00 00
stack at sp + 1 slots: 0x00007f1d7425f546: _ZN7JNIEnv_16CallObjectMethodEP8_jobjectP10_jmethodIDz+0x0000000000000086 in /home/doudou/.javacpp/cache/llvm-13.0.1-1.5.7-linux-x86_64.jar/org/bytedeco/llvm/linux-x86_64/libjniLLVM.so at 0x00007f1d74193000
stack at sp + 2 slots: 0x00007f1d993fdd80 is pointing into the stack for thread: 0x00007f1d94019800
stack at sp + 3 slots: 0x0000003000000018 is an unknown value
stack at sp + 4 slots: 0x00007f1d993fddf0 is pointing into the stack for thread: 0x00007f1d94019800
stack at sp + 5 slots: 0x00007f1d993fdd30 is pointing into the stack for thread: 0x00007f1d94019800
stack at sp + 6 slots: {method} {0x0000000800332500} '<init>' '([BIILjava/nio/charset/Charset;)V' in 'java/lang/String'
stack at sp + 7 slots: 0x0 is NULL


---------------  P R O C E S S  ---------------

Threads class SMR info:
_java_thread_list=0x00007f1d3c00eee0, length=11, elements={
0x00007f1d94019800, 0x00007f1d94123800, 0x00007f1d94126000, 0x00007f1d9412a800,
0x00007f1d9412c800, 0x00007f1d9412e800, 0x00007f1d94130800, 0x00007f1d94132800,
0x00007f1d94140800, 0x00007f1d9418d800, 0x00007f1d94211000
}

Java Threads: ( => current thread )
=>0x00007f1d94019800 JavaThread "main" [_thread_in_native, id=4156, stack(0x00007f1d99300000,0x00007f1d99400000)]
  0x00007f1d94123800 JavaThread "Reference Handler" daemon [_thread_blocked, id=4164, stack(0x00007f1d74f9d000,0x00007f1d7509d000)]
  0x00007f1d94126000 JavaThread "Finalizer" daemon [_thread_blocked, id=4165, stack(0x00007f1d74e9d000,0x00007f1d74f9d000)]
  0x00007f1d9412a800 JavaThread "Signal Dispatcher" daemon [_thread_blocked, id=4166, stack(0x00007f1d74d9d000,0x00007f1d74e9d000)]
  0x00007f1d9412c800 JavaThread "Service Thread" daemon [_thread_blocked, id=4167, stack(0x00007f1d74c9d000,0x00007f1d74d9d000)]
  0x00007f1d9412e800 JavaThread "C2 CompilerThread0" daemon [_thread_blocked, id=4168, stack(0x00007f1d74b9d000,0x00007f1d74c9d000)]
  0x00007f1d94130800 JavaThread "C1 CompilerThread0" daemon [_thread_blocked, id=4169, stack(0x00007f1d74a9d000,0x00007f1d74b9d000)]
  0x00007f1d94132800 JavaThread "Sweeper thread" daemon [_thread_blocked, id=4170, stack(0x00007f1d7499d000,0x00007f1d74a9d000)]
  0x00007f1d94140800 JavaThread "Common-Cleaner" daemon [_thread_blocked, id=4176, stack(0x00007f1d7489d000,0x00007f1d7499d000)]
  0x00007f1d9418d800 JavaThread "JDWP Event Helper Thread" daemon [_thread_blocked, id=4180, stack(0x00007f1d7469d000,0x00007f1d7479d000)]
  0x00007f1d94211000 JavaThread "JavaCPP Deallocator" daemon [_thread_blocked, id=4185, stack(0x00007f1d7439b000,0x00007f1d7449b000)]

Other Threads:
  0x00007f1d94121000 VMThread "VM Thread" [stack: 0x00007f1d7509f000,0x00007f1d7519f000] [id=4163]
  0x00007f1d9419f000 WatcherThread [stack: 0x00007f1d7449d000,0x00007f1d7459d000] [id=4183]
  0x00007f1d94033800 GCTaskThread "GC Thread#0" [stack: 0x00007f1d93f00000,0x00007f1d94000000] [id=4158]
  0x00007f1d60001000 GCTaskThread "GC Thread#1" [stack: 0x00007f1d7429b000,0x00007f1d7439b000] [id=4187]
  0x00007f1d9404e800 ConcurrentGCThread "G1 Main Marker" [stack: 0x00007f1d75ea9000,0x00007f1d75fa9000] [id=4159]
  0x00007f1d94050000 ConcurrentGCThread "G1 Conc#0" [stack: 0x00007f1d75da7000,0x00007f1d75ea7000] [id=4160]
  0x00007f1d9408b800 ConcurrentGCThread "G1 Refine#0" [stack: 0x00007f1d75aa3000,0x00007f1d75ba3000] [id=4161]
  0x00007f1d9408d800 ConcurrentGCThread "G1 Young RemSet Sampling" [stack: 0x00007f1d759a1000,0x00007f1d75aa1000] [id=4162]

Threads with active compile tasks:

VM state:not at safepoint (normal execution)

VM Mutex/Monitor currently owned by a thread: None

Heap address: 0x00000000c3200000, size: 974 MB, Compressed Oops mode: 32-bit
Narrow klass base: 0x0000000800000000, Narrow klass shift: 3
Compressed class space size: 1073741824 Address: 0x0000000840000000

Heap:
 garbage-first heap   total 65536K, used 7880K [0x00000000c3200000, 0x0000000100000000)
  region size 1024K, 8 young (8192K), 1 survivors (1024K)
 Metaspace       used 3951K, capacity 6618K, committed 6912K, reserved 1056768K
  class space    used 418K, capacity 694K, committed 768K, reserved 1048576K
Heap Regions: E=young(eden), S=young(survivor), O=old, HS=humongous(starts), HC=humongous(continues), CS=collection set, F=free, A=archive, TAMS=top-at-mark-start (previous, next)
|   0|0x00000000c3200000, 0x00000000c3200000, 0x00000000c3300000|  0%| F|  |TAMS 0x00000000c3200000, 0x00000000c3200000| Untracked 
|   1|0x00000000c3300000, 0x00000000c3300000, 0x00000000c3400000|  0%| F|  |TAMS 0x00000000c3300000, 0x00000000c3300000| Untracked 
|   2|0x00000000c3400000, 0x00000000c3400000, 0x00000000c3500000|  0%| F|  |TAMS 0x00000000c3400000, 0x00000000c3400000| Untracked 
|   3|0x00000000c3500000, 0x00000000c3500000, 0x00000000c3600000|  0%| F|  |TAMS 0x00000000c3500000, 0x00000000c3500000| Untracked 
|   4|0x00000000c3600000, 0x00000000c3600000, 0x00000000c3700000|  0%| F|  |TAMS 0x00000000c3600000, 0x00000000c3600000| Untracked 
|   5|0x00000000c3700000, 0x00000000c3700000, 0x00000000c3800000|  0%| F|  |TAMS 0x00000000c3700000, 0x00000000c3700000| Untracked 
|   6|0x00000000c3800000, 0x00000000c3800000, 0x00000000c3900000|  0%| F|  |TAMS 0x00000000c3800000, 0x00000000c3800000| Untracked 
|   7|0x00000000c3900000, 0x00000000c3900000, 0x00000000c3a00000|  0%| F|  |TAMS 0x00000000c3900000, 0x00000000c3900000| Untracked 
|   8|0x00000000c3a00000, 0x00000000c3a00000, 0x00000000c3b00000|  0%| F|  |TAMS 0x00000000c3a00000, 0x00000000c3a00000| Untracked 
|   9|0x00000000c3b00000, 0x00000000c3b00000, 0x00000000c3c00000|  0%| F|  |TAMS 0x00000000c3b00000, 0x00000000c3b00000| Untracked 
|  10|0x00000000c3c00000, 0x00000000c3c00000, 0x00000000c3d00000|  0%| F|  |TAMS 0x00000000c3c00000, 0x00000000c3c00000| Untracked 
|  11|0x00000000c3d00000, 0x00000000c3d00000, 0x00000000c3e00000|  0%| F|  |TAMS 0x00000000c3d00000, 0x00000000c3d00000| Untracked 
|  12|0x00000000c3e00000, 0x00000000c3e00000, 0x00000000c3f00000|  0%| F|  |TAMS 0x00000000c3e00000, 0x00000000c3e00000| Untracked 
|  13|0x00000000c3f00000, 0x00000000c3f00000, 0x00000000c4000000|  0%| F|  |TAMS 0x00000000c3f00000, 0x00000000c3f00000| Untracked 
|  14|0x00000000c4000000, 0x00000000c4000000, 0x00000000c4100000|  0%| F|  |TAMS 0x00000000c4000000, 0x00000000c4000000| Untracked 
|  15|0x00000000c4100000, 0x00000000c4100000, 0x00000000c4200000|  0%| F|  |TAMS 0x00000000c4100000, 0x00000000c4100000| Untracked 
|  16|0x00000000c4200000, 0x00000000c4200000, 0x00000000c4300000|  0%| F|  |TAMS 0x00000000c4200000, 0x00000000c4200000| Untracked 
|  17|0x00000000c4300000, 0x00000000c4300000, 0x00000000c4400000|  0%| F|  |TAMS 0x00000000c4300000, 0x00000000c4300000| Untracked 
|  18|0x00000000c4400000, 0x00000000c4400000, 0x00000000c4500000|  0%| F|  |TAMS 0x00000000c4400000, 0x00000000c4400000| Untracked 
|  19|0x00000000c4500000, 0x00000000c4500000, 0x00000000c4600000|  0%| F|  |TAMS 0x00000000c4500000, 0x00000000c4500000| Untracked 
|  20|0x00000000c4600000, 0x00000000c4600000, 0x00000000c4700000|  0%| F|  |TAMS 0x00000000c4600000, 0x00000000c4600000| Untracked 
|  21|0x00000000c4700000, 0x00000000c4700000, 0x00000000c4800000|  0%| F|  |TAMS 0x00000000c4700000, 0x00000000c4700000| Untracked 
|  22|0x00000000c4800000, 0x00000000c4800000, 0x00000000c4900000|  0%| F|  |TAMS 0x00000000c4800000, 0x00000000c4800000| Untracked 
|  23|0x00000000c4900000, 0x00000000c4900000, 0x00000000c4a00000|  0%| F|  |TAMS 0x00000000c4900000, 0x00000000c4900000| Untracked 
|  24|0x00000000c4a00000, 0x00000000c4a00000, 0x00000000c4b00000|  0%| F|  |TAMS 0x00000000c4a00000, 0x00000000c4a00000| Untracked 
|  25|0x00000000c4b00000, 0x00000000c4b00000, 0x00000000c4c00000|  0%| F|  |TAMS 0x00000000c4b00000, 0x00000000c4b00000| Untracked 
|  26|0x00000000c4c00000, 0x00000000c4c00000, 0x00000000c4d00000|  0%| F|  |TAMS 0x00000000c4c00000, 0x00000000c4c00000| Untracked 
|  27|0x00000000c4d00000, 0x00000000c4d00000, 0x00000000c4e00000|  0%| F|  |TAMS 0x00000000c4d00000, 0x00000000c4d00000| Untracked 
|  28|0x00000000c4e00000, 0x00000000c4e00000, 0x00000000c4f00000|  0%| F|  |TAMS 0x00000000c4e00000, 0x00000000c4e00000| Untracked 
|  29|0x00000000c4f00000, 0x00000000c4f00000, 0x00000000c5000000|  0%| F|  |TAMS 0x00000000c4f00000, 0x00000000c4f00000| Untracked 
|  30|0x00000000c5000000, 0x00000000c5000000, 0x00000000c5100000|  0%| F|  |TAMS 0x00000000c5000000, 0x00000000c5000000| Untracked 
|  31|0x00000000c5100000, 0x00000000c5100000, 0x00000000c5200000|  0%| F|  |TAMS 0x00000000c5100000, 0x00000000c5100000| Untracked 
|  32|0x00000000c5200000, 0x00000000c5200000, 0x00000000c5300000|  0%| F|  |TAMS 0x00000000c5200000, 0x00000000c5200000| Untracked 
|  33|0x00000000c5300000, 0x00000000c5300000, 0x00000000c5400000|  0%| F|  |TAMS 0x00000000c5300000, 0x00000000c5300000| Untracked 
|  34|0x00000000c5400000, 0x00000000c5400000, 0x00000000c5500000|  0%| F|  |TAMS 0x00000000c5400000, 0x00000000c5400000| Untracked 
|  35|0x00000000c5500000, 0x00000000c5500000, 0x00000000c5600000|  0%| F|  |TAMS 0x00000000c5500000, 0x00000000c5500000| Untracked 
|  36|0x00000000c5600000, 0x00000000c5600000, 0x00000000c5700000|  0%| F|  |TAMS 0x00000000c5600000, 0x00000000c5600000| Untracked 
|  37|0x00000000c5700000, 0x00000000c5700000, 0x00000000c5800000|  0%| F|  |TAMS 0x00000000c5700000, 0x00000000c5700000| Untracked 
|  38|0x00000000c5800000, 0x00000000c5800000, 0x00000000c5900000|  0%| F|  |TAMS 0x00000000c5800000, 0x00000000c5800000| Untracked 
|  39|0x00000000c5900000, 0x00000000c5900000, 0x00000000c5a00000|  0%| F|  |TAMS 0x00000000c5900000, 0x00000000c5900000| Untracked 
|  40|0x00000000c5a00000, 0x00000000c5a00000, 0x00000000c5b00000|  0%| F|  |TAMS 0x00000000c5a00000, 0x00000000c5a00000| Untracked 
|  41|0x00000000c5b00000, 0x00000000c5b00000, 0x00000000c5c00000|  0%| F|  |TAMS 0x00000000c5b00000, 0x00000000c5b00000| Untracked 
|  42|0x00000000c5c00000, 0x00000000c5c00000, 0x00000000c5d00000|  0%| F|  |TAMS 0x00000000c5c00000, 0x00000000c5c00000| Untracked 
|  43|0x00000000c5d00000, 0x00000000c5d00000, 0x00000000c5e00000|  0%| F|  |TAMS 0x00000000c5d00000, 0x00000000c5d00000| Untracked 
|  44|0x00000000c5e00000, 0x00000000c5e00000, 0x00000000c5f00000|  0%| F|  |TAMS 0x00000000c5e00000, 0x00000000c5e00000| Untracked 
|  45|0x00000000c5f00000, 0x00000000c5f00000, 0x00000000c6000000|  0%| F|  |TAMS 0x00000000c5f00000, 0x00000000c5f00000| Untracked 
|  46|0x00000000c6000000, 0x00000000c6000000, 0x00000000c6100000|  0%| F|  |TAMS 0x00000000c6000000, 0x00000000c6000000| Untracked 
|  47|0x00000000c6100000, 0x00000000c6100000, 0x00000000c6200000|  0%| F|  |TAMS 0x00000000c6100000, 0x00000000c6100000| Untracked 
|  48|0x00000000c6200000, 0x00000000c6200000, 0x00000000c6300000|  0%| F|  |TAMS 0x00000000c6200000, 0x00000000c6200000| Untracked 
|  49|0x00000000c6300000, 0x00000000c6300000, 0x00000000c6400000|  0%| F|  |TAMS 0x00000000c6300000, 0x00000000c6300000| Untracked 
|  50|0x00000000c6400000, 0x00000000c6400000, 0x00000000c6500000|  0%| F|  |TAMS 0x00000000c6400000, 0x00000000c6400000| Untracked 
|  51|0x00000000c6500000, 0x00000000c6500000, 0x00000000c6600000|  0%| F|  |TAMS 0x00000000c6500000, 0x00000000c6500000| Untracked 
|  52|0x00000000c6600000, 0x00000000c6600000, 0x00000000c6700000|  0%| F|  |TAMS 0x00000000c6600000, 0x00000000c6600000| Untracked 
|  53|0x00000000c6700000, 0x00000000c6700000, 0x00000000c6800000|  0%| F|  |TAMS 0x00000000c6700000, 0x00000000c6700000| Untracked 
|  54|0x00000000c6800000, 0x00000000c6900000, 0x00000000c6900000|100%| S|CS|TAMS 0x00000000c6800000, 0x00000000c6800000| Complete 
|  55|0x00000000c6900000, 0x00000000c69dcaa0, 0x00000000c6a00000| 86%| E|  |TAMS 0x00000000c6900000, 0x00000000c6900000| Complete 
|  56|0x00000000c6a00000, 0x00000000c6b00000, 0x00000000c6b00000|100%| E|CS|TAMS 0x00000000c6a00000, 0x00000000c6a00000| Complete 
|  57|0x00000000c6b00000, 0x00000000c6c00000, 0x00000000c6c00000|100%| E|CS|TAMS 0x00000000c6b00000, 0x00000000c6b00000| Complete 
|  58|0x00000000c6c00000, 0x00000000c6d00000, 0x00000000c6d00000|100%| E|CS|TAMS 0x00000000c6c00000, 0x00000000c6c00000| Complete 
|  59|0x00000000c6d00000, 0x00000000c6e00000, 0x00000000c6e00000|100%| E|CS|TAMS 0x00000000c6d00000, 0x00000000c6d00000| Complete 
|  60|0x00000000c6e00000, 0x00000000c6f00000, 0x00000000c6f00000|100%| E|CS|TAMS 0x00000000c6e00000, 0x00000000c6e00000| Complete 
|  61|0x00000000c6f00000, 0x00000000c7000000, 0x00000000c7000000|100%| E|CS|TAMS 0x00000000c6f00000, 0x00000000c6f00000| Complete 
| 972|0x00000000ffe00000, 0x00000000ffe47000, 0x00000000fff00000| 27%|OA|  |TAMS 0x00000000ffe00000, 0x00000000ffe00000| Untracked 
| 973|0x00000000fff00000, 0x00000000fff6b000, 0x0000000100000000| 41%|CA|  |TAMS 0x00000000fff00000, 0x00000000fff00000| Untracked 

Card table byte_map: [0x00007f1d7c030000,0x00007f1d7c217000] _byte_map_base: 0x00007f1d7ba17000

Marking Bits (Prev, Next): (CMBitMap*) 0x00007f1d94049aa8, (CMBitMap*) 0x00007f1d94049ae0
 Prev Bits: [0x00007f1d76ee1000, 0x00007f1d77e19000)
 Next Bits: [0x00007f1d75fa9000, 0x00007f1d76ee1000)

Polling page: 0x00007f1d9aacf000

Metaspace:

Usage:
  Non-class:      5.79 MB capacity,     3.45 MB ( 60%) used,     2.33 MB ( 40%) free+waste,     7.25 KB ( <1%) overhead. 
      Class:    694.00 KB capacity,   418.98 KB ( 60%) used,   271.33 KB ( 39%) free+waste,     3.69 KB ( <1%) overhead. 
       Both:      6.46 MB capacity,     3.86 MB ( 60%) used,     2.59 MB ( 40%) free+waste,    10.94 KB ( <1%) overhead. 

Virtual space:
  Non-class space:        8.00 MB reserved,       6.00 MB ( 75%) committed 
      Class space:        1.00 GB reserved,     768.00 KB ( <1%) committed 
             Both:        1.01 GB reserved,       6.75 MB ( <1%) committed 

Chunk freelists:
   Non-Class:  32.00 KB
       Class:  10.00 KB
        Both:  42.00 KB

MaxMetaspaceSize: unlimited
CompressedClassSpaceSize: 1.00 GB
Initial GC threshold: 20.80 MB
Current GC threshold: 20.80 MB
CDS: on

CodeHeap 'non-profiled nmethods': size=120036Kb used=235Kb max_used=235Kb free=119800Kb
 bounds [0x00007f1d840c7000, 0x00007f1d84337000, 0x00007f1d8b600000]
CodeHeap 'profiled nmethods': size=120032Kb used=1543Kb max_used=1543Kb free=118488Kb
 bounds [0x00007f1d7cb8f000, 0x00007f1d7cdff000, 0x00007f1d840c7000]
CodeHeap 'non-nmethods': size=5692Kb used=1213Kb max_used=1222Kb free=4478Kb
 bounds [0x00007f1d7c600000, 0x00007f1d7c870000, 0x00007f1d7cb8f000]
 total_blobs=1220 nmethods=822 adapters=320
 compilation: enabled
              stopped_count=0, restarted_count=0
 full_count=0

Compilation events (20 events):
Event: 3.887 Thread 0x00007f1d94130800  807       3       java.lang.invoke.MemberName::flagsMods (72 bytes)
Event: 3.887 Thread 0x00007f1d94130800 nmethod 807 0x00007f1d7cd00290 code [0x00007f1d7cd00440, 0x00007f1d7cd00550]
Event: 3.887 Thread 0x00007f1d94130800  808       3       java.lang.invoke.MemberName::init (66 bytes)
Event: 3.887 Thread 0x00007f1d94130800 nmethod 808 0x00007f1d7cd00610 code [0x00007f1d7cd007c0, 0x00007f1d7cd00a10]
Event: 3.887 Thread 0x00007f1d94130800  809       3       java.util.ImmutableCollections$ListN::size (6 bytes)
Event: 3.887 Thread 0x00007f1d94130800 nmethod 809 0x00007f1d7cd00a90 code [0x00007f1d7cd00c40, 0x00007f1d7cd00d70]
Event: 3.887 Thread 0x00007f1d94130800  811       1       java.lang.invoke.LambdaForm$Name::type (5 bytes)
Event: 3.887 Thread 0x00007f1d94130800 nmethod 811 0x00007f1d84100a90 code [0x00007f1d84100c40, 0x00007f1d84100d10]
Event: 3.888 Thread 0x00007f1d94130800  812       3       java.lang.invoke.LambdaForm$Name::useCount (42 bytes)
Event: 3.888 Thread 0x00007f1d94130800 nmethod 812 0x00007f1d7cd00e10 code [0x00007f1d7cd00fe0, 0x00007f1d7cd012f0]
Event: 3.888 Thread 0x00007f1d94130800  813       3       jdk.internal.org.objectweb.asm.Frame::execute (2264 bytes)
Event: 3.892 Thread 0x00007f1d94130800 nmethod 813 0x00007f1d7cd01410 code [0x00007f1d7cd022c0, 0x00007f1d7cd09030]
Event: 3.896 Thread 0x00007f1d94130800  815   !   3       java.lang.invoke.MemberName$Factory::resolve (157 bytes)
Event: 3.897 Thread 0x00007f1d94130800 nmethod 815 0x00007f1d7cd0b090 code [0x00007f1d7cd0b2c0, 0x00007f1d7cd0b9a0]
Event: 3.897 Thread 0x00007f1d94130800  817       3       java.lang.invoke.MemberName::checkForTypeAlias (168 bytes)
Event: 3.898 Thread 0x00007f1d94130800 nmethod 817 0x00007f1d7cd0bd10 code [0x00007f1d7cd0c1e0, 0x00007f1d7cd0e510]
Event: 3.901 Thread 0x00007f1d94130800  822       3       java.lang.invoke.InvokerBytecodeGenerator::emitImplicitConversion (159 bytes)
Event: 3.907 Thread 0x00007f1d94130800 nmethod 822 0x00007f1d7cd0f010 code [0x00007f1d7cd0f360, 0x00007f1d7cd10450]
Event: 3.907 Thread 0x00007f1d94130800  820       3       java.lang.invoke.LambdaForm::forceInterpretation (14 bytes)
Event: 3.907 Thread 0x00007f1d94130800 nmethod 820 0x00007f1d7cd10a10 code [0x00007f1d7cd10bc0, 0x00007f1d7cd10d30]

GC Heap History (2 events):
Event: 0.742 GC heap before
{Heap before GC invocations=0 (full 0):
 garbage-first heap   total 65536K, used 7880K [0x00000000c3200000, 0x0000000100000000)
  region size 1024K, 7 young (7168K), 0 survivors (0K)
 Metaspace       used 2430K, capacity 5463K, committed 5760K, reserved 1056768K
  class space    used 253K, capacity 521K, committed 640K, reserved 1048576K
}
Event: 0.752 GC heap after
{Heap after GC invocations=1 (full 0):
 garbage-first heap   total 65536K, used 1736K [0x00000000c3200000, 0x0000000100000000)
  region size 1024K, 1 young (1024K), 1 survivors (1024K)
 Metaspace       used 2430K, capacity 5463K, committed 5760K, reserved 1056768K
  class space    used 253K, capacity 521K, committed 640K, reserved 1048576K
}

Deoptimization events (20 events):
Event: 1.101 Thread 0x00007f1d94019800 DEOPT PACKING pc=0x00007f1d7cc1210a sp=0x00007f1d993fd590
Event: 1.101 Thread 0x00007f1d94019800 DEOPT UNPACKING pc=0x00007f1d7c6499fa sp=0x00007f1d993fca38 mode 0
Event: 1.101 Thread 0x00007f1d94019800 DEOPT PACKING pc=0x00007f1d7cbd264f sp=0x00007f1d993fd450
Event: 1.101 Thread 0x00007f1d94019800 DEOPT UNPACKING pc=0x00007f1d7c6499fa sp=0x00007f1d993fc910 mode 0
Event: 3.843 Thread 0x00007f1d94019800 Uncommon trap: trap_request=0xffffffc6 fr.pc=0x00007f1d840d0ca4 relative=0x0000000000000084
Event: 3.843 Thread 0x00007f1d94019800 Uncommon trap: reason=bimorphic_or_optimized_type_check action=maybe_recompile pc=0x00007f1d840d0ca4 method=java.util.AbstractCollection.isEmpty()Z @ 1 c2
Event: 3.843 Thread 0x00007f1d94019800 DEOPT PACKING pc=0x00007f1d840d0ca4 sp=0x00007f1d993fd360
Event: 3.843 Thread 0x00007f1d94019800 DEOPT UNPACKING pc=0x00007f1d7c6082a5 sp=0x00007f1d993fd320 mode 2
Event: 3.843 Thread 0x00007f1d94019800 Uncommon trap: trap_request=0xffffffc6 fr.pc=0x00007f1d840d0ca4 relative=0x0000000000000084
Event: 3.843 Thread 0x00007f1d94019800 Uncommon trap: reason=bimorphic_or_optimized_type_check action=maybe_recompile pc=0x00007f1d840d0ca4 method=java.util.AbstractCollection.isEmpty()Z @ 1 c2
Event: 3.843 Thread 0x00007f1d94019800 DEOPT PACKING pc=0x00007f1d840d0ca4 sp=0x00007f1d993fd530
Event: 3.843 Thread 0x00007f1d94019800 DEOPT UNPACKING pc=0x00007f1d7c6082a5 sp=0x00007f1d993fd4f0 mode 2
Event: 3.854 Thread 0x00007f1d94019800 Uncommon trap: trap_request=0xffffffc6 fr.pc=0x00007f1d840d0ca4 relative=0x0000000000000084
Event: 3.854 Thread 0x00007f1d94019800 Uncommon trap: reason=bimorphic_or_optimized_type_check action=maybe_recompile pc=0x00007f1d840d0ca4 method=java.util.AbstractCollection.isEmpty()Z @ 1 c2
Event: 3.854 Thread 0x00007f1d94019800 DEOPT PACKING pc=0x00007f1d840d0ca4 sp=0x00007f1d993fd550
Event: 3.854 Thread 0x00007f1d94019800 DEOPT UNPACKING pc=0x00007f1d7c6082a5 sp=0x00007f1d993fd510 mode 2
Event: 3.862 Thread 0x00007f1d94019800 Uncommon trap: trap_request=0xffffffc6 fr.pc=0x00007f1d840d0ca4 relative=0x0000000000000084
Event: 3.862 Thread 0x00007f1d94019800 Uncommon trap: reason=bimorphic_or_optimized_type_check action=maybe_recompile pc=0x00007f1d840d0ca4 method=java.util.AbstractCollection.isEmpty()Z @ 1 c2
Event: 3.862 Thread 0x00007f1d94019800 DEOPT PACKING pc=0x00007f1d840d0ca4 sp=0x00007f1d993fd360
Event: 3.862 Thread 0x00007f1d94019800 DEOPT UNPACKING pc=0x00007f1d7c6082a5 sp=0x00007f1d993fd320 mode 2

Classes redefined (0 events):
No events

Internal exceptions (20 events):
Event: 1.034 Thread 0x00007f1d94019800 Exception <a 'java/security/PrivilegedActionException'{0x00000000c6c205c8}> (0x00000000c6c205c8) thrown at [./src/hotspot/share/prims/jvm.cpp, line 1304]
Event: 1.034 Thread 0x00007f1d94019800 Exception <a 'java/security/PrivilegedActionException'{0x00000000c6c20898}> (0x00000000c6c20898) thrown at [./src/hotspot/share/prims/jvm.cpp, line 1304]
Event: 1.034 Thread 0x00007f1d94019800 Exception <a 'java/security/PrivilegedActionException'{0x00000000c6c211e8}> (0x00000000c6c211e8) thrown at [./src/hotspot/share/prims/jvm.cpp, line 1304]
Event: 1.034 Thread 0x00007f1d94019800 Exception <a 'java/security/PrivilegedActionException'{0x00000000c6c214b8}> (0x00000000c6c214b8) thrown at [./src/hotspot/share/prims/jvm.cpp, line 1304]
Event: 1.034 Thread 0x00007f1d94019800 Exception <a 'java/security/PrivilegedActionException'{0x00000000c6c21e40}> (0x00000000c6c21e40) thrown at [./src/hotspot/share/prims/jvm.cpp, line 1304]
Event: 1.034 Thread 0x00007f1d94019800 Exception <a 'java/security/PrivilegedActionException'{0x00000000c6c22110}> (0x00000000c6c22110) thrown at [./src/hotspot/share/prims/jvm.cpp, line 1304]
Event: 1.034 Thread 0x00007f1d94019800 Exception <a 'java/security/PrivilegedActionException'{0x00000000c6c22a80}> (0x00000000c6c22a80) thrown at [./src/hotspot/share/prims/jvm.cpp, line 1304]
Event: 1.034 Thread 0x00007f1d94019800 Exception <a 'java/security/PrivilegedActionException'{0x00000000c6c22d50}> (0x00000000c6c22d50) thrown at [./src/hotspot/share/prims/jvm.cpp, line 1304]
Event: 1.034 Thread 0x00007f1d94019800 Exception <a 'java/security/PrivilegedActionException'{0x00000000c6c236c0}> (0x00000000c6c236c0) thrown at [./src/hotspot/share/prims/jvm.cpp, line 1304]
Event: 1.034 Thread 0x00007f1d94019800 Exception <a 'java/security/PrivilegedActionException'{0x00000000c6c23990}> (0x00000000c6c23990) thrown at [./src/hotspot/share/prims/jvm.cpp, line 1304]
Event: 1.034 Thread 0x00007f1d94019800 Exception <a 'java/security/PrivilegedActionException'{0x00000000c6c24318}> (0x00000000c6c24318) thrown at [./src/hotspot/share/prims/jvm.cpp, line 1304]
Event: 1.034 Thread 0x00007f1d94019800 Exception <a 'java/security/PrivilegedActionException'{0x00000000c6c245e8}> (0x00000000c6c245e8) thrown at [./src/hotspot/share/prims/jvm.cpp, line 1304]
Event: 1.034 Thread 0x00007f1d94019800 Exception <a 'java/security/PrivilegedActionException'{0x00000000c6c24f70}> (0x00000000c6c24f70) thrown at [./src/hotspot/share/prims/jvm.cpp, line 1304]
Event: 1.034 Thread 0x00007f1d94019800 Exception <a 'java/security/PrivilegedActionException'{0x00000000c6c25240}> (0x00000000c6c25240) thrown at [./src/hotspot/share/prims/jvm.cpp, line 1304]
Event: 1.034 Thread 0x00007f1d94019800 Exception <a 'java/security/PrivilegedActionException'{0x00000000c6c25bc8}> (0x00000000c6c25bc8) thrown at [./src/hotspot/share/prims/jvm.cpp, line 1304]
Event: 1.034 Thread 0x00007f1d94019800 Exception <a 'java/security/PrivilegedActionException'{0x00000000c6c25e98}> (0x00000000c6c25e98) thrown at [./src/hotspot/share/prims/jvm.cpp, line 1304]
Event: 1.034 Thread 0x00007f1d94019800 Exception <a 'java/security/PrivilegedActionException'{0x00000000c6c26808}> (0x00000000c6c26808) thrown at [./src/hotspot/share/prims/jvm.cpp, line 1304]
Event: 1.034 Thread 0x00007f1d94019800 Exception <a 'java/security/PrivilegedActionException'{0x00000000c6c26ad8}> (0x00000000c6c26ad8) thrown at [./src/hotspot/share/prims/jvm.cpp, line 1304]
Event: 1.034 Thread 0x00007f1d94019800 Exception <a 'java/security/PrivilegedActionException'{0x00000000c6c27460}> (0x00000000c6c27460) thrown at [./src/hotspot/share/prims/jvm.cpp, line 1304]
Event: 1.034 Thread 0x00007f1d94019800 Exception <a 'java/security/PrivilegedActionException'{0x00000000c6c27730}> (0x00000000c6c27730) thrown at [./src/hotspot/share/prims/jvm.cpp, line 1304]

Events (20 events):
Event: 771.366 Executing VM operation: ChangeBreakpoints
Event: 771.367 Executing VM operation: ChangeBreakpoints done
Event: 771.367 Executing VM operation: ChangeBreakpoints
Event: 771.368 Executing VM operation: ChangeBreakpoints done
Event: 771.369 Executing VM operation: ChangeBreakpoints
Event: 771.369 Executing VM operation: ChangeBreakpoints done
Event: 771.369 Executing VM operation: ChangeBreakpoints
Event: 771.369 Executing VM operation: ChangeBreakpoints done
Event: 771.369 Executing VM operation: ChangeBreakpoints
Event: 771.369 Executing VM operation: ChangeBreakpoints done
Event: 771.369 Executing VM operation: ChangeBreakpoints
Event: 771.369 Executing VM operation: ChangeBreakpoints done
Event: 771.369 Executing VM operation: ChangeBreakpoints
Event: 771.369 Executing VM operation: ChangeBreakpoints done
Event: 771.369 Executing VM operation: ChangeBreakpoints
Event: 771.369 Executing VM operation: ChangeBreakpoints done
Event: 771.369 Executing VM operation: ChangeBreakpoints
Event: 771.369 Executing VM operation: ChangeBreakpoints done
Event: 771.372 Thread 0x00007f1d94189800 Thread exited: 0x00007f1d94189800
Event: 771.372 Thread 0x000055fca7416000 Thread exited: 0x000055fca7416000


Dynamic libraries:
c3200000-c7000000 rw-p 00000000 00:00 0 
c7000000-ffe00000 ---p 00000000 00:00 0 
ffe00000-ffe47000 rw-p 00b0a000 08:03 1060156                            /usr/lib/jvm/java-11-openjdk-amd64/lib/server/classes.jsa
ffe47000-fff00000 rw-p 00000000 00:00 0 
fff00000-fff6b000 rw-p 00a9f000 08:03 1060156                            /usr/lib/jvm/java-11-openjdk-amd64/lib/server/classes.jsa
fff6b000-100000000 rw-p 00000000 00:00 0 
800000000-800002000 rwxp 00001000 08:03 1060156                          /usr/lib/jvm/java-11-openjdk-amd64/lib/server/classes.jsa
800002000-800a9e000 rw-p 00003000 08:03 1060156                          /usr/lib/jvm/java-11-openjdk-amd64/lib/server/classes.jsa
840000000-8400c0000 rw-p 00000000 00:00 0 
8400c0000-880000000 ---p 00000000 00:00 0 
55fca6082000-55fca6083000 r--p 00000000 08:03 1058673                    /usr/lib/jvm/java-11-openjdk-amd64/bin/java
55fca6083000-55fca6084000 r-xp 00001000 08:03 1058673                    /usr/lib/jvm/java-11-openjdk-amd64/bin/java
55fca6084000-55fca6085000 r--p 00002000 08:03 1058673                    /usr/lib/jvm/java-11-openjdk-amd64/bin/java
55fca6085000-55fca6086000 r--p 00002000 08:03 1058673                    /usr/lib/jvm/java-11-openjdk-amd64/bin/java
55fca6086000-55fca6087000 rw-p 00003000 08:03 1058673                    /usr/lib/jvm/java-11-openjdk-amd64/bin/java
55fca73fc000-55fca743e000 rw-p 00000000 00:00 0                          [heap]
7f1d35400000-7f1d35d26000 r--p 00000000 08:03 1579535                    /home/doudou/.javacpp/cache/llvm-13.0.1-1.5.7-linux-x86_64.jar/org/bytedeco/llvm/linux-x86_64/libLLVM-13.so
7f1d35d26000-7f1d396e9000 r-xp 00926000 08:03 1579535                    /home/doudou/.javacpp/cache/llvm-13.0.1-1.5.7-linux-x86_64.jar/org/bytedeco/llvm/linux-x86_64/libLLVM-13.so
7f1d396e9000-7f1d3b93e000 r--p 042e9000 08:03 1579535                    /home/doudou/.javacpp/cache/llvm-13.0.1-1.5.7-linux-x86_64.jar/org/bytedeco/llvm/linux-x86_64/libLLVM-13.so
7f1d3b93e000-7f1d3be53000 r--p 0653d000 08:03 1579535                    /home/doudou/.javacpp/cache/llvm-13.0.1-1.5.7-linux-x86_64.jar/org/bytedeco/llvm/linux-x86_64/libLLVM-13.so
7f1d3be53000-7f1d3be5e000 rw-p 06a52000 08:03 1579535                    /home/doudou/.javacpp/cache/llvm-13.0.1-1.5.7-linux-x86_64.jar/org/bytedeco/llvm/linux-x86_64/libLLVM-13.so
7f1d3be5e000-7f1d3bed4000 rw-p 00000000 00:00 0 
7f1d3c000000-7f1d3c021000 rw-p 00000000 00:00 0 
7f1d3c021000-7f1d40000000 ---p 00000000 00:00 0 
7f1d40000000-7f1d40021000 rw-p 00000000 00:00 0 
7f1d40021000-7f1d44000000 ---p 00000000 00:00 0 
7f1d44000000-7f1d4435f000 rw-p 00000000 00:00 0 
7f1d4435f000-7f1d48000000 ---p 00000000 00:00 0 
7f1d48000000-7f1d48451000 rw-p 00000000 00:00 0 
7f1d48451000-7f1d4c000000 ---p 00000000 00:00 0 
7f1d4c000000-7f1d4c021000 rw-p 00000000 00:00 0 
7f1d4c021000-7f1d50000000 ---p 00000000 00:00 0 
7f1d50000000-7f1d50021000 rw-p 00000000 00:00 0 
7f1d50021000-7f1d54000000 ---p 00000000 00:00 0 
7f1d54000000-7f1d54021000 rw-p 00000000 00:00 0 
7f1d54021000-7f1d58000000 ---p 00000000 00:00 0 
7f1d58000000-7f1d58021000 rw-p 00000000 00:00 0 
7f1d58021000-7f1d5c000000 ---p 00000000 00:00 0 
7f1d5c000000-7f1d5c021000 rw-p 00000000 00:00 0 
7f1d5c021000-7f1d60000000 ---p 00000000 00:00 0 
7f1d60000000-7f1d6002c000 rw-p 00000000 00:00 0 
7f1d6002c000-7f1d64000000 ---p 00000000 00:00 0 
7f1d64000000-7f1d64021000 rw-p 00000000 00:00 0 
7f1d64021000-7f1d68000000 ---p 00000000 00:00 0 
7f1d68000000-7f1d68021000 rw-p 00000000 00:00 0 
7f1d68021000-7f1d6c000000 ---p 00000000 00:00 0 
7f1d6e000000-7f1d70000000 rw-p 00000000 00:00 0 
7f1d70000000-7f1d70021000 rw-p 00000000 00:00 0 
7f1d70021000-7f1d74000000 ---p 00000000 00:00 0 
7f1d74193000-7f1d741f8000 r--p 00000000 08:03 1579540                    /home/doudou/.javacpp/cache/llvm-13.0.1-1.5.7-linux-x86_64.jar/org/bytedeco/llvm/linux-x86_64/libjniLLVM.so
7f1d741f8000-7f1d74266000 r-xp 00065000 08:03 1579540                    /home/doudou/.javacpp/cache/llvm-13.0.1-1.5.7-linux-x86_64.jar/org/bytedeco/llvm/linux-x86_64/libjniLLVM.so
7f1d74266000-7f1d74291000 r--p 000d3000 08:03 1579540                    /home/doudou/.javacpp/cache/llvm-13.0.1-1.5.7-linux-x86_64.jar/org/bytedeco/llvm/linux-x86_64/libjniLLVM.so
7f1d74291000-7f1d74294000 r--p 000fd000 08:03 1579540                    /home/doudou/.javacpp/cache/llvm-13.0.1-1.5.7-linux-x86_64.jar/org/bytedeco/llvm/linux-x86_64/libjniLLVM.so
7f1d74294000-7f1d74297000 rw-p 00100000 08:03 1579540                    /home/doudou/.javacpp/cache/llvm-13.0.1-1.5.7-linux-x86_64.jar/org/bytedeco/llvm/linux-x86_64/libjniLLVM.so
7f1d74297000-7f1d74299000 rw-p 00000000 00:00 0 
7f1d74299000-7f1d7429a000 ---p 00000000 00:00 0 
7f1d7429a000-7f1d7439b000 rw-p 00000000 00:00 0 
7f1d7439b000-7f1d7439f000 ---p 00000000 00:00 0 
7f1d7439f000-7f1d7449b000 rw-p 00000000 00:00 0 
7f1d7449b000-7f1d7449c000 ---p 00000000 00:00 0 
7f1d7449c000-7f1d7459d000 rw-p 00000000 00:00 0 
7f1d7459d000-7f1d745a1000 ---p 00000000 00:00 0 
7f1d745a1000-7f1d7469d000 rw-p 00000000 00:00 0 
7f1d7469d000-7f1d746a1000 ---p 00000000 00:00 0 
7f1d746a1000-7f1d7479d000 rw-p 00000000 00:00 0 
7f1d7479d000-7f1d747a1000 ---p 00000000 00:00 0 
7f1d747a1000-7f1d7489d000 rw-p 00000000 00:00 0 
7f1d7489d000-7f1d748a1000 ---p 00000000 00:00 0 
7f1d748a1000-7f1d7499d000 rw-p 00000000 00:00 0 
7f1d7499d000-7f1d749a1000 ---p 00000000 00:00 0 
7f1d749a1000-7f1d74a9d000 rw-p 00000000 00:00 0 
7f1d74a9d000-7f1d74aa1000 ---p 00000000 00:00 0 
7f1d74aa1000-7f1d74b9d000 rw-p 00000000 00:00 0 
7f1d74b9d000-7f1d74ba1000 ---p 00000000 00:00 0 
7f1d74ba1000-7f1d74c9d000 rw-p 00000000 00:00 0 
7f1d74c9d000-7f1d74ca1000 ---p 00000000 00:00 0 
7f1d74ca1000-7f1d74d9d000 rw-p 00000000 00:00 0 
7f1d74d9d000-7f1d74da1000 ---p 00000000 00:00 0 
7f1d74da1000-7f1d74e9d000 rw-p 00000000 00:00 0 
7f1d74e9d000-7f1d74ea1000 ---p 00000000 00:00 0 
7f1d74ea1000-7f1d74f9d000 rw-p 00000000 00:00 0 
7f1d74f9d000-7f1d74fa1000 ---p 00000000 00:00 0 
7f1d74fa1000-7f1d7509d000 rw-p 00000000 00:00 0 
7f1d7509d000-7f1d7509e000 ---p 00000000 00:00 0 
7f1d7509e000-7f1d7579f000 rw-p 00000000 00:00 0 
7f1d7579f000-7f1d7599f000 ---p 00000000 00:00 0 
7f1d7599f000-7f1d759a0000 ---p 00000000 00:00 0 
7f1d759a0000-7f1d75aa1000 rw-p 00000000 00:00 0 
7f1d75aa1000-7f1d75aa2000 ---p 00000000 00:00 0 
7f1d75aa2000-7f1d75da5000 rw-p 00000000 00:00 0 
7f1d75da5000-7f1d75da6000 ---p 00000000 00:00 0 
7f1d75da6000-7f1d75ea7000 rw-p 00000000 00:00 0 
7f1d75ea7000-7f1d75ea8000 ---p 00000000 00:00 0 
7f1d75ea8000-7f1d760a1000 rw-p 00000000 00:00 0 
7f1d760a1000-7f1d76ed9000 ---p 00000000 00:00 0 
7f1d76ed9000-7f1d76fd9000 rw-p 00000000 00:00 0 
7f1d76fd9000-7f1d77e11000 ---p 00000000 00:00 0 
7f1d77e11000-7f1d77e38000 rw-p 00000000 00:00 0 
7f1d77e38000-7f1d77fff000 ---p 00000000 00:00 0 
7f1d77fff000-7f1d78000000 rw-p 00000000 00:00 0 
7f1d78000000-7f1d78021000 rw-p 00000000 00:00 0 
7f1d78021000-7f1d7c000000 ---p 00000000 00:00 0 
7f1d7c030000-7f1d7c04f000 rw-p 00000000 00:00 0 
7f1d7c04f000-7f1d7c216000 ---p 00000000 00:00 0 
7f1d7c216000-7f1d7c236000 rw-p 00000000 00:00 0 
7f1d7c236000-7f1d7c3fd000 ---p 00000000 00:00 0 
7f1d7c3fd000-7f1d7c600000 rw-p 00000000 00:00 0 
7f1d7c600000-7f1d7c870000 rwxp 00000000 00:00 0 
7f1d7c870000-7f1d7cb8f000 ---p 00000000 00:00 0 
7f1d7cb8f000-7f1d7cdff000 rwxp 00000000 00:00 0 
7f1d7cdff000-7f1d840c7000 ---p 00000000 00:00 0 
7f1d840c7000-7f1d84337000 rwxp 00000000 00:00 0 
7f1d84337000-7f1d8b600000 ---p 00000000 00:00 0 
7f1d8b600000-7f1d93e0b000 r--s 00000000 08:03 1058832                    /usr/lib/jvm/java-11-openjdk-amd64/lib/modules
7f1d93e7d000-7f1d93efe000 rw-p 00000000 00:00 0 
7f1d93efe000-7f1d93eff000 ---p 00000000 00:00 0 
7f1d93eff000-7f1d94000000 rw-p 00000000 00:00 0 
7f1d94000000-7f1d94396000 rw-p 00000000 00:00 0 
7f1d94396000-7f1d98000000 ---p 00000000 00:00 0 
7f1d98017000-7f1d9801e000 r--p 00000000 08:03 1579536                    /home/doudou/.javacpp/cache/llvm-13.0.1-1.5.7-linux-x86_64.jar/org/bytedeco/llvm/linux-x86_64/libLTO.so.13
7f1d9801e000-7f1d98026000 r-xp 00007000 08:03 1579536                    /home/doudou/.javacpp/cache/llvm-13.0.1-1.5.7-linux-x86_64.jar/org/bytedeco/llvm/linux-x86_64/libLTO.so.13
7f1d98026000-7f1d98028000 r--p 0000f000 08:03 1579536                    /home/doudou/.javacpp/cache/llvm-13.0.1-1.5.7-linux-x86_64.jar/org/bytedeco/llvm/linux-x86_64/libLTO.so.13
7f1d98028000-7f1d98029000 r--p 00010000 08:03 1579536                    /home/doudou/.javacpp/cache/llvm-13.0.1-1.5.7-linux-x86_64.jar/org/bytedeco/llvm/linux-x86_64/libLTO.so.13
7f1d98029000-7f1d9802a000 rw-p 00011000 08:03 1579536                    /home/doudou/.javacpp/cache/llvm-13.0.1-1.5.7-linux-x86_64.jar/org/bytedeco/llvm/linux-x86_64/libLTO.so.13
7f1d9802a000-7f1d9802f000 rw-p 00000000 00:00 0 
7f1d9802f000-7f1d98115000 ---p 00000000 00:00 0 
7f1d98115000-7f1d9811a000 rw-p 00000000 00:00 0 
7f1d9811a000-7f1d98200000 ---p 00000000 00:00 0 
7f1d98200000-7f1d98fe7000 r--p 00000000 08:03 534858                     /usr/lib/locale/locale-archive
7f1d98fec000-7f1d98fed000 r--p 00000000 08:03 551276                     /usr/lib/x86_64-linux-gnu/libdl.so.2
7f1d98fed000-7f1d98fee000 r-xp 00001000 08:03 551276                     /usr/lib/x86_64-linux-gnu/libdl.so.2
7f1d98fee000-7f1d98fef000 r--p 00002000 08:03 551276                     /usr/lib/x86_64-linux-gnu/libdl.so.2
7f1d98fef000-7f1d98ff0000 r--p 00002000 08:03 551276                     /usr/lib/x86_64-linux-gnu/libdl.so.2
7f1d98ff0000-7f1d98ff1000 rw-p 00003000 08:03 551276                     /usr/lib/x86_64-linux-gnu/libdl.so.2
7f1d98ffb000-7f1d98ffc000 r--p 00000000 08:03 1579538                    /home/doudou/.javacpp/cache/llvm-13.0.1-1.5.7-linux-x86_64.jar/org/bytedeco/llvm/linux-x86_64/libRemarks.so.13
7f1d98ffc000-7f1d98ffd000 r-xp 00001000 08:03 1579538                    /home/doudou/.javacpp/cache/llvm-13.0.1-1.5.7-linux-x86_64.jar/org/bytedeco/llvm/linux-x86_64/libRemarks.so.13
7f1d98ffd000-7f1d98ffe000 r--p 00002000 08:03 1579538                    /home/doudou/.javacpp/cache/llvm-13.0.1-1.5.7-linux-x86_64.jar/org/bytedeco/llvm/linux-x86_64/libRemarks.so.13
7f1d98ffe000-7f1d98fff000 r--p 00002000 08:03 1579538                    /home/doudou/.javacpp/cache/llvm-13.0.1-1.5.7-linux-x86_64.jar/org/bytedeco/llvm/linux-x86_64/libRemarks.so.13
7f1d98fff000-7f1d99000000 rw-p 00003000 08:03 1579538                    /home/doudou/.javacpp/cache/llvm-13.0.1-1.5.7-linux-x86_64.jar/org/bytedeco/llvm/linux-x86_64/libRemarks.so.13
7f1d99000000-7f1d9909a000 r--p 00000000 08:03 552221                     /usr/lib/x86_64-linux-gnu/libstdc++.so.6.0.30
7f1d9909a000-7f1d991aa000 r-xp 0009a000 08:03 552221                     /usr/lib/x86_64-linux-gnu/libstdc++.so.6.0.30
7f1d991aa000-7f1d99219000 r--p 001aa000 08:03 552221                     /usr/lib/x86_64-linux-gnu/libstdc++.so.6.0.30
7f1d99219000-7f1d99224000 r--p 00218000 08:03 552221                     /usr/lib/x86_64-linux-gnu/libstdc++.so.6.0.30
7f1d99224000-7f1d99227000 rw-p 00223000 08:03 552221                     /usr/lib/x86_64-linux-gnu/libstdc++.so.6.0.30
7f1d99227000-7f1d9922a000 rw-p 00000000 00:00 0 
7f1d9922b000-7f1d9922f000 r--p 00000000 08:03 1579530                    /home/doudou/.javacpp/cache/javacpp-1.5.7-linux-x86_64.jar/org/bytedeco/javacpp/linux-x86_64/libjnijavacpp.so
7f1d9922f000-7f1d99236000 r-xp 00004000 08:03 1579530                    /home/doudou/.javacpp/cache/javacpp-1.5.7-linux-x86_64.jar/org/bytedeco/javacpp/linux-x86_64/libjnijavacpp.so
7f1d99236000-7f1d9923a000 r--p 0000b000 08:03 1579530                    /home/doudou/.javacpp/cache/javacpp-1.5.7-linux-x86_64.jar/org/bytedeco/javacpp/linux-x86_64/libjnijavacpp.so
7f1d9923a000-7f1d9923b000 r--p 0000e000 08:03 1579530                    /home/doudou/.javacpp/cache/javacpp-1.5.7-linux-x86_64.jar/org/bytedeco/javacpp/linux-x86_64/libjnijavacpp.so
7f1d9923b000-7f1d9923c000 rw-p 0000f000 08:03 1579530                    /home/doudou/.javacpp/cache/javacpp-1.5.7-linux-x86_64.jar/org/bytedeco/javacpp/linux-x86_64/libjnijavacpp.so
7f1d9923c000-7f1d99240000 r--p 00000000 08:03 1058822                    /usr/lib/jvm/java-11-openjdk-amd64/lib/libnet.so
7f1d99240000-7f1d9924e000 r-xp 00004000 08:03 1058822                    /usr/lib/jvm/java-11-openjdk-amd64/lib/libnet.so
7f1d9924e000-7f1d99252000 r--p 00012000 08:03 1058822                    /usr/lib/jvm/java-11-openjdk-amd64/lib/libnet.so
7f1d99252000-7f1d99253000 r--p 00015000 08:03 1058822                    /usr/lib/jvm/java-11-openjdk-amd64/lib/libnet.so
7f1d99253000-7f1d99254000 rw-p 00016000 08:03 1058822                    /usr/lib/jvm/java-11-openjdk-amd64/lib/libnet.so
7f1d99254000-7f1d9925b000 r--p 00000000 08:03 1058823                    /usr/lib/jvm/java-11-openjdk-amd64/lib/libnio.so
7f1d9925b000-7f1d99263000 r-xp 00007000 08:03 1058823                    /usr/lib/jvm/java-11-openjdk-amd64/lib/libnio.so
7f1d99263000-7f1d99266000 r--p 0000f000 08:03 1058823                    /usr/lib/jvm/java-11-openjdk-amd64/lib/libnio.so
7f1d99266000-7f1d99267000 r--p 00011000 08:03 1058823                    /usr/lib/jvm/java-11-openjdk-amd64/lib/libnio.so
7f1d99267000-7f1d99268000 rw-p 00012000 08:03 1058823                    /usr/lib/jvm/java-11-openjdk-amd64/lib/libnio.so
7f1d99268000-7f1d9926a000 r--p 00000000 08:03 1058803                    /usr/lib/jvm/java-11-openjdk-amd64/lib/libdt_socket.so
7f1d9926a000-7f1d9926d000 r-xp 00002000 08:03 1058803                    /usr/lib/jvm/java-11-openjdk-amd64/lib/libdt_socket.so
7f1d9926d000-7f1d9926e000 r--p 00005000 08:03 1058803                    /usr/lib/jvm/java-11-openjdk-amd64/lib/libdt_socket.so
7f1d9926e000-7f1d9926f000 ---p 00006000 08:03 1058803                    /usr/lib/jvm/java-11-openjdk-amd64/lib/libdt_socket.so
7f1d9926f000-7f1d99270000 r--p 00006000 08:03 1058803                    /usr/lib/jvm/java-11-openjdk-amd64/lib/libdt_socket.so
7f1d99270000-7f1d99271000 rw-p 00007000 08:03 1058803                    /usr/lib/jvm/java-11-openjdk-amd64/lib/libdt_socket.so
7f1d99271000-7f1d99278000 r--s 00000000 08:03 553557                     /usr/lib/x86_64-linux-gnu/gconv/gconv-modules.cache
7f1d99278000-7f1d992f9000 rw-p 00000000 00:00 0 
7f1d992f9000-7f1d99300000 ---p 00000000 00:00 0 
7f1d99300000-7f1d99304000 ---p 00000000 00:00 0 
7f1d99304000-7f1d99400000 rw-p 00000000 00:00 0 
7f1d99400000-7f1d99682000 r--p 00000000 08:03 1058837                    /usr/lib/jvm/java-11-openjdk-amd64/lib/server/libjvm.so
7f1d99682000-7f1d9a31e000 r-xp 00282000 08:03 1058837                    /usr/lib/jvm/java-11-openjdk-amd64/lib/server/libjvm.so
7f1d9a31e000-7f1d9a579000 r--p 00f1e000 08:03 1058837                    /usr/lib/jvm/java-11-openjdk-amd64/lib/server/libjvm.so
7f1d9a579000-7f1d9a57a000 ---p 01179000 08:03 1058837                    /usr/lib/jvm/java-11-openjdk-amd64/lib/server/libjvm.so
7f1d9a57a000-7f1d9a63e000 r--p 01179000 08:03 1058837                    /usr/lib/jvm/java-11-openjdk-amd64/lib/server/libjvm.so
7f1d9a63e000-7f1d9a679000 rw-p 0123d000 08:03 1058837                    /usr/lib/jvm/java-11-openjdk-amd64/lib/server/libjvm.so
7f1d9a679000-7f1d9a6d0000 rw-p 00000000 00:00 0 
7f1d9a6d0000-7f1d9a6d1000 r--p 00000000 08:03 552054                     /usr/lib/x86_64-linux-gnu/libpthread.so.0
7f1d9a6d1000-7f1d9a6d2000 r-xp 00001000 08:03 552054                     /usr/lib/x86_64-linux-gnu/libpthread.so.0
7f1d9a6d2000-7f1d9a6d3000 r--p 00002000 08:03 552054                     /usr/lib/x86_64-linux-gnu/libpthread.so.0
7f1d9a6d3000-7f1d9a6d4000 r--p 00002000 08:03 552054                     /usr/lib/x86_64-linux-gnu/libpthread.so.0
7f1d9a6d4000-7f1d9a6d5000 rw-p 00003000 08:03 552054                     /usr/lib/x86_64-linux-gnu/libpthread.so.0
7f1d9a6d5000-7f1d9a6db000 r--s 000f8000 07:0a 1466                       /snap/intellij-idea-ultimate/430/plugins/java/lib/rt/debugger-agent.jar
7f1d9a6db000-7f1d9a6dd000 r--p 00000000 08:03 1058813                    /usr/lib/jvm/java-11-openjdk-amd64/lib/libjdwp.so
7f1d9a6dd000-7f1d9a709000 r-xp 00002000 08:03 1058813                    /usr/lib/jvm/java-11-openjdk-amd64/lib/libjdwp.so
7f1d9a709000-7f1d9a717000 r--p 0002e000 08:03 1058813                    /usr/lib/jvm/java-11-openjdk-amd64/lib/libjdwp.so
7f1d9a717000-7f1d9a718000 r--p 0003b000 08:03 1058813                    /usr/lib/jvm/java-11-openjdk-amd64/lib/libjdwp.so
7f1d9a718000-7f1d9a719000 rw-p 0003c000 08:03 1058813                    /usr/lib/jvm/java-11-openjdk-amd64/lib/libjdwp.so
7f1d9a719000-7f1d9a727000 r--p 00000000 08:03 551785                     /usr/lib/x86_64-linux-gnu/libm.so.6
7f1d9a727000-7f1d9a7a3000 r-xp 0000e000 08:03 551785                     /usr/lib/x86_64-linux-gnu/libm.so.6
7f1d9a7a3000-7f1d9a7fe000 r--p 0008a000 08:03 551785                     /usr/lib/x86_64-linux-gnu/libm.so.6
7f1d9a7fe000-7f1d9a7ff000 r--p 000e4000 08:03 551785                     /usr/lib/x86_64-linux-gnu/libm.so.6
7f1d9a7ff000-7f1d9a800000 rw-p 000e5000 08:03 551785                     /usr/lib/x86_64-linux-gnu/libm.so.6
7f1d9a800000-7f1d9a828000 r--p 00000000 08:03 551134                     /usr/lib/x86_64-linux-gnu/libc.so.6
7f1d9a828000-7f1d9a9bd000 r-xp 00028000 08:03 551134                     /usr/lib/x86_64-linux-gnu/libc.so.6
7f1d9a9bd000-7f1d9aa15000 r--p 001bd000 08:03 551134                     /usr/lib/x86_64-linux-gnu/libc.so.6
7f1d9aa15000-7f1d9aa19000 r--p 00214000 08:03 551134                     /usr/lib/x86_64-linux-gnu/libc.so.6
7f1d9aa19000-7f1d9aa1b000 rw-p 00218000 08:03 551134                     /usr/lib/x86_64-linux-gnu/libc.so.6
7f1d9aa1b000-7f1d9aa28000 rw-p 00000000 00:00 0 
7f1d9aa28000-7f1d9aa2a000 r--p 00000000 08:03 1058831                    /usr/lib/jvm/java-11-openjdk-amd64/lib/libzip.so
7f1d9aa2a000-7f1d9aa2f000 r-xp 00002000 08:03 1058831                    /usr/lib/jvm/java-11-openjdk-amd64/lib/libzip.so
7f1d9aa2f000-7f1d9aa31000 r--p 00007000 08:03 1058831                    /usr/lib/jvm/java-11-openjdk-amd64/lib/libzip.so
7f1d9aa31000-7f1d9aa32000 r--p 00008000 08:03 1058831                    /usr/lib/jvm/java-11-openjdk-amd64/lib/libzip.so
7f1d9aa32000-7f1d9aa33000 rw-p 00009000 08:03 1058831                    /usr/lib/jvm/java-11-openjdk-amd64/lib/libzip.so
7f1d9aa33000-7f1d9aa3b000 rw-s 00000000 08:03 1060178                    /tmp/hsperfdata_doudou/4151
7f1d9aa3b000-7f1d9aa3d000 r--p 00000000 08:03 1058806                    /usr/lib/jvm/java-11-openjdk-amd64/lib/libinstrument.so
7f1d9aa3d000-7f1d9aa44000 r-xp 00002000 08:03 1058806                    /usr/lib/jvm/java-11-openjdk-amd64/lib/libinstrument.so
7f1d9aa44000-7f1d9aa47000 r--p 00009000 08:03 1058806                    /usr/lib/jvm/java-11-openjdk-amd64/lib/libinstrument.so
7f1d9aa47000-7f1d9aa48000 r--p 0000b000 08:03 1058806                    /usr/lib/jvm/java-11-openjdk-amd64/lib/libinstrument.so
7f1d9aa48000-7f1d9aa49000 rw-p 0000c000 08:03 1058806                    /usr/lib/jvm/java-11-openjdk-amd64/lib/libinstrument.so
7f1d9aa49000-7f1d9aa57000 r--p 00000000 08:03 1058811                    /usr/lib/jvm/java-11-openjdk-amd64/lib/libjava.so
7f1d9aa57000-7f1d9aa6d000 r-xp 0000e000 08:03 1058811                    /usr/lib/jvm/java-11-openjdk-amd64/lib/libjava.so
7f1d9aa6d000-7f1d9aa74000 r--p 00024000 08:03 1058811                    /usr/lib/jvm/java-11-openjdk-amd64/lib/libjava.so
7f1d9aa74000-7f1d9aa75000 r--p 0002a000 08:03 1058811                    /usr/lib/jvm/java-11-openjdk-amd64/lib/libjava.so
7f1d9aa75000-7f1d9aa76000 rw-p 0002b000 08:03 1058811                    /usr/lib/jvm/java-11-openjdk-amd64/lib/libjava.so
7f1d9aa76000-7f1d9aa77000 rw-p 00000000 00:00 0 
7f1d9aa77000-7f1d9aa7c000 r--p 00000000 08:03 1058830                    /usr/lib/jvm/java-11-openjdk-amd64/lib/libverify.so
7f1d9aa7c000-7f1d9aa83000 r-xp 00005000 08:03 1058830                    /usr/lib/jvm/java-11-openjdk-amd64/lib/libverify.so
7f1d9aa83000-7f1d9aa85000 r--p 0000c000 08:03 1058830                    /usr/lib/jvm/java-11-openjdk-amd64/lib/libverify.so
7f1d9aa85000-7f1d9aa87000 r--p 0000d000 08:03 1058830                    /usr/lib/jvm/java-11-openjdk-amd64/lib/libverify.so
7f1d9aa87000-7f1d9aa88000 rw-p 0000f000 08:03 1058830                    /usr/lib/jvm/java-11-openjdk-amd64/lib/libverify.so
7f1d9aa88000-7f1d9aa89000 r--p 00000000 08:03 552110                     /usr/lib/x86_64-linux-gnu/librt.so.1
7f1d9aa89000-7f1d9aa8a000 r-xp 00001000 08:03 552110                     /usr/lib/x86_64-linux-gnu/librt.so.1
7f1d9aa8a000-7f1d9aa8b000 r--p 00002000 08:03 552110                     /usr/lib/x86_64-linux-gnu/librt.so.1
7f1d9aa8b000-7f1d9aa8c000 r--p 00002000 08:03 552110                     /usr/lib/x86_64-linux-gnu/librt.so.1
7f1d9aa8c000-7f1d9aa8d000 rw-p 00003000 08:03 552110                     /usr/lib/x86_64-linux-gnu/librt.so.1
7f1d9aa8d000-7f1d9aa90000 r--p 00000000 08:03 551433                     /usr/lib/x86_64-linux-gnu/libgcc_s.so.1
7f1d9aa90000-7f1d9aaa7000 r-xp 00003000 08:03 551433                     /usr/lib/x86_64-linux-gnu/libgcc_s.so.1
7f1d9aaa7000-7f1d9aaab000 r--p 0001a000 08:03 551433                     /usr/lib/x86_64-linux-gnu/libgcc_s.so.1
7f1d9aaab000-7f1d9aaac000 r--p 0001d000 08:03 551433                     /usr/lib/x86_64-linux-gnu/libgcc_s.so.1
7f1d9aaac000-7f1d9aaad000 rw-p 0001e000 08:03 551433                     /usr/lib/x86_64-linux-gnu/libgcc_s.so.1
7f1d9aaad000-7f1d9aaaf000 rw-p 00000000 00:00 0 
7f1d9aaaf000-7f1d9aab1000 r--p 00000000 08:03 552488                     /usr/lib/x86_64-linux-gnu/libz.so.1.2.11
7f1d9aab1000-7f1d9aac2000 r-xp 00002000 08:03 552488                     /usr/lib/x86_64-linux-gnu/libz.so.1.2.11
7f1d9aac2000-7f1d9aac8000 r--p 00013000 08:03 552488                     /usr/lib/x86_64-linux-gnu/libz.so.1.2.11
7f1d9aac8000-7f1d9aac9000 ---p 00019000 08:03 552488                     /usr/lib/x86_64-linux-gnu/libz.so.1.2.11
7f1d9aac9000-7f1d9aaca000 r--p 00019000 08:03 552488                     /usr/lib/x86_64-linux-gnu/libz.so.1.2.11
7f1d9aaca000-7f1d9aacb000 rw-p 0001a000 08:03 552488                     /usr/lib/x86_64-linux-gnu/libz.so.1.2.11
7f1d9aacf000-7f1d9aad0000 ---p 00000000 00:00 0 
7f1d9aad0000-7f1d9aad1000 r--p 00000000 00:00 0 
7f1d9aad1000-7f1d9aad3000 r--p 00000000 08:03 1058814                    /usr/lib/jvm/java-11-openjdk-amd64/lib/libjimage.so
7f1d9aad3000-7f1d9aad6000 r-xp 00002000 08:03 1058814                    /usr/lib/jvm/java-11-openjdk-amd64/lib/libjimage.so
7f1d9aad6000-7f1d9aad7000 r--p 00005000 08:03 1058814                    /usr/lib/jvm/java-11-openjdk-amd64/lib/libjimage.so
7f1d9aad7000-7f1d9aad8000 ---p 00006000 08:03 1058814                    /usr/lib/jvm/java-11-openjdk-amd64/lib/libjimage.so
7f1d9aad8000-7f1d9aad9000 r--p 00006000 08:03 1058814                    /usr/lib/jvm/java-11-openjdk-amd64/lib/libjimage.so
7f1d9aad9000-7f1d9aada000 rw-p 00007000 08:03 1058814                    /usr/lib/jvm/java-11-openjdk-amd64/lib/libjimage.so
7f1d9aada000-7f1d9aadd000 r--p 00000000 08:03 1058796                    /usr/lib/jvm/java-11-openjdk-amd64/lib/jli/libjli.so
7f1d9aadd000-7f1d9aae7000 r-xp 00003000 08:03 1058796                    /usr/lib/jvm/java-11-openjdk-amd64/lib/jli/libjli.so
7f1d9aae7000-7f1d9aaea000 r--p 0000d000 08:03 1058796                    /usr/lib/jvm/java-11-openjdk-amd64/lib/jli/libjli.so
7f1d9aaea000-7f1d9aaeb000 ---p 00010000 08:03 1058796                    /usr/lib/jvm/java-11-openjdk-amd64/lib/jli/libjli.so
7f1d9aaeb000-7f1d9aaec000 r--p 00010000 08:03 1058796                    /usr/lib/jvm/java-11-openjdk-amd64/lib/jli/libjli.so
7f1d9aaec000-7f1d9aaed000 rw-p 00011000 08:03 1058796                    /usr/lib/jvm/java-11-openjdk-amd64/lib/jli/libjli.so
7f1d9aaed000-7f1d9aaef000 rw-p 00000000 00:00 0 
7f1d9aaef000-7f1d9aaf1000 r--p 00000000 08:03 550792                     /usr/lib/x86_64-linux-gnu/ld-linux-x86-64.so.2
7f1d9aaf1000-7f1d9ab1b000 r-xp 00002000 08:03 550792                     /usr/lib/x86_64-linux-gnu/ld-linux-x86-64.so.2
7f1d9ab1b000-7f1d9ab26000 r--p 0002c000 08:03 550792                     /usr/lib/x86_64-linux-gnu/ld-linux-x86-64.so.2
7f1d9ab27000-7f1d9ab29000 r--p 00037000 08:03 550792                     /usr/lib/x86_64-linux-gnu/ld-linux-x86-64.so.2
7f1d9ab29000-7f1d9ab2b000 rw-p 00039000 08:03 550792                     /usr/lib/x86_64-linux-gnu/ld-linux-x86-64.so.2
7fffad5df000-7fffad600000 rw-p 00000000 00:00 0                          [stack]
7fffad76b000-7fffad76f000 r--p 00000000 00:00 0                          [vvar]
7fffad76f000-7fffad771000 r-xp 00000000 00:00 0                          [vdso]
ffffffffff600000-ffffffffff601000 --xp 00000000 00:00 0                  [vsyscall]


VM Arguments:
jvm_args: -agentlib:jdwp=transport=dt_socket,address=127.0.0.1:54253,suspend=y,server=n -javaagent:/snap/intellij-idea-ultimate/430/plugins/java/lib/rt/debugger-agent.jar -Dfile.encoding=UTF-8 
java_command: Main /home/doudou/lab/Lab/tests/test1.sysy /home/doudou/lab/Lab/tests/out.txt
java_class_path (initial): /home/doudou/lab/Lab/out/production/Lab:/usr/local/lib/antlr-4.9.1-complete.jar:/usr/local/lib/javacpp-1.5.7-linux-x86_64.jar:/usr/local/lib/javacpp-1.5.7.jar:/usr/local/lib/llvm-13.0.1-1.5.7-linux-x86_64.jar:/usr/local/lib/llvm-13.0.1-1.5.7.jar:/usr/local/lib/llvm-platform-13.0.1-1.5.7.jar:/snap/intellij-idea-ultimate/430/lib/idea_rt.jar
Launcher Type: SUN_STANDARD

[Global flags]
     intx CICompilerCount                          = 2                                         {product} {ergonomic}
     uint ConcGCThreads                            = 1                                         {product} {ergonomic}
     uint G1ConcRefinementThreads                  = 2                                         {product} {ergonomic}
   size_t G1HeapRegionSize                         = 1048576                                   {product} {ergonomic}
    uintx GCDrainStackTargetSize                   = 64                                        {product} {ergonomic}
   size_t InitialHeapSize                          = 65011712                                  {product} {ergonomic}
   size_t MarkStackSize                            = 4194304                                   {product} {ergonomic}
   size_t MaxHeapSize                              = 1021313024                                {product} {ergonomic}
   size_t MaxNewSize                               = 612368384                                 {product} {ergonomic}
   size_t MinHeapDeltaBytes                        = 1048576                                   {product} {ergonomic}
    uintx NonNMethodCodeHeapSize                   = 5825164                                {pd product} {ergonomic}
    uintx NonProfiledCodeHeapSize                  = 122916538                              {pd product} {ergonomic}
    uintx ProfiledCodeHeapSize                     = 122916538                              {pd product} {ergonomic}
    uintx ReservedCodeCacheSize                    = 251658240                              {pd product} {ergonomic}
     bool SegmentedCodeCache                       = true                                      {product} {ergonomic}
     bool UseCompressedClassPointers               = true                                 {lp64_product} {ergonomic}
     bool UseCompressedOops                        = true                                 {lp64_product} {ergonomic}
     bool UseG1GC                                  = true                                      {product} {ergonomic}

Logging:
Log output configuration:
 #0: stdout all=warning uptime,level,tags
 #1: stderr all=off uptime,level,tags

Environment Variables:
PATH=/usr/local/sbin:/usr/local/bin:/usr/sbin:/usr/bin:/sbin:/bin:/usr/games:/usr/local/games:/snap/bin:/snap/bin
USERNAME=doudou
SHELL=/bin/bash
DISPLAY=:0
LANG=en_US.UTF-8
LC_NUMERIC=zh_CN.UTF-8
LC_TIME=zh_CN.UTF-8

Signal Handlers:
SIGSEGV: [libjvm.so+0xeabd80], sa_mask[0]=11111111011111111101111111111110, sa_flags=SA_RESTART|SA_SIGINFO
SIGBUS: [libjvm.so+0xeabd80], sa_mask[0]=11111111011111111101111111111110, sa_flags=SA_RESTART|SA_SIGINFO
SIGFPE: [libjvm.so+0xeabd80], sa_mask[0]=11111111011111111101111111111110, sa_flags=SA_RESTART|SA_SIGINFO
SIGPIPE: [libjvm.so+0xbee610], sa_mask[0]=11111111011111111101111111111110, sa_flags=SA_RESTART|SA_SIGINFO
SIGXFSZ: [libjvm.so+0xbee610], sa_mask[0]=11111111011111111101111111111110, sa_flags=SA_RESTART|SA_SIGINFO
SIGILL: [libjvm.so+0xeabd80], sa_mask[0]=11111111011111111101111111111110, sa_flags=SA_RESTART|SA_SIGINFO
SIGUSR2: [libjvm.so+0xbee4b0], sa_mask[0]=00100000000000000000000000000000, sa_flags=SA_RESTART|SA_SIGINFO
SIGHUP: [libjvm.so+0xbeec50], sa_mask[0]=11111111011111111101111111111110, sa_flags=SA_RESTART|SA_SIGINFO
SIGINT: [libjvm.so+0xbeec50], sa_mask[0]=11111111011111111101111111111110, sa_flags=SA_RESTART|SA_SIGINFO
SIGTERM: [libjvm.so+0xbeec50], sa_mask[0]=11111111011111111101111111111110, sa_flags=SA_RESTART|SA_SIGINFO
SIGQUIT: [libjvm.so+0xbeec50], sa_mask[0]=11111111011111111101111111111110, sa_flags=SA_RESTART|SA_SIGINFO


---------------  S Y S T E M  ---------------

OS:DISTRIB_ID=Ubuntu
DISTRIB_RELEASE=22.04
DISTRIB_CODENAME=jammy
DISTRIB_DESCRIPTION="Ubuntu 22.04.2 LTS"
uname:Linux 5.19.0-43-generic #44~22.04.1-Ubuntu SMP PREEMPT_DYNAMIC Mon May 22 13:39:36 UTC 2 x86_64
OS uptime: 0 days 0:17 hours
libc:glibc 2.35 NPTL 2.35 
rlimit (soft/hard): STACK 8192k/infinity , CORE 0k/infinity , NPROC 15250/15250 , NOFILE 1048576/1048576 , AS infinity/infinity , CPU infinity/infinity , DATA infinity/infinity , FSIZE infinity/infinity , MEMLOCK 497764k/497764k
load average:0.63 0.65 0.77

/proc/meminfo:
MemTotal:        3982112 kB
MemFree:          117076 kB
MemAvailable:     467656 kB
Buffers:            6792 kB
Cached:           508800 kB
SwapCached:        58904 kB
Active:           707056 kB
Inactive:        1704272 kB
Active(anon):     483440 kB
Inactive(anon):  1411800 kB
Active(file):     223616 kB
Inactive(file):   292472 kB
Unevictable:           0 kB
Mlocked:               0 kB
SwapTotal:       3512316 kB
SwapFree:        2494492 kB
Zswap:                 0 kB
Zswapped:              0 kB
Dirty:              3288 kB
Writeback:             0 kB
AnonPages:       1871300 kB
Mapped:           237912 kB
Shmem:              9336 kB
KReclaimable:      77888 kB
Slab:             513288 kB
SReclaimable:      77888 kB
SUnreclaim:       435400 kB
KernelStack:       12568 kB
PageTables:        24384 kB
NFS_Unstable:          0 kB
Bounce:                0 kB
WritebackTmp:          0 kB
CommitLimit:     5503372 kB
Committed_AS:    5284712 kB
VmallocTotal:   34359738367 kB
VmallocUsed:      433316 kB
VmallocChunk:          0 kB
Percpu:           134656 kB
HardwareCorrupted:     0 kB
AnonHugePages:         0 kB
ShmemHugePages:        0 kB
ShmemPmdMapped:        0 kB
FileHugePages:         0 kB
FilePmdMapped:         0 kB
HugePages_Total:       0
HugePages_Free:        0
HugePages_Rsvd:        0
HugePages_Surp:        0
Hugepagesize:       2048 kB
Hugetlb:               0 kB
DirectMap4k:      214848 kB
DirectMap2M:     3979264 kB
DirectMap1G:     2097152 kB

/sys/kernel/mm/transparent_hugepage/enabled:
always [madvise] never
/sys/kernel/mm/transparent_hugepage/defrag (defrag/compaction efforts parameter):
always defer defer+madvise [madvise] never

Process Memory:
Virtual Size: 3682984K (peak: 12394872K)
Resident Set Size: 85364K (peak: 93340K) (anon: 36680K, file: 48684K, shmem: 0K)
Swapped out: 0K
C-Heap outstanding allocations: 9459K, retained: 7716K
glibc malloc tunables: (default)

/proc/sys/kernel/threads-max (system-wide limit on the number of threads):
30501
/proc/sys/vm/max_map_count (maximum number of memory map areas a process may have):
65530
/proc/sys/kernel/pid_max (system-wide limit on number of process identifiers):
4194304

container (cgroup) information:
container_type: cgroupv2
cpu_cpuset_cpus: not supported
cpu_memory_nodes: not supported
active_processor_count: 2
cpu_quota: not supported
cpu_period: not supported
cpu_shares: not supported
memory_limit_in_bytes: unlimited
memory_and_swap_limit_in_bytes: unlimited
memory_soft_limit_in_bytes: unlimited
memory_usage_in_bytes: 1811140 k
memory_max_usage_in_bytes: not supported
memory_swap_current_in_bytes: 672740 k
memory_swap_max_limit_in_bytes: unlimited
maximum number of tasks: 4575
current number of tasks: 121

VMWare virtualization detected
Steal ticks since vm start: 0
Steal ticks percentage since vm start:  0.000

CPU:total 2 (initial active 2) (1 cores per cpu, 1 threads per core) family 6 model 140 stepping 1 microcode 0xffffffff, cmov, cx8, fxsr, mmx, sse, sse2, sse3, ssse3, sse4.1, sse4.2, popcnt, avx, avx2, aes, clmul, erms, 3dnowpref, lzcnt, tsc, tscinvbit, bmi1, bmi2, adx, evex, sha, fma
CPU Model and flags from /proc/cpuinfo:
model name	: 11th Gen Intel(R) Core(TM) i7-1165G7 @ 2.80GHz
flags		: fpu vme de pse tsc msr pae mce cx8 apic sep mtrr pge mca cmov pat pse36 clflush mmx fxsr sse sse2 ss syscall nx pdpe1gb rdtscp lm constant_tsc arch_perfmon rep_good nopl xtopology tsc_reliable nonstop_tsc cpuid tsc_known_freq pni pclmulqdq ssse3 fma cx16 pcid sse4_1 sse4_2 x2apic movbe popcnt tsc_deadline_timer aes xsave avx f16c rdrand hypervisor lahf_lm abm 3dnowprefetch invpcid_single pti ssbd ibrs ibpb stibp fsgsbase tsc_adjust bmi1 avx2 smep bmi2 erms invpcid avx512f avx512dq rdseed adx smap avx512ifma clflushopt clwb avx512cd sha_ni avx512bw avx512vl xsaveopt xsavec xgetbv1 xsaves arat avx512vbmi umip avx512_vbmi2 gfni vaes vpclmulqdq avx512_vnni avx512_bitalg avx512_vpopcntdq rdpid fsrm avx512_vp2intersect flush_l1d arch_capabilities
Online cpus:
0-1
Offline cpus:
2-127
BIOS frequency limitation:
<Not Available>
Frequency switch latency (ns):
<Not Available>
Available cpu frequencies:
<Not Available>
Current governor:
<Not Available>
Core performance/turbo boost:
<Not Available>

Memory: 4k page, physical 3982112k(117076k free), swap 3512316k(2494492k free)

vm_info: OpenJDK 64-Bit Server VM (11.0.19+7-post-Ubuntu-0ubuntu122.04.1) for linux-amd64 JRE (11.0.19+7-post-Ubuntu-0ubuntu122.04.1), built on May 10 2023 00:54:00 by "unknown" with gcc 11.3.0

END.
