#
# A fatal error has been detected by the Java Runtime Environment:
#
#  SIGSEGV (0xb) at pc=0x00007fc27e154ae4, pid=15881, tid=15882
#
# JRE version: OpenJDK Runtime Environment (11.0.19+7) (build 11.0.19+7-post-Ubuntu-0ubuntu122.04.1)
# Java VM: OpenJDK 64-Bit Server VM (11.0.19+7-post-Ubuntu-0ubuntu122.04.1, mixed mode, sharing, tiered, compressed oops, g1 gc, linux-amd64)
# Problematic frame:
# C  [libLLVM-13.so+0xd54ae4]  llvm::PointerType::get(llvm::Type*, unsigned int)+0x14
#
# Core dump will be written. Default location: Core dumps may be processed with "/usr/share/apport/apport -p%p -s%s -c%c -d%d -P%P -u%u -g%g -- %E" (or dumping to /home/doudou/lab/Lab/core.15881)
#
# If you would like to submit a bug report, please visit:
#   https://bugs.launchpad.net/ubuntu/+source/openjdk-lts
# The crash happened outside the Java Virtual Machine in native code.
# See problematic frame for where to report the bug.
#

---------------  S U M M A R Y ------------

Command Line: -agentlib:jdwp=transport=dt_socket,address=127.0.0.1:47895,suspend=y,server=n -javaagent:/snap/intellij-idea-ultimate/437/plugins/java/lib/rt/debugger-agent.jar -Dfile.encoding=UTF-8 Main /home/doudou/lab/Lab/tests/test1.sysy /home/doudou/lab/Lab/tests/out.txt

Host: 11th Gen Intel(R) Core(TM) i7-1165G7 @ 2.80GHz, 2 cores, 3G, Ubuntu 22.04.2 LTS
Time: Tue Jun 27 20:00:56 2023 CST elapsed time: 86.163094 seconds (0d 0h 1m 26s)

---------------  T H R E A D  ---------------

Current thread (0x00007fc2d8019800):  JavaThread "main" [_thread_in_native, id=15882, stack(0x00007fc2e0700000,0x00007fc2e0800000)]

Stack: [0x00007fc2e0700000,0x00007fc2e0800000],  sp=0x00007fc2e07fdd50,  free space=1015k
Native frames: (J=compiled Java code, A=aot compiled Java code, j=interpreted, Vv=VM code, C=native code)
C  [libLLVM-13.so+0xd54ae4]  llvm::PointerType::get(llvm::Type*, unsigned int)+0x14

Java frames: (J=compiled Java code, j=interpreted, Vv=VM code)
j  org.bytedeco.llvm.global.LLVM.LLVMBuildInBoundsGEP(Lorg/bytedeco/llvm/LLVM/LLVMBuilderRef;Lorg/bytedeco/llvm/LLVM/LLVMValueRef;Lorg/bytedeco/javacpp/PointerPointer;ILjava/lang/String;)Lorg/bytedeco/llvm/LLVM/LLVMValueRef;+0
j  SysYLlvmVisitor.visitExp(LSysYParser$ExpContext;)Lorg/bytedeco/llvm/LLVM/LLVMValueRef;+283
j  SysYLlvmVisitor.visitStmt(LSysYParser$StmtContext;)Lorg/bytedeco/llvm/LLVM/LLVMValueRef;+21
j  SysYLlvmVisitor.visitStmt(LSysYParser$StmtContext;)Ljava/lang/Object;+2
j  SysYParser$StmtContext.accept(Lorg/antlr/v4/runtime/tree/ParseTreeVisitor;)Ljava/lang/Object;+12
j  org.antlr.v4.runtime.tree.AbstractParseTreeVisitor.visitChildren(Lorg/antlr/v4/runtime/tree/RuleNode;)Ljava/lang/Object;+46
j  SysYParserBaseVisitor.visitBlockItem(LSysYParser$BlockItemContext;)Ljava/lang/Object;+2
j  SysYParser$BlockItemContext.accept(Lorg/antlr/v4/runtime/tree/ParseTreeVisitor;)Ljava/lang/Object;+12
j  org.antlr.v4.runtime.tree.AbstractParseTreeVisitor.visitChildren(Lorg/antlr/v4/runtime/tree/RuleNode;)Ljava/lang/Object;+46
j  SysYParserBaseVisitor.visitBlock(LSysYParser$BlockContext;)Ljava/lang/Object;+2
j  SysYParser$BlockContext.accept(Lorg/antlr/v4/runtime/tree/ParseTreeVisitor;)Ljava/lang/Object;+12
j  org.antlr.v4.runtime.tree.AbstractParseTreeVisitor.visit(Lorg/antlr/v4/runtime/tree/ParseTree;)Ljava/lang/Object;+2
j  SysYLlvmVisitor.visitFuncDef(LSysYParser$FuncDefContext;)Lorg/bytedeco/llvm/LLVM/LLVMValueRef;+552
j  SysYLlvmVisitor.visitCompUnit(LSysYParser$CompUnitContext;)Lorg/bytedeco/llvm/LLVM/LLVMValueRef;+893
j  SysYLlvmVisitor.visitCompUnit(LSysYParser$CompUnitContext;)Ljava/lang/Object;+2
j  SysYParser$CompUnitContext.accept(Lorg/antlr/v4/runtime/tree/ParseTreeVisitor;)Ljava/lang/Object;+12
j  org.antlr.v4.runtime.tree.AbstractParseTreeVisitor.visitChildren(Lorg/antlr/v4/runtime/tree/RuleNode;)Ljava/lang/Object;+46
j  SysYParserBaseVisitor.visitProgram(LSysYParser$ProgramContext;)Ljava/lang/Object;+2
j  SysYParser$ProgramContext.accept(Lorg/antlr/v4/runtime/tree/ParseTreeVisitor;)Ljava/lang/Object;+12
j  org.antlr.v4.runtime.tree.AbstractParseTreeVisitor.visit(Lorg/antlr/v4/runtime/tree/ParseTree;)Ljava/lang/Object;+2
j  Main.main([Ljava/lang/String;)V+218
v  ~StubRoutines::call_stub

siginfo: si_signo: 11 (SIGSEGV), si_code: 1 (SEGV_MAPERR), si_addr: 0x0000000000000000

Register to memory mapping:

RAX=0x0 is NULL
RBX=0x0 is NULL
RCX=0x00007fc2d81a5690 points into unknown readable memory: 0x00007fc2d846d9a0 | a0 d9 46 d8 c2 7f 00 00
RDX=0x000000000000000d is an unknown value
RSP=0x00007fc2e07fdd50 is pointing into the stack for thread: 0x00007fc2d8019800
RBP=0x00007fc2d81940b0 points into unknown readable memory: 0x00007fc2d81a5690 | 90 56 1a d8 c2 7f 00 00
RSI=0x0 is NULL
RDI=0x0 is NULL
R8 =0x0 is NULL
R9 =0x0000000000000002 is an unknown value
R10=0x00007fc27d454fd0: <offset 0x0000000000054fd0> in /home/doudou/.javacpp/cache/llvm-13.0.1-1.5.7-linux-x86_64.jar/org/bytedeco/llvm/linux-x86_64/libLLVM-13.so at 0x00007fc27d400000
R11=0x00007fc27e02d210: LLVMBuildInBoundsGEP+0x0000000000000000 in /home/doudou/.javacpp/cache/llvm-13.0.1-1.5.7-linux-x86_64.jar/org/bytedeco/llvm/linux-x86_64/libLLVM-13.so at 0x00007fc27d400000
R12=0x0 is NULL
R13=0x00007fc284007130 points into unknown readable memory: 0x00007fc2d82621c0 | c0 21 26 d8 c2 7f 00 00
R14=0x0000000000000002 is an unknown value
R15=0x00007fc2d81a5610 points into unknown readable memory: 0x00007fc2d846d9a0 | a0 d9 46 d8 c2 7f 00 00


Registers:
RAX=0x0000000000000000, RBX=0x0000000000000000, RCX=0x00007fc2d81a5690, RDX=0x000000000000000d
RSP=0x00007fc2e07fdd50, RBP=0x00007fc2d81940b0, RSI=0x0000000000000000, RDI=0x0000000000000000
R8 =0x0000000000000000, R9 =0x0000000000000002, R10=0x00007fc27d454fd0, R11=0x00007fc27e02d210
R12=0x0000000000000000, R13=0x00007fc284007130, R14=0x0000000000000002, R15=0x00007fc2d81a5610
RIP=0x00007fc27e154ae4, EFLAGS=0x0000000000010206, CSGSFS=0x002b000000000033, ERR=0x0000000000000004
  TRAPNO=0x000000000000000e

Top of Stack: (sp=0x00007fc2e07fdd50)
0x00007fc2e07fdd50:   0000000000000000 0000000000000000
0x00007fc2e07fdd60:   00000000000000b0 0000000000000003
0x00007fc2e07fdd70:   00007fc2e07fdf70 00007fc2d845d2d0
0x00007fc2e07fdd80:   00007fc2d81940b0 00007fc2d8480830 

Instructions: (pc=0x00007fc27e154ae4)
0x00007fc27e1549e4:   00 e0 ff ff 75 07 48 85 c9 49 0f 44 c8 45 01 d1
0x00007fc27e1549f4:   45 8d 5a 01 41 21 f9 45 89 c8 49 c1 e0 04 49 01
0x00007fc27e154a04:   c0 49 8b 10 48 85 d2 0f 85 85 00 00 00 4c 89 c0
0x00007fc27e154a14:   e9 e7 f6 ff ff 8b 83 f8 08 00 00 8d 48 01 48 85
0x00007fc27e154a24:   ff 0f 84 fc f6 ff ff 48 8b 07 48 89 fa e9 57 f2
0x00007fc27e154a34:   ff ff 48 85 ff 75 0b 48 81 f9 00 e0 ff ff 49 0f
0x00007fc27e154a44:   44 f8 45 01 d1 45 8d 5a 01 41 21 d1 45 89 c8 49
0x00007fc27e154a54:   c1 e0 04 49 01 c0 49 8b 08 48 85 c9 74 af 45 89
0x00007fc27e154a64:   da e9 3f fc ff ff 48 81 ff 00 e0 ff ff 0f 85 a4
0x00007fc27e154a74:   f7 ff ff 83 7a 08 fe 0f 85 9a f7 ff ff 4d 85 c0
0x00007fc27e154a84:   4c 0f 44 c2 e9 8e f7 ff ff 89 54 24 08 e9 ee fd
0x00007fc27e154a94:   ff ff 45 89 da e9 42 fe ff ff 48 81 fe 00 e0 ff
0x00007fc27e154aa4:   ff 0f 85 51 fa ff ff 83 7a 08 fe 0f 85 47 fa ff
0x00007fc27e154ab4:   ff 48 85 ff 48 0f 44 fa e9 3b fa ff ff e9 c7 42
0x00007fc27e154ac4:   bd ff 66 2e 0f 1f 84 00 00 00 00 00 41 57 41 56
0x00007fc27e154ad4:   41 55 41 54 41 89 f4 55 53 48 89 fb 48 83 ec 28
0x00007fc27e154ae4:   48 8b 3f 48 8b 2f 80 bd d0 08 00 00 00 75 7d 80
0x00007fc27e154af4:   7b 08 0f 75 07 48 83 7b 18 00 74 70 45 85 e4 0f
0x00007fc27e154b04:   85 87 00 00 00 44 8b bd e8 08 00 00 4c 8b ad d8
0x00007fc27e154b14:   08 00 00 45 85 ff 0f 84 50 01 00 00 41 89 de 89
0x00007fc27e154b24:   d8 45 8d 47 ff c1 e8 09 41 c1 ee 04 41 31 c6 44
0x00007fc27e154b34:   89 f7 44 21 c7 89 f8 48 c1 e0 04 49 8d 54 05 00
0x00007fc27e154b44:   48 8b 32 48 39 de 0f 85 70 07 00 00 48 8b 42 08
0x00007fc27e154b54:   4c 8d 72 08 48 85 c0 0f 84 b4 02 00 00 48 83 c4
0x00007fc27e154b64:   28 5b 5d 41 5c 41 5d 41 5e 41 5f c3 48 83 c4 28
0x00007fc27e154b74:   44 89 e6 5b 5d 41 5c 41 5d 41 5e 41 5f e9 ba ef
0x00007fc27e154b84:   ff ff 66 2e 0f 1f 84 00 00 00 00 00 44 8b bd 00
0x00007fc27e154b94:   09 00 00 4c 8b ad f0 08 00 00 45 85 ff 0f 84 51
0x00007fc27e154ba4:   03 00 00 89 d8 89 da 41 8d 77 ff 41 b8 01 00 00
0x00007fc27e154bb4:   00 c1 ea 09 c1 e8 04 89 f7 31 d0 43 8d 14 e4 41
0x00007fc27e154bc4:   8d 14 94 48 c1 e0 20 48 09 d0 48 c1 e2 20 48 83
0x00007fc27e154bd4:   e8 01 48 29 d0 48 89 c2 48 c1 ea 16 48 31 d0 48 


Stack slot to memory mapping:
stack at sp + 0 slots: 0x0 is NULL
stack at sp + 1 slots: 0x0 is NULL
stack at sp + 2 slots: 0x00000000000000b0 is an unknown value
stack at sp + 3 slots: 0x0000000000000003 is an unknown value
stack at sp + 4 slots: 0x00007fc2e07fdf70 is pointing into the stack for thread: 0x00007fc2d8019800
stack at sp + 5 slots: 0x00007fc2d845d2d0 points into unknown readable memory: 0x00007fc2d845d2e0 | e0 d2 45 d8 c2 7f 00 00
stack at sp + 6 slots: 0x00007fc2d81940b0 points into unknown readable memory: 0x00007fc2d81a5690 | 90 56 1a d8 c2 7f 00 00
stack at sp + 7 slots: 0x00007fc2d8480830 points into unknown readable memory: 0x6c6c2f6568636163 | 63 61 63 68 65 2f 6c 6c


---------------  P R O C E S S  ---------------

Threads class SMR info:
_java_thread_list=0x00007fc2d8232cf0, length=13, elements={
0x00007fc2d8019800, 0x00007fc2d8124000, 0x00007fc2d8126000, 0x00007fc2d812a800,
0x00007fc2d812c800, 0x00007fc2d812e800, 0x00007fc2d8130800, 0x00007fc2d8132800,
0x00007fc2d8140800, 0x00007fc2d8189800, 0x00007fc2d818e000, 0x0000556cdc642000,
0x00007fc2d8231800
}

Java Threads: ( => current thread )
=>0x00007fc2d8019800 JavaThread "main" [_thread_in_native, id=15882, stack(0x00007fc2e0700000,0x00007fc2e0800000)]
  0x00007fc2d8124000 JavaThread "Reference Handler" daemon [_thread_blocked, id=15889, stack(0x00007fc2dc111000,0x00007fc2dc211000)]
  0x00007fc2d8126000 JavaThread "Finalizer" daemon [_thread_blocked, id=15890, stack(0x00007fc2dc011000,0x00007fc2dc111000)]
  0x00007fc2d812a800 JavaThread "Signal Dispatcher" daemon [_thread_blocked, id=15891, stack(0x00007fc2d7f00000,0x00007fc2d8000000)]
  0x00007fc2d812c800 JavaThread "Service Thread" daemon [_thread_blocked, id=15892, stack(0x00007fc2c0500000,0x00007fc2c0600000)]
  0x00007fc2d812e800 JavaThread "C2 CompilerThread0" daemon [_thread_blocked, id=15893, stack(0x00007fc2c0400000,0x00007fc2c0500000)]
  0x00007fc2d8130800 JavaThread "C1 CompilerThread0" daemon [_thread_blocked, id=15894, stack(0x00007fc2c0300000,0x00007fc2c0400000)]
  0x00007fc2d8132800 JavaThread "Sweeper thread" daemon [_thread_blocked, id=15895, stack(0x00007fc2c0200000,0x00007fc2c0300000)]
  0x00007fc2d8140800 JavaThread "Common-Cleaner" daemon [_thread_blocked, id=15896, stack(0x00007fc2c0100000,0x00007fc2c0200000)]
  0x00007fc2d8189800 JavaThread "JDWP Transport Listener: dt_socket" daemon [_thread_blocked, id=15897, stack(0x00007fc2c0000000,0x00007fc2c0100000)]
  0x00007fc2d818e000 JavaThread "JDWP Event Helper Thread" daemon [_thread_blocked, id=15899, stack(0x00007fc2b87b8000,0x00007fc2b88b8000)]
  0x0000556cdc642000 JavaThread "JDWP Command Reader" daemon [_thread_in_native, id=15901, stack(0x00007fc2b86b8000,0x00007fc2b87b8000)]
  0x00007fc2d8231800 JavaThread "JavaCPP Deallocator" daemon [_thread_blocked, id=15904, stack(0x00007fc2b84b6000,0x00007fc2b85b6000)]

Other Threads:
  0x00007fc2d8121000 VMThread "VM Thread" [stack: 0x00007fc2dc213000,0x00007fc2dc313000] [id=15888]
  0x00007fc2d81bf000 WatcherThread [stack: 0x00007fc2b85b8000,0x00007fc2b86b8000] [id=15903]
  0x00007fc2d8033800 GCTaskThread "GC Thread#0" [stack: 0x00007fc2de100000,0x00007fc2de200000] [id=15883]
  0x00007fc2a8001000 GCTaskThread "GC Thread#1" [stack: 0x00007fc2b83b6000,0x00007fc2b84b6000] [id=15905]
  0x00007fc2d804e800 ConcurrentGCThread "G1 Main Marker" [stack: 0x00007fc2dc8f9000,0x00007fc2dc9f9000] [id=15884]
  0x00007fc2d8050800 ConcurrentGCThread "G1 Conc#0" [stack: 0x00007fc2dc7f7000,0x00007fc2dc8f7000] [id=15885]
  0x00007fc2d808b800 ConcurrentGCThread "G1 Refine#0" [stack: 0x00007fc2dc4f3000,0x00007fc2dc5f3000] [id=15886]
  0x00007fc2d808d800 ConcurrentGCThread "G1 Young RemSet Sampling" [stack: 0x00007fc2dc3f1000,0x00007fc2dc4f1000] [id=15887]

Threads with active compile tasks:

VM state:not at safepoint (normal execution)

VM Mutex/Monitor currently owned by a thread: None

Heap address: 0x00000000c2e00000, size: 978 MB, Compressed Oops mode: 32-bit
Narrow klass base: 0x0000000800000000, Narrow klass shift: 3
Compressed class space size: 1073741824 Address: 0x0000000840000000

Heap:
 garbage-first heap   total 65536K, used 8904K [0x00000000c2e00000, 0x0000000100000000)
  region size 1024K, 9 young (9216K), 1 survivors (1024K)
 Metaspace       used 3891K, capacity 6617K, committed 6912K, reserved 1056768K
  class space    used 421K, capacity 694K, committed 768K, reserved 1048576K
Heap Regions: E=young(eden), S=young(survivor), O=old, HS=humongous(starts), HC=humongous(continues), CS=collection set, F=free, A=archive, TAMS=top-at-mark-start (previous, next)
|   0|0x00000000c2e00000, 0x00000000c2e00000, 0x00000000c2f00000|  0%| F|  |TAMS 0x00000000c2e00000, 0x00000000c2e00000| Untracked 
|   1|0x00000000c2f00000, 0x00000000c2f00000, 0x00000000c3000000|  0%| F|  |TAMS 0x00000000c2f00000, 0x00000000c2f00000| Untracked 
|   2|0x00000000c3000000, 0x00000000c3000000, 0x00000000c3100000|  0%| F|  |TAMS 0x00000000c3000000, 0x00000000c3000000| Untracked 
|   3|0x00000000c3100000, 0x00000000c3100000, 0x00000000c3200000|  0%| F|  |TAMS 0x00000000c3100000, 0x00000000c3100000| Untracked 
|   4|0x00000000c3200000, 0x00000000c3200000, 0x00000000c3300000|  0%| F|  |TAMS 0x00000000c3200000, 0x00000000c3200000| Untracked 
|   5|0x00000000c3300000, 0x00000000c3300000, 0x00000000c3400000|  0%| F|  |TAMS 0x00000000c3300000, 0x00000000c3300000| Untracked 
|   6|0x00000000c3400000, 0x00000000c3400000, 0x00000000c3500000|  0%| F|  |TAMS 0x00000000c3400000, 0x00000000c3400000| Untracked 
|   7|0x00000000c3500000, 0x00000000c3500000, 0x00000000c3600000|  0%| F|  |TAMS 0x00000000c3500000, 0x00000000c3500000| Untracked 
|   8|0x00000000c3600000, 0x00000000c3600000, 0x00000000c3700000|  0%| F|  |TAMS 0x00000000c3600000, 0x00000000c3600000| Untracked 
|   9|0x00000000c3700000, 0x00000000c3700000, 0x00000000c3800000|  0%| F|  |TAMS 0x00000000c3700000, 0x00000000c3700000| Untracked 
|  10|0x00000000c3800000, 0x00000000c3800000, 0x00000000c3900000|  0%| F|  |TAMS 0x00000000c3800000, 0x00000000c3800000| Untracked 
|  11|0x00000000c3900000, 0x00000000c3900000, 0x00000000c3a00000|  0%| F|  |TAMS 0x00000000c3900000, 0x00000000c3900000| Untracked 
|  12|0x00000000c3a00000, 0x00000000c3a00000, 0x00000000c3b00000|  0%| F|  |TAMS 0x00000000c3a00000, 0x00000000c3a00000| Untracked 
|  13|0x00000000c3b00000, 0x00000000c3b00000, 0x00000000c3c00000|  0%| F|  |TAMS 0x00000000c3b00000, 0x00000000c3b00000| Untracked 
|  14|0x00000000c3c00000, 0x00000000c3c00000, 0x00000000c3d00000|  0%| F|  |TAMS 0x00000000c3c00000, 0x00000000c3c00000| Untracked 
|  15|0x00000000c3d00000, 0x00000000c3d00000, 0x00000000c3e00000|  0%| F|  |TAMS 0x00000000c3d00000, 0x00000000c3d00000| Untracked 
|  16|0x00000000c3e00000, 0x00000000c3e00000, 0x00000000c3f00000|  0%| F|  |TAMS 0x00000000c3e00000, 0x00000000c3e00000| Untracked 
|  17|0x00000000c3f00000, 0x00000000c3f00000, 0x00000000c4000000|  0%| F|  |TAMS 0x00000000c3f00000, 0x00000000c3f00000| Untracked 
|  18|0x00000000c4000000, 0x00000000c4000000, 0x00000000c4100000|  0%| F|  |TAMS 0x00000000c4000000, 0x00000000c4000000| Untracked 
|  19|0x00000000c4100000, 0x00000000c4100000, 0x00000000c4200000|  0%| F|  |TAMS 0x00000000c4100000, 0x00000000c4100000| Untracked 
|  20|0x00000000c4200000, 0x00000000c4200000, 0x00000000c4300000|  0%| F|  |TAMS 0x00000000c4200000, 0x00000000c4200000| Untracked 
|  21|0x00000000c4300000, 0x00000000c4300000, 0x00000000c4400000|  0%| F|  |TAMS 0x00000000c4300000, 0x00000000c4300000| Untracked 
|  22|0x00000000c4400000, 0x00000000c4400000, 0x00000000c4500000|  0%| F|  |TAMS 0x00000000c4400000, 0x00000000c4400000| Untracked 
|  23|0x00000000c4500000, 0x00000000c4500000, 0x00000000c4600000|  0%| F|  |TAMS 0x00000000c4500000, 0x00000000c4500000| Untracked 
|  24|0x00000000c4600000, 0x00000000c4600000, 0x00000000c4700000|  0%| F|  |TAMS 0x00000000c4600000, 0x00000000c4600000| Untracked 
|  25|0x00000000c4700000, 0x00000000c4700000, 0x00000000c4800000|  0%| F|  |TAMS 0x00000000c4700000, 0x00000000c4700000| Untracked 
|  26|0x00000000c4800000, 0x00000000c4800000, 0x00000000c4900000|  0%| F|  |TAMS 0x00000000c4800000, 0x00000000c4800000| Untracked 
|  27|0x00000000c4900000, 0x00000000c4900000, 0x00000000c4a00000|  0%| F|  |TAMS 0x00000000c4900000, 0x00000000c4900000| Untracked 
|  28|0x00000000c4a00000, 0x00000000c4a00000, 0x00000000c4b00000|  0%| F|  |TAMS 0x00000000c4a00000, 0x00000000c4a00000| Untracked 
|  29|0x00000000c4b00000, 0x00000000c4b00000, 0x00000000c4c00000|  0%| F|  |TAMS 0x00000000c4b00000, 0x00000000c4b00000| Untracked 
|  30|0x00000000c4c00000, 0x00000000c4c00000, 0x00000000c4d00000|  0%| F|  |TAMS 0x00000000c4c00000, 0x00000000c4c00000| Untracked 
|  31|0x00000000c4d00000, 0x00000000c4d00000, 0x00000000c4e00000|  0%| F|  |TAMS 0x00000000c4d00000, 0x00000000c4d00000| Untracked 
|  32|0x00000000c4e00000, 0x00000000c4e00000, 0x00000000c4f00000|  0%| F|  |TAMS 0x00000000c4e00000, 0x00000000c4e00000| Untracked 
|  33|0x00000000c4f00000, 0x00000000c4f00000, 0x00000000c5000000|  0%| F|  |TAMS 0x00000000c4f00000, 0x00000000c4f00000| Untracked 
|  34|0x00000000c5000000, 0x00000000c5000000, 0x00000000c5100000|  0%| F|  |TAMS 0x00000000c5000000, 0x00000000c5000000| Untracked 
|  35|0x00000000c5100000, 0x00000000c5100000, 0x00000000c5200000|  0%| F|  |TAMS 0x00000000c5100000, 0x00000000c5100000| Untracked 
|  36|0x00000000c5200000, 0x00000000c5200000, 0x00000000c5300000|  0%| F|  |TAMS 0x00000000c5200000, 0x00000000c5200000| Untracked 
|  37|0x00000000c5300000, 0x00000000c5300000, 0x00000000c5400000|  0%| F|  |TAMS 0x00000000c5300000, 0x00000000c5300000| Untracked 
|  38|0x00000000c5400000, 0x00000000c5400000, 0x00000000c5500000|  0%| F|  |TAMS 0x00000000c5400000, 0x00000000c5400000| Untracked 
|  39|0x00000000c5500000, 0x00000000c5500000, 0x00000000c5600000|  0%| F|  |TAMS 0x00000000c5500000, 0x00000000c5500000| Untracked 
|  40|0x00000000c5600000, 0x00000000c5600000, 0x00000000c5700000|  0%| F|  |TAMS 0x00000000c5600000, 0x00000000c5600000| Untracked 
|  41|0x00000000c5700000, 0x00000000c5700000, 0x00000000c5800000|  0%| F|  |TAMS 0x00000000c5700000, 0x00000000c5700000| Untracked 
|  42|0x00000000c5800000, 0x00000000c5800000, 0x00000000c5900000|  0%| F|  |TAMS 0x00000000c5800000, 0x00000000c5800000| Untracked 
|  43|0x00000000c5900000, 0x00000000c5900000, 0x00000000c5a00000|  0%| F|  |TAMS 0x00000000c5900000, 0x00000000c5900000| Untracked 
|  44|0x00000000c5a00000, 0x00000000c5a00000, 0x00000000c5b00000|  0%| F|  |TAMS 0x00000000c5a00000, 0x00000000c5a00000| Untracked 
|  45|0x00000000c5b00000, 0x00000000c5b00000, 0x00000000c5c00000|  0%| F|  |TAMS 0x00000000c5b00000, 0x00000000c5b00000| Untracked 
|  46|0x00000000c5c00000, 0x00000000c5c00000, 0x00000000c5d00000|  0%| F|  |TAMS 0x00000000c5c00000, 0x00000000c5c00000| Untracked 
|  47|0x00000000c5d00000, 0x00000000c5d00000, 0x00000000c5e00000|  0%| F|  |TAMS 0x00000000c5d00000, 0x00000000c5d00000| Untracked 
|  48|0x00000000c5e00000, 0x00000000c5e00000, 0x00000000c5f00000|  0%| F|  |TAMS 0x00000000c5e00000, 0x00000000c5e00000| Untracked 
|  49|0x00000000c5f00000, 0x00000000c5f00000, 0x00000000c6000000|  0%| F|  |TAMS 0x00000000c5f00000, 0x00000000c5f00000| Untracked 
|  50|0x00000000c6000000, 0x00000000c6000000, 0x00000000c6100000|  0%| F|  |TAMS 0x00000000c6000000, 0x00000000c6000000| Untracked 
|  51|0x00000000c6100000, 0x00000000c6100000, 0x00000000c6200000|  0%| F|  |TAMS 0x00000000c6100000, 0x00000000c6100000| Untracked 
|  52|0x00000000c6200000, 0x00000000c6200000, 0x00000000c6300000|  0%| F|  |TAMS 0x00000000c6200000, 0x00000000c6200000| Untracked 
|  53|0x00000000c6300000, 0x00000000c6380800, 0x00000000c6400000| 50%| E|  |TAMS 0x00000000c6300000, 0x00000000c6300000| Complete 
|  54|0x00000000c6400000, 0x00000000c6500000, 0x00000000c6500000|100%| S|CS|TAMS 0x00000000c6400000, 0x00000000c6400000| Complete 
|  55|0x00000000c6500000, 0x00000000c6600000, 0x00000000c6600000|100%| E|CS|TAMS 0x00000000c6500000, 0x00000000c6500000| Complete 
|  56|0x00000000c6600000, 0x00000000c6700000, 0x00000000c6700000|100%| E|CS|TAMS 0x00000000c6600000, 0x00000000c6600000| Complete 
|  57|0x00000000c6700000, 0x00000000c6800000, 0x00000000c6800000|100%| E|CS|TAMS 0x00000000c6700000, 0x00000000c6700000| Complete 
|  58|0x00000000c6800000, 0x00000000c6900000, 0x00000000c6900000|100%| E|CS|TAMS 0x00000000c6800000, 0x00000000c6800000| Complete 
|  59|0x00000000c6900000, 0x00000000c6a00000, 0x00000000c6a00000|100%| E|CS|TAMS 0x00000000c6900000, 0x00000000c6900000| Complete 
|  60|0x00000000c6a00000, 0x00000000c6b00000, 0x00000000c6b00000|100%| E|CS|TAMS 0x00000000c6a00000, 0x00000000c6a00000| Complete 
|  61|0x00000000c6b00000, 0x00000000c6c00000, 0x00000000c6c00000|100%| E|CS|TAMS 0x00000000c6b00000, 0x00000000c6b00000| Complete 
| 976|0x00000000ffe00000, 0x00000000ffe47000, 0x00000000fff00000| 27%|OA|  |TAMS 0x00000000ffe00000, 0x00000000ffe00000| Untracked 
| 977|0x00000000fff00000, 0x00000000fff6b000, 0x0000000100000000| 41%|CA|  |TAMS 0x00000000fff00000, 0x00000000fff00000| Untracked 

Card table byte_map: [0x00007fc2ddb2a000,0x00007fc2ddd13000] _byte_map_base: 0x00007fc2dd513000

Marking Bits (Prev, Next): (CMBitMap*) 0x00007fc2d8049bc8, (CMBitMap*) 0x00007fc2d8049c00
 Prev Bits: [0x00007fc2dc9f9000, 0x00007fc2dd941000)
 Next Bits: [0x00007fc2bb0b8000, 0x00007fc2bc000000)

Polling page: 0x00007fc2e0c2b000

Metaspace:

Usage:
  Non-class:      5.78 MB capacity,     3.39 MB ( 59%) used,     2.39 MB ( 41%) free+waste,     7.19 KB ( <1%) overhead. 
      Class:    694.00 KB capacity,   421.98 KB ( 61%) used,   268.34 KB ( 39%) free+waste,     3.69 KB ( <1%) overhead. 
       Both:      6.46 MB capacity,     3.80 MB ( 59%) used,     2.65 MB ( 41%) free+waste,    10.88 KB ( <1%) overhead. 

Virtual space:
  Non-class space:        8.00 MB reserved,       6.00 MB ( 75%) committed 
      Class space:        1.00 GB reserved,     768.00 KB ( <1%) committed 
             Both:        1.01 GB reserved,       6.75 MB ( <1%) committed 

Chunk freelists:
   Non-Class:  0 bytes
       Class:  10.00 KB
        Both:  10.00 KB

MaxMetaspaceSize: unlimited
CompressedClassSpaceSize: 1.00 GB
Initial GC threshold: 20.80 MB
Current GC threshold: 20.80 MB
CDS: on

CodeHeap 'non-profiled nmethods': size=120036Kb used=239Kb max_used=239Kb free=119796Kb
 bounds [0x00007fc2c80c7000, 0x00007fc2c8337000, 0x00007fc2cf600000]
CodeHeap 'profiled nmethods': size=120032Kb used=1340Kb max_used=1340Kb free=118691Kb
 bounds [0x00007fc2c0b8f000, 0x00007fc2c0dff000, 0x00007fc2c80c7000]
CodeHeap 'non-nmethods': size=5692Kb used=1213Kb max_used=1226Kb free=4478Kb
 bounds [0x00007fc2c0600000, 0x00007fc2c0870000, 0x00007fc2c0b8f000]
 total_blobs=1150 nmethods=752 adapters=320
 compilation: enabled
              stopped_count=0, restarted_count=0
 full_count=0

Compilation events (20 events):
Event: 8.874 Thread 0x00007fc2d8130800  741       3       java.lang.invoke.MethodTypeForm::canonicalizeAll (66 bytes)
Event: 8.874 Thread 0x00007fc2d8130800 nmethod 741 0x00007fc2c0cd5690 code [0x00007fc2c0cd58a0, 0x00007fc2c0cd5f10]
Event: 8.874 Thread 0x00007fc2d8130800  742       3       java.lang.invoke.MethodType$ConcurrentWeakInternSet$WeakEntry::<init> (15 bytes)
Event: 8.874 Thread 0x00007fc2d8130800 nmethod 742 0x00007fc2c0cd6110 code [0x00007fc2c0cd6300, 0x00007fc2c0cd6740]
Event: 8.874 Thread 0x00007fc2d8130800  744       3       java.lang.invoke.LambdaForm::forceInterpretation (14 bytes)
Event: 8.874 Thread 0x00007fc2d8130800 nmethod 744 0x00007fc2c0cd6890 code [0x00007fc2c0cd6a40, 0x00007fc2c0cd6bb0]
Event: 8.874 Thread 0x00007fc2d8130800  746       3       java.lang.invoke.InvokerBytecodeGenerator::emitImplicitConversion (159 bytes)
Event: 8.876 Thread 0x00007fc2d8130800 nmethod 746 0x00007fc2c0cd6c10 code [0x00007fc2c0cd6f60, 0x00007fc2c0cd8050]
Event: 8.876 Thread 0x00007fc2d8130800  747       3       jdk.internal.org.objectweb.asm.Frame::get (46 bytes)
Event: 8.876 Thread 0x00007fc2d8130800 nmethod 747 0x00007fc2c0cd8610 code [0x00007fc2c0cd87c0, 0x00007fc2c0cd89d0]
Event: 8.879 Thread 0x00007fc2d8130800  748       3       java.lang.String::<init> (55 bytes)
Event: 8.879 Thread 0x00007fc2d8130800 nmethod 748 0x00007fc2c0cd8a90 code [0x00007fc2c0cd8c80, 0x00007fc2c0cd9020]
Event: 8.879 Thread 0x00007fc2d8130800  749   !   3       java.lang.StringCoding::decode (362 bytes)
Event: 8.883 Thread 0x00007fc2d8130800 nmethod 749 0x00007fc2c0cd9210 code [0x00007fc2c0cd9720, 0x00007fc2c0cdc2d0]
Event: 10.179 Thread 0x00007fc2d8130800  750       3       org.antlr.v4.runtime.misc.Interval::of (54 bytes)
Event: 10.180 Thread 0x00007fc2d8130800 nmethod 750 0x00007fc2c0cdd290 code [0x00007fc2c0cdd480, 0x00007fc2c0cddab0]
Event: 11.772 Thread 0x00007fc2d8130800  751       3       java.lang.Class::cast (27 bytes)
Event: 11.772 Thread 0x00007fc2d8130800 nmethod 751 0x00007fc2c0cddc90 code [0x00007fc2c0cdde60, 0x00007fc2c0cde130]
Event: 13.198 Thread 0x00007fc2d812e800  752       4       java.lang.StringBuilder::<init> (7 bytes)
Event: 13.200 Thread 0x00007fc2d812e800 nmethod 752 0x00007fc2c8102890 code [0x00007fc2c8102a20, 0x00007fc2c8102bd8]

GC Heap History (2 events):
Event: 1.205 GC heap before
{Heap before GC invocations=0 (full 0):
 garbage-first heap   total 65536K, used 7880K [0x00000000c2e00000, 0x0000000100000000)
  region size 1024K, 7 young (7168K), 0 survivors (0K)
 Metaspace       used 2413K, capacity 5462K, committed 5760K, reserved 1056768K
  class space    used 253K, capacity 521K, committed 640K, reserved 1048576K
}
Event: 1.244 GC heap after
{Heap after GC invocations=1 (full 0):
 garbage-first heap   total 65536K, used 1736K [0x00000000c2e00000, 0x0000000100000000)
  region size 1024K, 1 young (1024K), 1 survivors (1024K)
 Metaspace       used 2413K, capacity 5462K, committed 5760K, reserved 1056768K
  class space    used 253K, capacity 521K, committed 640K, reserved 1048576K
}

Deoptimization events (20 events):
Event: 2.359 Thread 0x00007fc2d8019800 DEOPT PACKING pc=0x00007fc2c0c77dd4 sp=0x00007fc2e07fbfa0
Event: 2.359 Thread 0x00007fc2d8019800 DEOPT UNPACKING pc=0x00007fc2c06499fa sp=0x00007fc2e07fb490 mode 1
Event: 2.508 Thread 0x00007fc2d8019800 DEOPT PACKING pc=0x00007fc2c0c4058a sp=0x00007fc2e07fd480
Event: 2.508 Thread 0x00007fc2d8019800 DEOPT UNPACKING pc=0x00007fc2c06499fa sp=0x00007fc2e07fc928 mode 0
Event: 8.801 Thread 0x00007fc2d8019800 Uncommon trap: trap_request=0xffffffc6 fr.pc=0x00007fc2c80d0824 relative=0x0000000000000084
Event: 8.801 Thread 0x00007fc2d8019800 Uncommon trap: reason=bimorphic_or_optimized_type_check action=maybe_recompile pc=0x00007fc2c80d0824 method=java.util.AbstractCollection.isEmpty()Z @ 1 c2
Event: 8.802 Thread 0x00007fc2d8019800 DEOPT PACKING pc=0x00007fc2c80d0824 sp=0x00007fc2e07fd330
Event: 8.802 Thread 0x00007fc2d8019800 DEOPT UNPACKING pc=0x00007fc2c06082a5 sp=0x00007fc2e07fd2f0 mode 2
Event: 8.802 Thread 0x00007fc2d8019800 Uncommon trap: trap_request=0xffffffc6 fr.pc=0x00007fc2c80d0824 relative=0x0000000000000084
Event: 8.802 Thread 0x00007fc2d8019800 Uncommon trap: reason=bimorphic_or_optimized_type_check action=maybe_recompile pc=0x00007fc2c80d0824 method=java.util.AbstractCollection.isEmpty()Z @ 1 c2
Event: 8.802 Thread 0x00007fc2d8019800 DEOPT PACKING pc=0x00007fc2c80d0824 sp=0x00007fc2e07fd500
Event: 8.802 Thread 0x00007fc2d8019800 DEOPT UNPACKING pc=0x00007fc2c06082a5 sp=0x00007fc2e07fd4c0 mode 2
Event: 8.809 Thread 0x00007fc2d8019800 Uncommon trap: trap_request=0xffffffc6 fr.pc=0x00007fc2c80d0824 relative=0x0000000000000084
Event: 8.809 Thread 0x00007fc2d8019800 Uncommon trap: reason=bimorphic_or_optimized_type_check action=maybe_recompile pc=0x00007fc2c80d0824 method=java.util.AbstractCollection.isEmpty()Z @ 1 c2
Event: 8.809 Thread 0x00007fc2d8019800 DEOPT PACKING pc=0x00007fc2c80d0824 sp=0x00007fc2e07fd520
Event: 8.809 Thread 0x00007fc2d8019800 DEOPT UNPACKING pc=0x00007fc2c06082a5 sp=0x00007fc2e07fd4e0 mode 2
Event: 8.815 Thread 0x00007fc2d8019800 Uncommon trap: trap_request=0xffffffc6 fr.pc=0x00007fc2c80d0824 relative=0x0000000000000084
Event: 8.815 Thread 0x00007fc2d8019800 Uncommon trap: reason=bimorphic_or_optimized_type_check action=maybe_recompile pc=0x00007fc2c80d0824 method=java.util.AbstractCollection.isEmpty()Z @ 1 c2
Event: 8.815 Thread 0x00007fc2d8019800 DEOPT PACKING pc=0x00007fc2c80d0824 sp=0x00007fc2e07fd330
Event: 8.815 Thread 0x00007fc2d8019800 DEOPT UNPACKING pc=0x00007fc2c06082a5 sp=0x00007fc2e07fd2f0 mode 2

Classes redefined (0 events):
No events

Internal exceptions (20 events):
Event: 2.358 Thread 0x00007fc2d8019800 Exception <a 'java/security/PrivilegedActionException'{0x00000000c682e018}> (0x00000000c682e018) thrown at [./src/hotspot/share/prims/jvm.cpp, line 1304]
Event: 2.358 Thread 0x00007fc2d8019800 Exception <a 'java/security/PrivilegedActionException'{0x00000000c682e2e8}> (0x00000000c682e2e8) thrown at [./src/hotspot/share/prims/jvm.cpp, line 1304]
Event: 2.358 Thread 0x00007fc2d8019800 Exception <a 'java/security/PrivilegedActionException'{0x00000000c682ec38}> (0x00000000c682ec38) thrown at [./src/hotspot/share/prims/jvm.cpp, line 1304]
Event: 2.358 Thread 0x00007fc2d8019800 Exception <a 'java/security/PrivilegedActionException'{0x00000000c682ef08}> (0x00000000c682ef08) thrown at [./src/hotspot/share/prims/jvm.cpp, line 1304]
Event: 2.358 Thread 0x00007fc2d8019800 Exception <a 'java/security/PrivilegedActionException'{0x00000000c682f890}> (0x00000000c682f890) thrown at [./src/hotspot/share/prims/jvm.cpp, line 1304]
Event: 2.358 Thread 0x00007fc2d8019800 Exception <a 'java/security/PrivilegedActionException'{0x00000000c682fb60}> (0x00000000c682fb60) thrown at [./src/hotspot/share/prims/jvm.cpp, line 1304]
Event: 2.358 Thread 0x00007fc2d8019800 Exception <a 'java/security/PrivilegedActionException'{0x00000000c68304d0}> (0x00000000c68304d0) thrown at [./src/hotspot/share/prims/jvm.cpp, line 1304]
Event: 2.358 Thread 0x00007fc2d8019800 Exception <a 'java/security/PrivilegedActionException'{0x00000000c68307a0}> (0x00000000c68307a0) thrown at [./src/hotspot/share/prims/jvm.cpp, line 1304]
Event: 2.358 Thread 0x00007fc2d8019800 Exception <a 'java/security/PrivilegedActionException'{0x00000000c6831110}> (0x00000000c6831110) thrown at [./src/hotspot/share/prims/jvm.cpp, line 1304]
Event: 2.358 Thread 0x00007fc2d8019800 Exception <a 'java/security/PrivilegedActionException'{0x00000000c68313e0}> (0x00000000c68313e0) thrown at [./src/hotspot/share/prims/jvm.cpp, line 1304]
Event: 2.359 Thread 0x00007fc2d8019800 Exception <a 'java/security/PrivilegedActionException'{0x00000000c6831d68}> (0x00000000c6831d68) thrown at [./src/hotspot/share/prims/jvm.cpp, line 1304]
Event: 2.359 Thread 0x00007fc2d8019800 Exception <a 'java/security/PrivilegedActionException'{0x00000000c6832038}> (0x00000000c6832038) thrown at [./src/hotspot/share/prims/jvm.cpp, line 1304]
Event: 2.359 Thread 0x00007fc2d8019800 Exception <a 'java/security/PrivilegedActionException'{0x00000000c68329c0}> (0x00000000c68329c0) thrown at [./src/hotspot/share/prims/jvm.cpp, line 1304]
Event: 2.359 Thread 0x00007fc2d8019800 Exception <a 'java/security/PrivilegedActionException'{0x00000000c6832c90}> (0x00000000c6832c90) thrown at [./src/hotspot/share/prims/jvm.cpp, line 1304]
Event: 2.359 Thread 0x00007fc2d8019800 Exception <a 'java/security/PrivilegedActionException'{0x00000000c6833618}> (0x00000000c6833618) thrown at [./src/hotspot/share/prims/jvm.cpp, line 1304]
Event: 2.359 Thread 0x00007fc2d8019800 Exception <a 'java/security/PrivilegedActionException'{0x00000000c68338e8}> (0x00000000c68338e8) thrown at [./src/hotspot/share/prims/jvm.cpp, line 1304]
Event: 2.359 Thread 0x00007fc2d8019800 Exception <a 'java/security/PrivilegedActionException'{0x00000000c6834258}> (0x00000000c6834258) thrown at [./src/hotspot/share/prims/jvm.cpp, line 1304]
Event: 2.359 Thread 0x00007fc2d8019800 Exception <a 'java/security/PrivilegedActionException'{0x00000000c6834528}> (0x00000000c6834528) thrown at [./src/hotspot/share/prims/jvm.cpp, line 1304]
Event: 2.359 Thread 0x00007fc2d8019800 Exception <a 'java/security/PrivilegedActionException'{0x00000000c6834eb0}> (0x00000000c6834eb0) thrown at [./src/hotspot/share/prims/jvm.cpp, line 1304]
Event: 2.359 Thread 0x00007fc2d8019800 Exception <a 'java/security/PrivilegedActionException'{0x00000000c6835180}> (0x00000000c6835180) thrown at [./src/hotspot/share/prims/jvm.cpp, line 1304]

Events (20 events):
Event: 86.147 Executing VM operation: ChangeSingleStep
Event: 86.147 Executing VM operation: ChangeSingleStep done
Event: 86.150 Executing VM operation: ChangeSingleStep
Event: 86.151 Executing VM operation: ChangeSingleStep done
Event: 86.152 Executing VM operation: GetCurrentLocation
Event: 86.153 Executing VM operation: GetCurrentLocation done
Event: 86.153 Executing VM operation: ChangeSingleStep
Event: 86.153 Executing VM operation: ChangeSingleStep done
Event: 86.154 Executing VM operation: ChangeSingleStep
Event: 86.154 Executing VM operation: ChangeSingleStep done
Event: 86.154 Executing VM operation: GetCurrentLocation
Event: 86.154 Executing VM operation: GetCurrentLocation done
Event: 86.155 Executing VM operation: ChangeSingleStep
Event: 86.155 Executing VM operation: ChangeSingleStep done
Event: 86.156 Executing VM operation: ChangeSingleStep
Event: 86.156 Executing VM operation: ChangeSingleStep done
Event: 86.157 Executing VM operation: GetCurrentLocation
Event: 86.157 Executing VM operation: GetCurrentLocation done
Event: 86.158 Executing VM operation: ChangeSingleStep
Event: 86.158 Executing VM operation: ChangeSingleStep done


Dynamic libraries:
c2e00000-c6c00000 rw-p 00000000 00:00 0 
c6c00000-ffe00000 ---p 00000000 00:00 0 
ffe00000-ffe47000 rw-p 00b0a000 08:03 1060156                            /usr/lib/jvm/java-11-openjdk-amd64/lib/server/classes.jsa
ffe47000-fff00000 rw-p 00000000 00:00 0 
fff00000-fff6b000 rw-p 00a9f000 08:03 1060156                            /usr/lib/jvm/java-11-openjdk-amd64/lib/server/classes.jsa
fff6b000-100000000 rw-p 00000000 00:00 0 
800000000-800002000 rwxp 00001000 08:03 1060156                          /usr/lib/jvm/java-11-openjdk-amd64/lib/server/classes.jsa
800002000-800a9e000 rw-p 00003000 08:03 1060156                          /usr/lib/jvm/java-11-openjdk-amd64/lib/server/classes.jsa
840000000-8400c0000 rw-p 00000000 00:00 0 
8400c0000-880000000 ---p 00000000 00:00 0 
556cdae06000-556cdae07000 r--p 00000000 08:03 1058673                    /usr/lib/jvm/java-11-openjdk-amd64/bin/java
556cdae07000-556cdae08000 r-xp 00001000 08:03 1058673                    /usr/lib/jvm/java-11-openjdk-amd64/bin/java
556cdae08000-556cdae09000 r--p 00002000 08:03 1058673                    /usr/lib/jvm/java-11-openjdk-amd64/bin/java
556cdae09000-556cdae0a000 r--p 00002000 08:03 1058673                    /usr/lib/jvm/java-11-openjdk-amd64/bin/java
556cdae0a000-556cdae0b000 rw-p 00003000 08:03 1058673                    /usr/lib/jvm/java-11-openjdk-amd64/bin/java
556cdc628000-556cdc68b000 rw-p 00000000 00:00 0                          [heap]
7fc27d400000-7fc27dd26000 r--p 00000000 08:03 1579535                    /home/doudou/.javacpp/cache/llvm-13.0.1-1.5.7-linux-x86_64.jar/org/bytedeco/llvm/linux-x86_64/libLLVM-13.so
7fc27dd26000-7fc2816e9000 r-xp 00926000 08:03 1579535                    /home/doudou/.javacpp/cache/llvm-13.0.1-1.5.7-linux-x86_64.jar/org/bytedeco/llvm/linux-x86_64/libLLVM-13.so
7fc2816e9000-7fc28393e000 r--p 042e9000 08:03 1579535                    /home/doudou/.javacpp/cache/llvm-13.0.1-1.5.7-linux-x86_64.jar/org/bytedeco/llvm/linux-x86_64/libLLVM-13.so
7fc28393e000-7fc283e53000 r--p 0653d000 08:03 1579535                    /home/doudou/.javacpp/cache/llvm-13.0.1-1.5.7-linux-x86_64.jar/org/bytedeco/llvm/linux-x86_64/libLLVM-13.so
7fc283e53000-7fc283e5e000 rw-p 06a52000 08:03 1579535                    /home/doudou/.javacpp/cache/llvm-13.0.1-1.5.7-linux-x86_64.jar/org/bytedeco/llvm/linux-x86_64/libLLVM-13.so
7fc283e5e000-7fc283ed4000 rw-p 00000000 00:00 0 
7fc284000000-7fc284021000 rw-p 00000000 00:00 0 
7fc284021000-7fc288000000 ---p 00000000 00:00 0 
7fc288000000-7fc288021000 rw-p 00000000 00:00 0 
7fc288021000-7fc28c000000 ---p 00000000 00:00 0 
7fc28c000000-7fc28c37b000 rw-p 00000000 00:00 0 
7fc28c37b000-7fc290000000 ---p 00000000 00:00 0 
7fc290000000-7fc290322000 rw-p 00000000 00:00 0 
7fc290322000-7fc294000000 ---p 00000000 00:00 0 
7fc294000000-7fc294021000 rw-p 00000000 00:00 0 
7fc294021000-7fc298000000 ---p 00000000 00:00 0 
7fc298000000-7fc298021000 rw-p 00000000 00:00 0 
7fc298021000-7fc29c000000 ---p 00000000 00:00 0 
7fc29c000000-7fc29c021000 rw-p 00000000 00:00 0 
7fc29c021000-7fc2a0000000 ---p 00000000 00:00 0 
7fc2a0000000-7fc2a0021000 rw-p 00000000 00:00 0 
7fc2a0021000-7fc2a4000000 ---p 00000000 00:00 0 
7fc2a4000000-7fc2a4021000 rw-p 00000000 00:00 0 
7fc2a4021000-7fc2a8000000 ---p 00000000 00:00 0 
7fc2a8000000-7fc2a8021000 rw-p 00000000 00:00 0 
7fc2a8021000-7fc2ac000000 ---p 00000000 00:00 0 
7fc2ac000000-7fc2ac021000 rw-p 00000000 00:00 0 
7fc2ac021000-7fc2b0000000 ---p 00000000 00:00 0 
7fc2b0000000-7fc2b0021000 rw-p 00000000 00:00 0 
7fc2b0021000-7fc2b4000000 ---p 00000000 00:00 0 
7fc2b4000000-7fc2b4021000 rw-p 00000000 00:00 0 
7fc2b4021000-7fc2b8000000 ---p 00000000 00:00 0 
7fc2b82ae000-7fc2b8313000 r--p 00000000 08:03 1579540                    /home/doudou/.javacpp/cache/llvm-13.0.1-1.5.7-linux-x86_64.jar/org/bytedeco/llvm/linux-x86_64/libjniLLVM.so
7fc2b8313000-7fc2b8381000 r-xp 00065000 08:03 1579540                    /home/doudou/.javacpp/cache/llvm-13.0.1-1.5.7-linux-x86_64.jar/org/bytedeco/llvm/linux-x86_64/libjniLLVM.so
7fc2b8381000-7fc2b83ac000 r--p 000d3000 08:03 1579540                    /home/doudou/.javacpp/cache/llvm-13.0.1-1.5.7-linux-x86_64.jar/org/bytedeco/llvm/linux-x86_64/libjniLLVM.so
7fc2b83ac000-7fc2b83af000 r--p 000fd000 08:03 1579540                    /home/doudou/.javacpp/cache/llvm-13.0.1-1.5.7-linux-x86_64.jar/org/bytedeco/llvm/linux-x86_64/libjniLLVM.so
7fc2b83af000-7fc2b83b2000 rw-p 00100000 08:03 1579540                    /home/doudou/.javacpp/cache/llvm-13.0.1-1.5.7-linux-x86_64.jar/org/bytedeco/llvm/linux-x86_64/libjniLLVM.so
7fc2b83b2000-7fc2b83b4000 rw-p 00000000 00:00 0 
7fc2b83b4000-7fc2b83b5000 ---p 00000000 00:00 0 
7fc2b83b5000-7fc2b84b6000 rw-p 00000000 00:00 0 
7fc2b84b6000-7fc2b84ba000 ---p 00000000 00:00 0 
7fc2b84ba000-7fc2b85b6000 rw-p 00000000 00:00 0 
7fc2b85b6000-7fc2b85b7000 ---p 00000000 00:00 0 
7fc2b85b7000-7fc2b86b8000 rw-p 00000000 00:00 0 
7fc2b86b8000-7fc2b86bc000 ---p 00000000 00:00 0 
7fc2b86bc000-7fc2b87b8000 rw-p 00000000 00:00 0 
7fc2b87b8000-7fc2b87bc000 ---p 00000000 00:00 0 
7fc2b87bc000-7fc2b8eb8000 rw-p 00000000 00:00 0 
7fc2b8eb8000-7fc2b90b8000 ---p 00000000 00:00 0 
7fc2b90b8000-7fc2bb1b0000 rw-p 00000000 00:00 0 
7fc2bb1b0000-7fc2bbff8000 ---p 00000000 00:00 0 
7fc2bbff8000-7fc2bc000000 rw-p 00000000 00:00 0 
7fc2bc000000-7fc2bc021000 rw-p 00000000 00:00 0 
7fc2bc021000-7fc2c0000000 ---p 00000000 00:00 0 
7fc2c0000000-7fc2c0004000 ---p 00000000 00:00 0 
7fc2c0004000-7fc2c0100000 rw-p 00000000 00:00 0 
7fc2c0100000-7fc2c0104000 ---p 00000000 00:00 0 
7fc2c0104000-7fc2c0200000 rw-p 00000000 00:00 0 
7fc2c0200000-7fc2c0204000 ---p 00000000 00:00 0 
7fc2c0204000-7fc2c0300000 rw-p 00000000 00:00 0 
7fc2c0300000-7fc2c0304000 ---p 00000000 00:00 0 
7fc2c0304000-7fc2c0400000 rw-p 00000000 00:00 0 
7fc2c0400000-7fc2c0404000 ---p 00000000 00:00 0 
7fc2c0404000-7fc2c0500000 rw-p 00000000 00:00 0 
7fc2c0500000-7fc2c0504000 ---p 00000000 00:00 0 
7fc2c0504000-7fc2c0600000 rw-p 00000000 00:00 0 
7fc2c0600000-7fc2c0870000 rwxp 00000000 00:00 0 
7fc2c0870000-7fc2c0b8f000 ---p 00000000 00:00 0 
7fc2c0b8f000-7fc2c0dff000 rwxp 00000000 00:00 0 
7fc2c0dff000-7fc2c80c7000 ---p 00000000 00:00 0 
7fc2c80c7000-7fc2c8337000 rwxp 00000000 00:00 0 
7fc2c8337000-7fc2cf600000 ---p 00000000 00:00 0 
7fc2cf600000-7fc2d7e0b000 r--s 00000000 08:03 1058832                    /usr/lib/jvm/java-11-openjdk-amd64/lib/modules
7fc2d7ee8000-7fc2d7ee9000 r--p 00000000 08:03 1579538                    /home/doudou/.javacpp/cache/llvm-13.0.1-1.5.7-linux-x86_64.jar/org/bytedeco/llvm/linux-x86_64/libRemarks.so.13
7fc2d7ee9000-7fc2d7eea000 r-xp 00001000 08:03 1579538                    /home/doudou/.javacpp/cache/llvm-13.0.1-1.5.7-linux-x86_64.jar/org/bytedeco/llvm/linux-x86_64/libRemarks.so.13
7fc2d7eea000-7fc2d7eeb000 r--p 00002000 08:03 1579538                    /home/doudou/.javacpp/cache/llvm-13.0.1-1.5.7-linux-x86_64.jar/org/bytedeco/llvm/linux-x86_64/libRemarks.so.13
7fc2d7eeb000-7fc2d7eec000 r--p 00002000 08:03 1579538                    /home/doudou/.javacpp/cache/llvm-13.0.1-1.5.7-linux-x86_64.jar/org/bytedeco/llvm/linux-x86_64/libRemarks.so.13
7fc2d7eec000-7fc2d7eed000 rw-p 00003000 08:03 1579538                    /home/doudou/.javacpp/cache/llvm-13.0.1-1.5.7-linux-x86_64.jar/org/bytedeco/llvm/linux-x86_64/libRemarks.so.13
7fc2d7eed000-7fc2d7ef4000 r--p 00000000 08:03 1579536                    /home/doudou/.javacpp/cache/llvm-13.0.1-1.5.7-linux-x86_64.jar/org/bytedeco/llvm/linux-x86_64/libLTO.so.13
7fc2d7ef4000-7fc2d7efc000 r-xp 00007000 08:03 1579536                    /home/doudou/.javacpp/cache/llvm-13.0.1-1.5.7-linux-x86_64.jar/org/bytedeco/llvm/linux-x86_64/libLTO.so.13
7fc2d7efc000-7fc2d7efe000 r--p 0000f000 08:03 1579536                    /home/doudou/.javacpp/cache/llvm-13.0.1-1.5.7-linux-x86_64.jar/org/bytedeco/llvm/linux-x86_64/libLTO.so.13
7fc2d7efe000-7fc2d7eff000 r--p 00010000 08:03 1579536                    /home/doudou/.javacpp/cache/llvm-13.0.1-1.5.7-linux-x86_64.jar/org/bytedeco/llvm/linux-x86_64/libLTO.so.13
7fc2d7eff000-7fc2d7f00000 rw-p 00011000 08:03 1579536                    /home/doudou/.javacpp/cache/llvm-13.0.1-1.5.7-linux-x86_64.jar/org/bytedeco/llvm/linux-x86_64/libLTO.so.13
7fc2d7f00000-7fc2d7f04000 ---p 00000000 00:00 0 
7fc2d7f04000-7fc2d8000000 rw-p 00000000 00:00 0 
7fc2d8000000-7fc2d8486000 rw-p 00000000 00:00 0 
7fc2d8486000-7fc2dc000000 ---p 00000000 00:00 0 
7fc2dc000000-7fc2dc004000 r--p 00000000 08:03 1579530                    /home/doudou/.javacpp/cache/javacpp-1.5.7-linux-x86_64.jar/org/bytedeco/javacpp/linux-x86_64/libjnijavacpp.so
7fc2dc004000-7fc2dc00b000 r-xp 00004000 08:03 1579530                    /home/doudou/.javacpp/cache/javacpp-1.5.7-linux-x86_64.jar/org/bytedeco/javacpp/linux-x86_64/libjnijavacpp.so
7fc2dc00b000-7fc2dc00f000 r--p 0000b000 08:03 1579530                    /home/doudou/.javacpp/cache/javacpp-1.5.7-linux-x86_64.jar/org/bytedeco/javacpp/linux-x86_64/libjnijavacpp.so
7fc2dc00f000-7fc2dc010000 r--p 0000e000 08:03 1579530                    /home/doudou/.javacpp/cache/javacpp-1.5.7-linux-x86_64.jar/org/bytedeco/javacpp/linux-x86_64/libjnijavacpp.so
7fc2dc010000-7fc2dc011000 rw-p 0000f000 08:03 1579530                    /home/doudou/.javacpp/cache/javacpp-1.5.7-linux-x86_64.jar/org/bytedeco/javacpp/linux-x86_64/libjnijavacpp.so
7fc2dc011000-7fc2dc015000 ---p 00000000 00:00 0 
7fc2dc015000-7fc2dc111000 rw-p 00000000 00:00 0 
7fc2dc111000-7fc2dc115000 ---p 00000000 00:00 0 
7fc2dc115000-7fc2dc211000 rw-p 00000000 00:00 0 
7fc2dc211000-7fc2dc212000 ---p 00000000 00:00 0 
7fc2dc212000-7fc2dc3ef000 rw-p 00000000 00:00 0 
7fc2dc3ef000-7fc2dc3f0000 ---p 00000000 00:00 0 
7fc2dc3f0000-7fc2dc4f1000 rw-p 00000000 00:00 0 
7fc2dc4f1000-7fc2dc4f2000 ---p 00000000 00:00 0 
7fc2dc4f2000-7fc2dc7f5000 rw-p 00000000 00:00 0 
7fc2dc7f5000-7fc2dc7f6000 ---p 00000000 00:00 0 
7fc2dc7f6000-7fc2dc8f7000 rw-p 00000000 00:00 0 
7fc2dc8f7000-7fc2dc8f8000 ---p 00000000 00:00 0 
7fc2dc8f8000-7fc2dcaf1000 rw-p 00000000 00:00 0 
7fc2dcaf1000-7fc2dd939000 ---p 00000000 00:00 0 
7fc2dd939000-7fc2dd960000 rw-p 00000000 00:00 0 
7fc2dd960000-7fc2ddb29000 ---p 00000000 00:00 0 
7fc2ddb29000-7fc2ddb49000 rw-p 00000000 00:00 0 
7fc2ddb49000-7fc2ddd12000 ---p 00000000 00:00 0 
7fc2ddd12000-7fc2ddd32000 rw-p 00000000 00:00 0 
7fc2ddd32000-7fc2ddefb000 ---p 00000000 00:00 0 
7fc2ddefb000-7fc2de0fe000 rw-p 00000000 00:00 0 
7fc2de0fe000-7fc2de0ff000 ---p 00000000 00:00 0 
7fc2de0ff000-7fc2de200000 rw-p 00000000 00:00 0 
7fc2de200000-7fc2defe7000 r--p 00000000 08:03 534858                     /usr/lib/locale/locale-archive
7fc2defe8000-7fc2defec000 r--p 00000000 08:03 1058822                    /usr/lib/jvm/java-11-openjdk-amd64/lib/libnet.so
7fc2defec000-7fc2deffa000 r-xp 00004000 08:03 1058822                    /usr/lib/jvm/java-11-openjdk-amd64/lib/libnet.so
7fc2deffa000-7fc2deffe000 r--p 00012000 08:03 1058822                    /usr/lib/jvm/java-11-openjdk-amd64/lib/libnet.so
7fc2deffe000-7fc2defff000 r--p 00015000 08:03 1058822                    /usr/lib/jvm/java-11-openjdk-amd64/lib/libnet.so
7fc2defff000-7fc2df000000 rw-p 00016000 08:03 1058822                    /usr/lib/jvm/java-11-openjdk-amd64/lib/libnet.so
7fc2df000000-7fc2df09a000 r--p 00000000 08:03 552221                     /usr/lib/x86_64-linux-gnu/libstdc++.so.6.0.30
7fc2df09a000-7fc2df1aa000 r-xp 0009a000 08:03 552221                     /usr/lib/x86_64-linux-gnu/libstdc++.so.6.0.30
7fc2df1aa000-7fc2df219000 r--p 001aa000 08:03 552221                     /usr/lib/x86_64-linux-gnu/libstdc++.so.6.0.30
7fc2df219000-7fc2df224000 r--p 00218000 08:03 552221                     /usr/lib/x86_64-linux-gnu/libstdc++.so.6.0.30
7fc2df224000-7fc2df227000 rw-p 00223000 08:03 552221                     /usr/lib/x86_64-linux-gnu/libstdc++.so.6.0.30
7fc2df227000-7fc2df22f000 rw-p 00000000 00:00 0 
7fc2df22f000-7fc2df315000 ---p 00000000 00:00 0 
7fc2df315000-7fc2df31a000 rw-p 00000000 00:00 0 
7fc2df31a000-7fc2df400000 ---p 00000000 00:00 0 
7fc2df400000-7fc2df682000 r--p 00000000 08:03 1058837                    /usr/lib/jvm/java-11-openjdk-amd64/lib/server/libjvm.so
7fc2df682000-7fc2e031e000 r-xp 00282000 08:03 1058837                    /usr/lib/jvm/java-11-openjdk-amd64/lib/server/libjvm.so
7fc2e031e000-7fc2e0579000 r--p 00f1e000 08:03 1058837                    /usr/lib/jvm/java-11-openjdk-amd64/lib/server/libjvm.so
7fc2e0579000-7fc2e057a000 ---p 01179000 08:03 1058837                    /usr/lib/jvm/java-11-openjdk-amd64/lib/server/libjvm.so
7fc2e057a000-7fc2e063e000 r--p 01179000 08:03 1058837                    /usr/lib/jvm/java-11-openjdk-amd64/lib/server/libjvm.so
7fc2e063e000-7fc2e0679000 rw-p 0123d000 08:03 1058837                    /usr/lib/jvm/java-11-openjdk-amd64/lib/server/libjvm.so
7fc2e0679000-7fc2e06d0000 rw-p 00000000 00:00 0 
7fc2e06d2000-7fc2e06d3000 r--p 00000000 08:03 551276                     /usr/lib/x86_64-linux-gnu/libdl.so.2
7fc2e06d3000-7fc2e06d4000 r-xp 00001000 08:03 551276                     /usr/lib/x86_64-linux-gnu/libdl.so.2
7fc2e06d4000-7fc2e06d5000 r--p 00002000 08:03 551276                     /usr/lib/x86_64-linux-gnu/libdl.so.2
7fc2e06d5000-7fc2e06d6000 r--p 00002000 08:03 551276                     /usr/lib/x86_64-linux-gnu/libdl.so.2
7fc2e06d6000-7fc2e06d7000 rw-p 00003000 08:03 551276                     /usr/lib/x86_64-linux-gnu/libdl.so.2
7fc2e06d7000-7fc2e06d8000 r--p 00000000 08:03 552054                     /usr/lib/x86_64-linux-gnu/libpthread.so.0
7fc2e06d8000-7fc2e06d9000 r-xp 00001000 08:03 552054                     /usr/lib/x86_64-linux-gnu/libpthread.so.0
7fc2e06d9000-7fc2e06da000 r--p 00002000 08:03 552054                     /usr/lib/x86_64-linux-gnu/libpthread.so.0
7fc2e06da000-7fc2e06db000 r--p 00002000 08:03 552054                     /usr/lib/x86_64-linux-gnu/libpthread.so.0
7fc2e06db000-7fc2e06dc000 rw-p 00003000 08:03 552054                     /usr/lib/x86_64-linux-gnu/libpthread.so.0
7fc2e06dc000-7fc2e06e3000 r--p 00000000 08:03 1058823                    /usr/lib/jvm/java-11-openjdk-amd64/lib/libnio.so
7fc2e06e3000-7fc2e06eb000 r-xp 00007000 08:03 1058823                    /usr/lib/jvm/java-11-openjdk-amd64/lib/libnio.so
7fc2e06eb000-7fc2e06ee000 r--p 0000f000 08:03 1058823                    /usr/lib/jvm/java-11-openjdk-amd64/lib/libnio.so
7fc2e06ee000-7fc2e06ef000 r--p 00011000 08:03 1058823                    /usr/lib/jvm/java-11-openjdk-amd64/lib/libnio.so
7fc2e06ef000-7fc2e06f0000 rw-p 00012000 08:03 1058823                    /usr/lib/jvm/java-11-openjdk-amd64/lib/libnio.so
7fc2e06f0000-7fc2e06f2000 r--p 00000000 08:03 1058803                    /usr/lib/jvm/java-11-openjdk-amd64/lib/libdt_socket.so
7fc2e06f2000-7fc2e06f5000 r-xp 00002000 08:03 1058803                    /usr/lib/jvm/java-11-openjdk-amd64/lib/libdt_socket.so
7fc2e06f5000-7fc2e06f6000 r--p 00005000 08:03 1058803                    /usr/lib/jvm/java-11-openjdk-amd64/lib/libdt_socket.so
7fc2e06f6000-7fc2e06f7000 ---p 00006000 08:03 1058803                    /usr/lib/jvm/java-11-openjdk-amd64/lib/libdt_socket.so
7fc2e06f7000-7fc2e06f8000 r--p 00006000 08:03 1058803                    /usr/lib/jvm/java-11-openjdk-amd64/lib/libdt_socket.so
7fc2e06f8000-7fc2e06f9000 rw-p 00007000 08:03 1058803                    /usr/lib/jvm/java-11-openjdk-amd64/lib/libdt_socket.so
7fc2e06f9000-7fc2e0700000 r--s 00000000 08:03 553557                     /usr/lib/x86_64-linux-gnu/gconv/gconv-modules.cache
7fc2e0700000-7fc2e0704000 ---p 00000000 00:00 0 
7fc2e0704000-7fc2e0800000 rw-p 00000000 00:00 0 
7fc2e0800000-7fc2e0828000 r--p 00000000 08:03 551134                     /usr/lib/x86_64-linux-gnu/libc.so.6
7fc2e0828000-7fc2e09bd000 r-xp 00028000 08:03 551134                     /usr/lib/x86_64-linux-gnu/libc.so.6
7fc2e09bd000-7fc2e0a15000 r--p 001bd000 08:03 551134                     /usr/lib/x86_64-linux-gnu/libc.so.6
7fc2e0a15000-7fc2e0a19000 r--p 00214000 08:03 551134                     /usr/lib/x86_64-linux-gnu/libc.so.6
7fc2e0a19000-7fc2e0a1b000 rw-p 00218000 08:03 551134                     /usr/lib/x86_64-linux-gnu/libc.so.6
7fc2e0a1b000-7fc2e0a28000 rw-p 00000000 00:00 0 
7fc2e0a2c000-7fc2e0a52000 rw-p 00000000 00:00 0 
7fc2e0a52000-7fc2e0a59000 ---p 00000000 00:00 0 
7fc2e0a59000-7fc2e0a5f000 r--s 000f8000 07:0c 1466                       /snap/intellij-idea-ultimate/437/plugins/java/lib/rt/debugger-agent.jar
7fc2e0a5f000-7fc2e0a61000 r--p 00000000 08:03 1058831                    /usr/lib/jvm/java-11-openjdk-amd64/lib/libzip.so
7fc2e0a61000-7fc2e0a66000 r-xp 00002000 08:03 1058831                    /usr/lib/jvm/java-11-openjdk-amd64/lib/libzip.so
7fc2e0a66000-7fc2e0a68000 r--p 00007000 08:03 1058831                    /usr/lib/jvm/java-11-openjdk-amd64/lib/libzip.so
7fc2e0a68000-7fc2e0a69000 r--p 00008000 08:03 1058831                    /usr/lib/jvm/java-11-openjdk-amd64/lib/libzip.so
7fc2e0a69000-7fc2e0a6a000 rw-p 00009000 08:03 1058831                    /usr/lib/jvm/java-11-openjdk-amd64/lib/libzip.so
7fc2e0a6a000-7fc2e0a72000 rw-s 00000000 08:03 262226                     /tmp/hsperfdata_doudou/15881
7fc2e0a72000-7fc2e0a74000 r--p 00000000 08:03 1058806                    /usr/lib/jvm/java-11-openjdk-amd64/lib/libinstrument.so
7fc2e0a74000-7fc2e0a7b000 r-xp 00002000 08:03 1058806                    /usr/lib/jvm/java-11-openjdk-amd64/lib/libinstrument.so
7fc2e0a7b000-7fc2e0a7e000 r--p 00009000 08:03 1058806                    /usr/lib/jvm/java-11-openjdk-amd64/lib/libinstrument.so
7fc2e0a7e000-7fc2e0a7f000 r--p 0000b000 08:03 1058806                    /usr/lib/jvm/java-11-openjdk-amd64/lib/libinstrument.so
7fc2e0a7f000-7fc2e0a80000 rw-p 0000c000 08:03 1058806                    /usr/lib/jvm/java-11-openjdk-amd64/lib/libinstrument.so
7fc2e0a80000-7fc2e0a82000 r--p 00000000 08:03 1058813                    /usr/lib/jvm/java-11-openjdk-amd64/lib/libjdwp.so
7fc2e0a82000-7fc2e0aae000 r-xp 00002000 08:03 1058813                    /usr/lib/jvm/java-11-openjdk-amd64/lib/libjdwp.so
7fc2e0aae000-7fc2e0abc000 r--p 0002e000 08:03 1058813                    /usr/lib/jvm/java-11-openjdk-amd64/lib/libjdwp.so
7fc2e0abc000-7fc2e0abd000 r--p 0003b000 08:03 1058813                    /usr/lib/jvm/java-11-openjdk-amd64/lib/libjdwp.so
7fc2e0abd000-7fc2e0abe000 rw-p 0003c000 08:03 1058813                    /usr/lib/jvm/java-11-openjdk-amd64/lib/libjdwp.so
7fc2e0abe000-7fc2e0acc000 r--p 00000000 08:03 1058811                    /usr/lib/jvm/java-11-openjdk-amd64/lib/libjava.so
7fc2e0acc000-7fc2e0ae2000 r-xp 0000e000 08:03 1058811                    /usr/lib/jvm/java-11-openjdk-amd64/lib/libjava.so
7fc2e0ae2000-7fc2e0ae9000 r--p 00024000 08:03 1058811                    /usr/lib/jvm/java-11-openjdk-amd64/lib/libjava.so
7fc2e0ae9000-7fc2e0aea000 r--p 0002a000 08:03 1058811                    /usr/lib/jvm/java-11-openjdk-amd64/lib/libjava.so
7fc2e0aea000-7fc2e0aeb000 rw-p 0002b000 08:03 1058811                    /usr/lib/jvm/java-11-openjdk-amd64/lib/libjava.so
7fc2e0aeb000-7fc2e0aec000 rw-p 00000000 00:00 0 
7fc2e0aec000-7fc2e0af1000 r--p 00000000 08:03 1058830                    /usr/lib/jvm/java-11-openjdk-amd64/lib/libverify.so
7fc2e0af1000-7fc2e0af8000 r-xp 00005000 08:03 1058830                    /usr/lib/jvm/java-11-openjdk-amd64/lib/libverify.so
7fc2e0af8000-7fc2e0afa000 r--p 0000c000 08:03 1058830                    /usr/lib/jvm/java-11-openjdk-amd64/lib/libverify.so
7fc2e0afa000-7fc2e0afc000 r--p 0000d000 08:03 1058830                    /usr/lib/jvm/java-11-openjdk-amd64/lib/libverify.so
7fc2e0afc000-7fc2e0afd000 rw-p 0000f000 08:03 1058830                    /usr/lib/jvm/java-11-openjdk-amd64/lib/libverify.so
7fc2e0afd000-7fc2e0afe000 r--p 00000000 08:03 552110                     /usr/lib/x86_64-linux-gnu/librt.so.1
7fc2e0afe000-7fc2e0aff000 r-xp 00001000 08:03 552110                     /usr/lib/x86_64-linux-gnu/librt.so.1
7fc2e0aff000-7fc2e0b00000 r--p 00002000 08:03 552110                     /usr/lib/x86_64-linux-gnu/librt.so.1
7fc2e0b00000-7fc2e0b01000 r--p 00002000 08:03 552110                     /usr/lib/x86_64-linux-gnu/librt.so.1
7fc2e0b01000-7fc2e0b02000 rw-p 00003000 08:03 552110                     /usr/lib/x86_64-linux-gnu/librt.so.1
7fc2e0b02000-7fc2e0b05000 r--p 00000000 08:03 551433                     /usr/lib/x86_64-linux-gnu/libgcc_s.so.1
7fc2e0b05000-7fc2e0b1c000 r-xp 00003000 08:03 551433                     /usr/lib/x86_64-linux-gnu/libgcc_s.so.1
7fc2e0b1c000-7fc2e0b20000 r--p 0001a000 08:03 551433                     /usr/lib/x86_64-linux-gnu/libgcc_s.so.1
7fc2e0b20000-7fc2e0b21000 r--p 0001d000 08:03 551433                     /usr/lib/x86_64-linux-gnu/libgcc_s.so.1
7fc2e0b21000-7fc2e0b22000 rw-p 0001e000 08:03 551433                     /usr/lib/x86_64-linux-gnu/libgcc_s.so.1
7fc2e0b22000-7fc2e0b30000 r--p 00000000 08:03 551785                     /usr/lib/x86_64-linux-gnu/libm.so.6
7fc2e0b30000-7fc2e0bac000 r-xp 0000e000 08:03 551785                     /usr/lib/x86_64-linux-gnu/libm.so.6
7fc2e0bac000-7fc2e0c07000 r--p 0008a000 08:03 551785                     /usr/lib/x86_64-linux-gnu/libm.so.6
7fc2e0c07000-7fc2e0c08000 r--p 000e4000 08:03 551785                     /usr/lib/x86_64-linux-gnu/libm.so.6
7fc2e0c08000-7fc2e0c09000 rw-p 000e5000 08:03 551785                     /usr/lib/x86_64-linux-gnu/libm.so.6
7fc2e0c09000-7fc2e0c0b000 rw-p 00000000 00:00 0 
7fc2e0c0b000-7fc2e0c0d000 r--p 00000000 08:03 552488                     /usr/lib/x86_64-linux-gnu/libz.so.1.2.11
7fc2e0c0d000-7fc2e0c1e000 r-xp 00002000 08:03 552488                     /usr/lib/x86_64-linux-gnu/libz.so.1.2.11
7fc2e0c1e000-7fc2e0c24000 r--p 00013000 08:03 552488                     /usr/lib/x86_64-linux-gnu/libz.so.1.2.11
7fc2e0c24000-7fc2e0c25000 ---p 00019000 08:03 552488                     /usr/lib/x86_64-linux-gnu/libz.so.1.2.11
7fc2e0c25000-7fc2e0c26000 r--p 00019000 08:03 552488                     /usr/lib/x86_64-linux-gnu/libz.so.1.2.11
7fc2e0c26000-7fc2e0c27000 rw-p 0001a000 08:03 552488                     /usr/lib/x86_64-linux-gnu/libz.so.1.2.11
7fc2e0c2b000-7fc2e0c2c000 ---p 00000000 00:00 0 
7fc2e0c2c000-7fc2e0c2d000 r--p 00000000 00:00 0 
7fc2e0c2d000-7fc2e0c2f000 r--p 00000000 08:03 1058814                    /usr/lib/jvm/java-11-openjdk-amd64/lib/libjimage.so
7fc2e0c2f000-7fc2e0c32000 r-xp 00002000 08:03 1058814                    /usr/lib/jvm/java-11-openjdk-amd64/lib/libjimage.so
7fc2e0c32000-7fc2e0c33000 r--p 00005000 08:03 1058814                    /usr/lib/jvm/java-11-openjdk-amd64/lib/libjimage.so
7fc2e0c33000-7fc2e0c34000 ---p 00006000 08:03 1058814                    /usr/lib/jvm/java-11-openjdk-amd64/lib/libjimage.so
7fc2e0c34000-7fc2e0c35000 r--p 00006000 08:03 1058814                    /usr/lib/jvm/java-11-openjdk-amd64/lib/libjimage.so
7fc2e0c35000-7fc2e0c36000 rw-p 00007000 08:03 1058814                    /usr/lib/jvm/java-11-openjdk-amd64/lib/libjimage.so
7fc2e0c36000-7fc2e0c39000 r--p 00000000 08:03 1058796                    /usr/lib/jvm/java-11-openjdk-amd64/lib/jli/libjli.so
7fc2e0c39000-7fc2e0c43000 r-xp 00003000 08:03 1058796                    /usr/lib/jvm/java-11-openjdk-amd64/lib/jli/libjli.so
7fc2e0c43000-7fc2e0c46000 r--p 0000d000 08:03 1058796                    /usr/lib/jvm/java-11-openjdk-amd64/lib/jli/libjli.so
7fc2e0c46000-7fc2e0c47000 ---p 00010000 08:03 1058796                    /usr/lib/jvm/java-11-openjdk-amd64/lib/jli/libjli.so
7fc2e0c47000-7fc2e0c48000 r--p 00010000 08:03 1058796                    /usr/lib/jvm/java-11-openjdk-amd64/lib/jli/libjli.so
7fc2e0c48000-7fc2e0c49000 rw-p 00011000 08:03 1058796                    /usr/lib/jvm/java-11-openjdk-amd64/lib/jli/libjli.so
7fc2e0c49000-7fc2e0c4b000 rw-p 00000000 00:00 0 
7fc2e0c4b000-7fc2e0c4d000 r--p 00000000 08:03 550792                     /usr/lib/x86_64-linux-gnu/ld-linux-x86-64.so.2
7fc2e0c4d000-7fc2e0c77000 r-xp 00002000 08:03 550792                     /usr/lib/x86_64-linux-gnu/ld-linux-x86-64.so.2
7fc2e0c77000-7fc2e0c82000 r--p 0002c000 08:03 550792                     /usr/lib/x86_64-linux-gnu/ld-linux-x86-64.so.2
7fc2e0c83000-7fc2e0c85000 r--p 00037000 08:03 550792                     /usr/lib/x86_64-linux-gnu/ld-linux-x86-64.so.2
7fc2e0c85000-7fc2e0c87000 rw-p 00039000 08:03 550792                     /usr/lib/x86_64-linux-gnu/ld-linux-x86-64.so.2
7fff7a92a000-7fff7a94b000 rw-p 00000000 00:00 0                          [stack]
7fff7a958000-7fff7a95c000 r--p 00000000 00:00 0                          [vvar]
7fff7a95c000-7fff7a95e000 r-xp 00000000 00:00 0                          [vdso]
ffffffffff600000-ffffffffff601000 --xp 00000000 00:00 0                  [vsyscall]


VM Arguments:
jvm_args: -agentlib:jdwp=transport=dt_socket,address=127.0.0.1:47895,suspend=y,server=n -javaagent:/snap/intellij-idea-ultimate/437/plugins/java/lib/rt/debugger-agent.jar -Dfile.encoding=UTF-8 
java_command: Main /home/doudou/lab/Lab/tests/test1.sysy /home/doudou/lab/Lab/tests/out.txt
java_class_path (initial): /home/doudou/lab/Lab/out/production/Lab:/usr/local/lib/antlr-4.9.1-complete.jar:/usr/local/lib/javacpp-1.5.7-linux-x86_64.jar:/usr/local/lib/javacpp-1.5.7.jar:/usr/local/lib/llvm-13.0.1-1.5.7-linux-x86_64.jar:/usr/local/lib/llvm-13.0.1-1.5.7.jar:/usr/local/lib/llvm-platform-13.0.1-1.5.7.jar:/snap/intellij-idea-ultimate/437/lib/idea_rt.jar
Launcher Type: SUN_STANDARD

[Global flags]
     intx CICompilerCount                          = 2                                         {product} {ergonomic}
     uint ConcGCThreads                            = 1                                         {product} {ergonomic}
     uint G1ConcRefinementThreads                  = 2                                         {product} {ergonomic}
   size_t G1HeapRegionSize                         = 1048576                                   {product} {ergonomic}
    uintx GCDrainStackTargetSize                   = 64                                        {product} {ergonomic}
   size_t InitialHeapSize                          = 65011712                                  {product} {ergonomic}
   size_t MarkStackSize                            = 4194304                                   {product} {ergonomic}
   size_t MaxHeapSize                              = 1025507328                                {product} {ergonomic}
   size_t MaxNewSize                               = 614465536                                 {product} {ergonomic}
   size_t MinHeapDeltaBytes                        = 1048576                                   {product} {ergonomic}
    uintx NonNMethodCodeHeapSize                   = 5825164                                {pd product} {ergonomic}
    uintx NonProfiledCodeHeapSize                  = 122916538                              {pd product} {ergonomic}
    uintx ProfiledCodeHeapSize                     = 122916538                              {pd product} {ergonomic}
    uintx ReservedCodeCacheSize                    = 251658240                              {pd product} {ergonomic}
     bool SegmentedCodeCache                       = true                                      {product} {ergonomic}
     bool UseCompressedClassPointers               = true                                 {lp64_product} {ergonomic}
     bool UseCompressedOops                        = true                                 {lp64_product} {ergonomic}
     bool UseG1GC                                  = true                                      {product} {ergonomic}

Logging:
Log output configuration:
 #0: stdout all=warning uptime,level,tags
 #1: stderr all=off uptime,level,tags

Environment Variables:
PATH=/usr/local/sbin:/usr/local/bin:/usr/sbin:/usr/bin:/sbin:/bin:/usr/games:/usr/local/games:/snap/bin:/snap/bin
USERNAME=doudou
SHELL=/bin/bash
DISPLAY=:0
LANG=en_US.UTF-8
LC_NUMERIC=zh_CN.UTF-8
LC_TIME=zh_CN.UTF-8

Signal Handlers:
SIGSEGV: [libjvm.so+0xeabd80], sa_mask[0]=11111111011111111101111111111110, sa_flags=SA_RESTART|SA_SIGINFO
SIGBUS: [libjvm.so+0xeabd80], sa_mask[0]=11111111011111111101111111111110, sa_flags=SA_RESTART|SA_SIGINFO
SIGFPE: [libjvm.so+0xeabd80], sa_mask[0]=11111111011111111101111111111110, sa_flags=SA_RESTART|SA_SIGINFO
SIGPIPE: [libjvm.so+0xbee610], sa_mask[0]=11111111011111111101111111111110, sa_flags=SA_RESTART|SA_SIGINFO
SIGXFSZ: [libjvm.so+0xbee610], sa_mask[0]=11111111011111111101111111111110, sa_flags=SA_RESTART|SA_SIGINFO
SIGILL: [libjvm.so+0xeabd80], sa_mask[0]=11111111011111111101111111111110, sa_flags=SA_RESTART|SA_SIGINFO
SIGUSR2: [libjvm.so+0xbee4b0], sa_mask[0]=00100000000000000000000000000000, sa_flags=SA_RESTART|SA_SIGINFO
SIGHUP: [libjvm.so+0xbeec50], sa_mask[0]=11111111011111111101111111111110, sa_flags=SA_RESTART|SA_SIGINFO
SIGINT: [libjvm.so+0xbeec50], sa_mask[0]=11111111011111111101111111111110, sa_flags=SA_RESTART|SA_SIGINFO
SIGTERM: [libjvm.so+0xbeec50], sa_mask[0]=11111111011111111101111111111110, sa_flags=SA_RESTART|SA_SIGINFO
SIGQUIT: [libjvm.so+0xbeec50], sa_mask[0]=11111111011111111101111111111110, sa_flags=SA_RESTART|SA_SIGINFO


---------------  S Y S T E M  ---------------

OS:DISTRIB_ID=Ubuntu
DISTRIB_RELEASE=22.04
DISTRIB_CODENAME=jammy
DISTRIB_DESCRIPTION="Ubuntu 22.04.2 LTS"
uname:Linux 5.19.0-45-generic #46~22.04.1-Ubuntu SMP PREEMPT_DYNAMIC Wed Jun 7 15:06:04 UTC 20 x86_64
OS uptime: 0 days 12:34 hours
libc:glibc 2.35 NPTL 2.35 
rlimit (soft/hard): STACK 8192k/infinity , CORE 0k/infinity , NPROC 15333/15333 , NOFILE 1048576/1048576 , AS infinity/infinity , CPU infinity/infinity , DATA infinity/infinity , FSIZE infinity/infinity , MEMLOCK 500652k/500652k
load average:1.25 1.73 1.31

/proc/meminfo:
MemTotal:        4005236 kB
MemFree:          137840 kB
MemAvailable:     263144 kB
Buffers:            7808 kB
Cached:           296984 kB
SwapCached:        75256 kB
Active:          2019196 kB
Inactive:         664980 kB
Active(anon):    1831196 kB
Inactive(anon):   558740 kB
Active(file):     188000 kB
Inactive(file):   106240 kB
Unevictable:           0 kB
Mlocked:               0 kB
SwapTotal:       3512316 kB
SwapFree:        2018656 kB
Zswap:                 0 kB
Zswapped:              0 kB
Dirty:               224 kB
Writeback:             0 kB
AnonPages:       2357304 kB
Mapped:           147428 kB
Shmem:             11640 kB
KReclaimable:      71324 kB
Slab:             225752 kB
SReclaimable:      71324 kB
SUnreclaim:       154428 kB
KernelStack:       11024 kB
PageTables:        26604 kB
NFS_Unstable:          0 kB
Bounce:                0 kB
WritebackTmp:          0 kB
CommitLimit:     5514932 kB
Committed_AS:    6119036 kB
VmallocTotal:   34359738367 kB
VmallocUsed:       46376 kB
VmallocChunk:          0 kB
Percpu:             2216 kB
HardwareCorrupted:     0 kB
AnonHugePages:         0 kB
ShmemHugePages:        0 kB
ShmemPmdMapped:        0 kB
FileHugePages:         0 kB
FilePmdMapped:         0 kB
HugePages_Total:       0
HugePages_Free:        0
HugePages_Rsvd:        0
HugePages_Surp:        0
Hugepagesize:       2048 kB
Hugetlb:               0 kB
DirectMap4k:      202560 kB
DirectMap2M:     3991552 kB
DirectMap1G:     2097152 kB

/sys/kernel/mm/transparent_hugepage/enabled:
always [madvise] never
/sys/kernel/mm/transparent_hugepage/defrag (defrag/compaction efforts parameter):
always defer defer+madvise [madvise] never

Process Memory:
Virtual Size: 3687364K (peak: 12399120K)
Resident Set Size: 93436K (peak: 93436K) (anon: 36356K, file: 57080K, shmem: 0K)
Swapped out: 0K
C-Heap outstanding allocations: 9609K, retained: 8086K
glibc malloc tunables: (default)

/proc/sys/kernel/threads-max (system-wide limit on the number of threads):
30667
/proc/sys/vm/max_map_count (maximum number of memory map areas a process may have):
65530
/proc/sys/kernel/pid_max (system-wide limit on number of process identifiers):
4194304

container (cgroup) information:
container_type: cgroupv2
cpu_cpuset_cpus: not supported
cpu_memory_nodes: not supported
active_processor_count: 2
cpu_quota: not supported
cpu_period: not supported
cpu_shares: not supported
memory_limit_in_bytes: unlimited
memory_and_swap_limit_in_bytes: unlimited
memory_soft_limit_in_bytes: unlimited
memory_usage_in_bytes: 2207908 k
memory_max_usage_in_bytes: not supported
memory_swap_current_in_bytes: 812580 k
memory_swap_max_limit_in_bytes: unlimited
maximum number of tasks: 4600
current number of tasks: 153

VMWare virtualization detected
Steal ticks since vm start: 0
Steal ticks percentage since vm start:  0.000

CPU:total 2 (initial active 2) (1 cores per cpu, 1 threads per core) family 6 model 140 stepping 1 microcode 0xffffffff, cmov, cx8, fxsr, mmx, sse, sse2, sse3, ssse3, sse4.1, sse4.2, popcnt, avx, avx2, aes, clmul, erms, 3dnowpref, lzcnt, tsc, tscinvbit, bmi1, bmi2, adx, evex, sha, fma
CPU Model and flags from /proc/cpuinfo:
model name	: 11th Gen Intel(R) Core(TM) i7-1165G7 @ 2.80GHz
flags		: fpu vme de pse tsc msr pae mce cx8 apic sep mtrr pge mca cmov pat pse36 clflush mmx fxsr sse sse2 ss syscall nx pdpe1gb rdtscp lm constant_tsc arch_perfmon rep_good nopl xtopology tsc_reliable nonstop_tsc cpuid tsc_known_freq pni pclmulqdq ssse3 fma cx16 pcid sse4_1 sse4_2 x2apic movbe popcnt tsc_deadline_timer aes xsave avx f16c rdrand hypervisor lahf_lm abm 3dnowprefetch invpcid_single pti ssbd ibrs ibpb stibp fsgsbase tsc_adjust bmi1 avx2 smep bmi2 erms invpcid avx512f avx512dq rdseed adx smap avx512ifma clflushopt clwb avx512cd sha_ni avx512bw avx512vl xsaveopt xsavec xgetbv1 xsaves arat avx512vbmi umip avx512_vbmi2 gfni vaes vpclmulqdq avx512_vnni avx512_bitalg avx512_vpopcntdq rdpid fsrm avx512_vp2intersect flush_l1d arch_capabilities
Online cpus:
0-1
Offline cpus:

BIOS frequency limitation:
<Not Available>
Frequency switch latency (ns):
<Not Available>
Available cpu frequencies:
<Not Available>
Current governor:
<Not Available>
Core performance/turbo boost:
<Not Available>

Memory: 4k page, physical 4005236k(137840k free), swap 3512316k(2018656k free)

vm_info: OpenJDK 64-Bit Server VM (11.0.19+7-post-Ubuntu-0ubuntu122.04.1) for linux-amd64 JRE (11.0.19+7-post-Ubuntu-0ubuntu122.04.1), built on May 10 2023 00:54:00 by "unknown" with gcc 11.3.0

END.
