#
# A fatal error has been detected by the Java Runtime Environment:
#
#  SIGSEGV (0xb) at pc=0x00007f4c09fede80, pid=35768, tid=35770
#
# JRE version: OpenJDK Runtime Environment (11.0.19+7) (build 11.0.19+7-post-Ubuntu-0ubuntu122.04.1)
# Java VM: OpenJDK 64-Bit Server VM (11.0.19+7-post-Ubuntu-0ubuntu122.04.1, mixed mode, sharing, tiered, compressed oops, g1 gc, linux-amd64)
# Problematic frame:
# C  [libLLVM-13.so+0xbede80]  llvm::BasicBlock::getModule() const+0x0
#
# Core dump will be written. Default location: Core dumps may be processed with "/usr/share/apport/apport -p%p -s%s -c%c -d%d -P%P -u%u -g%g -- %E" (or dumping to /home/doudou/lab/Lab/core.35768)
#
# If you would like to submit a bug report, please visit:
#   https://bugs.launchpad.net/ubuntu/+source/openjdk-lts
# The crash happened outside the Java Virtual Machine in native code.
# See problematic frame for where to report the bug.
#

---------------  S U M M A R Y ------------

Command Line: -javaagent:/snap/intellij-idea-ultimate/437/lib/idea_rt.jar=46231:/snap/intellij-idea-ultimate/437/bin -Dfile.encoding=UTF-8 Main /home/doudou/lab/Lab/tests/test1.sysy /home/doudou/lab/Lab/tests/out.txt

Host: 11th Gen Intel(R) Core(TM) i7-1165G7 @ 2.80GHz, 2 cores, 3G, Ubuntu 22.04.2 LTS
Time: Wed Jun 28 17:54:54 2023 CST elapsed time: 2.019474 seconds (0d 0h 0m 2s)

---------------  T H R E A D  ---------------

Current thread (0x00007f4c64016800):  JavaThread "main" [_thread_in_native, id=35770, stack(0x00007f4c6b700000,0x00007f4c6b800000)]

Stack: [0x00007f4c6b700000,0x00007f4c6b800000],  sp=0x00007f4c6b7fe3c8,  free space=1016k
Native frames: (J=compiled Java code, A=aot compiled Java code, j=interpreted, Vv=VM code, C=native code)
C  [libLLVM-13.so+0xbede80]  llvm::BasicBlock::getModule() const+0x0

Java frames: (J=compiled Java code, j=interpreted, Vv=VM code)
j  org.bytedeco.llvm.global.LLVM.LLVMBuildStore(Lorg/bytedeco/llvm/LLVM/LLVMBuilderRef;Lorg/bytedeco/llvm/LLVM/LLVMValueRef;Lorg/bytedeco/llvm/LLVM/LLVMValueRef;)Lorg/bytedeco/llvm/LLVM/LLVMValueRef;+0
j  SysYLlvmVisitor.visitCompUnit(LSysYParser$CompUnitContext;)Lorg/bytedeco/llvm/LLVM/LLVMValueRef;+1005
j  SysYLlvmVisitor.visitCompUnit(LSysYParser$CompUnitContext;)Ljava/lang/Object;+2
j  SysYParser$CompUnitContext.accept(Lorg/antlr/v4/runtime/tree/ParseTreeVisitor;)Ljava/lang/Object;+12
j  org.antlr.v4.runtime.tree.AbstractParseTreeVisitor.visitChildren(Lorg/antlr/v4/runtime/tree/RuleNode;)Ljava/lang/Object;+46
j  SysYParserBaseVisitor.visitProgram(LSysYParser$ProgramContext;)Ljava/lang/Object;+2
j  SysYParser$ProgramContext.accept(Lorg/antlr/v4/runtime/tree/ParseTreeVisitor;)Ljava/lang/Object;+12
j  org.antlr.v4.runtime.tree.AbstractParseTreeVisitor.visit(Lorg/antlr/v4/runtime/tree/ParseTree;)Ljava/lang/Object;+2
j  Main.main([Ljava/lang/String;)V+210
v  ~StubRoutines::call_stub

siginfo: si_signo: 11 (SIGSEGV), si_code: 1 (SEGV_MAPERR), si_addr: 0x0000000000000038

Register to memory mapping:

RAX=0x00007f4c6434a5e0 points into unknown readable memory: 0x00007f4c643a3050 | 50 30 3a 64 4c 7f 00 00
RBX=0x00007f4c6b7fe508 is pointing into the stack for thread: 0x00007f4c64016800
RCX=0x00007f4c6b7fe508 is pointing into the stack for thread: 0x00007f4c64016800
RDX=0x00007f4c6434a5e0 points into unknown readable memory: 0x00007f4c643a3050 | 50 30 3a 64 4c 7f 00 00
RSP=0x00007f4c6b7fe3c8 is pointing into the stack for thread: 0x00007f4c64016800
RBP=0x00007f4c6434a460 points into unknown readable memory: 0x00007f4c6434a470 | 70 a4 34 64 4c 7f 00 00
RSI=0x00007f4c643a2840 points into unknown readable memory: 0x00007f4c643a1268 | 68 12 3a 64 4c 7f 00 00
RDI=0x0 is NULL
R8 =0x00007f4c6b7fe500 is pointing into the stack for thread: 0x00007f4c64016800
R9 =0x00000000c6b00800 is an oop: org.bytedeco.llvm.LLVM.LLVMValueRef 
{0x00000000c6b00800} - klass: 'org/bytedeco/llvm/LLVM/LLVMValueRef'
 - ---- fields (total size 6 words):
 - private 'deallocator' 'Lorg/bytedeco/javacpp/Pointer$Deallocator;' @12  NULL (0)
 - protected 'address' 'J' @16  139966075413984 (6434a5e0 7f4c)
 - protected 'position' 'J' @24  0 (0 0)
 - protected 'limit' 'J' @32  0 (0 0)
 - protected 'capacity' 'J' @40  0 (0 0)
R10=0x00007f4c09447f80: <offset 0x0000000000047f80> in /home/doudou/.javacpp/cache/llvm-13.0.1-1.5.7-linux-x86_64.jar/org/bytedeco/llvm/linux-x86_64/libLLVM-13.so at 0x00007f4c09400000
R11=0x00007f4c0a02ca40: LLVMBuildStore+0x0000000000000000 in /home/doudou/.javacpp/cache/llvm-13.0.1-1.5.7-linux-x86_64.jar/org/bytedeco/llvm/linux-x86_64/libLLVM-13.so at 0x00007f4c09400000
R12=0x00007f4c6434a460 points into unknown readable memory: 0x00007f4c6434a470 | 70 a4 34 64 4c 7f 00 00
R13=0x00007f4c643a2840 points into unknown readable memory: 0x00007f4c643a1268 | 68 12 3a 64 4c 7f 00 00
R14=0x00007f4c6434a5e0 points into unknown readable memory: 0x00007f4c643a3050 | 50 30 3a 64 4c 7f 00 00
R15=0x00007f4c6434a5e0 points into unknown readable memory: 0x00007f4c643a3050 | 50 30 3a 64 4c 7f 00 00


Registers:
RAX=0x00007f4c6434a5e0, RBX=0x00007f4c6b7fe508, RCX=0x00007f4c6b7fe508, RDX=0x00007f4c6434a5e0
RSP=0x00007f4c6b7fe3c8, RBP=0x00007f4c6434a460, RSI=0x00007f4c643a2840, RDI=0x0000000000000000
R8 =0x00007f4c6b7fe500, R9 =0x00000000c6b00800, R10=0x00007f4c09447f80, R11=0x00007f4c0a02ca40
R12=0x00007f4c6434a460, R13=0x00007f4c643a2840, R14=0x00007f4c6434a5e0, R15=0x00007f4c6434a5e0
RIP=0x00007f4c09fede80, EFLAGS=0x0000000000010202, CSGSFS=0x002b000000000033, ERR=0x0000000000000004
  TRAPNO=0x000000000000000e

Top of Stack: (sp=0x00007f4c6b7fe3c8)
0x00007f4c6b7fe3c8:   00007f4c0a02ca5e 0000000000000000
0x00007f4c6b7fe3d8:   0000000000000000 0000000000000000
0x00007f4c6b7fe3e8:   0000000000000000 0000000000000000
0x00007f4c6b7fe3f8:   0000000000000000 00007f4c6b7fe508 

Instructions: (pc=0x00007f4c09fede80)
0x00007f4c09fedd80:   ff 66 0f ef c0 48 89 02 48 89 50 08 41 0f 11 45
0x00007f4c09fedd90:   00 e8 5a 4b 17 00 4c 39 f3 75 c5 4d 8b 6c 24 30
0x00007f4c09fedda0:   4c 39 ed 74 3b 0f 1f 00 4c 89 eb 48 89 ef 4d 8b
0x00007f4c09feddb0:   6d 08 4c 8d 73 e8 4c 89 f6 e8 42 fd ff ff 48 8b
0x00007f4c09feddc0:   03 48 8b 53 08 66 0f ef c9 4c 89 f7 48 89 02 48
0x00007f4c09feddd0:   89 50 08 0f 11 0b e8 15 4b 17 00 4c 39 ed 75 c8
0x00007f4c09fedde0:   48 83 c4 08 4c 89 e7 5b 5d 41 5c 41 5d 41 5e 41
0x00007f4c09feddf0:   5f e9 fa 48 17 00 66 2e 0f 1f 84 00 00 00 00 00
0x00007f4c09fede00:   48 8d 4b e8 48 89 c8 48 29 d0 e9 11 ff ff ff 90
0x00007f4c09fede10:   48 8b 07 48 8b 38 e8 45 13 16 00 31 d2 be 01 00
0x00007f4c09fede20:   00 00 48 89 c7 e8 b6 2a 02 00 48 89 c3 49 8b 44
0x00007f4c09fede30:   24 08 48 85 c0 0f 84 a2 fe ff ff 0f 1f 44 00 00
0x00007f4c09fede40:   48 8b 68 18 31 d2 48 89 df 48 8b 75 00 e8 ae bc
0x00007f4c09fede50:   02 00 48 89 ef 48 89 c6 e8 63 65 17 00 48 89 ef
0x00007f4c09fede60:   e8 4b 81 02 00 49 8b 44 24 08 48 85 c0 75 d1 e9
0x00007f4c09fede70:   69 fe ff ff 66 2e 0f 1f 84 00 00 00 00 00 66 90
0x00007f4c09fede80:   48 8b 47 38 48 8b 40 28 c3 0f 1f 80 00 00 00 00
0x00007f4c09fede90:   48 8b 47 28 48 83 c7 28 48 39 f8 74 2b 48 85 c0
0x00007f4c09fedea0:   0f 84 9e 9d d3 ff 4c 8d 40 e8 0f b6 40 f8 83 e8
0x00007f4c09fedeb0:   1b 83 f8 0b b8 00 00 00 00 4c 0f 43 c0 4c 89 c0
0x00007f4c09fedec0:   c3 0f 1f 80 00 00 00 00 45 31 c0 eb f0 0f 1f 00
0x00007f4c09feded0:   48 8b 47 28 48 8d 57 28 48 39 d0 0f 84 af 00 00
0x00007f4c09fedee0:   00 48 85 c0 0f 84 64 9d d3 ff 45 31 c0 80 78 f8
0x00007f4c09fedef0:   1b 75 23 48 8b 57 30 48 8d 48 e8 48 85 d2 74 09
0x00007f4c09fedf00:   48 83 ea 18 48 39 d1 74 0d 48 8b 50 10 45 31 c0
0x00007f4c09fedf10:   48 39 42 30 75 0a 4c 89 c0 c3 66 0f 1f 44 00 00
0x00007f4c09fedf20:   4c 8b 00 4d 85 c0 74 ee 8b 50 fc 49 8d 48 e8 81
0x00007f4c09fedf30:   e2 ff ff ff 07 74 3e 89 d2 48 f7 da 48 c1 e2 05
0x00007f4c09fedf40:   48 8b 44 10 e8 48 85 c0 74 2b 48 39 c1 75 41 41
0x00007f4c09fedf50:   80 78 f8 4b 75 1f 49 8b 40 10 4c 39 40 30 74 30
0x00007f4c09fedf60:   49 8b 48 c8 4d 8b 00 4d 85 c0 74 aa 49 83 e8 18
0x00007f4c09fedf70:   4c 39 c1 75 1b 45 31 c0 80 79 10 52 75 98 0f b7 


Stack slot to memory mapping:
stack at sp + 0 slots: 0x00007f4c0a02ca5e: LLVMBuildStore+0x000000000000001e in /home/doudou/.javacpp/cache/llvm-13.0.1-1.5.7-linux-x86_64.jar/org/bytedeco/llvm/linux-x86_64/libLLVM-13.so at 0x00007f4c09400000
stack at sp + 1 slots: 0x0 is NULL
stack at sp + 2 slots: 0x0 is NULL
stack at sp + 3 slots: 0x0 is NULL
stack at sp + 4 slots: 0x0 is NULL
stack at sp + 5 slots: 0x0 is NULL
stack at sp + 6 slots: 0x0 is NULL
stack at sp + 7 slots: 0x00007f4c6b7fe508 is pointing into the stack for thread: 0x00007f4c64016800


---------------  P R O C E S S  ---------------

Threads class SMR info:
_java_thread_list=0x00007f4c20000c40, length=12, elements={
0x00007f4c64016800, 0x00007f4c64120000, 0x00007f4c64122000, 0x00007f4c64128800,
0x00007f4c6412a800, 0x00007f4c6412c800, 0x00007f4c6412f000, 0x00007f4c64131000,
0x00007f4c6413f000, 0x00007f4c641f8800, 0x00007f4c64213800, 0x00007f4c20001000
}

Java Threads: ( => current thread )
=>0x00007f4c64016800 JavaThread "main" [_thread_in_native, id=35770, stack(0x00007f4c6b700000,0x00007f4c6b800000)]
  0x00007f4c64120000 JavaThread "Reference Handler" daemon [_thread_blocked, id=35778, stack(0x00007f4c6824e000,0x00007f4c6834e000)]
  0x00007f4c64122000 JavaThread "Finalizer" daemon [_thread_blocked, id=35779, stack(0x00007f4c6814e000,0x00007f4c6824e000)]
  0x00007f4c64128800 JavaThread "Signal Dispatcher" daemon [_thread_blocked, id=35780, stack(0x00007f4c6804e000,0x00007f4c6814e000)]
  0x00007f4c6412a800 JavaThread "Service Thread" daemon [_thread_blocked, id=35781, stack(0x00007f4c63f00000,0x00007f4c64000000)]
  0x00007f4c6412c800 JavaThread "C2 CompilerThread0" daemon [_thread_blocked, id=35782, stack(0x00007f4c4c500000,0x00007f4c4c600000)]
  0x00007f4c6412f000 JavaThread "C1 CompilerThread0" daemon [_thread_blocked, id=35783, stack(0x00007f4c4c400000,0x00007f4c4c500000)]
  0x00007f4c64131000 JavaThread "Sweeper thread" daemon [_thread_blocked, id=35784, stack(0x00007f4c4c300000,0x00007f4c4c400000)]
  0x00007f4c6413f000 JavaThread "Common-Cleaner" daemon [_thread_blocked, id=35788, stack(0x00007f4c4c200000,0x00007f4c4c300000)]
  0x00007f4c641f8800 JavaThread "Monitor Ctrl-Break" daemon [_thread_in_native, id=35794, stack(0x00007f4c4c100000,0x00007f4c4c200000)]
  0x00007f4c64213800 JavaThread "JavaCPP Deallocator" daemon [_thread_blocked, id=35798, stack(0x00007f4c4c000000,0x00007f4c4c100000)]
  0x00007f4c20001000 JavaThread "Attach Listener" daemon [_thread_blocked, id=35800, stack(0x00007f4c3c5f6000,0x00007f4c3c6f6000)]

Other Threads:
  0x00007f4c6411d000 VMThread "VM Thread" [stack: 0x00007f4c68350000,0x00007f4c68450000] [id=35777]
  0x00007f4c641fa000 WatcherThread [stack: 0x00007f4c3c900000,0x00007f4c3ca00000] [id=35796]
  0x00007f4c6402f800 GCTaskThread "GC Thread#0" [stack: 0x00007f4c6b12a000,0x00007f4c6b22a000] [id=35771]
  0x00007f4c34001000 GCTaskThread "GC Thread#1" [stack: 0x00007f4c3c7fe000,0x00007f4c3c8fe000] [id=35799]
  0x00007f4c6404a800 ConcurrentGCThread "G1 Main Marker" [stack: 0x00007f4c689db000,0x00007f4c68adb000] [id=35772]
  0x00007f4c6404c800 ConcurrentGCThread "G1 Conc#0" [stack: 0x00007f4c688d9000,0x00007f4c689d9000] [id=35773]
  0x00007f4c64087800 ConcurrentGCThread "G1 Refine#0" [stack: 0x00007f4c685d5000,0x00007f4c686d5000] [id=35775]
  0x00007f4c64089800 ConcurrentGCThread "G1 Young RemSet Sampling" [stack: 0x00007f4c684d3000,0x00007f4c685d3000] [id=35776]

Threads with active compile tasks:

VM state:not at safepoint (normal execution)

VM Mutex/Monitor currently owned by a thread: None

Heap address: 0x00000000c2e00000, size: 978 MB, Compressed Oops mode: 32-bit
Narrow klass base: 0x0000000800000000, Narrow klass shift: 3
Compressed class space size: 1073741824 Address: 0x0000000840000000

Heap:
 garbage-first heap   total 65536K, used 3078K [0x00000000c2e00000, 0x0000000100000000)
  region size 1024K, 2 young (2048K), 1 survivors (1024K)
 Metaspace       used 4261K, capacity 6652K, committed 6912K, reserved 1056768K
  class space    used 456K, capacity 707K, committed 768K, reserved 1048576K
Heap Regions: E=young(eden), S=young(survivor), O=old, HS=humongous(starts), HC=humongous(continues), CS=collection set, F=free, A=archive, TAMS=top-at-mark-start (previous, next)
|   0|0x00000000c2e00000, 0x00000000c2f00000, 0x00000000c2f00000|100%| O|  |TAMS 0x00000000c2e00000, 0x00000000c2e00000| Untracked 
|   1|0x00000000c2f00000, 0x00000000c2fb1e00, 0x00000000c3000000| 69%| O|  |TAMS 0x00000000c2f00000, 0x00000000c2f00000| Untracked 
|   2|0x00000000c3000000, 0x00000000c3000000, 0x00000000c3100000|  0%| F|  |TAMS 0x00000000c3000000, 0x00000000c3000000| Untracked 
|   3|0x00000000c3100000, 0x00000000c3100000, 0x00000000c3200000|  0%| F|  |TAMS 0x00000000c3100000, 0x00000000c3100000| Untracked 
|   4|0x00000000c3200000, 0x00000000c3200000, 0x00000000c3300000|  0%| F|  |TAMS 0x00000000c3200000, 0x00000000c3200000| Untracked 
|   5|0x00000000c3300000, 0x00000000c3300000, 0x00000000c3400000|  0%| F|  |TAMS 0x00000000c3300000, 0x00000000c3300000| Untracked 
|   6|0x00000000c3400000, 0x00000000c3400000, 0x00000000c3500000|  0%| F|  |TAMS 0x00000000c3400000, 0x00000000c3400000| Untracked 
|   7|0x00000000c3500000, 0x00000000c3500000, 0x00000000c3600000|  0%| F|  |TAMS 0x00000000c3500000, 0x00000000c3500000| Untracked 
|   8|0x00000000c3600000, 0x00000000c3600000, 0x00000000c3700000|  0%| F|  |TAMS 0x00000000c3600000, 0x00000000c3600000| Untracked 
|   9|0x00000000c3700000, 0x00000000c3700000, 0x00000000c3800000|  0%| F|  |TAMS 0x00000000c3700000, 0x00000000c3700000| Untracked 
|  10|0x00000000c3800000, 0x00000000c3800000, 0x00000000c3900000|  0%| F|  |TAMS 0x00000000c3800000, 0x00000000c3800000| Untracked 
|  11|0x00000000c3900000, 0x00000000c3900000, 0x00000000c3a00000|  0%| F|  |TAMS 0x00000000c3900000, 0x00000000c3900000| Untracked 
|  12|0x00000000c3a00000, 0x00000000c3a00000, 0x00000000c3b00000|  0%| F|  |TAMS 0x00000000c3a00000, 0x00000000c3a00000| Untracked 
|  13|0x00000000c3b00000, 0x00000000c3b00000, 0x00000000c3c00000|  0%| F|  |TAMS 0x00000000c3b00000, 0x00000000c3b00000| Untracked 
|  14|0x00000000c3c00000, 0x00000000c3c00000, 0x00000000c3d00000|  0%| F|  |TAMS 0x00000000c3c00000, 0x00000000c3c00000| Untracked 
|  15|0x00000000c3d00000, 0x00000000c3d00000, 0x00000000c3e00000|  0%| F|  |TAMS 0x00000000c3d00000, 0x00000000c3d00000| Untracked 
|  16|0x00000000c3e00000, 0x00000000c3e00000, 0x00000000c3f00000|  0%| F|  |TAMS 0x00000000c3e00000, 0x00000000c3e00000| Untracked 
|  17|0x00000000c3f00000, 0x00000000c3f00000, 0x00000000c4000000|  0%| F|  |TAMS 0x00000000c3f00000, 0x00000000c3f00000| Untracked 
|  18|0x00000000c4000000, 0x00000000c4000000, 0x00000000c4100000|  0%| F|  |TAMS 0x00000000c4000000, 0x00000000c4000000| Untracked 
|  19|0x00000000c4100000, 0x00000000c4100000, 0x00000000c4200000|  0%| F|  |TAMS 0x00000000c4100000, 0x00000000c4100000| Untracked 
|  20|0x00000000c4200000, 0x00000000c4200000, 0x00000000c4300000|  0%| F|  |TAMS 0x00000000c4200000, 0x00000000c4200000| Untracked 
|  21|0x00000000c4300000, 0x00000000c4300000, 0x00000000c4400000|  0%| F|  |TAMS 0x00000000c4300000, 0x00000000c4300000| Untracked 
|  22|0x00000000c4400000, 0x00000000c4400000, 0x00000000c4500000|  0%| F|  |TAMS 0x00000000c4400000, 0x00000000c4400000| Untracked 
|  23|0x00000000c4500000, 0x00000000c4500000, 0x00000000c4600000|  0%| F|  |TAMS 0x00000000c4500000, 0x00000000c4500000| Untracked 
|  24|0x00000000c4600000, 0x00000000c4600000, 0x00000000c4700000|  0%| F|  |TAMS 0x00000000c4600000, 0x00000000c4600000| Untracked 
|  25|0x00000000c4700000, 0x00000000c4700000, 0x00000000c4800000|  0%| F|  |TAMS 0x00000000c4700000, 0x00000000c4700000| Untracked 
|  26|0x00000000c4800000, 0x00000000c4800000, 0x00000000c4900000|  0%| F|  |TAMS 0x00000000c4800000, 0x00000000c4800000| Untracked 
|  27|0x00000000c4900000, 0x00000000c4900000, 0x00000000c4a00000|  0%| F|  |TAMS 0x00000000c4900000, 0x00000000c4900000| Untracked 
|  28|0x00000000c4a00000, 0x00000000c4a00000, 0x00000000c4b00000|  0%| F|  |TAMS 0x00000000c4a00000, 0x00000000c4a00000| Untracked 
|  29|0x00000000c4b00000, 0x00000000c4b00000, 0x00000000c4c00000|  0%| F|  |TAMS 0x00000000c4b00000, 0x00000000c4b00000| Untracked 
|  30|0x00000000c4c00000, 0x00000000c4c00000, 0x00000000c4d00000|  0%| F|  |TAMS 0x00000000c4c00000, 0x00000000c4c00000| Untracked 
|  31|0x00000000c4d00000, 0x00000000c4d00000, 0x00000000c4e00000|  0%| F|  |TAMS 0x00000000c4d00000, 0x00000000c4d00000| Untracked 
|  32|0x00000000c4e00000, 0x00000000c4e00000, 0x00000000c4f00000|  0%| F|  |TAMS 0x00000000c4e00000, 0x00000000c4e00000| Untracked 
|  33|0x00000000c4f00000, 0x00000000c4f00000, 0x00000000c5000000|  0%| F|  |TAMS 0x00000000c4f00000, 0x00000000c4f00000| Untracked 
|  34|0x00000000c5000000, 0x00000000c5000000, 0x00000000c5100000|  0%| F|  |TAMS 0x00000000c5000000, 0x00000000c5000000| Untracked 
|  35|0x00000000c5100000, 0x00000000c5100000, 0x00000000c5200000|  0%| F|  |TAMS 0x00000000c5100000, 0x00000000c5100000| Untracked 
|  36|0x00000000c5200000, 0x00000000c5200000, 0x00000000c5300000|  0%| F|  |TAMS 0x00000000c5200000, 0x00000000c5200000| Untracked 
|  37|0x00000000c5300000, 0x00000000c5300000, 0x00000000c5400000|  0%| F|  |TAMS 0x00000000c5300000, 0x00000000c5300000| Untracked 
|  38|0x00000000c5400000, 0x00000000c5400000, 0x00000000c5500000|  0%| F|  |TAMS 0x00000000c5400000, 0x00000000c5400000| Untracked 
|  39|0x00000000c5500000, 0x00000000c5500000, 0x00000000c5600000|  0%| F|  |TAMS 0x00000000c5500000, 0x00000000c5500000| Untracked 
|  40|0x00000000c5600000, 0x00000000c5600000, 0x00000000c5700000|  0%| F|  |TAMS 0x00000000c5600000, 0x00000000c5600000| Untracked 
|  41|0x00000000c5700000, 0x00000000c5700000, 0x00000000c5800000|  0%| F|  |TAMS 0x00000000c5700000, 0x00000000c5700000| Untracked 
|  42|0x00000000c5800000, 0x00000000c5800000, 0x00000000c5900000|  0%| F|  |TAMS 0x00000000c5800000, 0x00000000c5800000| Untracked 
|  43|0x00000000c5900000, 0x00000000c5900000, 0x00000000c5a00000|  0%| F|  |TAMS 0x00000000c5900000, 0x00000000c5900000| Untracked 
|  44|0x00000000c5a00000, 0x00000000c5a00000, 0x00000000c5b00000|  0%| F|  |TAMS 0x00000000c5a00000, 0x00000000c5a00000| Untracked 
|  45|0x00000000c5b00000, 0x00000000c5b00000, 0x00000000c5c00000|  0%| F|  |TAMS 0x00000000c5b00000, 0x00000000c5b00000| Untracked 
|  46|0x00000000c5c00000, 0x00000000c5c00000, 0x00000000c5d00000|  0%| F|  |TAMS 0x00000000c5c00000, 0x00000000c5c00000| Untracked 
|  47|0x00000000c5d00000, 0x00000000c5d00000, 0x00000000c5e00000|  0%| F|  |TAMS 0x00000000c5d00000, 0x00000000c5d00000| Untracked 
|  48|0x00000000c5e00000, 0x00000000c5e00000, 0x00000000c5f00000|  0%| F|  |TAMS 0x00000000c5e00000, 0x00000000c5e00000| Untracked 
|  49|0x00000000c5f00000, 0x00000000c5f00000, 0x00000000c6000000|  0%| F|  |TAMS 0x00000000c5f00000, 0x00000000c5f00000| Untracked 
|  50|0x00000000c6000000, 0x00000000c6000000, 0x00000000c6100000|  0%| F|  |TAMS 0x00000000c6000000, 0x00000000c6000000| Untracked 
|  51|0x00000000c6100000, 0x00000000c6100000, 0x00000000c6200000|  0%| F|  |TAMS 0x00000000c6100000, 0x00000000c6100000| Untracked 
|  52|0x00000000c6200000, 0x00000000c6200000, 0x00000000c6300000|  0%| F|  |TAMS 0x00000000c6200000, 0x00000000c6200000| Untracked 
|  53|0x00000000c6300000, 0x00000000c6300000, 0x00000000c6400000|  0%| F|  |TAMS 0x00000000c6300000, 0x00000000c6300000| Untracked 
|  54|0x00000000c6400000, 0x00000000c6400000, 0x00000000c6500000|  0%| F|  |TAMS 0x00000000c6400000, 0x00000000c6400000| Untracked 
|  55|0x00000000c6500000, 0x00000000c6500000, 0x00000000c6600000|  0%| F|  |TAMS 0x00000000c6500000, 0x00000000c6500000| Untracked 
|  56|0x00000000c6600000, 0x00000000c669daa0, 0x00000000c6700000| 61%| S|CS|TAMS 0x00000000c6600000, 0x00000000c6600000| Complete 
|  57|0x00000000c6700000, 0x00000000c6700000, 0x00000000c6800000|  0%| F|  |TAMS 0x00000000c6700000, 0x00000000c6700000| Untracked 
|  58|0x00000000c6800000, 0x00000000c6800000, 0x00000000c6900000|  0%| F|  |TAMS 0x00000000c6800000, 0x00000000c6800000| Untracked 
|  59|0x00000000c6900000, 0x00000000c6900000, 0x00000000c6a00000|  0%| F|  |TAMS 0x00000000c6900000, 0x00000000c6900000| Untracked 
|  60|0x00000000c6a00000, 0x00000000c6a00000, 0x00000000c6b00000|  0%| F|  |TAMS 0x00000000c6a00000, 0x00000000c6a00000| Untracked 
|  61|0x00000000c6b00000, 0x00000000c6b67e48, 0x00000000c6c00000| 40%| E|  |TAMS 0x00000000c6b00000, 0x00000000c6b00000| Complete 
| 976|0x00000000ffe00000, 0x00000000ffe47000, 0x00000000fff00000| 27%|OA|  |TAMS 0x00000000ffe00000, 0x00000000ffe00000| Untracked 
| 977|0x00000000fff00000, 0x00000000fff6b000, 0x0000000100000000| 41%|CA|  |TAMS 0x00000000fff00000, 0x00000000fff00000| Untracked 

Card table byte_map: [0x00007f4c6ab54000,0x00007f4c6ad3d000] _byte_map_base: 0x00007f4c6a53d000

Marking Bits (Prev, Next): (CMBitMap*) 0x00007f4c64045b88, (CMBitMap*) 0x00007f4c64045bc0
 Prev Bits: [0x00007f4c69a23000, 0x00007f4c6a96b000)
 Next Bits: [0x00007f4c68adb000, 0x00007f4c69a23000)

Polling page: 0x00007f4c6ce8c000

Metaspace:

Usage:
  Non-class:      5.81 MB capacity,     3.72 MB ( 64%) used,     2.08 MB ( 36%) free+waste,     8.19 KB ( <1%) overhead. 
      Class:    707.00 KB capacity,   456.50 KB ( 65%) used,   246.06 KB ( 35%) free+waste,     4.44 KB ( <1%) overhead. 
       Both:      6.50 MB capacity,     4.16 MB ( 64%) used,     2.32 MB ( 36%) free+waste,    12.62 KB ( <1%) overhead. 

Virtual space:
  Non-class space:        8.00 MB reserved,       6.00 MB ( 75%) committed 
      Class space:        1.00 GB reserved,     768.00 KB ( <1%) committed 
             Both:        1.01 GB reserved,       6.75 MB ( <1%) committed 

Chunk freelists:
   Non-Class:  7.00 KB
       Class:  0 bytes
        Both:  7.00 KB

MaxMetaspaceSize: unlimited
CompressedClassSpaceSize: 1.00 GB
Initial GC threshold: 20.80 MB
Current GC threshold: 20.80 MB
CDS: on

CodeHeap 'non-profiled nmethods': size=120036Kb used=253Kb max_used=253Kb free=119782Kb
 bounds [0x00007f4c540c7000, 0x00007f4c54337000, 0x00007f4c5b600000]
CodeHeap 'profiled nmethods': size=120032Kb used=1419Kb max_used=1419Kb free=118612Kb
 bounds [0x00007f4c4cb8f000, 0x00007f4c4cdff000, 0x00007f4c540c7000]
CodeHeap 'non-nmethods': size=5692Kb used=1163Kb max_used=1177Kb free=4528Kb
 bounds [0x00007f4c4c600000, 0x00007f4c4c870000, 0x00007f4c4cb8f000]
 total_blobs=1212 nmethods=798 adapters=328
 compilation: enabled
              stopped_count=0, restarted_count=0
 full_count=0

Compilation events (20 events):
Event: 1.916 Thread 0x00007f4c6412f000  776       3       java.lang.invoke.MethodType::checkPtypes (61 bytes)
Event: 1.917 Thread 0x00007f4c6412f000 nmethod 776 0x00007f4c4cce4310 code [0x00007f4c4cce45a0, 0x00007f4c4cce4fa0]
Event: 1.917 Thread 0x00007f4c6412f000  763       3       jdk.internal.org.objectweb.asm.Frame::push (110 bytes)
Event: 1.917 Thread 0x00007f4c6412f000 nmethod 763 0x00007f4c4cce5390 code [0x00007f4c4cce5580, 0x00007f4c4cce5b00]
Event: 1.917 Thread 0x00007f4c6412f000  768       3       jdk.internal.org.objectweb.asm.MethodWriter::visitVarInsn (300 bytes)
Event: 1.918 Thread 0x00007f4c6412f000 nmethod 768 0x00007f4c4cce5d10 code [0x00007f4c4cce5f80, 0x00007f4c4cce6960]
Event: 1.918 Thread 0x00007f4c6412f000  771       3       sun.invoke.util.Wrapper::hashPrim (30 bytes)
Event: 1.919 Thread 0x00007f4c6412f000 nmethod 771 0x00007f4c4cce6c90 code [0x00007f4c4cce6f40, 0x00007f4c4cce7b00]
Event: 1.919 Thread 0x00007f4c6412f000  769       3       java.util.ImmutableCollections$ListN::size (6 bytes)
Event: 1.919 Thread 0x00007f4c6412f000 nmethod 769 0x00007f4c4cce7f90 code [0x00007f4c4cce8140, 0x00007f4c4cce8270]
Event: 1.919 Thread 0x00007f4c6412f000  772       3       sun.invoke.util.Wrapper::findPrimitiveType (25 bytes)
Event: 1.921 Thread 0x00007f4c6412c800  781       4       jdk.internal.org.objectweb.asm.ByteVector::putUTF8 (142 bytes)
Event: 1.948 Thread 0x00007f4c6412c800 nmethod 781 0x00007f4c54103190 code [0x00007f4c54103340, 0x00007f4c541037a8]
Event: 1.948 Thread 0x00007f4c6412c800  794       4       java.util.HashMap::put (13 bytes)
Event: 1.949 Thread 0x00007f4c6412f000 nmethod 772 0x00007f4c4cce8310 code [0x00007f4c4cce85a0, 0x00007f4c4cce9060]
Event: 1.949 Thread 0x00007f4c6412f000  789       3       sun.invoke.util.Wrapper::forBasicType (16 bytes)
Event: 1.950 Thread 0x00007f4c6412f000 nmethod 789 0x00007f4c4cce9510 code [0x00007f4c4cce96e0, 0x00007f4c4cce9860]
Event: 1.950 Thread 0x00007f4c6412f000  787       3       jdk.internal.org.objectweb.asm.Frame::get (46 bytes)
Event: 1.950 Thread 0x00007f4c6412f000 nmethod 787 0x00007f4c4cce9910 code [0x00007f4c4cce9ac0, 0x00007f4c4cce9cd0]
Event: 1.950 Thread 0x00007f4c6412f000  785       3       jdk.internal.org.objectweb.asm.Frame::type (416 bytes)

GC Heap History (4 events):
Event: 1.262 GC heap before
{Heap before GC invocations=0 (full 0):
 garbage-first heap   total 65536K, used 6856K [0x00000000c2e00000, 0x0000000100000000)
  region size 1024K, 7 young (7168K), 0 survivors (0K)
 Metaspace       used 3103K, capacity 5908K, committed 6016K, reserved 1056768K
  class space    used 337K, capacity 586K, committed 640K, reserved 1048576K
}
Event: 1.287 GC heap after
{Heap after GC invocations=1 (full 0):
 garbage-first heap   total 65536K, used 2407K [0x00000000c2e00000, 0x0000000100000000)
  region size 1024K, 1 young (1024K), 1 survivors (1024K)
 Metaspace       used 3103K, capacity 5908K, committed 6016K, reserved 1056768K
  class space    used 337K, capacity 586K, committed 640K, reserved 1048576K
}
Event: 1.959 GC heap before
{Heap before GC invocations=1 (full 0):
 garbage-first heap   total 65536K, used 7527K [0x00000000c2e00000, 0x0000000100000000)
  region size 1024K, 6 young (6144K), 1 survivors (1024K)
 Metaspace       used 4255K, capacity 6652K, committed 6912K, reserved 1056768K
  class space    used 456K, capacity 707K, committed 768K, reserved 1048576K
}
Event: 1.997 GC heap after
{Heap after GC invocations=2 (full 0):
 garbage-first heap   total 65536K, used 3078K [0x00000000c2e00000, 0x0000000100000000)
  region size 1024K, 1 young (1024K), 1 survivors (1024K)
 Metaspace       used 4255K, capacity 6652K, committed 6912K, reserved 1056768K
  class space    used 456K, capacity 707K, committed 768K, reserved 1048576K
}

Deoptimization events (20 events):
Event: 1.498 Thread 0x00007f4c64016800 DEOPT PACKING pc=0x00007f4c4cbf51c2 sp=0x00007f4c6b7fd4d0
Event: 1.498 Thread 0x00007f4c64016800 DEOPT UNPACKING pc=0x00007f4c4c6499fa sp=0x00007f4c6b7fc958 mode 0
Event: 1.499 Thread 0x00007f4c64016800 DEOPT PACKING pc=0x00007f4c4cbc99cf sp=0x00007f4c6b7fd490
Event: 1.499 Thread 0x00007f4c64016800 DEOPT UNPACKING pc=0x00007f4c4c6499fa sp=0x00007f4c6b7fc950 mode 0
Event: 1.824 Thread 0x00007f4c64016800 Uncommon trap: trap_request=0xffffffc6 fr.pc=0x00007f4c540d0f24 relative=0x0000000000000084
Event: 1.824 Thread 0x00007f4c64016800 Uncommon trap: reason=bimorphic_or_optimized_type_check action=maybe_recompile pc=0x00007f4c540d0f24 method=java.util.AbstractCollection.isEmpty()Z @ 1 c2
Event: 1.824 Thread 0x00007f4c64016800 DEOPT PACKING pc=0x00007f4c540d0f24 sp=0x00007f4c6b7fd390
Event: 1.824 Thread 0x00007f4c64016800 DEOPT UNPACKING pc=0x00007f4c4c6082a5 sp=0x00007f4c6b7fd340 mode 2
Event: 1.824 Thread 0x00007f4c64016800 Uncommon trap: trap_request=0xffffffc6 fr.pc=0x00007f4c540d0f24 relative=0x0000000000000084
Event: 1.824 Thread 0x00007f4c64016800 Uncommon trap: reason=bimorphic_or_optimized_type_check action=maybe_recompile pc=0x00007f4c540d0f24 method=java.util.AbstractCollection.isEmpty()Z @ 1 c2
Event: 1.824 Thread 0x00007f4c64016800 DEOPT PACKING pc=0x00007f4c540d0f24 sp=0x00007f4c6b7fd560
Event: 1.824 Thread 0x00007f4c64016800 DEOPT UNPACKING pc=0x00007f4c4c6082a5 sp=0x00007f4c6b7fd510 mode 2
Event: 1.826 Thread 0x00007f4c64016800 Uncommon trap: trap_request=0xffffffc6 fr.pc=0x00007f4c540d0f24 relative=0x0000000000000084
Event: 1.826 Thread 0x00007f4c64016800 Uncommon trap: reason=bimorphic_or_optimized_type_check action=maybe_recompile pc=0x00007f4c540d0f24 method=java.util.AbstractCollection.isEmpty()Z @ 1 c2
Event: 1.827 Thread 0x00007f4c64016800 DEOPT PACKING pc=0x00007f4c540d0f24 sp=0x00007f4c6b7fd390
Event: 1.834 Thread 0x00007f4c64016800 DEOPT UNPACKING pc=0x00007f4c4c6082a5 sp=0x00007f4c6b7fd340 mode 2
Event: 1.837 Thread 0x00007f4c64016800 Uncommon trap: trap_request=0xffffffc6 fr.pc=0x00007f4c540d0f24 relative=0x0000000000000084
Event: 1.837 Thread 0x00007f4c64016800 Uncommon trap: reason=bimorphic_or_optimized_type_check action=maybe_recompile pc=0x00007f4c540d0f24 method=java.util.AbstractCollection.isEmpty()Z @ 1 c2
Event: 1.838 Thread 0x00007f4c64016800 DEOPT PACKING pc=0x00007f4c540d0f24 sp=0x00007f4c6b7fd560
Event: 1.838 Thread 0x00007f4c64016800 DEOPT UNPACKING pc=0x00007f4c4c6082a5 sp=0x00007f4c6b7fd510 mode 2

Classes redefined (0 events):
No events

Internal exceptions (20 events):
Event: 0.695 Thread 0x00007f4c64016800 Exception <a 'java/security/PrivilegedActionException'{0x00000000c6ae25b8}> (0x00000000c6ae25b8) thrown at [./src/hotspot/share/prims/jvm.cpp, line 1304]
Event: 0.695 Thread 0x00007f4c64016800 Exception <a 'java/security/PrivilegedActionException'{0x00000000c6ae2888}> (0x00000000c6ae2888) thrown at [./src/hotspot/share/prims/jvm.cpp, line 1304]
Event: 0.697 Thread 0x00007f4c64016800 Exception <a 'java/security/PrivilegedActionException'{0x00000000c6ae3210}> (0x00000000c6ae3210) thrown at [./src/hotspot/share/prims/jvm.cpp, line 1304]
Event: 0.697 Thread 0x00007f4c64016800 Exception <a 'java/security/PrivilegedActionException'{0x00000000c6ae34e0}> (0x00000000c6ae34e0) thrown at [./src/hotspot/share/prims/jvm.cpp, line 1304]
Event: 0.697 Thread 0x00007f4c64016800 Exception <a 'java/security/PrivilegedActionException'{0x00000000c6ae3e68}> (0x00000000c6ae3e68) thrown at [./src/hotspot/share/prims/jvm.cpp, line 1304]
Event: 0.697 Thread 0x00007f4c64016800 Exception <a 'java/security/PrivilegedActionException'{0x00000000c6ae4138}> (0x00000000c6ae4138) thrown at [./src/hotspot/share/prims/jvm.cpp, line 1304]
Event: 0.697 Thread 0x00007f4c64016800 Exception <a 'java/security/PrivilegedActionException'{0x00000000c6ae4ac0}> (0x00000000c6ae4ac0) thrown at [./src/hotspot/share/prims/jvm.cpp, line 1304]
Event: 0.697 Thread 0x00007f4c64016800 Exception <a 'java/security/PrivilegedActionException'{0x00000000c6ae4d90}> (0x00000000c6ae4d90) thrown at [./src/hotspot/share/prims/jvm.cpp, line 1304]
Event: 0.697 Thread 0x00007f4c64016800 Exception <a 'java/security/PrivilegedActionException'{0x00000000c6ae5700}> (0x00000000c6ae5700) thrown at [./src/hotspot/share/prims/jvm.cpp, line 1304]
Event: 0.697 Thread 0x00007f4c64016800 Exception <a 'java/security/PrivilegedActionException'{0x00000000c6ae59d0}> (0x00000000c6ae59d0) thrown at [./src/hotspot/share/prims/jvm.cpp, line 1304]
Event: 0.697 Thread 0x00007f4c64016800 Exception <a 'java/security/PrivilegedActionException'{0x00000000c6ae6358}> (0x00000000c6ae6358) thrown at [./src/hotspot/share/prims/jvm.cpp, line 1304]
Event: 0.698 Thread 0x00007f4c64016800 Exception <a 'java/security/PrivilegedActionException'{0x00000000c6ae6628}> (0x00000000c6ae6628) thrown at [./src/hotspot/share/prims/jvm.cpp, line 1304]
Event: 0.813 Thread 0x00007f4c64016800 Exception <a 'java/lang/NoSuchMethodError'{0x00000000c69958f0}: 'int java.lang.invoke.DirectMethodHandle$Holder.invokeStaticInit(java.lang.Object, java.lang.Object, java.lang.Object, java.lang.Object)'> (0x00000000c69958f0) thrown at [./src/hotspot/share/interpreter/linkResolver.cpp, line 772]
Event: 0.815 Thread 0x00007f4c64016800 Exception <a 'java/lang/IncompatibleClassChangeError'{0x00000000c699f670}: Found class java.lang.Object, but interface was expected> (0x00000000c699f670) thrown at [./src/hotspot/share/interpreter/linkResolver.cpp, line 839]
Event: 0.816 Thread 0x00007f4c64016800 Exception <a 'java/lang/NoSuchMethodError'{0x00000000c69a2820}: 'void java.lang.invoke.DirectMethodHandle$Holder.invokeStaticInit(java.lang.Object, java.lang.Object)'> (0x00000000c69a2820) thrown at [./src/hotspot/share/interpreter/linkResolver.cpp, line 772]
Event: 0.821 Thread 0x00007f4c64016800 Exception <a 'java/lang/NoSuchMethodError'{0x00000000c69a7c90}: 'int java.lang.invoke.DirectMethodHandle$Holder.invokeStaticInit(java.lang.Object, java.lang.Object)'> (0x00000000c69a7c90) thrown at [./src/hotspot/share/interpreter/linkResolver.cpp, line 772]
Event: 1.900 Thread 0x00007f4c64016800 Exception <a 'java/lang/NoSuchMethodError'{0x00000000c68f4e10}: 'java.lang.Object java.lang.invoke.DirectMethodHandle$Holder.invokeStatic(java.lang.Object, java.lang.Object, java.lang.Object, java.lang.Object, java.lang.Object, java.lang.Object, java.lang.Object, java.lang.Object, java.lang.Object, java.lang.Object, java.lang.Object, int)'> (0x00000000c68f4e10) thrown at [./src/hotspot/share/interpreter/linkResolver.cpp, line 772]
Event: 1.903 Thread 0x00007f4c64016800 Exception <a 'java/lang/NoSuchMethodError'{0x00000000c6756040}: 'java.lang.Object java.lang.invoke.DirectMethodHandle$Holder.invokeStatic(java.lang.Object, java.lang.Object, java.lang.Object, java.lang.Object, java.lang.Object, java.lang.Object, java.lang.Object, java.lang.Object, java.lang.Object, java.lang.Object, java.lang.Object, int, int)'> (0x00000000c6756040) thrown at [./src/hotspot/share/interpreter/linkResolver.cpp, line 772]
Event: 1.940 Thread 0x00007f4c64016800 Exception <a 'java/lang/NoSuchMethodError'{0x00000000c67753f8}: 'java.lang.Object java.lang.invoke.DirectMethodHandle$Holder.invokeStatic(java.lang.Object, java.lang.Object, java.lang.Object, java.lang.Object, java.lang.Object, java.lang.Object, java.lang.Object, java.lang.Object, java.lang.Object, java.lang.Object, java.lang.Object, int, int, java.lang.Object)'> (0x00000000c67753f8) thrown at [./src/hotspot/share/interpreter/linkResolver.cpp, line 772]
Event: 1.955 Thread 0x00007f4c64016800 Exception <a 'java/lang/NoSuchMethodError'{0x00000000c6781650}: 'java.lang.Object java.lang.invoke.Invokers$Holder.linkToTargetMethod(java.lang.Object, int, java.lang.Object)'> (0x00000000c6781650) thrown at [./src/hotspot/share/interpreter/linkResolver.cpp, line 772]

Events (20 events):
Event: 1.920 loading class sun/util/resources/cldr/TimeZoneNames
Event: 1.921 loading class sun/util/resources/TimeZoneNamesBundle
Event: 1.935 loading class sun/util/resources/OpenListResourceBundle
Event: 1.936 loading class sun/util/resources/OpenListResourceBundle done
Event: 1.936 loading class sun/util/resources/TimeZoneNamesBundle done
Event: 1.936 loading class sun/util/resources/cldr/TimeZoneNames done
Event: 1.937 loading class sun/util/resources/cldr/TimeZoneNames_en
Event: 1.938 loading class java/lang/invoke/BoundMethodHandle$Species_LLLLLLLLIIL
Event: 1.938 loading class java/lang/invoke/BoundMethodHandle$Species_LLLLLLLLIIL done
Event: 1.944 loading class sun/util/resources/cldr/TimeZoneNames_en done
Event: 1.944 loading class sun/util/resources/cldr/TimeZoneNames_en_US
Event: 1.944 loading class sun/util/resources/cldr/TimeZoneNames_en_US done
Event: 1.945 loading class java/util/LinkedHashMap$LinkedKeySet
Event: 1.945 loading class java/util/LinkedHashMap$LinkedKeySet done
Event: 1.951 loading class sun/util/resources/TimeZoneNames
Event: 1.954 loading class sun/util/resources/TimeZoneNames done
Event: 1.954 loading class sun/util/resources/TimeZoneNames_en
Event: 1.956 loading class sun/util/resources/TimeZoneNames_en done
Event: 1.957 Executing VM operation: G1CollectForAllocation
Event: 1.997 Executing VM operation: G1CollectForAllocation done


Dynamic libraries:
c2e00000-c6c00000 rw-p 00000000 00:00 0 
c6c00000-ffe00000 ---p 00000000 00:00 0 
ffe00000-ffe47000 rw-p 00b0a000 08:03 1060156                            /usr/lib/jvm/java-11-openjdk-amd64/lib/server/classes.jsa
ffe47000-fff00000 rw-p 00000000 00:00 0 
fff00000-fff6b000 rw-p 00a9f000 08:03 1060156                            /usr/lib/jvm/java-11-openjdk-amd64/lib/server/classes.jsa
fff6b000-100000000 rw-p 00000000 00:00 0 
800000000-800002000 rwxp 00001000 08:03 1060156                          /usr/lib/jvm/java-11-openjdk-amd64/lib/server/classes.jsa
800002000-8003cc000 rw-p 00003000 08:03 1060156                          /usr/lib/jvm/java-11-openjdk-amd64/lib/server/classes.jsa
8003cc000-800a9d000 r--p 003cd000 08:03 1060156                          /usr/lib/jvm/java-11-openjdk-amd64/lib/server/classes.jsa
800a9d000-800a9e000 rw-p 00a9e000 08:03 1060156                          /usr/lib/jvm/java-11-openjdk-amd64/lib/server/classes.jsa
840000000-8400c0000 rw-p 00000000 00:00 0 
8400c0000-880000000 ---p 00000000 00:00 0 
5576e36ee000-5576e36ef000 r--p 00000000 08:03 1058673                    /usr/lib/jvm/java-11-openjdk-amd64/bin/java
5576e36ef000-5576e36f0000 r-xp 00001000 08:03 1058673                    /usr/lib/jvm/java-11-openjdk-amd64/bin/java
5576e36f0000-5576e36f1000 r--p 00002000 08:03 1058673                    /usr/lib/jvm/java-11-openjdk-amd64/bin/java
5576e36f1000-5576e36f2000 r--p 00002000 08:03 1058673                    /usr/lib/jvm/java-11-openjdk-amd64/bin/java
5576e36f2000-5576e36f3000 rw-p 00003000 08:03 1058673                    /usr/lib/jvm/java-11-openjdk-amd64/bin/java
5576e39e7000-5576e3a2a000 rw-p 00000000 00:00 0                          [heap]
7f4c09400000-7f4c09d26000 r--p 00000000 08:03 1579535                    /home/doudou/.javacpp/cache/llvm-13.0.1-1.5.7-linux-x86_64.jar/org/bytedeco/llvm/linux-x86_64/libLLVM-13.so
7f4c09d26000-7f4c0d6e9000 r-xp 00926000 08:03 1579535                    /home/doudou/.javacpp/cache/llvm-13.0.1-1.5.7-linux-x86_64.jar/org/bytedeco/llvm/linux-x86_64/libLLVM-13.so
7f4c0d6e9000-7f4c0f93e000 r--p 042e9000 08:03 1579535                    /home/doudou/.javacpp/cache/llvm-13.0.1-1.5.7-linux-x86_64.jar/org/bytedeco/llvm/linux-x86_64/libLLVM-13.so
7f4c0f93e000-7f4c0fe53000 r--p 0653d000 08:03 1579535                    /home/doudou/.javacpp/cache/llvm-13.0.1-1.5.7-linux-x86_64.jar/org/bytedeco/llvm/linux-x86_64/libLLVM-13.so
7f4c0fe53000-7f4c0fe5e000 rw-p 06a52000 08:03 1579535                    /home/doudou/.javacpp/cache/llvm-13.0.1-1.5.7-linux-x86_64.jar/org/bytedeco/llvm/linux-x86_64/libLLVM-13.so
7f4c0fe5e000-7f4c0fed4000 rw-p 00000000 00:00 0 
7f4c10000000-7f4c10021000 rw-p 00000000 00:00 0 
7f4c10021000-7f4c14000000 ---p 00000000 00:00 0 
7f4c14000000-7f4c14021000 rw-p 00000000 00:00 0 
7f4c14021000-7f4c18000000 ---p 00000000 00:00 0 
7f4c18000000-7f4c1837b000 rw-p 00000000 00:00 0 
7f4c1837b000-7f4c1c000000 ---p 00000000 00:00 0 
7f4c1c000000-7f4c1c3bf000 rw-p 00000000 00:00 0 
7f4c1c3bf000-7f4c20000000 ---p 00000000 00:00 0 
7f4c20000000-7f4c20021000 rw-p 00000000 00:00 0 
7f4c20021000-7f4c24000000 ---p 00000000 00:00 0 
7f4c24000000-7f4c24021000 rw-p 00000000 00:00 0 
7f4c24021000-7f4c28000000 ---p 00000000 00:00 0 
7f4c28000000-7f4c28021000 rw-p 00000000 00:00 0 
7f4c28021000-7f4c2c000000 ---p 00000000 00:00 0 
7f4c2c000000-7f4c2c021000 rw-p 00000000 00:00 0 
7f4c2c021000-7f4c30000000 ---p 00000000 00:00 0 
7f4c30000000-7f4c30021000 rw-p 00000000 00:00 0 
7f4c30021000-7f4c34000000 ---p 00000000 00:00 0 
7f4c34000000-7f4c34021000 rw-p 00000000 00:00 0 
7f4c34021000-7f4c38000000 ---p 00000000 00:00 0 
7f4c38000000-7f4c38021000 rw-p 00000000 00:00 0 
7f4c38021000-7f4c3c000000 ---p 00000000 00:00 0 
7f4c3c5f6000-7f4c3c5fa000 ---p 00000000 00:00 0 
7f4c3c5fa000-7f4c3c6f6000 rw-p 00000000 00:00 0 
7f4c3c6f6000-7f4c3c75b000 r--p 00000000 08:03 1579540                    /home/doudou/.javacpp/cache/llvm-13.0.1-1.5.7-linux-x86_64.jar/org/bytedeco/llvm/linux-x86_64/libjniLLVM.so
7f4c3c75b000-7f4c3c7c9000 r-xp 00065000 08:03 1579540                    /home/doudou/.javacpp/cache/llvm-13.0.1-1.5.7-linux-x86_64.jar/org/bytedeco/llvm/linux-x86_64/libjniLLVM.so
7f4c3c7c9000-7f4c3c7f4000 r--p 000d3000 08:03 1579540                    /home/doudou/.javacpp/cache/llvm-13.0.1-1.5.7-linux-x86_64.jar/org/bytedeco/llvm/linux-x86_64/libjniLLVM.so
7f4c3c7f4000-7f4c3c7f7000 r--p 000fd000 08:03 1579540                    /home/doudou/.javacpp/cache/llvm-13.0.1-1.5.7-linux-x86_64.jar/org/bytedeco/llvm/linux-x86_64/libjniLLVM.so
7f4c3c7f7000-7f4c3c7fa000 rw-p 00100000 08:03 1579540                    /home/doudou/.javacpp/cache/llvm-13.0.1-1.5.7-linux-x86_64.jar/org/bytedeco/llvm/linux-x86_64/libjniLLVM.so
7f4c3c7fa000-7f4c3c7fc000 rw-p 00000000 00:00 0 
7f4c3c7fc000-7f4c3c7fd000 ---p 00000000 00:00 0 
7f4c3c7fd000-7f4c3c8fe000 rw-p 00000000 00:00 0 
7f4c3c8fe000-7f4c3c8ff000 ---p 00000000 00:00 0 
7f4c3c8ff000-7f4c3ca00000 rw-p 00000000 00:00 0 
7f4c3ca00000-7f4c3d7e7000 r--p 00000000 08:03 534858                     /usr/lib/locale/locale-archive
7f4c3d800000-7f4c3de00000 rw-p 00000000 00:00 0 
7f4c3de00000-7f4c3e000000 ---p 00000000 00:00 0 
7f4c3e000000-7f4c40000000 rw-p 00000000 00:00 0 
7f4c40000000-7f4c40021000 rw-p 00000000 00:00 0 
7f4c40021000-7f4c44000000 ---p 00000000 00:00 0 
7f4c44000000-7f4c44021000 rw-p 00000000 00:00 0 
7f4c44021000-7f4c48000000 ---p 00000000 00:00 0 
7f4c48000000-7f4c48021000 rw-p 00000000 00:00 0 
7f4c48021000-7f4c4c000000 ---p 00000000 00:00 0 
7f4c4c000000-7f4c4c004000 ---p 00000000 00:00 0 
7f4c4c004000-7f4c4c100000 rw-p 00000000 00:00 0 
7f4c4c100000-7f4c4c104000 ---p 00000000 00:00 0 
7f4c4c104000-7f4c4c200000 rw-p 00000000 00:00 0 
7f4c4c200000-7f4c4c204000 ---p 00000000 00:00 0 
7f4c4c204000-7f4c4c300000 rw-p 00000000 00:00 0 
7f4c4c300000-7f4c4c304000 ---p 00000000 00:00 0 
7f4c4c304000-7f4c4c400000 rw-p 00000000 00:00 0 
7f4c4c400000-7f4c4c404000 ---p 00000000 00:00 0 
7f4c4c404000-7f4c4c500000 rw-p 00000000 00:00 0 
7f4c4c500000-7f4c4c504000 ---p 00000000 00:00 0 
7f4c4c504000-7f4c4c600000 rw-p 00000000 00:00 0 
7f4c4c600000-7f4c4c870000 rwxp 00000000 00:00 0 
7f4c4c870000-7f4c4cb8f000 ---p 00000000 00:00 0 
7f4c4cb8f000-7f4c4cdff000 rwxp 00000000 00:00 0 
7f4c4cdff000-7f4c540c7000 ---p 00000000 00:00 0 
7f4c540c7000-7f4c54337000 rwxp 00000000 00:00 0 
7f4c54337000-7f4c5b600000 ---p 00000000 00:00 0 
7f4c5b600000-7f4c63e0b000 r--s 00000000 08:03 1058832                    /usr/lib/jvm/java-11-openjdk-amd64/lib/modules
7f4c63f00000-7f4c63f04000 ---p 00000000 00:00 0 
7f4c63f04000-7f4c64000000 rw-p 00000000 00:00 0 
7f4c64000000-7f4c643ae000 rw-p 00000000 00:00 0 
7f4c643ae000-7f4c68000000 ---p 00000000 00:00 0 
7f4c6802f000-7f4c68036000 r--s 00000000 08:03 553557                     /usr/lib/x86_64-linux-gnu/gconv/gconv-modules.cache
7f4c68036000-7f4c68037000 r--p 00000000 08:03 1579538                    /home/doudou/.javacpp/cache/llvm-13.0.1-1.5.7-linux-x86_64.jar/org/bytedeco/llvm/linux-x86_64/libRemarks.so.13
7f4c68037000-7f4c68038000 r-xp 00001000 08:03 1579538                    /home/doudou/.javacpp/cache/llvm-13.0.1-1.5.7-linux-x86_64.jar/org/bytedeco/llvm/linux-x86_64/libRemarks.so.13
7f4c68038000-7f4c68039000 r--p 00002000 08:03 1579538                    /home/doudou/.javacpp/cache/llvm-13.0.1-1.5.7-linux-x86_64.jar/org/bytedeco/llvm/linux-x86_64/libRemarks.so.13
7f4c68039000-7f4c6803a000 r--p 00002000 08:03 1579538                    /home/doudou/.javacpp/cache/llvm-13.0.1-1.5.7-linux-x86_64.jar/org/bytedeco/llvm/linux-x86_64/libRemarks.so.13
7f4c6803a000-7f4c6803b000 rw-p 00003000 08:03 1579538                    /home/doudou/.javacpp/cache/llvm-13.0.1-1.5.7-linux-x86_64.jar/org/bytedeco/llvm/linux-x86_64/libRemarks.so.13
7f4c6803b000-7f4c68042000 r--p 00000000 08:03 1579536                    /home/doudou/.javacpp/cache/llvm-13.0.1-1.5.7-linux-x86_64.jar/org/bytedeco/llvm/linux-x86_64/libLTO.so.13
7f4c68042000-7f4c6804a000 r-xp 00007000 08:03 1579536                    /home/doudou/.javacpp/cache/llvm-13.0.1-1.5.7-linux-x86_64.jar/org/bytedeco/llvm/linux-x86_64/libLTO.so.13
7f4c6804a000-7f4c6804c000 r--p 0000f000 08:03 1579536                    /home/doudou/.javacpp/cache/llvm-13.0.1-1.5.7-linux-x86_64.jar/org/bytedeco/llvm/linux-x86_64/libLTO.so.13
7f4c6804c000-7f4c6804d000 r--p 00010000 08:03 1579536                    /home/doudou/.javacpp/cache/llvm-13.0.1-1.5.7-linux-x86_64.jar/org/bytedeco/llvm/linux-x86_64/libLTO.so.13
7f4c6804d000-7f4c6804e000 rw-p 00011000 08:03 1579536                    /home/doudou/.javacpp/cache/llvm-13.0.1-1.5.7-linux-x86_64.jar/org/bytedeco/llvm/linux-x86_64/libLTO.so.13
7f4c6804e000-7f4c68052000 ---p 00000000 00:00 0 
7f4c68052000-7f4c6814e000 rw-p 00000000 00:00 0 
7f4c6814e000-7f4c68152000 ---p 00000000 00:00 0 
7f4c68152000-7f4c6824e000 rw-p 00000000 00:00 0 
7f4c6824e000-7f4c68252000 ---p 00000000 00:00 0 
7f4c68252000-7f4c6834e000 rw-p 00000000 00:00 0 
7f4c6834e000-7f4c6834f000 ---p 00000000 00:00 0 
7f4c6834f000-7f4c684d1000 rw-p 00000000 00:00 0 
7f4c684d1000-7f4c684d2000 ---p 00000000 00:00 0 
7f4c684d2000-7f4c685d3000 rw-p 00000000 00:00 0 
7f4c685d3000-7f4c685d4000 ---p 00000000 00:00 0 
7f4c685d4000-7f4c688d7000 rw-p 00000000 00:00 0 
7f4c688d7000-7f4c688d8000 ---p 00000000 00:00 0 
7f4c688d8000-7f4c689d9000 rw-p 00000000 00:00 0 
7f4c689d9000-7f4c689da000 ---p 00000000 00:00 0 
7f4c689da000-7f4c68bd3000 rw-p 00000000 00:00 0 
7f4c68bd3000-7f4c69a1b000 ---p 00000000 00:00 0 
7f4c69a1b000-7f4c69b1b000 rw-p 00000000 00:00 0 
7f4c69b1b000-7f4c6a963000 ---p 00000000 00:00 0 
7f4c6a963000-7f4c6a98a000 rw-p 00000000 00:00 0 
7f4c6a98a000-7f4c6ab53000 ---p 00000000 00:00 0 
7f4c6ab53000-7f4c6ab73000 rw-p 00000000 00:00 0 
7f4c6ab73000-7f4c6ad3c000 ---p 00000000 00:00 0 
7f4c6ad3c000-7f4c6ad5c000 rw-p 00000000 00:00 0 
7f4c6ad5c000-7f4c6af25000 ---p 00000000 00:00 0 
7f4c6af25000-7f4c6b128000 rw-p 00000000 00:00 0 
7f4c6b128000-7f4c6b129000 ---p 00000000 00:00 0 
7f4c6b129000-7f4c6b22f000 rw-p 00000000 00:00 0 
7f4c6b22f000-7f4c6b315000 ---p 00000000 00:00 0 
7f4c6b315000-7f4c6b31a000 rw-p 00000000 00:00 0 
7f4c6b31a000-7f4c6b400000 ---p 00000000 00:00 0 
7f4c6b400000-7f4c6b49a000 r--p 00000000 08:03 552221                     /usr/lib/x86_64-linux-gnu/libstdc++.so.6.0.30
7f4c6b49a000-7f4c6b5aa000 r-xp 0009a000 08:03 552221                     /usr/lib/x86_64-linux-gnu/libstdc++.so.6.0.30
7f4c6b5aa000-7f4c6b619000 r--p 001aa000 08:03 552221                     /usr/lib/x86_64-linux-gnu/libstdc++.so.6.0.30
7f4c6b619000-7f4c6b624000 r--p 00218000 08:03 552221                     /usr/lib/x86_64-linux-gnu/libstdc++.so.6.0.30
7f4c6b624000-7f4c6b627000 rw-p 00223000 08:03 552221                     /usr/lib/x86_64-linux-gnu/libstdc++.so.6.0.30
7f4c6b627000-7f4c6b62a000 rw-p 00000000 00:00 0 
7f4c6b62c000-7f4c6b62d000 r--p 00000000 08:03 551276                     /usr/lib/x86_64-linux-gnu/libdl.so.2
7f4c6b62d000-7f4c6b62e000 r-xp 00001000 08:03 551276                     /usr/lib/x86_64-linux-gnu/libdl.so.2
7f4c6b62e000-7f4c6b62f000 r--p 00002000 08:03 551276                     /usr/lib/x86_64-linux-gnu/libdl.so.2
7f4c6b62f000-7f4c6b630000 r--p 00002000 08:03 551276                     /usr/lib/x86_64-linux-gnu/libdl.so.2
7f4c6b630000-7f4c6b631000 rw-p 00003000 08:03 551276                     /usr/lib/x86_64-linux-gnu/libdl.so.2
7f4c6b631000-7f4c6b632000 r--p 00000000 08:03 552054                     /usr/lib/x86_64-linux-gnu/libpthread.so.0
7f4c6b632000-7f4c6b633000 r-xp 00001000 08:03 552054                     /usr/lib/x86_64-linux-gnu/libpthread.so.0
7f4c6b633000-7f4c6b634000 r--p 00002000 08:03 552054                     /usr/lib/x86_64-linux-gnu/libpthread.so.0
7f4c6b634000-7f4c6b635000 r--p 00002000 08:03 552054                     /usr/lib/x86_64-linux-gnu/libpthread.so.0
7f4c6b635000-7f4c6b636000 rw-p 00003000 08:03 552054                     /usr/lib/x86_64-linux-gnu/libpthread.so.0
7f4c6b636000-7f4c6b63a000 r--p 00000000 08:03 1579530                    /home/doudou/.javacpp/cache/javacpp-1.5.7-linux-x86_64.jar/org/bytedeco/javacpp/linux-x86_64/libjnijavacpp.so
7f4c6b63a000-7f4c6b641000 r-xp 00004000 08:03 1579530                    /home/doudou/.javacpp/cache/javacpp-1.5.7-linux-x86_64.jar/org/bytedeco/javacpp/linux-x86_64/libjnijavacpp.so
7f4c6b641000-7f4c6b645000 r--p 0000b000 08:03 1579530                    /home/doudou/.javacpp/cache/javacpp-1.5.7-linux-x86_64.jar/org/bytedeco/javacpp/linux-x86_64/libjnijavacpp.so
7f4c6b645000-7f4c6b646000 r--p 0000e000 08:03 1579530                    /home/doudou/.javacpp/cache/javacpp-1.5.7-linux-x86_64.jar/org/bytedeco/javacpp/linux-x86_64/libjnijavacpp.so
7f4c6b646000-7f4c6b647000 rw-p 0000f000 08:03 1579530                    /home/doudou/.javacpp/cache/javacpp-1.5.7-linux-x86_64.jar/org/bytedeco/javacpp/linux-x86_64/libjnijavacpp.so
7f4c6b647000-7f4c6b648000 r--p 00000000 08:03 1058804                    /usr/lib/jvm/java-11-openjdk-amd64/lib/libextnet.so
7f4c6b648000-7f4c6b649000 r-xp 00001000 08:03 1058804                    /usr/lib/jvm/java-11-openjdk-amd64/lib/libextnet.so
7f4c6b649000-7f4c6b64a000 r--p 00002000 08:03 1058804                    /usr/lib/jvm/java-11-openjdk-amd64/lib/libextnet.so
7f4c6b64a000-7f4c6b64b000 r--p 00002000 08:03 1058804                    /usr/lib/jvm/java-11-openjdk-amd64/lib/libextnet.so
7f4c6b64b000-7f4c6b64c000 rw-p 00003000 08:03 1058804                    /usr/lib/jvm/java-11-openjdk-amd64/lib/libextnet.so
7f4c6b64c000-7f4c6b650000 r--p 00000000 08:03 1058822                    /usr/lib/jvm/java-11-openjdk-amd64/lib/libnet.so
7f4c6b650000-7f4c6b65e000 r-xp 00004000 08:03 1058822                    /usr/lib/jvm/java-11-openjdk-amd64/lib/libnet.so
7f4c6b65e000-7f4c6b662000 r--p 00012000 08:03 1058822                    /usr/lib/jvm/java-11-openjdk-amd64/lib/libnet.so
7f4c6b662000-7f4c6b663000 r--p 00015000 08:03 1058822                    /usr/lib/jvm/java-11-openjdk-amd64/lib/libnet.so
7f4c6b663000-7f4c6b664000 rw-p 00016000 08:03 1058822                    /usr/lib/jvm/java-11-openjdk-amd64/lib/libnet.so
7f4c6b664000-7f4c6b66b000 r--p 00000000 08:03 1058823                    /usr/lib/jvm/java-11-openjdk-amd64/lib/libnio.so
7f4c6b66b000-7f4c6b673000 r-xp 00007000 08:03 1058823                    /usr/lib/jvm/java-11-openjdk-amd64/lib/libnio.so
7f4c6b673000-7f4c6b676000 r--p 0000f000 08:03 1058823                    /usr/lib/jvm/java-11-openjdk-amd64/lib/libnio.so
7f4c6b676000-7f4c6b677000 r--p 00011000 08:03 1058823                    /usr/lib/jvm/java-11-openjdk-amd64/lib/libnio.so
7f4c6b677000-7f4c6b678000 rw-p 00012000 08:03 1058823                    /usr/lib/jvm/java-11-openjdk-amd64/lib/libnio.so
7f4c6b678000-7f4c6b6f9000 rw-p 00000000 00:00 0 
7f4c6b6f9000-7f4c6b700000 ---p 00000000 00:00 0 
7f4c6b700000-7f4c6b704000 ---p 00000000 00:00 0 
7f4c6b704000-7f4c6b800000 rw-p 00000000 00:00 0 
7f4c6b800000-7f4c6ba82000 r--p 00000000 08:03 1058837                    /usr/lib/jvm/java-11-openjdk-amd64/lib/server/libjvm.so
7f4c6ba82000-7f4c6c71e000 r-xp 00282000 08:03 1058837                    /usr/lib/jvm/java-11-openjdk-amd64/lib/server/libjvm.so
7f4c6c71e000-7f4c6c979000 r--p 00f1e000 08:03 1058837                    /usr/lib/jvm/java-11-openjdk-amd64/lib/server/libjvm.so
7f4c6c979000-7f4c6c97a000 ---p 01179000 08:03 1058837                    /usr/lib/jvm/java-11-openjdk-amd64/lib/server/libjvm.so
7f4c6c97a000-7f4c6ca3e000 r--p 01179000 08:03 1058837                    /usr/lib/jvm/java-11-openjdk-amd64/lib/server/libjvm.so
7f4c6ca3e000-7f4c6ca79000 rw-p 0123d000 08:03 1058837                    /usr/lib/jvm/java-11-openjdk-amd64/lib/server/libjvm.so
7f4c6ca79000-7f4c6cad0000 rw-p 00000000 00:00 0 
7f4c6cad2000-7f4c6cad4000 r--p 00000000 08:03 1058831                    /usr/lib/jvm/java-11-openjdk-amd64/lib/libzip.so
7f4c6cad4000-7f4c6cad9000 r-xp 00002000 08:03 1058831                    /usr/lib/jvm/java-11-openjdk-amd64/lib/libzip.so
7f4c6cad9000-7f4c6cadb000 r--p 00007000 08:03 1058831                    /usr/lib/jvm/java-11-openjdk-amd64/lib/libzip.so
7f4c6cadb000-7f4c6cadc000 r--p 00008000 08:03 1058831                    /usr/lib/jvm/java-11-openjdk-amd64/lib/libzip.so
7f4c6cadc000-7f4c6cadd000 rw-p 00009000 08:03 1058831                    /usr/lib/jvm/java-11-openjdk-amd64/lib/libzip.so
7f4c6cadd000-7f4c6cadf000 r--p 00000000 08:03 1058806                    /usr/lib/jvm/java-11-openjdk-amd64/lib/libinstrument.so
7f4c6cadf000-7f4c6cae6000 r-xp 00002000 08:03 1058806                    /usr/lib/jvm/java-11-openjdk-amd64/lib/libinstrument.so
7f4c6cae6000-7f4c6cae9000 r--p 00009000 08:03 1058806                    /usr/lib/jvm/java-11-openjdk-amd64/lib/libinstrument.so
7f4c6cae9000-7f4c6caea000 r--p 0000b000 08:03 1058806                    /usr/lib/jvm/java-11-openjdk-amd64/lib/libinstrument.so
7f4c6caea000-7f4c6caeb000 rw-p 0000c000 08:03 1058806                    /usr/lib/jvm/java-11-openjdk-amd64/lib/libinstrument.so
7f4c6caeb000-7f4c6caf9000 r--p 00000000 08:03 1058811                    /usr/lib/jvm/java-11-openjdk-amd64/lib/libjava.so
7f4c6caf9000-7f4c6cb0f000 r-xp 0000e000 08:03 1058811                    /usr/lib/jvm/java-11-openjdk-amd64/lib/libjava.so
7f4c6cb0f000-7f4c6cb16000 r--p 00024000 08:03 1058811                    /usr/lib/jvm/java-11-openjdk-amd64/lib/libjava.so
7f4c6cb16000-7f4c6cb17000 r--p 0002a000 08:03 1058811                    /usr/lib/jvm/java-11-openjdk-amd64/lib/libjava.so
7f4c6cb17000-7f4c6cb18000 rw-p 0002b000 08:03 1058811                    /usr/lib/jvm/java-11-openjdk-amd64/lib/libjava.so
7f4c6cb18000-7f4c6cb19000 rw-p 00000000 00:00 0 
7f4c6cb19000-7f4c6cb27000 r--p 00000000 08:03 551785                     /usr/lib/x86_64-linux-gnu/libm.so.6
7f4c6cb27000-7f4c6cba3000 r-xp 0000e000 08:03 551785                     /usr/lib/x86_64-linux-gnu/libm.so.6
7f4c6cba3000-7f4c6cbfe000 r--p 0008a000 08:03 551785                     /usr/lib/x86_64-linux-gnu/libm.so.6
7f4c6cbfe000-7f4c6cbff000 r--p 000e4000 08:03 551785                     /usr/lib/x86_64-linux-gnu/libm.so.6
7f4c6cbff000-7f4c6cc00000 rw-p 000e5000 08:03 551785                     /usr/lib/x86_64-linux-gnu/libm.so.6
7f4c6cc00000-7f4c6cc28000 r--p 00000000 08:03 551134                     /usr/lib/x86_64-linux-gnu/libc.so.6
7f4c6cc28000-7f4c6cdbd000 r-xp 00028000 08:03 551134                     /usr/lib/x86_64-linux-gnu/libc.so.6
7f4c6cdbd000-7f4c6ce15000 r--p 001bd000 08:03 551134                     /usr/lib/x86_64-linux-gnu/libc.so.6
7f4c6ce15000-7f4c6ce19000 r--p 00214000 08:03 551134                     /usr/lib/x86_64-linux-gnu/libc.so.6
7f4c6ce19000-7f4c6ce1b000 rw-p 00218000 08:03 551134                     /usr/lib/x86_64-linux-gnu/libc.so.6
7f4c6ce1b000-7f4c6ce28000 rw-p 00000000 00:00 0 
7f4c6ce2c000-7f4c6ce34000 rw-s 00000000 08:03 262227                     /tmp/hsperfdata_doudou/35768
7f4c6ce34000-7f4c6ce39000 r--p 00000000 08:03 1058830                    /usr/lib/jvm/java-11-openjdk-amd64/lib/libverify.so
7f4c6ce39000-7f4c6ce40000 r-xp 00005000 08:03 1058830                    /usr/lib/jvm/java-11-openjdk-amd64/lib/libverify.so
7f4c6ce40000-7f4c6ce42000 r--p 0000c000 08:03 1058830                    /usr/lib/jvm/java-11-openjdk-amd64/lib/libverify.so
7f4c6ce42000-7f4c6ce44000 r--p 0000d000 08:03 1058830                    /usr/lib/jvm/java-11-openjdk-amd64/lib/libverify.so
7f4c6ce44000-7f4c6ce45000 rw-p 0000f000 08:03 1058830                    /usr/lib/jvm/java-11-openjdk-amd64/lib/libverify.so
7f4c6ce45000-7f4c6ce46000 r--p 00000000 08:03 552110                     /usr/lib/x86_64-linux-gnu/librt.so.1
7f4c6ce46000-7f4c6ce47000 r-xp 00001000 08:03 552110                     /usr/lib/x86_64-linux-gnu/librt.so.1
7f4c6ce47000-7f4c6ce48000 r--p 00002000 08:03 552110                     /usr/lib/x86_64-linux-gnu/librt.so.1
7f4c6ce48000-7f4c6ce49000 r--p 00002000 08:03 552110                     /usr/lib/x86_64-linux-gnu/librt.so.1
7f4c6ce49000-7f4c6ce4a000 rw-p 00003000 08:03 552110                     /usr/lib/x86_64-linux-gnu/librt.so.1
7f4c6ce4a000-7f4c6ce4d000 r--p 00000000 08:03 551433                     /usr/lib/x86_64-linux-gnu/libgcc_s.so.1
7f4c6ce4d000-7f4c6ce64000 r-xp 00003000 08:03 551433                     /usr/lib/x86_64-linux-gnu/libgcc_s.so.1
7f4c6ce64000-7f4c6ce68000 r--p 0001a000 08:03 551433                     /usr/lib/x86_64-linux-gnu/libgcc_s.so.1
7f4c6ce68000-7f4c6ce69000 r--p 0001d000 08:03 551433                     /usr/lib/x86_64-linux-gnu/libgcc_s.so.1
7f4c6ce69000-7f4c6ce6a000 rw-p 0001e000 08:03 551433                     /usr/lib/x86_64-linux-gnu/libgcc_s.so.1
7f4c6ce6a000-7f4c6ce6c000 rw-p 00000000 00:00 0 
7f4c6ce6c000-7f4c6ce6e000 r--p 00000000 08:03 552488                     /usr/lib/x86_64-linux-gnu/libz.so.1.2.11
7f4c6ce6e000-7f4c6ce7f000 r-xp 00002000 08:03 552488                     /usr/lib/x86_64-linux-gnu/libz.so.1.2.11
7f4c6ce7f000-7f4c6ce85000 r--p 00013000 08:03 552488                     /usr/lib/x86_64-linux-gnu/libz.so.1.2.11
7f4c6ce85000-7f4c6ce86000 ---p 00019000 08:03 552488                     /usr/lib/x86_64-linux-gnu/libz.so.1.2.11
7f4c6ce86000-7f4c6ce87000 r--p 00019000 08:03 552488                     /usr/lib/x86_64-linux-gnu/libz.so.1.2.11
7f4c6ce87000-7f4c6ce88000 rw-p 0001a000 08:03 552488                     /usr/lib/x86_64-linux-gnu/libz.so.1.2.11
7f4c6ce8c000-7f4c6ce8d000 ---p 00000000 00:00 0 
7f4c6ce8d000-7f4c6ce8e000 r--p 00000000 00:00 0 
7f4c6ce8e000-7f4c6ce90000 r--p 00000000 08:03 1058814                    /usr/lib/jvm/java-11-openjdk-amd64/lib/libjimage.so
7f4c6ce90000-7f4c6ce93000 r-xp 00002000 08:03 1058814                    /usr/lib/jvm/java-11-openjdk-amd64/lib/libjimage.so
7f4c6ce93000-7f4c6ce94000 r--p 00005000 08:03 1058814                    /usr/lib/jvm/java-11-openjdk-amd64/lib/libjimage.so
7f4c6ce94000-7f4c6ce95000 ---p 00006000 08:03 1058814                    /usr/lib/jvm/java-11-openjdk-amd64/lib/libjimage.so
7f4c6ce95000-7f4c6ce96000 r--p 00006000 08:03 1058814                    /usr/lib/jvm/java-11-openjdk-amd64/lib/libjimage.so
7f4c6ce96000-7f4c6ce97000 rw-p 00007000 08:03 1058814                    /usr/lib/jvm/java-11-openjdk-amd64/lib/libjimage.so
7f4c6ce97000-7f4c6ce9a000 r--p 00000000 08:03 1058796                    /usr/lib/jvm/java-11-openjdk-amd64/lib/jli/libjli.so
7f4c6ce9a000-7f4c6cea4000 r-xp 00003000 08:03 1058796                    /usr/lib/jvm/java-11-openjdk-amd64/lib/jli/libjli.so
7f4c6cea4000-7f4c6cea7000 r--p 0000d000 08:03 1058796                    /usr/lib/jvm/java-11-openjdk-amd64/lib/jli/libjli.so
7f4c6cea7000-7f4c6cea8000 ---p 00010000 08:03 1058796                    /usr/lib/jvm/java-11-openjdk-amd64/lib/jli/libjli.so
7f4c6cea8000-7f4c6cea9000 r--p 00010000 08:03 1058796                    /usr/lib/jvm/java-11-openjdk-amd64/lib/jli/libjli.so
7f4c6cea9000-7f4c6ceaa000 rw-p 00011000 08:03 1058796                    /usr/lib/jvm/java-11-openjdk-amd64/lib/jli/libjli.so
7f4c6ceaa000-7f4c6ceac000 rw-p 00000000 00:00 0 
7f4c6ceac000-7f4c6ceae000 r--p 00000000 08:03 550792                     /usr/lib/x86_64-linux-gnu/ld-linux-x86-64.so.2
7f4c6ceae000-7f4c6ced8000 r-xp 00002000 08:03 550792                     /usr/lib/x86_64-linux-gnu/ld-linux-x86-64.so.2
7f4c6ced8000-7f4c6cee3000 r--p 0002c000 08:03 550792                     /usr/lib/x86_64-linux-gnu/ld-linux-x86-64.so.2
7f4c6cee4000-7f4c6cee6000 r--p 00037000 08:03 550792                     /usr/lib/x86_64-linux-gnu/ld-linux-x86-64.so.2
7f4c6cee6000-7f4c6cee8000 rw-p 00039000 08:03 550792                     /usr/lib/x86_64-linux-gnu/ld-linux-x86-64.so.2
7ffc2de2f000-7ffc2de50000 rw-p 00000000 00:00 0                          [stack]
7ffc2ded2000-7ffc2ded6000 r--p 00000000 00:00 0                          [vvar]
7ffc2ded6000-7ffc2ded8000 r-xp 00000000 00:00 0                          [vdso]
ffffffffff600000-ffffffffff601000 --xp 00000000 00:00 0                  [vsyscall]


VM Arguments:
jvm_args: -javaagent:/snap/intellij-idea-ultimate/437/lib/idea_rt.jar=46231:/snap/intellij-idea-ultimate/437/bin -Dfile.encoding=UTF-8 
java_command: Main /home/doudou/lab/Lab/tests/test1.sysy /home/doudou/lab/Lab/tests/out.txt
java_class_path (initial): /home/doudou/lab/Lab/out/production/Lab:/usr/local/lib/antlr-4.9.1-complete.jar:/usr/local/lib/javacpp-1.5.7-linux-x86_64.jar:/usr/local/lib/javacpp-1.5.7.jar:/usr/local/lib/llvm-13.0.1-1.5.7-linux-x86_64.jar:/usr/local/lib/llvm-13.0.1-1.5.7.jar:/usr/local/lib/llvm-platform-13.0.1-1.5.7.jar
Launcher Type: SUN_STANDARD

[Global flags]
     intx CICompilerCount                          = 2                                         {product} {ergonomic}
     uint ConcGCThreads                            = 1                                         {product} {ergonomic}
     uint G1ConcRefinementThreads                  = 2                                         {product} {ergonomic}
   size_t G1HeapRegionSize                         = 1048576                                   {product} {ergonomic}
    uintx GCDrainStackTargetSize                   = 64                                        {product} {ergonomic}
   size_t InitialHeapSize                          = 65011712                                  {product} {ergonomic}
   size_t MarkStackSize                            = 4194304                                   {product} {ergonomic}
   size_t MaxHeapSize                              = 1025507328                                {product} {ergonomic}
   size_t MaxNewSize                               = 614465536                                 {product} {ergonomic}
   size_t MinHeapDeltaBytes                        = 1048576                                   {product} {ergonomic}
    uintx NonNMethodCodeHeapSize                   = 5825164                                {pd product} {ergonomic}
    uintx NonProfiledCodeHeapSize                  = 122916538                              {pd product} {ergonomic}
    uintx ProfiledCodeHeapSize                     = 122916538                              {pd product} {ergonomic}
    uintx ReservedCodeCacheSize                    = 251658240                              {pd product} {ergonomic}
     bool SegmentedCodeCache                       = true                                      {product} {ergonomic}
     bool UseCompressedClassPointers               = true                                 {lp64_product} {ergonomic}
     bool UseCompressedOops                        = true                                 {lp64_product} {ergonomic}
     bool UseG1GC                                  = true                                      {product} {ergonomic}

Logging:
Log output configuration:
 #0: stdout all=warning uptime,level,tags
 #1: stderr all=off uptime,level,tags

Environment Variables:
PATH=/usr/local/sbin:/usr/local/bin:/usr/sbin:/usr/bin:/sbin:/bin:/usr/games:/usr/local/games:/snap/bin:/snap/bin
USERNAME=doudou
SHELL=/bin/bash
DISPLAY=:0
LANG=en_US.UTF-8
LC_NUMERIC=zh_CN.UTF-8
LC_TIME=zh_CN.UTF-8

Signal Handlers:
SIGSEGV: [libjvm.so+0xeabd80], sa_mask[0]=11111111011111111101111111111110, sa_flags=SA_RESTART|SA_SIGINFO
SIGBUS: [libjvm.so+0xeabd80], sa_mask[0]=11111111011111111101111111111110, sa_flags=SA_RESTART|SA_SIGINFO
SIGFPE: [libjvm.so+0xeabd80], sa_mask[0]=11111111011111111101111111111110, sa_flags=SA_RESTART|SA_SIGINFO
SIGPIPE: [libjvm.so+0xbee610], sa_mask[0]=11111111011111111101111111111110, sa_flags=SA_RESTART|SA_SIGINFO
SIGXFSZ: [libjvm.so+0xbee610], sa_mask[0]=11111111011111111101111111111110, sa_flags=SA_RESTART|SA_SIGINFO
SIGILL: [libjvm.so+0xeabd80], sa_mask[0]=11111111011111111101111111111110, sa_flags=SA_RESTART|SA_SIGINFO
SIGUSR2: [libjvm.so+0xbee4b0], sa_mask[0]=00100000000000000000000000000000, sa_flags=SA_RESTART|SA_SIGINFO
SIGHUP: [libjvm.so+0xbeec50], sa_mask[0]=11111111011111111101111111111110, sa_flags=SA_RESTART|SA_SIGINFO
SIGINT: [libjvm.so+0xbeec50], sa_mask[0]=11111111011111111101111111111110, sa_flags=SA_RESTART|SA_SIGINFO
SIGTERM: [libjvm.so+0xbeec50], sa_mask[0]=11111111011111111101111111111110, sa_flags=SA_RESTART|SA_SIGINFO
SIGQUIT: [libjvm.so+0xbeec50], sa_mask[0]=11111111011111111101111111111110, sa_flags=SA_RESTART|SA_SIGINFO


---------------  S Y S T E M  ---------------

OS:DISTRIB_ID=Ubuntu
DISTRIB_RELEASE=22.04
DISTRIB_CODENAME=jammy
DISTRIB_DESCRIPTION="Ubuntu 22.04.2 LTS"
uname:Linux 5.19.0-45-generic #46~22.04.1-Ubuntu SMP PREEMPT_DYNAMIC Wed Jun 7 15:06:04 UTC 20 x86_64
OS uptime: 0 days 23:21 hours
libc:glibc 2.35 NPTL 2.35 
rlimit (soft/hard): STACK 8192k/infinity , CORE 0k/infinity , NPROC 15333/15333 , NOFILE 1048576/1048576 , AS infinity/infinity , CPU infinity/infinity , DATA infinity/infinity , FSIZE infinity/infinity , MEMLOCK 500652k/500652k
load average:4.23 3.78 2.78

/proc/meminfo:
MemTotal:        4005236 kB
MemFree:          123184 kB
MemAvailable:     107060 kB
Buffers:            3276 kB
Cached:           153888 kB
SwapCached:        55292 kB
Active:           708168 kB
Inactive:        1180988 kB
Active(anon):     646816 kB
Inactive(anon):  1085308 kB
Active(file):      61352 kB
Inactive(file):    95680 kB
Unevictable:           0 kB
Mlocked:               0 kB
SwapTotal:       3512316 kB
SwapFree:        1399160 kB
Zswap:                 0 kB
Zswapped:              0 kB
Dirty:                48 kB
Writeback:           200 kB
AnonPages:       1676752 kB
Mapped:            84192 kB
Shmem:                68 kB
KReclaimable:      50980 kB
Slab:             262240 kB
SReclaimable:      50980 kB
SUnreclaim:       211260 kB
KernelStack:       10944 kB
PageTables:        26768 kB
NFS_Unstable:          0 kB
Bounce:                0 kB
WritebackTmp:          0 kB
CommitLimit:     5514932 kB
Committed_AS:    6115588 kB
VmallocTotal:   34359738367 kB
VmallocUsed:       46248 kB
VmallocChunk:          0 kB
Percpu:             2216 kB
HardwareCorrupted:     0 kB
AnonHugePages:         0 kB
ShmemHugePages:        0 kB
ShmemPmdMapped:        0 kB
FileHugePages:         0 kB
FilePmdMapped:         0 kB
HugePages_Total:       0
HugePages_Free:        0
HugePages_Rsvd:        0
HugePages_Surp:        0
Hugepagesize:       2048 kB
Hugetlb:               0 kB
DirectMap4k:      235328 kB
DirectMap2M:     3958784 kB
DirectMap1G:     2097152 kB

/sys/kernel/mm/transparent_hugepage/enabled:
always [madvise] never
/sys/kernel/mm/transparent_hugepage/defrag (defrag/compaction efforts parameter):
always defer defer+madvise [madvise] never

Process Memory:
Virtual Size: 3685924K (peak: 12384612K)
Resident Set Size: 93340K (peak: 93636K) (anon: 38116K, file: 55224K, shmem: 0K)
Swapped out: 0K
C-Heap outstanding allocations: 15522K, retained: 2333K
glibc malloc tunables: (default)

/proc/sys/kernel/threads-max (system-wide limit on the number of threads):
30667
/proc/sys/vm/max_map_count (maximum number of memory map areas a process may have):
65530
/proc/sys/kernel/pid_max (system-wide limit on number of process identifiers):
4194304

container (cgroup) information:
container_type: cgroupv2
cpu_cpuset_cpus: not supported
cpu_memory_nodes: not supported
active_processor_count: 2
cpu_quota: not supported
cpu_period: not supported
cpu_shares: not supported
memory_limit_in_bytes: unlimited
memory_and_swap_limit_in_bytes: unlimited
memory_soft_limit_in_bytes: unlimited
memory_usage_in_bytes: 1802656 k
memory_max_usage_in_bytes: not supported
memory_swap_current_in_bytes: 1248124 k
memory_swap_max_limit_in_bytes: unlimited
maximum number of tasks: 4600
current number of tasks: 146

VMWare virtualization detected
Steal ticks since vm start: 0
Steal ticks percentage since vm start:  0.000

CPU:total 2 (initial active 2) (1 cores per cpu, 1 threads per core) family 6 model 140 stepping 1 microcode 0xffffffff, cmov, cx8, fxsr, mmx, sse, sse2, sse3, ssse3, sse4.1, sse4.2, popcnt, avx, avx2, aes, clmul, erms, 3dnowpref, lzcnt, tsc, tscinvbit, bmi1, bmi2, adx, evex, sha, fma
CPU Model and flags from /proc/cpuinfo:
model name	: 11th Gen Intel(R) Core(TM) i7-1165G7 @ 2.80GHz
flags		: fpu vme de pse tsc msr pae mce cx8 apic sep mtrr pge mca cmov pat pse36 clflush mmx fxsr sse sse2 ss syscall nx pdpe1gb rdtscp lm constant_tsc arch_perfmon rep_good nopl xtopology tsc_reliable nonstop_tsc cpuid tsc_known_freq pni pclmulqdq ssse3 fma cx16 pcid sse4_1 sse4_2 x2apic movbe popcnt tsc_deadline_timer aes xsave avx f16c rdrand hypervisor lahf_lm abm 3dnowprefetch invpcid_single pti ssbd ibrs ibpb stibp fsgsbase tsc_adjust bmi1 avx2 smep bmi2 erms invpcid avx512f avx512dq rdseed adx smap avx512ifma clflushopt clwb avx512cd sha_ni avx512bw avx512vl xsaveopt xsavec xgetbv1 xsaves arat avx512vbmi umip avx512_vbmi2 gfni vaes vpclmulqdq avx512_vnni avx512_bitalg avx512_vpopcntdq rdpid fsrm avx512_vp2intersect flush_l1d arch_capabilities
Online cpus:
0-1
Offline cpus:

BIOS frequency limitation:
<Not Available>
Frequency switch latency (ns):
<Not Available>
Available cpu frequencies:
<Not Available>
Current governor:
<Not Available>
Core performance/turbo boost:
<Not Available>

Memory: 4k page, physical 4005236k(123184k free), swap 3512316k(1399160k free)

vm_info: OpenJDK 64-Bit Server VM (11.0.19+7-post-Ubuntu-0ubuntu122.04.1) for linux-amd64 JRE (11.0.19+7-post-Ubuntu-0ubuntu122.04.1), built on May 10 2023 00:54:00 by "unknown" with gcc 11.3.0

END.
