#
# A fatal error has been detected by the Java Runtime Environment:
#
#  SIGSEGV (0xb) at pc=0x00007fed120292e3, pid=9108, tid=9109
#
# JRE version: OpenJDK Runtime Environment (11.0.19+7) (build 11.0.19+7-post-Ubuntu-0ubuntu122.04.1)
# Java VM: OpenJDK 64-Bit Server VM (11.0.19+7-post-Ubuntu-0ubuntu122.04.1, mixed mode, sharing, tiered, compressed oops, g1 gc, linux-amd64)
# Problematic frame:
# C  [libLLVM-13.so+0xc292e3]  LLVMBuildAdd+0x33
#
# Core dump will be written. Default location: Core dumps may be processed with "/usr/share/apport/apport -p%p -s%s -c%c -d%d -P%P -u%u -g%g -- %E" (or dumping to /home/doudou/lab/Lab/core.9108)
#
# If you would like to submit a bug report, please visit:
#   https://bugs.launchpad.net/ubuntu/+source/openjdk-lts
# The crash happened outside the Java Virtual Machine in native code.
# See problematic frame for where to report the bug.
#

---------------  S U M M A R Y ------------

Command Line: -javaagent:/snap/intellij-idea-ultimate/430/lib/idea_rt.jar=35473:/snap/intellij-idea-ultimate/430/bin -Dfile.encoding=UTF-8 Main /home/doudou/lab/Lab/tests/test1.sysy /home/doudou/lab/Lab/tests/out.txt

Host: 11th Gen Intel(R) Core(TM) i7-1165G7 @ 2.80GHz, 2 cores, 3G, Ubuntu 22.04.2 LTS
Time: Thu Jun  8 23:52:59 2023 CST elapsed time: 1.282633 seconds (0d 0h 0m 1s)

---------------  T H R E A D  ---------------

Current thread (0x00007fed70016800):  JavaThread "main" [_thread_in_native, id=9109, stack(0x00007fed74d00000,0x00007fed74e00000)]

Stack: [0x00007fed74d00000,0x00007fed74e00000],  sp=0x00007fed74dfde70,  free space=1015k
Native frames: (J=compiled Java code, A=aot compiled Java code, j=interpreted, Vv=VM code, C=native code)
C  [libLLVM-13.so+0xc292e3]  LLVMBuildAdd+0x33

Java frames: (J=compiled Java code, j=interpreted, Vv=VM code)
j  org.bytedeco.llvm.global.LLVM.LLVMBuildAdd(Lorg/bytedeco/llvm/LLVM/LLVMBuilderRef;Lorg/bytedeco/llvm/LLVM/LLVMValueRef;Lorg/bytedeco/llvm/LLVM/LLVMValueRef;Ljava/lang/String;)Lorg/bytedeco/llvm/LLVM/LLVMValueRef;+0
j  SysYLlvmVisitor.visitExp(LSysYParser$ExpContext;)Lorg/bytedeco/llvm/LLVM/LLVMValueRef;+435
j  SysYLlvmVisitor.visitStmt(LSysYParser$StmtContext;)Lorg/bytedeco/llvm/LLVM/LLVMValueRef;+21
j  SysYLlvmVisitor.visitStmt(LSysYParser$StmtContext;)Ljava/lang/Object;+2
j  SysYParser$StmtContext.accept(Lorg/antlr/v4/runtime/tree/ParseTreeVisitor;)Ljava/lang/Object;+12
j  org.antlr.v4.runtime.tree.AbstractParseTreeVisitor.visitChildren(Lorg/antlr/v4/runtime/tree/RuleNode;)Ljava/lang/Object;+46
j  SysYParserBaseVisitor.visitBlockItem(LSysYParser$BlockItemContext;)Ljava/lang/Object;+2
j  SysYParser$BlockItemContext.accept(Lorg/antlr/v4/runtime/tree/ParseTreeVisitor;)Ljava/lang/Object;+12
j  org.antlr.v4.runtime.tree.AbstractParseTreeVisitor.visitChildren(Lorg/antlr/v4/runtime/tree/RuleNode;)Ljava/lang/Object;+46
j  SysYParserBaseVisitor.visitBlock(LSysYParser$BlockContext;)Ljava/lang/Object;+2
j  SysYParser$BlockContext.accept(Lorg/antlr/v4/runtime/tree/ParseTreeVisitor;)Ljava/lang/Object;+12
j  org.antlr.v4.runtime.tree.AbstractParseTreeVisitor.visit(Lorg/antlr/v4/runtime/tree/ParseTree;)Ljava/lang/Object;+2
j  SysYLlvmVisitor.visitFuncDef(LSysYParser$FuncDefContext;)Lorg/bytedeco/llvm/LLVM/LLVMValueRef;+290
j  SysYLlvmVisitor.visitCompUnit(LSysYParser$CompUnitContext;)Lorg/bytedeco/llvm/LLVM/LLVMValueRef;+364
j  SysYLlvmVisitor.visitCompUnit(LSysYParser$CompUnitContext;)Ljava/lang/Object;+2
j  SysYParser$CompUnitContext.accept(Lorg/antlr/v4/runtime/tree/ParseTreeVisitor;)Ljava/lang/Object;+12
j  org.antlr.v4.runtime.tree.AbstractParseTreeVisitor.visitChildren(Lorg/antlr/v4/runtime/tree/RuleNode;)Ljava/lang/Object;+46
j  SysYParserBaseVisitor.visitProgram(LSysYParser$ProgramContext;)Ljava/lang/Object;+2
j  SysYParser$ProgramContext.accept(Lorg/antlr/v4/runtime/tree/ParseTreeVisitor;)Ljava/lang/Object;+12
j  org.antlr.v4.runtime.tree.AbstractParseTreeVisitor.visit(Lorg/antlr/v4/runtime/tree/ParseTree;)Ljava/lang/Object;+2
j  Main.main([Ljava/lang/String;)V+218
v  ~StubRoutines::call_stub

siginfo: si_signo: 11 (SIGSEGV), si_code: 1 (SEGV_MAPERR), si_addr: 0x0000000000000010

Register to memory mapping:

RAX=0x00007fed704c9670 points into unknown readable memory: 0x0000706d74646461 | 61 64 64 74 6d 70 00 00
RBX=0x00007fed70499560 points into unknown readable memory: 0x00007fed70499570 | 70 95 49 70 ed 7f 00 00
RCX=0x00007fed704c9670 points into unknown readable memory: 0x0000706d74646461 | 61 64 64 74 6d 70 00 00
RDX=0x0000000000000101 is an unknown value
RSP=0x00007fed74dfde70 is pointing into the stack for thread: 0x00007fed70016800
RBP=0x00007fed70016b48 points into unknown readable memory: 0x00007fed76044b40 | 40 4b 04 76 ed 7f 00 00
RSI=0x0 is NULL
RDI=0x00007fed704c1950 points into unknown readable memory: 0x00007fed704c01c8 | c8 01 4c 70 ed 7f 00 00
R8 =
[error occurred during error reporting (printing register info), id 0xb, SIGSEGV (0xb) at pc=0x00007fed75623af2]

Registers:
RAX=0x00007fed704c9670, RBX=0x00007fed70499560, RCX=0x00007fed704c9670, RDX=0x0000000000000101
RSP=0x00007fed74dfde70, RBP=0x00007fed70016b48, RSI=0x0000000000000000, RDI=0x00007fed704c1950
R8 =0x00000000c6bc31f8, R9 =0x0000000000000002, R10=0x00007fed11460568, R11=0x00007fed120292b0
R12=0x00007fed74dfdfd8, R13=0x00007fed704c1950, R14=0x0000000000000000, R15=0x00007fed70499560
RIP=0x00007fed120292e3, EFLAGS=0x0000000000010283, CSGSFS=0x002b000000000033, ERR=0x0000000000000004
  TRAPNO=0x000000000000000e

Top of Stack: (sp=0x00007fed74dfde70)
0x00007fed74dfde70:   00007fed704c9670 0000000000000000
0x00007fed74dfde80:   cafebabecafebabe 0000000000000000
0x00007fed74dfde90:   0000000000000103 0000000000000000
0x00007fed74dfdea0:   0000000000000000 0000000000000000 

Instructions: (pc=0x00007fed120292e3)
0x00007fed120291e3:   e0 00 74 14 48 8b 47 e8 48 8b 57 f0 48 89 02 48
0x00007fed120291f3:   85 c0 74 04 48 89 50 10 48 89 77 e0 48 85 f6 74
0x00007fed12029203:   25 48 8b 46 08 48 8d 56 08 48 89 47 e8 48 85 c0
0x00007fed12029213:   74 08 48 8d 4f e8 48 89 48 10 48 89 57 f0 48 83
0x00007fed12029223:   ef 20 48 89 7e 08 c3 66 0f 1f 44 00 00 8b 47 14
0x00007fed12029233:   89 f6 25 ff ff ff 07 48 29 c6 48 c1 e6 05 48 8b
0x00007fed12029243:   04 37 c3 66 2e 0f 1f 84 00 00 00 00 00 48 89 f8
0x00007fed12029253:   89 f7 8b 48 14 81 e1 ff ff ff 07 48 29 cf 48 c1
0x00007fed12029263:   e7 05 48 01 c7 48 83 3f 00 74 14 48 8b 47 08 48
0x00007fed12029273:   8b 4f 10 48 89 01 48 85 c0 74 04 48 89 48 10 48
0x00007fed12029283:   89 17 48 85 d2 74 21 48 8b 42 08 48 8d 4a 08 48
0x00007fed12029293:   89 47 08 48 85 c0 74 08 48 8d 77 08 48 89 70 10
0x00007fed120292a3:   48 89 4f 10 48 89 7a 08 c3 0f 1f 40 00 41 54 55
0x00007fed120292b3:   53 48 89 fb 48 89 f7 48 89 d6 ba 01 01 00 00 48
0x00007fed120292c3:   83 ec 60 80 39 00 66 89 54 24 20 74 09 48 89 0c
0x00007fed120292d3:   24 c6 44 24 20 03 80 7f 10 12 0f 87 95 00 00 00
0x00007fed120292e3:   80 7e 10 12 0f 87 8b 00 00 00 4c 8b 4b 48 48 8d
0x00007fed120292f3:   15 18 19 fa ff 49 8b 01 48 8b 40 10 48 39 d0 0f
0x00007fed12029303:   85 f0 00 00 00 31 c9 31 d2 e8 7f 13 ff ff 49 89
0x00007fed12029313:   c4 41 80 7c 24 10 19 76 4b 48 8b 7b 50 48 8b 4b
0x00007fed12029323:   30 48 89 e2 4c 89 e6 4c 8b 43 38 48 8b 07 ff 50
0x00007fed12029333:   10 8b 6b 08 48 8b 03 48 c1 e5 04 48 01 c5 48 39
0x00007fed12029343:   e8 74 21 48 89 c3 0f 1f 80 00 00 00 00 48 8b 53
0x00007fed12029353:   08 8b 33 4c 89 e7 48 83 c3 10 e8 de 4a 0e 00 48
0x00007fed12029363:   39 dd 75 e9 48 83 c4 60 4c 89 e0 5b 5d 41 5c c3
0x00007fed12029373:   0f 1f 44 00 00 48 89 f2 b8 01 01 00 00 48 89 fe
0x00007fed12029383:   45 31 c0 48 8d 4c 24 30 bf 0d 00 00 00 66 89 44
0x00007fed12029393:   24 50 e8 76 cf 09 00 48 8b 7b 50 48 89 e2 48 8b
0x00007fed120293a3:   4b 30 49 89 c4 4c 8b 43 38 48 8b 07 4c 89 e6 ff
0x00007fed120293b3:   50 10 8b 6b 08 48 8b 13 48 c1 e5 04 48 01 d5 48
0x00007fed120293c3:   39 ea 74 a0 48 89 d3 66 0f 1f 44 00 00 48 8b 53
0x00007fed120293d3:   08 8b 33 4c 89 e7 48 83 c3 10 e8 5e 4a 0e 00 48 


Stack slot to memory mapping:
stack at sp + 0 slots: 0x00007fed704c9670 points into unknown readable memory: 0x0000706d74646461 | 61 64 64 74 6d 70 00 00
stack at sp + 1 slots: 0x0 is NULL
stack at sp + 2 slots: 0xcafebabecafebabe is an unknown value
stack at sp + 3 slots: 0x0 is NULL
stack at sp + 4 slots: 0x0000000000000103 is an unknown value
stack at sp + 5 slots: 0x0 is NULL
stack at sp + 6 slots: 0x0 is NULL
stack at sp + 7 slots: 0x0 is NULL


---------------  P R O C E S S  ---------------

Threads class SMR info:
_java_thread_list=0x00007fed28000c40, length=12, elements={
0x00007fed70016800, 0x00007fed70120000, 0x00007fed70122000, 0x00007fed70128800,
0x00007fed7012a800, 0x00007fed7012c800, 0x00007fed7012e800, 0x00007fed70130800,
0x00007fed70146800, 0x00007fed70235000, 0x00007fed70250000, 0x00007fed28001000
}

Java Threads: ( => current thread )
=>0x00007fed70016800 JavaThread "main" [_thread_in_native, id=9109, stack(0x00007fed74d00000,0x00007fed74e00000)]
  0x00007fed70120000 JavaThread "Reference Handler" daemon [_thread_blocked, id=9117, stack(0x00007fed43700000,0x00007fed43800000)]
  0x00007fed70122000 JavaThread "Finalizer" daemon [_thread_blocked, id=9118, stack(0x00007fed43600000,0x00007fed43700000)]
  0x00007fed70128800 JavaThread "Signal Dispatcher" daemon [_thread_blocked, id=9119, stack(0x00007fed42700000,0x00007fed42800000)]
  0x00007fed7012a800 JavaThread "Service Thread" daemon [_thread_blocked, id=9120, stack(0x00007fed42600000,0x00007fed42700000)]
  0x00007fed7012c800 JavaThread "C2 CompilerThread0" daemon [_thread_blocked, id=9121, stack(0x00007fed42500000,0x00007fed42600000)]
  0x00007fed7012e800 JavaThread "C1 CompilerThread0" daemon [_thread_blocked, id=9123, stack(0x00007fed42400000,0x00007fed42500000)]
  0x00007fed70130800 JavaThread "Sweeper thread" daemon [_thread_blocked, id=9124, stack(0x00007fed42300000,0x00007fed42400000)]
  0x00007fed70146800 JavaThread "Common-Cleaner" daemon [_thread_blocked, id=9129, stack(0x00007fed42200000,0x00007fed42300000)]
  0x00007fed70235000 JavaThread "Monitor Ctrl-Break" daemon [_thread_in_native, id=9133, stack(0x00007fed42100000,0x00007fed42200000)]
  0x00007fed70250000 JavaThread "JavaCPP Deallocator" daemon [_thread_blocked, id=9135, stack(0x00007fed41efe000,0x00007fed41ffe000)]
  0x00007fed28001000 JavaThread "Attach Listener" daemon [_thread_in_vm, id=9144, stack(0x00007fed41cfc000,0x00007fed41dfc000)]

Other Threads:
  0x00007fed7011d000 VMThread "VM Thread" [stack: 0x00007fed50090000,0x00007fed50190000] [id=9116]
  0x00007fed70236800 WatcherThread [stack: 0x00007fed42000000,0x00007fed42100000] [id=9134]
  0x00007fed7002f800 GCTaskThread "GC Thread#0" [stack: 0x00007fed7472a000,0x00007fed7482a000] [id=9110]
  0x00007fed38001000 GCTaskThread "GC Thread#1" [stack: 0x00007fed41dfe000,0x00007fed41efe000] [id=9143]
  0x00007fed7004a800 ConcurrentGCThread "G1 Main Marker" [stack: 0x00007fed74058000,0x00007fed74158000] [id=9112]
  0x00007fed7004c000 ConcurrentGCThread "G1 Conc#0" [stack: 0x00007fed58500000,0x00007fed58600000] [id=9113]
  0x00007fed70087800 ConcurrentGCThread "G1 Refine#0" [stack: 0x00007fed581fc000,0x00007fed582fc000] [id=9114]
  0x00007fed70089000 ConcurrentGCThread "G1 Young RemSet Sampling" [stack: 0x00007fed580fa000,0x00007fed581fa000] [id=9115]

Threads with active compile tasks:
C1 CompilerThread0     1326  692       3       java.util.StringTokenizer::scanToken (179 bytes)

VM state:not at safepoint (normal execution)

VM Mutex/Monitor currently owned by a thread: None

Heap address: 0x00000000c3200000, size: 974 MB, Compressed Oops mode: 32-bit
Narrow klass base: 0x0000000800000000, Narrow klass shift: 3
Compressed class space size: 1073741824 Address: 0x0000000840000000

Heap:
 garbage-first heap   total 65536K, used 7476K [0x00000000c3200000, 0x0000000100000000)
  region size 1024K, 7 young (7168K), 1 survivors (1024K)
 Metaspace       used 4015K, capacity 6623K, committed 6912K, reserved 1056768K
  class space    used 442K, capacity 698K, committed 768K, reserved 1048576K
Heap Regions: E=young(eden), S=young(survivor), O=old, HS=humongous(starts), HC=humongous(continues), CS=collection set, F=free, A=archive, TAMS=top-at-mark-start (previous, next)
|   0|0x00000000c3200000, 0x00000000c329b000, 0x00000000c3300000| 60%| O|  |TAMS 0x00000000c3200000, 0x00000000c3200000| Untracked 
|   1|0x00000000c3300000, 0x00000000c3300000, 0x00000000c3400000|  0%| F|  |TAMS 0x00000000c3300000, 0x00000000c3300000| Untracked 
|   2|0x00000000c3400000, 0x00000000c3400000, 0x00000000c3500000|  0%| F|  |TAMS 0x00000000c3400000, 0x00000000c3400000| Untracked 
|   3|0x00000000c3500000, 0x00000000c3500000, 0x00000000c3600000|  0%| F|  |TAMS 0x00000000c3500000, 0x00000000c3500000| Untracked 
|   4|0x00000000c3600000, 0x00000000c3600000, 0x00000000c3700000|  0%| F|  |TAMS 0x00000000c3600000, 0x00000000c3600000| Untracked 
|   5|0x00000000c3700000, 0x00000000c3700000, 0x00000000c3800000|  0%| F|  |TAMS 0x00000000c3700000, 0x00000000c3700000| Untracked 
|   6|0x00000000c3800000, 0x00000000c3800000, 0x00000000c3900000|  0%| F|  |TAMS 0x00000000c3800000, 0x00000000c3800000| Untracked 
|   7|0x00000000c3900000, 0x00000000c3900000, 0x00000000c3a00000|  0%| F|  |TAMS 0x00000000c3900000, 0x00000000c3900000| Untracked 
|   8|0x00000000c3a00000, 0x00000000c3a00000, 0x00000000c3b00000|  0%| F|  |TAMS 0x00000000c3a00000, 0x00000000c3a00000| Untracked 
|   9|0x00000000c3b00000, 0x00000000c3b00000, 0x00000000c3c00000|  0%| F|  |TAMS 0x00000000c3b00000, 0x00000000c3b00000| Untracked 
|  10|0x00000000c3c00000, 0x00000000c3c00000, 0x00000000c3d00000|  0%| F|  |TAMS 0x00000000c3c00000, 0x00000000c3c00000| Untracked 
|  11|0x00000000c3d00000, 0x00000000c3d00000, 0x00000000c3e00000|  0%| F|  |TAMS 0x00000000c3d00000, 0x00000000c3d00000| Untracked 
|  12|0x00000000c3e00000, 0x00000000c3e00000, 0x00000000c3f00000|  0%| F|  |TAMS 0x00000000c3e00000, 0x00000000c3e00000| Untracked 
|  13|0x00000000c3f00000, 0x00000000c3f00000, 0x00000000c4000000|  0%| F|  |TAMS 0x00000000c3f00000, 0x00000000c3f00000| Untracked 
|  14|0x00000000c4000000, 0x00000000c4000000, 0x00000000c4100000|  0%| F|  |TAMS 0x00000000c4000000, 0x00000000c4000000| Untracked 
|  15|0x00000000c4100000, 0x00000000c4100000, 0x00000000c4200000|  0%| F|  |TAMS 0x00000000c4100000, 0x00000000c4100000| Untracked 
|  16|0x00000000c4200000, 0x00000000c4200000, 0x00000000c4300000|  0%| F|  |TAMS 0x00000000c4200000, 0x00000000c4200000| Untracked 
|  17|0x00000000c4300000, 0x00000000c4300000, 0x00000000c4400000|  0%| F|  |TAMS 0x00000000c4300000, 0x00000000c4300000| Untracked 
|  18|0x00000000c4400000, 0x00000000c4400000, 0x00000000c4500000|  0%| F|  |TAMS 0x00000000c4400000, 0x00000000c4400000| Untracked 
|  19|0x00000000c4500000, 0x00000000c4500000, 0x00000000c4600000|  0%| F|  |TAMS 0x00000000c4500000, 0x00000000c4500000| Untracked 
|  20|0x00000000c4600000, 0x00000000c4600000, 0x00000000c4700000|  0%| F|  |TAMS 0x00000000c4600000, 0x00000000c4600000| Untracked 
|  21|0x00000000c4700000, 0x00000000c4700000, 0x00000000c4800000|  0%| F|  |TAMS 0x00000000c4700000, 0x00000000c4700000| Untracked 
|  22|0x00000000c4800000, 0x00000000c4800000, 0x00000000c4900000|  0%| F|  |TAMS 0x00000000c4800000, 0x00000000c4800000| Untracked 
|  23|0x00000000c4900000, 0x00000000c4900000, 0x00000000c4a00000|  0%| F|  |TAMS 0x00000000c4900000, 0x00000000c4900000| Untracked 
|  24|0x00000000c4a00000, 0x00000000c4a00000, 0x00000000c4b00000|  0%| F|  |TAMS 0x00000000c4a00000, 0x00000000c4a00000| Untracked 
|  25|0x00000000c4b00000, 0x00000000c4b00000, 0x00000000c4c00000|  0%| F|  |TAMS 0x00000000c4b00000, 0x00000000c4b00000| Untracked 
|  26|0x00000000c4c00000, 0x00000000c4c00000, 0x00000000c4d00000|  0%| F|  |TAMS 0x00000000c4c00000, 0x00000000c4c00000| Untracked 
|  27|0x00000000c4d00000, 0x00000000c4d00000, 0x00000000c4e00000|  0%| F|  |TAMS 0x00000000c4d00000, 0x00000000c4d00000| Untracked 
|  28|0x00000000c4e00000, 0x00000000c4e00000, 0x00000000c4f00000|  0%| F|  |TAMS 0x00000000c4e00000, 0x00000000c4e00000| Untracked 
|  29|0x00000000c4f00000, 0x00000000c4f00000, 0x00000000c5000000|  0%| F|  |TAMS 0x00000000c4f00000, 0x00000000c4f00000| Untracked 
|  30|0x00000000c5000000, 0x00000000c5000000, 0x00000000c5100000|  0%| F|  |TAMS 0x00000000c5000000, 0x00000000c5000000| Untracked 
|  31|0x00000000c5100000, 0x00000000c5100000, 0x00000000c5200000|  0%| F|  |TAMS 0x00000000c5100000, 0x00000000c5100000| Untracked 
|  32|0x00000000c5200000, 0x00000000c5200000, 0x00000000c5300000|  0%| F|  |TAMS 0x00000000c5200000, 0x00000000c5200000| Untracked 
|  33|0x00000000c5300000, 0x00000000c5300000, 0x00000000c5400000|  0%| F|  |TAMS 0x00000000c5300000, 0x00000000c5300000| Untracked 
|  34|0x00000000c5400000, 0x00000000c5400000, 0x00000000c5500000|  0%| F|  |TAMS 0x00000000c5400000, 0x00000000c5400000| Untracked 
|  35|0x00000000c5500000, 0x00000000c5500000, 0x00000000c5600000|  0%| F|  |TAMS 0x00000000c5500000, 0x00000000c5500000| Untracked 
|  36|0x00000000c5600000, 0x00000000c5600000, 0x00000000c5700000|  0%| F|  |TAMS 0x00000000c5600000, 0x00000000c5600000| Untracked 
|  37|0x00000000c5700000, 0x00000000c5700000, 0x00000000c5800000|  0%| F|  |TAMS 0x00000000c5700000, 0x00000000c5700000| Untracked 
|  38|0x00000000c5800000, 0x00000000c5800000, 0x00000000c5900000|  0%| F|  |TAMS 0x00000000c5800000, 0x00000000c5800000| Untracked 
|  39|0x00000000c5900000, 0x00000000c5900000, 0x00000000c5a00000|  0%| F|  |TAMS 0x00000000c5900000, 0x00000000c5900000| Untracked 
|  40|0x00000000c5a00000, 0x00000000c5a00000, 0x00000000c5b00000|  0%| F|  |TAMS 0x00000000c5a00000, 0x00000000c5a00000| Untracked 
|  41|0x00000000c5b00000, 0x00000000c5b00000, 0x00000000c5c00000|  0%| F|  |TAMS 0x00000000c5b00000, 0x00000000c5b00000| Untracked 
|  42|0x00000000c5c00000, 0x00000000c5c00000, 0x00000000c5d00000|  0%| F|  |TAMS 0x00000000c5c00000, 0x00000000c5c00000| Untracked 
|  43|0x00000000c5d00000, 0x00000000c5d00000, 0x00000000c5e00000|  0%| F|  |TAMS 0x00000000c5d00000, 0x00000000c5d00000| Untracked 
|  44|0x00000000c5e00000, 0x00000000c5e00000, 0x00000000c5f00000|  0%| F|  |TAMS 0x00000000c5e00000, 0x00000000c5e00000| Untracked 
|  45|0x00000000c5f00000, 0x00000000c5f00000, 0x00000000c6000000|  0%| F|  |TAMS 0x00000000c5f00000, 0x00000000c5f00000| Untracked 
|  46|0x00000000c6000000, 0x00000000c6000000, 0x00000000c6100000|  0%| F|  |TAMS 0x00000000c6000000, 0x00000000c6000000| Untracked 
|  47|0x00000000c6100000, 0x00000000c6100000, 0x00000000c6200000|  0%| F|  |TAMS 0x00000000c6100000, 0x00000000c6100000| Untracked 
|  48|0x00000000c6200000, 0x00000000c6200000, 0x00000000c6300000|  0%| F|  |TAMS 0x00000000c6200000, 0x00000000c6200000| Untracked 
|  49|0x00000000c6300000, 0x00000000c6300000, 0x00000000c6400000|  0%| F|  |TAMS 0x00000000c6300000, 0x00000000c6300000| Untracked 
|  50|0x00000000c6400000, 0x00000000c6400000, 0x00000000c6500000|  0%| F|  |TAMS 0x00000000c6400000, 0x00000000c6400000| Untracked 
|  51|0x00000000c6500000, 0x00000000c6500000, 0x00000000c6600000|  0%| F|  |TAMS 0x00000000c6500000, 0x00000000c6500000| Untracked 
|  52|0x00000000c6600000, 0x00000000c6600000, 0x00000000c6700000|  0%| F|  |TAMS 0x00000000c6600000, 0x00000000c6600000| Untracked 
|  53|0x00000000c6700000, 0x00000000c6700000, 0x00000000c6800000|  0%| F|  |TAMS 0x00000000c6700000, 0x00000000c6700000| Untracked 
|  54|0x00000000c6800000, 0x00000000c6900000, 0x00000000c6900000|100%| S|CS|TAMS 0x00000000c6800000, 0x00000000c6800000| Complete 
|  55|0x00000000c6900000, 0x00000000c6900000, 0x00000000c6a00000|  0%| F|  |TAMS 0x00000000c6900000, 0x00000000c6900000| Untracked 
|  56|0x00000000c6a00000, 0x00000000c6a3df28, 0x00000000c6b00000| 24%| E|  |TAMS 0x00000000c6a00000, 0x00000000c6a00000| Complete 
|  57|0x00000000c6b00000, 0x00000000c6c00000, 0x00000000c6c00000|100%| E|CS|TAMS 0x00000000c6b00000, 0x00000000c6b00000| Complete 
|  58|0x00000000c6c00000, 0x00000000c6d00000, 0x00000000c6d00000|100%| E|CS|TAMS 0x00000000c6c00000, 0x00000000c6c00000| Complete 
|  59|0x00000000c6d00000, 0x00000000c6e00000, 0x00000000c6e00000|100%| E|CS|TAMS 0x00000000c6d00000, 0x00000000c6d00000| Complete 
|  60|0x00000000c6e00000, 0x00000000c6f00000, 0x00000000c6f00000|100%| E|CS|TAMS 0x00000000c6e00000, 0x00000000c6e00000| Complete 
|  61|0x00000000c6f00000, 0x00000000c7000000, 0x00000000c7000000|100%| E|CS|TAMS 0x00000000c6f00000, 0x00000000c6f00000| Complete 
| 972|0x00000000ffe00000, 0x00000000ffe47000, 0x00000000fff00000| 27%|OA|  |TAMS 0x00000000ffe00000, 0x00000000ffe00000| Untracked 
| 973|0x00000000fff00000, 0x00000000fff6b000, 0x0000000100000000| 41%|CA|  |TAMS 0x00000000fff00000, 0x00000000fff00000| Untracked 

Card table byte_map: [0x00007fed74158000,0x00007fed7433f000] _byte_map_base: 0x00007fed73b3f000

Marking Bits (Prev, Next): (CMBitMap*) 0x00007fed70045a68, (CMBitMap*) 0x00007fed70045aa0
 Prev Bits: [0x00007fed530c8000, 0x00007fed54000000)
 Next Bits: [0x00007fed52190000, 0x00007fed530c8000)

Polling page: 0x00007fed764b9000

Metaspace:

Usage:
  Non-class:      5.79 MB capacity,     3.49 MB ( 60%) used,     2.29 MB ( 40%) free+waste,     7.12 KB ( <1%) overhead. 
      Class:    698.00 KB capacity,   442.17 KB ( 63%) used,   251.95 KB ( 36%) free+waste,     3.88 KB ( <1%) overhead. 
       Both:      6.47 MB capacity,     3.92 MB ( 61%) used,     2.53 MB ( 39%) free+waste,    11.00 KB ( <1%) overhead. 

Virtual space:
  Non-class space:        8.00 MB reserved,       6.00 MB ( 75%) committed 
      Class space:        1.00 GB reserved,     768.00 KB ( <1%) committed 
             Both:        1.01 GB reserved,       6.75 MB ( <1%) committed 

Chunk freelists:
   Non-Class:  27.00 KB
       Class:  6.00 KB
        Both:  33.00 KB

MaxMetaspaceSize: unlimited
CompressedClassSpaceSize: 1.00 GB
Initial GC threshold: 20.80 MB
Current GC threshold: 20.80 MB
CDS: on

CodeHeap 'non-profiled nmethods': size=120036Kb used=216Kb max_used=216Kb free=119819Kb
 bounds [0x00007fed600c7000, 0x00007fed60337000, 0x00007fed67600000]
CodeHeap 'profiled nmethods': size=120032Kb used=1124Kb max_used=1124Kb free=118908Kb
 bounds [0x00007fed58b8f000, 0x00007fed58dff000, 0x00007fed600c7000]
CodeHeap 'non-nmethods': size=5692Kb used=1162Kb max_used=1175Kb free=4530Kb
 bounds [0x00007fed58600000, 0x00007fed58870000, 0x00007fed58b8f000]
 total_blobs=1104 nmethods=691 adapters=327
 compilation: enabled
              stopped_count=0, restarted_count=0
 full_count=0

Compilation events (20 events):
Event: 1.264 Thread 0x00007fed7012e800 nmethod 636 0x00007fed58c94a90 code [0x00007fed58c94c60, 0x00007fed58c94f20]
Event: 1.265 Thread 0x00007fed7012e800  640       3       java.lang.invoke.MethodType::checkPtype (19 bytes)
Event: 1.266 Thread 0x00007fed7012e800 nmethod 640 0x00007fed58c95110 code [0x00007fed58c95300, 0x00007fed58c956b0]
Event: 1.266 Thread 0x00007fed7012e800  641       3       java.lang.invoke.LambdaForm$BasicType::basicType (19 bytes)
Event: 1.266 Thread 0x00007fed7012e800 nmethod 641 0x00007fed58c95810 code [0x00007fed58c959e0, 0x00007fed58c95c10]
Event: 1.266 Thread 0x00007fed7012e800  643       3       jdk.internal.org.objectweb.asm.Item::isEqualTo (354 bytes)
Event: 1.266 Thread 0x00007fed7012e800 nmethod 643 0x00007fed58c95d10 code [0x00007fed58c95f80, 0x00007fed58c96a80]
Event: 1.267 Thread 0x00007fed7012e800  642       3       jdk.internal.org.objectweb.asm.ByteVector::putInt (74 bytes)
Event: 1.267 Thread 0x00007fed7012e800 nmethod 642 0x00007fed58c96d90 code [0x00007fed58c96f60, 0x00007fed58c971c0]
Event: 1.267 Thread 0x00007fed7012e800  645       3       java.lang.invoke.MemberName::isStatic (8 bytes)
Event: 1.267 Thread 0x00007fed7012e800 nmethod 645 0x00007fed58c97310 code [0x00007fed58c974c0, 0x00007fed58c97690]
Event: 1.267 Thread 0x00007fed7012e800  647       3       java.lang.invoke.MemberName::getReferenceKind (12 bytes)
Event: 1.267 Thread 0x00007fed7012e800 nmethod 647 0x00007fed58c97790 code [0x00007fed58c97940, 0x00007fed58c97a70]
Event: 1.267 Thread 0x00007fed7012e800  651       3       jdk.internal.org.objectweb.asm.ClassWriter::newStringishItem (68 bytes)
Event: 1.269 Thread 0x00007fed7012e800 nmethod 651 0x00007fed58c97b10 code [0x00007fed58c97d20, 0x00007fed58c980b0]
Event: 1.269 Thread 0x00007fed7012e800  652       3       java.lang.invoke.MethodType::checkPtypes (61 bytes)
Event: 1.270 Thread 0x00007fed7012e800 nmethod 652 0x00007fed58c98290 code [0x00007fed58c98520, 0x00007fed58c98f20]
Event: 1.270 Thread 0x00007fed7012e800  653       3       java.lang.invoke.MemberName::isConstructor (7 bytes)
Event: 1.270 Thread 0x00007fed7012e800 nmethod 653 0x00007fed58c99310 code [0x00007fed58c994c0, 0x00007fed58c99710]
Event: 1.270 Thread 0x00007fed7012e800  657       3       java.lang.invoke.MemberName::getMethodOrFieldType (72 bytes)

GC Heap History (2 events):
Event: 0.995 GC heap before
{Heap before GC invocations=0 (full 0):
 garbage-first heap   total 65536K, used 6856K [0x00000000c3200000, 0x0000000100000000)
  region size 1024K, 7 young (7168K), 0 survivors (0K)
 Metaspace       used 3096K, capacity 5908K, committed 6016K, reserved 1056768K
  class space    used 339K, capacity 586K, committed 640K, reserved 1048576K
}
Event: 1.006 GC heap after
{Heap after GC invocations=1 (full 0):
 garbage-first heap   total 65536K, used 2356K [0x00000000c3200000, 0x0000000100000000)
  region size 1024K, 1 young (1024K), 1 survivors (1024K)
 Metaspace       used 3096K, capacity 5908K, committed 6016K, reserved 1056768K
  class space    used 339K, capacity 586K, committed 640K, reserved 1048576K
}

Deoptimization events (20 events):
Event: 0.958 Thread 0x00007fed70016800 DEOPT PACKING pc=0x00007fed600dd878 sp=0x00007fed74dfdf30
Event: 0.958 Thread 0x00007fed70016800 DEOPT UNPACKING pc=0x00007fed586082a5 sp=0x00007fed74dfdec8 mode 2
Event: 1.027 Thread 0x00007fed70016800 DEOPT PACKING pc=0x00007fed58bbad4e sp=0x00007fed74dfd710
Event: 1.027 Thread 0x00007fed70016800 DEOPT UNPACKING pc=0x00007fed586499fa sp=0x00007fed74dfcbd0 mode 0
Event: 1.223 Thread 0x00007fed70016800 DEOPT PACKING pc=0x00007fed58bf2342 sp=0x00007fed74dfd510
Event: 1.223 Thread 0x00007fed70016800 DEOPT UNPACKING pc=0x00007fed586499fa sp=0x00007fed74dfc998 mode 0
Event: 1.224 Thread 0x00007fed70016800 DEOPT PACKING pc=0x00007fed58c55b4f sp=0x00007fed74dfd4d0
Event: 1.224 Thread 0x00007fed70016800 DEOPT UNPACKING pc=0x00007fed586499fa sp=0x00007fed74dfc990 mode 0
Event: 1.224 Thread 0x00007fed70016800 DEOPT PACKING pc=0x00007fed58c55b4f sp=0x00007fed74dfd4d0
Event: 1.224 Thread 0x00007fed70016800 DEOPT UNPACKING pc=0x00007fed586499fa sp=0x00007fed74dfc990 mode 0
Event: 1.226 Thread 0x00007fed70016800 DEOPT PACKING pc=0x00007fed58c55b4f sp=0x00007fed74dfd4d0
Event: 1.226 Thread 0x00007fed70016800 DEOPT UNPACKING pc=0x00007fed586499fa sp=0x00007fed74dfc990 mode 0
Event: 1.226 Thread 0x00007fed70016800 DEOPT PACKING pc=0x00007fed58c55b4f sp=0x00007fed74dfd550
Event: 1.226 Thread 0x00007fed70016800 DEOPT UNPACKING pc=0x00007fed586499fa sp=0x00007fed74dfca10 mode 0
Event: 1.229 Thread 0x00007fed70016800 DEOPT PACKING pc=0x00007fed58c55b4f sp=0x00007fed74dfc450
Event: 1.229 Thread 0x00007fed70016800 DEOPT UNPACKING pc=0x00007fed586499fa sp=0x00007fed74dfb8f8 mode 0
Event: 1.231 Thread 0x00007fed70016800 DEOPT PACKING pc=0x00007fed58c55b4f sp=0x00007fed74dfc3b0
Event: 1.231 Thread 0x00007fed70016800 DEOPT UNPACKING pc=0x00007fed586499fa sp=0x00007fed74dfb858 mode 0
Event: 1.233 Thread 0x00007fed70016800 DEOPT PACKING pc=0x00007fed58c55b4f sp=0x00007fed74dfc3b0
Event: 1.233 Thread 0x00007fed70016800 DEOPT UNPACKING pc=0x00007fed586499fa sp=0x00007fed74dfb858 mode 0

Classes redefined (0 events):
No events

Internal exceptions (20 events):
Event: 0.539 Thread 0x00007fed70016800 Exception <a 'java/security/PrivilegedActionException'{0x00000000c6d04d88}> (0x00000000c6d04d88) thrown at [./src/hotspot/share/prims/jvm.cpp, line 1304]
Event: 0.539 Thread 0x00007fed70016800 Exception <a 'java/security/PrivilegedActionException'{0x00000000c6d05058}> (0x00000000c6d05058) thrown at [./src/hotspot/share/prims/jvm.cpp, line 1304]
Event: 0.539 Thread 0x00007fed70016800 Exception <a 'java/security/PrivilegedActionException'{0x00000000c6d059c8}> (0x00000000c6d059c8) thrown at [./src/hotspot/share/prims/jvm.cpp, line 1304]
Event: 0.539 Thread 0x00007fed70016800 Exception <a 'java/security/PrivilegedActionException'{0x00000000c6d05c98}> (0x00000000c6d05c98) thrown at [./src/hotspot/share/prims/jvm.cpp, line 1304]
Event: 0.539 Thread 0x00007fed70016800 Exception <a 'java/security/PrivilegedActionException'{0x00000000c6d06608}> (0x00000000c6d06608) thrown at [./src/hotspot/share/prims/jvm.cpp, line 1304]
Event: 0.539 Thread 0x00007fed70016800 Exception <a 'java/security/PrivilegedActionException'{0x00000000c6d068d8}> (0x00000000c6d068d8) thrown at [./src/hotspot/share/prims/jvm.cpp, line 1304]
Event: 0.539 Thread 0x00007fed70016800 Exception <a 'java/security/PrivilegedActionException'{0x00000000c6d07260}> (0x00000000c6d07260) thrown at [./src/hotspot/share/prims/jvm.cpp, line 1304]
Event: 0.539 Thread 0x00007fed70016800 Exception <a 'java/security/PrivilegedActionException'{0x00000000c6d07530}> (0x00000000c6d07530) thrown at [./src/hotspot/share/prims/jvm.cpp, line 1304]
Event: 0.539 Thread 0x00007fed70016800 Exception <a 'java/security/PrivilegedActionException'{0x00000000c6d07eb8}> (0x00000000c6d07eb8) thrown at [./src/hotspot/share/prims/jvm.cpp, line 1304]
Event: 0.539 Thread 0x00007fed70016800 Exception <a 'java/security/PrivilegedActionException'{0x00000000c6d08188}> (0x00000000c6d08188) thrown at [./src/hotspot/share/prims/jvm.cpp, line 1304]
Event: 0.540 Thread 0x00007fed70016800 Exception <a 'java/security/PrivilegedActionException'{0x00000000c6d08b10}> (0x00000000c6d08b10) thrown at [./src/hotspot/share/prims/jvm.cpp, line 1304]
Event: 0.540 Thread 0x00007fed70016800 Exception <a 'java/security/PrivilegedActionException'{0x00000000c6d08de0}> (0x00000000c6d08de0) thrown at [./src/hotspot/share/prims/jvm.cpp, line 1304]
Event: 0.540 Thread 0x00007fed70016800 Exception <a 'java/security/PrivilegedActionException'{0x00000000c6d09750}> (0x00000000c6d09750) thrown at [./src/hotspot/share/prims/jvm.cpp, line 1304]
Event: 0.540 Thread 0x00007fed70016800 Exception <a 'java/security/PrivilegedActionException'{0x00000000c6d09a20}> (0x00000000c6d09a20) thrown at [./src/hotspot/share/prims/jvm.cpp, line 1304]
Event: 0.540 Thread 0x00007fed70016800 Exception <a 'java/security/PrivilegedActionException'{0x00000000c6d0a3a8}> (0x00000000c6d0a3a8) thrown at [./src/hotspot/share/prims/jvm.cpp, line 1304]
Event: 0.540 Thread 0x00007fed70016800 Exception <a 'java/security/PrivilegedActionException'{0x00000000c6d0a678}> (0x00000000c6d0a678) thrown at [./src/hotspot/share/prims/jvm.cpp, line 1304]
Event: 0.623 Thread 0x00007fed70016800 Exception <a 'java/lang/NoSuchMethodError'{0x00000000c6db8b90}: 'int java.lang.invoke.DirectMethodHandle$Holder.invokeStaticInit(java.lang.Object, java.lang.Object, java.lang.Object, java.lang.Object)'> (0x00000000c6db8b90) thrown at [./src/hotspot/share/interpreter/linkResolver.cpp, line 772]
Event: 0.627 Thread 0x00007fed70016800 Exception <a 'java/lang/IncompatibleClassChangeError'{0x00000000c6dc2910}: Found class java.lang.Object, but interface was expected> (0x00000000c6dc2910) thrown at [./src/hotspot/share/interpreter/linkResolver.cpp, line 839]
Event: 0.627 Thread 0x00007fed70016800 Exception <a 'java/lang/NoSuchMethodError'{0x00000000c6dc5ac0}: 'void java.lang.invoke.DirectMethodHandle$Holder.invokeStaticInit(java.lang.Object, java.lang.Object)'> (0x00000000c6dc5ac0) thrown at [./src/hotspot/share/interpreter/linkResolver.cpp, line 772]
Event: 0.630 Thread 0x00007fed70016800 Exception <a 'java/lang/NoSuchMethodError'{0x00000000c6dcaf10}: 'int java.lang.invoke.DirectMethodHandle$Holder.invokeStaticInit(java.lang.Object, java.lang.Object)'> (0x00000000c6dcaf10) thrown at [./src/hotspot/share/interpreter/linkResolver.cpp, line 772]

Events (20 events):
Event: 1.266 loading class java/lang/invoke/BoundMethodHandle$Species_LL
Event: 1.266 loading class java/lang/invoke/BoundMethodHandle$Species_LL done
Event: 1.269 loading class java/lang/invoke/BoundMethodHandle$Species_LLL
Event: 1.269 loading class java/lang/invoke/BoundMethodHandle$Species_LLL done
Event: 1.270 loading class java/lang/invoke/BoundMethodHandle$Species_LLLL
Event: 1.270 loading class java/lang/invoke/BoundMethodHandle$Species_LLLL done
Event: 1.271 loading class java/lang/invoke/BoundMethodHandle$Species_LLLLL
Event: 1.272 loading class java/lang/invoke/BoundMethodHandle$Species_LLLLL done
Event: 1.272 loading class java/lang/invoke/BoundMethodHandle$Species_LLLLLL
Event: 1.272 loading class java/lang/invoke/BoundMethodHandle$Species_LLLLLL done
Event: 1.273 loading class java/lang/invoke/BoundMethodHandle$Species_LLLLLLI
Event: 1.273 loading class java/lang/invoke/BoundMethodHandle$Species_LLLLLLI done
Event: 1.274 loading class java/lang/invoke/BoundMethodHandle$Species_LLLLLLII
Event: 1.274 loading class java/lang/invoke/BoundMethodHandle$Species_LLLLLLII done
Event: 1.275 loading class jdk/internal/vm/VMSupport
Event: 1.275 loading class java/lang/invoke/BoundMethodHandle$Species_LLLLLLIIL
Event: 1.275 loading class java/lang/invoke/BoundMethodHandle$Species_LLLLLLIIL done
Event: 1.275 loading class jdk/internal/vm/VMSupport done
Event: 1.275 loading class sun/nio/cs/ISO_8859_1$Encoder
Event: 1.276 loading class sun/nio/cs/ISO_8859_1$Encoder done


Dynamic libraries:
c3200000-c7000000 rw-p 00000000 00:00 0 
c7000000-ffe00000 ---p 00000000 00:00 0 
ffe00000-ffe47000 rw-p 00b0a000 08:03 1060156                            /usr/lib/jvm/java-11-openjdk-amd64/lib/server/classes.jsa
ffe47000-fff00000 rw-p 00000000 00:00 0 
fff00000-fff6b000 rw-p 00a9f000 08:03 1060156                            /usr/lib/jvm/java-11-openjdk-amd64/lib/server/classes.jsa
fff6b000-100000000 rw-p 00000000 00:00 0 
800000000-800002000 rwxp 00001000 08:03 1060156                          /usr/lib/jvm/java-11-openjdk-amd64/lib/server/classes.jsa
800002000-8003cc000 rw-p 00003000 08:03 1060156                          /usr/lib/jvm/java-11-openjdk-amd64/lib/server/classes.jsa
8003cc000-800a9d000 r--p 003cd000 08:03 1060156                          /usr/lib/jvm/java-11-openjdk-amd64/lib/server/classes.jsa
800a9d000-800a9e000 rw-p 00a9e000 08:03 1060156                          /usr/lib/jvm/java-11-openjdk-amd64/lib/server/classes.jsa
840000000-8400c0000 rw-p 00000000 00:00 0 
8400c0000-880000000 ---p 00000000 00:00 0 
55c0a0ae0000-55c0a0ae1000 r--p 00000000 08:03 1058673                    /usr/lib/jvm/java-11-openjdk-amd64/bin/java
55c0a0ae1000-55c0a0ae2000 r-xp 00001000 08:03 1058673                    /usr/lib/jvm/java-11-openjdk-amd64/bin/java
55c0a0ae2000-55c0a0ae3000 r--p 00002000 08:03 1058673                    /usr/lib/jvm/java-11-openjdk-amd64/bin/java
55c0a0ae3000-55c0a0ae4000 r--p 00002000 08:03 1058673                    /usr/lib/jvm/java-11-openjdk-amd64/bin/java
55c0a0ae4000-55c0a0ae5000 rw-p 00003000 08:03 1058673                    /usr/lib/jvm/java-11-openjdk-amd64/bin/java
55c0a0ecb000-55c0a0f0e000 rw-p 00000000 00:00 0                          [heap]
7fed11400000-7fed11d26000 r--p 00000000 08:03 1579535                    /home/doudou/.javacpp/cache/llvm-13.0.1-1.5.7-linux-x86_64.jar/org/bytedeco/llvm/linux-x86_64/libLLVM-13.so
7fed11d26000-7fed156e9000 r-xp 00926000 08:03 1579535                    /home/doudou/.javacpp/cache/llvm-13.0.1-1.5.7-linux-x86_64.jar/org/bytedeco/llvm/linux-x86_64/libLLVM-13.so
7fed156e9000-7fed1793e000 r--p 042e9000 08:03 1579535                    /home/doudou/.javacpp/cache/llvm-13.0.1-1.5.7-linux-x86_64.jar/org/bytedeco/llvm/linux-x86_64/libLLVM-13.so
7fed1793e000-7fed17e53000 r--p 0653d000 08:03 1579535                    /home/doudou/.javacpp/cache/llvm-13.0.1-1.5.7-linux-x86_64.jar/org/bytedeco/llvm/linux-x86_64/libLLVM-13.so
7fed17e53000-7fed17e5e000 rw-p 06a52000 08:03 1579535                    /home/doudou/.javacpp/cache/llvm-13.0.1-1.5.7-linux-x86_64.jar/org/bytedeco/llvm/linux-x86_64/libLLVM-13.so
7fed17e5e000-7fed17ed4000 rw-p 00000000 00:00 0 
7fed18000000-7fed18021000 rw-p 00000000 00:00 0 
7fed18021000-7fed1c000000 ---p 00000000 00:00 0 
7fed1c000000-7fed1c021000 rw-p 00000000 00:00 0 
7fed1c021000-7fed20000000 ---p 00000000 00:00 0 
7fed20000000-7fed20344000 rw-p 00000000 00:00 0 
7fed20344000-7fed24000000 ---p 00000000 00:00 0 
7fed24000000-7fed24325000 rw-p 00000000 00:00 0 
7fed24325000-7fed28000000 ---p 00000000 00:00 0 
7fed28000000-7fed28021000 rw-p 00000000 00:00 0 
7fed28021000-7fed2c000000 ---p 00000000 00:00 0 
7fed2c000000-7fed2c021000 rw-p 00000000 00:00 0 
7fed2c021000-7fed30000000 ---p 00000000 00:00 0 
7fed30000000-7fed30021000 rw-p 00000000 00:00 0 
7fed30021000-7fed34000000 ---p 00000000 00:00 0 
7fed34000000-7fed34021000 rw-p 00000000 00:00 0 
7fed34021000-7fed38000000 ---p 00000000 00:00 0 
7fed38000000-7fed38021000 rw-p 00000000 00:00 0 
7fed38021000-7fed3c000000 ---p 00000000 00:00 0 
7fed3c000000-7fed3c021000 rw-p 00000000 00:00 0 
7fed3c021000-7fed40000000 ---p 00000000 00:00 0 
7fed41bf6000-7fed41c5b000 r--p 00000000 08:03 1579540                    /home/doudou/.javacpp/cache/llvm-13.0.1-1.5.7-linux-x86_64.jar/org/bytedeco/llvm/linux-x86_64/libjniLLVM.so
7fed41c5b000-7fed41cc9000 r-xp 00065000 08:03 1579540                    /home/doudou/.javacpp/cache/llvm-13.0.1-1.5.7-linux-x86_64.jar/org/bytedeco/llvm/linux-x86_64/libjniLLVM.so
7fed41cc9000-7fed41cf4000 r--p 000d3000 08:03 1579540                    /home/doudou/.javacpp/cache/llvm-13.0.1-1.5.7-linux-x86_64.jar/org/bytedeco/llvm/linux-x86_64/libjniLLVM.so
7fed41cf4000-7fed41cf7000 r--p 000fd000 08:03 1579540                    /home/doudou/.javacpp/cache/llvm-13.0.1-1.5.7-linux-x86_64.jar/org/bytedeco/llvm/linux-x86_64/libjniLLVM.so
7fed41cf7000-7fed41cfa000 rw-p 00100000 08:03 1579540                    /home/doudou/.javacpp/cache/llvm-13.0.1-1.5.7-linux-x86_64.jar/org/bytedeco/llvm/linux-x86_64/libjniLLVM.so
7fed41cfa000-7fed41cfc000 rw-p 00000000 00:00 0 
7fed41cfc000-7fed41d00000 ---p 00000000 00:00 0 
7fed41d00000-7fed41dfc000 rw-p 00000000 00:00 0 
7fed41dfc000-7fed41dfd000 ---p 00000000 00:00 0 
7fed41dfd000-7fed41efe000 rw-p 00000000 00:00 0 
7fed41efe000-7fed41f02000 ---p 00000000 00:00 0 
7fed41f02000-7fed41ffe000 rw-p 00000000 00:00 0 
7fed41ffe000-7fed41fff000 ---p 00000000 00:00 0 
7fed41fff000-7fed42100000 rw-p 00000000 00:00 0 
7fed42100000-7fed42104000 ---p 00000000 00:00 0 
7fed42104000-7fed42200000 rw-p 00000000 00:00 0 
7fed42200000-7fed42204000 ---p 00000000 00:00 0 
7fed42204000-7fed42300000 rw-p 00000000 00:00 0 
7fed42300000-7fed42304000 ---p 00000000 00:00 0 
7fed42304000-7fed42400000 rw-p 00000000 00:00 0 
7fed42400000-7fed42404000 ---p 00000000 00:00 0 
7fed42404000-7fed42500000 rw-p 00000000 00:00 0 
7fed42500000-7fed42504000 ---p 00000000 00:00 0 
7fed42504000-7fed42600000 rw-p 00000000 00:00 0 
7fed42600000-7fed42604000 ---p 00000000 00:00 0 
7fed42604000-7fed42700000 rw-p 00000000 00:00 0 
7fed42700000-7fed42704000 ---p 00000000 00:00 0 
7fed42704000-7fed42800000 rw-p 00000000 00:00 0 
7fed42800000-7fed435e7000 r--p 00000000 08:03 534858                     /usr/lib/locale/locale-archive
7fed43600000-7fed43604000 ---p 00000000 00:00 0 
7fed43604000-7fed43700000 rw-p 00000000 00:00 0 
7fed43700000-7fed43704000 ---p 00000000 00:00 0 
7fed43704000-7fed43e00000 rw-p 00000000 00:00 0 
7fed43e00000-7fed44000000 ---p 00000000 00:00 0 
7fed44000000-7fed44021000 rw-p 00000000 00:00 0 
7fed44021000-7fed48000000 ---p 00000000 00:00 0 
7fed48000000-7fed48021000 rw-p 00000000 00:00 0 
7fed48021000-7fed4c000000 ---p 00000000 00:00 0 
7fed4c000000-7fed4c021000 rw-p 00000000 00:00 0 
7fed4c021000-7fed50000000 ---p 00000000 00:00 0 
7fed5008e000-7fed5008f000 ---p 00000000 00:00 0 
7fed5008f000-7fed52288000 rw-p 00000000 00:00 0 
7fed52288000-7fed530c0000 ---p 00000000 00:00 0 
7fed530c0000-7fed531c0000 rw-p 00000000 00:00 0 
7fed531c0000-7fed53ff8000 ---p 00000000 00:00 0 
7fed53ff8000-7fed54000000 rw-p 00000000 00:00 0 
7fed54000000-7fed54021000 rw-p 00000000 00:00 0 
7fed54021000-7fed58000000 ---p 00000000 00:00 0 
7fed58077000-7fed580f8000 rw-p 00000000 00:00 0 
7fed580f8000-7fed580f9000 ---p 00000000 00:00 0 
7fed580f9000-7fed581fa000 rw-p 00000000 00:00 0 
7fed581fa000-7fed581fb000 ---p 00000000 00:00 0 
7fed581fb000-7fed584fe000 rw-p 00000000 00:00 0 
7fed584fe000-7fed584ff000 ---p 00000000 00:00 0 
7fed584ff000-7fed58600000 rw-p 00000000 00:00 0 
7fed58600000-7fed58870000 rwxp 00000000 00:00 0 
7fed58870000-7fed58b8f000 ---p 00000000 00:00 0 
7fed58b8f000-7fed58dff000 rwxp 00000000 00:00 0 
7fed58dff000-7fed600c7000 ---p 00000000 00:00 0 
7fed600c7000-7fed60337000 rwxp 00000000 00:00 0 
7fed60337000-7fed67600000 ---p 00000000 00:00 0 
7fed67600000-7fed6fe0b000 r--s 00000000 08:03 1058832                    /usr/lib/jvm/java-11-openjdk-amd64/lib/modules
7fed6fe19000-7fed6fe38000 rw-p 00000000 00:00 0 
7fed6fe38000-7fed6ffff000 ---p 00000000 00:00 0 
7fed6ffff000-7fed70000000 rw-p 00000000 00:00 0 
7fed70000000-7fed704cb000 rw-p 00000000 00:00 0 
7fed704cb000-7fed74000000 ---p 00000000 00:00 0 
7fed74056000-7fed74057000 ---p 00000000 00:00 0 
7fed74057000-7fed74177000 rw-p 00000000 00:00 0 
7fed74177000-7fed7433e000 ---p 00000000 00:00 0 
7fed7433e000-7fed7435e000 rw-p 00000000 00:00 0 
7fed7435e000-7fed74525000 ---p 00000000 00:00 0 
7fed74525000-7fed74728000 rw-p 00000000 00:00 0 
7fed74728000-7fed74729000 ---p 00000000 00:00 0 
7fed74729000-7fed7482f000 rw-p 00000000 00:00 0 
7fed7482f000-7fed74915000 ---p 00000000 00:00 0 
7fed74915000-7fed7491a000 rw-p 00000000 00:00 0 
7fed7491a000-7fed74a00000 ---p 00000000 00:00 0 
7fed74a00000-7fed74a9a000 r--p 00000000 08:03 552221                     /usr/lib/x86_64-linux-gnu/libstdc++.so.6.0.30
7fed74a9a000-7fed74baa000 r-xp 0009a000 08:03 552221                     /usr/lib/x86_64-linux-gnu/libstdc++.so.6.0.30
7fed74baa000-7fed74c19000 r--p 001aa000 08:03 552221                     /usr/lib/x86_64-linux-gnu/libstdc++.so.6.0.30
7fed74c19000-7fed74c24000 r--p 00218000 08:03 552221                     /usr/lib/x86_64-linux-gnu/libstdc++.so.6.0.30
7fed74c24000-7fed74c27000 rw-p 00223000 08:03 552221                     /usr/lib/x86_64-linux-gnu/libstdc++.so.6.0.30
7fed74c27000-7fed74c2a000 rw-p 00000000 00:00 0 
7fed74c37000-7fed74c3e000 r--p 00000000 08:03 1579536                    /home/doudou/.javacpp/cache/llvm-13.0.1-1.5.7-linux-x86_64.jar/org/bytedeco/llvm/linux-x86_64/libLTO.so.13
7fed74c3e000-7fed74c46000 r-xp 00007000 08:03 1579536                    /home/doudou/.javacpp/cache/llvm-13.0.1-1.5.7-linux-x86_64.jar/org/bytedeco/llvm/linux-x86_64/libLTO.so.13
7fed74c46000-7fed74c48000 r--p 0000f000 08:03 1579536                    /home/doudou/.javacpp/cache/llvm-13.0.1-1.5.7-linux-x86_64.jar/org/bytedeco/llvm/linux-x86_64/libLTO.so.13
7fed74c48000-7fed74c49000 r--p 00010000 08:03 1579536                    /home/doudou/.javacpp/cache/llvm-13.0.1-1.5.7-linux-x86_64.jar/org/bytedeco/llvm/linux-x86_64/libLTO.so.13
7fed74c49000-7fed74c4a000 rw-p 00011000 08:03 1579536                    /home/doudou/.javacpp/cache/llvm-13.0.1-1.5.7-linux-x86_64.jar/org/bytedeco/llvm/linux-x86_64/libLTO.so.13
7fed74c4a000-7fed74c4b000 r--p 00000000 08:03 551276                     /usr/lib/x86_64-linux-gnu/libdl.so.2
7fed74c4b000-7fed74c4c000 r-xp 00001000 08:03 551276                     /usr/lib/x86_64-linux-gnu/libdl.so.2
7fed74c4c000-7fed74c4d000 r--p 00002000 08:03 551276                     /usr/lib/x86_64-linux-gnu/libdl.so.2
7fed74c4d000-7fed74c4e000 r--p 00002000 08:03 551276                     /usr/lib/x86_64-linux-gnu/libdl.so.2
7fed74c4e000-7fed74c4f000 rw-p 00003000 08:03 551276                     /usr/lib/x86_64-linux-gnu/libdl.so.2
7fed74c4f000-7fed74c50000 r--p 00000000 08:03 552054                     /usr/lib/x86_64-linux-gnu/libpthread.so.0
7fed74c50000-7fed74c51000 r-xp 00001000 08:03 552054                     /usr/lib/x86_64-linux-gnu/libpthread.so.0
7fed74c51000-7fed74c52000 r--p 00002000 08:03 552054                     /usr/lib/x86_64-linux-gnu/libpthread.so.0
7fed74c52000-7fed74c53000 r--p 00002000 08:03 552054                     /usr/lib/x86_64-linux-gnu/libpthread.so.0
7fed74c53000-7fed74c54000 rw-p 00003000 08:03 552054                     /usr/lib/x86_64-linux-gnu/libpthread.so.0
7fed74c57000-7fed74c5e000 r--s 00000000 08:03 553557                     /usr/lib/x86_64-linux-gnu/gconv/gconv-modules.cache
7fed74c5e000-7fed74c5f000 r--p 00000000 08:03 1579538                    /home/doudou/.javacpp/cache/llvm-13.0.1-1.5.7-linux-x86_64.jar/org/bytedeco/llvm/linux-x86_64/libRemarks.so.13
7fed74c5f000-7fed74c60000 r-xp 00001000 08:03 1579538                    /home/doudou/.javacpp/cache/llvm-13.0.1-1.5.7-linux-x86_64.jar/org/bytedeco/llvm/linux-x86_64/libRemarks.so.13
7fed74c60000-7fed74c61000 r--p 00002000 08:03 1579538                    /home/doudou/.javacpp/cache/llvm-13.0.1-1.5.7-linux-x86_64.jar/org/bytedeco/llvm/linux-x86_64/libRemarks.so.13
7fed74c61000-7fed74c62000 r--p 00002000 08:03 1579538                    /home/doudou/.javacpp/cache/llvm-13.0.1-1.5.7-linux-x86_64.jar/org/bytedeco/llvm/linux-x86_64/libRemarks.so.13
7fed74c62000-7fed74c63000 rw-p 00003000 08:03 1579538                    /home/doudou/.javacpp/cache/llvm-13.0.1-1.5.7-linux-x86_64.jar/org/bytedeco/llvm/linux-x86_64/libRemarks.so.13
7fed74c63000-7fed74c67000 r--p 00000000 08:03 1579530                    /home/doudou/.javacpp/cache/javacpp-1.5.7-linux-x86_64.jar/org/bytedeco/javacpp/linux-x86_64/libjnijavacpp.so
7fed74c67000-7fed74c6e000 r-xp 00004000 08:03 1579530                    /home/doudou/.javacpp/cache/javacpp-1.5.7-linux-x86_64.jar/org/bytedeco/javacpp/linux-x86_64/libjnijavacpp.so
7fed74c6e000-7fed74c72000 r--p 0000b000 08:03 1579530                    /home/doudou/.javacpp/cache/javacpp-1.5.7-linux-x86_64.jar/org/bytedeco/javacpp/linux-x86_64/libjnijavacpp.so
7fed74c72000-7fed74c73000 r--p 0000e000 08:03 1579530                    /home/doudou/.javacpp/cache/javacpp-1.5.7-linux-x86_64.jar/org/bytedeco/javacpp/linux-x86_64/libjnijavacpp.so
7fed74c73000-7fed74c74000 rw-p 0000f000 08:03 1579530                    /home/doudou/.javacpp/cache/javacpp-1.5.7-linux-x86_64.jar/org/bytedeco/javacpp/linux-x86_64/libjnijavacpp.so
7fed74c74000-7fed74c75000 r--p 00000000 08:03 1058804                    /usr/lib/jvm/java-11-openjdk-amd64/lib/libextnet.so
7fed74c75000-7fed74c76000 r-xp 00001000 08:03 1058804                    /usr/lib/jvm/java-11-openjdk-amd64/lib/libextnet.so
7fed74c76000-7fed74c77000 r--p 00002000 08:03 1058804                    /usr/lib/jvm/java-11-openjdk-amd64/lib/libextnet.so
7fed74c77000-7fed74c78000 r--p 00002000 08:03 1058804                    /usr/lib/jvm/java-11-openjdk-amd64/lib/libextnet.so
7fed74c78000-7fed74c79000 rw-p 00003000 08:03 1058804                    /usr/lib/jvm/java-11-openjdk-amd64/lib/libextnet.so
7fed74c79000-7fed74c7d000 r--p 00000000 08:03 1058822                    /usr/lib/jvm/java-11-openjdk-amd64/lib/libnet.so
7fed74c7d000-7fed74c8b000 r-xp 00004000 08:03 1058822                    /usr/lib/jvm/java-11-openjdk-amd64/lib/libnet.so
7fed74c8b000-7fed74c8f000 r--p 00012000 08:03 1058822                    /usr/lib/jvm/java-11-openjdk-amd64/lib/libnet.so
7fed74c8f000-7fed74c90000 r--p 00015000 08:03 1058822                    /usr/lib/jvm/java-11-openjdk-amd64/lib/libnet.so
7fed74c90000-7fed74c91000 rw-p 00016000 08:03 1058822                    /usr/lib/jvm/java-11-openjdk-amd64/lib/libnet.so
7fed74c91000-7fed74c98000 r--p 00000000 08:03 1058823                    /usr/lib/jvm/java-11-openjdk-amd64/lib/libnio.so
7fed74c98000-7fed74ca0000 r-xp 00007000 08:03 1058823                    /usr/lib/jvm/java-11-openjdk-amd64/lib/libnio.so
7fed74ca0000-7fed74ca3000 r--p 0000f000 08:03 1058823                    /usr/lib/jvm/java-11-openjdk-amd64/lib/libnio.so
7fed74ca3000-7fed74ca4000 r--p 00011000 08:03 1058823                    /usr/lib/jvm/java-11-openjdk-amd64/lib/libnio.so
7fed74ca4000-7fed74ca5000 rw-p 00012000 08:03 1058823                    /usr/lib/jvm/java-11-openjdk-amd64/lib/libnio.so
7fed74ca5000-7fed74d00000 rw-p 00000000 00:00 0 
7fed74d00000-7fed74d04000 ---p 00000000 00:00 0 
7fed74d04000-7fed74e00000 rw-p 00000000 00:00 0 
7fed74e00000-7fed75082000 r--p 00000000 08:03 1058837                    /usr/lib/jvm/java-11-openjdk-amd64/lib/server/libjvm.so
7fed75082000-7fed75d1e000 r-xp 00282000 08:03 1058837                    /usr/lib/jvm/java-11-openjdk-amd64/lib/server/libjvm.so
7fed75d1e000-7fed75f79000 r--p 00f1e000 08:03 1058837                    /usr/lib/jvm/java-11-openjdk-amd64/lib/server/libjvm.so
7fed75f79000-7fed75f7a000 ---p 01179000 08:03 1058837                    /usr/lib/jvm/java-11-openjdk-amd64/lib/server/libjvm.so
7fed75f7a000-7fed7603e000 r--p 01179000 08:03 1058837                    /usr/lib/jvm/java-11-openjdk-amd64/lib/server/libjvm.so
7fed7603e000-7fed76079000 rw-p 0123d000 08:03 1058837                    /usr/lib/jvm/java-11-openjdk-amd64/lib/server/libjvm.so
7fed76079000-7fed760d0000 rw-p 00000000 00:00 0 
7fed760d3000-7fed760f9000 rw-p 00000000 00:00 0 
7fed760f9000-7fed76100000 ---p 00000000 00:00 0 
7fed76100000-7fed76102000 r--p 00000000 08:03 1058831                    /usr/lib/jvm/java-11-openjdk-amd64/lib/libzip.so
7fed76102000-7fed76107000 r-xp 00002000 08:03 1058831                    /usr/lib/jvm/java-11-openjdk-amd64/lib/libzip.so
7fed76107000-7fed76109000 r--p 00007000 08:03 1058831                    /usr/lib/jvm/java-11-openjdk-amd64/lib/libzip.so
7fed76109000-7fed7610a000 r--p 00008000 08:03 1058831                    /usr/lib/jvm/java-11-openjdk-amd64/lib/libzip.so
7fed7610a000-7fed7610b000 rw-p 00009000 08:03 1058831                    /usr/lib/jvm/java-11-openjdk-amd64/lib/libzip.so
7fed7610b000-7fed7610d000 r--p 00000000 08:03 1058806                    /usr/lib/jvm/java-11-openjdk-amd64/lib/libinstrument.so
7fed7610d000-7fed76114000 r-xp 00002000 08:03 1058806                    /usr/lib/jvm/java-11-openjdk-amd64/lib/libinstrument.so
7fed76114000-7fed76117000 r--p 00009000 08:03 1058806                    /usr/lib/jvm/java-11-openjdk-amd64/lib/libinstrument.so
7fed76117000-7fed76118000 r--p 0000b000 08:03 1058806                    /usr/lib/jvm/java-11-openjdk-amd64/lib/libinstrument.so
7fed76118000-7fed76119000 rw-p 0000c000 08:03 1058806                    /usr/lib/jvm/java-11-openjdk-amd64/lib/libinstrument.so
7fed76119000-7fed76127000 r--p 00000000 08:03 551785                     /usr/lib/x86_64-linux-gnu/libm.so.6
7fed76127000-7fed761a3000 r-xp 0000e000 08:03 551785                     /usr/lib/x86_64-linux-gnu/libm.so.6
7fed761a3000-7fed761fe000 r--p 0008a000 08:03 551785                     /usr/lib/x86_64-linux-gnu/libm.so.6
7fed761fe000-7fed761ff000 r--p 000e4000 08:03 551785                     /usr/lib/x86_64-linux-gnu/libm.so.6
7fed761ff000-7fed76200000 rw-p 000e5000 08:03 551785                     /usr/lib/x86_64-linux-gnu/libm.so.6
7fed76200000-7fed76228000 r--p 00000000 08:03 551134                     /usr/lib/x86_64-linux-gnu/libc.so.6
7fed76228000-7fed763bd000 r-xp 00028000 08:03 551134                     /usr/lib/x86_64-linux-gnu/libc.so.6
7fed763bd000-7fed76415000 r--p 001bd000 08:03 551134                     /usr/lib/x86_64-linux-gnu/libc.so.6
7fed76415000-7fed76419000 r--p 00214000 08:03 551134                     /usr/lib/x86_64-linux-gnu/libc.so.6
7fed76419000-7fed7641b000 rw-p 00218000 08:03 551134                     /usr/lib/x86_64-linux-gnu/libc.so.6
7fed7641b000-7fed76428000 rw-p 00000000 00:00 0 
7fed7642b000-7fed76433000 rw-s 00000000 08:03 823980                     /tmp/hsperfdata_doudou/9108
7fed76433000-7fed76441000 r--p 00000000 08:03 1058811                    /usr/lib/jvm/java-11-openjdk-amd64/lib/libjava.so
7fed76441000-7fed76457000 r-xp 0000e000 08:03 1058811                    /usr/lib/jvm/java-11-openjdk-amd64/lib/libjava.so
7fed76457000-7fed7645e000 r--p 00024000 08:03 1058811                    /usr/lib/jvm/java-11-openjdk-amd64/lib/libjava.so
7fed7645e000-7fed7645f000 r--p 0002a000 08:03 1058811                    /usr/lib/jvm/java-11-openjdk-amd64/lib/libjava.so
7fed7645f000-7fed76460000 rw-p 0002b000 08:03 1058811                    /usr/lib/jvm/java-11-openjdk-amd64/lib/libjava.so
7fed76460000-7fed76461000 rw-p 00000000 00:00 0 
7fed76461000-7fed76466000 r--p 00000000 08:03 1058830                    /usr/lib/jvm/java-11-openjdk-amd64/lib/libverify.so
7fed76466000-7fed7646d000 r-xp 00005000 08:03 1058830                    /usr/lib/jvm/java-11-openjdk-amd64/lib/libverify.so
7fed7646d000-7fed7646f000 r--p 0000c000 08:03 1058830                    /usr/lib/jvm/java-11-openjdk-amd64/lib/libverify.so
7fed7646f000-7fed76471000 r--p 0000d000 08:03 1058830                    /usr/lib/jvm/java-11-openjdk-amd64/lib/libverify.so
7fed76471000-7fed76472000 rw-p 0000f000 08:03 1058830                    /usr/lib/jvm/java-11-openjdk-amd64/lib/libverify.so
7fed76472000-7fed76473000 r--p 00000000 08:03 552110                     /usr/lib/x86_64-linux-gnu/librt.so.1
7fed76473000-7fed76474000 r-xp 00001000 08:03 552110                     /usr/lib/x86_64-linux-gnu/librt.so.1
7fed76474000-7fed76475000 r--p 00002000 08:03 552110                     /usr/lib/x86_64-linux-gnu/librt.so.1
7fed76475000-7fed76476000 r--p 00002000 08:03 552110                     /usr/lib/x86_64-linux-gnu/librt.so.1
7fed76476000-7fed76477000 rw-p 00003000 08:03 552110                     /usr/lib/x86_64-linux-gnu/librt.so.1
7fed76477000-7fed7647a000 r--p 00000000 08:03 551433                     /usr/lib/x86_64-linux-gnu/libgcc_s.so.1
7fed7647a000-7fed76491000 r-xp 00003000 08:03 551433                     /usr/lib/x86_64-linux-gnu/libgcc_s.so.1
7fed76491000-7fed76495000 r--p 0001a000 08:03 551433                     /usr/lib/x86_64-linux-gnu/libgcc_s.so.1
7fed76495000-7fed76496000 r--p 0001d000 08:03 551433                     /usr/lib/x86_64-linux-gnu/libgcc_s.so.1
7fed76496000-7fed76497000 rw-p 0001e000 08:03 551433                     /usr/lib/x86_64-linux-gnu/libgcc_s.so.1
7fed76497000-7fed76499000 rw-p 00000000 00:00 0 
7fed76499000-7fed7649b000 r--p 00000000 08:03 552488                     /usr/lib/x86_64-linux-gnu/libz.so.1.2.11
7fed7649b000-7fed764ac000 r-xp 00002000 08:03 552488                     /usr/lib/x86_64-linux-gnu/libz.so.1.2.11
7fed764ac000-7fed764b2000 r--p 00013000 08:03 552488                     /usr/lib/x86_64-linux-gnu/libz.so.1.2.11
7fed764b2000-7fed764b3000 ---p 00019000 08:03 552488                     /usr/lib/x86_64-linux-gnu/libz.so.1.2.11
7fed764b3000-7fed764b4000 r--p 00019000 08:03 552488                     /usr/lib/x86_64-linux-gnu/libz.so.1.2.11
7fed764b4000-7fed764b5000 rw-p 0001a000 08:03 552488                     /usr/lib/x86_64-linux-gnu/libz.so.1.2.11
7fed764b9000-7fed764ba000 ---p 00000000 00:00 0 
7fed764ba000-7fed764bb000 r--p 00000000 00:00 0 
7fed764bb000-7fed764bd000 r--p 00000000 08:03 1058814                    /usr/lib/jvm/java-11-openjdk-amd64/lib/libjimage.so
7fed764bd000-7fed764c0000 r-xp 00002000 08:03 1058814                    /usr/lib/jvm/java-11-openjdk-amd64/lib/libjimage.so
7fed764c0000-7fed764c1000 r--p 00005000 08:03 1058814                    /usr/lib/jvm/java-11-openjdk-amd64/lib/libjimage.so
7fed764c1000-7fed764c2000 ---p 00006000 08:03 1058814                    /usr/lib/jvm/java-11-openjdk-amd64/lib/libjimage.so
7fed764c2000-7fed764c3000 r--p 00006000 08:03 1058814                    /usr/lib/jvm/java-11-openjdk-amd64/lib/libjimage.so
7fed764c3000-7fed764c4000 rw-p 00007000 08:03 1058814                    /usr/lib/jvm/java-11-openjdk-amd64/lib/libjimage.so
7fed764c4000-7fed764c7000 r--p 00000000 08:03 1058796                    /usr/lib/jvm/java-11-openjdk-amd64/lib/jli/libjli.so
7fed764c7000-7fed764d1000 r-xp 00003000 08:03 1058796                    /usr/lib/jvm/java-11-openjdk-amd64/lib/jli/libjli.so
7fed764d1000-7fed764d4000 r--p 0000d000 08:03 1058796                    /usr/lib/jvm/java-11-openjdk-amd64/lib/jli/libjli.so
7fed764d4000-7fed764d5000 ---p 00010000 08:03 1058796                    /usr/lib/jvm/java-11-openjdk-amd64/lib/jli/libjli.so
7fed764d5000-7fed764d6000 r--p 00010000 08:03 1058796                    /usr/lib/jvm/java-11-openjdk-amd64/lib/jli/libjli.so
7fed764d6000-7fed764d7000 rw-p 00011000 08:03 1058796                    /usr/lib/jvm/java-11-openjdk-amd64/lib/jli/libjli.so
7fed764d7000-7fed764d9000 rw-p 00000000 00:00 0 
7fed764d9000-7fed764db000 r--p 00000000 08:03 550792                     /usr/lib/x86_64-linux-gnu/ld-linux-x86-64.so.2
7fed764db000-7fed76505000 r-xp 00002000 08:03 550792                     /usr/lib/x86_64-linux-gnu/ld-linux-x86-64.so.2
7fed76505000-7fed76510000 r--p 0002c000 08:03 550792                     /usr/lib/x86_64-linux-gnu/ld-linux-x86-64.so.2
7fed76511000-7fed76513000 r--p 00037000 08:03 550792                     /usr/lib/x86_64-linux-gnu/ld-linux-x86-64.so.2
7fed76513000-7fed76515000 rw-p 00039000 08:03 550792                     /usr/lib/x86_64-linux-gnu/ld-linux-x86-64.so.2
7ffd4b75e000-7ffd4b77f000 rw-p 00000000 00:00 0                          [stack]
7ffd4b7b4000-7ffd4b7b8000 r--p 00000000 00:00 0                          [vvar]
7ffd4b7b8000-7ffd4b7ba000 r-xp 00000000 00:00 0                          [vdso]
ffffffffff600000-ffffffffff601000 --xp 00000000 00:00 0                  [vsyscall]


VM Arguments:
jvm_args: -javaagent:/snap/intellij-idea-ultimate/430/lib/idea_rt.jar=35473:/snap/intellij-idea-ultimate/430/bin -Dfile.encoding=UTF-8 
java_command: Main /home/doudou/lab/Lab/tests/test1.sysy /home/doudou/lab/Lab/tests/out.txt
java_class_path (initial): /home/doudou/lab/Lab/out/production/Lab:/usr/local/lib/antlr-4.9.1-complete.jar:/usr/local/lib/javacpp-1.5.7-linux-x86_64.jar:/usr/local/lib/javacpp-1.5.7.jar:/usr/local/lib/llvm-13.0.1-1.5.7-linux-x86_64.jar:/usr/local/lib/llvm-13.0.1-1.5.7.jar:/usr/local/lib/llvm-platform-13.0.1-1.5.7.jar
Launcher Type: SUN_STANDARD

[Global flags]
     intx CICompilerCount                          = 2                                         {product} {ergonomic}
     uint ConcGCThreads                            = 1                                         {product} {ergonomic}
     uint G1ConcRefinementThreads                  = 2                                         {product} {ergonomic}
   size_t G1HeapRegionSize                         = 1048576                                   {product} {ergonomic}
    uintx GCDrainStackTargetSize                   = 64                                        {product} {ergonomic}
   size_t InitialHeapSize                          = 65011712                                  {product} {ergonomic}
   size_t MarkStackSize                            = 4194304                                   {product} {ergonomic}
   size_t MaxHeapSize                              = 1021313024                                {product} {ergonomic}
   size_t MaxNewSize                               = 612368384                                 {product} {ergonomic}
   size_t MinHeapDeltaBytes                        = 1048576                                   {product} {ergonomic}
    uintx NonNMethodCodeHeapSize                   = 5825164                                {pd product} {ergonomic}
    uintx NonProfiledCodeHeapSize                  = 122916538                              {pd product} {ergonomic}
    uintx ProfiledCodeHeapSize                     = 122916538                              {pd product} {ergonomic}
    uintx ReservedCodeCacheSize                    = 251658240                              {pd product} {ergonomic}
     bool SegmentedCodeCache                       = true                                      {product} {ergonomic}
     bool UseCompressedClassPointers               = true                                 {lp64_product} {ergonomic}
     bool UseCompressedOops                        = true                                 {lp64_product} {ergonomic}
     bool UseG1GC                                  = true                                      {product} {ergonomic}

Logging:
Log output configuration:
 #0: stdout all=warning uptime,level,tags
 #1: stderr all=off uptime,level,tags

Environment Variables:
PATH=/usr/local/sbin:/usr/local/bin:/usr/sbin:/usr/bin:/sbin:/bin:/usr/games:/usr/local/games:/snap/bin:/snap/bin
USERNAME=doudou
SHELL=/bin/bash
DISPLAY=:0
LANG=en_US.UTF-8
LC_NUMERIC=zh_CN.UTF-8
LC_TIME=zh_CN.UTF-8

Signal Handlers:
SIGSEGV: [libjvm.so+0xeabd80], sa_mask[0]=11111111011111111101111111111110, sa_flags=SA_RESTART|SA_SIGINFO
SIGBUS: [libjvm.so+0xeabd80], sa_mask[0]=11111111011111111101111111111110, sa_flags=SA_RESTART|SA_SIGINFO
SIGFPE: [libjvm.so+0xeabd80], sa_mask[0]=11111111011111111101111111111110, sa_flags=SA_RESTART|SA_SIGINFO
SIGPIPE: [libjvm.so+0xbee610], sa_mask[0]=11111111011111111101111111111110, sa_flags=SA_RESTART|SA_SIGINFO
SIGXFSZ: [libjvm.so+0xbee610], sa_mask[0]=11111111011111111101111111111110, sa_flags=SA_RESTART|SA_SIGINFO
SIGILL: [libjvm.so+0xeabd80], sa_mask[0]=11111111011111111101111111111110, sa_flags=SA_RESTART|SA_SIGINFO
SIGUSR2: [libjvm.so+0xbee4b0], sa_mask[0]=00100000000000000000000000000000, sa_flags=SA_RESTART|SA_SIGINFO
SIGHUP: [libjvm.so+0xbeec50], sa_mask[0]=11111111011111111101111111111110, sa_flags=SA_RESTART|SA_SIGINFO
SIGINT: [libjvm.so+0xbeec50], sa_mask[0]=11111111011111111101111111111110, sa_flags=SA_RESTART|SA_SIGINFO
SIGTERM: [libjvm.so+0xbeec50], sa_mask[0]=11111111011111111101111111111110, sa_flags=SA_RESTART|SA_SIGINFO
SIGQUIT: [libjvm.so+0xbeec50], sa_mask[0]=11111111011111111101111111111110, sa_flags=SA_RESTART|SA_SIGINFO


---------------  S Y S T E M  ---------------

OS:DISTRIB_ID=Ubuntu
DISTRIB_RELEASE=22.04
DISTRIB_CODENAME=jammy
DISTRIB_DESCRIPTION="Ubuntu 22.04.2 LTS"
uname:Linux 5.19.0-43-generic #44~22.04.1-Ubuntu SMP PREEMPT_DYNAMIC Mon May 22 13:39:36 UTC 2 x86_64
OS uptime: 0 days 2:58 hours
libc:glibc 2.35 NPTL 2.35 
rlimit (soft/hard): STACK 8192k/infinity , CORE 0k/infinity , NPROC 15250/15250 , NOFILE 1048576/1048576 , AS infinity/infinity , CPU infinity/infinity , DATA infinity/infinity , FSIZE infinity/infinity , MEMLOCK 497764k/497764k
load average:0.99 0.84 0.92

/proc/meminfo:
MemTotal:        3982112 kB
MemFree:          152308 kB
MemAvailable:     266240 kB
Buffers:            2824 kB
Cached:           302668 kB
SwapCached:       100984 kB
Active:           863592 kB
Inactive:        1238696 kB
Active(anon):     697928 kB
Inactive(anon):  1121048 kB
Active(file):     165664 kB
Inactive(file):   117648 kB
Unevictable:           0 kB
Mlocked:               0 kB
SwapTotal:       3512316 kB
SwapFree:        1710784 kB
Zswap:                 0 kB
Zswapped:              0 kB
Dirty:               284 kB
Writeback:             0 kB
AnonPages:       1744612 kB
Mapped:           173664 kB
Shmem:             22080 kB
KReclaimable:      70140 kB
Slab:             535932 kB
SReclaimable:      70140 kB
SUnreclaim:       465792 kB
KernelStack:       14448 kB
PageTables:        29060 kB
NFS_Unstable:          0 kB
Bounce:                0 kB
WritebackTmp:          0 kB
CommitLimit:     5503372 kB
Committed_AS:    6438084 kB
VmallocTotal:   34359738367 kB
VmallocUsed:      435336 kB
VmallocChunk:          0 kB
Percpu:           132096 kB
HardwareCorrupted:     0 kB
AnonHugePages:         0 kB
ShmemHugePages:        0 kB
ShmemPmdMapped:        0 kB
FileHugePages:         0 kB
FilePmdMapped:         0 kB
HugePages_Total:       0
HugePages_Free:        0
HugePages_Rsvd:        0
HugePages_Surp:        0
Hugepagesize:       2048 kB
Hugetlb:               0 kB
DirectMap4k:      302912 kB
DirectMap2M:     3891200 kB
DirectMap1G:     2097152 kB

/sys/kernel/mm/transparent_hugepage/enabled:
always [madvise] never
/sys/kernel/mm/transparent_hugepage/defrag (defrag/compaction efforts parameter):
always defer defer+madvise [madvise] never

Process Memory:
Virtual Size: 3681676K (peak: 12380364K)
Resident Set Size: 93312K (peak: 93736K) (anon: 37164K, file: 56148K, shmem: 0K)
Swapped out: 0K
C-Heap outstanding allocations: 15696K, retained: 1971K
glibc malloc tunables: (default)

/proc/sys/kernel/threads-max (system-wide limit on the number of threads):
30501
/proc/sys/vm/max_map_count (maximum number of memory map areas a process may have):
65530
/proc/sys/kernel/pid_max (system-wide limit on number of process identifiers):
4194304

container (cgroup) information:
container_type: cgroupv2
cpu_cpuset_cpus: not supported
cpu_memory_nodes: not supported
active_processor_count: 2
cpu_quota: not supported
cpu_period: not supported
cpu_shares: not supported
memory_limit_in_bytes: unlimited
memory_and_swap_limit_in_bytes: unlimited
memory_soft_limit_in_bytes: unlimited
memory_usage_in_bytes: 1685072 k
memory_max_usage_in_bytes: not supported
memory_swap_current_in_bytes: 1116336 k
memory_swap_max_limit_in_bytes: unlimited
maximum number of tasks: 4575
current number of tasks: 117

VMWare virtualization detected
Steal ticks since vm start: 0
Steal ticks percentage since vm start:  0.000

CPU:total 2 (initial active 2) (1 cores per cpu, 1 threads per core) family 6 model 140 stepping 1 microcode 0xffffffff, cmov, cx8, fxsr, mmx, sse, sse2, sse3, ssse3, sse4.1, sse4.2, popcnt, avx, avx2, aes, clmul, erms, 3dnowpref, lzcnt, tsc, tscinvbit, bmi1, bmi2, adx, evex, sha, fma
CPU Model and flags from /proc/cpuinfo:
model name	: 11th Gen Intel(R) Core(TM) i7-1165G7 @ 2.80GHz
flags		: fpu vme de pse tsc msr pae mce cx8 apic sep mtrr pge mca cmov pat pse36 clflush mmx fxsr sse sse2 ss syscall nx pdpe1gb rdtscp lm constant_tsc arch_perfmon rep_good nopl xtopology tsc_reliable nonstop_tsc cpuid tsc_known_freq pni pclmulqdq ssse3 fma cx16 pcid sse4_1 sse4_2 x2apic movbe popcnt tsc_deadline_timer aes xsave avx f16c rdrand hypervisor lahf_lm abm 3dnowprefetch invpcid_single pti ssbd ibrs ibpb stibp fsgsbase tsc_adjust bmi1 avx2 smep bmi2 erms invpcid avx512f avx512dq rdseed adx smap avx512ifma clflushopt clwb avx512cd sha_ni avx512bw avx512vl xsaveopt xsavec xgetbv1 xsaves arat avx512vbmi umip avx512_vbmi2 gfni vaes vpclmulqdq avx512_vnni avx512_bitalg avx512_vpopcntdq rdpid fsrm avx512_vp2intersect flush_l1d arch_capabilities
Online cpus:
0-1
Offline cpus:
2-127
BIOS frequency limitation:
<Not Available>
Frequency switch latency (ns):
<Not Available>
Available cpu frequencies:
<Not Available>
Current governor:
<Not Available>
Core performance/turbo boost:
<Not Available>

Memory: 4k page, physical 3982112k(152308k free), swap 3512316k(1710784k free)

vm_info: OpenJDK 64-Bit Server VM (11.0.19+7-post-Ubuntu-0ubuntu122.04.1) for linux-amd64 JRE (11.0.19+7-post-Ubuntu-0ubuntu122.04.1), built on May 10 2023 00:54:00 by "unknown" with gcc 11.3.0

END.
