#
# A fatal error has been detected by the Java Runtime Environment:
#
#  SIGSEGV (0xb) at pc=0x00007f0386013886, pid=26268, tid=26269
#
# JRE version: OpenJDK Runtime Environment (11.0.19+7) (build 11.0.19+7-post-Ubuntu-0ubuntu122.04.1)
# Java VM: OpenJDK 64-Bit Server VM (11.0.19+7-post-Ubuntu-0ubuntu122.04.1, mixed mode, sharing, tiered, compressed oops, g1 gc, linux-amd64)
# Problematic frame:
# C  [libLLVM-13.so+0xc13886]  llvm::ConstantArray::getImpl(llvm::ArrayType*, llvm::ArrayRef<llvm::Constant*>)+0x26
#
# Core dump will be written. Default location: Core dumps may be processed with "/usr/share/apport/apport -p%p -s%s -c%c -d%d -P%P -u%u -g%g -- %E" (or dumping to /home/doudou/lab/Lab/core.26268)
#
# If you would like to submit a bug report, please visit:
#   https://bugs.launchpad.net/ubuntu/+source/openjdk-lts
# The crash happened outside the Java Virtual Machine in native code.
# See problematic frame for where to report the bug.
#

---------------  S U M M A R Y ------------

Command Line: -javaagent:/snap/intellij-idea-ultimate/437/lib/idea_rt.jar=44423:/snap/intellij-idea-ultimate/437/bin -Dfile.encoding=UTF-8 Main /home/doudou/lab/Lab/tests/test1.sysy /home/doudou/lab/Lab/tests/out.txt

Host: 11th Gen Intel(R) Core(TM) i7-1165G7 @ 2.80GHz, 2 cores, 3G, Ubuntu 22.04.2 LTS
Time: Wed Jun 28 12:17:04 2023 CST elapsed time: 1.454679 seconds (0d 0h 0m 1s)

---------------  T H R E A D  ---------------

Current thread (0x00007f03e4016800):  JavaThread "main" [_thread_in_native, id=26269, stack(0x00007f03ea4e0000,0x00007f03ea5e0000)]

Stack: [0x00007f03ea4e0000,0x00007f03ea5e0000],  sp=0x00007f03ea5dda20,  free space=1014k
Native frames: (J=compiled Java code, A=aot compiled Java code, j=interpreted, Vv=VM code, C=native code)
C  [libLLVM-13.so+0xc13886]  llvm::ConstantArray::getImpl(llvm::ArrayType*, llvm::ArrayRef<llvm::Constant*>)+0x26

Java frames: (J=compiled Java code, j=interpreted, Vv=VM code)
j  org.bytedeco.llvm.global.LLVM.LLVMConstArray(Lorg/bytedeco/llvm/LLVM/LLVMTypeRef;Lorg/bytedeco/javacpp/PointerPointer;I)Lorg/bytedeco/llvm/LLVM/LLVMValueRef;+0
j  SysYLlvmVisitor.visitVarDef(LSysYParser$VarDefContext;)Lorg/bytedeco/llvm/LLVM/LLVMValueRef;+711
j  SysYLlvmVisitor.visitVarDef(LSysYParser$VarDefContext;)Ljava/lang/Object;+2
j  SysYParser$VarDefContext.accept(Lorg/antlr/v4/runtime/tree/ParseTreeVisitor;)Ljava/lang/Object;+12
j  org.antlr.v4.runtime.tree.AbstractParseTreeVisitor.visitChildren(Lorg/antlr/v4/runtime/tree/RuleNode;)Ljava/lang/Object;+46
j  SysYParserBaseVisitor.visitVarDecl(LSysYParser$VarDeclContext;)Ljava/lang/Object;+2
j  SysYParser$VarDeclContext.accept(Lorg/antlr/v4/runtime/tree/ParseTreeVisitor;)Ljava/lang/Object;+12
j  org.antlr.v4.runtime.tree.AbstractParseTreeVisitor.visitChildren(Lorg/antlr/v4/runtime/tree/RuleNode;)Ljava/lang/Object;+46
j  SysYParserBaseVisitor.visitDecl(LSysYParser$DeclContext;)Ljava/lang/Object;+2
j  SysYParser$DeclContext.accept(Lorg/antlr/v4/runtime/tree/ParseTreeVisitor;)Ljava/lang/Object;+12
j  org.antlr.v4.runtime.tree.AbstractParseTreeVisitor.visitChildren(Lorg/antlr/v4/runtime/tree/RuleNode;)Ljava/lang/Object;+46
j  SysYParserBaseVisitor.visitBlockItem(LSysYParser$BlockItemContext;)Ljava/lang/Object;+2
j  SysYParser$BlockItemContext.accept(Lorg/antlr/v4/runtime/tree/ParseTreeVisitor;)Ljava/lang/Object;+12
j  org.antlr.v4.runtime.tree.AbstractParseTreeVisitor.visitChildren(Lorg/antlr/v4/runtime/tree/RuleNode;)Ljava/lang/Object;+46
j  SysYParserBaseVisitor.visitBlock(LSysYParser$BlockContext;)Ljava/lang/Object;+2
j  SysYParser$BlockContext.accept(Lorg/antlr/v4/runtime/tree/ParseTreeVisitor;)Ljava/lang/Object;+12
j  org.antlr.v4.runtime.tree.AbstractParseTreeVisitor.visit(Lorg/antlr/v4/runtime/tree/ParseTree;)Ljava/lang/Object;+2
j  SysYLlvmVisitor.visitFuncDef(LSysYParser$FuncDefContext;)Lorg/bytedeco/llvm/LLVM/LLVMValueRef;+552
j  SysYLlvmVisitor.visitCompUnit(LSysYParser$CompUnitContext;)Lorg/bytedeco/llvm/LLVM/LLVMValueRef;+2072
j  SysYLlvmVisitor.visitCompUnit(LSysYParser$CompUnitContext;)Ljava/lang/Object;+2
j  SysYParser$CompUnitContext.accept(Lorg/antlr/v4/runtime/tree/ParseTreeVisitor;)Ljava/lang/Object;+12
j  org.antlr.v4.runtime.tree.AbstractParseTreeVisitor.visitChildren(Lorg/antlr/v4/runtime/tree/RuleNode;)Ljava/lang/Object;+46
j  SysYParserBaseVisitor.visitProgram(LSysYParser$ProgramContext;)Ljava/lang/Object;+2
j  SysYParser$ProgramContext.accept(Lorg/antlr/v4/runtime/tree/ParseTreeVisitor;)Ljava/lang/Object;+12
j  org.antlr.v4.runtime.tree.AbstractParseTreeVisitor.visit(Lorg/antlr/v4/runtime/tree/ParseTree;)Ljava/lang/Object;+2
j  Main.main([Ljava/lang/String;)V+210
v  ~StubRoutines::call_stub

siginfo: si_signo: 11 (SIGSEGV), si_code: 1 (SEGV_MAPERR), si_addr: 0x0000000000000010

Register to memory mapping:

RAX=0x00007f03e43cc740 points into unknown readable memory: 0x00007f03e43b3f70 | 70 3f 3b e4 03 7f 00 00
RBX=0x0 is NULL
RCX=0x0000000000000013 is an unknown value
RDX=0x0000000000000005 is an unknown value
RSP=0x00007f03ea5dda20 is pointing into the stack for thread: 0x00007f03e4016800
RBP=0x00007f03e43cc740 points into unknown readable memory: 0x00007f03e43b3f70 | 70 3f 3b e4 03 7f 00 00
RSI=0x00007f03e43dc450 points into unknown readable memory: 0x0000000000000000 | 00 00 00 00 00 00 00 00
RDI=0x00007f03e43cc740 points into unknown readable memory: 0x00007f03e43b3f70 | 70 3f 3b e4 03 7f 00 00
R8 =0x00007f03e43cc2f8 points into unknown readable memory: 0x00007f03e43ca8e8 | e8 a8 3c e4 03 7f 00 00
R9 =0x00000000c67df0b0 is an oop: org.bytedeco.javacpp.PointerPointer 
{0x00000000c67df0b0} - klass: 'org/bytedeco/javacpp/PointerPointer'
 - ---- fields (total size 7 words):
 - private 'deallocator' 'Lorg/bytedeco/javacpp/Pointer$Deallocator;' @12  a 'org/bytedeco/javacpp/Pointer$NativeDeallocator'{0x00000000c67df0e8} (c67df0e8)
 - protected 'address' 'J' @16  139654690882640 (e43dc450 7f03)
 - protected 'position' 'J' @24  0 (0 0)
 - protected 'limit' 'J' @32  5 (5 0)
 - protected 'capacity' 'J' @40  5 (5 0)
 - private strict 'pointerArray' '[Lorg/bytedeco/javacpp/Pointer;' @48  a 'org/bytedeco/llvm/LLVM/LLVMValueRef'[5] {0x00000000c68e76b0} (c68e76b0)
R10=0x0000000000000018 is an unknown value
R11=0x00007f03ea4a8a04: <offset 0x00000000012a8a04> in /usr/lib/jvm/java-11-openjdk-amd64/lib/server/libjvm.so at 0x00007f03e9200000
R12=0x00007f03e43dc450 points into unknown readable memory: 0x0000000000000000 | 00 00 00 00 00 00 00 00
R13=0x0000000000000005 is an unknown value
R14=0x00007f03e43cc740 points into unknown readable memory: 0x00007f03e43b3f70 | 70 3f 3b e4 03 7f 00 00
R15=0x00007f03e4016800 is a thread


Registers:
RAX=0x00007f03e43cc740, RBX=0x0000000000000000, RCX=0x0000000000000013, RDX=0x0000000000000005
RSP=0x00007f03ea5dda20, RBP=0x00007f03e43cc740, RSI=0x00007f03e43dc450, RDI=0x00007f03e43cc740
R8 =0x00007f03e43cc2f8, R9 =0x00000000c67df0b0, R10=0x0000000000000018, R11=0x00007f03ea4a8a04
R12=0x00007f03e43dc450, R13=0x0000000000000005, R14=0x00007f03e43cc740, R15=0x00007f03e4016800
RIP=0x00007f0386013886, EFLAGS=0x0000000000010206, CSGSFS=0x002b000000000033, ERR=0x0000000000000004
  TRAPNO=0x000000000000000e

Top of Stack: (sp=0x00007f03ea5dda20)
0x00007f03ea5dda20:   0000000000000000 00007f03ea5ddb20
0x00007f03ea5dda30:   00007f03e4016800 00007f03e4016b48
0x00007f03ea5dda40:   00007f03e4242398 00007f03ea5de9f0
0x00007f03ea5dda50:   00007f03ea5ddb10 00007f03e9afdb8d 

Instructions: (pc=0x00007f0386013886)
0x00007f0386013786:   ff 48 8b 44 24 28 44 8b 44 24 08 e9 70 fa ff ff
0x00007f0386013796:   b9 04 00 00 00 48 89 ee 4c 89 ff e8 7a b8 ef ff
0x00007f03860137a6:   8b 54 24 28 48 8b 44 24 20 44 89 2c 90 e9 50 fc
0x00007f03860137b6:   ff ff 31 ed 31 f6 4d 89 ec e9 84 fa ff ff 31 ed
0x00007f03860137c6:   45 31 f6 4d 89 ec e9 39 f9 ff ff 48 8d 7c 24 20
0x00007f03860137d6:   b9 08 00 00 00 48 89 ee e8 3d b8 ef ff 8b 44 24
0x00007f03860137e6:   28 e9 fd fc ff ff b9 08 00 00 00 48 89 ee 4c 89
0x00007f03860137f6:   ff e8 24 b8 ef ff 8b 54 24 28 48 8b 44 24 20 4c
0x00007f0386013806:   89 2c d0 e9 cb fd ff ff 48 8d 7c 24 20 b9 04 00
0x00007f0386013816:   00 00 48 89 ee e8 00 b8 ef ff 8b 44 24 28 e9 cc
0x00007f0386013826:   fe ff ff 40 84 ff 0f 85 08 f9 ff ff 45 84 c0 0f
0x00007f0386013836:   85 48 fb ff ff e9 fc f7 ff ff 41 83 fc 01 0f 84
0x00007f0386013846:   16 f9 ff ff 40 80 fe 0b 40 0f 94 c7 45 31 c0 e9
0x00007f0386013856:   c3 f7 ff ff 66 0f 1f 44 00 00 41 57 41 56 49 89
0x00007f0386013866:   fe 41 55 41 54 55 53 48 81 ec b8 00 00 00 48 85
0x00007f0386013876:   d2 0f 84 8b 01 00 00 48 8b 1e 49 89 f4 49 89 d5
0x00007f0386013886:   0f b6 43 10 3c 0b 0f 84 fe 00 00 00 83 e8 0a 83
0x00007f0386013896:   f8 01 0f 86 8a 01 00 00 48 89 df e8 6a 79 ff ff
0x00007f03860138a6:   84 c0 0f 85 4a 01 00 00 48 8b 3b 0f b6 77 08 40
0x00007f03860138b6:   80 fe 03 0f 87 71 02 00 00 0f b6 43 10 3c 0f 0f
0x00007f03860138c6:   85 7d 01 00 00 be 08 00 00 00 e8 9b b2 13 00 84
0x00007f03860138d6:   c0 0f 84 d3 02 00 00 4c 8d 74 24 38 4f 8d 2c ec
0x00007f03860138e6:   4c 89 e3 31 c0 66 0f 6f 05 4d 92 6d 03 4c 89 74
0x00007f03860138f6:   24 20 4c 8d 7c 24 20 0f 11 44 24 28 4d 39 ec 74
0x00007f0386013906:   4a 48 8b 13 80 7a 10 0f 0f 85 5c 02 00 00 83 7a
0x00007f0386013916:   20 40 48 8b 6a 18 76 04 48 8b 6d 00 48 8d 50 01
0x00007f0386013926:   48 3b 54 24 30 0f 87 19 06 00 00 48 8b 54 24 20
0x00007f0386013936:   40 88 2c 02 48 8b 44 24 28 48 83 c3 08 48 83 c0
0x00007f0386013946:   01 48 89 44 24 28 49 39 dd 75 b6 49 8b 3c 24 e8
0x00007f0386013956:   e6 d7 14 00 48 8b 6c 24 28 be 08 00 00 00 4c 8b
0x00007f0386013966:   64 24 20 48 89 c7 e8 1f b8 13 00 48 89 ee 48 89
0x00007f0386013976:   c7 e8 e4 d5 13 00 4c 89 e7 48 89 ee 48 89 c2 e8 


Stack slot to memory mapping:
stack at sp + 0 slots: 0x0 is NULL
stack at sp + 1 slots: 0x00007f03ea5ddb20 is pointing into the stack for thread: 0x00007f03e4016800
stack at sp + 2 slots: 0x00007f03e4016800 is a thread
stack at sp + 3 slots: 0x00007f03e4016b48 points into unknown readable memory: 0x00007f03ea444b40 | 40 4b 44 ea 03 7f 00 00
stack at sp + 4 slots: 0x00007f03e4242398 points into unknown readable memory: 0x00007f03b7c19760 | 60 97 c1 b7 03 7f 00 00
stack at sp + 5 slots: 0x00007f03ea5de9f0 is pointing into the stack for thread: 0x00007f03e4016800
stack at sp + 6 slots: 0x00007f03ea5ddb10 is pointing into the stack for thread: 0x00007f03e4016800
stack at sp + 7 slots: 0x00007f03e9afdb8d: <offset 0x00000000008fdb8d> in /usr/lib/jvm/java-11-openjdk-amd64/lib/server/libjvm.so at 0x00007f03e9200000


---------------  P R O C E S S  ---------------

Threads class SMR info:
_java_thread_list=0x00007f039c000c40, length=12, elements={
0x00007f03e4016800, 0x00007f03e4120000, 0x00007f03e4122000, 0x00007f03e4128800,
0x00007f03e412a800, 0x00007f03e412c800, 0x00007f03e412f000, 0x00007f03e4131000,
0x00007f03e413f000, 0x00007f03e41ef800, 0x00007f03e420b000, 0x00007f039c001000
}

Java Threads: ( => current thread )
=>0x00007f03e4016800 JavaThread "main" [_thread_in_native, id=26269, stack(0x00007f03ea4e0000,0x00007f03ea5e0000)]
  0x00007f03e4120000 JavaThread "Reference Handler" daemon [_thread_blocked, id=26284, stack(0x00007f03cc2fc000,0x00007f03cc3fc000)]
  0x00007f03e4122000 JavaThread "Finalizer" daemon [_thread_blocked, id=26285, stack(0x00007f03cc1fc000,0x00007f03cc2fc000)]
  0x00007f03e4128800 JavaThread "Signal Dispatcher" daemon [_thread_blocked, id=26291, stack(0x00007f03cc0fc000,0x00007f03cc1fc000)]
  0x00007f03e412a800 JavaThread "Service Thread" daemon [_thread_blocked, id=26292, stack(0x00007f03c4070000,0x00007f03c4170000)]
  0x00007f03e412c800 JavaThread "C2 CompilerThread0" daemon [_thread_blocked, id=26293, stack(0x00007f03b6900000,0x00007f03b6a00000)]
  0x00007f03e412f000 JavaThread "C1 CompilerThread0" daemon [_thread_blocked, id=26294, stack(0x00007f03b6800000,0x00007f03b6900000)]
  0x00007f03e4131000 JavaThread "Sweeper thread" daemon [_thread_blocked, id=26295, stack(0x00007f03b6700000,0x00007f03b6800000)]
  0x00007f03e413f000 JavaThread "Common-Cleaner" daemon [_thread_blocked, id=26298, stack(0x00007f03b6600000,0x00007f03b6700000)]
  0x00007f03e41ef800 JavaThread "Monitor Ctrl-Break" daemon [_thread_in_native, id=26299, stack(0x00007f03b6500000,0x00007f03b6600000)]
  0x00007f03e420b000 JavaThread "JavaCPP Deallocator" daemon [_thread_blocked, id=26301, stack(0x00007f03b62fe000,0x00007f03b63fe000)]
  0x00007f039c001000 JavaThread "Attach Listener" daemon [_thread_blocked, id=26303, stack(0x00007f03b5ff6000,0x00007f03b60f6000)]

Other Threads:
  0x00007f03e411d000 VMThread "VM Thread" [stack: 0x00007f03cc3fe000,0x00007f03cc4fe000] [id=26280]
  0x00007f03e41f1800 WatcherThread [stack: 0x00007f03b6400000,0x00007f03b6500000] [id=26300]
  0x00007f03e402f800 GCTaskThread "GC Thread#0" [stack: 0x00007f03e8c15000,0x00007f03e8d15000] [id=26273]
  0x00007f03ac001000 GCTaskThread "GC Thread#1" [stack: 0x00007f03b61fe000,0x00007f03b62fe000] [id=26302]
  0x00007f03e404a800 ConcurrentGCThread "G1 Main Marker" [stack: 0x00007f03e8356000,0x00007f03e8456000] [id=26274]
  0x00007f03e404c800 ConcurrentGCThread "G1 Conc#0" [stack: 0x00007f03e8254000,0x00007f03e8354000] [id=26275]
  0x00007f03e4087800 ConcurrentGCThread "G1 Refine#0" [stack: 0x00007f03e3f00000,0x00007f03e4000000] [id=26278]
  0x00007f03e4089800 ConcurrentGCThread "G1 Young RemSet Sampling" [stack: 0x00007f03cc500000,0x00007f03cc600000] [id=26279]

Threads with active compile tasks:

VM state:not at safepoint (normal execution)

VM Mutex/Monitor currently owned by a thread: None

Heap address: 0x00000000c2e00000, size: 978 MB, Compressed Oops mode: 32-bit
Narrow klass base: 0x0000000800000000, Narrow klass shift: 3
Compressed class space size: 1073741824 Address: 0x0000000840000000

Heap:
 garbage-first heap   total 65536K, used 7656K [0x00000000c2e00000, 0x0000000100000000)
  region size 1024K, 7 young (7168K), 1 survivors (1024K)
 Metaspace       used 4282K, capacity 6686K, committed 6912K, reserved 1056768K
  class space    used 466K, capacity 720K, committed 768K, reserved 1048576K
Heap Regions: E=young(eden), S=young(survivor), O=old, HS=humongous(starts), HC=humongous(continues), CS=collection set, F=free, A=archive, TAMS=top-at-mark-start (previous, next)
|   0|0x00000000c2e00000, 0x00000000c2ec8000, 0x00000000c2f00000| 78%| O|  |TAMS 0x00000000c2e00000, 0x00000000c2e00000| Untracked 
|   1|0x00000000c2f00000, 0x00000000c2f00000, 0x00000000c3000000|  0%| F|  |TAMS 0x00000000c2f00000, 0x00000000c2f00000| Untracked 
|   2|0x00000000c3000000, 0x00000000c3000000, 0x00000000c3100000|  0%| F|  |TAMS 0x00000000c3000000, 0x00000000c3000000| Untracked 
|   3|0x00000000c3100000, 0x00000000c3100000, 0x00000000c3200000|  0%| F|  |TAMS 0x00000000c3100000, 0x00000000c3100000| Untracked 
|   4|0x00000000c3200000, 0x00000000c3200000, 0x00000000c3300000|  0%| F|  |TAMS 0x00000000c3200000, 0x00000000c3200000| Untracked 
|   5|0x00000000c3300000, 0x00000000c3300000, 0x00000000c3400000|  0%| F|  |TAMS 0x00000000c3300000, 0x00000000c3300000| Untracked 
|   6|0x00000000c3400000, 0x00000000c3400000, 0x00000000c3500000|  0%| F|  |TAMS 0x00000000c3400000, 0x00000000c3400000| Untracked 
|   7|0x00000000c3500000, 0x00000000c3500000, 0x00000000c3600000|  0%| F|  |TAMS 0x00000000c3500000, 0x00000000c3500000| Untracked 
|   8|0x00000000c3600000, 0x00000000c3600000, 0x00000000c3700000|  0%| F|  |TAMS 0x00000000c3600000, 0x00000000c3600000| Untracked 
|   9|0x00000000c3700000, 0x00000000c3700000, 0x00000000c3800000|  0%| F|  |TAMS 0x00000000c3700000, 0x00000000c3700000| Untracked 
|  10|0x00000000c3800000, 0x00000000c3800000, 0x00000000c3900000|  0%| F|  |TAMS 0x00000000c3800000, 0x00000000c3800000| Untracked 
|  11|0x00000000c3900000, 0x00000000c3900000, 0x00000000c3a00000|  0%| F|  |TAMS 0x00000000c3900000, 0x00000000c3900000| Untracked 
|  12|0x00000000c3a00000, 0x00000000c3a00000, 0x00000000c3b00000|  0%| F|  |TAMS 0x00000000c3a00000, 0x00000000c3a00000| Untracked 
|  13|0x00000000c3b00000, 0x00000000c3b00000, 0x00000000c3c00000|  0%| F|  |TAMS 0x00000000c3b00000, 0x00000000c3b00000| Untracked 
|  14|0x00000000c3c00000, 0x00000000c3c00000, 0x00000000c3d00000|  0%| F|  |TAMS 0x00000000c3c00000, 0x00000000c3c00000| Untracked 
|  15|0x00000000c3d00000, 0x00000000c3d00000, 0x00000000c3e00000|  0%| F|  |TAMS 0x00000000c3d00000, 0x00000000c3d00000| Untracked 
|  16|0x00000000c3e00000, 0x00000000c3e00000, 0x00000000c3f00000|  0%| F|  |TAMS 0x00000000c3e00000, 0x00000000c3e00000| Untracked 
|  17|0x00000000c3f00000, 0x00000000c3f00000, 0x00000000c4000000|  0%| F|  |TAMS 0x00000000c3f00000, 0x00000000c3f00000| Untracked 
|  18|0x00000000c4000000, 0x00000000c4000000, 0x00000000c4100000|  0%| F|  |TAMS 0x00000000c4000000, 0x00000000c4000000| Untracked 
|  19|0x00000000c4100000, 0x00000000c4100000, 0x00000000c4200000|  0%| F|  |TAMS 0x00000000c4100000, 0x00000000c4100000| Untracked 
|  20|0x00000000c4200000, 0x00000000c4200000, 0x00000000c4300000|  0%| F|  |TAMS 0x00000000c4200000, 0x00000000c4200000| Untracked 
|  21|0x00000000c4300000, 0x00000000c4300000, 0x00000000c4400000|  0%| F|  |TAMS 0x00000000c4300000, 0x00000000c4300000| Untracked 
|  22|0x00000000c4400000, 0x00000000c4400000, 0x00000000c4500000|  0%| F|  |TAMS 0x00000000c4400000, 0x00000000c4400000| Untracked 
|  23|0x00000000c4500000, 0x00000000c4500000, 0x00000000c4600000|  0%| F|  |TAMS 0x00000000c4500000, 0x00000000c4500000| Untracked 
|  24|0x00000000c4600000, 0x00000000c4600000, 0x00000000c4700000|  0%| F|  |TAMS 0x00000000c4600000, 0x00000000c4600000| Untracked 
|  25|0x00000000c4700000, 0x00000000c4700000, 0x00000000c4800000|  0%| F|  |TAMS 0x00000000c4700000, 0x00000000c4700000| Untracked 
|  26|0x00000000c4800000, 0x00000000c4800000, 0x00000000c4900000|  0%| F|  |TAMS 0x00000000c4800000, 0x00000000c4800000| Untracked 
|  27|0x00000000c4900000, 0x00000000c4900000, 0x00000000c4a00000|  0%| F|  |TAMS 0x00000000c4900000, 0x00000000c4900000| Untracked 
|  28|0x00000000c4a00000, 0x00000000c4a00000, 0x00000000c4b00000|  0%| F|  |TAMS 0x00000000c4a00000, 0x00000000c4a00000| Untracked 
|  29|0x00000000c4b00000, 0x00000000c4b00000, 0x00000000c4c00000|  0%| F|  |TAMS 0x00000000c4b00000, 0x00000000c4b00000| Untracked 
|  30|0x00000000c4c00000, 0x00000000c4c00000, 0x00000000c4d00000|  0%| F|  |TAMS 0x00000000c4c00000, 0x00000000c4c00000| Untracked 
|  31|0x00000000c4d00000, 0x00000000c4d00000, 0x00000000c4e00000|  0%| F|  |TAMS 0x00000000c4d00000, 0x00000000c4d00000| Untracked 
|  32|0x00000000c4e00000, 0x00000000c4e00000, 0x00000000c4f00000|  0%| F|  |TAMS 0x00000000c4e00000, 0x00000000c4e00000| Untracked 
|  33|0x00000000c4f00000, 0x00000000c4f00000, 0x00000000c5000000|  0%| F|  |TAMS 0x00000000c4f00000, 0x00000000c4f00000| Untracked 
|  34|0x00000000c5000000, 0x00000000c5000000, 0x00000000c5100000|  0%| F|  |TAMS 0x00000000c5000000, 0x00000000c5000000| Untracked 
|  35|0x00000000c5100000, 0x00000000c5100000, 0x00000000c5200000|  0%| F|  |TAMS 0x00000000c5100000, 0x00000000c5100000| Untracked 
|  36|0x00000000c5200000, 0x00000000c5200000, 0x00000000c5300000|  0%| F|  |TAMS 0x00000000c5200000, 0x00000000c5200000| Untracked 
|  37|0x00000000c5300000, 0x00000000c5300000, 0x00000000c5400000|  0%| F|  |TAMS 0x00000000c5300000, 0x00000000c5300000| Untracked 
|  38|0x00000000c5400000, 0x00000000c5400000, 0x00000000c5500000|  0%| F|  |TAMS 0x00000000c5400000, 0x00000000c5400000| Untracked 
|  39|0x00000000c5500000, 0x00000000c5500000, 0x00000000c5600000|  0%| F|  |TAMS 0x00000000c5500000, 0x00000000c5500000| Untracked 
|  40|0x00000000c5600000, 0x00000000c5600000, 0x00000000c5700000|  0%| F|  |TAMS 0x00000000c5600000, 0x00000000c5600000| Untracked 
|  41|0x00000000c5700000, 0x00000000c5700000, 0x00000000c5800000|  0%| F|  |TAMS 0x00000000c5700000, 0x00000000c5700000| Untracked 
|  42|0x00000000c5800000, 0x00000000c5800000, 0x00000000c5900000|  0%| F|  |TAMS 0x00000000c5800000, 0x00000000c5800000| Untracked 
|  43|0x00000000c5900000, 0x00000000c5900000, 0x00000000c5a00000|  0%| F|  |TAMS 0x00000000c5900000, 0x00000000c5900000| Untracked 
|  44|0x00000000c5a00000, 0x00000000c5a00000, 0x00000000c5b00000|  0%| F|  |TAMS 0x00000000c5a00000, 0x00000000c5a00000| Untracked 
|  45|0x00000000c5b00000, 0x00000000c5b00000, 0x00000000c5c00000|  0%| F|  |TAMS 0x00000000c5b00000, 0x00000000c5b00000| Untracked 
|  46|0x00000000c5c00000, 0x00000000c5c00000, 0x00000000c5d00000|  0%| F|  |TAMS 0x00000000c5c00000, 0x00000000c5c00000| Untracked 
|  47|0x00000000c5d00000, 0x00000000c5d00000, 0x00000000c5e00000|  0%| F|  |TAMS 0x00000000c5d00000, 0x00000000c5d00000| Untracked 
|  48|0x00000000c5e00000, 0x00000000c5e00000, 0x00000000c5f00000|  0%| F|  |TAMS 0x00000000c5e00000, 0x00000000c5e00000| Untracked 
|  49|0x00000000c5f00000, 0x00000000c5f00000, 0x00000000c6000000|  0%| F|  |TAMS 0x00000000c5f00000, 0x00000000c5f00000| Untracked 
|  50|0x00000000c6000000, 0x00000000c6000000, 0x00000000c6100000|  0%| F|  |TAMS 0x00000000c6000000, 0x00000000c6000000| Untracked 
|  51|0x00000000c6100000, 0x00000000c6100000, 0x00000000c6200000|  0%| F|  |TAMS 0x00000000c6100000, 0x00000000c6100000| Untracked 
|  52|0x00000000c6200000, 0x00000000c6200000, 0x00000000c6300000|  0%| F|  |TAMS 0x00000000c6200000, 0x00000000c6200000| Untracked 
|  53|0x00000000c6300000, 0x00000000c6300000, 0x00000000c6400000|  0%| F|  |TAMS 0x00000000c6300000, 0x00000000c6300000| Untracked 
|  54|0x00000000c6400000, 0x00000000c6500000, 0x00000000c6500000|100%| S|CS|TAMS 0x00000000c6400000, 0x00000000c6400000| Complete 
|  55|0x00000000c6500000, 0x00000000c6500000, 0x00000000c6600000|  0%| F|  |TAMS 0x00000000c6500000, 0x00000000c6500000| Untracked 
|  56|0x00000000c6600000, 0x00000000c665cab8, 0x00000000c6700000| 36%| E|  |TAMS 0x00000000c6600000, 0x00000000c6600000| Complete 
|  57|0x00000000c6700000, 0x00000000c6800000, 0x00000000c6800000|100%| E|CS|TAMS 0x00000000c6700000, 0x00000000c6700000| Complete 
|  58|0x00000000c6800000, 0x00000000c6900000, 0x00000000c6900000|100%| E|CS|TAMS 0x00000000c6800000, 0x00000000c6800000| Complete 
|  59|0x00000000c6900000, 0x00000000c6a00000, 0x00000000c6a00000|100%| E|CS|TAMS 0x00000000c6900000, 0x00000000c6900000| Complete 
|  60|0x00000000c6a00000, 0x00000000c6b00000, 0x00000000c6b00000|100%| E|CS|TAMS 0x00000000c6a00000, 0x00000000c6a00000| Complete 
|  61|0x00000000c6b00000, 0x00000000c6c00000, 0x00000000c6c00000|100%| E|CS|TAMS 0x00000000c6b00000, 0x00000000c6b00000| Complete 
| 976|0x00000000ffe00000, 0x00000000ffe47000, 0x00000000fff00000| 27%|OA|  |TAMS 0x00000000ffe00000, 0x00000000ffe00000| Untracked 
| 977|0x00000000fff00000, 0x00000000fff6b000, 0x0000000100000000| 41%|CA|  |TAMS 0x00000000fff00000, 0x00000000fff00000| Untracked 

Card table byte_map: [0x00007f03e863f000,0x00007f03e8828000] _byte_map_base: 0x00007f03e8028000

Marking Bits (Prev, Next): (CMBitMap*) 0x00007f03e4045b88, (CMBitMap*) 0x00007f03e4045bc0
 Prev Bits: [0x00007f03c70b8000, 0x00007f03c8000000)
 Next Bits: [0x00007f03c6170000, 0x00007f03c70b8000)

Polling page: 0x00007f03ea937000

Metaspace:

Usage:
  Non-class:      5.83 MB capacity,     3.73 MB ( 64%) used,     2.09 MB ( 36%) free+waste,     9.50 KB ( <1%) overhead. 
      Class:    720.00 KB capacity,   466.98 KB ( 65%) used,   247.77 KB ( 34%) free+waste,     5.25 KB ( <1%) overhead. 
       Both:      6.53 MB capacity,     4.18 MB ( 64%) used,     2.33 MB ( 36%) free+waste,    14.75 KB ( <1%) overhead. 

Virtual space:
  Non-class space:        8.00 MB reserved,       6.00 MB ( 75%) committed 
      Class space:        1.00 GB reserved,     768.00 KB ( <1%) committed 
             Both:        1.01 GB reserved,       6.75 MB ( <1%) committed 

Chunk freelists:
   Non-Class:  0 bytes
       Class:  0 bytes
        Both:  0 bytes

MaxMetaspaceSize: unlimited
CompressedClassSpaceSize: 1.00 GB
Initial GC threshold: 20.80 MB
Current GC threshold: 20.80 MB
CDS: on

CodeHeap 'non-profiled nmethods': size=120036Kb used=257Kb max_used=257Kb free=119778Kb
 bounds [0x00007f03d40c7000, 0x00007f03d4337000, 0x00007f03db600000]
CodeHeap 'profiled nmethods': size=120032Kb used=1369Kb max_used=1369Kb free=118662Kb
 bounds [0x00007f03ccb8f000, 0x00007f03ccdff000, 0x00007f03d40c7000]
CodeHeap 'non-nmethods': size=5692Kb used=1166Kb max_used=1181Kb free=4525Kb
 bounds [0x00007f03cc600000, 0x00007f03cc870000, 0x00007f03ccb8f000]
 total_blobs=1209 nmethods=790 adapters=333
 compilation: enabled
              stopped_count=0, restarted_count=0
 full_count=0

Compilation events (20 events):
Event: 1.409 Thread 0x00007f03e412f000 nmethod 756 0x00007f03cccd6590 code [0x00007f03cccd6740, 0x00007f03cccd68d0]
Event: 1.409 Thread 0x00007f03e412f000  755       3       jdk.internal.org.objectweb.asm.Frame::get (46 bytes)
Event: 1.409 Thread 0x00007f03e412f000 nmethod 755 0x00007f03cccd6990 code [0x00007f03cccd6b40, 0x00007f03cccd6d50]
Event: 1.410 Thread 0x00007f03e412f000  761       3       jdk.internal.org.objectweb.asm.ByteVector::put11 (52 bytes)
Event: 1.410 Thread 0x00007f03e412f000 nmethod 761 0x00007f03cccd6e10 code [0x00007f03cccd6fe0, 0x00007f03cccd7200]
Event: 1.410 Thread 0x00007f03e412f000  759       3       sun.invoke.util.BytecodeDescriptor::unparseSig (91 bytes)
Event: 1.411 Thread 0x00007f03e412f000 nmethod 759 0x00007f03cccd7390 code [0x00007f03cccd7620, 0x00007f03cccd7e40]
Event: 1.412 Thread 0x00007f03e412f000  762       1       java.lang.invoke.LambdaForm$BasicType::basicTypeChar (5 bytes)
Event: 1.417 Thread 0x00007f03e412f000 nmethod 762 0x00007f03d4102b90 code [0x00007f03d4102d40, 0x00007f03d4102e10]
Event: 1.417 Thread 0x00007f03e412f000  764       3       java.util.ImmutableCollections$ListItr::hasNext (17 bytes)
Event: 1.417 Thread 0x00007f03e412f000 nmethod 764 0x00007f03cccd8210 code [0x00007f03cccd83c0, 0x00007f03cccd8530]
Event: 1.417 Thread 0x00007f03e412f000  763       1       java.lang.invoke.DirectMethodHandle::internalMemberName (5 bytes)
Event: 1.417 Thread 0x00007f03e412f000 nmethod 763 0x00007f03d4103190 code [0x00007f03d4103340, 0x00007f03d4103410]
Event: 1.417 Thread 0x00007f03e412f000  766       3       jdk.internal.org.objectweb.asm.Frame::pop (43 bytes)
Event: 1.417 Thread 0x00007f03e412f000 nmethod 766 0x00007f03cccd8590 code [0x00007f03cccd8740, 0x00007f03cccd88f0]
Event: 1.417 Thread 0x00007f03e412f000  767   !   3       java.lang.invoke.MemberName::getFieldType (177 bytes)
Event: 1.419 Thread 0x00007f03e412f000 nmethod 767 0x00007f03cccd8a10 code [0x00007f03cccd8d60, 0x00007f03cccda570]
Event: 1.419 Thread 0x00007f03e412f000  770       3       java.util.Arrays::asList (9 bytes)
Event: 1.433 Thread 0x00007f03e412f000 nmethod 770 0x00007f03cccdad10 code [0x00007f03cccdaf00, 0x00007f03cccdb380]
Event: 1.433 Thread 0x00007f03e412f000  779       3       sun.invoke.util.VerifyType::isNullConversion (157 bytes)

GC Heap History (2 events):
Event: 0.900 GC heap before
{Heap before GC invocations=0 (full 0):
 garbage-first heap   total 65536K, used 6856K [0x00000000c2e00000, 0x0000000100000000)
  region size 1024K, 7 young (7168K), 0 survivors (0K)
 Metaspace       used 3099K, capacity 5908K, committed 6016K, reserved 1056768K
  class space    used 337K, capacity 586K, committed 640K, reserved 1048576K
}
Event: 0.909 GC heap after
{Heap after GC invocations=1 (full 0):
 garbage-first heap   total 65536K, used 2536K [0x00000000c2e00000, 0x0000000100000000)
  region size 1024K, 1 young (1024K), 1 survivors (1024K)
 Metaspace       used 3099K, capacity 5908K, committed 6016K, reserved 1056768K
  class space    used 337K, capacity 586K, committed 640K, reserved 1048576K
}

Deoptimization events (20 events):
Event: 0.871 Thread 0x00007f03e4016800 DEOPT PACKING pc=0x00007f03d40dfb54 sp=0x00007f03ea5ddfb0
Event: 0.871 Thread 0x00007f03e4016800 DEOPT UNPACKING pc=0x00007f03cc6082a5 sp=0x00007f03ea5ddf48 mode 2
Event: 1.121 Thread 0x00007f03e4016800 DEOPT PACKING pc=0x00007f03ccbf8f42 sp=0x00007f03ea5dd520
Event: 1.121 Thread 0x00007f03e4016800 DEOPT UNPACKING pc=0x00007f03cc6499fa sp=0x00007f03ea5dc9a8 mode 0
Event: 1.266 Thread 0x00007f03e4016800 Uncommon trap: trap_request=0xffffffc6 fr.pc=0x00007f03d40d05a4 relative=0x0000000000000084
Event: 1.266 Thread 0x00007f03e4016800 Uncommon trap: reason=bimorphic_or_optimized_type_check action=maybe_recompile pc=0x00007f03d40d05a4 method=java.util.AbstractCollection.isEmpty()Z @ 1 c2
Event: 1.266 Thread 0x00007f03e4016800 DEOPT PACKING pc=0x00007f03d40d05a4 sp=0x00007f03ea5dd300
Event: 1.266 Thread 0x00007f03e4016800 DEOPT UNPACKING pc=0x00007f03cc6082a5 sp=0x00007f03ea5dd2b0 mode 2
Event: 1.266 Thread 0x00007f03e4016800 Uncommon trap: trap_request=0xffffffc6 fr.pc=0x00007f03d40d05a4 relative=0x0000000000000084
Event: 1.266 Thread 0x00007f03e4016800 Uncommon trap: reason=bimorphic_or_optimized_type_check action=maybe_recompile pc=0x00007f03d40d05a4 method=java.util.AbstractCollection.isEmpty()Z @ 1 c2
Event: 1.266 Thread 0x00007f03e4016800 DEOPT PACKING pc=0x00007f03d40d05a4 sp=0x00007f03ea5dd4d0
Event: 1.266 Thread 0x00007f03e4016800 DEOPT UNPACKING pc=0x00007f03cc6082a5 sp=0x00007f03ea5dd480 mode 2
Event: 1.289 Thread 0x00007f03e4016800 Uncommon trap: trap_request=0xffffffc6 fr.pc=0x00007f03d40d05a4 relative=0x0000000000000084
Event: 1.289 Thread 0x00007f03e4016800 Uncommon trap: reason=bimorphic_or_optimized_type_check action=maybe_recompile pc=0x00007f03d40d05a4 method=java.util.AbstractCollection.isEmpty()Z @ 1 c2
Event: 1.289 Thread 0x00007f03e4016800 DEOPT PACKING pc=0x00007f03d40d05a4 sp=0x00007f03ea5dd4f0
Event: 1.290 Thread 0x00007f03e4016800 DEOPT UNPACKING pc=0x00007f03cc6082a5 sp=0x00007f03ea5dd4a0 mode 2
Event: 1.301 Thread 0x00007f03e4016800 Uncommon trap: trap_request=0xffffffc6 fr.pc=0x00007f03d40d05a4 relative=0x0000000000000084
Event: 1.301 Thread 0x00007f03e4016800 Uncommon trap: reason=bimorphic_or_optimized_type_check action=maybe_recompile pc=0x00007f03d40d05a4 method=java.util.AbstractCollection.isEmpty()Z @ 1 c2
Event: 1.301 Thread 0x00007f03e4016800 DEOPT PACKING pc=0x00007f03d40d05a4 sp=0x00007f03ea5dd300
Event: 1.301 Thread 0x00007f03e4016800 DEOPT UNPACKING pc=0x00007f03cc6082a5 sp=0x00007f03ea5dd2b0 mode 2

Classes redefined (0 events):
No events

Internal exceptions (20 events):
Event: 0.408 Thread 0x00007f03e4016800 Exception <a 'java/security/PrivilegedActionException'{0x00000000c6ae25f0}> (0x00000000c6ae25f0) thrown at [./src/hotspot/share/prims/jvm.cpp, line 1304]
Event: 0.408 Thread 0x00007f03e4016800 Exception <a 'java/security/PrivilegedActionException'{0x00000000c6ae28c0}> (0x00000000c6ae28c0) thrown at [./src/hotspot/share/prims/jvm.cpp, line 1304]
Event: 0.408 Thread 0x00007f03e4016800 Exception <a 'java/security/PrivilegedActionException'{0x00000000c6ae3248}> (0x00000000c6ae3248) thrown at [./src/hotspot/share/prims/jvm.cpp, line 1304]
Event: 0.408 Thread 0x00007f03e4016800 Exception <a 'java/security/PrivilegedActionException'{0x00000000c6ae3518}> (0x00000000c6ae3518) thrown at [./src/hotspot/share/prims/jvm.cpp, line 1304]
Event: 0.409 Thread 0x00007f03e4016800 Exception <a 'java/security/PrivilegedActionException'{0x00000000c6ae3ea0}> (0x00000000c6ae3ea0) thrown at [./src/hotspot/share/prims/jvm.cpp, line 1304]
Event: 0.409 Thread 0x00007f03e4016800 Exception <a 'java/security/PrivilegedActionException'{0x00000000c6ae4170}> (0x00000000c6ae4170) thrown at [./src/hotspot/share/prims/jvm.cpp, line 1304]
Event: 0.409 Thread 0x00007f03e4016800 Exception <a 'java/security/PrivilegedActionException'{0x00000000c6ae4af8}> (0x00000000c6ae4af8) thrown at [./src/hotspot/share/prims/jvm.cpp, line 1304]
Event: 0.410 Thread 0x00007f03e4016800 Exception <a 'java/security/PrivilegedActionException'{0x00000000c6ae4dc8}> (0x00000000c6ae4dc8) thrown at [./src/hotspot/share/prims/jvm.cpp, line 1304]
Event: 0.410 Thread 0x00007f03e4016800 Exception <a 'java/security/PrivilegedActionException'{0x00000000c6ae5738}> (0x00000000c6ae5738) thrown at [./src/hotspot/share/prims/jvm.cpp, line 1304]
Event: 0.410 Thread 0x00007f03e4016800 Exception <a 'java/security/PrivilegedActionException'{0x00000000c6ae5a08}> (0x00000000c6ae5a08) thrown at [./src/hotspot/share/prims/jvm.cpp, line 1304]
Event: 0.410 Thread 0x00007f03e4016800 Exception <a 'java/security/PrivilegedActionException'{0x00000000c6ae6390}> (0x00000000c6ae6390) thrown at [./src/hotspot/share/prims/jvm.cpp, line 1304]
Event: 0.410 Thread 0x00007f03e4016800 Exception <a 'java/security/PrivilegedActionException'{0x00000000c6ae6660}> (0x00000000c6ae6660) thrown at [./src/hotspot/share/prims/jvm.cpp, line 1304]
Event: 0.493 Thread 0x00007f03e4016800 Exception <a 'java/lang/NoSuchMethodError'{0x00000000c69958f0}: 'int java.lang.invoke.DirectMethodHandle$Holder.invokeStaticInit(java.lang.Object, java.lang.Object, java.lang.Object, java.lang.Object)'> (0x00000000c69958f0) thrown at [./src/hotspot/share/interpreter/linkResolver.cpp, line 772]
Event: 0.520 Thread 0x00007f03e4016800 Exception <a 'java/lang/IncompatibleClassChangeError'{0x00000000c699f670}: Found class java.lang.Object, but interface was expected> (0x00000000c699f670) thrown at [./src/hotspot/share/interpreter/linkResolver.cpp, line 839]
Event: 0.524 Thread 0x00007f03e4016800 Exception <a 'java/lang/NoSuchMethodError'{0x00000000c69a2820}: 'void java.lang.invoke.DirectMethodHandle$Holder.invokeStaticInit(java.lang.Object, java.lang.Object)'> (0x00000000c69a2820) thrown at [./src/hotspot/share/interpreter/linkResolver.cpp, line 772]
Event: 0.526 Thread 0x00007f03e4016800 Exception <a 'java/lang/NoSuchMethodError'{0x00000000c69a7c90}: 'int java.lang.invoke.DirectMethodHandle$Holder.invokeStaticInit(java.lang.Object, java.lang.Object)'> (0x00000000c69a7c90) thrown at [./src/hotspot/share/interpreter/linkResolver.cpp, line 772]
Event: 1.409 Thread 0x00007f03e4016800 Exception <a 'java/lang/NoSuchMethodError'{0x00000000c67900a0}: 'java.lang.Object java.lang.invoke.DirectMethodHandle$Holder.invokeStatic(java.lang.Object, java.lang.Object, java.lang.Object, java.lang.Object, java.lang.Object, java.lang.Object, java.lang.Object, java.lang.Object, java.lang.Object, java.lang.Object, java.lang.Object, int)'> (0x00000000c67900a0) thrown at [./src/hotspot/share/interpreter/linkResolver.cpp, line 772]
Event: 1.426 Thread 0x00007f03e4016800 Exception <a 'java/lang/NoSuchMethodError'{0x00000000c67ae5c8}: 'java.lang.Object java.lang.invoke.DirectMethodHandle$Holder.invokeStatic(java.lang.Object, java.lang.Object, java.lang.Object, java.lang.Object, java.lang.Object, java.lang.Object, java.lang.Object, java.lang.Object, java.lang.Object, java.lang.Object, java.lang.Object, int, int)'> (0x00000000c67ae5c8) thrown at [./src/hotspot/share/interpreter/linkResolver.cpp, line 772]
Event: 1.432 Thread 0x00007f03e4016800 Exception <a 'java/lang/NoSuchMethodError'{0x00000000c67cd890}: 'java.lang.Object java.lang.invoke.DirectMethodHandle$Holder.invokeStatic(java.lang.Object, java.lang.Object, java.lang.Object, java.lang.Object, java.lang.Object, java.lang.Object, java.lang.Object, java.lang.Object, java.lang.Object, java.lang.Object, java.lang.Object, int, int, java.lang.Object)'> (0x00000000c67cd890) thrown at [./src/hotspot/share/interpreter/linkResolver.cpp, line 772]
Event: 1.433 Thread 0x00007f03e4016800 Exception <a 'java/lang/NoSuchMethodError'{0x00000000c67d99e8}: 'java.lang.Object java.lang.invoke.Invokers$Holder.linkToTargetMethod(java.lang.Object, int, java.lang.Object)'> (0x00000000c67d99e8) thrown at [./src/hotspot/share/interpreter/linkResolver.cpp, line 772]

Events (20 events):
Event: 1.402 Executing VM operation: RevokeBias
Event: 1.403 Executing VM operation: RevokeBias done
Event: 1.403 Executing VM operation: RevokeBias
Event: 1.403 Executing VM operation: RevokeBias done
Event: 1.411 Executing VM operation: RevokeBias
Event: 1.411 Executing VM operation: RevokeBias done
Event: 1.412 Executing VM operation: RevokeBias
Event: 1.416 Executing VM operation: RevokeBias done
Event: 1.418 loading class java/lang/invoke/BoundMethodHandle$Species_LLLLLLLLII
Event: 1.418 loading class java/lang/invoke/BoundMethodHandle$Species_LLLLLLLLII done
Event: 1.421 Executing VM operation: RevokeBias
Event: 1.426 Executing VM operation: RevokeBias done
Event: 1.427 Executing VM operation: RevokeBias
Event: 1.428 Executing VM operation: RevokeBias done
Event: 1.429 loading class sun/util/cldr/CLDRTimeZoneNameProviderImpl
Event: 1.429 loading class sun/util/locale/provider/TimeZoneNameProviderImpl
Event: 1.429 loading class sun/util/locale/provider/TimeZoneNameProviderImpl done
Event: 1.429 loading class sun/util/cldr/CLDRTimeZoneNameProviderImpl done
Event: 1.430 loading class java/lang/invoke/BoundMethodHandle$Species_LLLLLLLLIIL
Event: 1.430 loading class java/lang/invoke/BoundMethodHandle$Species_LLLLLLLLIIL done


Dynamic libraries:
c2e00000-c6c00000 rw-p 00000000 00:00 0 
c6c00000-ffe00000 ---p 00000000 00:00 0 
ffe00000-ffe47000 rw-p 00b0a000 08:03 1060156                            /usr/lib/jvm/java-11-openjdk-amd64/lib/server/classes.jsa
ffe47000-fff00000 rw-p 00000000 00:00 0 
fff00000-fff6b000 rw-p 00a9f000 08:03 1060156                            /usr/lib/jvm/java-11-openjdk-amd64/lib/server/classes.jsa
fff6b000-100000000 rw-p 00000000 00:00 0 
800000000-800002000 rwxp 00001000 08:03 1060156                          /usr/lib/jvm/java-11-openjdk-amd64/lib/server/classes.jsa
800002000-8003cc000 rw-p 00003000 08:03 1060156                          /usr/lib/jvm/java-11-openjdk-amd64/lib/server/classes.jsa
8003cc000-800a9d000 r--p 003cd000 08:03 1060156                          /usr/lib/jvm/java-11-openjdk-amd64/lib/server/classes.jsa
800a9d000-800a9e000 rw-p 00a9e000 08:03 1060156                          /usr/lib/jvm/java-11-openjdk-amd64/lib/server/classes.jsa
840000000-8400c0000 rw-p 00000000 00:00 0 
8400c0000-880000000 ---p 00000000 00:00 0 
556aac8a7000-556aac8a8000 r--p 00000000 08:03 1058673                    /usr/lib/jvm/java-11-openjdk-amd64/bin/java
556aac8a8000-556aac8a9000 r-xp 00001000 08:03 1058673                    /usr/lib/jvm/java-11-openjdk-amd64/bin/java
556aac8a9000-556aac8aa000 r--p 00002000 08:03 1058673                    /usr/lib/jvm/java-11-openjdk-amd64/bin/java
556aac8aa000-556aac8ab000 r--p 00002000 08:03 1058673                    /usr/lib/jvm/java-11-openjdk-amd64/bin/java
556aac8ab000-556aac8ac000 rw-p 00003000 08:03 1058673                    /usr/lib/jvm/java-11-openjdk-amd64/bin/java
556aacce3000-556aacd25000 rw-p 00000000 00:00 0                          [heap]
7f0385400000-7f0385d26000 r--p 00000000 08:03 1579535                    /home/doudou/.javacpp/cache/llvm-13.0.1-1.5.7-linux-x86_64.jar/org/bytedeco/llvm/linux-x86_64/libLLVM-13.so
7f0385d26000-7f03896e9000 r-xp 00926000 08:03 1579535                    /home/doudou/.javacpp/cache/llvm-13.0.1-1.5.7-linux-x86_64.jar/org/bytedeco/llvm/linux-x86_64/libLLVM-13.so
7f03896e9000-7f038b93e000 r--p 042e9000 08:03 1579535                    /home/doudou/.javacpp/cache/llvm-13.0.1-1.5.7-linux-x86_64.jar/org/bytedeco/llvm/linux-x86_64/libLLVM-13.so
7f038b93e000-7f038be53000 r--p 0653d000 08:03 1579535                    /home/doudou/.javacpp/cache/llvm-13.0.1-1.5.7-linux-x86_64.jar/org/bytedeco/llvm/linux-x86_64/libLLVM-13.so
7f038be53000-7f038be5e000 rw-p 06a52000 08:03 1579535                    /home/doudou/.javacpp/cache/llvm-13.0.1-1.5.7-linux-x86_64.jar/org/bytedeco/llvm/linux-x86_64/libLLVM-13.so
7f038be5e000-7f038bed4000 rw-p 00000000 00:00 0 
7f038c000000-7f038c021000 rw-p 00000000 00:00 0 
7f038c021000-7f0390000000 ---p 00000000 00:00 0 
7f0390000000-7f0390021000 rw-p 00000000 00:00 0 
7f0390021000-7f0394000000 ---p 00000000 00:00 0 
7f0394000000-7f03942c2000 rw-p 00000000 00:00 0 
7f03942c2000-7f0398000000 ---p 00000000 00:00 0 
7f0398000000-7f03983d1000 rw-p 00000000 00:00 0 
7f03983d1000-7f039c000000 ---p 00000000 00:00 0 
7f039c000000-7f039c021000 rw-p 00000000 00:00 0 
7f039c021000-7f03a0000000 ---p 00000000 00:00 0 
7f03a0000000-7f03a0021000 rw-p 00000000 00:00 0 
7f03a0021000-7f03a4000000 ---p 00000000 00:00 0 
7f03a4000000-7f03a4021000 rw-p 00000000 00:00 0 
7f03a4021000-7f03a8000000 ---p 00000000 00:00 0 
7f03a8000000-7f03a8021000 rw-p 00000000 00:00 0 
7f03a8021000-7f03ac000000 ---p 00000000 00:00 0 
7f03ac000000-7f03ac021000 rw-p 00000000 00:00 0 
7f03ac021000-7f03b0000000 ---p 00000000 00:00 0 
7f03b0000000-7f03b0021000 rw-p 00000000 00:00 0 
7f03b0021000-7f03b4000000 ---p 00000000 00:00 0 
7f03b5ff6000-7f03b5ffa000 ---p 00000000 00:00 0 
7f03b5ffa000-7f03b60f6000 rw-p 00000000 00:00 0 
7f03b60f6000-7f03b615b000 r--p 00000000 08:03 1579540                    /home/doudou/.javacpp/cache/llvm-13.0.1-1.5.7-linux-x86_64.jar/org/bytedeco/llvm/linux-x86_64/libjniLLVM.so
7f03b615b000-7f03b61c9000 r-xp 00065000 08:03 1579540                    /home/doudou/.javacpp/cache/llvm-13.0.1-1.5.7-linux-x86_64.jar/org/bytedeco/llvm/linux-x86_64/libjniLLVM.so
7f03b61c9000-7f03b61f4000 r--p 000d3000 08:03 1579540                    /home/doudou/.javacpp/cache/llvm-13.0.1-1.5.7-linux-x86_64.jar/org/bytedeco/llvm/linux-x86_64/libjniLLVM.so
7f03b61f4000-7f03b61f7000 r--p 000fd000 08:03 1579540                    /home/doudou/.javacpp/cache/llvm-13.0.1-1.5.7-linux-x86_64.jar/org/bytedeco/llvm/linux-x86_64/libjniLLVM.so
7f03b61f7000-7f03b61fa000 rw-p 00100000 08:03 1579540                    /home/doudou/.javacpp/cache/llvm-13.0.1-1.5.7-linux-x86_64.jar/org/bytedeco/llvm/linux-x86_64/libjniLLVM.so
7f03b61fa000-7f03b61fc000 rw-p 00000000 00:00 0 
7f03b61fc000-7f03b61fd000 ---p 00000000 00:00 0 
7f03b61fd000-7f03b62fe000 rw-p 00000000 00:00 0 
7f03b62fe000-7f03b6302000 ---p 00000000 00:00 0 
7f03b6302000-7f03b63fe000 rw-p 00000000 00:00 0 
7f03b63fe000-7f03b63ff000 ---p 00000000 00:00 0 
7f03b63ff000-7f03b6500000 rw-p 00000000 00:00 0 
7f03b6500000-7f03b6504000 ---p 00000000 00:00 0 
7f03b6504000-7f03b6600000 rw-p 00000000 00:00 0 
7f03b6600000-7f03b6604000 ---p 00000000 00:00 0 
7f03b6604000-7f03b6700000 rw-p 00000000 00:00 0 
7f03b6700000-7f03b6704000 ---p 00000000 00:00 0 
7f03b6704000-7f03b6800000 rw-p 00000000 00:00 0 
7f03b6800000-7f03b6804000 ---p 00000000 00:00 0 
7f03b6804000-7f03b6900000 rw-p 00000000 00:00 0 
7f03b6900000-7f03b6904000 ---p 00000000 00:00 0 
7f03b6904000-7f03b6a00000 rw-p 00000000 00:00 0 
7f03b6a00000-7f03b77e7000 r--p 00000000 08:03 534858                     /usr/lib/locale/locale-archive
7f03b7800000-7f03b7e00000 rw-p 00000000 00:00 0 
7f03b7e00000-7f03b8000000 ---p 00000000 00:00 0 
7f03b8000000-7f03b8021000 rw-p 00000000 00:00 0 
7f03b8021000-7f03bc000000 ---p 00000000 00:00 0 
7f03bc000000-7f03bc021000 rw-p 00000000 00:00 0 
7f03bc021000-7f03c0000000 ---p 00000000 00:00 0 
7f03c0000000-7f03c0021000 rw-p 00000000 00:00 0 
7f03c0021000-7f03c4000000 ---p 00000000 00:00 0 
7f03c4070000-7f03c4074000 ---p 00000000 00:00 0 
7f03c4074000-7f03c6268000 rw-p 00000000 00:00 0 
7f03c6268000-7f03c70b0000 ---p 00000000 00:00 0 
7f03c70b0000-7f03c71b0000 rw-p 00000000 00:00 0 
7f03c71b0000-7f03c7ff8000 ---p 00000000 00:00 0 
7f03c7ff8000-7f03c8000000 rw-p 00000000 00:00 0 
7f03c8000000-7f03c8021000 rw-p 00000000 00:00 0 
7f03c8021000-7f03cc000000 ---p 00000000 00:00 0 
7f03cc0fc000-7f03cc100000 ---p 00000000 00:00 0 
7f03cc100000-7f03cc1fc000 rw-p 00000000 00:00 0 
7f03cc1fc000-7f03cc200000 ---p 00000000 00:00 0 
7f03cc200000-7f03cc2fc000 rw-p 00000000 00:00 0 
7f03cc2fc000-7f03cc300000 ---p 00000000 00:00 0 
7f03cc300000-7f03cc3fc000 rw-p 00000000 00:00 0 
7f03cc3fc000-7f03cc3fd000 ---p 00000000 00:00 0 
7f03cc3fd000-7f03cc4fe000 rw-p 00000000 00:00 0 
7f03cc4fe000-7f03cc4ff000 ---p 00000000 00:00 0 
7f03cc4ff000-7f03cc600000 rw-p 00000000 00:00 0 
7f03cc600000-7f03cc870000 rwxp 00000000 00:00 0 
7f03cc870000-7f03ccb8f000 ---p 00000000 00:00 0 
7f03ccb8f000-7f03ccdff000 rwxp 00000000 00:00 0 
7f03ccdff000-7f03d40c7000 ---p 00000000 00:00 0 
7f03d40c7000-7f03d4337000 rwxp 00000000 00:00 0 
7f03d4337000-7f03db600000 ---p 00000000 00:00 0 
7f03db600000-7f03e3e0b000 r--s 00000000 08:03 1058832                    /usr/lib/jvm/java-11-openjdk-amd64/lib/modules
7f03e3e71000-7f03e3e78000 r--s 00000000 08:03 553557                     /usr/lib/x86_64-linux-gnu/gconv/gconv-modules.cache
7f03e3e78000-7f03e3e79000 r--p 00000000 08:03 1579538                    /home/doudou/.javacpp/cache/llvm-13.0.1-1.5.7-linux-x86_64.jar/org/bytedeco/llvm/linux-x86_64/libRemarks.so.13
7f03e3e79000-7f03e3e7a000 r-xp 00001000 08:03 1579538                    /home/doudou/.javacpp/cache/llvm-13.0.1-1.5.7-linux-x86_64.jar/org/bytedeco/llvm/linux-x86_64/libRemarks.so.13
7f03e3e7a000-7f03e3e7b000 r--p 00002000 08:03 1579538                    /home/doudou/.javacpp/cache/llvm-13.0.1-1.5.7-linux-x86_64.jar/org/bytedeco/llvm/linux-x86_64/libRemarks.so.13
7f03e3e7b000-7f03e3e7c000 r--p 00002000 08:03 1579538                    /home/doudou/.javacpp/cache/llvm-13.0.1-1.5.7-linux-x86_64.jar/org/bytedeco/llvm/linux-x86_64/libRemarks.so.13
7f03e3e7c000-7f03e3e7d000 rw-p 00003000 08:03 1579538                    /home/doudou/.javacpp/cache/llvm-13.0.1-1.5.7-linux-x86_64.jar/org/bytedeco/llvm/linux-x86_64/libRemarks.so.13
7f03e3e7d000-7f03e3efe000 rw-p 00000000 00:00 0 
7f03e3efe000-7f03e3eff000 ---p 00000000 00:00 0 
7f03e3eff000-7f03e4000000 rw-p 00000000 00:00 0 
7f03e4000000-7f03e43de000 rw-p 00000000 00:00 0 
7f03e43de000-7f03e8000000 ---p 00000000 00:00 0 
7f03e8000000-7f03e8007000 r--p 00000000 08:03 1579536                    /home/doudou/.javacpp/cache/llvm-13.0.1-1.5.7-linux-x86_64.jar/org/bytedeco/llvm/linux-x86_64/libLTO.so.13
7f03e8007000-7f03e800f000 r-xp 00007000 08:03 1579536                    /home/doudou/.javacpp/cache/llvm-13.0.1-1.5.7-linux-x86_64.jar/org/bytedeco/llvm/linux-x86_64/libLTO.so.13
7f03e800f000-7f03e8011000 r--p 0000f000 08:03 1579536                    /home/doudou/.javacpp/cache/llvm-13.0.1-1.5.7-linux-x86_64.jar/org/bytedeco/llvm/linux-x86_64/libLTO.so.13
7f03e8011000-7f03e8012000 r--p 00010000 08:03 1579536                    /home/doudou/.javacpp/cache/llvm-13.0.1-1.5.7-linux-x86_64.jar/org/bytedeco/llvm/linux-x86_64/libLTO.so.13
7f03e8012000-7f03e8013000 rw-p 00011000 08:03 1579536                    /home/doudou/.javacpp/cache/llvm-13.0.1-1.5.7-linux-x86_64.jar/org/bytedeco/llvm/linux-x86_64/libLTO.so.13
7f03e8013000-7f03e8017000 r--p 00000000 08:03 1579530                    /home/doudou/.javacpp/cache/javacpp-1.5.7-linux-x86_64.jar/org/bytedeco/javacpp/linux-x86_64/libjnijavacpp.so
7f03e8017000-7f03e801e000 r-xp 00004000 08:03 1579530                    /home/doudou/.javacpp/cache/javacpp-1.5.7-linux-x86_64.jar/org/bytedeco/javacpp/linux-x86_64/libjnijavacpp.so
7f03e801e000-7f03e8022000 r--p 0000b000 08:03 1579530                    /home/doudou/.javacpp/cache/javacpp-1.5.7-linux-x86_64.jar/org/bytedeco/javacpp/linux-x86_64/libjnijavacpp.so
7f03e8022000-7f03e8023000 r--p 0000e000 08:03 1579530                    /home/doudou/.javacpp/cache/javacpp-1.5.7-linux-x86_64.jar/org/bytedeco/javacpp/linux-x86_64/libjnijavacpp.so
7f03e8023000-7f03e8024000 rw-p 0000f000 08:03 1579530                    /home/doudou/.javacpp/cache/javacpp-1.5.7-linux-x86_64.jar/org/bytedeco/javacpp/linux-x86_64/libjnijavacpp.so
7f03e8024000-7f03e8028000 r--p 00000000 08:03 1058822                    /usr/lib/jvm/java-11-openjdk-amd64/lib/libnet.so
7f03e8028000-7f03e8036000 r-xp 00004000 08:03 1058822                    /usr/lib/jvm/java-11-openjdk-amd64/lib/libnet.so
7f03e8036000-7f03e803a000 r--p 00012000 08:03 1058822                    /usr/lib/jvm/java-11-openjdk-amd64/lib/libnet.so
7f03e803a000-7f03e803b000 r--p 00015000 08:03 1058822                    /usr/lib/jvm/java-11-openjdk-amd64/lib/libnet.so
7f03e803b000-7f03e803c000 rw-p 00016000 08:03 1058822                    /usr/lib/jvm/java-11-openjdk-amd64/lib/libnet.so
7f03e803c000-7f03e8043000 r--p 00000000 08:03 1058823                    /usr/lib/jvm/java-11-openjdk-amd64/lib/libnio.so
7f03e8043000-7f03e804b000 r-xp 00007000 08:03 1058823                    /usr/lib/jvm/java-11-openjdk-amd64/lib/libnio.so
7f03e804b000-7f03e804e000 r--p 0000f000 08:03 1058823                    /usr/lib/jvm/java-11-openjdk-amd64/lib/libnio.so
7f03e804e000-7f03e804f000 r--p 00011000 08:03 1058823                    /usr/lib/jvm/java-11-openjdk-amd64/lib/libnio.so
7f03e804f000-7f03e8050000 rw-p 00012000 08:03 1058823                    /usr/lib/jvm/java-11-openjdk-amd64/lib/libnio.so
7f03e8050000-7f03e8252000 rw-p 00000000 00:00 0 
7f03e8252000-7f03e8253000 ---p 00000000 00:00 0 
7f03e8253000-7f03e8354000 rw-p 00000000 00:00 0 
7f03e8354000-7f03e8355000 ---p 00000000 00:00 0 
7f03e8355000-7f03e8475000 rw-p 00000000 00:00 0 
7f03e8475000-7f03e863e000 ---p 00000000 00:00 0 
7f03e863e000-7f03e865e000 rw-p 00000000 00:00 0 
7f03e865e000-7f03e8827000 ---p 00000000 00:00 0 
7f03e8827000-7f03e8847000 rw-p 00000000 00:00 0 
7f03e8847000-7f03e8a10000 ---p 00000000 00:00 0 
7f03e8a10000-7f03e8c13000 rw-p 00000000 00:00 0 
7f03e8c13000-7f03e8c14000 ---p 00000000 00:00 0 
7f03e8c14000-7f03e8d1a000 rw-p 00000000 00:00 0 
7f03e8d1a000-7f03e8e00000 ---p 00000000 00:00 0 
7f03e8e00000-7f03e8e9a000 r--p 00000000 08:03 552221                     /usr/lib/x86_64-linux-gnu/libstdc++.so.6.0.30
7f03e8e9a000-7f03e8faa000 r-xp 0009a000 08:03 552221                     /usr/lib/x86_64-linux-gnu/libstdc++.so.6.0.30
7f03e8faa000-7f03e9019000 r--p 001aa000 08:03 552221                     /usr/lib/x86_64-linux-gnu/libstdc++.so.6.0.30
7f03e9019000-7f03e9024000 r--p 00218000 08:03 552221                     /usr/lib/x86_64-linux-gnu/libstdc++.so.6.0.30
7f03e9024000-7f03e9027000 rw-p 00223000 08:03 552221                     /usr/lib/x86_64-linux-gnu/libstdc++.so.6.0.30
7f03e9027000-7f03e902a000 rw-p 00000000 00:00 0 
7f03e902c000-7f03e902d000 r--p 00000000 08:03 551276                     /usr/lib/x86_64-linux-gnu/libdl.so.2
7f03e902d000-7f03e902e000 r-xp 00001000 08:03 551276                     /usr/lib/x86_64-linux-gnu/libdl.so.2
7f03e902e000-7f03e902f000 r--p 00002000 08:03 551276                     /usr/lib/x86_64-linux-gnu/libdl.so.2
7f03e902f000-7f03e9030000 r--p 00002000 08:03 551276                     /usr/lib/x86_64-linux-gnu/libdl.so.2
7f03e9030000-7f03e9031000 rw-p 00003000 08:03 551276                     /usr/lib/x86_64-linux-gnu/libdl.so.2
7f03e9031000-7f03e9032000 r--p 00000000 08:03 552054                     /usr/lib/x86_64-linux-gnu/libpthread.so.0
7f03e9032000-7f03e9033000 r-xp 00001000 08:03 552054                     /usr/lib/x86_64-linux-gnu/libpthread.so.0
7f03e9033000-7f03e9034000 r--p 00002000 08:03 552054                     /usr/lib/x86_64-linux-gnu/libpthread.so.0
7f03e9034000-7f03e9035000 r--p 00002000 08:03 552054                     /usr/lib/x86_64-linux-gnu/libpthread.so.0
7f03e9035000-7f03e9036000 rw-p 00003000 08:03 552054                     /usr/lib/x86_64-linux-gnu/libpthread.so.0
7f03e9036000-7f03e9037000 r--p 00000000 08:03 1058804                    /usr/lib/jvm/java-11-openjdk-amd64/lib/libextnet.so
7f03e9037000-7f03e9038000 r-xp 00001000 08:03 1058804                    /usr/lib/jvm/java-11-openjdk-amd64/lib/libextnet.so
7f03e9038000-7f03e9039000 r--p 00002000 08:03 1058804                    /usr/lib/jvm/java-11-openjdk-amd64/lib/libextnet.so
7f03e9039000-7f03e903a000 r--p 00002000 08:03 1058804                    /usr/lib/jvm/java-11-openjdk-amd64/lib/libextnet.so
7f03e903a000-7f03e903b000 rw-p 00003000 08:03 1058804                    /usr/lib/jvm/java-11-openjdk-amd64/lib/libextnet.so
7f03e903b000-7f03e90bc000 rw-p 00000000 00:00 0 
7f03e90bc000-7f03e91a2000 ---p 00000000 00:00 0 
7f03e91a2000-7f03e91a7000 rw-p 00000000 00:00 0 
7f03e91a7000-7f03e91ae000 ---p 00000000 00:00 0 
7f03e91ae000-7f03e91b0000 r--p 00000000 08:03 1058831                    /usr/lib/jvm/java-11-openjdk-amd64/lib/libzip.so
7f03e91b0000-7f03e91b5000 r-xp 00002000 08:03 1058831                    /usr/lib/jvm/java-11-openjdk-amd64/lib/libzip.so
7f03e91b5000-7f03e91b7000 r--p 00007000 08:03 1058831                    /usr/lib/jvm/java-11-openjdk-amd64/lib/libzip.so
7f03e91b7000-7f03e91b8000 r--p 00008000 08:03 1058831                    /usr/lib/jvm/java-11-openjdk-amd64/lib/libzip.so
7f03e91b8000-7f03e91b9000 rw-p 00009000 08:03 1058831                    /usr/lib/jvm/java-11-openjdk-amd64/lib/libzip.so
7f03e91b9000-7f03e91c1000 rw-s 00000000 08:03 262226                     /tmp/hsperfdata_doudou/26268
7f03e91c1000-7f03e91cf000 r--p 00000000 08:03 1058811                    /usr/lib/jvm/java-11-openjdk-amd64/lib/libjava.so
7f03e91cf000-7f03e91e5000 r-xp 0000e000 08:03 1058811                    /usr/lib/jvm/java-11-openjdk-amd64/lib/libjava.so
7f03e91e5000-7f03e91ec000 r--p 00024000 08:03 1058811                    /usr/lib/jvm/java-11-openjdk-amd64/lib/libjava.so
7f03e91ec000-7f03e91ed000 r--p 0002a000 08:03 1058811                    /usr/lib/jvm/java-11-openjdk-amd64/lib/libjava.so
7f03e91ed000-7f03e91ee000 rw-p 0002b000 08:03 1058811                    /usr/lib/jvm/java-11-openjdk-amd64/lib/libjava.so
7f03e91ee000-7f03e91ef000 rw-p 00000000 00:00 0 
7f03e91ef000-7f03e91f4000 r--p 00000000 08:03 1058830                    /usr/lib/jvm/java-11-openjdk-amd64/lib/libverify.so
7f03e91f4000-7f03e91fb000 r-xp 00005000 08:03 1058830                    /usr/lib/jvm/java-11-openjdk-amd64/lib/libverify.so
7f03e91fb000-7f03e91fd000 r--p 0000c000 08:03 1058830                    /usr/lib/jvm/java-11-openjdk-amd64/lib/libverify.so
7f03e91fd000-7f03e91ff000 r--p 0000d000 08:03 1058830                    /usr/lib/jvm/java-11-openjdk-amd64/lib/libverify.so
7f03e91ff000-7f03e9200000 rw-p 0000f000 08:03 1058830                    /usr/lib/jvm/java-11-openjdk-amd64/lib/libverify.so
7f03e9200000-7f03e9482000 r--p 00000000 08:03 1058837                    /usr/lib/jvm/java-11-openjdk-amd64/lib/server/libjvm.so
7f03e9482000-7f03ea11e000 r-xp 00282000 08:03 1058837                    /usr/lib/jvm/java-11-openjdk-amd64/lib/server/libjvm.so
7f03ea11e000-7f03ea379000 r--p 00f1e000 08:03 1058837                    /usr/lib/jvm/java-11-openjdk-amd64/lib/server/libjvm.so
7f03ea379000-7f03ea37a000 ---p 01179000 08:03 1058837                    /usr/lib/jvm/java-11-openjdk-amd64/lib/server/libjvm.so
7f03ea37a000-7f03ea43e000 r--p 01179000 08:03 1058837                    /usr/lib/jvm/java-11-openjdk-amd64/lib/server/libjvm.so
7f03ea43e000-7f03ea479000 rw-p 0123d000 08:03 1058837                    /usr/lib/jvm/java-11-openjdk-amd64/lib/server/libjvm.so
7f03ea479000-7f03ea4d0000 rw-p 00000000 00:00 0 
7f03ea4d2000-7f03ea4d4000 r--p 00000000 08:03 1058806                    /usr/lib/jvm/java-11-openjdk-amd64/lib/libinstrument.so
7f03ea4d4000-7f03ea4db000 r-xp 00002000 08:03 1058806                    /usr/lib/jvm/java-11-openjdk-amd64/lib/libinstrument.so
7f03ea4db000-7f03ea4de000 r--p 00009000 08:03 1058806                    /usr/lib/jvm/java-11-openjdk-amd64/lib/libinstrument.so
7f03ea4de000-7f03ea4df000 r--p 0000b000 08:03 1058806                    /usr/lib/jvm/java-11-openjdk-amd64/lib/libinstrument.so
7f03ea4df000-7f03ea4e0000 rw-p 0000c000 08:03 1058806                    /usr/lib/jvm/java-11-openjdk-amd64/lib/libinstrument.so
7f03ea4e0000-7f03ea4e4000 ---p 00000000 00:00 0 
7f03ea4e4000-7f03ea5e0000 rw-p 00000000 00:00 0 
7f03ea5e0000-7f03ea5e3000 r--p 00000000 08:03 551433                     /usr/lib/x86_64-linux-gnu/libgcc_s.so.1
7f03ea5e3000-7f03ea5fa000 r-xp 00003000 08:03 551433                     /usr/lib/x86_64-linux-gnu/libgcc_s.so.1
7f03ea5fa000-7f03ea5fe000 r--p 0001a000 08:03 551433                     /usr/lib/x86_64-linux-gnu/libgcc_s.so.1
7f03ea5fe000-7f03ea5ff000 r--p 0001d000 08:03 551433                     /usr/lib/x86_64-linux-gnu/libgcc_s.so.1
7f03ea5ff000-7f03ea600000 rw-p 0001e000 08:03 551433                     /usr/lib/x86_64-linux-gnu/libgcc_s.so.1
7f03ea600000-7f03ea628000 r--p 00000000 08:03 551134                     /usr/lib/x86_64-linux-gnu/libc.so.6
7f03ea628000-7f03ea7bd000 r-xp 00028000 08:03 551134                     /usr/lib/x86_64-linux-gnu/libc.so.6
7f03ea7bd000-7f03ea815000 r--p 001bd000 08:03 551134                     /usr/lib/x86_64-linux-gnu/libc.so.6
7f03ea815000-7f03ea819000 r--p 00214000 08:03 551134                     /usr/lib/x86_64-linux-gnu/libc.so.6
7f03ea819000-7f03ea81b000 rw-p 00218000 08:03 551134                     /usr/lib/x86_64-linux-gnu/libc.so.6
7f03ea81b000-7f03ea828000 rw-p 00000000 00:00 0 
7f03ea829000-7f03ea82a000 r--p 00000000 08:03 552110                     /usr/lib/x86_64-linux-gnu/librt.so.1
7f03ea82a000-7f03ea82b000 r-xp 00001000 08:03 552110                     /usr/lib/x86_64-linux-gnu/librt.so.1
7f03ea82b000-7f03ea82c000 r--p 00002000 08:03 552110                     /usr/lib/x86_64-linux-gnu/librt.so.1
7f03ea82c000-7f03ea82d000 r--p 00002000 08:03 552110                     /usr/lib/x86_64-linux-gnu/librt.so.1
7f03ea82d000-7f03ea82e000 rw-p 00003000 08:03 552110                     /usr/lib/x86_64-linux-gnu/librt.so.1
7f03ea82e000-7f03ea83c000 r--p 00000000 08:03 551785                     /usr/lib/x86_64-linux-gnu/libm.so.6
7f03ea83c000-7f03ea8b8000 r-xp 0000e000 08:03 551785                     /usr/lib/x86_64-linux-gnu/libm.so.6
7f03ea8b8000-7f03ea913000 r--p 0008a000 08:03 551785                     /usr/lib/x86_64-linux-gnu/libm.so.6
7f03ea913000-7f03ea914000 r--p 000e4000 08:03 551785                     /usr/lib/x86_64-linux-gnu/libm.so.6
7f03ea914000-7f03ea915000 rw-p 000e5000 08:03 551785                     /usr/lib/x86_64-linux-gnu/libm.so.6
7f03ea915000-7f03ea917000 rw-p 00000000 00:00 0 
7f03ea917000-7f03ea919000 r--p 00000000 08:03 552488                     /usr/lib/x86_64-linux-gnu/libz.so.1.2.11
7f03ea919000-7f03ea92a000 r-xp 00002000 08:03 552488                     /usr/lib/x86_64-linux-gnu/libz.so.1.2.11
7f03ea92a000-7f03ea930000 r--p 00013000 08:03 552488                     /usr/lib/x86_64-linux-gnu/libz.so.1.2.11
7f03ea930000-7f03ea931000 ---p 00019000 08:03 552488                     /usr/lib/x86_64-linux-gnu/libz.so.1.2.11
7f03ea931000-7f03ea932000 r--p 00019000 08:03 552488                     /usr/lib/x86_64-linux-gnu/libz.so.1.2.11
7f03ea932000-7f03ea933000 rw-p 0001a000 08:03 552488                     /usr/lib/x86_64-linux-gnu/libz.so.1.2.11
7f03ea937000-7f03ea938000 ---p 00000000 00:00 0 
7f03ea938000-7f03ea939000 r--p 00000000 00:00 0 
7f03ea939000-7f03ea93b000 r--p 00000000 08:03 1058814                    /usr/lib/jvm/java-11-openjdk-amd64/lib/libjimage.so
7f03ea93b000-7f03ea93e000 r-xp 00002000 08:03 1058814                    /usr/lib/jvm/java-11-openjdk-amd64/lib/libjimage.so
7f03ea93e000-7f03ea93f000 r--p 00005000 08:03 1058814                    /usr/lib/jvm/java-11-openjdk-amd64/lib/libjimage.so
7f03ea93f000-7f03ea940000 ---p 00006000 08:03 1058814                    /usr/lib/jvm/java-11-openjdk-amd64/lib/libjimage.so
7f03ea940000-7f03ea941000 r--p 00006000 08:03 1058814                    /usr/lib/jvm/java-11-openjdk-amd64/lib/libjimage.so
7f03ea941000-7f03ea942000 rw-p 00007000 08:03 1058814                    /usr/lib/jvm/java-11-openjdk-amd64/lib/libjimage.so
7f03ea942000-7f03ea945000 r--p 00000000 08:03 1058796                    /usr/lib/jvm/java-11-openjdk-amd64/lib/jli/libjli.so
7f03ea945000-7f03ea94f000 r-xp 00003000 08:03 1058796                    /usr/lib/jvm/java-11-openjdk-amd64/lib/jli/libjli.so
7f03ea94f000-7f03ea952000 r--p 0000d000 08:03 1058796                    /usr/lib/jvm/java-11-openjdk-amd64/lib/jli/libjli.so
7f03ea952000-7f03ea953000 ---p 00010000 08:03 1058796                    /usr/lib/jvm/java-11-openjdk-amd64/lib/jli/libjli.so
7f03ea953000-7f03ea954000 r--p 00010000 08:03 1058796                    /usr/lib/jvm/java-11-openjdk-amd64/lib/jli/libjli.so
7f03ea954000-7f03ea955000 rw-p 00011000 08:03 1058796                    /usr/lib/jvm/java-11-openjdk-amd64/lib/jli/libjli.so
7f03ea955000-7f03ea957000 rw-p 00000000 00:00 0 
7f03ea957000-7f03ea959000 r--p 00000000 08:03 550792                     /usr/lib/x86_64-linux-gnu/ld-linux-x86-64.so.2
7f03ea959000-7f03ea983000 r-xp 00002000 08:03 550792                     /usr/lib/x86_64-linux-gnu/ld-linux-x86-64.so.2
7f03ea983000-7f03ea98e000 r--p 0002c000 08:03 550792                     /usr/lib/x86_64-linux-gnu/ld-linux-x86-64.so.2
7f03ea98f000-7f03ea991000 r--p 00037000 08:03 550792                     /usr/lib/x86_64-linux-gnu/ld-linux-x86-64.so.2
7f03ea991000-7f03ea993000 rw-p 00039000 08:03 550792                     /usr/lib/x86_64-linux-gnu/ld-linux-x86-64.so.2
7ffe19146000-7ffe19167000 rw-p 00000000 00:00 0                          [stack]
7ffe1916c000-7ffe19170000 r--p 00000000 00:00 0                          [vvar]
7ffe19170000-7ffe19172000 r-xp 00000000 00:00 0                          [vdso]
ffffffffff600000-ffffffffff601000 --xp 00000000 00:00 0                  [vsyscall]


VM Arguments:
jvm_args: -javaagent:/snap/intellij-idea-ultimate/437/lib/idea_rt.jar=44423:/snap/intellij-idea-ultimate/437/bin -Dfile.encoding=UTF-8 
java_command: Main /home/doudou/lab/Lab/tests/test1.sysy /home/doudou/lab/Lab/tests/out.txt
java_class_path (initial): /home/doudou/lab/Lab/out/production/Lab:/usr/local/lib/antlr-4.9.1-complete.jar:/usr/local/lib/javacpp-1.5.7-linux-x86_64.jar:/usr/local/lib/javacpp-1.5.7.jar:/usr/local/lib/llvm-13.0.1-1.5.7-linux-x86_64.jar:/usr/local/lib/llvm-13.0.1-1.5.7.jar:/usr/local/lib/llvm-platform-13.0.1-1.5.7.jar
Launcher Type: SUN_STANDARD

[Global flags]
     intx CICompilerCount                          = 2                                         {product} {ergonomic}
     uint ConcGCThreads                            = 1                                         {product} {ergonomic}
     uint G1ConcRefinementThreads                  = 2                                         {product} {ergonomic}
   size_t G1HeapRegionSize                         = 1048576                                   {product} {ergonomic}
    uintx GCDrainStackTargetSize                   = 64                                        {product} {ergonomic}
   size_t InitialHeapSize                          = 65011712                                  {product} {ergonomic}
   size_t MarkStackSize                            = 4194304                                   {product} {ergonomic}
   size_t MaxHeapSize                              = 1025507328                                {product} {ergonomic}
   size_t MaxNewSize                               = 614465536                                 {product} {ergonomic}
   size_t MinHeapDeltaBytes                        = 1048576                                   {product} {ergonomic}
    uintx NonNMethodCodeHeapSize                   = 5825164                                {pd product} {ergonomic}
    uintx NonProfiledCodeHeapSize                  = 122916538                              {pd product} {ergonomic}
    uintx ProfiledCodeHeapSize                     = 122916538                              {pd product} {ergonomic}
    uintx ReservedCodeCacheSize                    = 251658240                              {pd product} {ergonomic}
     bool SegmentedCodeCache                       = true                                      {product} {ergonomic}
     bool UseCompressedClassPointers               = true                                 {lp64_product} {ergonomic}
     bool UseCompressedOops                        = true                                 {lp64_product} {ergonomic}
     bool UseG1GC                                  = true                                      {product} {ergonomic}

Logging:
Log output configuration:
 #0: stdout all=warning uptime,level,tags
 #1: stderr all=off uptime,level,tags

Environment Variables:
PATH=/usr/local/sbin:/usr/local/bin:/usr/sbin:/usr/bin:/sbin:/bin:/usr/games:/usr/local/games:/snap/bin:/snap/bin
USERNAME=doudou
SHELL=/bin/bash
DISPLAY=:0
LANG=en_US.UTF-8
LC_NUMERIC=zh_CN.UTF-8
LC_TIME=zh_CN.UTF-8

Signal Handlers:
SIGSEGV: [libjvm.so+0xeabd80], sa_mask[0]=11111111011111111101111111111110, sa_flags=SA_RESTART|SA_SIGINFO
SIGBUS: [libjvm.so+0xeabd80], sa_mask[0]=11111111011111111101111111111110, sa_flags=SA_RESTART|SA_SIGINFO
SIGFPE: [libjvm.so+0xeabd80], sa_mask[0]=11111111011111111101111111111110, sa_flags=SA_RESTART|SA_SIGINFO
SIGPIPE: [libjvm.so+0xbee610], sa_mask[0]=11111111011111111101111111111110, sa_flags=SA_RESTART|SA_SIGINFO
SIGXFSZ: [libjvm.so+0xbee610], sa_mask[0]=11111111011111111101111111111110, sa_flags=SA_RESTART|SA_SIGINFO
SIGILL: [libjvm.so+0xeabd80], sa_mask[0]=11111111011111111101111111111110, sa_flags=SA_RESTART|SA_SIGINFO
SIGUSR2: [libjvm.so+0xbee4b0], sa_mask[0]=00100000000000000000000000000000, sa_flags=SA_RESTART|SA_SIGINFO
SIGHUP: [libjvm.so+0xbeec50], sa_mask[0]=11111111011111111101111111111110, sa_flags=SA_RESTART|SA_SIGINFO
SIGINT: [libjvm.so+0xbeec50], sa_mask[0]=11111111011111111101111111111110, sa_flags=SA_RESTART|SA_SIGINFO
SIGTERM: [libjvm.so+0xbeec50], sa_mask[0]=11111111011111111101111111111110, sa_flags=SA_RESTART|SA_SIGINFO
SIGQUIT: [libjvm.so+0xbeec50], sa_mask[0]=11111111011111111101111111111110, sa_flags=SA_RESTART|SA_SIGINFO


---------------  S Y S T E M  ---------------

OS:DISTRIB_ID=Ubuntu
DISTRIB_RELEASE=22.04
DISTRIB_CODENAME=jammy
DISTRIB_DESCRIPTION="Ubuntu 22.04.2 LTS"
uname:Linux 5.19.0-45-generic #46~22.04.1-Ubuntu SMP PREEMPT_DYNAMIC Wed Jun 7 15:06:04 UTC 20 x86_64
OS uptime: 0 days 18:24 hours
libc:glibc 2.35 NPTL 2.35 
rlimit (soft/hard): STACK 8192k/infinity , CORE 0k/infinity , NPROC 15333/15333 , NOFILE 1048576/1048576 , AS infinity/infinity , CPU infinity/infinity , DATA infinity/infinity , FSIZE infinity/infinity , MEMLOCK 500652k/500652k
load average:1.90 1.52 1.12

/proc/meminfo:
MemTotal:        4005236 kB
MemFree:          174392 kB
MemAvailable:     204684 kB
Buffers:            1492 kB
Cached:           207492 kB
SwapCached:        34008 kB
Active:          1278764 kB
Inactive:         944452 kB
Active(anon):    1143176 kB
Inactive(anon):   871628 kB
Active(file):     135588 kB
Inactive(file):    72824 kB
Unevictable:           0 kB
Mlocked:               0 kB
SwapTotal:       3512316 kB
SwapFree:        1660908 kB
Zswap:                 0 kB
Zswapped:              0 kB
Dirty:               580 kB
Writeback:             0 kB
AnonPages:       1984488 kB
Mapped:           114376 kB
Shmem:               468 kB
KReclaimable:      52956 kB
Slab:             238188 kB
SReclaimable:      52956 kB
SUnreclaim:       185232 kB
KernelStack:       11212 kB
PageTables:        27080 kB
NFS_Unstable:          0 kB
Bounce:                0 kB
WritebackTmp:          0 kB
CommitLimit:     5514932 kB
Committed_AS:    6273308 kB
VmallocTotal:   34359738367 kB
VmallocUsed:       46556 kB
VmallocChunk:          0 kB
Percpu:             2216 kB
HardwareCorrupted:     0 kB
AnonHugePages:         0 kB
ShmemHugePages:        0 kB
ShmemPmdMapped:        0 kB
FileHugePages:         0 kB
FilePmdMapped:         0 kB
HugePages_Total:       0
HugePages_Free:        0
HugePages_Rsvd:        0
HugePages_Surp:        0
Hugepagesize:       2048 kB
Hugetlb:               0 kB
DirectMap4k:      216896 kB
DirectMap2M:     3977216 kB
DirectMap1G:     2097152 kB

/sys/kernel/mm/transparent_hugepage/enabled:
always [madvise] never
/sys/kernel/mm/transparent_hugepage/defrag (defrag/compaction efforts parameter):
always defer defer+madvise [madvise] never

Process Memory:
Virtual Size: 3685920K (peak: 12384612K)
Resident Set Size: 92928K (peak: 93180K) (anon: 36832K, file: 56096K, shmem: 0K)
Swapped out: 0K
C-Heap outstanding allocations: 14897K, retained: 1950K
glibc malloc tunables: (default)

/proc/sys/kernel/threads-max (system-wide limit on the number of threads):
30667
/proc/sys/vm/max_map_count (maximum number of memory map areas a process may have):
65530
/proc/sys/kernel/pid_max (system-wide limit on number of process identifiers):
4194304

container (cgroup) information:
container_type: cgroupv2
cpu_cpuset_cpus: not supported
cpu_memory_nodes: not supported
active_processor_count: 2
cpu_quota: not supported
cpu_period: not supported
cpu_shares: not supported
memory_limit_in_bytes: unlimited
memory_and_swap_limit_in_bytes: unlimited
memory_soft_limit_in_bytes: unlimited
memory_usage_in_bytes: 2022020 k
memory_max_usage_in_bytes: not supported
memory_swap_current_in_bytes: 951236 k
memory_swap_max_limit_in_bytes: unlimited
maximum number of tasks: 4600
current number of tasks: 157

VMWare virtualization detected
Steal ticks since vm start: 0
Steal ticks percentage since vm start:  0.000

CPU:total 2 (initial active 2) (1 cores per cpu, 1 threads per core) family 6 model 140 stepping 1 microcode 0xffffffff, cmov, cx8, fxsr, mmx, sse, sse2, sse3, ssse3, sse4.1, sse4.2, popcnt, avx, avx2, aes, clmul, erms, 3dnowpref, lzcnt, tsc, tscinvbit, bmi1, bmi2, adx, evex, sha, fma
CPU Model and flags from /proc/cpuinfo:
model name	: 11th Gen Intel(R) Core(TM) i7-1165G7 @ 2.80GHz
flags		: fpu vme de pse tsc msr pae mce cx8 apic sep mtrr pge mca cmov pat pse36 clflush mmx fxsr sse sse2 ss syscall nx pdpe1gb rdtscp lm constant_tsc arch_perfmon rep_good nopl xtopology tsc_reliable nonstop_tsc cpuid tsc_known_freq pni pclmulqdq ssse3 fma cx16 pcid sse4_1 sse4_2 x2apic movbe popcnt tsc_deadline_timer aes xsave avx f16c rdrand hypervisor lahf_lm abm 3dnowprefetch invpcid_single pti ssbd ibrs ibpb stibp fsgsbase tsc_adjust bmi1 avx2 smep bmi2 erms invpcid avx512f avx512dq rdseed adx smap avx512ifma clflushopt clwb avx512cd sha_ni avx512bw avx512vl xsaveopt xsavec xgetbv1 xsaves arat avx512vbmi umip avx512_vbmi2 gfni vaes vpclmulqdq avx512_vnni avx512_bitalg avx512_vpopcntdq rdpid fsrm avx512_vp2intersect flush_l1d arch_capabilities
Online cpus:
0-1
Offline cpus:

BIOS frequency limitation:
<Not Available>
Frequency switch latency (ns):
<Not Available>
Available cpu frequencies:
<Not Available>
Current governor:
<Not Available>
Core performance/turbo boost:
<Not Available>

Memory: 4k page, physical 4005236k(173888k free), swap 3512316k(1660908k free)

vm_info: OpenJDK 64-Bit Server VM (11.0.19+7-post-Ubuntu-0ubuntu122.04.1) for linux-amd64 JRE (11.0.19+7-post-Ubuntu-0ubuntu122.04.1), built on May 10 2023 00:54:00 by "unknown" with gcc 11.3.0

END.
