#
# A fatal error has been detected by the Java Runtime Environment:
#
#  SIGSEGV (0xb) at pc=0x00007f6c861552d9, pid=23984, tid=23988
#
# JRE version: OpenJDK Runtime Environment (11.0.19+7) (build 11.0.19+7-post-Ubuntu-0ubuntu120.04.1)
# Java VM: OpenJDK 64-Bit Server VM (11.0.19+7-post-Ubuntu-0ubuntu120.04.1, mixed mode, sharing, tiered, compressed oops, g1 gc, linux-amd64)
# Problematic frame:
# C  [libLLVM-13.so+0xc292d9]  LLVMBuildAdd+0x29
#
# Core dump will be written. Default location: Core dumps may be processed with "/usr/share/apport/apport -p%p -s%s -c%c -d%d -P%P -u%u -g%g -- %E" (or dumping to /home/doudou/Lab/core.23984)
#
# If you would like to submit a bug report, please visit:
#   https://bugs.launchpad.net/ubuntu/+source/openjdk-lts
# The crash happened outside the Java Virtual Machine in native code.
# See problematic frame for where to report the bug.
#

---------------  S U M M A R Y ------------

Command Line: -Djava.library.path=/usr/lib/llvm-10/lib -javaagent:/snap/intellij-idea-ultimate/426/lib/idea_rt.jar=39465:/snap/intellij-idea-ultimate/426/bin -Dfile.encoding=UTF-8 Main /home/doudou/Lab/tests/test1.sysy /home/doudou/Lab/tests/out.txt

Host: 11th Gen Intel(R) Core(TM) i7-1165G7 @ 2.80GHz, 2 cores, 3G, Ubuntu 20.04.5 LTS
Time: Fri May 19 23:57:22 2023 PDT elapsed time: 1.059345 seconds (0d 0h 0m 1s)

---------------  T H R E A D  ---------------

Current thread (0x00007f6ce0017800):  JavaThread "main" [_thread_in_native, id=23988, stack(0x00007f6ce7c8d000,0x00007f6ce7d8e000)]

Stack: [0x00007f6ce7c8d000,0x00007f6ce7d8e000],  sp=0x00007f6ce7d8bf60,  free space=1019k
Native frames: (J=compiled Java code, A=aot compiled Java code, j=interpreted, Vv=VM code, C=native code)
C  [libLLVM-13.so+0xc292d9]  LLVMBuildAdd+0x29

Java frames: (J=compiled Java code, j=interpreted, Vv=VM code)
j  org.bytedeco.llvm.global.LLVM.LLVMBuildAdd(Lorg/bytedeco/llvm/LLVM/LLVMBuilderRef;Lorg/bytedeco/llvm/LLVM/LLVMValueRef;Lorg/bytedeco/llvm/LLVM/LLVMValueRef;Ljava/lang/String;)Lorg/bytedeco/llvm/LLVM/LLVMValueRef;+0
j  SysYLlvmVisitor.visitExp(LSysYParser$ExpContext;)Lorg/bytedeco/llvm/LLVM/LLVMValueRef;+263
j  SysYLlvmVisitor.visitStmt(LSysYParser$StmtContext;)Lorg/bytedeco/llvm/LLVM/LLVMValueRef;+21
j  SysYLlvmVisitor.visitStmt(LSysYParser$StmtContext;)Ljava/lang/Object;+2
j  SysYParser$StmtContext.accept(Lorg/antlr/v4/runtime/tree/ParseTreeVisitor;)Ljava/lang/Object;+12
j  org.antlr.v4.runtime.tree.AbstractParseTreeVisitor.visitChildren(Lorg/antlr/v4/runtime/tree/RuleNode;)Ljava/lang/Object;+46
j  SysYParserBaseVisitor.visitBlockItem(LSysYParser$BlockItemContext;)Ljava/lang/Object;+2
j  SysYParser$BlockItemContext.accept(Lorg/antlr/v4/runtime/tree/ParseTreeVisitor;)Ljava/lang/Object;+12
j  org.antlr.v4.runtime.tree.AbstractParseTreeVisitor.visitChildren(Lorg/antlr/v4/runtime/tree/RuleNode;)Ljava/lang/Object;+46
j  SysYParserBaseVisitor.visitBlock(LSysYParser$BlockContext;)Ljava/lang/Object;+2
j  SysYParser$BlockContext.accept(Lorg/antlr/v4/runtime/tree/ParseTreeVisitor;)Ljava/lang/Object;+12
j  org.antlr.v4.runtime.tree.AbstractParseTreeVisitor.visit(Lorg/antlr/v4/runtime/tree/ParseTree;)Ljava/lang/Object;+2
j  SysYLlvmVisitor.visitFuncDef(LSysYParser$FuncDefContext;)Lorg/bytedeco/llvm/LLVM/LLVMValueRef;+62
j  SysYLlvmVisitor.visitCompUnit(LSysYParser$CompUnitContext;)Lorg/bytedeco/llvm/LLVM/LLVMValueRef;+306
j  SysYLlvmVisitor.visitCompUnit(LSysYParser$CompUnitContext;)Ljava/lang/Object;+2
j  SysYParser$CompUnitContext.accept(Lorg/antlr/v4/runtime/tree/ParseTreeVisitor;)Ljava/lang/Object;+12
j  org.antlr.v4.runtime.tree.AbstractParseTreeVisitor.visitChildren(Lorg/antlr/v4/runtime/tree/RuleNode;)Ljava/lang/Object;+46
j  SysYParserBaseVisitor.visitProgram(LSysYParser$ProgramContext;)Ljava/lang/Object;+2
j  SysYParser$ProgramContext.accept(Lorg/antlr/v4/runtime/tree/ParseTreeVisitor;)Ljava/lang/Object;+12
j  org.antlr.v4.runtime.tree.AbstractParseTreeVisitor.visit(Lorg/antlr/v4/runtime/tree/ParseTree;)Ljava/lang/Object;+2
j  Main.main([Ljava/lang/String;)V+218
v  ~StubRoutines::call_stub

siginfo: si_signo: 11 (SIGSEGV), si_code: 1 (SEGV_MAPERR), si_addr: 0x0000000000000010

Register to memory mapping:

RAX=0x00007f6ce0422730 points into unknown readable memory: 0x0000706d74646461 | 61 64 64 74 6d 70 00 00
RBX=0x00007f6ce03f8e40 points into unknown readable memory: 0x00007f6ce03f8e50 | 50 8e 3f e0 6c 7f 00 00
RCX=0x00007f6ce0422730 points into unknown readable memory: 0x0000706d74646461 | 61 64 64 74 6d 70 00 00
RDX=0x0000000000000101 is an unknown value
RSP=0x00007f6ce7d8bf60 is pointing into the stack for thread: 0x00007f6ce0017800
RBP=0x00007f6ce0017b48 points into unknown readable memory: 0x00007f6ce9316b40 | 40 6b 31 e9 6c 7f 00 00
RSI=0x0 is NULL
RDI=0x0 is NULL
R8 =0x00000000c6b69fc0 points into unknown readable memory: 0x0000706d74646461 | 61 64 64 74 6d 70 00 00
R9 =0x00007f6ce0017800 is a thread
R10=0x0 is NULL
R11=0x00000000000003d8 is an unknown value
R12=0x0 is NULL
R13=0x0 is NULL
R14=0x0 is NULL
R15=0x00007f6ce03f8e40 points into unknown readable memory: 0x00007f6ce03f8e50 | 50 8e 3f e0 6c 7f 00 00


Registers:
RAX=0x00007f6ce0422730, RBX=0x00007f6ce03f8e40, RCX=0x00007f6ce0422730, RDX=0x0000000000000101
RSP=0x00007f6ce7d8bf60, RBP=0x00007f6ce0017b48, RSI=0x0000000000000000, RDI=0x0000000000000000
R8 =0x00000000c6b69fc0, R9 =0x00007f6ce0017800, R10=0x0000000000000000, R11=0x00000000000003d8
R12=0x0000000000000000, R13=0x0000000000000000, R14=0x0000000000000000, R15=0x00007f6ce03f8e40
RIP=0x00007f6c861552d9, EFLAGS=0x0000000000010202, CSGSFS=0x002b000000000033, ERR=0x0000000000000004
  TRAPNO=0x000000000000000e

Top of Stack: (sp=0x00007f6ce7d8bf60)
0x00007f6ce7d8bf60:   00007f6ce0422730 00007f6ce011dde0
0x00007f6ce7d8bf70:   0000000000000007 0000000000000006
0x00007f6ce7d8bf80:   00007f6ce0420103 00007f6ce011dde0
0x00007f6ce7d8bf90:   0000000000000000 00007f6ce03f8e40 

Instructions: (pc=0x00007f6c861552d9)
0x00007f6c861551d9:   84 00 00 00 00 00 90 48 83 7f e0 00 74 14 48 8b
0x00007f6c861551e9:   47 e8 48 8b 57 f0 48 89 02 48 85 c0 74 04 48 89
0x00007f6c861551f9:   50 10 48 89 77 e0 48 85 f6 74 25 48 8b 46 08 48
0x00007f6c86155209:   8d 56 08 48 89 47 e8 48 85 c0 74 08 48 8d 4f e8
0x00007f6c86155219:   48 89 48 10 48 89 57 f0 48 83 ef 20 48 89 7e 08
0x00007f6c86155229:   c3 66 0f 1f 44 00 00 8b 47 14 89 f6 25 ff ff ff
0x00007f6c86155239:   07 48 29 c6 48 c1 e6 05 48 8b 04 37 c3 66 2e 0f
0x00007f6c86155249:   1f 84 00 00 00 00 00 48 89 f8 89 f7 8b 48 14 81
0x00007f6c86155259:   e1 ff ff ff 07 48 29 cf 48 c1 e7 05 48 01 c7 48
0x00007f6c86155269:   83 3f 00 74 14 48 8b 47 08 48 8b 4f 10 48 89 01
0x00007f6c86155279:   48 85 c0 74 04 48 89 48 10 48 89 17 48 85 d2 74
0x00007f6c86155289:   21 48 8b 42 08 48 8d 4a 08 48 89 47 08 48 85 c0
0x00007f6c86155299:   74 08 48 8d 77 08 48 89 70 10 48 89 4f 10 48 89
0x00007f6c861552a9:   7a 08 c3 0f 1f 40 00 41 54 55 53 48 89 fb 48 89
0x00007f6c861552b9:   f7 48 89 d6 ba 01 01 00 00 48 83 ec 60 80 39 00
0x00007f6c861552c9:   66 89 54 24 20 74 09 48 89 0c 24 c6 44 24 20 03
0x00007f6c861552d9:   80 7f 10 12 0f 87 95 00 00 00 80 7e 10 12 0f 87
0x00007f6c861552e9:   8b 00 00 00 4c 8b 4b 48 48 8d 15 18 19 fa ff 49
0x00007f6c861552f9:   8b 01 48 8b 40 10 48 39 d0 0f 85 f0 00 00 00 31
0x00007f6c86155309:   c9 31 d2 e8 7f 13 ff ff 49 89 c4 41 80 7c 24 10
0x00007f6c86155319:   19 76 4b 48 8b 7b 50 48 8b 4b 30 48 89 e2 4c 89
0x00007f6c86155329:   e6 4c 8b 43 38 48 8b 07 ff 50 10 8b 6b 08 48 8b
0x00007f6c86155339:   03 48 c1 e5 04 48 01 c5 48 39 e8 74 21 48 89 c3
0x00007f6c86155349:   0f 1f 80 00 00 00 00 48 8b 53 08 8b 33 4c 89 e7
0x00007f6c86155359:   48 83 c3 10 e8 de 4a 0e 00 48 39 dd 75 e9 48 83
0x00007f6c86155369:   c4 60 4c 89 e0 5b 5d 41 5c c3 0f 1f 44 00 00 48
0x00007f6c86155379:   89 f2 b8 01 01 00 00 48 89 fe 45 31 c0 48 8d 4c
0x00007f6c86155389:   24 30 bf 0d 00 00 00 66 89 44 24 50 e8 76 cf 09
0x00007f6c86155399:   00 48 8b 7b 50 48 89 e2 48 8b 4b 30 49 89 c4 4c
0x00007f6c861553a9:   8b 43 38 48 8b 07 4c 89 e6 ff 50 10 8b 6b 08 48
0x00007f6c861553b9:   8b 13 48 c1 e5 04 48 01 d5 48 39 ea 74 a0 48 89
0x00007f6c861553c9:   d3 66 0f 1f 44 00 00 48 8b 53 08 8b 33 4c 89 e7 


Stack slot to memory mapping:
stack at sp + 0 slots: 0x00007f6ce0422730 points into unknown readable memory: 0x0000706d74646461 | 61 64 64 74 6d 70 00 00
stack at sp + 1 slots: 0x00007f6ce011dde0 points into unknown readable memory: 0x00000000c6b69fb0 | b0 9f b6 c6 00 00 00 00
stack at sp + 2 slots: 0x0000000000000007 is an unknown value
stack at sp + 3 slots: 0x0000000000000006 is an unknown value
stack at sp + 4 slots: 0x00007f6ce0420103 points into unknown readable memory: e0 6c 7f 00 00
stack at sp + 5 slots: 0x00007f6ce011dde0 points into unknown readable memory: 0x00000000c6b69fb0 | b0 9f b6 c6 00 00 00 00
stack at sp + 6 slots: 0x0 is NULL
stack at sp + 7 slots: 0x00007f6ce03f8e40 points into unknown readable memory: 0x00007f6ce03f8e50 | 50 8e 3f e0 6c 7f 00 00


---------------  P R O C E S S  ---------------

Threads class SMR info:
_java_thread_list=0x00007f6ce0250610, length=11, elements={
0x00007f6ce0017800, 0x00007f6ce011f800, 0x00007f6ce0121800, 0x00007f6ce0127000,
0x00007f6ce0129000, 0x00007f6ce012b000, 0x00007f6ce012d800, 0x00007f6ce012f800,
0x00007f6ce014d000, 0x00007f6ce0233800, 0x00007f6ce024e000
}

Java Threads: ( => current thread )
=>0x00007f6ce0017800 JavaThread "main" [_thread_in_native, id=23988, stack(0x00007f6ce7c8d000,0x00007f6ce7d8e000)]
  0x00007f6ce011f800 JavaThread "Reference Handler" daemon [_thread_blocked, id=24002, stack(0x00007f6ce41f7000,0x00007f6ce42f8000)]
  0x00007f6ce0121800 JavaThread "Finalizer" daemon [_thread_blocked, id=24003, stack(0x00007f6ce40f6000,0x00007f6ce41f7000)]
  0x00007f6ce0127000 JavaThread "Signal Dispatcher" daemon [_thread_blocked, id=24004, stack(0x00007f6cc86f4000,0x00007f6cc87f5000)]
  0x00007f6ce0129000 JavaThread "Service Thread" daemon [_thread_blocked, id=24005, stack(0x00007f6cc85f3000,0x00007f6cc86f4000)]
  0x00007f6ce012b000 JavaThread "C2 CompilerThread0" daemon [_thread_blocked, id=24006, stack(0x00007f6cc84f2000,0x00007f6cc85f3000)]
  0x00007f6ce012d800 JavaThread "C1 CompilerThread0" daemon [_thread_blocked, id=24007, stack(0x00007f6cc83f1000,0x00007f6cc84f2000)]
  0x00007f6ce012f800 JavaThread "Sweeper thread" daemon [_thread_blocked, id=24008, stack(0x00007f6cc82f0000,0x00007f6cc83f1000)]
  0x00007f6ce014d000 JavaThread "Common-Cleaner" daemon [_thread_blocked, id=24010, stack(0x00007f6cc81ef000,0x00007f6cc82f0000)]
  0x00007f6ce0233800 JavaThread "Monitor Ctrl-Break" daemon [_thread_in_native, id=24012, stack(0x00007f6cc80ee000,0x00007f6cc81ef000)]
  0x00007f6ce024e000 JavaThread "JavaCPP Deallocator" daemon [_thread_blocked, id=24014, stack(0x00007f6cb901f000,0x00007f6cb9120000)]

Other Threads:
  0x00007f6ce011c800 VMThread "VM Thread" [stack: 0x00007f6ce42fa000,0x00007f6ce43fa000] [id=24000]
  0x00007f6ce0235000 WatcherThread [stack: 0x00007f6cb9122000,0x00007f6cb9222000] [id=24013]
  0x00007f6ce002f000 GCTaskThread "GC Thread#0" [stack: 0x00007f6ce792a000,0x00007f6ce7a2a000] [id=23989]
  0x00007f6cb0001000 GCTaskThread "GC Thread#1" [stack: 0x00007f6cb8f1f000,0x00007f6cb901f000] [id=24015]
  0x00007f6ce004a000 ConcurrentGCThread "G1 Main Marker" [stack: 0x00007f6ce51e0000,0x00007f6ce52e0000] [id=23990]
  0x00007f6ce004b800 ConcurrentGCThread "G1 Conc#0" [stack: 0x00007f6ce50de000,0x00007f6ce51de000] [id=23991]
  0x00007f6ce0087000 ConcurrentGCThread "G1 Refine#0" [stack: 0x00007f6ce4dda000,0x00007f6ce4eda000] [id=23992]
  0x00007f6ce0089000 ConcurrentGCThread "G1 Young RemSet Sampling" [stack: 0x00007f6ce4cd8000,0x00007f6ce4dd8000] [id=23993]

Threads with active compile tasks:

VM state:not at safepoint (normal execution)

VM Mutex/Monitor currently owned by a thread: None

Heap address: 0x00000000c3200000, size: 974 MB, Compressed Oops mode: 32-bit
Narrow klass base: 0x0000000800000000, Narrow klass shift: 3
Compressed class space size: 1073741824 Address: 0x0000000840000000

Heap:
 garbage-first heap   total 65536K, used 6649K [0x00000000c3200000, 0x0000000100000000)
  region size 1024K, 6 young (6144K), 1 survivors (1024K)
 Metaspace       used 4100K, capacity 6690K, committed 6912K, reserved 1056768K
  class space    used 457K, capacity 723K, committed 768K, reserved 1048576K
Heap Regions: E=young(eden), S=young(survivor), O=old, HS=humongous(starts), HC=humongous(continues), CS=collection set, F=free, A=archive, TAMS=top-at-mark-start (previous, next)
|   0|0x00000000c3200000, 0x00000000c32cc600, 0x00000000c3300000| 79%| O|  |TAMS 0x00000000c3200000, 0x00000000c3200000| Untracked 
|   1|0x00000000c3300000, 0x00000000c3300000, 0x00000000c3400000|  0%| F|  |TAMS 0x00000000c3300000, 0x00000000c3300000| Untracked 
|   2|0x00000000c3400000, 0x00000000c3400000, 0x00000000c3500000|  0%| F|  |TAMS 0x00000000c3400000, 0x00000000c3400000| Untracked 
|   3|0x00000000c3500000, 0x00000000c3500000, 0x00000000c3600000|  0%| F|  |TAMS 0x00000000c3500000, 0x00000000c3500000| Untracked 
|   4|0x00000000c3600000, 0x00000000c3600000, 0x00000000c3700000|  0%| F|  |TAMS 0x00000000c3600000, 0x00000000c3600000| Untracked 
|   5|0x00000000c3700000, 0x00000000c3700000, 0x00000000c3800000|  0%| F|  |TAMS 0x00000000c3700000, 0x00000000c3700000| Untracked 
|   6|0x00000000c3800000, 0x00000000c3800000, 0x00000000c3900000|  0%| F|  |TAMS 0x00000000c3800000, 0x00000000c3800000| Untracked 
|   7|0x00000000c3900000, 0x00000000c3900000, 0x00000000c3a00000|  0%| F|  |TAMS 0x00000000c3900000, 0x00000000c3900000| Untracked 
|   8|0x00000000c3a00000, 0x00000000c3a00000, 0x00000000c3b00000|  0%| F|  |TAMS 0x00000000c3a00000, 0x00000000c3a00000| Untracked 
|   9|0x00000000c3b00000, 0x00000000c3b00000, 0x00000000c3c00000|  0%| F|  |TAMS 0x00000000c3b00000, 0x00000000c3b00000| Untracked 
|  10|0x00000000c3c00000, 0x00000000c3c00000, 0x00000000c3d00000|  0%| F|  |TAMS 0x00000000c3c00000, 0x00000000c3c00000| Untracked 
|  11|0x00000000c3d00000, 0x00000000c3d00000, 0x00000000c3e00000|  0%| F|  |TAMS 0x00000000c3d00000, 0x00000000c3d00000| Untracked 
|  12|0x00000000c3e00000, 0x00000000c3e00000, 0x00000000c3f00000|  0%| F|  |TAMS 0x00000000c3e00000, 0x00000000c3e00000| Untracked 
|  13|0x00000000c3f00000, 0x00000000c3f00000, 0x00000000c4000000|  0%| F|  |TAMS 0x00000000c3f00000, 0x00000000c3f00000| Untracked 
|  14|0x00000000c4000000, 0x00000000c4000000, 0x00000000c4100000|  0%| F|  |TAMS 0x00000000c4000000, 0x00000000c4000000| Untracked 
|  15|0x00000000c4100000, 0x00000000c4100000, 0x00000000c4200000|  0%| F|  |TAMS 0x00000000c4100000, 0x00000000c4100000| Untracked 
|  16|0x00000000c4200000, 0x00000000c4200000, 0x00000000c4300000|  0%| F|  |TAMS 0x00000000c4200000, 0x00000000c4200000| Untracked 
|  17|0x00000000c4300000, 0x00000000c4300000, 0x00000000c4400000|  0%| F|  |TAMS 0x00000000c4300000, 0x00000000c4300000| Untracked 
|  18|0x00000000c4400000, 0x00000000c4400000, 0x00000000c4500000|  0%| F|  |TAMS 0x00000000c4400000, 0x00000000c4400000| Untracked 
|  19|0x00000000c4500000, 0x00000000c4500000, 0x00000000c4600000|  0%| F|  |TAMS 0x00000000c4500000, 0x00000000c4500000| Untracked 
|  20|0x00000000c4600000, 0x00000000c4600000, 0x00000000c4700000|  0%| F|  |TAMS 0x00000000c4600000, 0x00000000c4600000| Untracked 
|  21|0x00000000c4700000, 0x00000000c4700000, 0x00000000c4800000|  0%| F|  |TAMS 0x00000000c4700000, 0x00000000c4700000| Untracked 
|  22|0x00000000c4800000, 0x00000000c4800000, 0x00000000c4900000|  0%| F|  |TAMS 0x00000000c4800000, 0x00000000c4800000| Untracked 
|  23|0x00000000c4900000, 0x00000000c4900000, 0x00000000c4a00000|  0%| F|  |TAMS 0x00000000c4900000, 0x00000000c4900000| Untracked 
|  24|0x00000000c4a00000, 0x00000000c4a00000, 0x00000000c4b00000|  0%| F|  |TAMS 0x00000000c4a00000, 0x00000000c4a00000| Untracked 
|  25|0x00000000c4b00000, 0x00000000c4b00000, 0x00000000c4c00000|  0%| F|  |TAMS 0x00000000c4b00000, 0x00000000c4b00000| Untracked 
|  26|0x00000000c4c00000, 0x00000000c4c00000, 0x00000000c4d00000|  0%| F|  |TAMS 0x00000000c4c00000, 0x00000000c4c00000| Untracked 
|  27|0x00000000c4d00000, 0x00000000c4d00000, 0x00000000c4e00000|  0%| F|  |TAMS 0x00000000c4d00000, 0x00000000c4d00000| Untracked 
|  28|0x00000000c4e00000, 0x00000000c4e00000, 0x00000000c4f00000|  0%| F|  |TAMS 0x00000000c4e00000, 0x00000000c4e00000| Untracked 
|  29|0x00000000c4f00000, 0x00000000c4f00000, 0x00000000c5000000|  0%| F|  |TAMS 0x00000000c4f00000, 0x00000000c4f00000| Untracked 
|  30|0x00000000c5000000, 0x00000000c5000000, 0x00000000c5100000|  0%| F|  |TAMS 0x00000000c5000000, 0x00000000c5000000| Untracked 
|  31|0x00000000c5100000, 0x00000000c5100000, 0x00000000c5200000|  0%| F|  |TAMS 0x00000000c5100000, 0x00000000c5100000| Untracked 
|  32|0x00000000c5200000, 0x00000000c5200000, 0x00000000c5300000|  0%| F|  |TAMS 0x00000000c5200000, 0x00000000c5200000| Untracked 
|  33|0x00000000c5300000, 0x00000000c5300000, 0x00000000c5400000|  0%| F|  |TAMS 0x00000000c5300000, 0x00000000c5300000| Untracked 
|  34|0x00000000c5400000, 0x00000000c5400000, 0x00000000c5500000|  0%| F|  |TAMS 0x00000000c5400000, 0x00000000c5400000| Untracked 
|  35|0x00000000c5500000, 0x00000000c5500000, 0x00000000c5600000|  0%| F|  |TAMS 0x00000000c5500000, 0x00000000c5500000| Untracked 
|  36|0x00000000c5600000, 0x00000000c5600000, 0x00000000c5700000|  0%| F|  |TAMS 0x00000000c5600000, 0x00000000c5600000| Untracked 
|  37|0x00000000c5700000, 0x00000000c5700000, 0x00000000c5800000|  0%| F|  |TAMS 0x00000000c5700000, 0x00000000c5700000| Untracked 
|  38|0x00000000c5800000, 0x00000000c5800000, 0x00000000c5900000|  0%| F|  |TAMS 0x00000000c5800000, 0x00000000c5800000| Untracked 
|  39|0x00000000c5900000, 0x00000000c5900000, 0x00000000c5a00000|  0%| F|  |TAMS 0x00000000c5900000, 0x00000000c5900000| Untracked 
|  40|0x00000000c5a00000, 0x00000000c5a00000, 0x00000000c5b00000|  0%| F|  |TAMS 0x00000000c5a00000, 0x00000000c5a00000| Untracked 
|  41|0x00000000c5b00000, 0x00000000c5b00000, 0x00000000c5c00000|  0%| F|  |TAMS 0x00000000c5b00000, 0x00000000c5b00000| Untracked 
|  42|0x00000000c5c00000, 0x00000000c5c00000, 0x00000000c5d00000|  0%| F|  |TAMS 0x00000000c5c00000, 0x00000000c5c00000| Untracked 
|  43|0x00000000c5d00000, 0x00000000c5d00000, 0x00000000c5e00000|  0%| F|  |TAMS 0x00000000c5d00000, 0x00000000c5d00000| Untracked 
|  44|0x00000000c5e00000, 0x00000000c5e00000, 0x00000000c5f00000|  0%| F|  |TAMS 0x00000000c5e00000, 0x00000000c5e00000| Untracked 
|  45|0x00000000c5f00000, 0x00000000c5f00000, 0x00000000c6000000|  0%| F|  |TAMS 0x00000000c5f00000, 0x00000000c5f00000| Untracked 
|  46|0x00000000c6000000, 0x00000000c6000000, 0x00000000c6100000|  0%| F|  |TAMS 0x00000000c6000000, 0x00000000c6000000| Untracked 
|  47|0x00000000c6100000, 0x00000000c6100000, 0x00000000c6200000|  0%| F|  |TAMS 0x00000000c6100000, 0x00000000c6100000| Untracked 
|  48|0x00000000c6200000, 0x00000000c6200000, 0x00000000c6300000|  0%| F|  |TAMS 0x00000000c6200000, 0x00000000c6200000| Untracked 
|  49|0x00000000c6300000, 0x00000000c6300000, 0x00000000c6400000|  0%| F|  |TAMS 0x00000000c6300000, 0x00000000c6300000| Untracked 
|  50|0x00000000c6400000, 0x00000000c6400000, 0x00000000c6500000|  0%| F|  |TAMS 0x00000000c6400000, 0x00000000c6400000| Untracked 
|  51|0x00000000c6500000, 0x00000000c6500000, 0x00000000c6600000|  0%| F|  |TAMS 0x00000000c6500000, 0x00000000c6500000| Untracked 
|  52|0x00000000c6600000, 0x00000000c6600000, 0x00000000c6700000|  0%| F|  |TAMS 0x00000000c6600000, 0x00000000c6600000| Untracked 
|  53|0x00000000c6700000, 0x00000000c6700000, 0x00000000c6800000|  0%| F|  |TAMS 0x00000000c6700000, 0x00000000c6700000| Untracked 
|  54|0x00000000c6800000, 0x00000000c6900000, 0x00000000c6900000|100%| S|CS|TAMS 0x00000000c6800000, 0x00000000c6800000| Complete 
|  55|0x00000000c6900000, 0x00000000c6900000, 0x00000000c6a00000|  0%| F|  |TAMS 0x00000000c6900000, 0x00000000c6900000| Untracked 
|  56|0x00000000c6a00000, 0x00000000c6a00000, 0x00000000c6b00000|  0%| F|  |TAMS 0x00000000c6a00000, 0x00000000c6a00000| Untracked 
|  57|0x00000000c6b00000, 0x00000000c6b80800, 0x00000000c6c00000| 50%| E|  |TAMS 0x00000000c6b00000, 0x00000000c6b00000| Complete 
|  58|0x00000000c6c00000, 0x00000000c6d00000, 0x00000000c6d00000|100%| E|CS|TAMS 0x00000000c6c00000, 0x00000000c6c00000| Complete 
|  59|0x00000000c6d00000, 0x00000000c6e00000, 0x00000000c6e00000|100%| E|CS|TAMS 0x00000000c6d00000, 0x00000000c6d00000| Complete 
|  60|0x00000000c6e00000, 0x00000000c6f00000, 0x00000000c6f00000|100%| E|CS|TAMS 0x00000000c6e00000, 0x00000000c6e00000| Complete 
|  61|0x00000000c6f00000, 0x00000000c7000000, 0x00000000c7000000|100%| E|CS|TAMS 0x00000000c6f00000, 0x00000000c6f00000| Complete 
| 972|0x00000000ffe00000, 0x00000000ffe47000, 0x00000000fff00000| 27%|OA|  |TAMS 0x00000000ffe00000, 0x00000000ffe00000| Untracked 
| 973|0x00000000fff00000, 0x00000000fff6b000, 0x0000000100000000| 41%|CA|  |TAMS 0x00000000fff00000, 0x00000000fff00000| Untracked 

Card table byte_map: [0x00007f6ce7358000,0x00007f6ce753f000] _byte_map_base: 0x00007f6ce6d3f000

Marking Bits (Prev, Next): (CMBitMap*) 0x00007f6ce0045268, (CMBitMap*) 0x00007f6ce00452a0
 Prev Bits: [0x00007f6ce6239000, 0x00007f6ce7171000)
 Next Bits: [0x00007f6ce5301000, 0x00007f6ce6239000)

Polling page: 0x00007f6ce7c4a000

Metaspace:

Usage:
  Non-class:      5.83 MB capacity,     3.56 MB ( 61%) used,     2.26 MB ( 39%) free+waste,     9.94 KB ( <1%) overhead. 
      Class:    723.00 KB capacity,   457.65 KB ( 63%) used,   259.85 KB ( 36%) free+waste,     5.50 KB ( <1%) overhead. 
       Both:      6.53 MB capacity,     4.00 MB ( 61%) used,     2.51 MB ( 38%) free+waste,    15.44 KB ( <1%) overhead. 

Virtual space:
  Non-class space:        8.00 MB reserved,       6.00 MB ( 75%) committed 
      Class space:        1.00 GB reserved,     768.00 KB ( <1%) committed 
             Both:        1.01 GB reserved,       6.75 MB ( <1%) committed 

Chunk freelists:
   Non-Class:  25.00 KB
       Class:  13.00 KB
        Both:  38.00 KB

MaxMetaspaceSize: unlimited
CompressedClassSpaceSize: 1.00 GB
Initial GC threshold: 20.80 MB
Current GC threshold: 20.80 MB
CDS: on

CodeHeap 'non-profiled nmethods': size=120036Kb used=245Kb max_used=245Kb free=119790Kb
 bounds [0x00007f6cd02bc000, 0x00007f6cd052c000, 0x00007f6cd77f5000]
CodeHeap 'profiled nmethods': size=120032Kb used=1384Kb max_used=1384Kb free=118647Kb
 bounds [0x00007f6cc8d84000, 0x00007f6cc8ff4000, 0x00007f6cd02bc000]
CodeHeap 'non-nmethods': size=5692Kb used=1163Kb max_used=1177Kb free=4528Kb
 bounds [0x00007f6cc87f5000, 0x00007f6cc8a65000, 0x00007f6cc8d84000]
 total_blobs=1204 nmethods=787 adapters=331
 compilation: enabled
              stopped_count=0, restarted_count=0
 full_count=0

Compilation events (20 events):
Event: 1.037 Thread 0x00007f6ce012d800  781       3       java.lang.String::equalsIgnoreCase (45 bytes)
Event: 1.037 Thread 0x00007f6ce012d800 nmethod 781 0x00007f6cc8ed7610 code [0x00007f6cc8ed7820, 0x00007f6cc8ed7d80]
Event: 1.037 Thread 0x00007f6ce012d800  778       3       sun.net.www.protocol.jar.Handler::indexOfBangSlash (52 bytes)
Event: 1.038 Thread 0x00007f6ce012d800 nmethod 778 0x00007f6cc8ed7f90 code [0x00007f6cc8ed8200, 0x00007f6cc8ed8cb0]
Event: 1.038 Thread 0x00007f6ce012d800  779       3       java.util.ArrayDeque::add (7 bytes)
Event: 1.038 Thread 0x00007f6ce012d800 nmethod 779 0x00007f6cc8ed9090 code [0x00007f6cc8ed9240, 0x00007f6cc8ed93a0]
Event: 1.038 Thread 0x00007f6ce012d800  782       1       java.util.zip.ZipEntry::getName (5 bytes)
Event: 1.038 Thread 0x00007f6ce012d800 nmethod 782 0x00007f6cd02f7010 code [0x00007f6cd02f71c0, 0x00007f6cd02f7290]
Event: 1.045 Thread 0x00007f6ce012d800  786       3       jdk.internal.ref.CleanerFactory::cleaner (4 bytes)
Event: 1.045 Thread 0x00007f6ce012d800 nmethod 786 0x00007f6cc8ed9490 code [0x00007f6cc8ed9640, 0x00007f6cc8ed9730]
Event: 1.045 Thread 0x00007f6ce012d800  785       3       sun.net.util.URLUtil::urlNoFragString (114 bytes)
Event: 1.046 Thread 0x00007f6ce012d800 nmethod 785 0x00007f6cc8ed9790 code [0x00007f6cc8ed9ae0, 0x00007f6cc8edad20]
Event: 1.046 Thread 0x00007f6ce012d800  787   !   3       jdk.internal.ref.PhantomCleanable::insert (53 bytes)
Event: 1.047 Thread 0x00007f6ce012d800 nmethod 787 0x00007f6cc8edb390 code [0x00007f6cc8edb560, 0x00007f6cc8edb9d0]
Event: 1.047 Thread 0x00007f6ce012d800  783       3       java.util.jar.JarFile::getManifestFromReference (151 bytes)
Event: 1.048 Thread 0x00007f6ce012d800 nmethod 783 0x00007f6cc8edbb90 code [0x00007f6cc8edbe80, 0x00007f6cc8edd040]
Event: 1.048 Thread 0x00007f6ce012d800  784  s    3       java.util.jar.JarFile::getInputStream (72 bytes)
Event: 1.048 Thread 0x00007f6ce012d800 nmethod 784 0x00007f6cc8edd610 code [0x00007f6cc8edd840, 0x00007f6cc8edde90]
Event: 1.049 Thread 0x00007f6ce012b000 nmethod 756 0x00007f6cd02f7310 code [0x00007f6cd02f74e0, 0x00007f6cd02f8118]
Event: 1.049 Thread 0x00007f6ce012b000  773       4       java.util.zip.ZipFile$Source::getEntryPos (206 bytes)

GC Heap History (2 events):
Event: 0.816 GC heap before
{Heap before GC invocations=0 (full 0):
 garbage-first heap   total 65536K, used 6856K [0x00000000c3200000, 0x0000000100000000)
  region size 1024K, 7 young (7168K), 0 survivors (0K)
 Metaspace       used 3199K, capacity 5973K, committed 6016K, reserved 1056768K
  class space    used 358K, capacity 609K, committed 640K, reserved 1048576K
}
Event: 0.826 GC heap after
{Heap after GC invocations=1 (full 0):
 garbage-first heap   total 65536K, used 2553K [0x00000000c3200000, 0x0000000100000000)
  region size 1024K, 1 young (1024K), 1 survivors (1024K)
 Metaspace       used 3199K, capacity 5973K, committed 6016K, reserved 1056768K
  class space    used 358K, capacity 609K, committed 640K, reserved 1048576K
}

Deoptimization events (20 events):
Event: 0.724 Thread 0x00007f6ce0017800 Uncommon trap: trap_request=0xffffffc6 fr.pc=0x00007f6cd02d3d54 relative=0x0000000000000374
Event: 0.724 Thread 0x00007f6ce0017800 Uncommon trap: reason=bimorphic_or_optimized_type_check action=maybe_recompile pc=0x00007f6cd02d3d54 method=java.util.HashMap.getNode(ILjava/lang/Object;)Ljava/util/HashMap$Node; @ 126 c2
Event: 0.724 Thread 0x00007f6ce0017800 DEOPT PACKING pc=0x00007f6cd02d3d54 sp=0x00007f6ce7d8c190
Event: 0.724 Thread 0x00007f6ce0017800 DEOPT UNPACKING pc=0x00007f6cc87fd2a5 sp=0x00007f6ce7d8c128 mode 2
Event: 0.724 Thread 0x00007f6ce0017800 Uncommon trap: trap_request=0xffffffc6 fr.pc=0x00007f6cd02d3d54 relative=0x0000000000000374
Event: 0.724 Thread 0x00007f6ce0017800 Uncommon trap: reason=bimorphic_or_optimized_type_check action=maybe_recompile pc=0x00007f6cd02d3d54 method=java.util.HashMap.getNode(ILjava/lang/Object;)Ljava/util/HashMap$Node; @ 126 c2
Event: 0.724 Thread 0x00007f6ce0017800 DEOPT PACKING pc=0x00007f6cd02d3d54 sp=0x00007f6ce7d8c090
Event: 0.724 Thread 0x00007f6ce0017800 DEOPT UNPACKING pc=0x00007f6cc87fd2a5 sp=0x00007f6ce7d8c028 mode 2
Event: 0.724 Thread 0x00007f6ce0017800 Uncommon trap: trap_request=0xffffffc6 fr.pc=0x00007f6cd02d3d54 relative=0x0000000000000374
Event: 0.724 Thread 0x00007f6ce0017800 Uncommon trap: reason=bimorphic_or_optimized_type_check action=maybe_recompile pc=0x00007f6cd02d3d54 method=java.util.HashMap.getNode(ILjava/lang/Object;)Ljava/util/HashMap$Node; @ 126 c2
Event: 0.724 Thread 0x00007f6ce0017800 DEOPT PACKING pc=0x00007f6cd02d3d54 sp=0x00007f6ce7d8c190
Event: 0.724 Thread 0x00007f6ce0017800 DEOPT UNPACKING pc=0x00007f6cc87fd2a5 sp=0x00007f6ce7d8c128 mode 2
Event: 0.952 Thread 0x00007f6ce0017800 DEOPT PACKING pc=0x00007f6cc8deb024 sp=0x00007f6ce7d8b750
Event: 0.952 Thread 0x00007f6ce0017800 DEOPT UNPACKING pc=0x00007f6cc883e9fa sp=0x00007f6ce7d8abc8 mode 0
Event: 0.958 Thread 0x00007f6ce0017800 DEOPT PACKING pc=0x00007f6cc8e348c2 sp=0x00007f6ce7d8b6e0
Event: 0.958 Thread 0x00007f6ce0017800 DEOPT UNPACKING pc=0x00007f6cc883e9fa sp=0x00007f6ce7d8ab68 mode 0
Event: 0.970 Thread 0x00007f6ce0017800 DEOPT PACKING pc=0x00007f6cc8db2b4f sp=0x00007f6ce7d8b710
Event: 0.970 Thread 0x00007f6ce0017800 DEOPT UNPACKING pc=0x00007f6cc883e9fa sp=0x00007f6ce7d8abb8 mode 0
Event: 0.971 Thread 0x00007f6ce0017800 DEOPT PACKING pc=0x00007f6cc8db2b4f sp=0x00007f6ce7d8b690
Event: 0.971 Thread 0x00007f6ce0017800 DEOPT UNPACKING pc=0x00007f6cc883e9fa sp=0x00007f6ce7d8ab38 mode 0

Classes redefined (0 events):
No events

Internal exceptions (20 events):
Event: 0.336 Thread 0x00007f6ce0017800 Exception <a 'java/security/PrivilegedActionException'{0x00000000c6ec3d40}> (0x00000000c6ec3d40) thrown at [src/hotspot/share/prims/jvm.cpp, line 1304]
Event: 0.336 Thread 0x00007f6ce0017800 Exception <a 'java/security/PrivilegedActionException'{0x00000000c6ec4010}> (0x00000000c6ec4010) thrown at [src/hotspot/share/prims/jvm.cpp, line 1304]
Event: 0.336 Thread 0x00007f6ce0017800 Exception <a 'java/security/PrivilegedActionException'{0x00000000c6ec4998}> (0x00000000c6ec4998) thrown at [src/hotspot/share/prims/jvm.cpp, line 1304]
Event: 0.336 Thread 0x00007f6ce0017800 Exception <a 'java/security/PrivilegedActionException'{0x00000000c6ec4c68}> (0x00000000c6ec4c68) thrown at [src/hotspot/share/prims/jvm.cpp, line 1304]
Event: 0.336 Thread 0x00007f6ce0017800 Exception <a 'java/security/PrivilegedActionException'{0x00000000c6ec55f0}> (0x00000000c6ec55f0) thrown at [src/hotspot/share/prims/jvm.cpp, line 1304]
Event: 0.336 Thread 0x00007f6ce0017800 Exception <a 'java/security/PrivilegedActionException'{0x00000000c6ec58c0}> (0x00000000c6ec58c0) thrown at [src/hotspot/share/prims/jvm.cpp, line 1304]
Event: 0.336 Thread 0x00007f6ce0017800 Exception <a 'java/security/PrivilegedActionException'{0x00000000c6ec6230}> (0x00000000c6ec6230) thrown at [src/hotspot/share/prims/jvm.cpp, line 1304]
Event: 0.336 Thread 0x00007f6ce0017800 Exception <a 'java/security/PrivilegedActionException'{0x00000000c6ec6500}> (0x00000000c6ec6500) thrown at [src/hotspot/share/prims/jvm.cpp, line 1304]
Event: 0.336 Thread 0x00007f6ce0017800 Exception <a 'java/security/PrivilegedActionException'{0x00000000c6ec6e88}> (0x00000000c6ec6e88) thrown at [src/hotspot/share/prims/jvm.cpp, line 1304]
Event: 0.336 Thread 0x00007f6ce0017800 Exception <a 'java/security/PrivilegedActionException'{0x00000000c6ec7158}> (0x00000000c6ec7158) thrown at [src/hotspot/share/prims/jvm.cpp, line 1304]
Event: 0.378 Thread 0x00007f6ce0017800 Exception <a 'java/lang/NoSuchMethodError'{0x00000000c6d5bbd0}: 'int java.lang.invoke.DirectMethodHandle$Holder.invokeStaticInit(java.lang.Object, java.lang.Object, java.lang.Object, java.lang.Object)'> (0x00000000c6d5bbd0) thrown at [src/hotspot/share/interpreter/linkResolver.cpp, line 772]
Event: 0.379 Thread 0x00007f6ce0017800 Exception <a 'java/lang/IncompatibleClassChangeError'{0x00000000c6d65950}: Found class java.lang.Object, but interface was expected> (0x00000000c6d65950) thrown at [src/hotspot/share/interpreter/linkResolver.cpp, line 839]
Event: 0.380 Thread 0x00007f6ce0017800 Exception <a 'java/lang/NoSuchMethodError'{0x00000000c6d68b00}: 'void java.lang.invoke.DirectMethodHandle$Holder.invokeStaticInit(java.lang.Object, java.lang.Object)'> (0x00000000c6d68b00) thrown at [src/hotspot/share/interpreter/linkResolver.cpp, line 772]
Event: 0.382 Thread 0x00007f6ce0017800 Exception <a 'java/lang/NoSuchMethodError'{0x00000000c6d6df70}: 'int java.lang.invoke.DirectMethodHandle$Holder.invokeStaticInit(java.lang.Object, java.lang.Object)'> (0x00000000c6d6df70) thrown at [src/hotspot/share/interpreter/linkResolver.cpp, line 772]
Event: 0.813 Thread 0x00007f6ce0017800 Exception <a 'java/lang/NoSuchMethodError'{0x00000000c69f69b8}: 'java.lang.Object java.lang.invoke.DirectMethodHandle$Holder.invokeStatic(java.lang.Object, java.lang.Object, java.lang.Object, java.lang.Object, java.lang.Object, java.lang.Object, java.lang.Object, java.lang.Object, java.lang.Object, java.lang.Object, java.lang.Object, java.lang.Object, java.lang.Object, java.lang.Object, java.lang.Object)'> (0x00000000c69f69b8) thrown at [src/hotspot/share/interpreter/linkResolver.cpp, line 772]
Event: 0.829 Thread 0x00007f6ce0017800 Exception <a 'java/lang/NoSuchMethodError'{0x00000000c6f05bf8}: 'java.lang.Object java.lang.invoke.DirectMethodHandle$Holder.invokeStatic(java.lang.Object, java.lang.Object, java.lang.Object, java.lang.Object, java.lang.Object, java.lang.Object, java.lang.Object, java.lang.Object, java.lang.Object, java.lang.Object, java.lang.Object, java.lang.Object, java.lang.Object, java.lang.Object, java.lang.Object, java.lang.Object)'> (0x00000000c6f05bf8) thrown at [src/hotspot/share/interpreter/linkResolver.cpp, lin
Event: 0.831 Thread 0x00007f6ce0017800 Exception <a 'java/lang/NoSuchMethodError'{0x00000000c6f13a00}: 'java.lang.Object java.lang.invoke.DirectMethodHandle$Holder.invokeSpecial(java.lang.Object, java.lang.Object, int, int, java.lang.Object, int, java.lang.Object)'> (0x00000000c6f13a00) thrown at [src/hotspot/share/interpreter/linkResolver.cpp, line 772]
Event: 0.837 Thread 0x00007f6ce0017800 Exception <a 'java/lang/NoSuchMethodError'{0x00000000c6f16e90}: 'java.lang.Object java.lang.invoke.DelegatingMethodHandle$Holder.reinvoke_L(java.lang.Object, int, int, java.lang.Object, int, java.lang.Object)'> (0x00000000c6f16e90) thrown at [src/hotspot/share/interpreter/linkResolver.cpp, line 772]
Event: 0.839 Thread 0x00007f6ce0017800 Exception <a 'java/lang/NoSuchMethodError'{0x00000000c6f26180}: 'java.lang.Object java.lang.invoke.DirectMethodHandle$Holder.invokeStatic(java.lang.Object, java.lang.Object, java.lang.Object, java.lang.Object, java.lang.Object, java.lang.Object, int)'> (0x00000000c6f26180) thrown at [src/hotspot/share/interpreter/linkResolver.cpp, line 772]
Event: 0.855 Thread 0x00007f6ce0017800 Exception <a 'java/lang/NoSuchMethodError'{0x00000000c6f7dd70}: 'java.lang.Object java.lang.invoke.Invokers$Holder.linkToTargetMethod(java.lang.Object, int, java.lang.Object, java.lang.Object)'> (0x00000000c6f7dd70) thrown at [src/hotspot/share/interpreter/linkResolver.cpp, line 772]

Events (20 events):
Event: 1.042 loading class org/bytedeco/llvm/LLVM/LLVMRelocationIteratorRef
Event: 1.042 loading class org/bytedeco/llvm/LLVM/LLVMRelocationIteratorRef done
Event: 1.043 loading class org/bytedeco/llvm/LLVM/LLVMObjectFileRef
Event: 1.043 loading class org/bytedeco/llvm/LLVM/LLVMObjectFileRef done
Event: 1.043 loading class org/bytedeco/llvm/LLVM/LLVMTargetRef
Event: 1.043 loading class org/bytedeco/llvm/LLVM/LLVMTargetRef done
Event: 1.044 loading class org/bytedeco/llvm/LLVM/LLVMPassManagerBuilderRef
Event: 1.044 loading class org/bytedeco/llvm/LLVM/LLVMPassManagerBuilderRef done
Event: 1.044 loading class org/bytedeco/llvm/LLVM/LLVMPassBuilderOptionsRef
Event: 1.044 loading class org/bytedeco/llvm/LLVM/LLVMPassBuilderOptionsRef done
Event: 1.044 loading class org/bytedeco/llvm/LLVM/Pass
Event: 1.044 loading class org/bytedeco/llvm/LLVM/Pass done
Event: 1.046 loading class org/bytedeco/llvm/LLVM/LLVMNamedMDNodeRef
Event: 1.046 loading class org/bytedeco/llvm/LLVM/LLVMNamedMDNodeRef done
Event: 1.046 loading class org/bytedeco/llvm/LLVM/LLVMUseRef
Event: 1.046 loading class org/bytedeco/llvm/LLVM/LLVMUseRef done
Event: 1.051 loading class Utils
Event: 1.051 loading class Utils done
Event: 1.052 loading class LLVMSymbolTable$SymbolTableEntry
Event: 1.052 loading class LLVMSymbolTable$SymbolTableEntry done


Dynamic libraries:
c3200000-c7000000 rw-p 00000000 00:00 0 
c7000000-ffe00000 ---p 00000000 00:00 0 
ffe00000-ffe47000 rw-p 00b0a000 08:05 656944                             /usr/lib/jvm/java-11-openjdk-amd64/lib/server/classes.jsa
ffe47000-fff00000 rw-p 00000000 00:00 0 
fff00000-fff6b000 rw-p 00a9f000 08:05 656944                             /usr/lib/jvm/java-11-openjdk-amd64/lib/server/classes.jsa
fff6b000-100000000 rw-p 00000000 00:00 0 
800000000-800002000 rwxp 00001000 08:05 656944                           /usr/lib/jvm/java-11-openjdk-amd64/lib/server/classes.jsa
800002000-8003cc000 rw-p 00003000 08:05 656944                           /usr/lib/jvm/java-11-openjdk-amd64/lib/server/classes.jsa
8003cc000-800a9d000 r--p 003cd000 08:05 656944                           /usr/lib/jvm/java-11-openjdk-amd64/lib/server/classes.jsa
800a9d000-800a9e000 rw-p 00a9e000 08:05 656944                           /usr/lib/jvm/java-11-openjdk-amd64/lib/server/classes.jsa
840000000-8400c0000 rw-p 00000000 00:00 0 
8400c0000-880000000 ---p 00000000 00:00 0 
564eaf167000-564eaf168000 r--p 00000000 08:05 664482                     /usr/lib/jvm/java-11-openjdk-amd64/bin/java
564eaf168000-564eaf169000 r-xp 00001000 08:05 664482                     /usr/lib/jvm/java-11-openjdk-amd64/bin/java
564eaf169000-564eaf16a000 r--p 00002000 08:05 664482                     /usr/lib/jvm/java-11-openjdk-amd64/bin/java
564eaf16a000-564eaf16b000 r--p 00002000 08:05 664482                     /usr/lib/jvm/java-11-openjdk-amd64/bin/java
564eaf16b000-564eaf16c000 rw-p 00003000 08:05 664482                     /usr/lib/jvm/java-11-openjdk-amd64/bin/java
564eaf2ce000-564eaf310000 rw-p 00000000 00:00 0                          [heap]
7f6c8552c000-7f6c85e52000 r--p 00000000 08:05 527051                     /home/doudou/.javacpp/cache/llvm-13.0.1-1.5.7-linux-x86_64.jar/org/bytedeco/llvm/linux-x86_64/libLLVM-13.so
7f6c85e52000-7f6c89815000 r-xp 00926000 08:05 527051                     /home/doudou/.javacpp/cache/llvm-13.0.1-1.5.7-linux-x86_64.jar/org/bytedeco/llvm/linux-x86_64/libLLVM-13.so
7f6c89815000-7f6c8ba6a000 r--p 042e9000 08:05 527051                     /home/doudou/.javacpp/cache/llvm-13.0.1-1.5.7-linux-x86_64.jar/org/bytedeco/llvm/linux-x86_64/libLLVM-13.so
7f6c8ba6a000-7f6c8bf7f000 r--p 0653d000 08:05 527051                     /home/doudou/.javacpp/cache/llvm-13.0.1-1.5.7-linux-x86_64.jar/org/bytedeco/llvm/linux-x86_64/libLLVM-13.so
7f6c8bf7f000-7f6c8bf8a000 rw-p 06a52000 08:05 527051                     /home/doudou/.javacpp/cache/llvm-13.0.1-1.5.7-linux-x86_64.jar/org/bytedeco/llvm/linux-x86_64/libLLVM-13.so
7f6c8bf8a000-7f6c8c000000 rw-p 00000000 00:00 0 
7f6c8c000000-7f6c8c021000 rw-p 00000000 00:00 0 
7f6c8c021000-7f6c90000000 ---p 00000000 00:00 0 
7f6c90000000-7f6c90021000 rw-p 00000000 00:00 0 
7f6c90021000-7f6c94000000 ---p 00000000 00:00 0 
7f6c94000000-7f6c9437c000 rw-p 00000000 00:00 0 
7f6c9437c000-7f6c98000000 ---p 00000000 00:00 0 
7f6c98000000-7f6c98336000 rw-p 00000000 00:00 0 
7f6c98336000-7f6c9c000000 ---p 00000000 00:00 0 
7f6c9c000000-7f6c9c021000 rw-p 00000000 00:00 0 
7f6c9c021000-7f6ca0000000 ---p 00000000 00:00 0 
7f6ca0000000-7f6ca0021000 rw-p 00000000 00:00 0 
7f6ca0021000-7f6ca4000000 ---p 00000000 00:00 0 
7f6ca4000000-7f6ca4021000 rw-p 00000000 00:00 0 
7f6ca4021000-7f6ca8000000 ---p 00000000 00:00 0 
7f6ca8000000-7f6ca8021000 rw-p 00000000 00:00 0 
7f6ca8021000-7f6cac000000 ---p 00000000 00:00 0 
7f6cac000000-7f6cac021000 rw-p 00000000 00:00 0 
7f6cac021000-7f6cb0000000 ---p 00000000 00:00 0 
7f6cb0000000-7f6cb0021000 rw-p 00000000 00:00 0 
7f6cb0021000-7f6cb4000000 ---p 00000000 00:00 0 
7f6cb4000000-7f6cb4021000 rw-p 00000000 00:00 0 
7f6cb4021000-7f6cb8000000 ---p 00000000 00:00 0 
7f6cb8e17000-7f6cb8e7c000 r--p 00000000 08:05 527056                     /home/doudou/.javacpp/cache/llvm-13.0.1-1.5.7-linux-x86_64.jar/org/bytedeco/llvm/linux-x86_64/libjniLLVM.so
7f6cb8e7c000-7f6cb8eea000 r-xp 00065000 08:05 527056                     /home/doudou/.javacpp/cache/llvm-13.0.1-1.5.7-linux-x86_64.jar/org/bytedeco/llvm/linux-x86_64/libjniLLVM.so
7f6cb8eea000-7f6cb8f15000 r--p 000d3000 08:05 527056                     /home/doudou/.javacpp/cache/llvm-13.0.1-1.5.7-linux-x86_64.jar/org/bytedeco/llvm/linux-x86_64/libjniLLVM.so
7f6cb8f15000-7f6cb8f18000 r--p 000fd000 08:05 527056                     /home/doudou/.javacpp/cache/llvm-13.0.1-1.5.7-linux-x86_64.jar/org/bytedeco/llvm/linux-x86_64/libjniLLVM.so
7f6cb8f18000-7f6cb8f1b000 rw-p 00100000 08:05 527056                     /home/doudou/.javacpp/cache/llvm-13.0.1-1.5.7-linux-x86_64.jar/org/bytedeco/llvm/linux-x86_64/libjniLLVM.so
7f6cb8f1b000-7f6cb8f1d000 rw-p 00000000 00:00 0 
7f6cb8f1d000-7f6cb8f1e000 ---p 00000000 00:00 0 
7f6cb8f1e000-7f6cb901f000 rw-p 00000000 00:00 0 
7f6cb901f000-7f6cb9023000 ---p 00000000 00:00 0 
7f6cb9023000-7f6cb9120000 rw-p 00000000 00:00 0 
7f6cb9120000-7f6cb9121000 ---p 00000000 00:00 0 
7f6cb9121000-7f6cb9222000 rw-p 00000000 00:00 0 
7f6cb9222000-7f6cba000000 r--p 00000000 08:05 660967                     /usr/lib/locale/locale-archive
7f6cba000000-7f6cbc000000 rw-p 00000000 00:00 0 
7f6cbc000000-7f6cbc021000 rw-p 00000000 00:00 0 
7f6cbc021000-7f6cc0000000 ---p 00000000 00:00 0 
7f6cc0000000-7f6cc0021000 rw-p 00000000 00:00 0 
7f6cc0021000-7f6cc4000000 ---p 00000000 00:00 0 
7f6cc4000000-7f6cc4021000 rw-p 00000000 00:00 0 
7f6cc4021000-7f6cc8000000 ---p 00000000 00:00 0 
7f6cc80ee000-7f6cc80f2000 ---p 00000000 00:00 0 
7f6cc80f2000-7f6cc81ef000 rw-p 00000000 00:00 0 
7f6cc81ef000-7f6cc81f3000 ---p 00000000 00:00 0 
7f6cc81f3000-7f6cc82f0000 rw-p 00000000 00:00 0 
7f6cc82f0000-7f6cc82f4000 ---p 00000000 00:00 0 
7f6cc82f4000-7f6cc83f1000 rw-p 00000000 00:00 0 
7f6cc83f1000-7f6cc83f5000 ---p 00000000 00:00 0 
7f6cc83f5000-7f6cc84f2000 rw-p 00000000 00:00 0 
7f6cc84f2000-7f6cc84f6000 ---p 00000000 00:00 0 
7f6cc84f6000-7f6cc85f3000 rw-p 00000000 00:00 0 
7f6cc85f3000-7f6cc85f7000 ---p 00000000 00:00 0 
7f6cc85f7000-7f6cc86f4000 rw-p 00000000 00:00 0 
7f6cc86f4000-7f6cc86f8000 ---p 00000000 00:00 0 
7f6cc86f8000-7f6cc87f5000 rw-p 00000000 00:00 0 
7f6cc87f5000-7f6cc8a65000 rwxp 00000000 00:00 0 
7f6cc8a65000-7f6cc8d84000 ---p 00000000 00:00 0 
7f6cc8d84000-7f6cc8ff4000 rwxp 00000000 00:00 0 
7f6cc8ff4000-7f6cd02bc000 ---p 00000000 00:00 0 
7f6cd02bc000-7f6cd052c000 rwxp 00000000 00:00 0 
7f6cd052c000-7f6cd77f5000 ---p 00000000 00:00 0 
7f6cd77f5000-7f6ce0000000 r--s 00000000 08:05 664565                     /usr/lib/jvm/java-11-openjdk-amd64/lib/modules
7f6ce0000000-7f6ce0425000 rw-p 00000000 00:00 0 
7f6ce0425000-7f6ce4000000 ---p 00000000 00:00 0 
7f6ce409f000-7f6ce40a6000 r--s 00000000 08:05 1185552                    /usr/lib/x86_64-linux-gnu/gconv/gconv-modules.cache
7f6ce40a6000-7f6ce40ad000 r--p 00000000 08:05 527052                     /home/doudou/.javacpp/cache/llvm-13.0.1-1.5.7-linux-x86_64.jar/org/bytedeco/llvm/linux-x86_64/libLTO.so.13
7f6ce40ad000-7f6ce40b5000 r-xp 00007000 08:05 527052                     /home/doudou/.javacpp/cache/llvm-13.0.1-1.5.7-linux-x86_64.jar/org/bytedeco/llvm/linux-x86_64/libLTO.so.13
7f6ce40b5000-7f6ce40b7000 r--p 0000f000 08:05 527052                     /home/doudou/.javacpp/cache/llvm-13.0.1-1.5.7-linux-x86_64.jar/org/bytedeco/llvm/linux-x86_64/libLTO.so.13
7f6ce40b7000-7f6ce40b8000 r--p 00010000 08:05 527052                     /home/doudou/.javacpp/cache/llvm-13.0.1-1.5.7-linux-x86_64.jar/org/bytedeco/llvm/linux-x86_64/libLTO.so.13
7f6ce40b8000-7f6ce40b9000 rw-p 00011000 08:05 527052                     /home/doudou/.javacpp/cache/llvm-13.0.1-1.5.7-linux-x86_64.jar/org/bytedeco/llvm/linux-x86_64/libLTO.so.13
7f6ce40b9000-7f6ce40bd000 r--p 00000000 08:05 527045                     /home/doudou/.javacpp/cache/javacpp-1.5.7-linux-x86_64.jar/org/bytedeco/javacpp/linux-x86_64/libjnijavacpp.so
7f6ce40bd000-7f6ce40c4000 r-xp 00004000 08:05 527045                     /home/doudou/.javacpp/cache/javacpp-1.5.7-linux-x86_64.jar/org/bytedeco/javacpp/linux-x86_64/libjnijavacpp.so
7f6ce40c4000-7f6ce40c8000 r--p 0000b000 08:05 527045                     /home/doudou/.javacpp/cache/javacpp-1.5.7-linux-x86_64.jar/org/bytedeco/javacpp/linux-x86_64/libjnijavacpp.so
7f6ce40c8000-7f6ce40c9000 r--p 0000e000 08:05 527045                     /home/doudou/.javacpp/cache/javacpp-1.5.7-linux-x86_64.jar/org/bytedeco/javacpp/linux-x86_64/libjnijavacpp.so
7f6ce40c9000-7f6ce40ca000 rw-p 0000f000 08:05 527045                     /home/doudou/.javacpp/cache/javacpp-1.5.7-linux-x86_64.jar/org/bytedeco/javacpp/linux-x86_64/libjnijavacpp.so
7f6ce40ca000-7f6ce40ce000 r--p 00000000 08:05 664555                     /usr/lib/jvm/java-11-openjdk-amd64/lib/libnet.so
7f6ce40ce000-7f6ce40dc000 r-xp 00004000 08:05 664555                     /usr/lib/jvm/java-11-openjdk-amd64/lib/libnet.so
7f6ce40dc000-7f6ce40e0000 r--p 00012000 08:05 664555                     /usr/lib/jvm/java-11-openjdk-amd64/lib/libnet.so
7f6ce40e0000-7f6ce40e1000 r--p 00015000 08:05 664555                     /usr/lib/jvm/java-11-openjdk-amd64/lib/libnet.so
7f6ce40e1000-7f6ce40e2000 rw-p 00016000 08:05 664555                     /usr/lib/jvm/java-11-openjdk-amd64/lib/libnet.so
7f6ce40e2000-7f6ce40e9000 r--p 00000000 08:05 664556                     /usr/lib/jvm/java-11-openjdk-amd64/lib/libnio.so
7f6ce40e9000-7f6ce40f1000 r-xp 00007000 08:05 664556                     /usr/lib/jvm/java-11-openjdk-amd64/lib/libnio.so
7f6ce40f1000-7f6ce40f4000 r--p 0000f000 08:05 664556                     /usr/lib/jvm/java-11-openjdk-amd64/lib/libnio.so
7f6ce40f4000-7f6ce40f5000 r--p 00011000 08:05 664556                     /usr/lib/jvm/java-11-openjdk-amd64/lib/libnio.so
7f6ce40f5000-7f6ce40f6000 rw-p 00012000 08:05 664556                     /usr/lib/jvm/java-11-openjdk-amd64/lib/libnio.so
7f6ce40f6000-7f6ce40fa000 ---p 00000000 00:00 0 
7f6ce40fa000-7f6ce41f7000 rw-p 00000000 00:00 0 
7f6ce41f7000-7f6ce41fb000 ---p 00000000 00:00 0 
7f6ce41fb000-7f6ce42f8000 rw-p 00000000 00:00 0 
7f6ce42f8000-7f6ce42f9000 ---p 00000000 00:00 0 
7f6ce42f9000-7f6ce4ad6000 rw-p 00000000 00:00 0 
7f6ce4ad6000-7f6ce4cd6000 ---p 00000000 00:00 0 
7f6ce4cd6000-7f6ce4cd7000 ---p 00000000 00:00 0 
7f6ce4cd7000-7f6ce4dd8000 rw-p 00000000 00:00 0 
7f6ce4dd8000-7f6ce4dd9000 ---p 00000000 00:00 0 
7f6ce4dd9000-7f6ce50dc000 rw-p 00000000 00:00 0 
7f6ce50dc000-7f6ce50dd000 ---p 00000000 00:00 0 
7f6ce50dd000-7f6ce51de000 rw-p 00000000 00:00 0 
7f6ce51de000-7f6ce51df000 ---p 00000000 00:00 0 
7f6ce51df000-7f6ce53f9000 rw-p 00000000 00:00 0 
7f6ce53f9000-7f6ce6231000 ---p 00000000 00:00 0 
7f6ce6231000-7f6ce6331000 rw-p 00000000 00:00 0 
7f6ce6331000-7f6ce7169000 ---p 00000000 00:00 0 
7f6ce7169000-7f6ce7190000 rw-p 00000000 00:00 0 
7f6ce7190000-7f6ce7357000 ---p 00000000 00:00 0 
7f6ce7357000-7f6ce7377000 rw-p 00000000 00:00 0 
7f6ce7377000-7f6ce753e000 ---p 00000000 00:00 0 
7f6ce753e000-7f6ce755e000 rw-p 00000000 00:00 0 
7f6ce755e000-7f6ce7725000 ---p 00000000 00:00 0 
7f6ce7725000-7f6ce7928000 rw-p 00000000 00:00 0 
7f6ce7928000-7f6ce7929000 ---p 00000000 00:00 0 
7f6ce7929000-7f6ce7a2f000 rw-p 00000000 00:00 0 
7f6ce7a2f000-7f6ce7b15000 ---p 00000000 00:00 0 
7f6ce7b15000-7f6ce7b1a000 rw-p 00000000 00:00 0 
7f6ce7b1a000-7f6ce7c00000 ---p 00000000 00:00 0 
7f6ce7c00000-7f6ce7c05000 rw-p 00000000 00:00 0 
7f6ce7c05000-7f6ce7c0c000 ---p 00000000 00:00 0 
7f6ce7c0c000-7f6ce7c0e000 r--p 00000000 08:05 664564                     /usr/lib/jvm/java-11-openjdk-amd64/lib/libzip.so
7f6ce7c0e000-7f6ce7c13000 r-xp 00002000 08:05 664564                     /usr/lib/jvm/java-11-openjdk-amd64/lib/libzip.so
7f6ce7c13000-7f6ce7c15000 r--p 00007000 08:05 664564                     /usr/lib/jvm/java-11-openjdk-amd64/lib/libzip.so
7f6ce7c15000-7f6ce7c16000 r--p 00008000 08:05 664564                     /usr/lib/jvm/java-11-openjdk-amd64/lib/libzip.so
7f6ce7c16000-7f6ce7c17000 rw-p 00009000 08:05 664564                     /usr/lib/jvm/java-11-openjdk-amd64/lib/libzip.so
7f6ce7c17000-7f6ce7c1a000 r--p 00000000 08:05 662442                     /usr/lib/x86_64-linux-gnu/libnss_files-2.31.so
7f6ce7c1a000-7f6ce7c21000 r-xp 00003000 08:05 662442                     /usr/lib/x86_64-linux-gnu/libnss_files-2.31.so
7f6ce7c21000-7f6ce7c23000 r--p 0000a000 08:05 662442                     /usr/lib/x86_64-linux-gnu/libnss_files-2.31.so
7f6ce7c23000-7f6ce7c24000 r--p 0000b000 08:05 662442                     /usr/lib/x86_64-linux-gnu/libnss_files-2.31.so
7f6ce7c24000-7f6ce7c25000 rw-p 0000c000 08:05 662442                     /usr/lib/x86_64-linux-gnu/libnss_files-2.31.so
7f6ce7c25000-7f6ce7c2b000 rw-p 00000000 00:00 0 
7f6ce7c2b000-7f6ce7c2c000 r--p 00000000 08:05 527054                     /home/doudou/.javacpp/cache/llvm-13.0.1-1.5.7-linux-x86_64.jar/org/bytedeco/llvm/linux-x86_64/libRemarks.so.13
7f6ce7c2c000-7f6ce7c2d000 r-xp 00001000 08:05 527054                     /home/doudou/.javacpp/cache/llvm-13.0.1-1.5.7-linux-x86_64.jar/org/bytedeco/llvm/linux-x86_64/libRemarks.so.13
7f6ce7c2d000-7f6ce7c2e000 r--p 00002000 08:05 527054                     /home/doudou/.javacpp/cache/llvm-13.0.1-1.5.7-linux-x86_64.jar/org/bytedeco/llvm/linux-x86_64/libRemarks.so.13
7f6ce7c2e000-7f6ce7c2f000 r--p 00002000 08:05 527054                     /home/doudou/.javacpp/cache/llvm-13.0.1-1.5.7-linux-x86_64.jar/org/bytedeco/llvm/linux-x86_64/libRemarks.so.13
7f6ce7c2f000-7f6ce7c30000 rw-p 00003000 08:05 527054                     /home/doudou/.javacpp/cache/llvm-13.0.1-1.5.7-linux-x86_64.jar/org/bytedeco/llvm/linux-x86_64/libRemarks.so.13
7f6ce7c30000-7f6ce7c31000 r--p 00000000 08:05 664537                     /usr/lib/jvm/java-11-openjdk-amd64/lib/libextnet.so
7f6ce7c31000-7f6ce7c32000 r-xp 00001000 08:05 664537                     /usr/lib/jvm/java-11-openjdk-amd64/lib/libextnet.so
7f6ce7c32000-7f6ce7c33000 r--p 00002000 08:05 664537                     /usr/lib/jvm/java-11-openjdk-amd64/lib/libextnet.so
7f6ce7c33000-7f6ce7c34000 r--p 00002000 08:05 664537                     /usr/lib/jvm/java-11-openjdk-amd64/lib/libextnet.so
7f6ce7c34000-7f6ce7c35000 rw-p 00003000 08:05 664537                     /usr/lib/jvm/java-11-openjdk-amd64/lib/libextnet.so
7f6ce7c35000-7f6ce7c3d000 rw-s 00000000 08:05 527061                     /tmp/hsperfdata_doudou/23984
7f6ce7c3d000-7f6ce7c3f000 r--p 00000000 08:05 664539                     /usr/lib/jvm/java-11-openjdk-amd64/lib/libinstrument.so
7f6ce7c3f000-7f6ce7c45000 r-xp 00002000 08:05 664539                     /usr/lib/jvm/java-11-openjdk-amd64/lib/libinstrument.so
7f6ce7c45000-7f6ce7c48000 r--p 00008000 08:05 664539                     /usr/lib/jvm/java-11-openjdk-amd64/lib/libinstrument.so
7f6ce7c48000-7f6ce7c49000 r--p 0000a000 08:05 664539                     /usr/lib/jvm/java-11-openjdk-amd64/lib/libinstrument.so
7f6ce7c49000-7f6ce7c4a000 rw-p 0000b000 08:05 664539                     /usr/lib/jvm/java-11-openjdk-amd64/lib/libinstrument.so
7f6ce7c4a000-7f6ce7c4b000 ---p 00000000 00:00 0 
7f6ce7c4b000-7f6ce7c4c000 r--p 00000000 00:00 0 
7f6ce7c4c000-7f6ce7c4e000 r--p 00000000 08:05 664547                     /usr/lib/jvm/java-11-openjdk-amd64/lib/libjimage.so
7f6ce7c4e000-7f6ce7c51000 r-xp 00002000 08:05 664547                     /usr/lib/jvm/java-11-openjdk-amd64/lib/libjimage.so
7f6ce7c51000-7f6ce7c52000 r--p 00005000 08:05 664547                     /usr/lib/jvm/java-11-openjdk-amd64/lib/libjimage.so
7f6ce7c52000-7f6ce7c53000 ---p 00006000 08:05 664547                     /usr/lib/jvm/java-11-openjdk-amd64/lib/libjimage.so
7f6ce7c53000-7f6ce7c54000 r--p 00006000 08:05 664547                     /usr/lib/jvm/java-11-openjdk-amd64/lib/libjimage.so
7f6ce7c54000-7f6ce7c55000 rw-p 00007000 08:05 664547                     /usr/lib/jvm/java-11-openjdk-amd64/lib/libjimage.so
7f6ce7c55000-7f6ce7c63000 r--p 00000000 08:05 664544                     /usr/lib/jvm/java-11-openjdk-amd64/lib/libjava.so
7f6ce7c63000-7f6ce7c79000 r-xp 0000e000 08:05 664544                     /usr/lib/jvm/java-11-openjdk-amd64/lib/libjava.so
7f6ce7c79000-7f6ce7c80000 r--p 00024000 08:05 664544                     /usr/lib/jvm/java-11-openjdk-amd64/lib/libjava.so
7f6ce7c80000-7f6ce7c81000 r--p 0002a000 08:05 664544                     /usr/lib/jvm/java-11-openjdk-amd64/lib/libjava.so
7f6ce7c81000-7f6ce7c82000 rw-p 0002b000 08:05 664544                     /usr/lib/jvm/java-11-openjdk-amd64/lib/libjava.so
7f6ce7c82000-7f6ce7c83000 rw-p 00000000 00:00 0 
7f6ce7c83000-7f6ce7c85000 r--p 00000000 08:05 662651                     /usr/lib/x86_64-linux-gnu/librt-2.31.so
7f6ce7c85000-7f6ce7c89000 r-xp 00002000 08:05 662651                     /usr/lib/x86_64-linux-gnu/librt-2.31.so
7f6ce7c89000-7f6ce7c8b000 r--p 00006000 08:05 662651                     /usr/lib/x86_64-linux-gnu/librt-2.31.so
7f6ce7c8b000-7f6ce7c8c000 r--p 00007000 08:05 662651                     /usr/lib/x86_64-linux-gnu/librt-2.31.so
7f6ce7c8c000-7f6ce7c8d000 rw-p 00008000 08:05 662651                     /usr/lib/x86_64-linux-gnu/librt-2.31.so
7f6ce7c8d000-7f6ce7c91000 ---p 00000000 00:00 0 
7f6ce7c91000-7f6ce7d8e000 rw-p 00000000 00:00 0 
7f6ce7d8e000-7f6ce7d91000 r--p 00000000 08:05 661955                     /usr/lib/x86_64-linux-gnu/libgcc_s.so.1
7f6ce7d91000-7f6ce7da3000 r-xp 00003000 08:05 661955                     /usr/lib/x86_64-linux-gnu/libgcc_s.so.1
7f6ce7da3000-7f6ce7da7000 r--p 00015000 08:05 661955                     /usr/lib/x86_64-linux-gnu/libgcc_s.so.1
7f6ce7da7000-7f6ce7da8000 r--p 00018000 08:05 661955                     /usr/lib/x86_64-linux-gnu/libgcc_s.so.1
7f6ce7da8000-7f6ce7da9000 rw-p 00019000 08:05 661955                     /usr/lib/x86_64-linux-gnu/libgcc_s.so.1
7f6ce7da9000-7f6ce7db6000 r--p 00000000 08:05 662316                     /usr/lib/x86_64-linux-gnu/libm-2.31.so
7f6ce7db6000-7f6ce7e5d000 r-xp 0000d000 08:05 662316                     /usr/lib/x86_64-linux-gnu/libm-2.31.so
7f6ce7e5d000-7f6ce7ef6000 r--p 000b4000 08:05 662316                     /usr/lib/x86_64-linux-gnu/libm-2.31.so
7f6ce7ef6000-7f6ce7ef7000 r--p 0014c000 08:05 662316                     /usr/lib/x86_64-linux-gnu/libm-2.31.so
7f6ce7ef7000-7f6ce7ef8000 rw-p 0014d000 08:05 662316                     /usr/lib/x86_64-linux-gnu/libm-2.31.so
7f6ce7ef8000-7f6ce7f8e000 r--p 00000000 08:05 662760                     /usr/lib/x86_64-linux-gnu/libstdc++.so.6.0.28
7f6ce7f8e000-7f6ce807f000 r-xp 00096000 08:05 662760                     /usr/lib/x86_64-linux-gnu/libstdc++.so.6.0.28
7f6ce807f000-7f6ce80c8000 r--p 00187000 08:05 662760                     /usr/lib/x86_64-linux-gnu/libstdc++.so.6.0.28
7f6ce80c8000-7f6ce80c9000 ---p 001d0000 08:05 662760                     /usr/lib/x86_64-linux-gnu/libstdc++.so.6.0.28
7f6ce80c9000-7f6ce80d4000 r--p 001d0000 08:05 662760                     /usr/lib/x86_64-linux-gnu/libstdc++.so.6.0.28
7f6ce80d4000-7f6ce80d7000 rw-p 001db000 08:05 662760                     /usr/lib/x86_64-linux-gnu/libstdc++.so.6.0.28
7f6ce80d7000-7f6ce80da000 rw-p 00000000 00:00 0 
7f6ce80da000-7f6ce835c000 r--p 00000000 08:05 664568                     /usr/lib/jvm/java-11-openjdk-amd64/lib/server/libjvm.so
7f6ce835c000-7f6ce8fed000 r-xp 00282000 08:05 664568                     /usr/lib/jvm/java-11-openjdk-amd64/lib/server/libjvm.so
7f6ce8fed000-7f6ce924c000 r--p 00f13000 08:05 664568                     /usr/lib/jvm/java-11-openjdk-amd64/lib/server/libjvm.so
7f6ce924c000-7f6ce9310000 r--p 01171000 08:05 664568                     /usr/lib/jvm/java-11-openjdk-amd64/lib/server/libjvm.so
7f6ce9310000-7f6ce934b000 rw-p 01235000 08:05 664568                     /usr/lib/jvm/java-11-openjdk-amd64/lib/server/libjvm.so
7f6ce934b000-7f6ce93a4000 rw-p 00000000 00:00 0 
7f6ce93a4000-7f6ce93aa000 r--p 00000000 08:05 662586                     /usr/lib/x86_64-linux-gnu/libpthread-2.31.so
7f6ce93aa000-7f6ce93bb000 r-xp 00006000 08:05 662586                     /usr/lib/x86_64-linux-gnu/libpthread-2.31.so
7f6ce93bb000-7f6ce93c1000 r--p 00017000 08:05 662586                     /usr/lib/x86_64-linux-gnu/libpthread-2.31.so
7f6ce93c1000-7f6ce93c2000 r--p 0001c000 08:05 662586                     /usr/lib/x86_64-linux-gnu/libpthread-2.31.so
7f6ce93c2000-7f6ce93c3000 rw-p 0001d000 08:05 662586                     /usr/lib/x86_64-linux-gnu/libpthread-2.31.so
7f6ce93c3000-7f6ce93c7000 rw-p 00000000 00:00 0 
7f6ce93c7000-7f6ce93c8000 r--p 00000000 08:05 661801                     /usr/lib/x86_64-linux-gnu/libdl-2.31.so
7f6ce93c8000-7f6ce93ca000 r-xp 00001000 08:05 661801                     /usr/lib/x86_64-linux-gnu/libdl-2.31.so
7f6ce93ca000-7f6ce93cb000 r--p 00003000 08:05 661801                     /usr/lib/x86_64-linux-gnu/libdl-2.31.so
7f6ce93cb000-7f6ce93cc000 r--p 00003000 08:05 661801                     /usr/lib/x86_64-linux-gnu/libdl-2.31.so
7f6ce93cc000-7f6ce93cd000 rw-p 00004000 08:05 661801                     /usr/lib/x86_64-linux-gnu/libdl-2.31.so
7f6ce93cd000-7f6ce93cf000 r--p 00000000 08:05 656616                     /usr/lib/x86_64-linux-gnu/libz.so.1.2.11
7f6ce93cf000-7f6ce93e0000 r-xp 00002000 08:05 656616                     /usr/lib/x86_64-linux-gnu/libz.so.1.2.11
7f6ce93e0000-7f6ce93e6000 r--p 00013000 08:05 656616                     /usr/lib/x86_64-linux-gnu/libz.so.1.2.11
7f6ce93e6000-7f6ce93e7000 ---p 00019000 08:05 656616                     /usr/lib/x86_64-linux-gnu/libz.so.1.2.11
7f6ce93e7000-7f6ce93e8000 r--p 00019000 08:05 656616                     /usr/lib/x86_64-linux-gnu/libz.so.1.2.11
7f6ce93e8000-7f6ce93e9000 rw-p 0001a000 08:05 656616                     /usr/lib/x86_64-linux-gnu/libz.so.1.2.11
7f6ce93e9000-7f6ce940b000 r--p 00000000 08:05 661658                     /usr/lib/x86_64-linux-gnu/libc-2.31.so
7f6ce940b000-7f6ce9583000 r-xp 00022000 08:05 661658                     /usr/lib/x86_64-linux-gnu/libc-2.31.so
7f6ce9583000-7f6ce95d1000 r--p 0019a000 08:05 661658                     /usr/lib/x86_64-linux-gnu/libc-2.31.so
7f6ce95d1000-7f6ce95d5000 r--p 001e7000 08:05 661658                     /usr/lib/x86_64-linux-gnu/libc-2.31.so
7f6ce95d5000-7f6ce95d7000 rw-p 001eb000 08:05 661658                     /usr/lib/x86_64-linux-gnu/libc-2.31.so
7f6ce95d7000-7f6ce95db000 rw-p 00000000 00:00 0 
7f6ce95db000-7f6ce95e0000 r--p 00000000 08:05 664563                     /usr/lib/jvm/java-11-openjdk-amd64/lib/libverify.so
7f6ce95e0000-7f6ce95e7000 r-xp 00005000 08:05 664563                     /usr/lib/jvm/java-11-openjdk-amd64/lib/libverify.so
7f6ce95e7000-7f6ce95e9000 r--p 0000c000 08:05 664563                     /usr/lib/jvm/java-11-openjdk-amd64/lib/libverify.so
7f6ce95e9000-7f6ce95ea000 ---p 0000e000 08:05 664563                     /usr/lib/jvm/java-11-openjdk-amd64/lib/libverify.so
7f6ce95ea000-7f6ce95ec000 r--p 0000e000 08:05 664563                     /usr/lib/jvm/java-11-openjdk-amd64/lib/libverify.so
7f6ce95ec000-7f6ce95ed000 rw-p 00010000 08:05 664563                     /usr/lib/jvm/java-11-openjdk-amd64/lib/libverify.so
7f6ce95ed000-7f6ce95f0000 r--p 00000000 08:05 664529                     /usr/lib/jvm/java-11-openjdk-amd64/lib/jli/libjli.so
7f6ce95f0000-7f6ce95fa000 r-xp 00003000 08:05 664529                     /usr/lib/jvm/java-11-openjdk-amd64/lib/jli/libjli.so
7f6ce95fa000-7f6ce95fd000 r--p 0000d000 08:05 664529                     /usr/lib/jvm/java-11-openjdk-amd64/lib/jli/libjli.so
7f6ce95fd000-7f6ce95fe000 ---p 00010000 08:05 664529                     /usr/lib/jvm/java-11-openjdk-amd64/lib/jli/libjli.so
7f6ce95fe000-7f6ce95ff000 r--p 00010000 08:05 664529                     /usr/lib/jvm/java-11-openjdk-amd64/lib/jli/libjli.so
7f6ce95ff000-7f6ce9600000 rw-p 00011000 08:05 664529                     /usr/lib/jvm/java-11-openjdk-amd64/lib/jli/libjli.so
7f6ce9600000-7f6ce9602000 rw-p 00000000 00:00 0 
7f6ce9602000-7f6ce9603000 r--p 00000000 08:05 661438                     /usr/lib/x86_64-linux-gnu/ld-2.31.so
7f6ce9603000-7f6ce9626000 r-xp 00001000 08:05 661438                     /usr/lib/x86_64-linux-gnu/ld-2.31.so
7f6ce9626000-7f6ce962e000 r--p 00024000 08:05 661438                     /usr/lib/x86_64-linux-gnu/ld-2.31.so
7f6ce962f000-7f6ce9630000 r--p 0002c000 08:05 661438                     /usr/lib/x86_64-linux-gnu/ld-2.31.so
7f6ce9630000-7f6ce9631000 rw-p 0002d000 08:05 661438                     /usr/lib/x86_64-linux-gnu/ld-2.31.so
7f6ce9631000-7f6ce9632000 rw-p 00000000 00:00 0 
7ffcbe21d000-7ffcbe23e000 rw-p 00000000 00:00 0                          [stack]
7ffcbe270000-7ffcbe274000 r--p 00000000 00:00 0                          [vvar]
7ffcbe274000-7ffcbe276000 r-xp 00000000 00:00 0                          [vdso]
ffffffffff600000-ffffffffff601000 --xp 00000000 00:00 0                  [vsyscall]


VM Arguments:
jvm_args: -Djava.library.path=/usr/lib/llvm-10/lib -javaagent:/snap/intellij-idea-ultimate/426/lib/idea_rt.jar=39465:/snap/intellij-idea-ultimate/426/bin -Dfile.encoding=UTF-8 
java_command: Main /home/doudou/Lab/tests/test1.sysy /home/doudou/Lab/tests/out.txt
java_class_path (initial): /home/doudou/Lab/out/production/Lab:/usr/local/lib/antlr-4.9.1-complete.jar:/usr/local/lib/javacpp-1.5.7.jar:/usr/local/lib/javacpp-1.5.7-linux-x86_64.jar:/usr/local/lib/llvm-13.0.1-1.5.7-linux-x86_64.jar:/usr/local/lib/llvm-13.0.1-1.5.7.jar:/usr/local/lib/llvm-platform-13.0.1-1.5.7.jar
Launcher Type: SUN_STANDARD

[Global flags]
     intx CICompilerCount                          = 2                                         {product} {ergonomic}
     uint ConcGCThreads                            = 1                                         {product} {ergonomic}
     uint G1ConcRefinementThreads                  = 2                                         {product} {ergonomic}
   size_t G1HeapRegionSize                         = 1048576                                   {product} {ergonomic}
    uintx GCDrainStackTargetSize                   = 64                                        {product} {ergonomic}
   size_t InitialHeapSize                          = 65011712                                  {product} {ergonomic}
   size_t MarkStackSize                            = 4194304                                   {product} {ergonomic}
   size_t MaxHeapSize                              = 1021313024                                {product} {ergonomic}
   size_t MaxNewSize                               = 612368384                                 {product} {ergonomic}
   size_t MinHeapDeltaBytes                        = 1048576                                   {product} {ergonomic}
    uintx NonNMethodCodeHeapSize                   = 5825164                                {pd product} {ergonomic}
    uintx NonProfiledCodeHeapSize                  = 122916538                              {pd product} {ergonomic}
    uintx ProfiledCodeHeapSize                     = 122916538                              {pd product} {ergonomic}
    uintx ReservedCodeCacheSize                    = 251658240                              {pd product} {ergonomic}
     bool SegmentedCodeCache                       = true                                      {product} {ergonomic}
     bool UseCompressedClassPointers               = true                                 {lp64_product} {ergonomic}
     bool UseCompressedOops                        = true                                 {lp64_product} {ergonomic}
     bool UseG1GC                                  = true                                      {product} {ergonomic}

Logging:
Log output configuration:
 #0: stdout all=warning uptime,level,tags
 #1: stderr all=off uptime,level,tags

Environment Variables:
PATH=/usr/local/sbin:/usr/local/bin:/usr/sbin:/usr/bin:/sbin:/bin:/usr/games:/usr/local/games:/snap/bin
USERNAME=doudou
SHELL=/bin/bash
DISPLAY=:0
LANG=en_US.UTF-8

Signal Handlers:
SIGSEGV: [libjvm.so+0xe9f840], sa_mask[0]=11111111011111111101111111111110, sa_flags=SA_RESTART|SA_SIGINFO
SIGBUS: [libjvm.so+0xe9f840], sa_mask[0]=11111111011111111101111111111110, sa_flags=SA_RESTART|SA_SIGINFO
SIGFPE: [libjvm.so+0xe9f840], sa_mask[0]=11111111011111111101111111111110, sa_flags=SA_RESTART|SA_SIGINFO
SIGPIPE: [libjvm.so+0xbe53b0], sa_mask[0]=11111111011111111101111111111110, sa_flags=SA_RESTART|SA_SIGINFO
SIGXFSZ: [libjvm.so+0xbe53b0], sa_mask[0]=11111111011111111101111111111110, sa_flags=SA_RESTART|SA_SIGINFO
SIGILL: [libjvm.so+0xe9f840], sa_mask[0]=11111111011111111101111111111110, sa_flags=SA_RESTART|SA_SIGINFO
SIGUSR2: [libjvm.so+0xbe5250], sa_mask[0]=00100000000000000000000000000000, sa_flags=SA_RESTART|SA_SIGINFO
SIGHUP: [libjvm.so+0xbe5900], sa_mask[0]=11111111011111111101111111111110, sa_flags=SA_RESTART|SA_SIGINFO
SIGINT: [libjvm.so+0xbe5900], sa_mask[0]=11111111011111111101111111111110, sa_flags=SA_RESTART|SA_SIGINFO
SIGTERM: [libjvm.so+0xbe5900], sa_mask[0]=11111111011111111101111111111110, sa_flags=SA_RESTART|SA_SIGINFO
SIGQUIT: [libjvm.so+0xbe5900], sa_mask[0]=11111111011111111101111111111110, sa_flags=SA_RESTART|SA_SIGINFO


---------------  S Y S T E M  ---------------

OS:DISTRIB_ID=Ubuntu
DISTRIB_RELEASE=20.04
DISTRIB_CODENAME=focal
DISTRIB_DESCRIPTION="Ubuntu 20.04.5 LTS"
uname:Linux 5.15.0-71-generic #78~20.04.1-Ubuntu SMP Wed Apr 19 11:26:48 UTC 2023 x86_64
OS uptime: 0 days 7:41 hours
libc:glibc 2.31 NPTL 2.31 
rlimit (soft/hard): STACK 8192k/infinity , CORE 0k/infinity , NPROC 15242/15242 , NOFILE 1048576/1048576 , AS infinity/infinity , CPU infinity/infinity , DATA infinity/infinity , FSIZE infinity/infinity , MEMLOCK 65536k/65536k
load average:2.13 1.50 1.03

/proc/meminfo:
MemTotal:        3983204 kB
MemFree:          254556 kB
MemAvailable:     636572 kB
Buffers:           15320 kB
Cached:           539044 kB
SwapCached:        23680 kB
Active:          2017432 kB
Inactive:        1083304 kB
Active(anon):    1729248 kB
Inactive(anon):   833376 kB
Active(file):     288184 kB
Inactive(file):   249928 kB
Unevictable:           0 kB
Mlocked:               0 kB
SwapTotal:       1533028 kB
SwapFree:         340948 kB
Dirty:             10872 kB
Writeback:             0 kB
AnonPages:       2526724 kB
Mapped:           198932 kB
Shmem:             16352 kB
KReclaimable:      96408 kB
Slab:             201792 kB
SReclaimable:      96408 kB
SUnreclaim:       105384 kB
KernelStack:       14868 kB
PageTables:        28300 kB
NFS_Unstable:          0 kB
Bounce:                0 kB
WritebackTmp:          0 kB
CommitLimit:     3524628 kB
Committed_AS:    6535956 kB
VmallocTotal:   34359738367 kB
VmallocUsed:       76024 kB
VmallocChunk:          0 kB
Percpu:           107520 kB
HardwareCorrupted:     0 kB
AnonHugePages:         0 kB
ShmemHugePages:        0 kB
ShmemPmdMapped:        0 kB
FileHugePages:         0 kB
FilePmdMapped:         0 kB
HugePages_Total:       0
HugePages_Free:        0
HugePages_Rsvd:        0
HugePages_Surp:        0
Hugepagesize:       2048 kB
Hugetlb:               0 kB
DirectMap4k:      333632 kB
DirectMap2M:     2811904 kB
DirectMap1G:     3145728 kB

/sys/kernel/mm/transparent_hugepage/enabled:
always [madvise] never
/sys/kernel/mm/transparent_hugepage/defrag (defrag/compaction efforts parameter):
always defer defer+madvise [madvise] never

Process Memory:
Virtual Size: 3681720K (peak: 12380444K)
Resident Set Size: 91488K (peak: 91488K) (anon: 37232K, file: 54256K, shmem: 0K)
Swapped out: 0K
C-Heap outstanding allocations: 15212K, retained: 2423K
glibc malloc tunables: (default)

/proc/sys/kernel/threads-max (system-wide limit on the number of threads):
30485
/proc/sys/vm/max_map_count (maximum number of memory map areas a process may have):
65530
/proc/sys/kernel/pid_max (system-wide limit on number of process identifiers):
4194304

container (cgroup) information:
container_type: cgroupv1
cpu_cpuset_cpus: 0-1
cpu_memory_nodes: 0
active_processor_count: 2
cpu_quota: no quota
cpu_period: 100000
cpu_shares: no shares
memory_limit_in_bytes: unlimited
memory_and_swap_limit_in_bytes: unlimited
memory_soft_limit_in_bytes: unlimited
memory_usage_in_bytes: 2877296 k
memory_max_usage_in_bytes: 3172332 k
kernel_memory_usage_in_bytes: 71156 k
kernel_memory_max_usage_in_bytes: unlimited
kernel_memory_limit_in_bytes: 78496 k
maximum number of tasks: unlimited
current number of tasks: 523

VMWare virtualization detected
Steal ticks since vm start: 0
Steal ticks percentage since vm start:  0.000

CPU:total 2 (initial active 2) (1 cores per cpu, 1 threads per core) family 6 model 140 stepping 1 microcode 0xffffffff, cmov, cx8, fxsr, mmx, sse, sse2, sse3, ssse3, sse4.1, sse4.2, popcnt, avx, avx2, aes, clmul, erms, 3dnowpref, lzcnt, tsc, tscinvbit, bmi1, bmi2, adx, evex, sha, fma
CPU Model and flags from /proc/cpuinfo:
model name	: 11th Gen Intel(R) Core(TM) i7-1165G7 @ 2.80GHz
flags		: fpu vme de pse tsc msr pae mce cx8 apic sep mtrr pge mca cmov pat pse36 clflush mmx fxsr sse sse2 ss syscall nx pdpe1gb rdtscp lm constant_tsc arch_perfmon rep_good nopl xtopology tsc_reliable nonstop_tsc cpuid tsc_known_freq pni pclmulqdq ssse3 fma cx16 pcid sse4_1 sse4_2 x2apic movbe popcnt tsc_deadline_timer aes xsave avx f16c rdrand hypervisor lahf_lm abm 3dnowprefetch invpcid_single pti ssbd ibrs ibpb stibp fsgsbase tsc_adjust bmi1 avx2 smep bmi2 erms invpcid avx512f avx512dq rdseed adx smap avx512ifma clflushopt clwb avx512cd sha_ni avx512bw avx512vl xsaveopt xsavec xgetbv1 xsaves arat avx512vbmi umip avx512_vbmi2 gfni vaes vpclmulqdq avx512_vnni avx512_bitalg avx512_vpopcntdq rdpid fsrm avx512_vp2intersect flush_l1d arch_capabilities
Online cpus:
0-1
Offline cpus:
2-127
BIOS frequency limitation:
<Not Available>
Frequency switch latency (ns):
<Not Available>
Available cpu frequencies:
<Not Available>
Current governor:
<Not Available>
Core performance/turbo boost:
<Not Available>

Memory: 4k page, physical 3983204k(254556k free), swap 1533028k(340948k free)

vm_info: OpenJDK 64-Bit Server VM (11.0.19+7-post-Ubuntu-0ubuntu120.04.1) for linux-amd64 JRE (11.0.19+7-post-Ubuntu-0ubuntu120.04.1), built on May 10 2023 00:55:26 by "unknown" with gcc 9.4.0

END.
