#
# A fatal error has been detected by the Java Runtime Environment:
#
#  SIGSEGV (0xb) at pc=0x00007effca154ae4, pid=15800, tid=15802
#
# JRE version: OpenJDK Runtime Environment (11.0.19+7) (build 11.0.19+7-post-Ubuntu-0ubuntu122.04.1)
# Java VM: OpenJDK 64-Bit Server VM (11.0.19+7-post-Ubuntu-0ubuntu122.04.1, mixed mode, sharing, tiered, compressed oops, g1 gc, linux-amd64)
# Problematic frame:
# C  [libLLVM-13.so+0xd54ae4]  llvm::PointerType::get(llvm::Type*, unsigned int)+0x14
#
# Core dump will be written. Default location: Core dumps may be processed with "/usr/share/apport/apport -p%p -s%s -c%c -d%d -P%P -u%u -g%g -- %E" (or dumping to /home/doudou/lab/Lab/core.15800)
#
# If you would like to submit a bug report, please visit:
#   https://bugs.launchpad.net/ubuntu/+source/openjdk-lts
# The crash happened outside the Java Virtual Machine in native code.
# See problematic frame for where to report the bug.
#

---------------  S U M M A R Y ------------

Command Line: -javaagent:/snap/intellij-idea-ultimate/437/lib/idea_rt.jar=36185:/snap/intellij-idea-ultimate/437/bin -Dfile.encoding=UTF-8 Main /home/doudou/lab/Lab/tests/test1.sysy /home/doudou/lab/Lab/tests/out.txt

Host: 11th Gen Intel(R) Core(TM) i7-1165G7 @ 2.80GHz, 2 cores, 3G, Ubuntu 22.04.2 LTS
Time: Tue Jun 27 19:57:55 2023 CST elapsed time: 1.275574 seconds (0d 0h 0m 1s)

---------------  T H R E A D  ---------------

Current thread (0x00007f002c016800):  JavaThread "main" [_thread_in_native, id=15802, stack(0x00007f0032300000,0x00007f0032400000)]

Stack: [0x00007f0032300000,0x00007f0032400000],  sp=0x00007f00323fdd50,  free space=1015k
Native frames: (J=compiled Java code, A=aot compiled Java code, j=interpreted, Vv=VM code, C=native code)
C  [libLLVM-13.so+0xd54ae4]  llvm::PointerType::get(llvm::Type*, unsigned int)+0x14

Java frames: (J=compiled Java code, j=interpreted, Vv=VM code)
j  org.bytedeco.llvm.global.LLVM.LLVMBuildInBoundsGEP(Lorg/bytedeco/llvm/LLVM/LLVMBuilderRef;Lorg/bytedeco/llvm/LLVM/LLVMValueRef;Lorg/bytedeco/javacpp/PointerPointer;ILjava/lang/String;)Lorg/bytedeco/llvm/LLVM/LLVMValueRef;+0
j  SysYLlvmVisitor.visitExp(LSysYParser$ExpContext;)Lorg/bytedeco/llvm/LLVM/LLVMValueRef;+283
j  SysYLlvmVisitor.visitStmt(LSysYParser$StmtContext;)Lorg/bytedeco/llvm/LLVM/LLVMValueRef;+21
j  SysYLlvmVisitor.visitStmt(LSysYParser$StmtContext;)Ljava/lang/Object;+2
j  SysYParser$StmtContext.accept(Lorg/antlr/v4/runtime/tree/ParseTreeVisitor;)Ljava/lang/Object;+12
j  org.antlr.v4.runtime.tree.AbstractParseTreeVisitor.visitChildren(Lorg/antlr/v4/runtime/tree/RuleNode;)Ljava/lang/Object;+46
j  SysYParserBaseVisitor.visitBlockItem(LSysYParser$BlockItemContext;)Ljava/lang/Object;+2
j  SysYParser$BlockItemContext.accept(Lorg/antlr/v4/runtime/tree/ParseTreeVisitor;)Ljava/lang/Object;+12
j  org.antlr.v4.runtime.tree.AbstractParseTreeVisitor.visitChildren(Lorg/antlr/v4/runtime/tree/RuleNode;)Ljava/lang/Object;+46
j  SysYParserBaseVisitor.visitBlock(LSysYParser$BlockContext;)Ljava/lang/Object;+2
j  SysYParser$BlockContext.accept(Lorg/antlr/v4/runtime/tree/ParseTreeVisitor;)Ljava/lang/Object;+12
j  org.antlr.v4.runtime.tree.AbstractParseTreeVisitor.visit(Lorg/antlr/v4/runtime/tree/ParseTree;)Ljava/lang/Object;+2
j  SysYLlvmVisitor.visitFuncDef(LSysYParser$FuncDefContext;)Lorg/bytedeco/llvm/LLVM/LLVMValueRef;+552
j  SysYLlvmVisitor.visitCompUnit(LSysYParser$CompUnitContext;)Lorg/bytedeco/llvm/LLVM/LLVMValueRef;+893
j  SysYLlvmVisitor.visitCompUnit(LSysYParser$CompUnitContext;)Ljava/lang/Object;+2
j  SysYParser$CompUnitContext.accept(Lorg/antlr/v4/runtime/tree/ParseTreeVisitor;)Ljava/lang/Object;+12
j  org.antlr.v4.runtime.tree.AbstractParseTreeVisitor.visitChildren(Lorg/antlr/v4/runtime/tree/RuleNode;)Ljava/lang/Object;+46
j  SysYParserBaseVisitor.visitProgram(LSysYParser$ProgramContext;)Ljava/lang/Object;+2
j  SysYParser$ProgramContext.accept(Lorg/antlr/v4/runtime/tree/ParseTreeVisitor;)Ljava/lang/Object;+12
j  org.antlr.v4.runtime.tree.AbstractParseTreeVisitor.visit(Lorg/antlr/v4/runtime/tree/ParseTree;)Ljava/lang/Object;+2
j  Main.main([Ljava/lang/String;)V+218
v  ~StubRoutines::call_stub

siginfo: si_signo: 11 (SIGSEGV), si_code: 1 (SEGV_MAPERR), si_addr: 0x0000000000000000

Register to memory mapping:

RAX=0x0 is NULL
RBX=0x0 is NULL
RCX=0x00007f002c394c20 points into unknown readable memory: 0x00007f002c37c6c0 | c0 c6 37 2c 00 7f 00 00
RDX=0x000000000000000d is an unknown value
RSP=0x00007f00323fdd50 is pointing into the stack for thread: 0x00007f002c016800
RBP=0x00007f002c39d380 points into unknown readable memory: 0x00007f002c394c20 | 20 4c 39 2c 00 7f 00 00
RSI=0x0 is NULL
RDI=0x0 is NULL
R8 =0x0 is NULL
R9 =0x0000000000000002 is an unknown value
R10=0x00007effc9454fd0: <offset 0x0000000000054fd0> in /home/doudou/.javacpp/cache/llvm-13.0.1-1.5.7-linux-x86_64.jar/org/bytedeco/llvm/linux-x86_64/libLLVM-13.so at 0x00007effc9400000
R11=0x00007effca02d210: LLVMBuildInBoundsGEP+0x0000000000000000 in /home/doudou/.javacpp/cache/llvm-13.0.1-1.5.7-linux-x86_64.jar/org/bytedeco/llvm/linux-x86_64/libLLVM-13.so at 0x00007effc9400000
R12=0x0 is NULL
R13=0x00007f002c39d9e0 points into unknown readable memory: 0x00007f002c393ee0 | e0 3e 39 2c 00 7f 00 00
R14=0x0000000000000002 is an unknown value
R15=0x00007f002c394ba0 points into unknown readable memory: 0x00007f002c37c6c0 | c0 c6 37 2c 00 7f 00 00


Registers:
RAX=0x0000000000000000, RBX=0x0000000000000000, RCX=0x00007f002c394c20, RDX=0x000000000000000d
RSP=0x00007f00323fdd50, RBP=0x00007f002c39d380, RSI=0x0000000000000000, RDI=0x0000000000000000
R8 =0x0000000000000000, R9 =0x0000000000000002, R10=0x00007effc9454fd0, R11=0x00007effca02d210
R12=0x0000000000000000, R13=0x00007f002c39d9e0, R14=0x0000000000000002, R15=0x00007f002c394ba0
RIP=0x00007effca154ae4, EFLAGS=0x0000000000010206, CSGSFS=0x002b000000000033, ERR=0x0000000000000004
  TRAPNO=0x000000000000000e

Top of Stack: (sp=0x00007f00323fdd50)
0x00007f00323fdd50:   0000000000000000 0000000000000000
0x00007f00323fdd60:   00000000000000b0 0000000000000003
0x00007f00323fdd70:   00007f00323fdf70 00007f002c36bff0
0x00007f00323fdd80:   00007f002c39d380 00007f002c38f430 

Instructions: (pc=0x00007effca154ae4)
0x00007effca1549e4:   00 e0 ff ff 75 07 48 85 c9 49 0f 44 c8 45 01 d1
0x00007effca1549f4:   45 8d 5a 01 41 21 f9 45 89 c8 49 c1 e0 04 49 01
0x00007effca154a04:   c0 49 8b 10 48 85 d2 0f 85 85 00 00 00 4c 89 c0
0x00007effca154a14:   e9 e7 f6 ff ff 8b 83 f8 08 00 00 8d 48 01 48 85
0x00007effca154a24:   ff 0f 84 fc f6 ff ff 48 8b 07 48 89 fa e9 57 f2
0x00007effca154a34:   ff ff 48 85 ff 75 0b 48 81 f9 00 e0 ff ff 49 0f
0x00007effca154a44:   44 f8 45 01 d1 45 8d 5a 01 41 21 d1 45 89 c8 49
0x00007effca154a54:   c1 e0 04 49 01 c0 49 8b 08 48 85 c9 74 af 45 89
0x00007effca154a64:   da e9 3f fc ff ff 48 81 ff 00 e0 ff ff 0f 85 a4
0x00007effca154a74:   f7 ff ff 83 7a 08 fe 0f 85 9a f7 ff ff 4d 85 c0
0x00007effca154a84:   4c 0f 44 c2 e9 8e f7 ff ff 89 54 24 08 e9 ee fd
0x00007effca154a94:   ff ff 45 89 da e9 42 fe ff ff 48 81 fe 00 e0 ff
0x00007effca154aa4:   ff 0f 85 51 fa ff ff 83 7a 08 fe 0f 85 47 fa ff
0x00007effca154ab4:   ff 48 85 ff 48 0f 44 fa e9 3b fa ff ff e9 c7 42
0x00007effca154ac4:   bd ff 66 2e 0f 1f 84 00 00 00 00 00 41 57 41 56
0x00007effca154ad4:   41 55 41 54 41 89 f4 55 53 48 89 fb 48 83 ec 28
0x00007effca154ae4:   48 8b 3f 48 8b 2f 80 bd d0 08 00 00 00 75 7d 80
0x00007effca154af4:   7b 08 0f 75 07 48 83 7b 18 00 74 70 45 85 e4 0f
0x00007effca154b04:   85 87 00 00 00 44 8b bd e8 08 00 00 4c 8b ad d8
0x00007effca154b14:   08 00 00 45 85 ff 0f 84 50 01 00 00 41 89 de 89
0x00007effca154b24:   d8 45 8d 47 ff c1 e8 09 41 c1 ee 04 41 31 c6 44
0x00007effca154b34:   89 f7 44 21 c7 89 f8 48 c1 e0 04 49 8d 54 05 00
0x00007effca154b44:   48 8b 32 48 39 de 0f 85 70 07 00 00 48 8b 42 08
0x00007effca154b54:   4c 8d 72 08 48 85 c0 0f 84 b4 02 00 00 48 83 c4
0x00007effca154b64:   28 5b 5d 41 5c 41 5d 41 5e 41 5f c3 48 83 c4 28
0x00007effca154b74:   44 89 e6 5b 5d 41 5c 41 5d 41 5e 41 5f e9 ba ef
0x00007effca154b84:   ff ff 66 2e 0f 1f 84 00 00 00 00 00 44 8b bd 00
0x00007effca154b94:   09 00 00 4c 8b ad f0 08 00 00 45 85 ff 0f 84 51
0x00007effca154ba4:   03 00 00 89 d8 89 da 41 8d 77 ff 41 b8 01 00 00
0x00007effca154bb4:   00 c1 ea 09 c1 e8 04 89 f7 31 d0 43 8d 14 e4 41
0x00007effca154bc4:   8d 14 94 48 c1 e0 20 48 09 d0 48 c1 e2 20 48 83
0x00007effca154bd4:   e8 01 48 29 d0 48 89 c2 48 c1 ea 16 48 31 d0 48 


Stack slot to memory mapping:
stack at sp + 0 slots: 0x0 is NULL
stack at sp + 1 slots: 0x0 is NULL
stack at sp + 2 slots: 0x00000000000000b0 is an unknown value
stack at sp + 3 slots: 0x0000000000000003 is an unknown value
stack at sp + 4 slots: 0x00007f00323fdf70 is pointing into the stack for thread: 0x00007f002c016800
stack at sp + 5 slots: 0x00007f002c36bff0 points into unknown readable memory: 0x00007f002c36c000 | 00 c0 36 2c 00 7f 00 00
stack at sp + 6 slots: 0x00007f002c39d380 points into unknown readable memory: 0x00007f002c394c20 | 20 4c 39 2c 00 7f 00 00
stack at sp + 7 slots: 0x00007f002c38f430 points into unknown readable memory: 0x6c6c2f6568636163 | 63 61 63 68 65 2f 6c 6c


---------------  P R O C E S S  ---------------

Threads class SMR info:
_java_thread_list=0x00007effe8000c40, length=12, elements={
0x00007f002c016800, 0x00007f002c120000, 0x00007f002c122000, 0x00007f002c128800,
0x00007f002c12a800, 0x00007f002c12c800, 0x00007f002c12f000, 0x00007f002c131000,
0x00007f002c13f000, 0x00007f002c1e4800, 0x00007f002c1ff800, 0x00007effe8001000
}

Java Threads: ( => current thread )
=>0x00007f002c016800 JavaThread "main" [_thread_in_native, id=15802, stack(0x00007f0032300000,0x00007f0032400000)]
  0x00007f002c120000 JavaThread "Reference Handler" daemon [_thread_blocked, id=15817, stack(0x00007f0014500000,0x00007f0014600000)]
  0x00007f002c122000 JavaThread "Finalizer" daemon [_thread_blocked, id=15818, stack(0x00007f0014400000,0x00007f0014500000)]
  0x00007f002c128800 JavaThread "Signal Dispatcher" daemon [_thread_blocked, id=15824, stack(0x00007f0014300000,0x00007f0014400000)]
  0x00007f002c12a800 JavaThread "Service Thread" daemon [_thread_blocked, id=15825, stack(0x00007f0014200000,0x00007f0014300000)]
  0x00007f002c12c800 JavaThread "C2 CompilerThread0" daemon [_thread_blocked, id=15826, stack(0x00007f0014100000,0x00007f0014200000)]
  0x00007f002c12f000 JavaThread "C1 CompilerThread0" daemon [_thread_blocked, id=15827, stack(0x00007f0014000000,0x00007f0014100000)]
  0x00007f002c131000 JavaThread "Sweeper thread" daemon [_thread_blocked, id=15828, stack(0x00007f000c7b8000,0x00007f000c8b8000)]
  0x00007f002c13f000 JavaThread "Common-Cleaner" daemon [_thread_blocked, id=15831, stack(0x00007f000c6b8000,0x00007f000c7b8000)]
  0x00007f002c1e4800 JavaThread "Monitor Ctrl-Break" daemon [_thread_in_native, id=15832, stack(0x00007f000c5b8000,0x00007f000c6b8000)]
  0x00007f002c1ff800 JavaThread "JavaCPP Deallocator" daemon [_thread_blocked, id=15834, stack(0x00007f000c3b6000,0x00007f000c4b6000)]
  0x00007effe8001000 JavaThread "Attach Listener" daemon [_thread_in_Java, id=15836, stack(0x00007f000c1b4000,0x00007f000c2b4000)]

Other Threads:
  0x00007f002c11d000 VMThread "VM Thread" [stack: 0x00007f002be7f000,0x00007f002bf7f000] [id=15814]
  0x00007f002c1e6000 WatcherThread [stack: 0x00007f000c4b8000,0x00007f000c5b8000] [id=15833]
  0x00007f002c02f800 GCTaskThread "GC Thread#0" [stack: 0x00007f0031d2a000,0x00007f0031e2a000] [id=15805]
  0x00007efffc001000 GCTaskThread "GC Thread#1" [stack: 0x00007f000c2b6000,0x00007f000c3b6000] [id=15835]
  0x00007f002c04a800 ConcurrentGCThread "G1 Main Marker" [stack: 0x00007f0030523000,0x00007f0030623000] [id=15807]
  0x00007f002c04c800 ConcurrentGCThread "G1 Conc#0" [stack: 0x00007f0030421000,0x00007f0030521000] [id=15808]
  0x00007f002c087800 ConcurrentGCThread "G1 Refine#0" [stack: 0x00007f003011d000,0x00007f003021d000] [id=15811]
  0x00007f002c089800 ConcurrentGCThread "G1 Young RemSet Sampling" [stack: 0x00007f003001b000,0x00007f003011b000] [id=15812]

Threads with active compile tasks:
C2 CompilerThread0     1315  786       4       java.util.concurrent.ConcurrentHashMap::get (162 bytes)

VM state:not at safepoint (normal execution)

VM Mutex/Monitor currently owned by a thread: None

Heap address: 0x00000000c2e00000, size: 978 MB, Compressed Oops mode: 32-bit
Narrow klass base: 0x0000000800000000, Narrow klass shift: 3
Compressed class space size: 1073741824 Address: 0x0000000840000000

Heap:
 garbage-first heap   total 65536K, used 6448K [0x00000000c2e00000, 0x0000000100000000)
  region size 1024K, 6 young (6144K), 1 survivors (1024K)
 Metaspace       used 4127K, capacity 6634K, committed 6912K, reserved 1056768K
  class space    used 446K, capacity 700K, committed 768K, reserved 1048576K
Heap Regions: E=young(eden), S=young(survivor), O=old, HS=humongous(starts), HC=humongous(continues), CS=collection set, F=free, A=archive, TAMS=top-at-mark-start (previous, next)
|   0|0x00000000c2e00000, 0x00000000c2e9a200, 0x00000000c2f00000| 60%| O|  |TAMS 0x00000000c2e00000, 0x00000000c2e00000| Untracked 
|   1|0x00000000c2f00000, 0x00000000c2f00000, 0x00000000c3000000|  0%| F|  |TAMS 0x00000000c2f00000, 0x00000000c2f00000| Untracked 
|   2|0x00000000c3000000, 0x00000000c3000000, 0x00000000c3100000|  0%| F|  |TAMS 0x00000000c3000000, 0x00000000c3000000| Untracked 
|   3|0x00000000c3100000, 0x00000000c3100000, 0x00000000c3200000|  0%| F|  |TAMS 0x00000000c3100000, 0x00000000c3100000| Untracked 
|   4|0x00000000c3200000, 0x00000000c3200000, 0x00000000c3300000|  0%| F|  |TAMS 0x00000000c3200000, 0x00000000c3200000| Untracked 
|   5|0x00000000c3300000, 0x00000000c3300000, 0x00000000c3400000|  0%| F|  |TAMS 0x00000000c3300000, 0x00000000c3300000| Untracked 
|   6|0x00000000c3400000, 0x00000000c3400000, 0x00000000c3500000|  0%| F|  |TAMS 0x00000000c3400000, 0x00000000c3400000| Untracked 
|   7|0x00000000c3500000, 0x00000000c3500000, 0x00000000c3600000|  0%| F|  |TAMS 0x00000000c3500000, 0x00000000c3500000| Untracked 
|   8|0x00000000c3600000, 0x00000000c3600000, 0x00000000c3700000|  0%| F|  |TAMS 0x00000000c3600000, 0x00000000c3600000| Untracked 
|   9|0x00000000c3700000, 0x00000000c3700000, 0x00000000c3800000|  0%| F|  |TAMS 0x00000000c3700000, 0x00000000c3700000| Untracked 
|  10|0x00000000c3800000, 0x00000000c3800000, 0x00000000c3900000|  0%| F|  |TAMS 0x00000000c3800000, 0x00000000c3800000| Untracked 
|  11|0x00000000c3900000, 0x00000000c3900000, 0x00000000c3a00000|  0%| F|  |TAMS 0x00000000c3900000, 0x00000000c3900000| Untracked 
|  12|0x00000000c3a00000, 0x00000000c3a00000, 0x00000000c3b00000|  0%| F|  |TAMS 0x00000000c3a00000, 0x00000000c3a00000| Untracked 
|  13|0x00000000c3b00000, 0x00000000c3b00000, 0x00000000c3c00000|  0%| F|  |TAMS 0x00000000c3b00000, 0x00000000c3b00000| Untracked 
|  14|0x00000000c3c00000, 0x00000000c3c00000, 0x00000000c3d00000|  0%| F|  |TAMS 0x00000000c3c00000, 0x00000000c3c00000| Untracked 
|  15|0x00000000c3d00000, 0x00000000c3d00000, 0x00000000c3e00000|  0%| F|  |TAMS 0x00000000c3d00000, 0x00000000c3d00000| Untracked 
|  16|0x00000000c3e00000, 0x00000000c3e00000, 0x00000000c3f00000|  0%| F|  |TAMS 0x00000000c3e00000, 0x00000000c3e00000| Untracked 
|  17|0x00000000c3f00000, 0x00000000c3f00000, 0x00000000c4000000|  0%| F|  |TAMS 0x00000000c3f00000, 0x00000000c3f00000| Untracked 
|  18|0x00000000c4000000, 0x00000000c4000000, 0x00000000c4100000|  0%| F|  |TAMS 0x00000000c4000000, 0x00000000c4000000| Untracked 
|  19|0x00000000c4100000, 0x00000000c4100000, 0x00000000c4200000|  0%| F|  |TAMS 0x00000000c4100000, 0x00000000c4100000| Untracked 
|  20|0x00000000c4200000, 0x00000000c4200000, 0x00000000c4300000|  0%| F|  |TAMS 0x00000000c4200000, 0x00000000c4200000| Untracked 
|  21|0x00000000c4300000, 0x00000000c4300000, 0x00000000c4400000|  0%| F|  |TAMS 0x00000000c4300000, 0x00000000c4300000| Untracked 
|  22|0x00000000c4400000, 0x00000000c4400000, 0x00000000c4500000|  0%| F|  |TAMS 0x00000000c4400000, 0x00000000c4400000| Untracked 
|  23|0x00000000c4500000, 0x00000000c4500000, 0x00000000c4600000|  0%| F|  |TAMS 0x00000000c4500000, 0x00000000c4500000| Untracked 
|  24|0x00000000c4600000, 0x00000000c4600000, 0x00000000c4700000|  0%| F|  |TAMS 0x00000000c4600000, 0x00000000c4600000| Untracked 
|  25|0x00000000c4700000, 0x00000000c4700000, 0x00000000c4800000|  0%| F|  |TAMS 0x00000000c4700000, 0x00000000c4700000| Untracked 
|  26|0x00000000c4800000, 0x00000000c4800000, 0x00000000c4900000|  0%| F|  |TAMS 0x00000000c4800000, 0x00000000c4800000| Untracked 
|  27|0x00000000c4900000, 0x00000000c4900000, 0x00000000c4a00000|  0%| F|  |TAMS 0x00000000c4900000, 0x00000000c4900000| Untracked 
|  28|0x00000000c4a00000, 0x00000000c4a00000, 0x00000000c4b00000|  0%| F|  |TAMS 0x00000000c4a00000, 0x00000000c4a00000| Untracked 
|  29|0x00000000c4b00000, 0x00000000c4b00000, 0x00000000c4c00000|  0%| F|  |TAMS 0x00000000c4b00000, 0x00000000c4b00000| Untracked 
|  30|0x00000000c4c00000, 0x00000000c4c00000, 0x00000000c4d00000|  0%| F|  |TAMS 0x00000000c4c00000, 0x00000000c4c00000| Untracked 
|  31|0x00000000c4d00000, 0x00000000c4d00000, 0x00000000c4e00000|  0%| F|  |TAMS 0x00000000c4d00000, 0x00000000c4d00000| Untracked 
|  32|0x00000000c4e00000, 0x00000000c4e00000, 0x00000000c4f00000|  0%| F|  |TAMS 0x00000000c4e00000, 0x00000000c4e00000| Untracked 
|  33|0x00000000c4f00000, 0x00000000c4f00000, 0x00000000c5000000|  0%| F|  |TAMS 0x00000000c4f00000, 0x00000000c4f00000| Untracked 
|  34|0x00000000c5000000, 0x00000000c5000000, 0x00000000c5100000|  0%| F|  |TAMS 0x00000000c5000000, 0x00000000c5000000| Untracked 
|  35|0x00000000c5100000, 0x00000000c5100000, 0x00000000c5200000|  0%| F|  |TAMS 0x00000000c5100000, 0x00000000c5100000| Untracked 
|  36|0x00000000c5200000, 0x00000000c5200000, 0x00000000c5300000|  0%| F|  |TAMS 0x00000000c5200000, 0x00000000c5200000| Untracked 
|  37|0x00000000c5300000, 0x00000000c5300000, 0x00000000c5400000|  0%| F|  |TAMS 0x00000000c5300000, 0x00000000c5300000| Untracked 
|  38|0x00000000c5400000, 0x00000000c5400000, 0x00000000c5500000|  0%| F|  |TAMS 0x00000000c5400000, 0x00000000c5400000| Untracked 
|  39|0x00000000c5500000, 0x00000000c5500000, 0x00000000c5600000|  0%| F|  |TAMS 0x00000000c5500000, 0x00000000c5500000| Untracked 
|  40|0x00000000c5600000, 0x00000000c5600000, 0x00000000c5700000|  0%| F|  |TAMS 0x00000000c5600000, 0x00000000c5600000| Untracked 
|  41|0x00000000c5700000, 0x00000000c5700000, 0x00000000c5800000|  0%| F|  |TAMS 0x00000000c5700000, 0x00000000c5700000| Untracked 
|  42|0x00000000c5800000, 0x00000000c5800000, 0x00000000c5900000|  0%| F|  |TAMS 0x00000000c5800000, 0x00000000c5800000| Untracked 
|  43|0x00000000c5900000, 0x00000000c5900000, 0x00000000c5a00000|  0%| F|  |TAMS 0x00000000c5900000, 0x00000000c5900000| Untracked 
|  44|0x00000000c5a00000, 0x00000000c5a00000, 0x00000000c5b00000|  0%| F|  |TAMS 0x00000000c5a00000, 0x00000000c5a00000| Untracked 
|  45|0x00000000c5b00000, 0x00000000c5b00000, 0x00000000c5c00000|  0%| F|  |TAMS 0x00000000c5b00000, 0x00000000c5b00000| Untracked 
|  46|0x00000000c5c00000, 0x00000000c5c00000, 0x00000000c5d00000|  0%| F|  |TAMS 0x00000000c5c00000, 0x00000000c5c00000| Untracked 
|  47|0x00000000c5d00000, 0x00000000c5d00000, 0x00000000c5e00000|  0%| F|  |TAMS 0x00000000c5d00000, 0x00000000c5d00000| Untracked 
|  48|0x00000000c5e00000, 0x00000000c5e00000, 0x00000000c5f00000|  0%| F|  |TAMS 0x00000000c5e00000, 0x00000000c5e00000| Untracked 
|  49|0x00000000c5f00000, 0x00000000c5f00000, 0x00000000c6000000|  0%| F|  |TAMS 0x00000000c5f00000, 0x00000000c5f00000| Untracked 
|  50|0x00000000c6000000, 0x00000000c6000000, 0x00000000c6100000|  0%| F|  |TAMS 0x00000000c6000000, 0x00000000c6000000| Untracked 
|  51|0x00000000c6100000, 0x00000000c6100000, 0x00000000c6200000|  0%| F|  |TAMS 0x00000000c6100000, 0x00000000c6100000| Untracked 
|  52|0x00000000c6200000, 0x00000000c6200000, 0x00000000c6300000|  0%| F|  |TAMS 0x00000000c6200000, 0x00000000c6200000| Untracked 
|  53|0x00000000c6300000, 0x00000000c6300000, 0x00000000c6400000|  0%| F|  |TAMS 0x00000000c6300000, 0x00000000c6300000| Untracked 
|  54|0x00000000c6400000, 0x00000000c6500000, 0x00000000c6500000|100%| S|CS|TAMS 0x00000000c6400000, 0x00000000c6400000| Complete 
|  55|0x00000000c6500000, 0x00000000c6500000, 0x00000000c6600000|  0%| F|  |TAMS 0x00000000c6500000, 0x00000000c6500000| Untracked 
|  56|0x00000000c6600000, 0x00000000c6600000, 0x00000000c6700000|  0%| F|  |TAMS 0x00000000c6600000, 0x00000000c6600000| Untracked 
|  57|0x00000000c6700000, 0x00000000c67682c8, 0x00000000c6800000| 40%| E|  |TAMS 0x00000000c6700000, 0x00000000c6700000| Complete 
|  58|0x00000000c6800000, 0x00000000c6900000, 0x00000000c6900000|100%| E|CS|TAMS 0x00000000c6800000, 0x00000000c6800000| Complete 
|  59|0x00000000c6900000, 0x00000000c6a00000, 0x00000000c6a00000|100%| E|CS|TAMS 0x00000000c6900000, 0x00000000c6900000| Complete 
|  60|0x00000000c6a00000, 0x00000000c6b00000, 0x00000000c6b00000|100%| E|CS|TAMS 0x00000000c6a00000, 0x00000000c6a00000| Complete 
|  61|0x00000000c6b00000, 0x00000000c6c00000, 0x00000000c6c00000|100%| E|CS|TAMS 0x00000000c6b00000, 0x00000000c6b00000| Complete 
| 976|0x00000000ffe00000, 0x00000000ffe47000, 0x00000000fff00000| 27%|OA|  |TAMS 0x00000000ffe00000, 0x00000000ffe00000| Untracked 
| 977|0x00000000fff00000, 0x00000000fff6b000, 0x0000000100000000| 41%|CA|  |TAMS 0x00000000fff00000, 0x00000000fff00000| Untracked 

Card table byte_map: [0x00007f0031754000,0x00007f003193d000] _byte_map_base: 0x00007f003113d000

Marking Bits (Prev, Next): (CMBitMap*) 0x00007f002c045b88, (CMBitMap*) 0x00007f002c045bc0
 Prev Bits: [0x00007f0030623000, 0x00007f003156b000)
 Next Bits: [0x00007f000f0b8000, 0x00007f0010000000)

Polling page: 0x00007f0033a5c000

Metaspace:

Usage:
  Non-class:      5.80 MB capacity,     3.64 MB ( 63%) used,     2.15 MB ( 37%) free+waste,     7.62 KB ( <1%) overhead. 
      Class:    701.00 KB capacity,   449.91 KB ( 64%) used,   247.03 KB ( 35%) free+waste,     4.06 KB ( <1%) overhead. 
       Both:      6.48 MB capacity,     4.08 MB ( 63%) used,     2.39 MB ( 37%) free+waste,    11.69 KB ( <1%) overhead. 

Virtual space:
  Non-class space:        8.00 MB reserved,       6.00 MB ( 75%) committed 
      Class space:        1.00 GB reserved,     768.00 KB ( <1%) committed 
             Both:        1.01 GB reserved,       6.75 MB ( <1%) committed 

Chunk freelists:
   Non-Class:  0 bytes
       Class:  3.00 KB
        Both:  3.00 KB

MaxMetaspaceSize: unlimited
CompressedClassSpaceSize: 1.00 GB
Initial GC threshold: 20.80 MB
Current GC threshold: 20.80 MB
CDS: on

CodeHeap 'non-profiled nmethods': size=120036Kb used=231Kb max_used=231Kb free=119804Kb
 bounds [0x00007f001c0c7000, 0x00007f001c337000, 0x00007f0023600000]
CodeHeap 'profiled nmethods': size=120032Kb used=1444Kb max_used=1444Kb free=118587Kb
 bounds [0x00007f0014b8f000, 0x00007f0014dff000, 0x00007f001c0c7000]
CodeHeap 'non-nmethods': size=5692Kb used=1166Kb max_used=1173Kb free=4525Kb
 bounds [0x00007f0014600000, 0x00007f0014870000, 0x00007f0014b8f000]
 total_blobs=1209 nmethods=795 adapters=327
 compilation: enabled
              stopped_count=0, restarted_count=0
 full_count=0

Compilation events (20 events):
Event: 1.257 Thread 0x00007f002c12f000  737       3       jdk.internal.org.objectweb.asm.ClassWriter::newStringishItem (68 bytes)
Event: 1.257 Thread 0x00007f002c12f000 nmethod 737 0x00007f0014cdb610 code [0x00007f0014cdb820, 0x00007f0014cdbbb0]
Event: 1.258 Thread 0x00007f002c12f000  748       1       java.lang.invoke.LambdaForm$BasicType::basicTypeClass (5 bytes)
Event: 1.258 Thread 0x00007f002c12f000 nmethod 748 0x00007f001c0fce10 code [0x00007f001c0fcfc0, 0x00007f001c0fd090]
Event: 1.258 Thread 0x00007f002c12f000  752       3       java.lang.invoke.LambdaForm$Name::<init> (54 bytes)
Event: 1.258 Thread 0x00007f002c12f000 nmethod 752 0x00007f0014cdbd90 code [0x00007f0014cdbf60, 0x00007f0014cdc230]
Event: 1.258 Thread 0x00007f002c12f000  754       3       jdk.internal.org.objectweb.asm.MethodWriter::visitVarInsn (300 bytes)
Event: 1.259 Thread 0x00007f002c12f000 nmethod 754 0x00007f0014cdc310 code [0x00007f0014cdc580, 0x00007f0014cdcf80]
Event: 1.259 Thread 0x00007f002c12f000  755       3       jdk.internal.org.objectweb.asm.Frame::execute (2264 bytes)
Event: 1.262 Thread 0x00007f002c12f000 nmethod 755 0x00007f0014cdd290 code [0x00007f0014cde120, 0x00007f0014ce4df0]
Event: 1.262 Thread 0x00007f002c12f000  763       3       java.lang.Number::<init> (5 bytes)
Event: 1.263 Thread 0x00007f002c12f000 nmethod 763 0x00007f0014ce6c90 code [0x00007f0014ce6e40, 0x00007f0014ce6fb0]
Event: 1.263 Thread 0x00007f002c12f000  759       3       java.util.ImmutableCollections$ListN::get (7 bytes)
Event: 1.263 Thread 0x00007f002c12f000 nmethod 759 0x00007f0014ce7090 code [0x00007f0014ce7240, 0x00007f0014ce7370]
Event: 1.263 Thread 0x00007f002c12f000  758       3       java.lang.invoke.MemberName::isStatic (8 bytes)
Event: 1.263 Thread 0x00007f002c12f000 nmethod 758 0x00007f0014ce7410 code [0x00007f0014ce75c0, 0x00007f0014ce7790]
Event: 1.263 Thread 0x00007f002c12f000  756       3       jdk.internal.org.objectweb.asm.ClassWriter::put122 (15 bytes)
Event: 1.263 Thread 0x00007f002c12f000 nmethod 756 0x00007f0014ce7890 code [0x00007f0014ce7a60, 0x00007f0014ce7c10]
Event: 1.263 Thread 0x00007f002c12c800  768       4       java.lang.StringBuilder::<init> (7 bytes)
Event: 1.265 Thread 0x00007f002c12c800 nmethod 768 0x00007f001c0fe410 code [0x00007f001c0fe5a0, 0x00007f001c0fe758]

GC Heap History (2 events):
Event: 0.899 GC heap before
{Heap before GC invocations=0 (full 0):
 garbage-first heap   total 65536K, used 6856K [0x00000000c2e00000, 0x0000000100000000)
  region size 1024K, 7 young (7168K), 0 survivors (0K)
 Metaspace       used 3133K, capacity 5973K, committed 6272K, reserved 1056768K
  class space    used 337K, capacity 586K, committed 640K, reserved 1048576K
}
Event: 0.922 GC heap after
{Heap after GC invocations=1 (full 0):
 garbage-first heap   total 65536K, used 2352K [0x00000000c2e00000, 0x0000000100000000)
  region size 1024K, 1 young (1024K), 1 survivors (1024K)
 Metaspace       used 3133K, capacity 5973K, committed 6272K, reserved 1056768K
  class space    used 337K, capacity 586K, committed 640K, reserved 1048576K
}

Deoptimization events (20 events):
Event: 0.850 Thread 0x00007f002c016800 DEOPT PACKING pc=0x00007f001c0e035c sp=0x00007f00323fe0b0
Event: 0.850 Thread 0x00007f002c016800 DEOPT UNPACKING pc=0x00007f00146082a5 sp=0x00007f00323fe048 mode 2
Event: 1.095 Thread 0x00007f002c016800 DEOPT PACKING pc=0x00007f0014c0b742 sp=0x00007f00323fd4a0
Event: 1.095 Thread 0x00007f002c016800 DEOPT UNPACKING pc=0x00007f00146499fa sp=0x00007f00323fc928 mode 0
Event: 1.253 Thread 0x00007f002c016800 Uncommon trap: trap_request=0xffffffc6 fr.pc=0x00007f001c0d1524 relative=0x0000000000000084
Event: 1.253 Thread 0x00007f002c016800 Uncommon trap: reason=bimorphic_or_optimized_type_check action=maybe_recompile pc=0x00007f001c0d1524 method=java.util.AbstractCollection.isEmpty()Z @ 1 c2
Event: 1.253 Thread 0x00007f002c016800 DEOPT PACKING pc=0x00007f001c0d1524 sp=0x00007f00323fd340
Event: 1.253 Thread 0x00007f002c016800 DEOPT UNPACKING pc=0x00007f00146082a5 sp=0x00007f00323fd2f0 mode 2
Event: 1.253 Thread 0x00007f002c016800 Uncommon trap: trap_request=0xffffffc6 fr.pc=0x00007f001c0d1524 relative=0x0000000000000084
Event: 1.253 Thread 0x00007f002c016800 Uncommon trap: reason=bimorphic_or_optimized_type_check action=maybe_recompile pc=0x00007f001c0d1524 method=java.util.AbstractCollection.isEmpty()Z @ 1 c2
Event: 1.253 Thread 0x00007f002c016800 DEOPT PACKING pc=0x00007f001c0d1524 sp=0x00007f00323fd510
Event: 1.253 Thread 0x00007f002c016800 DEOPT UNPACKING pc=0x00007f00146082a5 sp=0x00007f00323fd4c0 mode 2
Event: 1.254 Thread 0x00007f002c016800 Uncommon trap: trap_request=0xffffffc6 fr.pc=0x00007f001c0d1524 relative=0x0000000000000084
Event: 1.254 Thread 0x00007f002c016800 Uncommon trap: reason=bimorphic_or_optimized_type_check action=maybe_recompile pc=0x00007f001c0d1524 method=java.util.AbstractCollection.isEmpty()Z @ 1 c2
Event: 1.254 Thread 0x00007f002c016800 DEOPT PACKING pc=0x00007f001c0d1524 sp=0x00007f00323fd530
Event: 1.254 Thread 0x00007f002c016800 DEOPT UNPACKING pc=0x00007f00146082a5 sp=0x00007f00323fd4e0 mode 2
Event: 1.255 Thread 0x00007f002c016800 Uncommon trap: trap_request=0xffffffc6 fr.pc=0x00007f001c0d1524 relative=0x0000000000000084
Event: 1.255 Thread 0x00007f002c016800 Uncommon trap: reason=bimorphic_or_optimized_type_check action=maybe_recompile pc=0x00007f001c0d1524 method=java.util.AbstractCollection.isEmpty()Z @ 1 c2
Event: 1.255 Thread 0x00007f002c016800 DEOPT PACKING pc=0x00007f001c0d1524 sp=0x00007f00323fd340
Event: 1.255 Thread 0x00007f002c016800 DEOPT UNPACKING pc=0x00007f00146082a5 sp=0x00007f00323fd2f0 mode 2

Classes redefined (0 events):
No events

Internal exceptions (20 events):
Event: 0.352 Thread 0x00007f002c016800 Exception <a 'java/security/PrivilegedActionException'{0x00000000c6ae1640}> (0x00000000c6ae1640) thrown at [./src/hotspot/share/prims/jvm.cpp, line 1304]
Event: 0.352 Thread 0x00007f002c016800 Exception <a 'java/security/PrivilegedActionException'{0x00000000c6ae1910}> (0x00000000c6ae1910) thrown at [./src/hotspot/share/prims/jvm.cpp, line 1304]
Event: 0.352 Thread 0x00007f002c016800 Exception <a 'java/security/PrivilegedActionException'{0x00000000c6ae2280}> (0x00000000c6ae2280) thrown at [./src/hotspot/share/prims/jvm.cpp, line 1304]
Event: 0.352 Thread 0x00007f002c016800 Exception <a 'java/security/PrivilegedActionException'{0x00000000c6ae2550}> (0x00000000c6ae2550) thrown at [./src/hotspot/share/prims/jvm.cpp, line 1304]
Event: 0.352 Thread 0x00007f002c016800 Exception <a 'java/security/PrivilegedActionException'{0x00000000c6ae2ec0}> (0x00000000c6ae2ec0) thrown at [./src/hotspot/share/prims/jvm.cpp, line 1304]
Event: 0.352 Thread 0x00007f002c016800 Exception <a 'java/security/PrivilegedActionException'{0x00000000c6ae3190}> (0x00000000c6ae3190) thrown at [./src/hotspot/share/prims/jvm.cpp, line 1304]
Event: 0.352 Thread 0x00007f002c016800 Exception <a 'java/security/PrivilegedActionException'{0x00000000c6ae3b18}> (0x00000000c6ae3b18) thrown at [./src/hotspot/share/prims/jvm.cpp, line 1304]
Event: 0.352 Thread 0x00007f002c016800 Exception <a 'java/security/PrivilegedActionException'{0x00000000c6ae3de8}> (0x00000000c6ae3de8) thrown at [./src/hotspot/share/prims/jvm.cpp, line 1304]
Event: 0.353 Thread 0x00007f002c016800 Exception <a 'java/security/PrivilegedActionException'{0x00000000c6ae4770}> (0x00000000c6ae4770) thrown at [./src/hotspot/share/prims/jvm.cpp, line 1304]
Event: 0.353 Thread 0x00007f002c016800 Exception <a 'java/security/PrivilegedActionException'{0x00000000c6ae4a40}> (0x00000000c6ae4a40) thrown at [./src/hotspot/share/prims/jvm.cpp, line 1304]
Event: 0.353 Thread 0x00007f002c016800 Exception <a 'java/security/PrivilegedActionException'{0x00000000c6ae53c8}> (0x00000000c6ae53c8) thrown at [./src/hotspot/share/prims/jvm.cpp, line 1304]
Event: 0.353 Thread 0x00007f002c016800 Exception <a 'java/security/PrivilegedActionException'{0x00000000c6ae5698}> (0x00000000c6ae5698) thrown at [./src/hotspot/share/prims/jvm.cpp, line 1304]
Event: 0.353 Thread 0x00007f002c016800 Exception <a 'java/security/PrivilegedActionException'{0x00000000c6ae6008}> (0x00000000c6ae6008) thrown at [./src/hotspot/share/prims/jvm.cpp, line 1304]
Event: 0.353 Thread 0x00007f002c016800 Exception <a 'java/security/PrivilegedActionException'{0x00000000c6ae62d8}> (0x00000000c6ae62d8) thrown at [./src/hotspot/share/prims/jvm.cpp, line 1304]
Event: 0.353 Thread 0x00007f002c016800 Exception <a 'java/security/PrivilegedActionException'{0x00000000c6ae6c60}> (0x00000000c6ae6c60) thrown at [./src/hotspot/share/prims/jvm.cpp, line 1304]
Event: 0.353 Thread 0x00007f002c016800 Exception <a 'java/security/PrivilegedActionException'{0x00000000c6ae6f30}> (0x00000000c6ae6f30) thrown at [./src/hotspot/share/prims/jvm.cpp, line 1304]
Event: 0.423 Thread 0x00007f002c016800 Exception <a 'java/lang/NoSuchMethodError'{0x00000000c6995d78}: 'int java.lang.invoke.DirectMethodHandle$Holder.invokeStaticInit(java.lang.Object, java.lang.Object, java.lang.Object, java.lang.Object)'> (0x00000000c6995d78) thrown at [./src/hotspot/share/interpreter/linkResolver.cpp, line 772]
Event: 0.427 Thread 0x00007f002c016800 Exception <a 'java/lang/IncompatibleClassChangeError'{0x00000000c699faf8}: Found class java.lang.Object, but interface was expected> (0x00000000c699faf8) thrown at [./src/hotspot/share/interpreter/linkResolver.cpp, line 839]
Event: 0.429 Thread 0x00007f002c016800 Exception <a 'java/lang/NoSuchMethodError'{0x00000000c69a2ca8}: 'void java.lang.invoke.DirectMethodHandle$Holder.invokeStaticInit(java.lang.Object, java.lang.Object)'> (0x00000000c69a2ca8) thrown at [./src/hotspot/share/interpreter/linkResolver.cpp, line 772]
Event: 0.431 Thread 0x00007f002c016800 Exception <a 'java/lang/NoSuchMethodError'{0x00000000c69a8118}: 'int java.lang.invoke.DirectMethodHandle$Holder.invokeStaticInit(java.lang.Object, java.lang.Object)'> (0x00000000c69a8118) thrown at [./src/hotspot/share/interpreter/linkResolver.cpp, line 772]

Events (20 events):
Event: 1.244 loading class org/bytedeco/javacpp/PointerScope$1
Event: 1.244 loading class org/bytedeco/javacpp/PointerScope$1 done
Event: 1.251 Executing VM operation: Deoptimize
Event: 1.251 Executing VM operation: Deoptimize done
Event: 1.253 loading class java/lang/invoke/BoundMethodHandle$Species_LL
Event: 1.253 loading class java/lang/invoke/BoundMethodHandle$Species_LL done
Event: 1.254 loading class java/lang/invoke/BoundMethodHandle$Species_LLL
Event: 1.254 loading class java/lang/invoke/BoundMethodHandle$Species_LLL done
Event: 1.255 loading class java/lang/invoke/BoundMethodHandle$Species_LLLL
Event: 1.255 loading class java/lang/invoke/BoundMethodHandle$Species_LLLL done
Event: 1.256 loading class java/lang/invoke/BoundMethodHandle$Species_LLLLL
Event: 1.256 loading class java/lang/invoke/BoundMethodHandle$Species_LLLLL done
Event: 1.258 loading class java/lang/invoke/BoundMethodHandle$Species_LLLLLL
Event: 1.258 loading class java/lang/invoke/BoundMethodHandle$Species_LLLLLL done
Event: 1.262 loading class java/lang/invoke/BoundMethodHandle$Species_LLLLLLI
Event: 1.262 loading class java/lang/invoke/BoundMethodHandle$Species_LLLLLLI done
Event: 1.263 loading class java/lang/invoke/BoundMethodHandle$Species_LLLLLLII
Event: 1.263 loading class java/lang/invoke/BoundMethodHandle$Species_LLLLLLII done
Event: 1.266 loading class java/lang/invoke/BoundMethodHandle$Species_LLLLLLIIL
Event: 1.266 loading class java/lang/invoke/BoundMethodHandle$Species_LLLLLLIIL done


Dynamic libraries:
c2e00000-c6c00000 rw-p 00000000 00:00 0 
c6c00000-ffe00000 ---p 00000000 00:00 0 
ffe00000-ffe47000 rw-p 00b0a000 08:03 1060156                            /usr/lib/jvm/java-11-openjdk-amd64/lib/server/classes.jsa
ffe47000-fff00000 rw-p 00000000 00:00 0 
fff00000-fff6b000 rw-p 00a9f000 08:03 1060156                            /usr/lib/jvm/java-11-openjdk-amd64/lib/server/classes.jsa
fff6b000-100000000 rw-p 00000000 00:00 0 
800000000-800002000 rwxp 00001000 08:03 1060156                          /usr/lib/jvm/java-11-openjdk-amd64/lib/server/classes.jsa
800002000-8003cc000 rw-p 00003000 08:03 1060156                          /usr/lib/jvm/java-11-openjdk-amd64/lib/server/classes.jsa
8003cc000-800a9d000 r--p 003cd000 08:03 1060156                          /usr/lib/jvm/java-11-openjdk-amd64/lib/server/classes.jsa
800a9d000-800a9e000 rw-p 00a9e000 08:03 1060156                          /usr/lib/jvm/java-11-openjdk-amd64/lib/server/classes.jsa
840000000-8400c0000 rw-p 00000000 00:00 0 
8400c0000-880000000 ---p 00000000 00:00 0 
561fbacf7000-561fbacf8000 r--p 00000000 08:03 1058673                    /usr/lib/jvm/java-11-openjdk-amd64/bin/java
561fbacf8000-561fbacf9000 r-xp 00001000 08:03 1058673                    /usr/lib/jvm/java-11-openjdk-amd64/bin/java
561fbacf9000-561fbacfa000 r--p 00002000 08:03 1058673                    /usr/lib/jvm/java-11-openjdk-amd64/bin/java
561fbacfa000-561fbacfb000 r--p 00002000 08:03 1058673                    /usr/lib/jvm/java-11-openjdk-amd64/bin/java
561fbacfb000-561fbacfc000 rw-p 00003000 08:03 1058673                    /usr/lib/jvm/java-11-openjdk-amd64/bin/java
561fbcba7000-561fbcbea000 rw-p 00000000 00:00 0                          [heap]
7effc9400000-7effc9d26000 r--p 00000000 08:03 1579535                    /home/doudou/.javacpp/cache/llvm-13.0.1-1.5.7-linux-x86_64.jar/org/bytedeco/llvm/linux-x86_64/libLLVM-13.so
7effc9d26000-7effcd6e9000 r-xp 00926000 08:03 1579535                    /home/doudou/.javacpp/cache/llvm-13.0.1-1.5.7-linux-x86_64.jar/org/bytedeco/llvm/linux-x86_64/libLLVM-13.so
7effcd6e9000-7effcf93e000 r--p 042e9000 08:03 1579535                    /home/doudou/.javacpp/cache/llvm-13.0.1-1.5.7-linux-x86_64.jar/org/bytedeco/llvm/linux-x86_64/libLLVM-13.so
7effcf93e000-7effcfe53000 r--p 0653d000 08:03 1579535                    /home/doudou/.javacpp/cache/llvm-13.0.1-1.5.7-linux-x86_64.jar/org/bytedeco/llvm/linux-x86_64/libLLVM-13.so
7effcfe53000-7effcfe5e000 rw-p 06a52000 08:03 1579535                    /home/doudou/.javacpp/cache/llvm-13.0.1-1.5.7-linux-x86_64.jar/org/bytedeco/llvm/linux-x86_64/libLLVM-13.so
7effcfe5e000-7effcfed4000 rw-p 00000000 00:00 0 
7effd0000000-7effd0021000 rw-p 00000000 00:00 0 
7effd0021000-7effd4000000 ---p 00000000 00:00 0 
7effd8000000-7effd836e000 rw-p 00000000 00:00 0 
7effd836e000-7effdc000000 ---p 00000000 00:00 0 
7effdc000000-7effdc021000 rw-p 00000000 00:00 0 
7effdc021000-7effe0000000 ---p 00000000 00:00 0 
7effe0000000-7effe0021000 rw-p 00000000 00:00 0 
7effe0021000-7effe4000000 ---p 00000000 00:00 0 
7effe4000000-7effe4376000 rw-p 00000000 00:00 0 
7effe4376000-7effe8000000 ---p 00000000 00:00 0 
7effe8000000-7effe8021000 rw-p 00000000 00:00 0 
7effe8021000-7effec000000 ---p 00000000 00:00 0 
7effef200000-7effeffe7000 r--p 00000000 08:03 534858                     /usr/lib/locale/locale-archive
7efff0000000-7efff0021000 rw-p 00000000 00:00 0 
7efff0021000-7efff4000000 ---p 00000000 00:00 0 
7efff4000000-7efff4021000 rw-p 00000000 00:00 0 
7efff4021000-7efff8000000 ---p 00000000 00:00 0 
7efff8000000-7efff8021000 rw-p 00000000 00:00 0 
7efff8021000-7efffc000000 ---p 00000000 00:00 0 
7efffc000000-7efffc021000 rw-p 00000000 00:00 0 
7efffc021000-7f0000000000 ---p 00000000 00:00 0 
7f0000000000-7f0000021000 rw-p 00000000 00:00 0 
7f0000021000-7f0004000000 ---p 00000000 00:00 0 
7f0004000000-7f0004021000 rw-p 00000000 00:00 0 
7f0004021000-7f0008000000 ---p 00000000 00:00 0 
7f0008000000-7f0008021000 rw-p 00000000 00:00 0 
7f0008021000-7f000c000000 ---p 00000000 00:00 0 
7f000c0ae000-7f000c113000 r--p 00000000 08:03 1579540                    /home/doudou/.javacpp/cache/llvm-13.0.1-1.5.7-linux-x86_64.jar/org/bytedeco/llvm/linux-x86_64/libjniLLVM.so
7f000c113000-7f000c181000 r-xp 00065000 08:03 1579540                    /home/doudou/.javacpp/cache/llvm-13.0.1-1.5.7-linux-x86_64.jar/org/bytedeco/llvm/linux-x86_64/libjniLLVM.so
7f000c181000-7f000c1ac000 r--p 000d3000 08:03 1579540                    /home/doudou/.javacpp/cache/llvm-13.0.1-1.5.7-linux-x86_64.jar/org/bytedeco/llvm/linux-x86_64/libjniLLVM.so
7f000c1ac000-7f000c1af000 r--p 000fd000 08:03 1579540                    /home/doudou/.javacpp/cache/llvm-13.0.1-1.5.7-linux-x86_64.jar/org/bytedeco/llvm/linux-x86_64/libjniLLVM.so
7f000c1af000-7f000c1b2000 rw-p 00100000 08:03 1579540                    /home/doudou/.javacpp/cache/llvm-13.0.1-1.5.7-linux-x86_64.jar/org/bytedeco/llvm/linux-x86_64/libjniLLVM.so
7f000c1b2000-7f000c1b4000 rw-p 00000000 00:00 0 
7f000c1b4000-7f000c1b8000 ---p 00000000 00:00 0 
7f000c1b8000-7f000c2b4000 rw-p 00000000 00:00 0 
7f000c2b4000-7f000c2b5000 ---p 00000000 00:00 0 
7f000c2b5000-7f000c3b6000 rw-p 00000000 00:00 0 
7f000c3b6000-7f000c3ba000 ---p 00000000 00:00 0 
7f000c3ba000-7f000c4b6000 rw-p 00000000 00:00 0 
7f000c4b6000-7f000c4b7000 ---p 00000000 00:00 0 
7f000c4b7000-7f000c5b8000 rw-p 00000000 00:00 0 
7f000c5b8000-7f000c5bc000 ---p 00000000 00:00 0 
7f000c5bc000-7f000c6b8000 rw-p 00000000 00:00 0 
7f000c6b8000-7f000c6bc000 ---p 00000000 00:00 0 
7f000c6bc000-7f000c7b8000 rw-p 00000000 00:00 0 
7f000c7b8000-7f000c7bc000 ---p 00000000 00:00 0 
7f000c7bc000-7f000ceb8000 rw-p 00000000 00:00 0 
7f000ceb8000-7f000d0b8000 ---p 00000000 00:00 0 
7f000d0b8000-7f000f1b0000 rw-p 00000000 00:00 0 
7f000f1b0000-7f000fff8000 ---p 00000000 00:00 0 
7f000fff8000-7f0010000000 rw-p 00000000 00:00 0 
7f0010000000-7f0010021000 rw-p 00000000 00:00 0 
7f0010021000-7f0014000000 ---p 00000000 00:00 0 
7f0014000000-7f0014004000 ---p 00000000 00:00 0 
7f0014004000-7f0014100000 rw-p 00000000 00:00 0 
7f0014100000-7f0014104000 ---p 00000000 00:00 0 
7f0014104000-7f0014200000 rw-p 00000000 00:00 0 
7f0014200000-7f0014204000 ---p 00000000 00:00 0 
7f0014204000-7f0014300000 rw-p 00000000 00:00 0 
7f0014300000-7f0014304000 ---p 00000000 00:00 0 
7f0014304000-7f0014400000 rw-p 00000000 00:00 0 
7f0014400000-7f0014404000 ---p 00000000 00:00 0 
7f0014404000-7f0014500000 rw-p 00000000 00:00 0 
7f0014500000-7f0014504000 ---p 00000000 00:00 0 
7f0014504000-7f0014600000 rw-p 00000000 00:00 0 
7f0014600000-7f0014870000 rwxp 00000000 00:00 0 
7f0014870000-7f0014b8f000 ---p 00000000 00:00 0 
7f0014b8f000-7f0014dff000 rwxp 00000000 00:00 0 
7f0014dff000-7f001c0c7000 ---p 00000000 00:00 0 
7f001c0c7000-7f001c337000 rwxp 00000000 00:00 0 
7f001c337000-7f0023600000 ---p 00000000 00:00 0 
7f0023600000-7f002be0b000 r--s 00000000 08:03 1058832                    /usr/lib/jvm/java-11-openjdk-amd64/lib/modules
7f002be4d000-7f002be54000 r--s 00000000 08:03 553557                     /usr/lib/x86_64-linux-gnu/gconv/gconv-modules.cache
7f002be54000-7f002be55000 r--p 00000000 08:03 1579538                    /home/doudou/.javacpp/cache/llvm-13.0.1-1.5.7-linux-x86_64.jar/org/bytedeco/llvm/linux-x86_64/libRemarks.so.13
7f002be55000-7f002be56000 r-xp 00001000 08:03 1579538                    /home/doudou/.javacpp/cache/llvm-13.0.1-1.5.7-linux-x86_64.jar/org/bytedeco/llvm/linux-x86_64/libRemarks.so.13
7f002be56000-7f002be57000 r--p 00002000 08:03 1579538                    /home/doudou/.javacpp/cache/llvm-13.0.1-1.5.7-linux-x86_64.jar/org/bytedeco/llvm/linux-x86_64/libRemarks.so.13
7f002be57000-7f002be58000 r--p 00002000 08:03 1579538                    /home/doudou/.javacpp/cache/llvm-13.0.1-1.5.7-linux-x86_64.jar/org/bytedeco/llvm/linux-x86_64/libRemarks.so.13
7f002be58000-7f002be59000 rw-p 00003000 08:03 1579538                    /home/doudou/.javacpp/cache/llvm-13.0.1-1.5.7-linux-x86_64.jar/org/bytedeco/llvm/linux-x86_64/libRemarks.so.13
7f002be59000-7f002be60000 r--p 00000000 08:03 1579536                    /home/doudou/.javacpp/cache/llvm-13.0.1-1.5.7-linux-x86_64.jar/org/bytedeco/llvm/linux-x86_64/libLTO.so.13
7f002be60000-7f002be68000 r-xp 00007000 08:03 1579536                    /home/doudou/.javacpp/cache/llvm-13.0.1-1.5.7-linux-x86_64.jar/org/bytedeco/llvm/linux-x86_64/libLTO.so.13
7f002be68000-7f002be6a000 r--p 0000f000 08:03 1579536                    /home/doudou/.javacpp/cache/llvm-13.0.1-1.5.7-linux-x86_64.jar/org/bytedeco/llvm/linux-x86_64/libLTO.so.13
7f002be6a000-7f002be6b000 r--p 00010000 08:03 1579536                    /home/doudou/.javacpp/cache/llvm-13.0.1-1.5.7-linux-x86_64.jar/org/bytedeco/llvm/linux-x86_64/libLTO.so.13
7f002be6b000-7f002be6c000 rw-p 00011000 08:03 1579536                    /home/doudou/.javacpp/cache/llvm-13.0.1-1.5.7-linux-x86_64.jar/org/bytedeco/llvm/linux-x86_64/libLTO.so.13
7f002be6c000-7f002be70000 r--p 00000000 08:03 1579530                    /home/doudou/.javacpp/cache/javacpp-1.5.7-linux-x86_64.jar/org/bytedeco/javacpp/linux-x86_64/libjnijavacpp.so
7f002be70000-7f002be77000 r-xp 00004000 08:03 1579530                    /home/doudou/.javacpp/cache/javacpp-1.5.7-linux-x86_64.jar/org/bytedeco/javacpp/linux-x86_64/libjnijavacpp.so
7f002be77000-7f002be7b000 r--p 0000b000 08:03 1579530                    /home/doudou/.javacpp/cache/javacpp-1.5.7-linux-x86_64.jar/org/bytedeco/javacpp/linux-x86_64/libjnijavacpp.so
7f002be7b000-7f002be7c000 r--p 0000e000 08:03 1579530                    /home/doudou/.javacpp/cache/javacpp-1.5.7-linux-x86_64.jar/org/bytedeco/javacpp/linux-x86_64/libjnijavacpp.so
7f002be7c000-7f002be7d000 rw-p 0000f000 08:03 1579530                    /home/doudou/.javacpp/cache/javacpp-1.5.7-linux-x86_64.jar/org/bytedeco/javacpp/linux-x86_64/libjnijavacpp.so
7f002be7d000-7f002be7e000 ---p 00000000 00:00 0 
7f002be7e000-7f002c000000 rw-p 00000000 00:00 0 
7f002c000000-7f002c39f000 rw-p 00000000 00:00 0 
7f002c39f000-7f0030000000 ---p 00000000 00:00 0 
7f0030001000-7f0030005000 r--p 00000000 08:03 1058822                    /usr/lib/jvm/java-11-openjdk-amd64/lib/libnet.so
7f0030005000-7f0030013000 r-xp 00004000 08:03 1058822                    /usr/lib/jvm/java-11-openjdk-amd64/lib/libnet.so
7f0030013000-7f0030017000 r--p 00012000 08:03 1058822                    /usr/lib/jvm/java-11-openjdk-amd64/lib/libnet.so
7f0030017000-7f0030018000 r--p 00015000 08:03 1058822                    /usr/lib/jvm/java-11-openjdk-amd64/lib/libnet.so
7f0030018000-7f0030019000 rw-p 00016000 08:03 1058822                    /usr/lib/jvm/java-11-openjdk-amd64/lib/libnet.so
7f0030019000-7f003001a000 ---p 00000000 00:00 0 
7f003001a000-7f003011b000 rw-p 00000000 00:00 0 
7f003011b000-7f003011c000 ---p 00000000 00:00 0 
7f003011c000-7f003041f000 rw-p 00000000 00:00 0 
7f003041f000-7f0030420000 ---p 00000000 00:00 0 
7f0030420000-7f0030521000 rw-p 00000000 00:00 0 
7f0030521000-7f0030522000 ---p 00000000 00:00 0 
7f0030522000-7f003071b000 rw-p 00000000 00:00 0 
7f003071b000-7f0031563000 ---p 00000000 00:00 0 
7f0031563000-7f003158a000 rw-p 00000000 00:00 0 
7f003158a000-7f0031753000 ---p 00000000 00:00 0 
7f0031753000-7f0031773000 rw-p 00000000 00:00 0 
7f0031773000-7f003193c000 ---p 00000000 00:00 0 
7f003193c000-7f003195c000 rw-p 00000000 00:00 0 
7f003195c000-7f0031b25000 ---p 00000000 00:00 0 
7f0031b25000-7f0031d28000 rw-p 00000000 00:00 0 
7f0031d28000-7f0031d29000 ---p 00000000 00:00 0 
7f0031d29000-7f0031e2f000 rw-p 00000000 00:00 0 
7f0031e2f000-7f0031f15000 ---p 00000000 00:00 0 
7f0031f15000-7f0031f1a000 rw-p 00000000 00:00 0 
7f0031f1a000-7f0032000000 ---p 00000000 00:00 0 
7f0032000000-7f003209a000 r--p 00000000 08:03 552221                     /usr/lib/x86_64-linux-gnu/libstdc++.so.6.0.30
7f003209a000-7f00321aa000 r-xp 0009a000 08:03 552221                     /usr/lib/x86_64-linux-gnu/libstdc++.so.6.0.30
7f00321aa000-7f0032219000 r--p 001aa000 08:03 552221                     /usr/lib/x86_64-linux-gnu/libstdc++.so.6.0.30
7f0032219000-7f0032224000 r--p 00218000 08:03 552221                     /usr/lib/x86_64-linux-gnu/libstdc++.so.6.0.30
7f0032224000-7f0032227000 rw-p 00223000 08:03 552221                     /usr/lib/x86_64-linux-gnu/libstdc++.so.6.0.30
7f0032227000-7f003222a000 rw-p 00000000 00:00 0 
7f003222b000-7f0032232000 r--p 00000000 08:03 1058823                    /usr/lib/jvm/java-11-openjdk-amd64/lib/libnio.so
7f0032232000-7f003223a000 r-xp 00007000 08:03 1058823                    /usr/lib/jvm/java-11-openjdk-amd64/lib/libnio.so
7f003223a000-7f003223d000 r--p 0000f000 08:03 1058823                    /usr/lib/jvm/java-11-openjdk-amd64/lib/libnio.so
7f003223d000-7f003223e000 r--p 00011000 08:03 1058823                    /usr/lib/jvm/java-11-openjdk-amd64/lib/libnio.so
7f003223e000-7f003223f000 rw-p 00012000 08:03 1058823                    /usr/lib/jvm/java-11-openjdk-amd64/lib/libnio.so
7f003223f000-7f00322c0000 rw-p 00000000 00:00 0 
7f00322c0000-7f00322c7000 ---p 00000000 00:00 0 
7f00322c7000-7f00322c9000 r--p 00000000 08:03 1058831                    /usr/lib/jvm/java-11-openjdk-amd64/lib/libzip.so
7f00322c9000-7f00322ce000 r-xp 00002000 08:03 1058831                    /usr/lib/jvm/java-11-openjdk-amd64/lib/libzip.so
7f00322ce000-7f00322d0000 r--p 00007000 08:03 1058831                    /usr/lib/jvm/java-11-openjdk-amd64/lib/libzip.so
7f00322d0000-7f00322d1000 r--p 00008000 08:03 1058831                    /usr/lib/jvm/java-11-openjdk-amd64/lib/libzip.so
7f00322d1000-7f00322d2000 rw-p 00009000 08:03 1058831                    /usr/lib/jvm/java-11-openjdk-amd64/lib/libzip.so
7f00322d2000-7f00322e0000 r--p 00000000 08:03 1058811                    /usr/lib/jvm/java-11-openjdk-amd64/lib/libjava.so
7f00322e0000-7f00322f6000 r-xp 0000e000 08:03 1058811                    /usr/lib/jvm/java-11-openjdk-amd64/lib/libjava.so
7f00322f6000-7f00322fd000 r--p 00024000 08:03 1058811                    /usr/lib/jvm/java-11-openjdk-amd64/lib/libjava.so
7f00322fd000-7f00322fe000 r--p 0002a000 08:03 1058811                    /usr/lib/jvm/java-11-openjdk-amd64/lib/libjava.so
7f00322fe000-7f00322ff000 rw-p 0002b000 08:03 1058811                    /usr/lib/jvm/java-11-openjdk-amd64/lib/libjava.so
7f00322ff000-7f0032300000 rw-p 00000000 00:00 0 
7f0032300000-7f0032304000 ---p 00000000 00:00 0 
7f0032304000-7f0032400000 rw-p 00000000 00:00 0 
7f0032400000-7f0032682000 r--p 00000000 08:03 1058837                    /usr/lib/jvm/java-11-openjdk-amd64/lib/server/libjvm.so
7f0032682000-7f003331e000 r-xp 00282000 08:03 1058837                    /usr/lib/jvm/java-11-openjdk-amd64/lib/server/libjvm.so
7f003331e000-7f0033579000 r--p 00f1e000 08:03 1058837                    /usr/lib/jvm/java-11-openjdk-amd64/lib/server/libjvm.so
7f0033579000-7f003357a000 ---p 01179000 08:03 1058837                    /usr/lib/jvm/java-11-openjdk-amd64/lib/server/libjvm.so
7f003357a000-7f003363e000 r--p 01179000 08:03 1058837                    /usr/lib/jvm/java-11-openjdk-amd64/lib/server/libjvm.so
7f003363e000-7f0033679000 rw-p 0123d000 08:03 1058837                    /usr/lib/jvm/java-11-openjdk-amd64/lib/server/libjvm.so
7f0033679000-7f00336d0000 rw-p 00000000 00:00 0 
7f00336d0000-7f00336d1000 r--p 00000000 08:03 551276                     /usr/lib/x86_64-linux-gnu/libdl.so.2
7f00336d1000-7f00336d2000 r-xp 00001000 08:03 551276                     /usr/lib/x86_64-linux-gnu/libdl.so.2
7f00336d2000-7f00336d3000 r--p 00002000 08:03 551276                     /usr/lib/x86_64-linux-gnu/libdl.so.2
7f00336d3000-7f00336d4000 r--p 00002000 08:03 551276                     /usr/lib/x86_64-linux-gnu/libdl.so.2
7f00336d4000-7f00336d5000 rw-p 00003000 08:03 551276                     /usr/lib/x86_64-linux-gnu/libdl.so.2
7f00336d5000-7f00336d6000 r--p 00000000 08:03 552054                     /usr/lib/x86_64-linux-gnu/libpthread.so.0
7f00336d6000-7f00336d7000 r-xp 00001000 08:03 552054                     /usr/lib/x86_64-linux-gnu/libpthread.so.0
7f00336d7000-7f00336d8000 r--p 00002000 08:03 552054                     /usr/lib/x86_64-linux-gnu/libpthread.so.0
7f00336d8000-7f00336d9000 r--p 00002000 08:03 552054                     /usr/lib/x86_64-linux-gnu/libpthread.so.0
7f00336d9000-7f00336da000 rw-p 00003000 08:03 552054                     /usr/lib/x86_64-linux-gnu/libpthread.so.0
7f00336da000-7f00336dc000 r--p 00000000 08:03 1058806                    /usr/lib/jvm/java-11-openjdk-amd64/lib/libinstrument.so
7f00336dc000-7f00336e3000 r-xp 00002000 08:03 1058806                    /usr/lib/jvm/java-11-openjdk-amd64/lib/libinstrument.so
7f00336e3000-7f00336e6000 r--p 00009000 08:03 1058806                    /usr/lib/jvm/java-11-openjdk-amd64/lib/libinstrument.so
7f00336e6000-7f00336e7000 r--p 0000b000 08:03 1058806                    /usr/lib/jvm/java-11-openjdk-amd64/lib/libinstrument.so
7f00336e7000-7f00336e8000 rw-p 0000c000 08:03 1058806                    /usr/lib/jvm/java-11-openjdk-amd64/lib/libinstrument.so
7f00336e8000-7f00336ed000 r--p 00000000 08:03 1058830                    /usr/lib/jvm/java-11-openjdk-amd64/lib/libverify.so
7f00336ed000-7f00336f4000 r-xp 00005000 08:03 1058830                    /usr/lib/jvm/java-11-openjdk-amd64/lib/libverify.so
7f00336f4000-7f00336f6000 r--p 0000c000 08:03 1058830                    /usr/lib/jvm/java-11-openjdk-amd64/lib/libverify.so
7f00336f6000-7f00336f8000 r--p 0000d000 08:03 1058830                    /usr/lib/jvm/java-11-openjdk-amd64/lib/libverify.so
7f00336f8000-7f00336f9000 rw-p 0000f000 08:03 1058830                    /usr/lib/jvm/java-11-openjdk-amd64/lib/libverify.so
7f00336f9000-7f00336fc000 r--p 00000000 08:03 551433                     /usr/lib/x86_64-linux-gnu/libgcc_s.so.1
7f00336fc000-7f0033713000 r-xp 00003000 08:03 551433                     /usr/lib/x86_64-linux-gnu/libgcc_s.so.1
7f0033713000-7f0033717000 r--p 0001a000 08:03 551433                     /usr/lib/x86_64-linux-gnu/libgcc_s.so.1
7f0033717000-7f0033718000 r--p 0001d000 08:03 551433                     /usr/lib/x86_64-linux-gnu/libgcc_s.so.1
7f0033718000-7f0033719000 rw-p 0001e000 08:03 551433                     /usr/lib/x86_64-linux-gnu/libgcc_s.so.1
7f0033719000-7f0033727000 r--p 00000000 08:03 551785                     /usr/lib/x86_64-linux-gnu/libm.so.6
7f0033727000-7f00337a3000 r-xp 0000e000 08:03 551785                     /usr/lib/x86_64-linux-gnu/libm.so.6
7f00337a3000-7f00337fe000 r--p 0008a000 08:03 551785                     /usr/lib/x86_64-linux-gnu/libm.so.6
7f00337fe000-7f00337ff000 r--p 000e4000 08:03 551785                     /usr/lib/x86_64-linux-gnu/libm.so.6
7f00337ff000-7f0033800000 rw-p 000e5000 08:03 551785                     /usr/lib/x86_64-linux-gnu/libm.so.6
7f0033800000-7f0033828000 r--p 00000000 08:03 551134                     /usr/lib/x86_64-linux-gnu/libc.so.6
7f0033828000-7f00339bd000 r-xp 00028000 08:03 551134                     /usr/lib/x86_64-linux-gnu/libc.so.6
7f00339bd000-7f0033a15000 r--p 001bd000 08:03 551134                     /usr/lib/x86_64-linux-gnu/libc.so.6
7f0033a15000-7f0033a19000 r--p 00214000 08:03 551134                     /usr/lib/x86_64-linux-gnu/libc.so.6
7f0033a19000-7f0033a1b000 rw-p 00218000 08:03 551134                     /usr/lib/x86_64-linux-gnu/libc.so.6
7f0033a1b000-7f0033a28000 rw-p 00000000 00:00 0 
7f0033a28000-7f0033a29000 r--p 00000000 08:03 1058804                    /usr/lib/jvm/java-11-openjdk-amd64/lib/libextnet.so
7f0033a29000-7f0033a2a000 r-xp 00001000 08:03 1058804                    /usr/lib/jvm/java-11-openjdk-amd64/lib/libextnet.so
7f0033a2a000-7f0033a2b000 r--p 00002000 08:03 1058804                    /usr/lib/jvm/java-11-openjdk-amd64/lib/libextnet.so
7f0033a2b000-7f0033a2c000 r--p 00002000 08:03 1058804                    /usr/lib/jvm/java-11-openjdk-amd64/lib/libextnet.so
7f0033a2c000-7f0033a2d000 rw-p 00003000 08:03 1058804                    /usr/lib/jvm/java-11-openjdk-amd64/lib/libextnet.so
7f0033a2d000-7f0033a35000 rw-s 00000000 08:03 262226                     /tmp/hsperfdata_doudou/15800
7f0033a35000-7f0033a36000 r--p 00000000 08:03 552110                     /usr/lib/x86_64-linux-gnu/librt.so.1
7f0033a36000-7f0033a37000 r-xp 00001000 08:03 552110                     /usr/lib/x86_64-linux-gnu/librt.so.1
7f0033a37000-7f0033a38000 r--p 00002000 08:03 552110                     /usr/lib/x86_64-linux-gnu/librt.so.1
7f0033a38000-7f0033a39000 r--p 00002000 08:03 552110                     /usr/lib/x86_64-linux-gnu/librt.so.1
7f0033a39000-7f0033a3a000 rw-p 00003000 08:03 552110                     /usr/lib/x86_64-linux-gnu/librt.so.1
7f0033a3a000-7f0033a3c000 rw-p 00000000 00:00 0 
7f0033a3c000-7f0033a3e000 r--p 00000000 08:03 552488                     /usr/lib/x86_64-linux-gnu/libz.so.1.2.11
7f0033a3e000-7f0033a4f000 r-xp 00002000 08:03 552488                     /usr/lib/x86_64-linux-gnu/libz.so.1.2.11
7f0033a4f000-7f0033a55000 r--p 00013000 08:03 552488                     /usr/lib/x86_64-linux-gnu/libz.so.1.2.11
7f0033a55000-7f0033a56000 ---p 00019000 08:03 552488                     /usr/lib/x86_64-linux-gnu/libz.so.1.2.11
7f0033a56000-7f0033a57000 r--p 00019000 08:03 552488                     /usr/lib/x86_64-linux-gnu/libz.so.1.2.11
7f0033a57000-7f0033a58000 rw-p 0001a000 08:03 552488                     /usr/lib/x86_64-linux-gnu/libz.so.1.2.11
7f0033a5c000-7f0033a5d000 ---p 00000000 00:00 0 
7f0033a5d000-7f0033a5e000 r--p 00000000 00:00 0 
7f0033a5e000-7f0033a60000 r--p 00000000 08:03 1058814                    /usr/lib/jvm/java-11-openjdk-amd64/lib/libjimage.so
7f0033a60000-7f0033a63000 r-xp 00002000 08:03 1058814                    /usr/lib/jvm/java-11-openjdk-amd64/lib/libjimage.so
7f0033a63000-7f0033a64000 r--p 00005000 08:03 1058814                    /usr/lib/jvm/java-11-openjdk-amd64/lib/libjimage.so
7f0033a64000-7f0033a65000 ---p 00006000 08:03 1058814                    /usr/lib/jvm/java-11-openjdk-amd64/lib/libjimage.so
7f0033a65000-7f0033a66000 r--p 00006000 08:03 1058814                    /usr/lib/jvm/java-11-openjdk-amd64/lib/libjimage.so
7f0033a66000-7f0033a67000 rw-p 00007000 08:03 1058814                    /usr/lib/jvm/java-11-openjdk-amd64/lib/libjimage.so
7f0033a67000-7f0033a6a000 r--p 00000000 08:03 1058796                    /usr/lib/jvm/java-11-openjdk-amd64/lib/jli/libjli.so
7f0033a6a000-7f0033a74000 r-xp 00003000 08:03 1058796                    /usr/lib/jvm/java-11-openjdk-amd64/lib/jli/libjli.so
7f0033a74000-7f0033a77000 r--p 0000d000 08:03 1058796                    /usr/lib/jvm/java-11-openjdk-amd64/lib/jli/libjli.so
7f0033a77000-7f0033a78000 ---p 00010000 08:03 1058796                    /usr/lib/jvm/java-11-openjdk-amd64/lib/jli/libjli.so
7f0033a78000-7f0033a79000 r--p 00010000 08:03 1058796                    /usr/lib/jvm/java-11-openjdk-amd64/lib/jli/libjli.so
7f0033a79000-7f0033a7a000 rw-p 00011000 08:03 1058796                    /usr/lib/jvm/java-11-openjdk-amd64/lib/jli/libjli.so
7f0033a7a000-7f0033a7c000 rw-p 00000000 00:00 0 
7f0033a7c000-7f0033a7e000 r--p 00000000 08:03 550792                     /usr/lib/x86_64-linux-gnu/ld-linux-x86-64.so.2
7f0033a7e000-7f0033aa8000 r-xp 00002000 08:03 550792                     /usr/lib/x86_64-linux-gnu/ld-linux-x86-64.so.2
7f0033aa8000-7f0033ab3000 r--p 0002c000 08:03 550792                     /usr/lib/x86_64-linux-gnu/ld-linux-x86-64.so.2
7f0033ab4000-7f0033ab6000 r--p 00037000 08:03 550792                     /usr/lib/x86_64-linux-gnu/ld-linux-x86-64.so.2
7f0033ab6000-7f0033ab8000 rw-p 00039000 08:03 550792                     /usr/lib/x86_64-linux-gnu/ld-linux-x86-64.so.2
7ffe629e0000-7ffe62a01000 rw-p 00000000 00:00 0                          [stack]
7ffe62bda000-7ffe62bde000 r--p 00000000 00:00 0                          [vvar]
7ffe62bde000-7ffe62be0000 r-xp 00000000 00:00 0                          [vdso]
ffffffffff600000-ffffffffff601000 --xp 00000000 00:00 0                  [vsyscall]


VM Arguments:
jvm_args: -javaagent:/snap/intellij-idea-ultimate/437/lib/idea_rt.jar=36185:/snap/intellij-idea-ultimate/437/bin -Dfile.encoding=UTF-8 
java_command: Main /home/doudou/lab/Lab/tests/test1.sysy /home/doudou/lab/Lab/tests/out.txt
java_class_path (initial): /home/doudou/lab/Lab/out/production/Lab:/usr/local/lib/antlr-4.9.1-complete.jar:/usr/local/lib/javacpp-1.5.7-linux-x86_64.jar:/usr/local/lib/javacpp-1.5.7.jar:/usr/local/lib/llvm-13.0.1-1.5.7-linux-x86_64.jar:/usr/local/lib/llvm-13.0.1-1.5.7.jar:/usr/local/lib/llvm-platform-13.0.1-1.5.7.jar
Launcher Type: SUN_STANDARD

[Global flags]
     intx CICompilerCount                          = 2                                         {product} {ergonomic}
     uint ConcGCThreads                            = 1                                         {product} {ergonomic}
     uint G1ConcRefinementThreads                  = 2                                         {product} {ergonomic}
   size_t G1HeapRegionSize                         = 1048576                                   {product} {ergonomic}
    uintx GCDrainStackTargetSize                   = 64                                        {product} {ergonomic}
   size_t InitialHeapSize                          = 65011712                                  {product} {ergonomic}
   size_t MarkStackSize                            = 4194304                                   {product} {ergonomic}
   size_t MaxHeapSize                              = 1025507328                                {product} {ergonomic}
   size_t MaxNewSize                               = 614465536                                 {product} {ergonomic}
   size_t MinHeapDeltaBytes                        = 1048576                                   {product} {ergonomic}
    uintx NonNMethodCodeHeapSize                   = 5825164                                {pd product} {ergonomic}
    uintx NonProfiledCodeHeapSize                  = 122916538                              {pd product} {ergonomic}
    uintx ProfiledCodeHeapSize                     = 122916538                              {pd product} {ergonomic}
    uintx ReservedCodeCacheSize                    = 251658240                              {pd product} {ergonomic}
     bool SegmentedCodeCache                       = true                                      {product} {ergonomic}
     bool UseCompressedClassPointers               = true                                 {lp64_product} {ergonomic}
     bool UseCompressedOops                        = true                                 {lp64_product} {ergonomic}
     bool UseG1GC                                  = true                                      {product} {ergonomic}

Logging:
Log output configuration:
 #0: stdout all=warning uptime,level,tags
 #1: stderr all=off uptime,level,tags

Environment Variables:
PATH=/usr/local/sbin:/usr/local/bin:/usr/sbin:/usr/bin:/sbin:/bin:/usr/games:/usr/local/games:/snap/bin:/snap/bin
USERNAME=doudou
SHELL=/bin/bash
DISPLAY=:0
LANG=en_US.UTF-8
LC_NUMERIC=zh_CN.UTF-8
LC_TIME=zh_CN.UTF-8

Signal Handlers:
SIGSEGV: [libjvm.so+0xeabd80], sa_mask[0]=11111111011111111101111111111110, sa_flags=SA_RESTART|SA_SIGINFO
SIGBUS: [libjvm.so+0xeabd80], sa_mask[0]=11111111011111111101111111111110, sa_flags=SA_RESTART|SA_SIGINFO
SIGFPE: [libjvm.so+0xeabd80], sa_mask[0]=11111111011111111101111111111110, sa_flags=SA_RESTART|SA_SIGINFO
SIGPIPE: [libjvm.so+0xbee610], sa_mask[0]=11111111011111111101111111111110, sa_flags=SA_RESTART|SA_SIGINFO
SIGXFSZ: [libjvm.so+0xbee610], sa_mask[0]=11111111011111111101111111111110, sa_flags=SA_RESTART|SA_SIGINFO
SIGILL: [libjvm.so+0xeabd80], sa_mask[0]=11111111011111111101111111111110, sa_flags=SA_RESTART|SA_SIGINFO
SIGUSR2: [libjvm.so+0xbee4b0], sa_mask[0]=00100000000000000000000000000000, sa_flags=SA_RESTART|SA_SIGINFO
SIGHUP: [libjvm.so+0xbeec50], sa_mask[0]=11111111011111111101111111111110, sa_flags=SA_RESTART|SA_SIGINFO
SIGINT: [libjvm.so+0xbeec50], sa_mask[0]=11111111011111111101111111111110, sa_flags=SA_RESTART|SA_SIGINFO
SIGTERM: [libjvm.so+0xbeec50], sa_mask[0]=11111111011111111101111111111110, sa_flags=SA_RESTART|SA_SIGINFO
SIGQUIT: [libjvm.so+0xbeec50], sa_mask[0]=11111111011111111101111111111110, sa_flags=SA_RESTART|SA_SIGINFO


---------------  S Y S T E M  ---------------

OS:DISTRIB_ID=Ubuntu
DISTRIB_RELEASE=22.04
DISTRIB_CODENAME=jammy
DISTRIB_DESCRIPTION="Ubuntu 22.04.2 LTS"
uname:Linux 5.19.0-45-generic #46~22.04.1-Ubuntu SMP PREEMPT_DYNAMIC Wed Jun 7 15:06:04 UTC 20 x86_64
OS uptime: 0 days 12:31 hours
libc:glibc 2.35 NPTL 2.35 
rlimit (soft/hard): STACK 8192k/infinity , CORE 0k/infinity , NPROC 15333/15333 , NOFILE 1048576/1048576 , AS infinity/infinity , CPU infinity/infinity , DATA infinity/infinity , FSIZE infinity/infinity , MEMLOCK 500652k/500652k
load average:2.44 1.73 1.20

/proc/meminfo:
MemTotal:        4005236 kB
MemFree:          198988 kB
MemAvailable:     335624 kB
Buffers:            8600 kB
Cached:           307604 kB
SwapCached:        77592 kB
Active:          2020072 kB
Inactive:         624496 kB
Active(anon):    1827608 kB
Inactive(anon):   511588 kB
Active(file):     192464 kB
Inactive(file):   112908 kB
Unevictable:           0 kB
Mlocked:               0 kB
SwapTotal:       3512316 kB
SwapFree:        2030216 kB
Zswap:                 0 kB
Zswapped:              0 kB
Dirty:              5596 kB
Writeback:             0 kB
AnonPages:       2305064 kB
Mapped:           152200 kB
Shmem:             11824 kB
KReclaimable:      71728 kB
Slab:             225796 kB
SReclaimable:      71728 kB
SUnreclaim:       154068 kB
KernelStack:       10832 kB
PageTables:        26304 kB
NFS_Unstable:          0 kB
Bounce:                0 kB
WritebackTmp:          0 kB
CommitLimit:     5514932 kB
Committed_AS:    6087864 kB
VmallocTotal:   34359738367 kB
VmallocUsed:       46152 kB
VmallocChunk:          0 kB
Percpu:             2216 kB
HardwareCorrupted:     0 kB
AnonHugePages:         0 kB
ShmemHugePages:        0 kB
ShmemPmdMapped:        0 kB
FileHugePages:         0 kB
FilePmdMapped:         0 kB
HugePages_Total:       0
HugePages_Free:        0
HugePages_Rsvd:        0
HugePages_Surp:        0
Hugepagesize:       2048 kB
Hugetlb:               0 kB
DirectMap4k:      202560 kB
DirectMap2M:     3991552 kB
DirectMap1G:     2097152 kB

/sys/kernel/mm/transparent_hugepage/enabled:
always [madvise] never
/sys/kernel/mm/transparent_hugepage/defrag (defrag/compaction efforts parameter):
always defer defer+madvise [madvise] never

Process Memory:
Virtual Size: 3685924K (peak: 12384612K)
Resident Set Size: 94028K (peak: 94028K) (anon: 37080K, file: 56948K, shmem: 0K)
Swapped out: 0K
C-Heap outstanding allocations: 14933K, retained: 2318K
glibc malloc tunables: (default)

/proc/sys/kernel/threads-max (system-wide limit on the number of threads):
30667
/proc/sys/vm/max_map_count (maximum number of memory map areas a process may have):
65530
/proc/sys/kernel/pid_max (system-wide limit on number of process identifiers):
4194304

container (cgroup) information:
container_type: cgroupv2
cpu_cpuset_cpus: not supported
cpu_memory_nodes: not supported
active_processor_count: 2
cpu_quota: not supported
cpu_period: not supported
cpu_shares: not supported
memory_limit_in_bytes: unlimited
memory_and_swap_limit_in_bytes: unlimited
memory_soft_limit_in_bytes: unlimited
memory_usage_in_bytes: 2150812 k
memory_max_usage_in_bytes: not supported
memory_swap_current_in_bytes: 811400 k
memory_swap_max_limit_in_bytes: unlimited
maximum number of tasks: 4600
current number of tasks: 143

VMWare virtualization detected
Steal ticks since vm start: 0
Steal ticks percentage since vm start:  0.000

CPU:total 2 (initial active 2) (1 cores per cpu, 1 threads per core) family 6 model 140 stepping 1 microcode 0xffffffff, cmov, cx8, fxsr, mmx, sse, sse2, sse3, ssse3, sse4.1, sse4.2, popcnt, avx, avx2, aes, clmul, erms, 3dnowpref, lzcnt, tsc, tscinvbit, bmi1, bmi2, adx, evex, sha, fma
CPU Model and flags from /proc/cpuinfo:
model name	: 11th Gen Intel(R) Core(TM) i7-1165G7 @ 2.80GHz
flags		: fpu vme de pse tsc msr pae mce cx8 apic sep mtrr pge mca cmov pat pse36 clflush mmx fxsr sse sse2 ss syscall nx pdpe1gb rdtscp lm constant_tsc arch_perfmon rep_good nopl xtopology tsc_reliable nonstop_tsc cpuid tsc_known_freq pni pclmulqdq ssse3 fma cx16 pcid sse4_1 sse4_2 x2apic movbe popcnt tsc_deadline_timer aes xsave avx f16c rdrand hypervisor lahf_lm abm 3dnowprefetch invpcid_single pti ssbd ibrs ibpb stibp fsgsbase tsc_adjust bmi1 avx2 smep bmi2 erms invpcid avx512f avx512dq rdseed adx smap avx512ifma clflushopt clwb avx512cd sha_ni avx512bw avx512vl xsaveopt xsavec xgetbv1 xsaves arat avx512vbmi umip avx512_vbmi2 gfni vaes vpclmulqdq avx512_vnni avx512_bitalg avx512_vpopcntdq rdpid fsrm avx512_vp2intersect flush_l1d arch_capabilities
Online cpus:
0-1
Offline cpus:

BIOS frequency limitation:
<Not Available>
Frequency switch latency (ns):
<Not Available>
Available cpu frequencies:
<Not Available>
Current governor:
<Not Available>
Core performance/turbo boost:
<Not Available>

Memory: 4k page, physical 4005236k(198988k free), swap 3512316k(2030216k free)

vm_info: OpenJDK 64-Bit Server VM (11.0.19+7-post-Ubuntu-0ubuntu122.04.1) for linux-amd64 JRE (11.0.19+7-post-Ubuntu-0ubuntu122.04.1), built on May 10 2023 00:54:00 by "unknown" with gcc 11.3.0

END.
