#
# A fatal error has been detected by the Java Runtime Environment:
#
#  SIGSEGV (0xb) at pc=0x00007faa0a02c882, pid=14591, tid=14592
#
# JRE version: OpenJDK Runtime Environment (11.0.19+7) (build 11.0.19+7-post-Ubuntu-0ubuntu122.04.1)
# Java VM: OpenJDK 64-Bit Server VM (11.0.19+7-post-Ubuntu-0ubuntu122.04.1, mixed mode, sharing, tiered, compressed oops, g1 gc, linux-amd64)
# Problematic frame:
# C  [libLLVM-13.so+0xc2c882]  LLVMBuildLoad+0x12
#
# Core dump will be written. Default location: Core dumps may be processed with "/usr/share/apport/apport -p%p -s%s -c%c -d%d -P%P -u%u -g%g -- %E" (or dumping to /home/doudou/lab/Lab/core.14591)
#
# If you would like to submit a bug report, please visit:
#   https://bugs.launchpad.net/ubuntu/+source/openjdk-lts
# The crash happened outside the Java Virtual Machine in native code.
# See problematic frame for where to report the bug.
#

---------------  S U M M A R Y ------------

Command Line: -javaagent:/snap/intellij-idea-ultimate/437/lib/idea_rt.jar=35231:/snap/intellij-idea-ultimate/437/bin -Dfile.encoding=UTF-8 Main /home/doudou/lab/Lab/tests/test1.sysy /home/doudou/lab/Lab/tests/out.txt

Host: 11th Gen Intel(R) Core(TM) i7-1165G7 @ 2.80GHz, 2 cores, 3G, Ubuntu 22.04.2 LTS
Time: Tue Jun 27 17:35:17 2023 CST elapsed time: 0.429905 seconds (0d 0h 0m 0s)

---------------  T H R E A D  ---------------

Current thread (0x00007faa64016800):  JavaThread "main" [_thread_in_native, id=14592, stack(0x00007faa6c500000,0x00007faa6c600000)]

Stack: [0x00007faa6c500000,0x00007faa6c600000],  sp=0x00007faa6c5fde30,  free space=1015k
Native frames: (J=compiled Java code, A=aot compiled Java code, j=interpreted, Vv=VM code, C=native code)
C  [libLLVM-13.so+0xc2c882]  LLVMBuildLoad+0x12

Java frames: (J=compiled Java code, j=interpreted, Vv=VM code)
j  org.bytedeco.llvm.global.LLVM.LLVMBuildLoad(Lorg/bytedeco/llvm/LLVM/LLVMBuilderRef;Lorg/bytedeco/llvm/LLVM/LLVMValueRef;Ljava/lang/String;)Lorg/bytedeco/llvm/LLVM/LLVMValueRef;+0
j  SysYLlvmVisitor.visitExp(LSysYParser$ExpContext;)Lorg/bytedeco/llvm/LLVM/LLVMValueRef;+70
j  SysYLlvmVisitor.visitStmt(LSysYParser$StmtContext;)Lorg/bytedeco/llvm/LLVM/LLVMValueRef;+21
j  SysYLlvmVisitor.visitStmt(LSysYParser$StmtContext;)Ljava/lang/Object;+2
j  SysYParser$StmtContext.accept(Lorg/antlr/v4/runtime/tree/ParseTreeVisitor;)Ljava/lang/Object;+12
j  org.antlr.v4.runtime.tree.AbstractParseTreeVisitor.visitChildren(Lorg/antlr/v4/runtime/tree/RuleNode;)Ljava/lang/Object;+46
j  SysYParserBaseVisitor.visitBlockItem(LSysYParser$BlockItemContext;)Ljava/lang/Object;+2
j  SysYParser$BlockItemContext.accept(Lorg/antlr/v4/runtime/tree/ParseTreeVisitor;)Ljava/lang/Object;+12
j  org.antlr.v4.runtime.tree.AbstractParseTreeVisitor.visitChildren(Lorg/antlr/v4/runtime/tree/RuleNode;)Ljava/lang/Object;+46
j  SysYParserBaseVisitor.visitBlock(LSysYParser$BlockContext;)Ljava/lang/Object;+2
j  SysYParser$BlockContext.accept(Lorg/antlr/v4/runtime/tree/ParseTreeVisitor;)Ljava/lang/Object;+12
j  org.antlr.v4.runtime.tree.AbstractParseTreeVisitor.visit(Lorg/antlr/v4/runtime/tree/ParseTree;)Ljava/lang/Object;+2
j  SysYLlvmVisitor.visitFuncDef(LSysYParser$FuncDefContext;)Lorg/bytedeco/llvm/LLVM/LLVMValueRef;+520
j  SysYLlvmVisitor.visitCompUnit(LSysYParser$CompUnitContext;)Lorg/bytedeco/llvm/LLVM/LLVMValueRef;+896
j  SysYLlvmVisitor.visitCompUnit(LSysYParser$CompUnitContext;)Ljava/lang/Object;+2
j  SysYParser$CompUnitContext.accept(Lorg/antlr/v4/runtime/tree/ParseTreeVisitor;)Ljava/lang/Object;+12
j  org.antlr.v4.runtime.tree.AbstractParseTreeVisitor.visitChildren(Lorg/antlr/v4/runtime/tree/RuleNode;)Ljava/lang/Object;+46
j  SysYParserBaseVisitor.visitProgram(LSysYParser$ProgramContext;)Ljava/lang/Object;+2
j  SysYParser$ProgramContext.accept(Lorg/antlr/v4/runtime/tree/ParseTreeVisitor;)Ljava/lang/Object;+12
j  org.antlr.v4.runtime.tree.AbstractParseTreeVisitor.visit(Lorg/antlr/v4/runtime/tree/ParseTree;)Ljava/lang/Object;+2
j  Main.main([Ljava/lang/String;)V+218
v  ~StubRoutines::call_stub

siginfo: si_signo: 11 (SIGSEGV), si_code: 1 (SEGV_MAPERR), si_addr: 0x0000000000000000

Register to memory mapping:

RAX=0x00007faa643967c0 points into unknown readable memory: 0x0000000031727261 | 61 72 72 31 00 00 00 00
RBX=0x0 is NULL
RCX=0x0000000031727261 is an unknown value
RDX=0x00007faa643967c0 points into unknown readable memory: 0x0000000031727261 | 61 72 72 31 00 00 00 00
RSP=0x00007faa6c5fde30 is pointing into the stack for thread: 0x00007faa64016800
RBP=0x00007faa64346010 points into unknown readable memory: 0x00007faa64346020 | 20 60 34 64 aa 7f 00 00
RSI=0x0 is NULL
RDI=0x00007faa64346010 points into unknown readable memory: 0x00007faa64346020 | 20 60 34 64 aa 7f 00 00
R8 =0x00000000c68ba1e8 points into unknown readable memory: 0x0000000031727261 | 61 72 72 31 00 00 00 00
R9 =0x0000000000000002 is an unknown value
R10=0x00007faa09451700: <offset 0x0000000000051700> in /home/doudou/.javacpp/cache/llvm-13.0.1-1.5.7-linux-x86_64.jar/org/bytedeco/llvm/linux-x86_64/libLLVM-13.so at 0x00007faa09400000
R11=0x00007faa0a02c870: LLVMBuildLoad+0x0000000000000000 in /home/doudou/.javacpp/cache/llvm-13.0.1-1.5.7-linux-x86_64.jar/org/bytedeco/llvm/linux-x86_64/libLLVM-13.so at 0x00007faa09400000
R12=0x0 is NULL
R13=0x0 is NULL
R14=0x00007faa643967c0 points into unknown readable memory: 0x0000000031727261 | 61 72 72 31 00 00 00 00
R15=0x00007faa64016800 is a thread


Registers:
RAX=0x00007faa643967c0, RBX=0x0000000000000000, RCX=0x0000000031727261, RDX=0x00007faa643967c0
RSP=0x00007faa6c5fde30, RBP=0x00007faa64346010, RSI=0x0000000000000000, RDI=0x00007faa64346010
R8 =0x00000000c68ba1e8, R9 =0x0000000000000002, R10=0x00007faa09451700, R11=0x00007faa0a02c870
R12=0x0000000000000000, R13=0x0000000000000000, R14=0x00007faa643967c0, R15=0x00007faa64016800
RIP=0x00007faa0a02c882, EFLAGS=0x0000000000010206, CSGSFS=0x002b000000000033, ERR=0x0000000000000004
  TRAPNO=0x000000000000000e

Top of Stack: (sp=0x00007faa6c5fde30)
0x00007faa6c5fde30:   0000000000000000 0000000000000000
0x00007faa6c5fde40:   cafebabecafebabe 0000000000000000
0x00007faa6c5fde50:   0000000000000000 0000000000000000
0x00007faa6c5fde60:   0000000000000000 0000000000000000 

Instructions: (pc=0x00007faa0a02c882)
0x00007faa0a02c782:   89 c4 4c 8d 4c 24 40 e8 92 57 09 00 48 8b 7d 50
0x00007faa0a02c792:   48 8b 4d 30 4c 89 e6 48 8d 54 24 10 4c 8b 45 38
0x00007faa0a02c7a2:   48 8b 07 ff 50 10 48 8b 5d 00 8b 6d 08 5a 59 48
0x00007faa0a02c7b2:   c1 e5 04 48 01 dd 48 39 eb 74 1a 0f 1f 00 48 8b
0x00007faa0a02c7c2:   53 08 8b 33 4c 89 e7 48 83 c3 10 e8 6e 16 0e 00
0x00007faa0a02c7d2:   48 39 dd 75 e9 48 83 c4 68 4c 89 e0 5b 5d 41 5c
0x00007faa0a02c7e2:   41 5d 41 5e 41 5f c3 0f 1f 80 00 00 00 00 41 54
0x00007faa0a02c7f2:   b8 01 01 00 00 55 48 89 fd 48 89 f7 53 48 83 ec
0x00007faa0a02c802:   30 48 8b 75 30 66 89 44 24 20 e8 ef 24 09 00 48
0x00007faa0a02c812:   8b 7d 50 48 8b 4d 30 48 89 e2 49 89 c4 4c 8b 45
0x00007faa0a02c822:   38 48 8b 07 4c 89 e6 ff 50 10 48 8b 5d 00 8b 6d
0x00007faa0a02c832:   08 48 c1 e5 04 48 01 dd 48 39 eb 74 18 90 48 8b
0x00007faa0a02c842:   53 08 8b 33 4c 89 e7 48 83 c3 10 e8 ee 15 0e 00
0x00007faa0a02c852:   48 39 dd 75 e9 48 83 c4 30 4c 89 e0 5b 5d 41 5c
0x00007faa0a02c862:   c3 66 2e 0f 1f 84 00 00 00 00 00 0f 1f 00 41 56
0x00007faa0a02c872:   41 55 49 89 f5 41 54 55 48 89 fd 53 48 83 ec 60
0x00007faa0a02c882:   48 8b 06 80 3a 00 be 01 01 00 00 4c 8b 70 18 66
0x00007faa0a02c892:   89 74 24 20 74 09 48 89 14 24 c6 44 24 20 03 48
0x00007faa0a02c8a2:   8b 7d 30 e8 d6 15 fc ff 48 89 c7 e8 4e 47 0e 00
0x00007faa0a02c8b2:   4c 89 f6 48 89 c7 e8 b3 46 01 00 be 01 00 00 00
0x00007faa0a02c8c2:   bf 40 00 00 00 89 c3 b8 01 01 00 00 66 89 44 24
0x00007faa0a02c8d2:   50 e8 a8 0a 13 00 48 8d 4c 24 30 41 89 d9 45 31
0x00007faa0a02c8e2:   c0 48 83 ec 08 48 89 c7 4c 89 ea 4c 89 f6 6a 00
0x00007faa0a02c8f2:   49 89 c4 e8 26 5d 09 00 48 8b 7d 50 48 8b 4d 30
0x00007faa0a02c902:   4c 89 e6 48 8d 54 24 10 4c 8b 45 38 48 8b 07 ff
0x00007faa0a02c912:   50 10 48 8b 5d 00 8b 6d 08 5a 59 48 c1 e5 04 48
0x00007faa0a02c922:   01 dd 48 39 eb 74 1e 0f 1f 80 00 00 00 00 48 8b
0x00007faa0a02c932:   53 08 8b 33 4c 89 e7 48 83 c3 10 e8 fe 14 0e 00
0x00007faa0a02c942:   48 39 dd 75 e9 48 83 c4 60 4c 89 e0 5b 5d 41 5c
0x00007faa0a02c952:   41 5d 41 5e c3 66 0f 1f 84 00 00 00 00 00 41 56
0x00007faa0a02c962:   49 89 d6 41 55 49 89 f5 be 01 01 00 00 41 54 55
0x00007faa0a02c972:   48 89 fd 53 48 83 ec 60 80 39 00 66 89 74 24 20 


Stack slot to memory mapping:
stack at sp + 0 slots: 0x0 is NULL
stack at sp + 1 slots: 0x0 is NULL
stack at sp + 2 slots: 0xcafebabecafebabe is an unknown value
stack at sp + 3 slots: 0x0 is NULL
stack at sp + 4 slots: 0x0 is NULL
stack at sp + 5 slots: 0x0 is NULL
stack at sp + 6 slots: 0x0 is NULL
stack at sp + 7 slots: 0x0 is NULL


---------------  P R O C E S S  ---------------

Threads class SMR info:
_java_thread_list=0x00007faa64211f10, length=11, elements={
0x00007faa64016800, 0x00007faa64120000, 0x00007faa64122000, 0x00007faa64128800,
0x00007faa6412a800, 0x00007faa6412c800, 0x00007faa6412f000, 0x00007faa64131000,
0x00007faa6414f000, 0x00007faa641f5000, 0x00007faa6420f800
}

Java Threads: ( => current thread )
=>0x00007faa64016800 JavaThread "main" [_thread_in_native, id=14592, stack(0x00007faa6c500000,0x00007faa6c600000)]
  0x00007faa64120000 JavaThread "Reference Handler" daemon [_thread_blocked, id=14605, stack(0x00007faa4c3fe000,0x00007faa4c4fe000)]
  0x00007faa64122000 JavaThread "Finalizer" daemon [_thread_blocked, id=14606, stack(0x00007faa4c2fe000,0x00007faa4c3fe000)]
  0x00007faa64128800 JavaThread "Signal Dispatcher" daemon [_thread_blocked, id=14607, stack(0x00007faa4c1fe000,0x00007faa4c2fe000)]
  0x00007faa6412a800 JavaThread "Service Thread" daemon [_thread_blocked, id=14609, stack(0x00007faa4c0fe000,0x00007faa4c1fe000)]
  0x00007faa6412c800 JavaThread "C2 CompilerThread0" daemon [_thread_blocked, id=14610, stack(0x00007faa3c900000,0x00007faa3ca00000)]
  0x00007faa6412f000 JavaThread "C1 CompilerThread0" daemon [_thread_blocked, id=14611, stack(0x00007faa3c800000,0x00007faa3c900000)]
  0x00007faa64131000 JavaThread "Sweeper thread" daemon [_thread_blocked, id=14613, stack(0x00007faa3c700000,0x00007faa3c800000)]
  0x00007faa6414f000 JavaThread "Common-Cleaner" daemon [_thread_blocked, id=14619, stack(0x00007faa3c600000,0x00007faa3c700000)]
  0x00007faa641f5000 JavaThread "Monitor Ctrl-Break" daemon [_thread_in_native, id=14622, stack(0x00007faa3c500000,0x00007faa3c600000)]
  0x00007faa6420f800 JavaThread "JavaCPP Deallocator" daemon [_thread_blocked, id=14625, stack(0x00007faa3c2fe000,0x00007faa3c3fe000)]

Other Threads:
  0x00007faa6411d000 VMThread "VM Thread" [stack: 0x00007faa4c500000,0x00007faa4c600000] [id=14604]
  0x00007faa641f6800 WatcherThread [stack: 0x00007faa3c400000,0x00007faa3c500000] [id=14623]
  0x00007faa6402f800 GCTaskThread "GC Thread#0" [stack: 0x00007faa6ac15000,0x00007faa6ad15000] [id=14593]
  0x00007faa34001000 GCTaskThread "GC Thread#1" [stack: 0x00007faa3c1fe000,0x00007faa3c2fe000] [id=14626]
  0x00007faa6404a800 ConcurrentGCThread "G1 Main Marker" [stack: 0x00007faa684c6000,0x00007faa685c6000] [id=14595]
  0x00007faa6404c800 ConcurrentGCThread "G1 Conc#0" [stack: 0x00007faa683c4000,0x00007faa684c4000] [id=14596]
  0x00007faa64087800 ConcurrentGCThread "G1 Refine#0" [stack: 0x00007faa680c0000,0x00007faa681c0000] [id=14597]
  0x00007faa64089800 ConcurrentGCThread "G1 Young RemSet Sampling" [stack: 0x00007faa63f00000,0x00007faa64000000] [id=14598]

Threads with active compile tasks:

VM state:not at safepoint (normal execution)

VM Mutex/Monitor currently owned by a thread: None

Heap address: 0x00000000c2e00000, size: 978 MB, Compressed Oops mode: 32-bit
Narrow klass base: 0x0000000800000000, Narrow klass shift: 3
Compressed class space size: 1073741824 Address: 0x0000000840000000

Heap:
 garbage-first heap   total 65536K, used 5423K [0x00000000c2e00000, 0x0000000100000000)
  region size 1024K, 5 young (5120K), 1 survivors (1024K)
 Metaspace       used 3977K, capacity 6614K, committed 6912K, reserved 1056768K
  class space    used 437K, capacity 695K, committed 768K, reserved 1048576K
Heap Regions: E=young(eden), S=young(survivor), O=old, HS=humongous(starts), HC=humongous(continues), CS=collection set, F=free, A=archive, TAMS=top-at-mark-start (previous, next)
|   0|0x00000000c2e00000, 0x00000000c2e99c08, 0x00000000c2f00000| 60%| O|  |TAMS 0x00000000c2e00000, 0x00000000c2e00000| Untracked 
|   1|0x00000000c2f00000, 0x00000000c2f00000, 0x00000000c3000000|  0%| F|  |TAMS 0x00000000c2f00000, 0x00000000c2f00000| Untracked 
|   2|0x00000000c3000000, 0x00000000c3000000, 0x00000000c3100000|  0%| F|  |TAMS 0x00000000c3000000, 0x00000000c3000000| Untracked 
|   3|0x00000000c3100000, 0x00000000c3100000, 0x00000000c3200000|  0%| F|  |TAMS 0x00000000c3100000, 0x00000000c3100000| Untracked 
|   4|0x00000000c3200000, 0x00000000c3200000, 0x00000000c3300000|  0%| F|  |TAMS 0x00000000c3200000, 0x00000000c3200000| Untracked 
|   5|0x00000000c3300000, 0x00000000c3300000, 0x00000000c3400000|  0%| F|  |TAMS 0x00000000c3300000, 0x00000000c3300000| Untracked 
|   6|0x00000000c3400000, 0x00000000c3400000, 0x00000000c3500000|  0%| F|  |TAMS 0x00000000c3400000, 0x00000000c3400000| Untracked 
|   7|0x00000000c3500000, 0x00000000c3500000, 0x00000000c3600000|  0%| F|  |TAMS 0x00000000c3500000, 0x00000000c3500000| Untracked 
|   8|0x00000000c3600000, 0x00000000c3600000, 0x00000000c3700000|  0%| F|  |TAMS 0x00000000c3600000, 0x00000000c3600000| Untracked 
|   9|0x00000000c3700000, 0x00000000c3700000, 0x00000000c3800000|  0%| F|  |TAMS 0x00000000c3700000, 0x00000000c3700000| Untracked 
|  10|0x00000000c3800000, 0x00000000c3800000, 0x00000000c3900000|  0%| F|  |TAMS 0x00000000c3800000, 0x00000000c3800000| Untracked 
|  11|0x00000000c3900000, 0x00000000c3900000, 0x00000000c3a00000|  0%| F|  |TAMS 0x00000000c3900000, 0x00000000c3900000| Untracked 
|  12|0x00000000c3a00000, 0x00000000c3a00000, 0x00000000c3b00000|  0%| F|  |TAMS 0x00000000c3a00000, 0x00000000c3a00000| Untracked 
|  13|0x00000000c3b00000, 0x00000000c3b00000, 0x00000000c3c00000|  0%| F|  |TAMS 0x00000000c3b00000, 0x00000000c3b00000| Untracked 
|  14|0x00000000c3c00000, 0x00000000c3c00000, 0x00000000c3d00000|  0%| F|  |TAMS 0x00000000c3c00000, 0x00000000c3c00000| Untracked 
|  15|0x00000000c3d00000, 0x00000000c3d00000, 0x00000000c3e00000|  0%| F|  |TAMS 0x00000000c3d00000, 0x00000000c3d00000| Untracked 
|  16|0x00000000c3e00000, 0x00000000c3e00000, 0x00000000c3f00000|  0%| F|  |TAMS 0x00000000c3e00000, 0x00000000c3e00000| Untracked 
|  17|0x00000000c3f00000, 0x00000000c3f00000, 0x00000000c4000000|  0%| F|  |TAMS 0x00000000c3f00000, 0x00000000c3f00000| Untracked 
|  18|0x00000000c4000000, 0x00000000c4000000, 0x00000000c4100000|  0%| F|  |TAMS 0x00000000c4000000, 0x00000000c4000000| Untracked 
|  19|0x00000000c4100000, 0x00000000c4100000, 0x00000000c4200000|  0%| F|  |TAMS 0x00000000c4100000, 0x00000000c4100000| Untracked 
|  20|0x00000000c4200000, 0x00000000c4200000, 0x00000000c4300000|  0%| F|  |TAMS 0x00000000c4200000, 0x00000000c4200000| Untracked 
|  21|0x00000000c4300000, 0x00000000c4300000, 0x00000000c4400000|  0%| F|  |TAMS 0x00000000c4300000, 0x00000000c4300000| Untracked 
|  22|0x00000000c4400000, 0x00000000c4400000, 0x00000000c4500000|  0%| F|  |TAMS 0x00000000c4400000, 0x00000000c4400000| Untracked 
|  23|0x00000000c4500000, 0x00000000c4500000, 0x00000000c4600000|  0%| F|  |TAMS 0x00000000c4500000, 0x00000000c4500000| Untracked 
|  24|0x00000000c4600000, 0x00000000c4600000, 0x00000000c4700000|  0%| F|  |TAMS 0x00000000c4600000, 0x00000000c4600000| Untracked 
|  25|0x00000000c4700000, 0x00000000c4700000, 0x00000000c4800000|  0%| F|  |TAMS 0x00000000c4700000, 0x00000000c4700000| Untracked 
|  26|0x00000000c4800000, 0x00000000c4800000, 0x00000000c4900000|  0%| F|  |TAMS 0x00000000c4800000, 0x00000000c4800000| Untracked 
|  27|0x00000000c4900000, 0x00000000c4900000, 0x00000000c4a00000|  0%| F|  |TAMS 0x00000000c4900000, 0x00000000c4900000| Untracked 
|  28|0x00000000c4a00000, 0x00000000c4a00000, 0x00000000c4b00000|  0%| F|  |TAMS 0x00000000c4a00000, 0x00000000c4a00000| Untracked 
|  29|0x00000000c4b00000, 0x00000000c4b00000, 0x00000000c4c00000|  0%| F|  |TAMS 0x00000000c4b00000, 0x00000000c4b00000| Untracked 
|  30|0x00000000c4c00000, 0x00000000c4c00000, 0x00000000c4d00000|  0%| F|  |TAMS 0x00000000c4c00000, 0x00000000c4c00000| Untracked 
|  31|0x00000000c4d00000, 0x00000000c4d00000, 0x00000000c4e00000|  0%| F|  |TAMS 0x00000000c4d00000, 0x00000000c4d00000| Untracked 
|  32|0x00000000c4e00000, 0x00000000c4e00000, 0x00000000c4f00000|  0%| F|  |TAMS 0x00000000c4e00000, 0x00000000c4e00000| Untracked 
|  33|0x00000000c4f00000, 0x00000000c4f00000, 0x00000000c5000000|  0%| F|  |TAMS 0x00000000c4f00000, 0x00000000c4f00000| Untracked 
|  34|0x00000000c5000000, 0x00000000c5000000, 0x00000000c5100000|  0%| F|  |TAMS 0x00000000c5000000, 0x00000000c5000000| Untracked 
|  35|0x00000000c5100000, 0x00000000c5100000, 0x00000000c5200000|  0%| F|  |TAMS 0x00000000c5100000, 0x00000000c5100000| Untracked 
|  36|0x00000000c5200000, 0x00000000c5200000, 0x00000000c5300000|  0%| F|  |TAMS 0x00000000c5200000, 0x00000000c5200000| Untracked 
|  37|0x00000000c5300000, 0x00000000c5300000, 0x00000000c5400000|  0%| F|  |TAMS 0x00000000c5300000, 0x00000000c5300000| Untracked 
|  38|0x00000000c5400000, 0x00000000c5400000, 0x00000000c5500000|  0%| F|  |TAMS 0x00000000c5400000, 0x00000000c5400000| Untracked 
|  39|0x00000000c5500000, 0x00000000c5500000, 0x00000000c5600000|  0%| F|  |TAMS 0x00000000c5500000, 0x00000000c5500000| Untracked 
|  40|0x00000000c5600000, 0x00000000c5600000, 0x00000000c5700000|  0%| F|  |TAMS 0x00000000c5600000, 0x00000000c5600000| Untracked 
|  41|0x00000000c5700000, 0x00000000c5700000, 0x00000000c5800000|  0%| F|  |TAMS 0x00000000c5700000, 0x00000000c5700000| Untracked 
|  42|0x00000000c5800000, 0x00000000c5800000, 0x00000000c5900000|  0%| F|  |TAMS 0x00000000c5800000, 0x00000000c5800000| Untracked 
|  43|0x00000000c5900000, 0x00000000c5900000, 0x00000000c5a00000|  0%| F|  |TAMS 0x00000000c5900000, 0x00000000c5900000| Untracked 
|  44|0x00000000c5a00000, 0x00000000c5a00000, 0x00000000c5b00000|  0%| F|  |TAMS 0x00000000c5a00000, 0x00000000c5a00000| Untracked 
|  45|0x00000000c5b00000, 0x00000000c5b00000, 0x00000000c5c00000|  0%| F|  |TAMS 0x00000000c5b00000, 0x00000000c5b00000| Untracked 
|  46|0x00000000c5c00000, 0x00000000c5c00000, 0x00000000c5d00000|  0%| F|  |TAMS 0x00000000c5c00000, 0x00000000c5c00000| Untracked 
|  47|0x00000000c5d00000, 0x00000000c5d00000, 0x00000000c5e00000|  0%| F|  |TAMS 0x00000000c5d00000, 0x00000000c5d00000| Untracked 
|  48|0x00000000c5e00000, 0x00000000c5e00000, 0x00000000c5f00000|  0%| F|  |TAMS 0x00000000c5e00000, 0x00000000c5e00000| Untracked 
|  49|0x00000000c5f00000, 0x00000000c5f00000, 0x00000000c6000000|  0%| F|  |TAMS 0x00000000c5f00000, 0x00000000c5f00000| Untracked 
|  50|0x00000000c6000000, 0x00000000c6000000, 0x00000000c6100000|  0%| F|  |TAMS 0x00000000c6000000, 0x00000000c6000000| Untracked 
|  51|0x00000000c6100000, 0x00000000c6100000, 0x00000000c6200000|  0%| F|  |TAMS 0x00000000c6100000, 0x00000000c6100000| Untracked 
|  52|0x00000000c6200000, 0x00000000c6200000, 0x00000000c6300000|  0%| F|  |TAMS 0x00000000c6200000, 0x00000000c6200000| Untracked 
|  53|0x00000000c6300000, 0x00000000c6300000, 0x00000000c6400000|  0%| F|  |TAMS 0x00000000c6300000, 0x00000000c6300000| Untracked 
|  54|0x00000000c6400000, 0x00000000c6500000, 0x00000000c6500000|100%| S|CS|TAMS 0x00000000c6400000, 0x00000000c6400000| Complete 
|  55|0x00000000c6500000, 0x00000000c6500000, 0x00000000c6600000|  0%| F|  |TAMS 0x00000000c6500000, 0x00000000c6500000| Untracked 
|  56|0x00000000c6600000, 0x00000000c6600000, 0x00000000c6700000|  0%| F|  |TAMS 0x00000000c6600000, 0x00000000c6600000| Untracked 
|  57|0x00000000c6700000, 0x00000000c6700000, 0x00000000c6800000|  0%| F|  |TAMS 0x00000000c6700000, 0x00000000c6700000| Untracked 
|  58|0x00000000c6800000, 0x00000000c6900000, 0x00000000c6900000|100%| E|  |TAMS 0x00000000c6800000, 0x00000000c6800000| Complete 
|  59|0x00000000c6900000, 0x00000000c6a00000, 0x00000000c6a00000|100%| E|CS|TAMS 0x00000000c6900000, 0x00000000c6900000| Complete 
|  60|0x00000000c6a00000, 0x00000000c6b00000, 0x00000000c6b00000|100%| E|CS|TAMS 0x00000000c6a00000, 0x00000000c6a00000| Complete 
|  61|0x00000000c6b00000, 0x00000000c6c00000, 0x00000000c6c00000|100%| E|CS|TAMS 0x00000000c6b00000, 0x00000000c6b00000| Complete 
| 976|0x00000000ffe00000, 0x00000000ffe47000, 0x00000000fff00000| 27%|OA|  |TAMS 0x00000000ffe00000, 0x00000000ffe00000| Untracked 
| 977|0x00000000fff00000, 0x00000000fff6b000, 0x0000000100000000| 41%|CA|  |TAMS 0x00000000fff00000, 0x00000000fff00000| Untracked 

Card table byte_map: [0x00007faa6a63f000,0x00007faa6a828000] _byte_map_base: 0x00007faa6a028000

Marking Bits (Prev, Next): (CMBitMap*) 0x00007faa64045b88, (CMBitMap*) 0x00007faa64045bc0
 Prev Bits: [0x00007faa6950e000, 0x00007faa6a456000)
 Next Bits: [0x00007faa685c6000, 0x00007faa6950e000)

Polling page: 0x00007faa6c953000

Metaspace:

Usage:
  Non-class:      5.78 MB capacity,     3.46 MB ( 60%) used,     2.32 MB ( 40%) free+waste,     6.94 KB ( <1%) overhead. 
      Class:    695.00 KB capacity,   437.95 KB ( 63%) used,   253.30 KB ( 36%) free+waste,     3.75 KB ( <1%) overhead. 
       Both:      6.46 MB capacity,     3.88 MB ( 60%) used,     2.56 MB ( 40%) free+waste,    10.69 KB ( <1%) overhead. 

Virtual space:
  Non-class space:        8.00 MB reserved,       6.00 MB ( 75%) committed 
      Class space:        1.00 GB reserved,     768.00 KB ( <1%) committed 
             Both:        1.01 GB reserved,       6.75 MB ( <1%) committed 

Chunk freelists:
   Non-Class:  33.00 KB
       Class:  9.00 KB
        Both:  42.00 KB

MaxMetaspaceSize: unlimited
CompressedClassSpaceSize: 1.00 GB
Initial GC threshold: 20.80 MB
Current GC threshold: 20.80 MB
CDS: on

CodeHeap 'non-profiled nmethods': size=120036Kb used=222Kb max_used=222Kb free=119813Kb
 bounds [0x00007faa540c7000, 0x00007faa54337000, 0x00007faa5b600000]
CodeHeap 'profiled nmethods': size=120032Kb used=1213Kb max_used=1213Kb free=118818Kb
 bounds [0x00007faa4cb8f000, 0x00007faa4cdff000, 0x00007faa540c7000]
CodeHeap 'non-nmethods': size=5692Kb used=1158Kb max_used=1170Kb free=4533Kb
 bounds [0x00007faa4c600000, 0x00007faa4c870000, 0x00007faa4cb8f000]
 total_blobs=1136 nmethods=727 adapters=323
 compilation: enabled
              stopped_count=0, restarted_count=0
 full_count=0

Compilation events (20 events):
Event: 0.417 Thread 0x00007faa6412f000  706       3       java.lang.invoke.LambdaForm::parameterType (9 bytes)
Event: 0.417 Thread 0x00007faa6412f000 nmethod 706 0x00007faa4cca9d90 code [0x00007faa4cca9f40, 0x00007faa4ccaa0a0]
Event: 0.417 Thread 0x00007faa6412f000  707       3       java.lang.invoke.MethodHandles$Lookup::lookupClassOrNull (17 bytes)
Event: 0.417 Thread 0x00007faa6412f000 nmethod 707 0x00007faa4ccaa190 code [0x00007faa4ccaa340, 0x00007faa4ccaa4d0]
Event: 0.417 Thread 0x00007faa6412f000  710       3       sun.invoke.util.Wrapper::forPrimitiveType (49 bytes)
Event: 0.419 Thread 0x00007faa6412f000 nmethod 710 0x00007faa4ccaa590 code [0x00007faa4ccaa920, 0x00007faa4ccabe80]
Event: 0.419 Thread 0x00007faa6412f000  708       3       java.lang.invoke.MethodType::parameterSlotCount (8 bytes)
Event: 0.419 Thread 0x00007faa6412f000 nmethod 708 0x00007faa4ccac690 code [0x00007faa4ccac840, 0x00007faa4ccaca50]
Event: 0.419 Thread 0x00007faa6412f000  709       3       java.lang.invoke.MethodTypeForm::parameterSlotCount (9 bytes)
Event: 0.419 Thread 0x00007faa6412f000 nmethod 709 0x00007faa4ccacb90 code [0x00007faa4ccacd40, 0x00007faa4ccaced0]
Event: 0.419 Thread 0x00007faa6412f000  712       3       java.util.ImmutableCollections$ListN::size (6 bytes)
Event: 0.419 Thread 0x00007faa6412f000 nmethod 712 0x00007faa4ccacf90 code [0x00007faa4ccad140, 0x00007faa4ccad270]
Event: 0.419 Thread 0x00007faa6412f000  711       3       java.lang.invoke.MemberName::checkForTypeAlias (168 bytes)
Event: 0.420 Thread 0x00007faa6412f000 nmethod 711 0x00007faa4ccad310 code [0x00007faa4ccad7c0, 0x00007faa4ccafa90]
Event: 0.420 Thread 0x00007faa6412f000  714       1       java.lang.invoke.LambdaForm$Name::type (5 bytes)
Event: 0.420 Thread 0x00007faa6412f000 nmethod 714 0x00007faa540fd790 code [0x00007faa540fd940, 0x00007faa540fda10]
Event: 0.420 Thread 0x00007faa6412f000  715       3       java.lang.invoke.LambdaForm$Name::useCount (42 bytes)
Event: 0.421 Thread 0x00007faa6412f000 nmethod 715 0x00007faa4ccb0490 code [0x00007faa4ccb0660, 0x00007faa4ccb0970]
Event: 0.421 Thread 0x00007faa6412f000  716       3       jdk.internal.org.objectweb.asm.Frame::execute (2264 bytes)
Event: 0.424 Thread 0x00007faa6412f000 nmethod 716 0x00007faa4ccb0a90 code [0x00007faa4ccb1920, 0x00007faa4ccb85f0]

GC Heap History (2 events):
Event: 0.262 GC heap before
{Heap before GC invocations=0 (full 0):
 garbage-first heap   total 65536K, used 6856K [0x00000000c2e00000, 0x0000000100000000)
  region size 1024K, 7 young (7168K), 0 survivors (0K)
 Metaspace       used 3090K, capacity 5908K, committed 6016K, reserved 1056768K
  class space    used 337K, capacity 586K, committed 640K, reserved 1048576K
}
Event: 0.273 GC heap after
{Heap after GC invocations=1 (full 0):
 garbage-first heap   total 65536K, used 2351K [0x00000000c2e00000, 0x0000000100000000)
  region size 1024K, 1 young (1024K), 1 survivors (1024K)
 Metaspace       used 3090K, capacity 5908K, committed 6016K, reserved 1056768K
  class space    used 337K, capacity 586K, committed 640K, reserved 1048576K
}

Deoptimization events (20 events):
Event: 0.313 Thread 0x00007faa64016800 DEOPT PACKING pc=0x00007faa4cbf6dc2 sp=0x00007faa6c5fd4c0
Event: 0.313 Thread 0x00007faa64016800 DEOPT UNPACKING pc=0x00007faa4c6499fa sp=0x00007faa6c5fc948 mode 0
Event: 0.322 Thread 0x00007faa64016800 DEOPT PACKING pc=0x00007faa4cbf87a4 sp=0x00007faa6c5fd540
Event: 0.322 Thread 0x00007faa64016800 DEOPT UNPACKING pc=0x00007faa4c6499fa sp=0x00007faa6c5fc9b8 mode 0
Event: 0.404 Thread 0x00007faa64016800 Uncommon trap: trap_request=0xffffffc6 fr.pc=0x00007faa540d1024 relative=0x0000000000000084
Event: 0.404 Thread 0x00007faa64016800 Uncommon trap: reason=bimorphic_or_optimized_type_check action=maybe_recompile pc=0x00007faa540d1024 method=java.util.AbstractCollection.isEmpty()Z @ 1 c2
Event: 0.404 Thread 0x00007faa64016800 DEOPT PACKING pc=0x00007faa540d1024 sp=0x00007faa6c5fd340
Event: 0.404 Thread 0x00007faa64016800 DEOPT UNPACKING pc=0x00007faa4c6082a5 sp=0x00007faa6c5fd2f0 mode 2
Event: 0.404 Thread 0x00007faa64016800 Uncommon trap: trap_request=0xffffffc6 fr.pc=0x00007faa540d1024 relative=0x0000000000000084
Event: 0.404 Thread 0x00007faa64016800 Uncommon trap: reason=bimorphic_or_optimized_type_check action=maybe_recompile pc=0x00007faa540d1024 method=java.util.AbstractCollection.isEmpty()Z @ 1 c2
Event: 0.404 Thread 0x00007faa64016800 DEOPT PACKING pc=0x00007faa540d1024 sp=0x00007faa6c5fd510
Event: 0.404 Thread 0x00007faa64016800 DEOPT UNPACKING pc=0x00007faa4c6082a5 sp=0x00007faa6c5fd4c0 mode 2
Event: 0.406 Thread 0x00007faa64016800 Uncommon trap: trap_request=0xffffffc6 fr.pc=0x00007faa540d1024 relative=0x0000000000000084
Event: 0.406 Thread 0x00007faa64016800 Uncommon trap: reason=bimorphic_or_optimized_type_check action=maybe_recompile pc=0x00007faa540d1024 method=java.util.AbstractCollection.isEmpty()Z @ 1 c2
Event: 0.406 Thread 0x00007faa64016800 DEOPT PACKING pc=0x00007faa540d1024 sp=0x00007faa6c5fd530
Event: 0.407 Thread 0x00007faa64016800 DEOPT UNPACKING pc=0x00007faa4c6082a5 sp=0x00007faa6c5fd4e0 mode 2
Event: 0.407 Thread 0x00007faa64016800 Uncommon trap: trap_request=0xffffffc6 fr.pc=0x00007faa540d1024 relative=0x0000000000000084
Event: 0.407 Thread 0x00007faa64016800 Uncommon trap: reason=bimorphic_or_optimized_type_check action=maybe_recompile pc=0x00007faa540d1024 method=java.util.AbstractCollection.isEmpty()Z @ 1 c2
Event: 0.407 Thread 0x00007faa64016800 DEOPT PACKING pc=0x00007faa540d1024 sp=0x00007faa6c5fd340
Event: 0.407 Thread 0x00007faa64016800 DEOPT UNPACKING pc=0x00007faa4c6082a5 sp=0x00007faa6c5fd2f0 mode 2

Classes redefined (0 events):
No events

Internal exceptions (20 events):
Event: 0.104 Thread 0x00007faa64016800 Exception <a 'java/security/PrivilegedActionException'{0x00000000c6ae0d50}> (0x00000000c6ae0d50) thrown at [./src/hotspot/share/prims/jvm.cpp, line 1304]
Event: 0.104 Thread 0x00007faa64016800 Exception <a 'java/security/PrivilegedActionException'{0x00000000c6ae1020}> (0x00000000c6ae1020) thrown at [./src/hotspot/share/prims/jvm.cpp, line 1304]
Event: 0.104 Thread 0x00007faa64016800 Exception <a 'java/security/PrivilegedActionException'{0x00000000c6ae1990}> (0x00000000c6ae1990) thrown at [./src/hotspot/share/prims/jvm.cpp, line 1304]
Event: 0.104 Thread 0x00007faa64016800 Exception <a 'java/security/PrivilegedActionException'{0x00000000c6ae1c60}> (0x00000000c6ae1c60) thrown at [./src/hotspot/share/prims/jvm.cpp, line 1304]
Event: 0.104 Thread 0x00007faa64016800 Exception <a 'java/security/PrivilegedActionException'{0x00000000c6ae25d0}> (0x00000000c6ae25d0) thrown at [./src/hotspot/share/prims/jvm.cpp, line 1304]
Event: 0.104 Thread 0x00007faa64016800 Exception <a 'java/security/PrivilegedActionException'{0x00000000c6ae28a0}> (0x00000000c6ae28a0) thrown at [./src/hotspot/share/prims/jvm.cpp, line 1304]
Event: 0.104 Thread 0x00007faa64016800 Exception <a 'java/security/PrivilegedActionException'{0x00000000c6ae3228}> (0x00000000c6ae3228) thrown at [./src/hotspot/share/prims/jvm.cpp, line 1304]
Event: 0.104 Thread 0x00007faa64016800 Exception <a 'java/security/PrivilegedActionException'{0x00000000c6ae34f8}> (0x00000000c6ae34f8) thrown at [./src/hotspot/share/prims/jvm.cpp, line 1304]
Event: 0.104 Thread 0x00007faa64016800 Exception <a 'java/security/PrivilegedActionException'{0x00000000c6ae3e80}> (0x00000000c6ae3e80) thrown at [./src/hotspot/share/prims/jvm.cpp, line 1304]
Event: 0.104 Thread 0x00007faa64016800 Exception <a 'java/security/PrivilegedActionException'{0x00000000c6ae4150}> (0x00000000c6ae4150) thrown at [./src/hotspot/share/prims/jvm.cpp, line 1304]
Event: 0.104 Thread 0x00007faa64016800 Exception <a 'java/security/PrivilegedActionException'{0x00000000c6ae4ad8}> (0x00000000c6ae4ad8) thrown at [./src/hotspot/share/prims/jvm.cpp, line 1304]
Event: 0.104 Thread 0x00007faa64016800 Exception <a 'java/security/PrivilegedActionException'{0x00000000c6ae4da8}> (0x00000000c6ae4da8) thrown at [./src/hotspot/share/prims/jvm.cpp, line 1304]
Event: 0.104 Thread 0x00007faa64016800 Exception <a 'java/security/PrivilegedActionException'{0x00000000c6ae5718}> (0x00000000c6ae5718) thrown at [./src/hotspot/share/prims/jvm.cpp, line 1304]
Event: 0.104 Thread 0x00007faa64016800 Exception <a 'java/security/PrivilegedActionException'{0x00000000c6ae59e8}> (0x00000000c6ae59e8) thrown at [./src/hotspot/share/prims/jvm.cpp, line 1304]
Event: 0.104 Thread 0x00007faa64016800 Exception <a 'java/security/PrivilegedActionException'{0x00000000c6ae6370}> (0x00000000c6ae6370) thrown at [./src/hotspot/share/prims/jvm.cpp, line 1304]
Event: 0.104 Thread 0x00007faa64016800 Exception <a 'java/security/PrivilegedActionException'{0x00000000c6ae6640}> (0x00000000c6ae6640) thrown at [./src/hotspot/share/prims/jvm.cpp, line 1304]
Event: 0.125 Thread 0x00007faa64016800 Exception <a 'java/lang/NoSuchMethodError'{0x00000000c69958f0}: 'int java.lang.invoke.DirectMethodHandle$Holder.invokeStaticInit(java.lang.Object, java.lang.Object, java.lang.Object, java.lang.Object)'> (0x00000000c69958f0) thrown at [./src/hotspot/share/interpreter/linkResolver.cpp, line 772]
Event: 0.128 Thread 0x00007faa64016800 Exception <a 'java/lang/IncompatibleClassChangeError'{0x00000000c699f670}: Found class java.lang.Object, but interface was expected> (0x00000000c699f670) thrown at [./src/hotspot/share/interpreter/linkResolver.cpp, line 839]
Event: 0.128 Thread 0x00007faa64016800 Exception <a 'java/lang/NoSuchMethodError'{0x00000000c69a2820}: 'void java.lang.invoke.DirectMethodHandle$Holder.invokeStaticInit(java.lang.Object, java.lang.Object)'> (0x00000000c69a2820) thrown at [./src/hotspot/share/interpreter/linkResolver.cpp, line 772]
Event: 0.129 Thread 0x00007faa64016800 Exception <a 'java/lang/NoSuchMethodError'{0x00000000c69a7c90}: 'int java.lang.invoke.DirectMethodHandle$Holder.invokeStaticInit(java.lang.Object, java.lang.Object)'> (0x00000000c69a7c90) thrown at [./src/hotspot/share/interpreter/linkResolver.cpp, line 772]

Events (20 events):
Event: 0.379 loading class org/bytedeco/javacpp/PointerScope$1
Event: 0.379 loading class org/bytedeco/javacpp/PointerScope$1 done
Event: 0.392 Executing VM operation: Deoptimize
Event: 0.393 Executing VM operation: Deoptimize done
Event: 0.404 loading class java/lang/invoke/BoundMethodHandle$Species_LL
Event: 0.404 loading class java/lang/invoke/BoundMethodHandle$Species_LL done
Event: 0.407 loading class java/lang/invoke/BoundMethodHandle$Species_LLL
Event: 0.407 loading class java/lang/invoke/BoundMethodHandle$Species_LLL done
Event: 0.409 loading class java/lang/invoke/BoundMethodHandle$Species_LLLL
Event: 0.409 loading class java/lang/invoke/BoundMethodHandle$Species_LLLL done
Event: 0.412 loading class java/lang/invoke/BoundMethodHandle$Species_LLLLL
Event: 0.412 loading class java/lang/invoke/BoundMethodHandle$Species_LLLLL done
Event: 0.414 loading class java/lang/invoke/BoundMethodHandle$Species_LLLLLL
Event: 0.414 loading class java/lang/invoke/BoundMethodHandle$Species_LLLLLL done
Event: 0.417 loading class java/lang/invoke/BoundMethodHandle$Species_LLLLLLI
Event: 0.417 loading class java/lang/invoke/BoundMethodHandle$Species_LLLLLLI done
Event: 0.424 loading class java/lang/invoke/BoundMethodHandle$Species_LLLLLLII
Event: 0.424 loading class java/lang/invoke/BoundMethodHandle$Species_LLLLLLII done
Event: 0.425 loading class java/lang/invoke/BoundMethodHandle$Species_LLLLLLIIL
Event: 0.425 loading class java/lang/invoke/BoundMethodHandle$Species_LLLLLLIIL done


Dynamic libraries:
c2e00000-c6c00000 rw-p 00000000 00:00 0 
c6c00000-ffe00000 ---p 00000000 00:00 0 
ffe00000-ffe47000 rw-p 00b0a000 08:03 1060156                            /usr/lib/jvm/java-11-openjdk-amd64/lib/server/classes.jsa
ffe47000-fff00000 rw-p 00000000 00:00 0 
fff00000-fff6b000 rw-p 00a9f000 08:03 1060156                            /usr/lib/jvm/java-11-openjdk-amd64/lib/server/classes.jsa
fff6b000-100000000 rw-p 00000000 00:00 0 
800000000-800002000 rwxp 00001000 08:03 1060156                          /usr/lib/jvm/java-11-openjdk-amd64/lib/server/classes.jsa
800002000-8003cc000 rw-p 00003000 08:03 1060156                          /usr/lib/jvm/java-11-openjdk-amd64/lib/server/classes.jsa
8003cc000-800a9d000 r--p 003cd000 08:03 1060156                          /usr/lib/jvm/java-11-openjdk-amd64/lib/server/classes.jsa
800a9d000-800a9e000 rw-p 00a9e000 08:03 1060156                          /usr/lib/jvm/java-11-openjdk-amd64/lib/server/classes.jsa
840000000-8400c0000 rw-p 00000000 00:00 0 
8400c0000-880000000 ---p 00000000 00:00 0 
555f8a2c0000-555f8a2c1000 r--p 00000000 08:03 1058673                    /usr/lib/jvm/java-11-openjdk-amd64/bin/java
555f8a2c1000-555f8a2c2000 r-xp 00001000 08:03 1058673                    /usr/lib/jvm/java-11-openjdk-amd64/bin/java
555f8a2c2000-555f8a2c3000 r--p 00002000 08:03 1058673                    /usr/lib/jvm/java-11-openjdk-amd64/bin/java
555f8a2c3000-555f8a2c4000 r--p 00002000 08:03 1058673                    /usr/lib/jvm/java-11-openjdk-amd64/bin/java
555f8a2c4000-555f8a2c5000 rw-p 00003000 08:03 1058673                    /usr/lib/jvm/java-11-openjdk-amd64/bin/java
555f8bac8000-555f8bb0a000 rw-p 00000000 00:00 0                          [heap]
7faa09400000-7faa09d26000 r--p 00000000 08:03 1579535                    /home/doudou/.javacpp/cache/llvm-13.0.1-1.5.7-linux-x86_64.jar/org/bytedeco/llvm/linux-x86_64/libLLVM-13.so
7faa09d26000-7faa0d6e9000 r-xp 00926000 08:03 1579535                    /home/doudou/.javacpp/cache/llvm-13.0.1-1.5.7-linux-x86_64.jar/org/bytedeco/llvm/linux-x86_64/libLLVM-13.so
7faa0d6e9000-7faa0f93e000 r--p 042e9000 08:03 1579535                    /home/doudou/.javacpp/cache/llvm-13.0.1-1.5.7-linux-x86_64.jar/org/bytedeco/llvm/linux-x86_64/libLLVM-13.so
7faa0f93e000-7faa0fe53000 r--p 0653d000 08:03 1579535                    /home/doudou/.javacpp/cache/llvm-13.0.1-1.5.7-linux-x86_64.jar/org/bytedeco/llvm/linux-x86_64/libLLVM-13.so
7faa0fe53000-7faa0fe5e000 rw-p 06a52000 08:03 1579535                    /home/doudou/.javacpp/cache/llvm-13.0.1-1.5.7-linux-x86_64.jar/org/bytedeco/llvm/linux-x86_64/libLLVM-13.so
7faa0fe5e000-7faa0fed4000 rw-p 00000000 00:00 0 
7faa10000000-7faa10021000 rw-p 00000000 00:00 0 
7faa10021000-7faa14000000 ---p 00000000 00:00 0 
7faa14000000-7faa14021000 rw-p 00000000 00:00 0 
7faa14021000-7faa18000000 ---p 00000000 00:00 0 
7faa18000000-7faa183e9000 rw-p 00000000 00:00 0 
7faa183e9000-7faa1c000000 ---p 00000000 00:00 0 
7faa1c000000-7faa1c3a1000 rw-p 00000000 00:00 0 
7faa1c3a1000-7faa20000000 ---p 00000000 00:00 0 
7faa20000000-7faa20021000 rw-p 00000000 00:00 0 
7faa20021000-7faa24000000 ---p 00000000 00:00 0 
7faa24000000-7faa24021000 rw-p 00000000 00:00 0 
7faa24021000-7faa28000000 ---p 00000000 00:00 0 
7faa28000000-7faa28021000 rw-p 00000000 00:00 0 
7faa28021000-7faa2c000000 ---p 00000000 00:00 0 
7faa2c000000-7faa2c021000 rw-p 00000000 00:00 0 
7faa2c021000-7faa30000000 ---p 00000000 00:00 0 
7faa30000000-7faa30021000 rw-p 00000000 00:00 0 
7faa30021000-7faa34000000 ---p 00000000 00:00 0 
7faa34000000-7faa34021000 rw-p 00000000 00:00 0 
7faa34021000-7faa38000000 ---p 00000000 00:00 0 
7faa38000000-7faa38021000 rw-p 00000000 00:00 0 
7faa38021000-7faa3c000000 ---p 00000000 00:00 0 
7faa3c0f6000-7faa3c15b000 r--p 00000000 08:03 1579540                    /home/doudou/.javacpp/cache/llvm-13.0.1-1.5.7-linux-x86_64.jar/org/bytedeco/llvm/linux-x86_64/libjniLLVM.so
7faa3c15b000-7faa3c1c9000 r-xp 00065000 08:03 1579540                    /home/doudou/.javacpp/cache/llvm-13.0.1-1.5.7-linux-x86_64.jar/org/bytedeco/llvm/linux-x86_64/libjniLLVM.so
7faa3c1c9000-7faa3c1f4000 r--p 000d3000 08:03 1579540                    /home/doudou/.javacpp/cache/llvm-13.0.1-1.5.7-linux-x86_64.jar/org/bytedeco/llvm/linux-x86_64/libjniLLVM.so
7faa3c1f4000-7faa3c1f7000 r--p 000fd000 08:03 1579540                    /home/doudou/.javacpp/cache/llvm-13.0.1-1.5.7-linux-x86_64.jar/org/bytedeco/llvm/linux-x86_64/libjniLLVM.so
7faa3c1f7000-7faa3c1fa000 rw-p 00100000 08:03 1579540                    /home/doudou/.javacpp/cache/llvm-13.0.1-1.5.7-linux-x86_64.jar/org/bytedeco/llvm/linux-x86_64/libjniLLVM.so
7faa3c1fa000-7faa3c1fc000 rw-p 00000000 00:00 0 
7faa3c1fc000-7faa3c1fd000 ---p 00000000 00:00 0 
7faa3c1fd000-7faa3c2fe000 rw-p 00000000 00:00 0 
7faa3c2fe000-7faa3c302000 ---p 00000000 00:00 0 
7faa3c302000-7faa3c3fe000 rw-p 00000000 00:00 0 
7faa3c3fe000-7faa3c3ff000 ---p 00000000 00:00 0 
7faa3c3ff000-7faa3c500000 rw-p 00000000 00:00 0 
7faa3c500000-7faa3c504000 ---p 00000000 00:00 0 
7faa3c504000-7faa3c600000 rw-p 00000000 00:00 0 
7faa3c600000-7faa3c604000 ---p 00000000 00:00 0 
7faa3c604000-7faa3c700000 rw-p 00000000 00:00 0 
7faa3c700000-7faa3c704000 ---p 00000000 00:00 0 
7faa3c704000-7faa3c800000 rw-p 00000000 00:00 0 
7faa3c800000-7faa3c804000 ---p 00000000 00:00 0 
7faa3c804000-7faa3c900000 rw-p 00000000 00:00 0 
7faa3c900000-7faa3c904000 ---p 00000000 00:00 0 
7faa3c904000-7faa3ca00000 rw-p 00000000 00:00 0 
7faa3ca00000-7faa3d7e7000 r--p 00000000 08:03 534858                     /usr/lib/locale/locale-archive
7faa3d800000-7faa3de00000 rw-p 00000000 00:00 0 
7faa3de00000-7faa3e000000 ---p 00000000 00:00 0 
7faa3e000000-7faa40000000 rw-p 00000000 00:00 0 
7faa40000000-7faa40021000 rw-p 00000000 00:00 0 
7faa40021000-7faa44000000 ---p 00000000 00:00 0 
7faa44000000-7faa44021000 rw-p 00000000 00:00 0 
7faa44021000-7faa48000000 ---p 00000000 00:00 0 
7faa48000000-7faa48021000 rw-p 00000000 00:00 0 
7faa48021000-7faa4c000000 ---p 00000000 00:00 0 
7faa4c0fe000-7faa4c102000 ---p 00000000 00:00 0 
7faa4c102000-7faa4c1fe000 rw-p 00000000 00:00 0 
7faa4c1fe000-7faa4c202000 ---p 00000000 00:00 0 
7faa4c202000-7faa4c2fe000 rw-p 00000000 00:00 0 
7faa4c2fe000-7faa4c302000 ---p 00000000 00:00 0 
7faa4c302000-7faa4c3fe000 rw-p 00000000 00:00 0 
7faa4c3fe000-7faa4c402000 ---p 00000000 00:00 0 
7faa4c402000-7faa4c4fe000 rw-p 00000000 00:00 0 
7faa4c4fe000-7faa4c4ff000 ---p 00000000 00:00 0 
7faa4c4ff000-7faa4c600000 rw-p 00000000 00:00 0 
7faa4c600000-7faa4c870000 rwxp 00000000 00:00 0 
7faa4c870000-7faa4cb8f000 ---p 00000000 00:00 0 
7faa4cb8f000-7faa4cdff000 rwxp 00000000 00:00 0 
7faa4cdff000-7faa540c7000 ---p 00000000 00:00 0 
7faa540c7000-7faa54337000 rwxp 00000000 00:00 0 
7faa54337000-7faa5b600000 ---p 00000000 00:00 0 
7faa5b600000-7faa63e0b000 r--s 00000000 08:03 1058832                    /usr/lib/jvm/java-11-openjdk-amd64/lib/modules
7faa63eeb000-7faa63ef2000 r--p 00000000 08:03 1579536                    /home/doudou/.javacpp/cache/llvm-13.0.1-1.5.7-linux-x86_64.jar/org/bytedeco/llvm/linux-x86_64/libLTO.so.13
7faa63ef2000-7faa63efa000 r-xp 00007000 08:03 1579536                    /home/doudou/.javacpp/cache/llvm-13.0.1-1.5.7-linux-x86_64.jar/org/bytedeco/llvm/linux-x86_64/libLTO.so.13
7faa63efa000-7faa63efc000 r--p 0000f000 08:03 1579536                    /home/doudou/.javacpp/cache/llvm-13.0.1-1.5.7-linux-x86_64.jar/org/bytedeco/llvm/linux-x86_64/libLTO.so.13
7faa63efc000-7faa63efd000 r--p 00010000 08:03 1579536                    /home/doudou/.javacpp/cache/llvm-13.0.1-1.5.7-linux-x86_64.jar/org/bytedeco/llvm/linux-x86_64/libLTO.so.13
7faa63efd000-7faa63efe000 rw-p 00011000 08:03 1579536                    /home/doudou/.javacpp/cache/llvm-13.0.1-1.5.7-linux-x86_64.jar/org/bytedeco/llvm/linux-x86_64/libLTO.so.13
7faa63efe000-7faa63eff000 ---p 00000000 00:00 0 
7faa63eff000-7faa64000000 rw-p 00000000 00:00 0 
7faa64000000-7faa64399000 rw-p 00000000 00:00 0 
7faa64399000-7faa68000000 ---p 00000000 00:00 0 
7faa6800c000-7faa6800d000 r--p 00000000 08:03 551276                     /usr/lib/x86_64-linux-gnu/libdl.so.2
7faa6800d000-7faa6800e000 r-xp 00001000 08:03 551276                     /usr/lib/x86_64-linux-gnu/libdl.so.2
7faa6800e000-7faa6800f000 r--p 00002000 08:03 551276                     /usr/lib/x86_64-linux-gnu/libdl.so.2
7faa6800f000-7faa68010000 r--p 00002000 08:03 551276                     /usr/lib/x86_64-linux-gnu/libdl.so.2
7faa68010000-7faa68011000 rw-p 00003000 08:03 551276                     /usr/lib/x86_64-linux-gnu/libdl.so.2
7faa68011000-7faa68012000 r--p 00000000 08:03 552054                     /usr/lib/x86_64-linux-gnu/libpthread.so.0
7faa68012000-7faa68013000 r-xp 00001000 08:03 552054                     /usr/lib/x86_64-linux-gnu/libpthread.so.0
7faa68013000-7faa68014000 r--p 00002000 08:03 552054                     /usr/lib/x86_64-linux-gnu/libpthread.so.0
7faa68014000-7faa68015000 r--p 00002000 08:03 552054                     /usr/lib/x86_64-linux-gnu/libpthread.so.0
7faa68015000-7faa68016000 rw-p 00003000 08:03 552054                     /usr/lib/x86_64-linux-gnu/libpthread.so.0
7faa68019000-7faa68020000 r--s 00000000 08:03 553557                     /usr/lib/x86_64-linux-gnu/gconv/gconv-modules.cache
7faa68020000-7faa68021000 r--p 00000000 08:03 1579538                    /home/doudou/.javacpp/cache/llvm-13.0.1-1.5.7-linux-x86_64.jar/org/bytedeco/llvm/linux-x86_64/libRemarks.so.13
7faa68021000-7faa68022000 r-xp 00001000 08:03 1579538                    /home/doudou/.javacpp/cache/llvm-13.0.1-1.5.7-linux-x86_64.jar/org/bytedeco/llvm/linux-x86_64/libRemarks.so.13
7faa68022000-7faa68023000 r--p 00002000 08:03 1579538                    /home/doudou/.javacpp/cache/llvm-13.0.1-1.5.7-linux-x86_64.jar/org/bytedeco/llvm/linux-x86_64/libRemarks.so.13
7faa68023000-7faa68024000 r--p 00002000 08:03 1579538                    /home/doudou/.javacpp/cache/llvm-13.0.1-1.5.7-linux-x86_64.jar/org/bytedeco/llvm/linux-x86_64/libRemarks.so.13
7faa68024000-7faa68025000 rw-p 00003000 08:03 1579538                    /home/doudou/.javacpp/cache/llvm-13.0.1-1.5.7-linux-x86_64.jar/org/bytedeco/llvm/linux-x86_64/libRemarks.so.13
7faa68025000-7faa68029000 r--p 00000000 08:03 1058822                    /usr/lib/jvm/java-11-openjdk-amd64/lib/libnet.so
7faa68029000-7faa68037000 r-xp 00004000 08:03 1058822                    /usr/lib/jvm/java-11-openjdk-amd64/lib/libnet.so
7faa68037000-7faa6803b000 r--p 00012000 08:03 1058822                    /usr/lib/jvm/java-11-openjdk-amd64/lib/libnet.so
7faa6803b000-7faa6803c000 r--p 00015000 08:03 1058822                    /usr/lib/jvm/java-11-openjdk-amd64/lib/libnet.so
7faa6803c000-7faa6803d000 rw-p 00016000 08:03 1058822                    /usr/lib/jvm/java-11-openjdk-amd64/lib/libnet.so
7faa6803d000-7faa680be000 rw-p 00000000 00:00 0 
7faa680be000-7faa680bf000 ---p 00000000 00:00 0 
7faa680bf000-7faa683c2000 rw-p 00000000 00:00 0 
7faa683c2000-7faa683c3000 ---p 00000000 00:00 0 
7faa683c3000-7faa684c4000 rw-p 00000000 00:00 0 
7faa684c4000-7faa684c5000 ---p 00000000 00:00 0 
7faa684c5000-7faa686be000 rw-p 00000000 00:00 0 
7faa686be000-7faa69506000 ---p 00000000 00:00 0 
7faa69506000-7faa69606000 rw-p 00000000 00:00 0 
7faa69606000-7faa6a44e000 ---p 00000000 00:00 0 
7faa6a44e000-7faa6a475000 rw-p 00000000 00:00 0 
7faa6a475000-7faa6a63e000 ---p 00000000 00:00 0 
7faa6a63e000-7faa6a65e000 rw-p 00000000 00:00 0 
7faa6a65e000-7faa6a827000 ---p 00000000 00:00 0 
7faa6a827000-7faa6a847000 rw-p 00000000 00:00 0 
7faa6a847000-7faa6aa10000 ---p 00000000 00:00 0 
7faa6aa10000-7faa6ac13000 rw-p 00000000 00:00 0 
7faa6ac13000-7faa6ac14000 ---p 00000000 00:00 0 
7faa6ac14000-7faa6ad1a000 rw-p 00000000 00:00 0 
7faa6ad1a000-7faa6ae00000 ---p 00000000 00:00 0 
7faa6ae00000-7faa6ae9a000 r--p 00000000 08:03 552221                     /usr/lib/x86_64-linux-gnu/libstdc++.so.6.0.30
7faa6ae9a000-7faa6afaa000 r-xp 0009a000 08:03 552221                     /usr/lib/x86_64-linux-gnu/libstdc++.so.6.0.30
7faa6afaa000-7faa6b019000 r--p 001aa000 08:03 552221                     /usr/lib/x86_64-linux-gnu/libstdc++.so.6.0.30
7faa6b019000-7faa6b024000 r--p 00218000 08:03 552221                     /usr/lib/x86_64-linux-gnu/libstdc++.so.6.0.30
7faa6b024000-7faa6b027000 rw-p 00223000 08:03 552221                     /usr/lib/x86_64-linux-gnu/libstdc++.so.6.0.30
7faa6b027000-7faa6b02a000 rw-p 00000000 00:00 0 
7faa6b02a000-7faa6b02e000 r--p 00000000 08:03 1579530                    /home/doudou/.javacpp/cache/javacpp-1.5.7-linux-x86_64.jar/org/bytedeco/javacpp/linux-x86_64/libjnijavacpp.so
7faa6b02e000-7faa6b035000 r-xp 00004000 08:03 1579530                    /home/doudou/.javacpp/cache/javacpp-1.5.7-linux-x86_64.jar/org/bytedeco/javacpp/linux-x86_64/libjnijavacpp.so
7faa6b035000-7faa6b039000 r--p 0000b000 08:03 1579530                    /home/doudou/.javacpp/cache/javacpp-1.5.7-linux-x86_64.jar/org/bytedeco/javacpp/linux-x86_64/libjnijavacpp.so
7faa6b039000-7faa6b03a000 r--p 0000e000 08:03 1579530                    /home/doudou/.javacpp/cache/javacpp-1.5.7-linux-x86_64.jar/org/bytedeco/javacpp/linux-x86_64/libjnijavacpp.so
7faa6b03a000-7faa6b03b000 rw-p 0000f000 08:03 1579530                    /home/doudou/.javacpp/cache/javacpp-1.5.7-linux-x86_64.jar/org/bytedeco/javacpp/linux-x86_64/libjnijavacpp.so
7faa6b03b000-7faa6b03c000 r--p 00000000 08:03 1058804                    /usr/lib/jvm/java-11-openjdk-amd64/lib/libextnet.so
7faa6b03c000-7faa6b03d000 r-xp 00001000 08:03 1058804                    /usr/lib/jvm/java-11-openjdk-amd64/lib/libextnet.so
7faa6b03d000-7faa6b03e000 r--p 00002000 08:03 1058804                    /usr/lib/jvm/java-11-openjdk-amd64/lib/libextnet.so
7faa6b03e000-7faa6b03f000 r--p 00002000 08:03 1058804                    /usr/lib/jvm/java-11-openjdk-amd64/lib/libextnet.so
7faa6b03f000-7faa6b040000 rw-p 00003000 08:03 1058804                    /usr/lib/jvm/java-11-openjdk-amd64/lib/libextnet.so
7faa6b040000-7faa6b047000 r--p 00000000 08:03 1058823                    /usr/lib/jvm/java-11-openjdk-amd64/lib/libnio.so
7faa6b047000-7faa6b04f000 r-xp 00007000 08:03 1058823                    /usr/lib/jvm/java-11-openjdk-amd64/lib/libnio.so
7faa6b04f000-7faa6b052000 r--p 0000f000 08:03 1058823                    /usr/lib/jvm/java-11-openjdk-amd64/lib/libnio.so
7faa6b052000-7faa6b053000 r--p 00011000 08:03 1058823                    /usr/lib/jvm/java-11-openjdk-amd64/lib/libnio.so
7faa6b053000-7faa6b054000 rw-p 00012000 08:03 1058823                    /usr/lib/jvm/java-11-openjdk-amd64/lib/libnio.so
7faa6b054000-7faa6b0d5000 rw-p 00000000 00:00 0 
7faa6b0d5000-7faa6b1bb000 ---p 00000000 00:00 0 
7faa6b1bb000-7faa6b1c0000 rw-p 00000000 00:00 0 
7faa6b1c0000-7faa6b1c7000 ---p 00000000 00:00 0 
7faa6b1c7000-7faa6b1c9000 r--p 00000000 08:03 1058831                    /usr/lib/jvm/java-11-openjdk-amd64/lib/libzip.so
7faa6b1c9000-7faa6b1ce000 r-xp 00002000 08:03 1058831                    /usr/lib/jvm/java-11-openjdk-amd64/lib/libzip.so
7faa6b1ce000-7faa6b1d0000 r--p 00007000 08:03 1058831                    /usr/lib/jvm/java-11-openjdk-amd64/lib/libzip.so
7faa6b1d0000-7faa6b1d1000 r--p 00008000 08:03 1058831                    /usr/lib/jvm/java-11-openjdk-amd64/lib/libzip.so
7faa6b1d1000-7faa6b1d2000 rw-p 00009000 08:03 1058831                    /usr/lib/jvm/java-11-openjdk-amd64/lib/libzip.so
7faa6b1d2000-7faa6b1e0000 r--p 00000000 08:03 1058811                    /usr/lib/jvm/java-11-openjdk-amd64/lib/libjava.so
7faa6b1e0000-7faa6b1f6000 r-xp 0000e000 08:03 1058811                    /usr/lib/jvm/java-11-openjdk-amd64/lib/libjava.so
7faa6b1f6000-7faa6b1fd000 r--p 00024000 08:03 1058811                    /usr/lib/jvm/java-11-openjdk-amd64/lib/libjava.so
7faa6b1fd000-7faa6b1fe000 r--p 0002a000 08:03 1058811                    /usr/lib/jvm/java-11-openjdk-amd64/lib/libjava.so
7faa6b1fe000-7faa6b1ff000 rw-p 0002b000 08:03 1058811                    /usr/lib/jvm/java-11-openjdk-amd64/lib/libjava.so
7faa6b1ff000-7faa6b200000 rw-p 00000000 00:00 0 
7faa6b200000-7faa6b482000 r--p 00000000 08:03 1058837                    /usr/lib/jvm/java-11-openjdk-amd64/lib/server/libjvm.so
7faa6b482000-7faa6c11e000 r-xp 00282000 08:03 1058837                    /usr/lib/jvm/java-11-openjdk-amd64/lib/server/libjvm.so
7faa6c11e000-7faa6c379000 r--p 00f1e000 08:03 1058837                    /usr/lib/jvm/java-11-openjdk-amd64/lib/server/libjvm.so
7faa6c379000-7faa6c37a000 ---p 01179000 08:03 1058837                    /usr/lib/jvm/java-11-openjdk-amd64/lib/server/libjvm.so
7faa6c37a000-7faa6c43e000 r--p 01179000 08:03 1058837                    /usr/lib/jvm/java-11-openjdk-amd64/lib/server/libjvm.so
7faa6c43e000-7faa6c479000 rw-p 0123d000 08:03 1058837                    /usr/lib/jvm/java-11-openjdk-amd64/lib/server/libjvm.so
7faa6c479000-7faa6c4d0000 rw-p 00000000 00:00 0 
7faa6c4d4000-7faa6c4dc000 rw-s 00000000 08:03 262224                     /tmp/hsperfdata_doudou/14591
7faa6c4dc000-7faa6c4de000 r--p 00000000 08:03 1058806                    /usr/lib/jvm/java-11-openjdk-amd64/lib/libinstrument.so
7faa6c4de000-7faa6c4e5000 r-xp 00002000 08:03 1058806                    /usr/lib/jvm/java-11-openjdk-amd64/lib/libinstrument.so
7faa6c4e5000-7faa6c4e8000 r--p 00009000 08:03 1058806                    /usr/lib/jvm/java-11-openjdk-amd64/lib/libinstrument.so
7faa6c4e8000-7faa6c4e9000 r--p 0000b000 08:03 1058806                    /usr/lib/jvm/java-11-openjdk-amd64/lib/libinstrument.so
7faa6c4e9000-7faa6c4ea000 rw-p 0000c000 08:03 1058806                    /usr/lib/jvm/java-11-openjdk-amd64/lib/libinstrument.so
7faa6c4ea000-7faa6c4ef000 r--p 00000000 08:03 1058830                    /usr/lib/jvm/java-11-openjdk-amd64/lib/libverify.so
7faa6c4ef000-7faa6c4f6000 r-xp 00005000 08:03 1058830                    /usr/lib/jvm/java-11-openjdk-amd64/lib/libverify.so
7faa6c4f6000-7faa6c4f8000 r--p 0000c000 08:03 1058830                    /usr/lib/jvm/java-11-openjdk-amd64/lib/libverify.so
7faa6c4f8000-7faa6c4fa000 r--p 0000d000 08:03 1058830                    /usr/lib/jvm/java-11-openjdk-amd64/lib/libverify.so
7faa6c4fa000-7faa6c4fb000 rw-p 0000f000 08:03 1058830                    /usr/lib/jvm/java-11-openjdk-amd64/lib/libverify.so
7faa6c4fb000-7faa6c4fc000 r--p 00000000 08:03 552110                     /usr/lib/x86_64-linux-gnu/librt.so.1
7faa6c4fc000-7faa6c4fd000 r-xp 00001000 08:03 552110                     /usr/lib/x86_64-linux-gnu/librt.so.1
7faa6c4fd000-7faa6c4fe000 r--p 00002000 08:03 552110                     /usr/lib/x86_64-linux-gnu/librt.so.1
7faa6c4fe000-7faa6c4ff000 r--p 00002000 08:03 552110                     /usr/lib/x86_64-linux-gnu/librt.so.1
7faa6c4ff000-7faa6c500000 rw-p 00003000 08:03 552110                     /usr/lib/x86_64-linux-gnu/librt.so.1
7faa6c500000-7faa6c504000 ---p 00000000 00:00 0 
7faa6c504000-7faa6c600000 rw-p 00000000 00:00 0 
7faa6c600000-7faa6c628000 r--p 00000000 08:03 551134                     /usr/lib/x86_64-linux-gnu/libc.so.6
7faa6c628000-7faa6c7bd000 r-xp 00028000 08:03 551134                     /usr/lib/x86_64-linux-gnu/libc.so.6
7faa6c7bd000-7faa6c815000 r--p 001bd000 08:03 551134                     /usr/lib/x86_64-linux-gnu/libc.so.6
7faa6c815000-7faa6c819000 r--p 00214000 08:03 551134                     /usr/lib/x86_64-linux-gnu/libc.so.6
7faa6c819000-7faa6c81b000 rw-p 00218000 08:03 551134                     /usr/lib/x86_64-linux-gnu/libc.so.6
7faa6c81b000-7faa6c828000 rw-p 00000000 00:00 0 
7faa6c82a000-7faa6c82d000 r--p 00000000 08:03 551433                     /usr/lib/x86_64-linux-gnu/libgcc_s.so.1
7faa6c82d000-7faa6c844000 r-xp 00003000 08:03 551433                     /usr/lib/x86_64-linux-gnu/libgcc_s.so.1
7faa6c844000-7faa6c848000 r--p 0001a000 08:03 551433                     /usr/lib/x86_64-linux-gnu/libgcc_s.so.1
7faa6c848000-7faa6c849000 r--p 0001d000 08:03 551433                     /usr/lib/x86_64-linux-gnu/libgcc_s.so.1
7faa6c849000-7faa6c84a000 rw-p 0001e000 08:03 551433                     /usr/lib/x86_64-linux-gnu/libgcc_s.so.1
7faa6c84a000-7faa6c858000 r--p 00000000 08:03 551785                     /usr/lib/x86_64-linux-gnu/libm.so.6
7faa6c858000-7faa6c8d4000 r-xp 0000e000 08:03 551785                     /usr/lib/x86_64-linux-gnu/libm.so.6
7faa6c8d4000-7faa6c92f000 r--p 0008a000 08:03 551785                     /usr/lib/x86_64-linux-gnu/libm.so.6
7faa6c92f000-7faa6c930000 r--p 000e4000 08:03 551785                     /usr/lib/x86_64-linux-gnu/libm.so.6
7faa6c930000-7faa6c931000 rw-p 000e5000 08:03 551785                     /usr/lib/x86_64-linux-gnu/libm.so.6
7faa6c931000-7faa6c933000 rw-p 00000000 00:00 0 
7faa6c933000-7faa6c935000 r--p 00000000 08:03 552488                     /usr/lib/x86_64-linux-gnu/libz.so.1.2.11
7faa6c935000-7faa6c946000 r-xp 00002000 08:03 552488                     /usr/lib/x86_64-linux-gnu/libz.so.1.2.11
7faa6c946000-7faa6c94c000 r--p 00013000 08:03 552488                     /usr/lib/x86_64-linux-gnu/libz.so.1.2.11
7faa6c94c000-7faa6c94d000 ---p 00019000 08:03 552488                     /usr/lib/x86_64-linux-gnu/libz.so.1.2.11
7faa6c94d000-7faa6c94e000 r--p 00019000 08:03 552488                     /usr/lib/x86_64-linux-gnu/libz.so.1.2.11
7faa6c94e000-7faa6c94f000 rw-p 0001a000 08:03 552488                     /usr/lib/x86_64-linux-gnu/libz.so.1.2.11
7faa6c953000-7faa6c954000 ---p 00000000 00:00 0 
7faa6c954000-7faa6c955000 r--p 00000000 00:00 0 
7faa6c955000-7faa6c957000 r--p 00000000 08:03 1058814                    /usr/lib/jvm/java-11-openjdk-amd64/lib/libjimage.so
7faa6c957000-7faa6c95a000 r-xp 00002000 08:03 1058814                    /usr/lib/jvm/java-11-openjdk-amd64/lib/libjimage.so
7faa6c95a000-7faa6c95b000 r--p 00005000 08:03 1058814                    /usr/lib/jvm/java-11-openjdk-amd64/lib/libjimage.so
7faa6c95b000-7faa6c95c000 ---p 00006000 08:03 1058814                    /usr/lib/jvm/java-11-openjdk-amd64/lib/libjimage.so
7faa6c95c000-7faa6c95d000 r--p 00006000 08:03 1058814                    /usr/lib/jvm/java-11-openjdk-amd64/lib/libjimage.so
7faa6c95d000-7faa6c95e000 rw-p 00007000 08:03 1058814                    /usr/lib/jvm/java-11-openjdk-amd64/lib/libjimage.so
7faa6c95e000-7faa6c961000 r--p 00000000 08:03 1058796                    /usr/lib/jvm/java-11-openjdk-amd64/lib/jli/libjli.so
7faa6c961000-7faa6c96b000 r-xp 00003000 08:03 1058796                    /usr/lib/jvm/java-11-openjdk-amd64/lib/jli/libjli.so
7faa6c96b000-7faa6c96e000 r--p 0000d000 08:03 1058796                    /usr/lib/jvm/java-11-openjdk-amd64/lib/jli/libjli.so
7faa6c96e000-7faa6c96f000 ---p 00010000 08:03 1058796                    /usr/lib/jvm/java-11-openjdk-amd64/lib/jli/libjli.so
7faa6c96f000-7faa6c970000 r--p 00010000 08:03 1058796                    /usr/lib/jvm/java-11-openjdk-amd64/lib/jli/libjli.so
7faa6c970000-7faa6c971000 rw-p 00011000 08:03 1058796                    /usr/lib/jvm/java-11-openjdk-amd64/lib/jli/libjli.so
7faa6c971000-7faa6c973000 rw-p 00000000 00:00 0 
7faa6c973000-7faa6c975000 r--p 00000000 08:03 550792                     /usr/lib/x86_64-linux-gnu/ld-linux-x86-64.so.2
7faa6c975000-7faa6c99f000 r-xp 00002000 08:03 550792                     /usr/lib/x86_64-linux-gnu/ld-linux-x86-64.so.2
7faa6c99f000-7faa6c9aa000 r--p 0002c000 08:03 550792                     /usr/lib/x86_64-linux-gnu/ld-linux-x86-64.so.2
7faa6c9ab000-7faa6c9ad000 r--p 00037000 08:03 550792                     /usr/lib/x86_64-linux-gnu/ld-linux-x86-64.so.2
7faa6c9ad000-7faa6c9af000 rw-p 00039000 08:03 550792                     /usr/lib/x86_64-linux-gnu/ld-linux-x86-64.so.2
7fff6e249000-7fff6e26a000 rw-p 00000000 00:00 0                          [stack]
7fff6e34c000-7fff6e350000 r--p 00000000 00:00 0                          [vvar]
7fff6e350000-7fff6e352000 r-xp 00000000 00:00 0                          [vdso]
ffffffffff600000-ffffffffff601000 --xp 00000000 00:00 0                  [vsyscall]


VM Arguments:
jvm_args: -javaagent:/snap/intellij-idea-ultimate/437/lib/idea_rt.jar=35231:/snap/intellij-idea-ultimate/437/bin -Dfile.encoding=UTF-8 
java_command: Main /home/doudou/lab/Lab/tests/test1.sysy /home/doudou/lab/Lab/tests/out.txt
java_class_path (initial): /home/doudou/lab/Lab/out/production/Lab:/usr/local/lib/antlr-4.9.1-complete.jar:/usr/local/lib/javacpp-1.5.7-linux-x86_64.jar:/usr/local/lib/javacpp-1.5.7.jar:/usr/local/lib/llvm-13.0.1-1.5.7-linux-x86_64.jar:/usr/local/lib/llvm-13.0.1-1.5.7.jar:/usr/local/lib/llvm-platform-13.0.1-1.5.7.jar
Launcher Type: SUN_STANDARD

[Global flags]
     intx CICompilerCount                          = 2                                         {product} {ergonomic}
     uint ConcGCThreads                            = 1                                         {product} {ergonomic}
     uint G1ConcRefinementThreads                  = 2                                         {product} {ergonomic}
   size_t G1HeapRegionSize                         = 1048576                                   {product} {ergonomic}
    uintx GCDrainStackTargetSize                   = 64                                        {product} {ergonomic}
   size_t InitialHeapSize                          = 65011712                                  {product} {ergonomic}
   size_t MarkStackSize                            = 4194304                                   {product} {ergonomic}
   size_t MaxHeapSize                              = 1025507328                                {product} {ergonomic}
   size_t MaxNewSize                               = 614465536                                 {product} {ergonomic}
   size_t MinHeapDeltaBytes                        = 1048576                                   {product} {ergonomic}
    uintx NonNMethodCodeHeapSize                   = 5825164                                {pd product} {ergonomic}
    uintx NonProfiledCodeHeapSize                  = 122916538                              {pd product} {ergonomic}
    uintx ProfiledCodeHeapSize                     = 122916538                              {pd product} {ergonomic}
    uintx ReservedCodeCacheSize                    = 251658240                              {pd product} {ergonomic}
     bool SegmentedCodeCache                       = true                                      {product} {ergonomic}
     bool UseCompressedClassPointers               = true                                 {lp64_product} {ergonomic}
     bool UseCompressedOops                        = true                                 {lp64_product} {ergonomic}
     bool UseG1GC                                  = true                                      {product} {ergonomic}

Logging:
Log output configuration:
 #0: stdout all=warning uptime,level,tags
 #1: stderr all=off uptime,level,tags

Environment Variables:
PATH=/usr/local/sbin:/usr/local/bin:/usr/sbin:/usr/bin:/sbin:/bin:/usr/games:/usr/local/games:/snap/bin:/snap/bin
USERNAME=doudou
SHELL=/bin/bash
DISPLAY=:0
LANG=en_US.UTF-8
LC_NUMERIC=zh_CN.UTF-8
LC_TIME=zh_CN.UTF-8

Signal Handlers:
SIGSEGV: [libjvm.so+0xeabd80], sa_mask[0]=11111111011111111101111111111110, sa_flags=SA_RESTART|SA_SIGINFO
SIGBUS: [libjvm.so+0xeabd80], sa_mask[0]=11111111011111111101111111111110, sa_flags=SA_RESTART|SA_SIGINFO
SIGFPE: [libjvm.so+0xeabd80], sa_mask[0]=11111111011111111101111111111110, sa_flags=SA_RESTART|SA_SIGINFO
SIGPIPE: [libjvm.so+0xbee610], sa_mask[0]=11111111011111111101111111111110, sa_flags=SA_RESTART|SA_SIGINFO
SIGXFSZ: [libjvm.so+0xbee610], sa_mask[0]=11111111011111111101111111111110, sa_flags=SA_RESTART|SA_SIGINFO
SIGILL: [libjvm.so+0xeabd80], sa_mask[0]=11111111011111111101111111111110, sa_flags=SA_RESTART|SA_SIGINFO
SIGUSR2: [libjvm.so+0xbee4b0], sa_mask[0]=00100000000000000000000000000000, sa_flags=SA_RESTART|SA_SIGINFO
SIGHUP: [libjvm.so+0xbeec50], sa_mask[0]=11111111011111111101111111111110, sa_flags=SA_RESTART|SA_SIGINFO
SIGINT: [libjvm.so+0xbeec50], sa_mask[0]=11111111011111111101111111111110, sa_flags=SA_RESTART|SA_SIGINFO
SIGTERM: [libjvm.so+0xbeec50], sa_mask[0]=11111111011111111101111111111110, sa_flags=SA_RESTART|SA_SIGINFO
SIGQUIT: [libjvm.so+0xbeec50], sa_mask[0]=11111111011111111101111111111110, sa_flags=SA_RESTART|SA_SIGINFO


---------------  S Y S T E M  ---------------

OS:DISTRIB_ID=Ubuntu
DISTRIB_RELEASE=22.04
DISTRIB_CODENAME=jammy
DISTRIB_DESCRIPTION="Ubuntu 22.04.2 LTS"
uname:Linux 5.19.0-45-generic #46~22.04.1-Ubuntu SMP PREEMPT_DYNAMIC Wed Jun 7 15:06:04 UTC 20 x86_64
OS uptime: 0 days 11:39 hours
libc:glibc 2.35 NPTL 2.35 
rlimit (soft/hard): STACK 8192k/infinity , CORE 0k/infinity , NPROC 15333/15333 , NOFILE 1048576/1048576 , AS infinity/infinity , CPU infinity/infinity , DATA infinity/infinity , FSIZE infinity/infinity , MEMLOCK 500652k/500652k
load average:1.46 1.33 1.12

/proc/meminfo:
MemTotal:        4005236 kB
MemFree:          237256 kB
MemAvailable:     371996 kB
Buffers:           12612 kB
Cached:           300528 kB
SwapCached:        74800 kB
Active:          1987420 kB
Inactive:         684848 kB
Active(anon):    1786284 kB
Inactive(anon):   583104 kB
Active(file):     201136 kB
Inactive(file):   101744 kB
Unevictable:           0 kB
Mlocked:               0 kB
SwapTotal:       3512316 kB
SwapFree:        2040368 kB
Zswap:                 0 kB
Zswapped:              0 kB
Dirty:             10384 kB
Writeback:             0 kB
AnonPages:       2336084 kB
Mapped:           151620 kB
Shmem:             11352 kB
KReclaimable:      72916 kB
Slab:             222272 kB
SReclaimable:      72916 kB
SUnreclaim:       149356 kB
KernelStack:       11024 kB
PageTables:        26592 kB
NFS_Unstable:          0 kB
Bounce:                0 kB
WritebackTmp:          0 kB
CommitLimit:     5514932 kB
Committed_AS:    6160552 kB
VmallocTotal:   34359738367 kB
VmallocUsed:       46380 kB
VmallocChunk:          0 kB
Percpu:             2216 kB
HardwareCorrupted:     0 kB
AnonHugePages:         0 kB
ShmemHugePages:        0 kB
ShmemPmdMapped:        0 kB
FileHugePages:         0 kB
FilePmdMapped:         0 kB
HugePages_Total:       0
HugePages_Free:        0
HugePages_Rsvd:        0
HugePages_Surp:        0
Hugepagesize:       2048 kB
Hugetlb:               0 kB
DirectMap4k:      202560 kB
DirectMap2M:     3991552 kB
DirectMap1G:     2097152 kB

/sys/kernel/mm/transparent_hugepage/enabled:
always [madvise] never
/sys/kernel/mm/transparent_hugepage/defrag (defrag/compaction efforts parameter):
always defer defer+madvise [madvise] never

Process Memory:
Virtual Size: 3684896K (peak: 12384612K)
Resident Set Size: 93576K (peak: 93576K) (anon: 37192K, file: 56384K, shmem: 0K)
Swapped out: 0K
C-Heap outstanding allocations: 15676K, retained: 2583K
glibc malloc tunables: (default)

/proc/sys/kernel/threads-max (system-wide limit on the number of threads):
30667
/proc/sys/vm/max_map_count (maximum number of memory map areas a process may have):
65530
/proc/sys/kernel/pid_max (system-wide limit on number of process identifiers):
4194304

container (cgroup) information:
container_type: cgroupv2
cpu_cpuset_cpus: not supported
cpu_memory_nodes: not supported
active_processor_count: 2
cpu_quota: not supported
cpu_period: not supported
cpu_shares: not supported
memory_limit_in_bytes: unlimited
memory_and_swap_limit_in_bytes: unlimited
memory_soft_limit_in_bytes: unlimited
memory_usage_in_bytes: 2127308 k
memory_max_usage_in_bytes: not supported
memory_swap_current_in_bytes: 809812 k
memory_swap_max_limit_in_bytes: unlimited
maximum number of tasks: 4600
current number of tasks: 148

VMWare virtualization detected
Steal ticks since vm start: 0
Steal ticks percentage since vm start:  0.000

CPU:total 2 (initial active 2) (1 cores per cpu, 1 threads per core) family 6 model 140 stepping 1 microcode 0xffffffff, cmov, cx8, fxsr, mmx, sse, sse2, sse3, ssse3, sse4.1, sse4.2, popcnt, avx, avx2, aes, clmul, erms, 3dnowpref, lzcnt, tsc, tscinvbit, bmi1, bmi2, adx, evex, sha, fma
CPU Model and flags from /proc/cpuinfo:
model name	: 11th Gen Intel(R) Core(TM) i7-1165G7 @ 2.80GHz
flags		: fpu vme de pse tsc msr pae mce cx8 apic sep mtrr pge mca cmov pat pse36 clflush mmx fxsr sse sse2 ss syscall nx pdpe1gb rdtscp lm constant_tsc arch_perfmon rep_good nopl xtopology tsc_reliable nonstop_tsc cpuid tsc_known_freq pni pclmulqdq ssse3 fma cx16 pcid sse4_1 sse4_2 x2apic movbe popcnt tsc_deadline_timer aes xsave avx f16c rdrand hypervisor lahf_lm abm 3dnowprefetch invpcid_single pti ssbd ibrs ibpb stibp fsgsbase tsc_adjust bmi1 avx2 smep bmi2 erms invpcid avx512f avx512dq rdseed adx smap avx512ifma clflushopt clwb avx512cd sha_ni avx512bw avx512vl xsaveopt xsavec xgetbv1 xsaves arat avx512vbmi umip avx512_vbmi2 gfni vaes vpclmulqdq avx512_vnni avx512_bitalg avx512_vpopcntdq rdpid fsrm avx512_vp2intersect flush_l1d arch_capabilities
Online cpus:
0-1
Offline cpus:

BIOS frequency limitation:
<Not Available>
Frequency switch latency (ns):
<Not Available>
Available cpu frequencies:
<Not Available>
Current governor:
<Not Available>
Core performance/turbo boost:
<Not Available>

Memory: 4k page, physical 4005236k(237256k free), swap 3512316k(2040368k free)

vm_info: OpenJDK 64-Bit Server VM (11.0.19+7-post-Ubuntu-0ubuntu122.04.1) for linux-amd64 JRE (11.0.19+7-post-Ubuntu-0ubuntu122.04.1), built on May 10 2023 00:54:00 by "unknown" with gcc 11.3.0

END.
