#
# A fatal error has been detected by the Java Runtime Environment:
#
#  SIGSEGV (0xb) at pc=0x00007fe5ee0292e3, pid=8855, tid=8857
#
# JRE version: OpenJDK Runtime Environment (11.0.19+7) (build 11.0.19+7-post-Ubuntu-0ubuntu122.04.1)
# Java VM: OpenJDK 64-Bit Server VM (11.0.19+7-post-Ubuntu-0ubuntu122.04.1, mixed mode, sharing, tiered, compressed oops, g1 gc, linux-amd64)
# Problematic frame:
# C  [libLLVM-13.so+0xc292e3]  LLVMBuildAdd+0x33
#
# Core dump will be written. Default location: Core dumps may be processed with "/usr/share/apport/apport -p%p -s%s -c%c -d%d -P%P -u%u -g%g -- %E" (or dumping to /home/doudou/lab/Lab/core.8855)
#
# If you would like to submit a bug report, please visit:
#   https://bugs.launchpad.net/ubuntu/+source/openjdk-lts
# The crash happened outside the Java Virtual Machine in native code.
# See problematic frame for where to report the bug.
#

---------------  S U M M A R Y ------------

Command Line: -agentlib:jdwp=transport=dt_socket,address=127.0.0.1:51235,suspend=y,server=n -javaagent:/snap/intellij-idea-ultimate/430/plugins/java/lib/rt/debugger-agent.jar -Dfile.encoding=UTF-8 Main /home/doudou/lab/Lab/tests/test1.sysy /home/doudou/lab/Lab/tests/out.txt

Host: 11th Gen Intel(R) Core(TM) i7-1165G7 @ 2.80GHz, 2 cores, 3G, Ubuntu 22.04.2 LTS
Time: Thu Jun  8 23:41:14 2023 CST elapsed time: 226.355651 seconds (0d 0h 3m 46s)

---------------  T H R E A D  ---------------

Current thread (0x00007fe64c019800):  JavaThread "main" [_thread_in_native, id=8857, stack(0x00007fe6518e0000,0x00007fe6519e0000)]

Stack: [0x00007fe6518e0000,0x00007fe6519e0000],  sp=0x00007fe6519dde70,  free space=1015k
Native frames: (J=compiled Java code, A=aot compiled Java code, j=interpreted, Vv=VM code, C=native code)
C  [libLLVM-13.so+0xc292e3]  LLVMBuildAdd+0x33

Java frames: (J=compiled Java code, j=interpreted, Vv=VM code)
j  org.bytedeco.llvm.global.LLVM.LLVMBuildAdd(Lorg/bytedeco/llvm/LLVM/LLVMBuilderRef;Lorg/bytedeco/llvm/LLVM/LLVMValueRef;Lorg/bytedeco/llvm/LLVM/LLVMValueRef;Ljava/lang/String;)Lorg/bytedeco/llvm/LLVM/LLVMValueRef;+0
j  SysYLlvmVisitor.visitExp(LSysYParser$ExpContext;)Lorg/bytedeco/llvm/LLVM/LLVMValueRef;+435
j  SysYLlvmVisitor.visitStmt(LSysYParser$StmtContext;)Lorg/bytedeco/llvm/LLVM/LLVMValueRef;+21
j  SysYLlvmVisitor.visitStmt(LSysYParser$StmtContext;)Ljava/lang/Object;+2
j  SysYParser$StmtContext.accept(Lorg/antlr/v4/runtime/tree/ParseTreeVisitor;)Ljava/lang/Object;+12
j  org.antlr.v4.runtime.tree.AbstractParseTreeVisitor.visitChildren(Lorg/antlr/v4/runtime/tree/RuleNode;)Ljava/lang/Object;+46
j  SysYParserBaseVisitor.visitBlockItem(LSysYParser$BlockItemContext;)Ljava/lang/Object;+2
j  SysYParser$BlockItemContext.accept(Lorg/antlr/v4/runtime/tree/ParseTreeVisitor;)Ljava/lang/Object;+12
j  org.antlr.v4.runtime.tree.AbstractParseTreeVisitor.visitChildren(Lorg/antlr/v4/runtime/tree/RuleNode;)Ljava/lang/Object;+46
j  SysYParserBaseVisitor.visitBlock(LSysYParser$BlockContext;)Ljava/lang/Object;+2
j  SysYParser$BlockContext.accept(Lorg/antlr/v4/runtime/tree/ParseTreeVisitor;)Ljava/lang/Object;+12
j  org.antlr.v4.runtime.tree.AbstractParseTreeVisitor.visit(Lorg/antlr/v4/runtime/tree/ParseTree;)Ljava/lang/Object;+2
j  SysYLlvmVisitor.visitFuncDef(LSysYParser$FuncDefContext;)Lorg/bytedeco/llvm/LLVM/LLVMValueRef;+290
j  SysYLlvmVisitor.visitCompUnit(LSysYParser$CompUnitContext;)Lorg/bytedeco/llvm/LLVM/LLVMValueRef;+364
j  SysYLlvmVisitor.visitCompUnit(LSysYParser$CompUnitContext;)Ljava/lang/Object;+2
j  SysYParser$CompUnitContext.accept(Lorg/antlr/v4/runtime/tree/ParseTreeVisitor;)Ljava/lang/Object;+12
j  org.antlr.v4.runtime.tree.AbstractParseTreeVisitor.visitChildren(Lorg/antlr/v4/runtime/tree/RuleNode;)Ljava/lang/Object;+46
j  SysYParserBaseVisitor.visitProgram(LSysYParser$ProgramContext;)Ljava/lang/Object;+2
j  SysYParser$ProgramContext.accept(Lorg/antlr/v4/runtime/tree/ParseTreeVisitor;)Ljava/lang/Object;+12
j  org.antlr.v4.runtime.tree.AbstractParseTreeVisitor.visit(Lorg/antlr/v4/runtime/tree/ParseTree;)Ljava/lang/Object;+2
j  Main.main([Ljava/lang/String;)V+218
v  ~StubRoutines::call_stub

siginfo: si_signo: 11 (SIGSEGV), si_code: 1 (SEGV_MAPERR), si_addr: 0x0000000000000010

Register to memory mapping:

RAX=0x000055d25c31e800 points into unknown readable memory: 0x0000706d74646461 | 61 64 64 74 6d 70 00 00
RBX=0x00007fe64c3ccf30 points into unknown readable memory: 0x00007fe64c3ccf40 | 40 cf 3c 4c e6 7f 00 00
RCX=0x000055d25c31e800 points into unknown readable memory: 0x0000706d74646461 | 61 64 64 74 6d 70 00 00
RDX=0x0000000000000101 is an unknown value
RSP=0x00007fe6519dde70 is pointing into the stack for thread: 0x00007fe64c019800
RBP=0x00007fe64c019b48 points into unknown readable memory: 0x00007fe651844b40 | 40 4b 84 51 e6 7f 00 00
RSI=0x0 is NULL
RDI=0x00007fe64c3f4900 points into unknown readable memory: 0x00007fe64c3f2748 | 48 27 3f 4c e6 7f 00 00
R8 =0x00000000c69f8050 points into unknown readable memory: 0x0000706d74646461 | 61 64 64 74 6d 70 00 00
R9 =0x0000000000000002 is an unknown value
R10=0x00007fe5ed460568: <offset 0x0000000000060568> in /home/doudou/.javacpp/cache/llvm-13.0.1-1.5.7-linux-x86_64.jar/org/bytedeco/llvm/linux-x86_64/libLLVM-13.so at 0x00007fe5ed400000
R11=0x00007fe5ee0292b0: LLVMBuildAdd+0x0000000000000000 in /home/doudou/.javacpp/cache/llvm-13.0.1-1.5.7-linux-x86_64.jar/org/bytedeco/llvm/linux-x86_64/libLLVM-13.so at 0x00007fe5ed400000
R12=0x00007fe6519ddfd8 is pointing into the stack for thread: 0x00007fe64c019800
R13=0x00007fe64c3f4900 points into unknown readable memory: 0x00007fe64c3f2748 | 48 27 3f 4c e6 7f 00 00
R14=0x0 is NULL
R15=0x00007fe64c3ccf30 points into unknown readable memory: 0x00007fe64c3ccf40 | 40 cf 3c 4c e6 7f 00 00


Registers:
RAX=0x000055d25c31e800, RBX=0x00007fe64c3ccf30, RCX=0x000055d25c31e800, RDX=0x0000000000000101
RSP=0x00007fe6519dde70, RBP=0x00007fe64c019b48, RSI=0x0000000000000000, RDI=0x00007fe64c3f4900
R8 =0x00000000c69f8050, R9 =0x0000000000000002, R10=0x00007fe5ed460568, R11=0x00007fe5ee0292b0
R12=0x00007fe6519ddfd8, R13=0x00007fe64c3f4900, R14=0x0000000000000000, R15=0x00007fe64c3ccf30
RIP=0x00007fe5ee0292e3, EFLAGS=0x0000000000010283, CSGSFS=0x002b000000000033, ERR=0x0000000000000004
  TRAPNO=0x000000000000000e

Top of Stack: (sp=0x00007fe6519dde70)
0x00007fe6519dde70:   000055d25c31e800 0000000000000000
0x00007fe6519dde80:   cafebabecafebabe 0000000000000000
0x00007fe6519dde90:   0000000000000103 0000000000000000
0x00007fe6519ddea0:   0000000000000000 0000000000000000 

Instructions: (pc=0x00007fe5ee0292e3)
0x00007fe5ee0291e3:   e0 00 74 14 48 8b 47 e8 48 8b 57 f0 48 89 02 48
0x00007fe5ee0291f3:   85 c0 74 04 48 89 50 10 48 89 77 e0 48 85 f6 74
0x00007fe5ee029203:   25 48 8b 46 08 48 8d 56 08 48 89 47 e8 48 85 c0
0x00007fe5ee029213:   74 08 48 8d 4f e8 48 89 48 10 48 89 57 f0 48 83
0x00007fe5ee029223:   ef 20 48 89 7e 08 c3 66 0f 1f 44 00 00 8b 47 14
0x00007fe5ee029233:   89 f6 25 ff ff ff 07 48 29 c6 48 c1 e6 05 48 8b
0x00007fe5ee029243:   04 37 c3 66 2e 0f 1f 84 00 00 00 00 00 48 89 f8
0x00007fe5ee029253:   89 f7 8b 48 14 81 e1 ff ff ff 07 48 29 cf 48 c1
0x00007fe5ee029263:   e7 05 48 01 c7 48 83 3f 00 74 14 48 8b 47 08 48
0x00007fe5ee029273:   8b 4f 10 48 89 01 48 85 c0 74 04 48 89 48 10 48
0x00007fe5ee029283:   89 17 48 85 d2 74 21 48 8b 42 08 48 8d 4a 08 48
0x00007fe5ee029293:   89 47 08 48 85 c0 74 08 48 8d 77 08 48 89 70 10
0x00007fe5ee0292a3:   48 89 4f 10 48 89 7a 08 c3 0f 1f 40 00 41 54 55
0x00007fe5ee0292b3:   53 48 89 fb 48 89 f7 48 89 d6 ba 01 01 00 00 48
0x00007fe5ee0292c3:   83 ec 60 80 39 00 66 89 54 24 20 74 09 48 89 0c
0x00007fe5ee0292d3:   24 c6 44 24 20 03 80 7f 10 12 0f 87 95 00 00 00
0x00007fe5ee0292e3:   80 7e 10 12 0f 87 8b 00 00 00 4c 8b 4b 48 48 8d
0x00007fe5ee0292f3:   15 18 19 fa ff 49 8b 01 48 8b 40 10 48 39 d0 0f
0x00007fe5ee029303:   85 f0 00 00 00 31 c9 31 d2 e8 7f 13 ff ff 49 89
0x00007fe5ee029313:   c4 41 80 7c 24 10 19 76 4b 48 8b 7b 50 48 8b 4b
0x00007fe5ee029323:   30 48 89 e2 4c 89 e6 4c 8b 43 38 48 8b 07 ff 50
0x00007fe5ee029333:   10 8b 6b 08 48 8b 03 48 c1 e5 04 48 01 c5 48 39
0x00007fe5ee029343:   e8 74 21 48 89 c3 0f 1f 80 00 00 00 00 48 8b 53
0x00007fe5ee029353:   08 8b 33 4c 89 e7 48 83 c3 10 e8 de 4a 0e 00 48
0x00007fe5ee029363:   39 dd 75 e9 48 83 c4 60 4c 89 e0 5b 5d 41 5c c3
0x00007fe5ee029373:   0f 1f 44 00 00 48 89 f2 b8 01 01 00 00 48 89 fe
0x00007fe5ee029383:   45 31 c0 48 8d 4c 24 30 bf 0d 00 00 00 66 89 44
0x00007fe5ee029393:   24 50 e8 76 cf 09 00 48 8b 7b 50 48 89 e2 48 8b
0x00007fe5ee0293a3:   4b 30 49 89 c4 4c 8b 43 38 48 8b 07 4c 89 e6 ff
0x00007fe5ee0293b3:   50 10 8b 6b 08 48 8b 13 48 c1 e5 04 48 01 d5 48
0x00007fe5ee0293c3:   39 ea 74 a0 48 89 d3 66 0f 1f 44 00 00 48 8b 53
0x00007fe5ee0293d3:   08 8b 33 4c 89 e7 48 83 c3 10 e8 5e 4a 0e 00 48 


Stack slot to memory mapping:
stack at sp + 0 slots: 0x000055d25c31e800 points into unknown readable memory: 0x0000706d74646461 | 61 64 64 74 6d 70 00 00
stack at sp + 1 slots: 0x0 is NULL
stack at sp + 2 slots: 0xcafebabecafebabe is an unknown value
stack at sp + 3 slots: 0x0 is NULL
stack at sp + 4 slots: 0x0000000000000103 is an unknown value
stack at sp + 5 slots: 0x0 is NULL
stack at sp + 6 slots: 0x0 is NULL
stack at sp + 7 slots: 0x0 is NULL


---------------  P R O C E S S  ---------------

Threads class SMR info:
_java_thread_list=0x00007fe64c21fa20, length=13, elements={
0x00007fe64c019800, 0x00007fe64c124000, 0x00007fe64c126000, 0x00007fe64c12a800,
0x00007fe64c12c800, 0x00007fe64c12e800, 0x00007fe64c130800, 0x00007fe64c132800,
0x00007fe64c140800, 0x00007fe64c191000, 0x00007fe64c195800, 0x000055d25c308000,
0x00007fe64c21e800
}

Java Threads: ( => current thread )
=>0x00007fe64c019800 JavaThread "main" [_thread_in_native, id=8857, stack(0x00007fe6518e0000,0x00007fe6519e0000)]
  0x00007fe64c124000 JavaThread "Reference Handler" daemon [_thread_blocked, id=8868, stack(0x00007fe6302ce000,0x00007fe6303ce000)]
  0x00007fe64c126000 JavaThread "Finalizer" daemon [_thread_blocked, id=8871, stack(0x00007fe6301ce000,0x00007fe6302ce000)]
  0x00007fe64c12a800 JavaThread "Signal Dispatcher" daemon [_thread_blocked, id=8872, stack(0x00007fe6300ce000,0x00007fe6301ce000)]
  0x00007fe64c12c800 JavaThread "Service Thread" daemon [_thread_blocked, id=8873, stack(0x00007fe621f00000,0x00007fe622000000)]
  0x00007fe64c12e800 JavaThread "C2 CompilerThread0" daemon [_thread_blocked, id=8874, stack(0x00007fe621e00000,0x00007fe621f00000)]
  0x00007fe64c130800 JavaThread "C1 CompilerThread0" daemon [_thread_blocked, id=8875, stack(0x00007fe621d00000,0x00007fe621e00000)]
  0x00007fe64c132800 JavaThread "Sweeper thread" daemon [_thread_blocked, id=8876, stack(0x00007fe621c00000,0x00007fe621d00000)]
  0x00007fe64c140800 JavaThread "Common-Cleaner" daemon [_thread_blocked, id=8877, stack(0x00007fe621b00000,0x00007fe621c00000)]
  0x00007fe64c191000 JavaThread "JDWP Transport Listener: dt_socket" daemon [_thread_blocked, id=8880, stack(0x00007fe621a00000,0x00007fe621b00000)]
  0x00007fe64c195800 JavaThread "JDWP Event Helper Thread" daemon [_thread_blocked, id=8882, stack(0x00007fe621900000,0x00007fe621a00000)]
  0x000055d25c308000 JavaThread "JDWP Command Reader" daemon [_thread_in_native, id=8884, stack(0x00007fe621800000,0x00007fe621900000)]
  0x00007fe64c21e800 JavaThread "JavaCPP Deallocator" daemon [_thread_blocked, id=8887, stack(0x00007fe6215fe000,0x00007fe6216fe000)]

Other Threads:
  0x00007fe64c121000 VMThread "VM Thread" [stack: 0x00007fe6303d0000,0x00007fe6304d0000] [id=8864]
  0x00007fe64c1a6800 WatcherThread [stack: 0x00007fe621700000,0x00007fe621800000] [id=8886]
  0x00007fe64c033800 GCTaskThread "GC Thread#0" [stack: 0x00007fe650015000,0x00007fe650115000] [id=8859]
  0x00007fe618001000 GCTaskThread "GC Thread#1" [stack: 0x00007fe6214fe000,0x00007fe6215fe000] [id=8888]
  0x00007fe64c04e800 ConcurrentGCThread "G1 Main Marker" [stack: 0x00007fe6311da000,0x00007fe6312da000] [id=8860]
  0x00007fe64c050000 ConcurrentGCThread "G1 Conc#0" [stack: 0x00007fe6310d8000,0x00007fe6311d8000] [id=8861]
  0x00007fe64c08b800 ConcurrentGCThread "G1 Refine#0" [stack: 0x00007fe630dd4000,0x00007fe630ed4000] [id=8862]
  0x00007fe64c08d800 ConcurrentGCThread "G1 Young RemSet Sampling" [stack: 0x00007fe630cd2000,0x00007fe630dd2000] [id=8863]

Threads with active compile tasks:

VM state:not at safepoint (normal execution)

VM Mutex/Monitor currently owned by a thread: None

Heap address: 0x00000000c3200000, size: 974 MB, Compressed Oops mode: 32-bit
Narrow klass base: 0x0000000800000000, Narrow klass shift: 3
Compressed class space size: 1073741824 Address: 0x0000000840000000

Heap:
 garbage-first heap   total 65536K, used 7896K [0x00000000c3200000, 0x0000000100000000)
  region size 1024K, 8 young (8192K), 1 survivors (1024K)
 Metaspace       used 3918K, capacity 6617K, committed 6912K, reserved 1056768K
  class space    used 419K, capacity 694K, committed 768K, reserved 1048576K
Heap Regions: E=young(eden), S=young(survivor), O=old, HS=humongous(starts), HC=humongous(continues), CS=collection set, F=free, A=archive, TAMS=top-at-mark-start (previous, next)
|   0|0x00000000c3200000, 0x00000000c3204200, 0x00000000c3300000|  1%| O|  |TAMS 0x00000000c3200000, 0x00000000c3200000| Untracked 
|   1|0x00000000c3300000, 0x00000000c3300000, 0x00000000c3400000|  0%| F|  |TAMS 0x00000000c3300000, 0x00000000c3300000| Untracked 
|   2|0x00000000c3400000, 0x00000000c3400000, 0x00000000c3500000|  0%| F|  |TAMS 0x00000000c3400000, 0x00000000c3400000| Untracked 
|   3|0x00000000c3500000, 0x00000000c3500000, 0x00000000c3600000|  0%| F|  |TAMS 0x00000000c3500000, 0x00000000c3500000| Untracked 
|   4|0x00000000c3600000, 0x00000000c3600000, 0x00000000c3700000|  0%| F|  |TAMS 0x00000000c3600000, 0x00000000c3600000| Untracked 
|   5|0x00000000c3700000, 0x00000000c3700000, 0x00000000c3800000|  0%| F|  |TAMS 0x00000000c3700000, 0x00000000c3700000| Untracked 
|   6|0x00000000c3800000, 0x00000000c3800000, 0x00000000c3900000|  0%| F|  |TAMS 0x00000000c3800000, 0x00000000c3800000| Untracked 
|   7|0x00000000c3900000, 0x00000000c3900000, 0x00000000c3a00000|  0%| F|  |TAMS 0x00000000c3900000, 0x00000000c3900000| Untracked 
|   8|0x00000000c3a00000, 0x00000000c3a00000, 0x00000000c3b00000|  0%| F|  |TAMS 0x00000000c3a00000, 0x00000000c3a00000| Untracked 
|   9|0x00000000c3b00000, 0x00000000c3b00000, 0x00000000c3c00000|  0%| F|  |TAMS 0x00000000c3b00000, 0x00000000c3b00000| Untracked 
|  10|0x00000000c3c00000, 0x00000000c3c00000, 0x00000000c3d00000|  0%| F|  |TAMS 0x00000000c3c00000, 0x00000000c3c00000| Untracked 
|  11|0x00000000c3d00000, 0x00000000c3d00000, 0x00000000c3e00000|  0%| F|  |TAMS 0x00000000c3d00000, 0x00000000c3d00000| Untracked 
|  12|0x00000000c3e00000, 0x00000000c3e00000, 0x00000000c3f00000|  0%| F|  |TAMS 0x00000000c3e00000, 0x00000000c3e00000| Untracked 
|  13|0x00000000c3f00000, 0x00000000c3f00000, 0x00000000c4000000|  0%| F|  |TAMS 0x00000000c3f00000, 0x00000000c3f00000| Untracked 
|  14|0x00000000c4000000, 0x00000000c4000000, 0x00000000c4100000|  0%| F|  |TAMS 0x00000000c4000000, 0x00000000c4000000| Untracked 
|  15|0x00000000c4100000, 0x00000000c4100000, 0x00000000c4200000|  0%| F|  |TAMS 0x00000000c4100000, 0x00000000c4100000| Untracked 
|  16|0x00000000c4200000, 0x00000000c4200000, 0x00000000c4300000|  0%| F|  |TAMS 0x00000000c4200000, 0x00000000c4200000| Untracked 
|  17|0x00000000c4300000, 0x00000000c4300000, 0x00000000c4400000|  0%| F|  |TAMS 0x00000000c4300000, 0x00000000c4300000| Untracked 
|  18|0x00000000c4400000, 0x00000000c4400000, 0x00000000c4500000|  0%| F|  |TAMS 0x00000000c4400000, 0x00000000c4400000| Untracked 
|  19|0x00000000c4500000, 0x00000000c4500000, 0x00000000c4600000|  0%| F|  |TAMS 0x00000000c4500000, 0x00000000c4500000| Untracked 
|  20|0x00000000c4600000, 0x00000000c4600000, 0x00000000c4700000|  0%| F|  |TAMS 0x00000000c4600000, 0x00000000c4600000| Untracked 
|  21|0x00000000c4700000, 0x00000000c4700000, 0x00000000c4800000|  0%| F|  |TAMS 0x00000000c4700000, 0x00000000c4700000| Untracked 
|  22|0x00000000c4800000, 0x00000000c4800000, 0x00000000c4900000|  0%| F|  |TAMS 0x00000000c4800000, 0x00000000c4800000| Untracked 
|  23|0x00000000c4900000, 0x00000000c4900000, 0x00000000c4a00000|  0%| F|  |TAMS 0x00000000c4900000, 0x00000000c4900000| Untracked 
|  24|0x00000000c4a00000, 0x00000000c4a00000, 0x00000000c4b00000|  0%| F|  |TAMS 0x00000000c4a00000, 0x00000000c4a00000| Untracked 
|  25|0x00000000c4b00000, 0x00000000c4b00000, 0x00000000c4c00000|  0%| F|  |TAMS 0x00000000c4b00000, 0x00000000c4b00000| Untracked 
|  26|0x00000000c4c00000, 0x00000000c4c00000, 0x00000000c4d00000|  0%| F|  |TAMS 0x00000000c4c00000, 0x00000000c4c00000| Untracked 
|  27|0x00000000c4d00000, 0x00000000c4d00000, 0x00000000c4e00000|  0%| F|  |TAMS 0x00000000c4d00000, 0x00000000c4d00000| Untracked 
|  28|0x00000000c4e00000, 0x00000000c4e00000, 0x00000000c4f00000|  0%| F|  |TAMS 0x00000000c4e00000, 0x00000000c4e00000| Untracked 
|  29|0x00000000c4f00000, 0x00000000c4f00000, 0x00000000c5000000|  0%| F|  |TAMS 0x00000000c4f00000, 0x00000000c4f00000| Untracked 
|  30|0x00000000c5000000, 0x00000000c5000000, 0x00000000c5100000|  0%| F|  |TAMS 0x00000000c5000000, 0x00000000c5000000| Untracked 
|  31|0x00000000c5100000, 0x00000000c5100000, 0x00000000c5200000|  0%| F|  |TAMS 0x00000000c5100000, 0x00000000c5100000| Untracked 
|  32|0x00000000c5200000, 0x00000000c5200000, 0x00000000c5300000|  0%| F|  |TAMS 0x00000000c5200000, 0x00000000c5200000| Untracked 
|  33|0x00000000c5300000, 0x00000000c5300000, 0x00000000c5400000|  0%| F|  |TAMS 0x00000000c5300000, 0x00000000c5300000| Untracked 
|  34|0x00000000c5400000, 0x00000000c5400000, 0x00000000c5500000|  0%| F|  |TAMS 0x00000000c5400000, 0x00000000c5400000| Untracked 
|  35|0x00000000c5500000, 0x00000000c5500000, 0x00000000c5600000|  0%| F|  |TAMS 0x00000000c5500000, 0x00000000c5500000| Untracked 
|  36|0x00000000c5600000, 0x00000000c5600000, 0x00000000c5700000|  0%| F|  |TAMS 0x00000000c5600000, 0x00000000c5600000| Untracked 
|  37|0x00000000c5700000, 0x00000000c5700000, 0x00000000c5800000|  0%| F|  |TAMS 0x00000000c5700000, 0x00000000c5700000| Untracked 
|  38|0x00000000c5800000, 0x00000000c5800000, 0x00000000c5900000|  0%| F|  |TAMS 0x00000000c5800000, 0x00000000c5800000| Untracked 
|  39|0x00000000c5900000, 0x00000000c5900000, 0x00000000c5a00000|  0%| F|  |TAMS 0x00000000c5900000, 0x00000000c5900000| Untracked 
|  40|0x00000000c5a00000, 0x00000000c5a00000, 0x00000000c5b00000|  0%| F|  |TAMS 0x00000000c5a00000, 0x00000000c5a00000| Untracked 
|  41|0x00000000c5b00000, 0x00000000c5b00000, 0x00000000c5c00000|  0%| F|  |TAMS 0x00000000c5b00000, 0x00000000c5b00000| Untracked 
|  42|0x00000000c5c00000, 0x00000000c5c00000, 0x00000000c5d00000|  0%| F|  |TAMS 0x00000000c5c00000, 0x00000000c5c00000| Untracked 
|  43|0x00000000c5d00000, 0x00000000c5d00000, 0x00000000c5e00000|  0%| F|  |TAMS 0x00000000c5d00000, 0x00000000c5d00000| Untracked 
|  44|0x00000000c5e00000, 0x00000000c5e00000, 0x00000000c5f00000|  0%| F|  |TAMS 0x00000000c5e00000, 0x00000000c5e00000| Untracked 
|  45|0x00000000c5f00000, 0x00000000c5f00000, 0x00000000c6000000|  0%| F|  |TAMS 0x00000000c5f00000, 0x00000000c5f00000| Untracked 
|  46|0x00000000c6000000, 0x00000000c6000000, 0x00000000c6100000|  0%| F|  |TAMS 0x00000000c6000000, 0x00000000c6000000| Untracked 
|  47|0x00000000c6100000, 0x00000000c6100000, 0x00000000c6200000|  0%| F|  |TAMS 0x00000000c6100000, 0x00000000c6100000| Untracked 
|  48|0x00000000c6200000, 0x00000000c6200000, 0x00000000c6300000|  0%| F|  |TAMS 0x00000000c6200000, 0x00000000c6200000| Untracked 
|  49|0x00000000c6300000, 0x00000000c6300000, 0x00000000c6400000|  0%| F|  |TAMS 0x00000000c6300000, 0x00000000c6300000| Untracked 
|  50|0x00000000c6400000, 0x00000000c6400000, 0x00000000c6500000|  0%| F|  |TAMS 0x00000000c6400000, 0x00000000c6400000| Untracked 
|  51|0x00000000c6500000, 0x00000000c6500000, 0x00000000c6600000|  0%| F|  |TAMS 0x00000000c6500000, 0x00000000c6500000| Untracked 
|  52|0x00000000c6600000, 0x00000000c6600000, 0x00000000c6700000|  0%| F|  |TAMS 0x00000000c6600000, 0x00000000c6600000| Untracked 
|  53|0x00000000c6700000, 0x00000000c6700000, 0x00000000c6800000|  0%| F|  |TAMS 0x00000000c6700000, 0x00000000c6700000| Untracked 
|  54|0x00000000c6800000, 0x00000000c6900000, 0x00000000c6900000|100%| S|CS|TAMS 0x00000000c6800000, 0x00000000c6800000| Complete 
|  55|0x00000000c6900000, 0x00000000c6a00000, 0x00000000c6a00000|100%| E|  |TAMS 0x00000000c6900000, 0x00000000c6900000| Complete 
|  56|0x00000000c6a00000, 0x00000000c6b00000, 0x00000000c6b00000|100%| E|CS|TAMS 0x00000000c6a00000, 0x00000000c6a00000| Complete 
|  57|0x00000000c6b00000, 0x00000000c6c00000, 0x00000000c6c00000|100%| E|CS|TAMS 0x00000000c6b00000, 0x00000000c6b00000| Complete 
|  58|0x00000000c6c00000, 0x00000000c6d00000, 0x00000000c6d00000|100%| E|CS|TAMS 0x00000000c6c00000, 0x00000000c6c00000| Complete 
|  59|0x00000000c6d00000, 0x00000000c6e00000, 0x00000000c6e00000|100%| E|CS|TAMS 0x00000000c6d00000, 0x00000000c6d00000| Complete 
|  60|0x00000000c6e00000, 0x00000000c6f00000, 0x00000000c6f00000|100%| E|CS|TAMS 0x00000000c6e00000, 0x00000000c6e00000| Complete 
|  61|0x00000000c6f00000, 0x00000000c7000000, 0x00000000c7000000|100%| E|CS|TAMS 0x00000000c6f00000, 0x00000000c6f00000| Complete 
| 972|0x00000000ffe00000, 0x00000000ffe47000, 0x00000000fff00000| 27%|OA|  |TAMS 0x00000000ffe00000, 0x00000000ffe00000| Untracked 
| 973|0x00000000fff00000, 0x00000000fff6b000, 0x0000000100000000| 41%|CA|  |TAMS 0x00000000fff00000, 0x00000000fff00000| Untracked 

Card table byte_map: [0x00007fe633331000,0x00007fe633518000] _byte_map_base: 0x00007fe632d18000

Marking Bits (Prev, Next): (CMBitMap*) 0x00007fe64c049aa8, (CMBitMap*) 0x00007fe64c049ae0
 Prev Bits: [0x00007fe632212000, 0x00007fe63314a000)
 Next Bits: [0x00007fe6312da000, 0x00007fe632212000)

Polling page: 0x00007fe651d46000

Metaspace:

Usage:
  Non-class:      5.78 MB capacity,     3.42 MB ( 59%) used,     2.36 MB ( 41%) free+waste,     7.19 KB ( <1%) overhead. 
      Class:    694.00 KB capacity,   419.49 KB ( 60%) used,   270.82 KB ( 39%) free+waste,     3.69 KB ( <1%) overhead. 
       Both:      6.46 MB capacity,     3.83 MB ( 59%) used,     2.62 MB ( 41%) free+waste,    10.88 KB ( <1%) overhead. 

Virtual space:
  Non-class space:        8.00 MB reserved,       6.00 MB ( 75%) committed 
      Class space:        1.00 GB reserved,     768.00 KB ( <1%) committed 
             Both:        1.01 GB reserved,       6.75 MB ( <1%) committed 

Chunk freelists:
   Non-Class:  29.00 KB
       Class:  10.00 KB
        Both:  39.00 KB

MaxMetaspaceSize: unlimited
CompressedClassSpaceSize: 1.00 GB
Initial GC threshold: 20.80 MB
Current GC threshold: 20.80 MB
CDS: on

CodeHeap 'non-profiled nmethods': size=120036Kb used=230Kb max_used=230Kb free=119805Kb
 bounds [0x00007fe63b2c7000, 0x00007fe63b537000, 0x00007fe642800000]
CodeHeap 'profiled nmethods': size=120032Kb used=1511Kb max_used=1511Kb free=118520Kb
 bounds [0x00007fe633d8f000, 0x00007fe633fff000, 0x00007fe63b2c7000]
CodeHeap 'non-nmethods': size=5692Kb used=1215Kb max_used=1227Kb free=4476Kb
 bounds [0x00007fe633800000, 0x00007fe633a70000, 0x00007fe633d8f000]
 total_blobs=1192 nmethods=794 adapters=320
 compilation: enabled
              stopped_count=0, restarted_count=0
 full_count=0

Compilation events (20 events):
Event: 5.663 Thread 0x00007fe64c130800  780       3       jdk.internal.org.objectweb.asm.Frame::execute (2264 bytes)
Event: 5.669 Thread 0x00007fe64c12e800  786       4       java.lang.StringLatin1::charAt (28 bytes)
Event: 5.670 Thread 0x00007fe64c12e800 nmethod 786 0x00007fe63b2ffe10 code [0x00007fe63b2fffa0, 0x00007fe63b300018]
Event: 5.678 Thread 0x00007fe64c12e800  791       4       java.lang.StringBuilder::<init> (7 bytes)
Event: 5.680 Thread 0x00007fe64c12e800 nmethod 791 0x00007fe63b300710 code [0x00007fe63b3008a0, 0x00007fe63b300a58]
Event: 5.694 Thread 0x00007fe64c130800 nmethod 780 0x00007fe633ef5390 code [0x00007fe633ef6240, 0x00007fe633efcfd0]
Event: 5.694 Thread 0x00007fe64c130800  789       3       java.lang.invoke.LambdaForm$Name::useCount (42 bytes)
Event: 5.694 Thread 0x00007fe64c130800 nmethod 789 0x00007fe633eff010 code [0x00007fe633eff1e0, 0x00007fe633eff4f0]
Event: 5.694 Thread 0x00007fe64c130800  788       3       jdk.internal.org.objectweb.asm.MethodWriter::visitVarInsn (300 bytes)
Event: 5.695 Thread 0x00007fe64c130800 nmethod 788 0x00007fe633eff610 code [0x00007fe633eff880, 0x00007fe633f00280]
Event: 5.695 Thread 0x00007fe64c130800  785       3       java.lang.invoke.LambdaForm$Name::<init> (54 bytes)
Event: 5.695 Thread 0x00007fe64c130800 nmethod 785 0x00007fe633f00610 code [0x00007fe633f007e0, 0x00007fe633f00ab0]
Event: 5.695 Thread 0x00007fe64c130800  782   !   3       java.lang.invoke.MemberName$Factory::resolve (157 bytes)
Event: 5.696 Thread 0x00007fe64c130800 nmethod 782 0x00007fe633f00b90 code [0x00007fe633f00dc0, 0x00007fe633f014a0]
Event: 5.696 Thread 0x00007fe64c130800  784       3       java.lang.invoke.MemberName::checkForTypeAlias (168 bytes)
Event: 5.697 Thread 0x00007fe64c130800 nmethod 784 0x00007fe633f01810 code [0x00007fe633f01ce0, 0x00007fe633f04010]
Event: 19.659 Thread 0x00007fe64c130800  793   !   3       java.lang.StringCoding::decode (362 bytes)
Event: 19.664 Thread 0x00007fe64c130800 nmethod 793 0x00007fe633f04b10 code [0x00007fe633f05020, 0x00007fe633f07bd0]
Event: 165.301 Thread 0x00007fe64c130800  794       3       org.antlr.v4.runtime.RuleContext::isEmpty (14 bytes)
Event: 165.302 Thread 0x00007fe64c130800 nmethod 794 0x00007fe633f08b90 code [0x00007fe633f08d40, 0x00007fe633f08eb0]

GC Heap History (2 events):
Event: 1.591 GC heap before
{Heap before GC invocations=0 (full 0):
 garbage-first heap   total 65536K, used 7880K [0x00000000c3200000, 0x0000000100000000)
  region size 1024K, 7 young (7168K), 0 survivors (0K)
 Metaspace       used 2390K, capacity 5462K, committed 5760K, reserved 1056768K
  class space    used 253K, capacity 521K, committed 640K, reserved 1048576K
}
Event: 1.604 GC heap after
{Heap after GC invocations=1 (full 0):
 garbage-first heap   total 65536K, used 1752K [0x00000000c3200000, 0x0000000100000000)
  region size 1024K, 1 young (1024K), 1 survivors (1024K)
 Metaspace       used 2390K, capacity 5462K, committed 5760K, reserved 1056768K
  class space    used 253K, capacity 521K, committed 640K, reserved 1048576K
}

Deoptimization events (20 events):
Event: 2.835 Thread 0x00007fe64c019800 DEOPT PACKING pc=0x00007fe633e1010a sp=0x00007fe6519dd450
Event: 2.835 Thread 0x00007fe64c019800 DEOPT UNPACKING pc=0x00007fe6338499fa sp=0x00007fe6519dc8f8 mode 0
Event: 2.840 Thread 0x00007fe64c019800 DEOPT PACKING pc=0x00007fe633dd21cf sp=0x00007fe6519dd4b0
Event: 2.840 Thread 0x00007fe64c019800 DEOPT UNPACKING pc=0x00007fe6338499fa sp=0x00007fe6519dc970 mode 0
Event: 5.590 Thread 0x00007fe64c019800 Uncommon trap: trap_request=0xffffffc6 fr.pc=0x00007fe63b2d0c24 relative=0x0000000000000084
Event: 5.590 Thread 0x00007fe64c019800 Uncommon trap: reason=bimorphic_or_optimized_type_check action=maybe_recompile pc=0x00007fe63b2d0c24 method=java.util.AbstractCollection.isEmpty()Z @ 1 c2
Event: 5.590 Thread 0x00007fe64c019800 DEOPT PACKING pc=0x00007fe63b2d0c24 sp=0x00007fe6519dd360
Event: 5.590 Thread 0x00007fe64c019800 DEOPT UNPACKING pc=0x00007fe6338082a5 sp=0x00007fe6519dd320 mode 2
Event: 5.590 Thread 0x00007fe64c019800 Uncommon trap: trap_request=0xffffffc6 fr.pc=0x00007fe63b2d0c24 relative=0x0000000000000084
Event: 5.590 Thread 0x00007fe64c019800 Uncommon trap: reason=bimorphic_or_optimized_type_check action=maybe_recompile pc=0x00007fe63b2d0c24 method=java.util.AbstractCollection.isEmpty()Z @ 1 c2
Event: 5.590 Thread 0x00007fe64c019800 DEOPT PACKING pc=0x00007fe63b2d0c24 sp=0x00007fe6519dd530
Event: 5.590 Thread 0x00007fe64c019800 DEOPT UNPACKING pc=0x00007fe6338082a5 sp=0x00007fe6519dd4f0 mode 2
Event: 5.601 Thread 0x00007fe64c019800 Uncommon trap: trap_request=0xffffffc6 fr.pc=0x00007fe63b2d0c24 relative=0x0000000000000084
Event: 5.601 Thread 0x00007fe64c019800 Uncommon trap: reason=bimorphic_or_optimized_type_check action=maybe_recompile pc=0x00007fe63b2d0c24 method=java.util.AbstractCollection.isEmpty()Z @ 1 c2
Event: 5.601 Thread 0x00007fe64c019800 DEOPT PACKING pc=0x00007fe63b2d0c24 sp=0x00007fe6519dd550
Event: 5.601 Thread 0x00007fe64c019800 DEOPT UNPACKING pc=0x00007fe6338082a5 sp=0x00007fe6519dd510 mode 2
Event: 5.609 Thread 0x00007fe64c019800 Uncommon trap: trap_request=0xffffffc6 fr.pc=0x00007fe63b2d0c24 relative=0x0000000000000084
Event: 5.609 Thread 0x00007fe64c019800 Uncommon trap: reason=bimorphic_or_optimized_type_check action=maybe_recompile pc=0x00007fe63b2d0c24 method=java.util.AbstractCollection.isEmpty()Z @ 1 c2
Event: 5.609 Thread 0x00007fe64c019800 DEOPT PACKING pc=0x00007fe63b2d0c24 sp=0x00007fe6519dd360
Event: 5.609 Thread 0x00007fe64c019800 DEOPT UNPACKING pc=0x00007fe6338082a5 sp=0x00007fe6519dd320 mode 2

Classes redefined (0 events):
No events

Internal exceptions (20 events):
Event: 2.674 Thread 0x00007fe64c019800 Exception <a 'java/security/PrivilegedActionException'{0x00000000c6c23ec8}> (0x00000000c6c23ec8) thrown at [./src/hotspot/share/prims/jvm.cpp, line 1304]
Event: 2.675 Thread 0x00007fe64c019800 Exception <a 'java/security/PrivilegedActionException'{0x00000000c6c24198}> (0x00000000c6c24198) thrown at [./src/hotspot/share/prims/jvm.cpp, line 1304]
Event: 2.675 Thread 0x00007fe64c019800 Exception <a 'java/security/PrivilegedActionException'{0x00000000c6c24ae8}> (0x00000000c6c24ae8) thrown at [./src/hotspot/share/prims/jvm.cpp, line 1304]
Event: 2.675 Thread 0x00007fe64c019800 Exception <a 'java/security/PrivilegedActionException'{0x00000000c6c24db8}> (0x00000000c6c24db8) thrown at [./src/hotspot/share/prims/jvm.cpp, line 1304]
Event: 2.675 Thread 0x00007fe64c019800 Exception <a 'java/security/PrivilegedActionException'{0x00000000c6c25740}> (0x00000000c6c25740) thrown at [./src/hotspot/share/prims/jvm.cpp, line 1304]
Event: 2.675 Thread 0x00007fe64c019800 Exception <a 'java/security/PrivilegedActionException'{0x00000000c6c25a10}> (0x00000000c6c25a10) thrown at [./src/hotspot/share/prims/jvm.cpp, line 1304]
Event: 2.675 Thread 0x00007fe64c019800 Exception <a 'java/security/PrivilegedActionException'{0x00000000c6c26380}> (0x00000000c6c26380) thrown at [./src/hotspot/share/prims/jvm.cpp, line 1304]
Event: 2.675 Thread 0x00007fe64c019800 Exception <a 'java/security/PrivilegedActionException'{0x00000000c6c26650}> (0x00000000c6c26650) thrown at [./src/hotspot/share/prims/jvm.cpp, line 1304]
Event: 2.675 Thread 0x00007fe64c019800 Exception <a 'java/security/PrivilegedActionException'{0x00000000c6c26fc0}> (0x00000000c6c26fc0) thrown at [./src/hotspot/share/prims/jvm.cpp, line 1304]
Event: 2.675 Thread 0x00007fe64c019800 Exception <a 'java/security/PrivilegedActionException'{0x00000000c6c27290}> (0x00000000c6c27290) thrown at [./src/hotspot/share/prims/jvm.cpp, line 1304]
Event: 2.675 Thread 0x00007fe64c019800 Exception <a 'java/security/PrivilegedActionException'{0x00000000c6c27c18}> (0x00000000c6c27c18) thrown at [./src/hotspot/share/prims/jvm.cpp, line 1304]
Event: 2.675 Thread 0x00007fe64c019800 Exception <a 'java/security/PrivilegedActionException'{0x00000000c6c27ee8}> (0x00000000c6c27ee8) thrown at [./src/hotspot/share/prims/jvm.cpp, line 1304]
Event: 2.675 Thread 0x00007fe64c019800 Exception <a 'java/security/PrivilegedActionException'{0x00000000c6c28870}> (0x00000000c6c28870) thrown at [./src/hotspot/share/prims/jvm.cpp, line 1304]
Event: 2.675 Thread 0x00007fe64c019800 Exception <a 'java/security/PrivilegedActionException'{0x00000000c6c28b40}> (0x00000000c6c28b40) thrown at [./src/hotspot/share/prims/jvm.cpp, line 1304]
Event: 2.675 Thread 0x00007fe64c019800 Exception <a 'java/security/PrivilegedActionException'{0x00000000c6c294c8}> (0x00000000c6c294c8) thrown at [./src/hotspot/share/prims/jvm.cpp, line 1304]
Event: 2.675 Thread 0x00007fe64c019800 Exception <a 'java/security/PrivilegedActionException'{0x00000000c6c29798}> (0x00000000c6c29798) thrown at [./src/hotspot/share/prims/jvm.cpp, line 1304]
Event: 2.675 Thread 0x00007fe64c019800 Exception <a 'java/security/PrivilegedActionException'{0x00000000c6c2a108}> (0x00000000c6c2a108) thrown at [./src/hotspot/share/prims/jvm.cpp, line 1304]
Event: 2.675 Thread 0x00007fe64c019800 Exception <a 'java/security/PrivilegedActionException'{0x00000000c6c2a3d8}> (0x00000000c6c2a3d8) thrown at [./src/hotspot/share/prims/jvm.cpp, line 1304]
Event: 2.675 Thread 0x00007fe64c019800 Exception <a 'java/security/PrivilegedActionException'{0x00000000c6c2ad60}> (0x00000000c6c2ad60) thrown at [./src/hotspot/share/prims/jvm.cpp, line 1304]
Event: 2.675 Thread 0x00007fe64c019800 Exception <a 'java/security/PrivilegedActionException'{0x00000000c6c2b030}> (0x00000000c6c2b030) thrown at [./src/hotspot/share/prims/jvm.cpp, line 1304]

Events (20 events):
Event: 226.336 Executing VM operation: ChangeSingleStep
Event: 226.336 Executing VM operation: ChangeSingleStep done
Event: 226.337 Executing VM operation: ChangeSingleStep
Event: 226.337 Executing VM operation: ChangeSingleStep done
Event: 226.338 Executing VM operation: GetCurrentLocation
Event: 226.339 Executing VM operation: GetCurrentLocation done
Event: 226.339 Executing VM operation: ChangeSingleStep
Event: 226.339 Executing VM operation: ChangeSingleStep done
Event: 226.340 Executing VM operation: ChangeSingleStep
Event: 226.340 Executing VM operation: ChangeSingleStep done
Event: 226.340 Executing VM operation: GetCurrentLocation
Event: 226.341 Executing VM operation: GetCurrentLocation done
Event: 226.341 Executing VM operation: ChangeSingleStep
Event: 226.341 Executing VM operation: ChangeSingleStep done
Event: 226.342 Executing VM operation: ChangeSingleStep
Event: 226.343 Executing VM operation: ChangeSingleStep done
Event: 226.343 Executing VM operation: GetCurrentLocation
Event: 226.343 Executing VM operation: GetCurrentLocation done
Event: 226.343 Executing VM operation: ChangeSingleStep
Event: 226.343 Executing VM operation: ChangeSingleStep done


Dynamic libraries:
c3200000-c7000000 rw-p 00000000 00:00 0 
c7000000-ffe00000 ---p 00000000 00:00 0 
ffe00000-ffe47000 rw-p 00b0a000 08:03 1060156                            /usr/lib/jvm/java-11-openjdk-amd64/lib/server/classes.jsa
ffe47000-fff00000 rw-p 00000000 00:00 0 
fff00000-fff6b000 rw-p 00a9f000 08:03 1060156                            /usr/lib/jvm/java-11-openjdk-amd64/lib/server/classes.jsa
fff6b000-100000000 rw-p 00000000 00:00 0 
800000000-800002000 rwxp 00001000 08:03 1060156                          /usr/lib/jvm/java-11-openjdk-amd64/lib/server/classes.jsa
800002000-800a9e000 rw-p 00003000 08:03 1060156                          /usr/lib/jvm/java-11-openjdk-amd64/lib/server/classes.jsa
840000000-8400c0000 rw-p 00000000 00:00 0 
8400c0000-880000000 ---p 00000000 00:00 0 
55d25b87d000-55d25b87e000 r--p 00000000 08:03 1058673                    /usr/lib/jvm/java-11-openjdk-amd64/bin/java
55d25b87e000-55d25b87f000 r-xp 00001000 08:03 1058673                    /usr/lib/jvm/java-11-openjdk-amd64/bin/java
55d25b87f000-55d25b880000 r--p 00002000 08:03 1058673                    /usr/lib/jvm/java-11-openjdk-amd64/bin/java
55d25b880000-55d25b881000 r--p 00002000 08:03 1058673                    /usr/lib/jvm/java-11-openjdk-amd64/bin/java
55d25b881000-55d25b882000 rw-p 00003000 08:03 1058673                    /usr/lib/jvm/java-11-openjdk-amd64/bin/java
55d25c2ee000-55d25c351000 rw-p 00000000 00:00 0                          [heap]
7fe5ed400000-7fe5edd26000 r--p 00000000 08:03 1579535                    /home/doudou/.javacpp/cache/llvm-13.0.1-1.5.7-linux-x86_64.jar/org/bytedeco/llvm/linux-x86_64/libLLVM-13.so
7fe5edd26000-7fe5f16e9000 r-xp 00926000 08:03 1579535                    /home/doudou/.javacpp/cache/llvm-13.0.1-1.5.7-linux-x86_64.jar/org/bytedeco/llvm/linux-x86_64/libLLVM-13.so
7fe5f16e9000-7fe5f393e000 r--p 042e9000 08:03 1579535                    /home/doudou/.javacpp/cache/llvm-13.0.1-1.5.7-linux-x86_64.jar/org/bytedeco/llvm/linux-x86_64/libLLVM-13.so
7fe5f393e000-7fe5f3e53000 r--p 0653d000 08:03 1579535                    /home/doudou/.javacpp/cache/llvm-13.0.1-1.5.7-linux-x86_64.jar/org/bytedeco/llvm/linux-x86_64/libLLVM-13.so
7fe5f3e53000-7fe5f3e5e000 rw-p 06a52000 08:03 1579535                    /home/doudou/.javacpp/cache/llvm-13.0.1-1.5.7-linux-x86_64.jar/org/bytedeco/llvm/linux-x86_64/libLLVM-13.so
7fe5f3e5e000-7fe5f3ed4000 rw-p 00000000 00:00 0 
7fe5f4000000-7fe5f4021000 rw-p 00000000 00:00 0 
7fe5f4021000-7fe5f8000000 ---p 00000000 00:00 0 
7fe5f8000000-7fe5f8021000 rw-p 00000000 00:00 0 
7fe5f8021000-7fe5fc000000 ---p 00000000 00:00 0 
7fe5fc000000-7fe5fc279000 rw-p 00000000 00:00 0 
7fe5fc279000-7fe600000000 ---p 00000000 00:00 0 
7fe600000000-7fe6003ef000 rw-p 00000000 00:00 0 
7fe6003ef000-7fe604000000 ---p 00000000 00:00 0 
7fe604000000-7fe604021000 rw-p 00000000 00:00 0 
7fe604021000-7fe608000000 ---p 00000000 00:00 0 
7fe608000000-7fe608021000 rw-p 00000000 00:00 0 
7fe608021000-7fe60c000000 ---p 00000000 00:00 0 
7fe60c000000-7fe60c021000 rw-p 00000000 00:00 0 
7fe60c021000-7fe610000000 ---p 00000000 00:00 0 
7fe610000000-7fe610021000 rw-p 00000000 00:00 0 
7fe610021000-7fe614000000 ---p 00000000 00:00 0 
7fe614000000-7fe614021000 rw-p 00000000 00:00 0 
7fe614021000-7fe618000000 ---p 00000000 00:00 0 
7fe618000000-7fe618021000 rw-p 00000000 00:00 0 
7fe618021000-7fe61c000000 ---p 00000000 00:00 0 
7fe61c000000-7fe61c021000 rw-p 00000000 00:00 0 
7fe61c021000-7fe620000000 ---p 00000000 00:00 0 
7fe6213f6000-7fe62145b000 r--p 00000000 08:03 1579540                    /home/doudou/.javacpp/cache/llvm-13.0.1-1.5.7-linux-x86_64.jar/org/bytedeco/llvm/linux-x86_64/libjniLLVM.so
7fe62145b000-7fe6214c9000 r-xp 00065000 08:03 1579540                    /home/doudou/.javacpp/cache/llvm-13.0.1-1.5.7-linux-x86_64.jar/org/bytedeco/llvm/linux-x86_64/libjniLLVM.so
7fe6214c9000-7fe6214f4000 r--p 000d3000 08:03 1579540                    /home/doudou/.javacpp/cache/llvm-13.0.1-1.5.7-linux-x86_64.jar/org/bytedeco/llvm/linux-x86_64/libjniLLVM.so
7fe6214f4000-7fe6214f7000 r--p 000fd000 08:03 1579540                    /home/doudou/.javacpp/cache/llvm-13.0.1-1.5.7-linux-x86_64.jar/org/bytedeco/llvm/linux-x86_64/libjniLLVM.so
7fe6214f7000-7fe6214fa000 rw-p 00100000 08:03 1579540                    /home/doudou/.javacpp/cache/llvm-13.0.1-1.5.7-linux-x86_64.jar/org/bytedeco/llvm/linux-x86_64/libjniLLVM.so
7fe6214fa000-7fe6214fc000 rw-p 00000000 00:00 0 
7fe6214fc000-7fe6214fd000 ---p 00000000 00:00 0 
7fe6214fd000-7fe6215fe000 rw-p 00000000 00:00 0 
7fe6215fe000-7fe621602000 ---p 00000000 00:00 0 
7fe621602000-7fe6216fe000 rw-p 00000000 00:00 0 
7fe6216fe000-7fe6216ff000 ---p 00000000 00:00 0 
7fe6216ff000-7fe621800000 rw-p 00000000 00:00 0 
7fe621800000-7fe621804000 ---p 00000000 00:00 0 
7fe621804000-7fe621900000 rw-p 00000000 00:00 0 
7fe621900000-7fe621904000 ---p 00000000 00:00 0 
7fe621904000-7fe621a00000 rw-p 00000000 00:00 0 
7fe621a00000-7fe621a04000 ---p 00000000 00:00 0 
7fe621a04000-7fe621b00000 rw-p 00000000 00:00 0 
7fe621b00000-7fe621b04000 ---p 00000000 00:00 0 
7fe621b04000-7fe621c00000 rw-p 00000000 00:00 0 
7fe621c00000-7fe621c04000 ---p 00000000 00:00 0 
7fe621c04000-7fe621d00000 rw-p 00000000 00:00 0 
7fe621d00000-7fe621d04000 ---p 00000000 00:00 0 
7fe621d04000-7fe621e00000 rw-p 00000000 00:00 0 
7fe621e00000-7fe621e04000 ---p 00000000 00:00 0 
7fe621e04000-7fe621f00000 rw-p 00000000 00:00 0 
7fe621f00000-7fe621f04000 ---p 00000000 00:00 0 
7fe621f04000-7fe624000000 rw-p 00000000 00:00 0 
7fe624000000-7fe624021000 rw-p 00000000 00:00 0 
7fe624021000-7fe628000000 ---p 00000000 00:00 0 
7fe628000000-7fe628021000 rw-p 00000000 00:00 0 
7fe628021000-7fe62c000000 ---p 00000000 00:00 0 
7fe62c000000-7fe62c021000 rw-p 00000000 00:00 0 
7fe62c021000-7fe630000000 ---p 00000000 00:00 0 
7fe6300ce000-7fe6300d2000 ---p 00000000 00:00 0 
7fe6300d2000-7fe6301ce000 rw-p 00000000 00:00 0 
7fe6301ce000-7fe6301d2000 ---p 00000000 00:00 0 
7fe6301d2000-7fe6302ce000 rw-p 00000000 00:00 0 
7fe6302ce000-7fe6302d2000 ---p 00000000 00:00 0 
7fe6302d2000-7fe6303ce000 rw-p 00000000 00:00 0 
7fe6303ce000-7fe6303cf000 ---p 00000000 00:00 0 
7fe6303cf000-7fe630ad0000 rw-p 00000000 00:00 0 
7fe630ad0000-7fe630cd0000 ---p 00000000 00:00 0 
7fe630cd0000-7fe630cd1000 ---p 00000000 00:00 0 
7fe630cd1000-7fe630dd2000 rw-p 00000000 00:00 0 
7fe630dd2000-7fe630dd3000 ---p 00000000 00:00 0 
7fe630dd3000-7fe6310d6000 rw-p 00000000 00:00 0 
7fe6310d6000-7fe6310d7000 ---p 00000000 00:00 0 
7fe6310d7000-7fe6311d8000 rw-p 00000000 00:00 0 
7fe6311d8000-7fe6311d9000 ---p 00000000 00:00 0 
7fe6311d9000-7fe6313d2000 rw-p 00000000 00:00 0 
7fe6313d2000-7fe63220a000 ---p 00000000 00:00 0 
7fe63220a000-7fe63230a000 rw-p 00000000 00:00 0 
7fe63230a000-7fe633142000 ---p 00000000 00:00 0 
7fe633142000-7fe633169000 rw-p 00000000 00:00 0 
7fe633169000-7fe633330000 ---p 00000000 00:00 0 
7fe633330000-7fe633350000 rw-p 00000000 00:00 0 
7fe633350000-7fe633517000 ---p 00000000 00:00 0 
7fe633517000-7fe633537000 rw-p 00000000 00:00 0 
7fe633537000-7fe6336fe000 ---p 00000000 00:00 0 
7fe6336fe000-7fe633800000 rw-p 00000000 00:00 0 
7fe633800000-7fe633a70000 rwxp 00000000 00:00 0 
7fe633a70000-7fe633d8f000 ---p 00000000 00:00 0 
7fe633d8f000-7fe633fff000 rwxp 00000000 00:00 0 
7fe633fff000-7fe63b2c7000 ---p 00000000 00:00 0 
7fe63b2c7000-7fe63b537000 rwxp 00000000 00:00 0 
7fe63b537000-7fe642800000 ---p 00000000 00:00 0 
7fe642800000-7fe6435e7000 r--p 00000000 08:03 534858                     /usr/lib/locale/locale-archive
7fe6435f1000-7fe6435f2000 r--p 00000000 08:03 1579538                    /home/doudou/.javacpp/cache/llvm-13.0.1-1.5.7-linux-x86_64.jar/org/bytedeco/llvm/linux-x86_64/libRemarks.so.13
7fe6435f2000-7fe6435f3000 r-xp 00001000 08:03 1579538                    /home/doudou/.javacpp/cache/llvm-13.0.1-1.5.7-linux-x86_64.jar/org/bytedeco/llvm/linux-x86_64/libRemarks.so.13
7fe6435f3000-7fe6435f4000 r--p 00002000 08:03 1579538                    /home/doudou/.javacpp/cache/llvm-13.0.1-1.5.7-linux-x86_64.jar/org/bytedeco/llvm/linux-x86_64/libRemarks.so.13
7fe6435f4000-7fe6435f5000 r--p 00002000 08:03 1579538                    /home/doudou/.javacpp/cache/llvm-13.0.1-1.5.7-linux-x86_64.jar/org/bytedeco/llvm/linux-x86_64/libRemarks.so.13
7fe6435f5000-7fe6435f6000 rw-p 00003000 08:03 1579538                    /home/doudou/.javacpp/cache/llvm-13.0.1-1.5.7-linux-x86_64.jar/org/bytedeco/llvm/linux-x86_64/libRemarks.so.13
7fe6435f6000-7fe6435f7000 r--p 00000000 08:03 551276                     /usr/lib/x86_64-linux-gnu/libdl.so.2
7fe6435f7000-7fe6435f8000 r-xp 00001000 08:03 551276                     /usr/lib/x86_64-linux-gnu/libdl.so.2
7fe6435f8000-7fe6435f9000 r--p 00002000 08:03 551276                     /usr/lib/x86_64-linux-gnu/libdl.so.2
7fe6435f9000-7fe6435fa000 r--p 00002000 08:03 551276                     /usr/lib/x86_64-linux-gnu/libdl.so.2
7fe6435fa000-7fe6435fb000 rw-p 00003000 08:03 551276                     /usr/lib/x86_64-linux-gnu/libdl.so.2
7fe6435fb000-7fe6435fc000 r--p 00000000 08:03 552054                     /usr/lib/x86_64-linux-gnu/libpthread.so.0
7fe6435fc000-7fe6435fd000 r-xp 00001000 08:03 552054                     /usr/lib/x86_64-linux-gnu/libpthread.so.0
7fe6435fd000-7fe6435fe000 r--p 00002000 08:03 552054                     /usr/lib/x86_64-linux-gnu/libpthread.so.0
7fe6435fe000-7fe6435ff000 r--p 00002000 08:03 552054                     /usr/lib/x86_64-linux-gnu/libpthread.so.0
7fe6435ff000-7fe643600000 rw-p 00003000 08:03 552054                     /usr/lib/x86_64-linux-gnu/libpthread.so.0
7fe643600000-7fe64be0b000 r--s 00000000 08:03 1058832                    /usr/lib/jvm/java-11-openjdk-amd64/lib/modules
7fe64be0b000-7fe64be0f000 r--p 00000000 08:03 1058822                    /usr/lib/jvm/java-11-openjdk-amd64/lib/libnet.so
7fe64be0f000-7fe64be1d000 r-xp 00004000 08:03 1058822                    /usr/lib/jvm/java-11-openjdk-amd64/lib/libnet.so
7fe64be1d000-7fe64be21000 r--p 00012000 08:03 1058822                    /usr/lib/jvm/java-11-openjdk-amd64/lib/libnet.so
7fe64be21000-7fe64be22000 r--p 00015000 08:03 1058822                    /usr/lib/jvm/java-11-openjdk-amd64/lib/libnet.so
7fe64be22000-7fe64be23000 rw-p 00016000 08:03 1058822                    /usr/lib/jvm/java-11-openjdk-amd64/lib/libnet.so
7fe64be23000-7fe64c000000 rw-p 00000000 00:00 0 
7fe64c000000-7fe64c3fe000 rw-p 00000000 00:00 0 
7fe64c3fe000-7fe650000000 ---p 00000000 00:00 0 
7fe650000000-7fe650007000 r--p 00000000 08:03 1579536                    /home/doudou/.javacpp/cache/llvm-13.0.1-1.5.7-linux-x86_64.jar/org/bytedeco/llvm/linux-x86_64/libLTO.so.13
7fe650007000-7fe65000f000 r-xp 00007000 08:03 1579536                    /home/doudou/.javacpp/cache/llvm-13.0.1-1.5.7-linux-x86_64.jar/org/bytedeco/llvm/linux-x86_64/libLTO.so.13
7fe65000f000-7fe650011000 r--p 0000f000 08:03 1579536                    /home/doudou/.javacpp/cache/llvm-13.0.1-1.5.7-linux-x86_64.jar/org/bytedeco/llvm/linux-x86_64/libLTO.so.13
7fe650011000-7fe650012000 r--p 00010000 08:03 1579536                    /home/doudou/.javacpp/cache/llvm-13.0.1-1.5.7-linux-x86_64.jar/org/bytedeco/llvm/linux-x86_64/libLTO.so.13
7fe650012000-7fe650013000 rw-p 00011000 08:03 1579536                    /home/doudou/.javacpp/cache/llvm-13.0.1-1.5.7-linux-x86_64.jar/org/bytedeco/llvm/linux-x86_64/libLTO.so.13
7fe650013000-7fe650014000 ---p 00000000 00:00 0 
7fe650014000-7fe65011a000 rw-p 00000000 00:00 0 
7fe65011a000-7fe650200000 ---p 00000000 00:00 0 
7fe650200000-7fe65029a000 r--p 00000000 08:03 552221                     /usr/lib/x86_64-linux-gnu/libstdc++.so.6.0.30
7fe65029a000-7fe6503aa000 r-xp 0009a000 08:03 552221                     /usr/lib/x86_64-linux-gnu/libstdc++.so.6.0.30
7fe6503aa000-7fe650419000 r--p 001aa000 08:03 552221                     /usr/lib/x86_64-linux-gnu/libstdc++.so.6.0.30
7fe650419000-7fe650424000 r--p 00218000 08:03 552221                     /usr/lib/x86_64-linux-gnu/libstdc++.so.6.0.30
7fe650424000-7fe650427000 rw-p 00223000 08:03 552221                     /usr/lib/x86_64-linux-gnu/libstdc++.so.6.0.30
7fe650427000-7fe65042a000 rw-p 00000000 00:00 0 
7fe65042b000-7fe65042f000 r--p 00000000 08:03 1579530                    /home/doudou/.javacpp/cache/javacpp-1.5.7-linux-x86_64.jar/org/bytedeco/javacpp/linux-x86_64/libjnijavacpp.so
7fe65042f000-7fe650436000 r-xp 00004000 08:03 1579530                    /home/doudou/.javacpp/cache/javacpp-1.5.7-linux-x86_64.jar/org/bytedeco/javacpp/linux-x86_64/libjnijavacpp.so
7fe650436000-7fe65043a000 r--p 0000b000 08:03 1579530                    /home/doudou/.javacpp/cache/javacpp-1.5.7-linux-x86_64.jar/org/bytedeco/javacpp/linux-x86_64/libjnijavacpp.so
7fe65043a000-7fe65043b000 r--p 0000e000 08:03 1579530                    /home/doudou/.javacpp/cache/javacpp-1.5.7-linux-x86_64.jar/org/bytedeco/javacpp/linux-x86_64/libjnijavacpp.so
7fe65043b000-7fe65043c000 rw-p 0000f000 08:03 1579530                    /home/doudou/.javacpp/cache/javacpp-1.5.7-linux-x86_64.jar/org/bytedeco/javacpp/linux-x86_64/libjnijavacpp.so
7fe65043c000-7fe650443000 r--p 00000000 08:03 1058823                    /usr/lib/jvm/java-11-openjdk-amd64/lib/libnio.so
7fe650443000-7fe65044b000 r-xp 00007000 08:03 1058823                    /usr/lib/jvm/java-11-openjdk-amd64/lib/libnio.so
7fe65044b000-7fe65044e000 r--p 0000f000 08:03 1058823                    /usr/lib/jvm/java-11-openjdk-amd64/lib/libnio.so
7fe65044e000-7fe65044f000 r--p 00011000 08:03 1058823                    /usr/lib/jvm/java-11-openjdk-amd64/lib/libnio.so
7fe65044f000-7fe650450000 rw-p 00012000 08:03 1058823                    /usr/lib/jvm/java-11-openjdk-amd64/lib/libnio.so
7fe650450000-7fe650452000 r--p 00000000 08:03 1058803                    /usr/lib/jvm/java-11-openjdk-amd64/lib/libdt_socket.so
7fe650452000-7fe650455000 r-xp 00002000 08:03 1058803                    /usr/lib/jvm/java-11-openjdk-amd64/lib/libdt_socket.so
7fe650455000-7fe650456000 r--p 00005000 08:03 1058803                    /usr/lib/jvm/java-11-openjdk-amd64/lib/libdt_socket.so
7fe650456000-7fe650457000 ---p 00006000 08:03 1058803                    /usr/lib/jvm/java-11-openjdk-amd64/lib/libdt_socket.so
7fe650457000-7fe650458000 r--p 00006000 08:03 1058803                    /usr/lib/jvm/java-11-openjdk-amd64/lib/libdt_socket.so
7fe650458000-7fe650459000 rw-p 00007000 08:03 1058803                    /usr/lib/jvm/java-11-openjdk-amd64/lib/libdt_socket.so
7fe650459000-7fe650460000 r--s 00000000 08:03 553557                     /usr/lib/x86_64-linux-gnu/gconv/gconv-modules.cache
7fe650460000-7fe650486000 rw-p 00000000 00:00 0 
7fe650486000-7fe65056c000 ---p 00000000 00:00 0 
7fe65056c000-7fe650571000 rw-p 00000000 00:00 0 
7fe650571000-7fe650578000 ---p 00000000 00:00 0 
7fe650578000-7fe65057a000 r--p 00000000 08:03 1058831                    /usr/lib/jvm/java-11-openjdk-amd64/lib/libzip.so
7fe65057a000-7fe65057f000 r-xp 00002000 08:03 1058831                    /usr/lib/jvm/java-11-openjdk-amd64/lib/libzip.so
7fe65057f000-7fe650581000 r--p 00007000 08:03 1058831                    /usr/lib/jvm/java-11-openjdk-amd64/lib/libzip.so
7fe650581000-7fe650582000 r--p 00008000 08:03 1058831                    /usr/lib/jvm/java-11-openjdk-amd64/lib/libzip.so
7fe650582000-7fe650583000 rw-p 00009000 08:03 1058831                    /usr/lib/jvm/java-11-openjdk-amd64/lib/libzip.so
7fe650583000-7fe650585000 r--p 00000000 08:03 1058813                    /usr/lib/jvm/java-11-openjdk-amd64/lib/libjdwp.so
7fe650585000-7fe6505b1000 r-xp 00002000 08:03 1058813                    /usr/lib/jvm/java-11-openjdk-amd64/lib/libjdwp.so
7fe6505b1000-7fe6505bf000 r--p 0002e000 08:03 1058813                    /usr/lib/jvm/java-11-openjdk-amd64/lib/libjdwp.so
7fe6505bf000-7fe6505c0000 r--p 0003b000 08:03 1058813                    /usr/lib/jvm/java-11-openjdk-amd64/lib/libjdwp.so
7fe6505c0000-7fe6505c1000 rw-p 0003c000 08:03 1058813                    /usr/lib/jvm/java-11-openjdk-amd64/lib/libjdwp.so
7fe6505c1000-7fe6505cf000 r--p 00000000 08:03 1058811                    /usr/lib/jvm/java-11-openjdk-amd64/lib/libjava.so
7fe6505cf000-7fe6505e5000 r-xp 0000e000 08:03 1058811                    /usr/lib/jvm/java-11-openjdk-amd64/lib/libjava.so
7fe6505e5000-7fe6505ec000 r--p 00024000 08:03 1058811                    /usr/lib/jvm/java-11-openjdk-amd64/lib/libjava.so
7fe6505ec000-7fe6505ed000 r--p 0002a000 08:03 1058811                    /usr/lib/jvm/java-11-openjdk-amd64/lib/libjava.so
7fe6505ed000-7fe6505ee000 rw-p 0002b000 08:03 1058811                    /usr/lib/jvm/java-11-openjdk-amd64/lib/libjava.so
7fe6505ee000-7fe6505ef000 rw-p 00000000 00:00 0 
7fe6505ef000-7fe6505f4000 r--p 00000000 08:03 1058830                    /usr/lib/jvm/java-11-openjdk-amd64/lib/libverify.so
7fe6505f4000-7fe6505fb000 r-xp 00005000 08:03 1058830                    /usr/lib/jvm/java-11-openjdk-amd64/lib/libverify.so
7fe6505fb000-7fe6505fd000 r--p 0000c000 08:03 1058830                    /usr/lib/jvm/java-11-openjdk-amd64/lib/libverify.so
7fe6505fd000-7fe6505ff000 r--p 0000d000 08:03 1058830                    /usr/lib/jvm/java-11-openjdk-amd64/lib/libverify.so
7fe6505ff000-7fe650600000 rw-p 0000f000 08:03 1058830                    /usr/lib/jvm/java-11-openjdk-amd64/lib/libverify.so
7fe650600000-7fe650882000 r--p 00000000 08:03 1058837                    /usr/lib/jvm/java-11-openjdk-amd64/lib/server/libjvm.so
7fe650882000-7fe65151e000 r-xp 00282000 08:03 1058837                    /usr/lib/jvm/java-11-openjdk-amd64/lib/server/libjvm.so
7fe65151e000-7fe651779000 r--p 00f1e000 08:03 1058837                    /usr/lib/jvm/java-11-openjdk-amd64/lib/server/libjvm.so
7fe651779000-7fe65177a000 ---p 01179000 08:03 1058837                    /usr/lib/jvm/java-11-openjdk-amd64/lib/server/libjvm.so
7fe65177a000-7fe65183e000 r--p 01179000 08:03 1058837                    /usr/lib/jvm/java-11-openjdk-amd64/lib/server/libjvm.so
7fe65183e000-7fe651879000 rw-p 0123d000 08:03 1058837                    /usr/lib/jvm/java-11-openjdk-amd64/lib/server/libjvm.so
7fe651879000-7fe6518d0000 rw-p 00000000 00:00 0 
7fe6518d2000-7fe6518d8000 r--s 000f8000 07:03 1466                       /snap/intellij-idea-ultimate/430/plugins/java/lib/rt/debugger-agent.jar
7fe6518d8000-7fe6518e0000 rw-s 00000000 08:03 823989                     /tmp/hsperfdata_doudou/8855
7fe6518e0000-7fe6518e4000 ---p 00000000 00:00 0 
7fe6518e4000-7fe6519e0000 rw-p 00000000 00:00 0 
7fe6519e0000-7fe6519e3000 r--p 00000000 08:03 551433                     /usr/lib/x86_64-linux-gnu/libgcc_s.so.1
7fe6519e3000-7fe6519fa000 r-xp 00003000 08:03 551433                     /usr/lib/x86_64-linux-gnu/libgcc_s.so.1
7fe6519fa000-7fe6519fe000 r--p 0001a000 08:03 551433                     /usr/lib/x86_64-linux-gnu/libgcc_s.so.1
7fe6519fe000-7fe6519ff000 r--p 0001d000 08:03 551433                     /usr/lib/x86_64-linux-gnu/libgcc_s.so.1
7fe6519ff000-7fe651a00000 rw-p 0001e000 08:03 551433                     /usr/lib/x86_64-linux-gnu/libgcc_s.so.1
7fe651a00000-7fe651a28000 r--p 00000000 08:03 551134                     /usr/lib/x86_64-linux-gnu/libc.so.6
7fe651a28000-7fe651bbd000 r-xp 00028000 08:03 551134                     /usr/lib/x86_64-linux-gnu/libc.so.6
7fe651bbd000-7fe651c15000 r--p 001bd000 08:03 551134                     /usr/lib/x86_64-linux-gnu/libc.so.6
7fe651c15000-7fe651c19000 r--p 00214000 08:03 551134                     /usr/lib/x86_64-linux-gnu/libc.so.6
7fe651c19000-7fe651c1b000 rw-p 00218000 08:03 551134                     /usr/lib/x86_64-linux-gnu/libc.so.6
7fe651c1b000-7fe651c28000 rw-p 00000000 00:00 0 
7fe651c2a000-7fe651c2c000 r--p 00000000 08:03 1058806                    /usr/lib/jvm/java-11-openjdk-amd64/lib/libinstrument.so
7fe651c2c000-7fe651c33000 r-xp 00002000 08:03 1058806                    /usr/lib/jvm/java-11-openjdk-amd64/lib/libinstrument.so
7fe651c33000-7fe651c36000 r--p 00009000 08:03 1058806                    /usr/lib/jvm/java-11-openjdk-amd64/lib/libinstrument.so
7fe651c36000-7fe651c37000 r--p 0000b000 08:03 1058806                    /usr/lib/jvm/java-11-openjdk-amd64/lib/libinstrument.so
7fe651c37000-7fe651c38000 rw-p 0000c000 08:03 1058806                    /usr/lib/jvm/java-11-openjdk-amd64/lib/libinstrument.so
7fe651c38000-7fe651c39000 r--p 00000000 08:03 552110                     /usr/lib/x86_64-linux-gnu/librt.so.1
7fe651c39000-7fe651c3a000 r-xp 00001000 08:03 552110                     /usr/lib/x86_64-linux-gnu/librt.so.1
7fe651c3a000-7fe651c3b000 r--p 00002000 08:03 552110                     /usr/lib/x86_64-linux-gnu/librt.so.1
7fe651c3b000-7fe651c3c000 r--p 00002000 08:03 552110                     /usr/lib/x86_64-linux-gnu/librt.so.1
7fe651c3c000-7fe651c3d000 rw-p 00003000 08:03 552110                     /usr/lib/x86_64-linux-gnu/librt.so.1
7fe651c3d000-7fe651c4b000 r--p 00000000 08:03 551785                     /usr/lib/x86_64-linux-gnu/libm.so.6
7fe651c4b000-7fe651cc7000 r-xp 0000e000 08:03 551785                     /usr/lib/x86_64-linux-gnu/libm.so.6
7fe651cc7000-7fe651d22000 r--p 0008a000 08:03 551785                     /usr/lib/x86_64-linux-gnu/libm.so.6
7fe651d22000-7fe651d23000 r--p 000e4000 08:03 551785                     /usr/lib/x86_64-linux-gnu/libm.so.6
7fe651d23000-7fe651d24000 rw-p 000e5000 08:03 551785                     /usr/lib/x86_64-linux-gnu/libm.so.6
7fe651d24000-7fe651d26000 rw-p 00000000 00:00 0 
7fe651d26000-7fe651d28000 r--p 00000000 08:03 552488                     /usr/lib/x86_64-linux-gnu/libz.so.1.2.11
7fe651d28000-7fe651d39000 r-xp 00002000 08:03 552488                     /usr/lib/x86_64-linux-gnu/libz.so.1.2.11
7fe651d39000-7fe651d3f000 r--p 00013000 08:03 552488                     /usr/lib/x86_64-linux-gnu/libz.so.1.2.11
7fe651d3f000-7fe651d40000 ---p 00019000 08:03 552488                     /usr/lib/x86_64-linux-gnu/libz.so.1.2.11
7fe651d40000-7fe651d41000 r--p 00019000 08:03 552488                     /usr/lib/x86_64-linux-gnu/libz.so.1.2.11
7fe651d41000-7fe651d42000 rw-p 0001a000 08:03 552488                     /usr/lib/x86_64-linux-gnu/libz.so.1.2.11
7fe651d46000-7fe651d47000 ---p 00000000 00:00 0 
7fe651d47000-7fe651d48000 r--p 00000000 00:00 0 
7fe651d48000-7fe651d4a000 r--p 00000000 08:03 1058814                    /usr/lib/jvm/java-11-openjdk-amd64/lib/libjimage.so
7fe651d4a000-7fe651d4d000 r-xp 00002000 08:03 1058814                    /usr/lib/jvm/java-11-openjdk-amd64/lib/libjimage.so
7fe651d4d000-7fe651d4e000 r--p 00005000 08:03 1058814                    /usr/lib/jvm/java-11-openjdk-amd64/lib/libjimage.so
7fe651d4e000-7fe651d4f000 ---p 00006000 08:03 1058814                    /usr/lib/jvm/java-11-openjdk-amd64/lib/libjimage.so
7fe651d4f000-7fe651d50000 r--p 00006000 08:03 1058814                    /usr/lib/jvm/java-11-openjdk-amd64/lib/libjimage.so
7fe651d50000-7fe651d51000 rw-p 00007000 08:03 1058814                    /usr/lib/jvm/java-11-openjdk-amd64/lib/libjimage.so
7fe651d51000-7fe651d54000 r--p 00000000 08:03 1058796                    /usr/lib/jvm/java-11-openjdk-amd64/lib/jli/libjli.so
7fe651d54000-7fe651d5e000 r-xp 00003000 08:03 1058796                    /usr/lib/jvm/java-11-openjdk-amd64/lib/jli/libjli.so
7fe651d5e000-7fe651d61000 r--p 0000d000 08:03 1058796                    /usr/lib/jvm/java-11-openjdk-amd64/lib/jli/libjli.so
7fe651d61000-7fe651d62000 ---p 00010000 08:03 1058796                    /usr/lib/jvm/java-11-openjdk-amd64/lib/jli/libjli.so
7fe651d62000-7fe651d63000 r--p 00010000 08:03 1058796                    /usr/lib/jvm/java-11-openjdk-amd64/lib/jli/libjli.so
7fe651d63000-7fe651d64000 rw-p 00011000 08:03 1058796                    /usr/lib/jvm/java-11-openjdk-amd64/lib/jli/libjli.so
7fe651d64000-7fe651d66000 rw-p 00000000 00:00 0 
7fe651d66000-7fe651d68000 r--p 00000000 08:03 550792                     /usr/lib/x86_64-linux-gnu/ld-linux-x86-64.so.2
7fe651d68000-7fe651d92000 r-xp 00002000 08:03 550792                     /usr/lib/x86_64-linux-gnu/ld-linux-x86-64.so.2
7fe651d92000-7fe651d9d000 r--p 0002c000 08:03 550792                     /usr/lib/x86_64-linux-gnu/ld-linux-x86-64.so.2
7fe651d9e000-7fe651da0000 r--p 00037000 08:03 550792                     /usr/lib/x86_64-linux-gnu/ld-linux-x86-64.so.2
7fe651da0000-7fe651da2000 rw-p 00039000 08:03 550792                     /usr/lib/x86_64-linux-gnu/ld-linux-x86-64.so.2
7fff5881d000-7fff5883e000 rw-p 00000000 00:00 0                          [stack]
7fff58967000-7fff5896b000 r--p 00000000 00:00 0                          [vvar]
7fff5896b000-7fff5896d000 r-xp 00000000 00:00 0                          [vdso]
ffffffffff600000-ffffffffff601000 --xp 00000000 00:00 0                  [vsyscall]


VM Arguments:
jvm_args: -agentlib:jdwp=transport=dt_socket,address=127.0.0.1:51235,suspend=y,server=n -javaagent:/snap/intellij-idea-ultimate/430/plugins/java/lib/rt/debugger-agent.jar -Dfile.encoding=UTF-8 
java_command: Main /home/doudou/lab/Lab/tests/test1.sysy /home/doudou/lab/Lab/tests/out.txt
java_class_path (initial): /home/doudou/lab/Lab/out/production/Lab:/usr/local/lib/antlr-4.9.1-complete.jar:/usr/local/lib/javacpp-1.5.7-linux-x86_64.jar:/usr/local/lib/javacpp-1.5.7.jar:/usr/local/lib/llvm-13.0.1-1.5.7-linux-x86_64.jar:/usr/local/lib/llvm-13.0.1-1.5.7.jar:/usr/local/lib/llvm-platform-13.0.1-1.5.7.jar:/snap/intellij-idea-ultimate/430/lib/idea_rt.jar
Launcher Type: SUN_STANDARD

[Global flags]
     intx CICompilerCount                          = 2                                         {product} {ergonomic}
     uint ConcGCThreads                            = 1                                         {product} {ergonomic}
     uint G1ConcRefinementThreads                  = 2                                         {product} {ergonomic}
   size_t G1HeapRegionSize                         = 1048576                                   {product} {ergonomic}
    uintx GCDrainStackTargetSize                   = 64                                        {product} {ergonomic}
   size_t InitialHeapSize                          = 65011712                                  {product} {ergonomic}
   size_t MarkStackSize                            = 4194304                                   {product} {ergonomic}
   size_t MaxHeapSize                              = 1021313024                                {product} {ergonomic}
   size_t MaxNewSize                               = 612368384                                 {product} {ergonomic}
   size_t MinHeapDeltaBytes                        = 1048576                                   {product} {ergonomic}
    uintx NonNMethodCodeHeapSize                   = 5825164                                {pd product} {ergonomic}
    uintx NonProfiledCodeHeapSize                  = 122916538                              {pd product} {ergonomic}
    uintx ProfiledCodeHeapSize                     = 122916538                              {pd product} {ergonomic}
    uintx ReservedCodeCacheSize                    = 251658240                              {pd product} {ergonomic}
     bool SegmentedCodeCache                       = true                                      {product} {ergonomic}
     bool UseCompressedClassPointers               = true                                 {lp64_product} {ergonomic}
     bool UseCompressedOops                        = true                                 {lp64_product} {ergonomic}
     bool UseG1GC                                  = true                                      {product} {ergonomic}

Logging:
Log output configuration:
 #0: stdout all=warning uptime,level,tags
 #1: stderr all=off uptime,level,tags

Environment Variables:
PATH=/usr/local/sbin:/usr/local/bin:/usr/sbin:/usr/bin:/sbin:/bin:/usr/games:/usr/local/games:/snap/bin:/snap/bin
USERNAME=doudou
SHELL=/bin/bash
DISPLAY=:0
LANG=en_US.UTF-8
LC_NUMERIC=zh_CN.UTF-8
LC_TIME=zh_CN.UTF-8

Signal Handlers:
SIGSEGV: [libjvm.so+0xeabd80], sa_mask[0]=11111111011111111101111111111110, sa_flags=SA_RESTART|SA_SIGINFO
SIGBUS: [libjvm.so+0xeabd80], sa_mask[0]=11111111011111111101111111111110, sa_flags=SA_RESTART|SA_SIGINFO
SIGFPE: [libjvm.so+0xeabd80], sa_mask[0]=11111111011111111101111111111110, sa_flags=SA_RESTART|SA_SIGINFO
SIGPIPE: [libjvm.so+0xbee610], sa_mask[0]=11111111011111111101111111111110, sa_flags=SA_RESTART|SA_SIGINFO
SIGXFSZ: [libjvm.so+0xbee610], sa_mask[0]=11111111011111111101111111111110, sa_flags=SA_RESTART|SA_SIGINFO
SIGILL: [libjvm.so+0xeabd80], sa_mask[0]=11111111011111111101111111111110, sa_flags=SA_RESTART|SA_SIGINFO
SIGUSR2: [libjvm.so+0xbee4b0], sa_mask[0]=00100000000000000000000000000000, sa_flags=SA_RESTART|SA_SIGINFO
SIGHUP: [libjvm.so+0xbeec50], sa_mask[0]=11111111011111111101111111111110, sa_flags=SA_RESTART|SA_SIGINFO
SIGINT: [libjvm.so+0xbeec50], sa_mask[0]=11111111011111111101111111111110, sa_flags=SA_RESTART|SA_SIGINFO
SIGTERM: [libjvm.so+0xbeec50], sa_mask[0]=11111111011111111101111111111110, sa_flags=SA_RESTART|SA_SIGINFO
SIGQUIT: [libjvm.so+0xbeec50], sa_mask[0]=11111111011111111101111111111110, sa_flags=SA_RESTART|SA_SIGINFO


---------------  S Y S T E M  ---------------

OS:DISTRIB_ID=Ubuntu
DISTRIB_RELEASE=22.04
DISTRIB_CODENAME=jammy
DISTRIB_DESCRIPTION="Ubuntu 22.04.2 LTS"
uname:Linux 5.19.0-43-generic #44~22.04.1-Ubuntu SMP PREEMPT_DYNAMIC Mon May 22 13:39:36 UTC 2 x86_64
OS uptime: 0 days 2:46 hours
libc:glibc 2.35 NPTL 2.35 
rlimit (soft/hard): STACK 8192k/infinity , CORE 0k/infinity , NPROC 15250/15250 , NOFILE 1048576/1048576 , AS infinity/infinity , CPU infinity/infinity , DATA infinity/infinity , FSIZE infinity/infinity , MEMLOCK 497764k/497764k
load average:0.42 1.13 1.13

/proc/meminfo:
MemTotal:        3982112 kB
MemFree:          107572 kB
MemAvailable:     145616 kB
Buffers:            1344 kB
Cached:           203092 kB
SwapCached:        96172 kB
Active:          1110836 kB
Inactive:        1029152 kB
Active(anon):    1002388 kB
Inactive(anon):   933888 kB
Active(file):     108448 kB
Inactive(file):    95264 kB
Unevictable:           0 kB
Mlocked:               0 kB
SwapTotal:       3512316 kB
SwapFree:        1764836 kB
Zswap:                 0 kB
Zswapped:              0 kB
Dirty:                68 kB
Writeback:             0 kB
AnonPages:       1915592 kB
Mapped:           119304 kB
Shmem:               592 kB
KReclaimable:      77564 kB
Slab:             543224 kB
SReclaimable:      77564 kB
SUnreclaim:       465660 kB
KernelStack:       14672 kB
PageTables:        29224 kB
NFS_Unstable:          0 kB
Bounce:                0 kB
WritebackTmp:          0 kB
CommitLimit:     5503372 kB
Committed_AS:    6462216 kB
VmallocTotal:   34359738367 kB
VmallocUsed:      435560 kB
VmallocChunk:          0 kB
Percpu:           132096 kB
HardwareCorrupted:     0 kB
AnonHugePages:         0 kB
ShmemHugePages:        0 kB
ShmemPmdMapped:        0 kB
FileHugePages:         0 kB
FilePmdMapped:         0 kB
HugePages_Total:       0
HugePages_Free:        0
HugePages_Rsvd:        0
HugePages_Surp:        0
Hugepagesize:       2048 kB
Hugetlb:               0 kB
DirectMap4k:      298816 kB
DirectMap2M:     3895296 kB
DirectMap1G:     2097152 kB

/sys/kernel/mm/transparent_hugepage/enabled:
always [madvise] never
/sys/kernel/mm/transparent_hugepage/defrag (defrag/compaction efforts parameter):
always defer defer+madvise [madvise] never

Process Memory:
Virtual Size: 3683116K (peak: 12394872K)
Resident Set Size: 75224K (peak: 92384K) (anon: 35756K, file: 39468K, shmem: 0K)
Swapped out: 0K
C-Heap outstanding allocations: 9614K, retained: 7161K
glibc malloc tunables: (default)

/proc/sys/kernel/threads-max (system-wide limit on the number of threads):
30501
/proc/sys/vm/max_map_count (maximum number of memory map areas a process may have):
65530
/proc/sys/kernel/pid_max (system-wide limit on number of process identifiers):
4194304

container (cgroup) information:
container_type: cgroupv2
cpu_cpuset_cpus: not supported
cpu_memory_nodes: not supported
active_processor_count: 2
cpu_quota: not supported
cpu_period: not supported
cpu_shares: not supported
memory_limit_in_bytes: unlimited
memory_and_swap_limit_in_bytes: unlimited
memory_soft_limit_in_bytes: unlimited
memory_usage_in_bytes: 1868184 k
memory_max_usage_in_bytes: not supported
memory_swap_current_in_bytes: 946740 k
memory_swap_max_limit_in_bytes: unlimited
maximum number of tasks: 4575
current number of tasks: 132

VMWare virtualization detected
Steal ticks since vm start: 0
Steal ticks percentage since vm start:  0.000

CPU:total 2 (initial active 2) (1 cores per cpu, 1 threads per core) family 6 model 140 stepping 1 microcode 0xffffffff, cmov, cx8, fxsr, mmx, sse, sse2, sse3, ssse3, sse4.1, sse4.2, popcnt, avx, avx2, aes, clmul, erms, 3dnowpref, lzcnt, tsc, tscinvbit, bmi1, bmi2, adx, evex, sha, fma
CPU Model and flags from /proc/cpuinfo:
model name	: 11th Gen Intel(R) Core(TM) i7-1165G7 @ 2.80GHz
flags		: fpu vme de pse tsc msr pae mce cx8 apic sep mtrr pge mca cmov pat pse36 clflush mmx fxsr sse sse2 ss syscall nx pdpe1gb rdtscp lm constant_tsc arch_perfmon rep_good nopl xtopology tsc_reliable nonstop_tsc cpuid tsc_known_freq pni pclmulqdq ssse3 fma cx16 pcid sse4_1 sse4_2 x2apic movbe popcnt tsc_deadline_timer aes xsave avx f16c rdrand hypervisor lahf_lm abm 3dnowprefetch invpcid_single pti ssbd ibrs ibpb stibp fsgsbase tsc_adjust bmi1 avx2 smep bmi2 erms invpcid avx512f avx512dq rdseed adx smap avx512ifma clflushopt clwb avx512cd sha_ni avx512bw avx512vl xsaveopt xsavec xgetbv1 xsaves arat avx512vbmi umip avx512_vbmi2 gfni vaes vpclmulqdq avx512_vnni avx512_bitalg avx512_vpopcntdq rdpid fsrm avx512_vp2intersect flush_l1d arch_capabilities
Online cpus:
0-1
Offline cpus:
2-127
BIOS frequency limitation:
<Not Available>
Frequency switch latency (ns):
<Not Available>
Available cpu frequencies:
<Not Available>
Current governor:
<Not Available>
Core performance/turbo boost:
<Not Available>

Memory: 4k page, physical 3982112k(107572k free), swap 3512316k(1764836k free)

vm_info: OpenJDK 64-Bit Server VM (11.0.19+7-post-Ubuntu-0ubuntu122.04.1) for linux-amd64 JRE (11.0.19+7-post-Ubuntu-0ubuntu122.04.1), built on May 10 2023 00:54:00 by "unknown" with gcc 11.3.0

END.
