#
# A fatal error has been detected by the Java Runtime Environment:
#
#  SIGSEGV (0xb) at pc=0x00007fd672156daa, pid=11966, tid=11967
#
# JRE version: OpenJDK Runtime Environment (11.0.19+7) (build 11.0.19+7-post-Ubuntu-0ubuntu122.04.1)
# Java VM: OpenJDK 64-Bit Server VM (11.0.19+7-post-Ubuntu-0ubuntu122.04.1, mixed mode, sharing, tiered, compressed oops, g1 gc, linux-amd64)
# Problematic frame:
# C  [libLLVM-13.so+0xd56daa]  llvm::FunctionType::get(llvm::Type*, llvm::ArrayRef<llvm::Type*>, bool)+0x1a
#
# Core dump will be written. Default location: Core dumps may be processed with "/usr/share/apport/apport -p%p -s%s -c%c -d%d -P%P -u%u -g%g -- %E" (or dumping to /home/doudou/lab/Lab/core.11966)
#
# If you would like to submit a bug report, please visit:
#   https://bugs.launchpad.net/ubuntu/+source/openjdk-lts
# The crash happened outside the Java Virtual Machine in native code.
# See problematic frame for where to report the bug.
#

---------------  S U M M A R Y ------------

Command Line: -agentlib:jdwp=transport=dt_socket,address=127.0.0.1:60115,suspend=y,server=n -javaagent:/snap/intellij-idea-ultimate/430/plugins/java/lib/rt/debugger-agent.jar -Dfile.encoding=UTF-8 Main /home/doudou/lab/Lab/tests/test1.sysy /home/doudou/lab/Lab/tests/out.txt

Host: 11th Gen Intel(R) Core(TM) i7-1165G7 @ 2.80GHz, 2 cores, 3G, Ubuntu 22.04.2 LTS
Time: Sat Jun 10 21:42:00 2023 CST elapsed time: 152.529666 seconds (0d 0h 2m 32s)

---------------  T H R E A D  ---------------

Current thread (0x00007fd6cc019800):  JavaThread "main" [_thread_in_native, id=11967, stack(0x00007fd6d4d00000,0x00007fd6d4e00000)]

Stack: [0x00007fd6d4d00000,0x00007fd6d4e00000],  sp=0x00007fd6d4dfe300,  free space=1016k
Native frames: (J=compiled Java code, A=aot compiled Java code, j=interpreted, Vv=VM code, C=native code)
C  [libLLVM-13.so+0xd56daa]  llvm::FunctionType::get(llvm::Type*, llvm::ArrayRef<llvm::Type*>, bool)+0x1a

Java frames: (J=compiled Java code, j=interpreted, Vv=VM code)
j  org.bytedeco.llvm.global.LLVM.LLVMFunctionType(Lorg/bytedeco/llvm/LLVM/LLVMTypeRef;Lorg/bytedeco/llvm/LLVM/LLVMTypeRef;II)Lorg/bytedeco/llvm/LLVM/LLVMTypeRef;+0
j  SysYLlvmVisitor.visitFuncDef(LSysYParser$FuncDefContext;)Lorg/bytedeco/llvm/LLVM/LLVMValueRef;+33
j  SysYLlvmVisitor.visitCompUnit(LSysYParser$CompUnitContext;)Lorg/bytedeco/llvm/LLVM/LLVMValueRef;+364
j  SysYLlvmVisitor.visitCompUnit(LSysYParser$CompUnitContext;)Ljava/lang/Object;+2
j  SysYParser$CompUnitContext.accept(Lorg/antlr/v4/runtime/tree/ParseTreeVisitor;)Ljava/lang/Object;+12
j  org.antlr.v4.runtime.tree.AbstractParseTreeVisitor.visitChildren(Lorg/antlr/v4/runtime/tree/RuleNode;)Ljava/lang/Object;+46
j  SysYParserBaseVisitor.visitProgram(LSysYParser$ProgramContext;)Ljava/lang/Object;+2
j  SysYParser$ProgramContext.accept(Lorg/antlr/v4/runtime/tree/ParseTreeVisitor;)Ljava/lang/Object;+12
j  org.antlr.v4.runtime.tree.AbstractParseTreeVisitor.visit(Lorg/antlr/v4/runtime/tree/ParseTree;)Ljava/lang/Object;+2
j  Main.main([Ljava/lang/String;)V+218
v  ~StubRoutines::call_stub

siginfo: si_signo: 11 (SIGSEGV), si_code: 1 (SEGV_MAPERR), si_addr: 0x0000000000000000

Register to memory mapping:

RAX=0x00007fd6a48b5220: Java_org_bytedeco_llvm_global_LLVM_LLVMFunctionType__Lorg_bytedeco_llvm_LLVM_LLVMTypeRef_2Lorg_bytedeco_llvm_LLVM_LLVMTypeRef_2II+0x0000000000000000 in /home/doudou/.javacpp/cache/llvm-13.0.1-1.5.7-linux-x86_64.jar/org/bytedeco/llvm/linux-x86_64/libjniLLVM.so at 0x00007fd6a47f4000
RBX=0x0 is NULL
RCX=0x0 is NULL
RDX=0x0 is NULL
RSP=0x00007fd6d4dfe300 is pointing into the stack for thread: 0x00007fd6cc019800
RBP=0x0 is NULL
RSI=0x0 is NULL
RDI=0x0 is NULL
R8 =0x0 is NULL
R9 =0x0 is NULL
R10=0x00007fd6b46154d4 is at code_begin+1652 in an Interpreter codelet
method entry point (kind = native)  [0x00007fd6b4614e60, 0x00007fd6b4615e60]  4096 bytes
R11=0x00000000c6d77cf8 points into unknown readable memory: 0x00000068837a7701 | 01 77 7a 83 68 00 00 00
R12=0x0 is NULL
R13=0x0 is NULL
R14=0x0 is NULL
R15=0x0 is NULL


Registers:
RAX=0x00007fd6a48b5220, RBX=0x0000000000000000, RCX=0x0000000000000000, RDX=0x0000000000000000
RSP=0x00007fd6d4dfe300, RBP=0x0000000000000000, RSI=0x0000000000000000, RDI=0x0000000000000000
R8 =0x0000000000000000, R9 =0x0000000000000000, R10=0x00007fd6b46154d4, R11=0x00000000c6d77cf8
R12=0x0000000000000000, R13=0x0000000000000000, R14=0x0000000000000000, R15=0x0000000000000000
RIP=0x00007fd672156daa, EFLAGS=0x0000000000010206, CSGSFS=0x002b000000000033, ERR=0x0000000000000004
  TRAPNO=0x000000000000000e

Top of Stack: (sp=0x00007fd6d4dfe300)
0x00007fd6d4dfe300:   00000000000000d8 00007fd6d4dfe260
0x00007fd6d4dfe310:   00000000000000d8 00007fd6a5d33a80
0x00007fd6d4dfe320:   00007fd6cc019800 00007fd6cc18ae40
0x00007fd6d4dfe330:   00007fd6a5d33a80 00007fd6cc019800 

Instructions: (pc=0x00007fd672156daa)
0x00007fd672156caa:   4c 8d 14 0e 48 c1 c2 0c 48 c1 ce 07 49 03 4f e0
0x00007fd672156cba:   48 01 d6 4c 89 d2 48 01 f0 48 c1 ca 1f 48 8d 34
0x00007fd672156cca:   10 49 8b 57 e8 4a 8d 04 09 48 c1 c0 0c 48 01 ca
0x00007fd672156cda:   48 c1 c1 1b 48 01 e9 49 01 d3 48 c1 ca 07 48 01
0x00007fd672156cea:   c8 48 01 c2 4c 89 d8 48 c1 c8 1f 48 01 c2 4c 01
0x00007fd672156cfa:   d2 49 ba 4f 40 90 2f 3b 6a e1 9a 48 89 d1 4b 8d
0x00007fd672156d0a:   14 19 48 01 f2 49 0f af ca 48 0f af d7 48 01 ca
0x00007fd672156d1a:   48 89 d1 48 c1 e9 2f 48 31 ca 48 0f af d7 49 31
0x00007fd672156d2a:   d0 49 8d 14 30 48 89 d0 48 c1 e8 2f 48 31 d0 49
0x00007fd672156d3a:   0f af c2 e9 ab f9 ff ff 66 2e 0f 1f 84 00 00 00
0x00007fd672156d4a:   00 00 0f 1f 40 00 66 48 0f 6e c6 66 48 0f 6e ca
0x00007fd672156d5a:   66 0f 6c c1 0f 11 07 45 84 c0 75 29 48 39 d6 74
0x00007fd672156d6a:   24 0f 1f 44 00 00 48 8b 06 48 3d 00 f0 ff ff 74
0x00007fd672156d7a:   08 48 3d 00 e0 ff ff 75 0c 48 83 c6 08 48 89 37
0x00007fd672156d8a:   48 39 f2 75 e1 c3 41 57 41 56 41 55 49 89 fd 41
0x00007fd672156d9a:   54 49 89 d4 55 48 89 f5 53 48 81 ec a8 00 00 00
0x00007fd672156daa:   48 8b 07 89 4c 24 04 48 8b 18 88 4c 24 78 48 89
0x00007fd672156dba:   7c 24 60 44 8b 83 58 08 00 00 48 89 74 24 68 48
0x00007fd672156dca:   8d 8b 48 08 00 00 48 89 54 24 70 4c 8b b3 48 08
0x00007fd672156dda:   00 00 45 85 c0 0f 85 1b 03 00 00 43 8d 54 00 ff
0x00007fd672156dea:   be 08 00 00 00 48 89 4c 24 10 48 89 d0 44 89 44
0x00007fd672156dfa:   24 08 48 d1 e8 48 09 d0 48 89 c2 48 c1 ea 02 48
0x00007fd672156e0a:   09 d0 48 89 c2 48 c1 ea 04 48 09 d0 48 89 c2 48
0x00007fd672156e1a:   c1 ea 08 48 09 d0 48 89 c2 48 c1 ea 10 48 09 d0
0x00007fd672156e2a:   ba 40 00 00 00 48 83 c0 01 83 f8 40 0f 42 c2 89
0x00007fd672156e3a:   83 58 08 00 00 89 c0 48 8d 3c c5 00 00 00 00 e8
0x00007fd672156e4a:   02 e3 d9 ff 4d 85 f6 44 8b 44 24 08 48 8b 4c 24
0x00007fd672156e5a:   10 48 89 83 48 08 00 00 49 89 c2 0f 84 58 06 00
0x00007fd672156e6a:   00 8b 93 58 08 00 00 49 c1 e0 03 48 c7 83 50 08
0x00007fd672156e7a:   00 00 00 00 00 00 4f 8d 1c 06 48 c1 e2 03 48 8d
0x00007fd672156e8a:   04 10 49 39 c2 74 52 48 8d 72 f8 4c 89 d0 48 c1
0x00007fd672156e9a:   ee 03 48 83 c6 01 48 83 fa 08 74 36 48 89 f2 66 


Stack slot to memory mapping:
stack at sp + 0 slots: 0x00000000000000d8 is an unknown value
stack at sp + 1 slots: 0x00007fd6d4dfe260 is pointing into the stack for thread: 0x00007fd6cc019800
stack at sp + 2 slots: 0x00000000000000d8 is an unknown value
stack at sp + 3 slots: {method} {0x00007fd6a5d33a80} 'visitFuncDef' '(LSysYParser$FuncDefContext;)Lorg/bytedeco/llvm/LLVM/LLVMValueRef;' in 'SysYLlvmVisitor'
stack at sp + 4 slots: 0x00007fd6cc019800 is a thread
stack at sp + 5 slots: 0x00007fd6cc18ae40 points into unknown readable memory: 0x00007fd6cc019800 | 00 98 01 cc d6 7f 00 00
stack at sp + 6 slots: {method} {0x00007fd6a5d33a80} 'visitFuncDef' '(LSysYParser$FuncDefContext;)Lorg/bytedeco/llvm/LLVM/LLVMValueRef;' in 'SysYLlvmVisitor'
stack at sp + 7 slots: 0x00007fd6cc019800 is a thread


---------------  P R O C E S S  ---------------

Threads class SMR info:
_java_thread_list=0x00007fd6cc216510, length=13, elements={
0x00007fd6cc019800, 0x00007fd6cc124000, 0x00007fd6cc126000, 0x00007fd6cc12a800,
0x00007fd6cc12c800, 0x00007fd6cc12e800, 0x00007fd6cc130800, 0x00007fd6cc132800,
0x00007fd6cc140800, 0x00007fd6cc189800, 0x00007fd6cc18d800, 0x00005617ce525000,
0x00007fd6cc215000
}

Java Threads: ( => current thread )
=>0x00007fd6cc019800 JavaThread "main" [_thread_in_native, id=11967, stack(0x00007fd6d4d00000,0x00007fd6d4e00000)]
  0x00007fd6cc124000 JavaThread "Reference Handler" daemon [_thread_blocked, id=11974, stack(0x00007fd6a55fe000,0x00007fd6a56fe000)]
  0x00007fd6cc126000 JavaThread "Finalizer" daemon [_thread_blocked, id=11978, stack(0x00007fd6a54fe000,0x00007fd6a55fe000)]
  0x00007fd6cc12a800 JavaThread "Signal Dispatcher" daemon [_thread_blocked, id=11979, stack(0x00007fd6a53fe000,0x00007fd6a54fe000)]
  0x00007fd6cc12c800 JavaThread "Service Thread" daemon [_thread_blocked, id=11980, stack(0x00007fd6a52fe000,0x00007fd6a53fe000)]
  0x00007fd6cc12e800 JavaThread "C2 CompilerThread0" daemon [_thread_blocked, id=11982, stack(0x00007fd6a51fe000,0x00007fd6a52fe000)]
  0x00007fd6cc130800 JavaThread "C1 CompilerThread0" daemon [_thread_blocked, id=11984, stack(0x00007fd6a50fe000,0x00007fd6a51fe000)]
  0x00007fd6cc132800 JavaThread "Sweeper thread" daemon [_thread_blocked, id=11986, stack(0x00007fd6a4ffe000,0x00007fd6a50fe000)]
  0x00007fd6cc140800 JavaThread "Common-Cleaner" daemon [_thread_blocked, id=11991, stack(0x00007fd6a4efe000,0x00007fd6a4ffe000)]
  0x00007fd6cc189800 JavaThread "JDWP Transport Listener: dt_socket" daemon [_thread_blocked, id=11993, stack(0x00007fd6a4dfe000,0x00007fd6a4efe000)]
  0x00007fd6cc18d800 JavaThread "JDWP Event Helper Thread" daemon [_thread_blocked, id=11995, stack(0x00007fd6a4cfe000,0x00007fd6a4dfe000)]
  0x00005617ce525000 JavaThread "JDWP Command Reader" daemon [_thread_in_native, id=11996, stack(0x00007fd6a4bfe000,0x00007fd6a4cfe000)]
  0x00007fd6cc215000 JavaThread "JavaCPP Deallocator" daemon [_thread_blocked, id=11999, stack(0x00007fd6a49fc000,0x00007fd6a4afc000)]

Other Threads:
  0x00007fd6cc121000 VMThread "VM Thread" [stack: 0x00007fd6a5700000,0x00007fd6a5800000] [id=11973]
  0x00007fd6cc1a0000 WatcherThread [stack: 0x00007fd6a4afe000,0x00007fd6a4bfe000] [id=11998]
  0x00007fd6cc033800 GCTaskThread "GC Thread#0" [stack: 0x00007fd6d2700000,0x00007fd6d2800000] [id=11968]
  0x00007fd69c001000 GCTaskThread "GC Thread#1" [stack: 0x00007fd6a48fc000,0x00007fd6a49fc000] [id=12000]
  0x00007fd6cc04e800 ConcurrentGCThread "G1 Main Marker" [stack: 0x00007fd6cbf00000,0x00007fd6cc000000] [id=11969]
  0x00007fd6cc050000 ConcurrentGCThread "G1 Conc#0" [stack: 0x00007fd6b4500000,0x00007fd6b4600000] [id=11970]
  0x00007fd6cc08b800 ConcurrentGCThread "G1 Refine#0" [stack: 0x00007fd6b41fc000,0x00007fd6b42fc000] [id=11971]
  0x00007fd6cc08d800 ConcurrentGCThread "G1 Young RemSet Sampling" [stack: 0x00007fd6b40fa000,0x00007fd6b41fa000] [id=11972]

Threads with active compile tasks:

VM state:not at safepoint (normal execution)

VM Mutex/Monitor currently owned by a thread: None

Heap address: 0x00000000c3200000, size: 974 MB, Compressed Oops mode: 32-bit
Narrow klass base: 0x0000000800000000, Narrow klass shift: 3
Compressed class space size: 1073741824 Address: 0x0000000840000000

Heap:
 garbage-first heap   total 65536K, used 8896K [0x00000000c3200000, 0x0000000100000000)
  region size 1024K, 9 young (9216K), 1 survivors (1024K)
 Metaspace       used 3820K, capacity 6617K, committed 6912K, reserved 1056768K
  class space    used 420K, capacity 694K, committed 768K, reserved 1048576K
Heap Regions: E=young(eden), S=young(survivor), O=old, HS=humongous(starts), HC=humongous(continues), CS=collection set, F=free, A=archive, TAMS=top-at-mark-start (previous, next)
|   0|0x00000000c3200000, 0x00000000c3200000, 0x00000000c3300000|  0%| F|  |TAMS 0x00000000c3200000, 0x00000000c3200000| Untracked 
|   1|0x00000000c3300000, 0x00000000c3300000, 0x00000000c3400000|  0%| F|  |TAMS 0x00000000c3300000, 0x00000000c3300000| Untracked 
|   2|0x00000000c3400000, 0x00000000c3400000, 0x00000000c3500000|  0%| F|  |TAMS 0x00000000c3400000, 0x00000000c3400000| Untracked 
|   3|0x00000000c3500000, 0x00000000c3500000, 0x00000000c3600000|  0%| F|  |TAMS 0x00000000c3500000, 0x00000000c3500000| Untracked 
|   4|0x00000000c3600000, 0x00000000c3600000, 0x00000000c3700000|  0%| F|  |TAMS 0x00000000c3600000, 0x00000000c3600000| Untracked 
|   5|0x00000000c3700000, 0x00000000c3700000, 0x00000000c3800000|  0%| F|  |TAMS 0x00000000c3700000, 0x00000000c3700000| Untracked 
|   6|0x00000000c3800000, 0x00000000c3800000, 0x00000000c3900000|  0%| F|  |TAMS 0x00000000c3800000, 0x00000000c3800000| Untracked 
|   7|0x00000000c3900000, 0x00000000c3900000, 0x00000000c3a00000|  0%| F|  |TAMS 0x00000000c3900000, 0x00000000c3900000| Untracked 
|   8|0x00000000c3a00000, 0x00000000c3a00000, 0x00000000c3b00000|  0%| F|  |TAMS 0x00000000c3a00000, 0x00000000c3a00000| Untracked 
|   9|0x00000000c3b00000, 0x00000000c3b00000, 0x00000000c3c00000|  0%| F|  |TAMS 0x00000000c3b00000, 0x00000000c3b00000| Untracked 
|  10|0x00000000c3c00000, 0x00000000c3c00000, 0x00000000c3d00000|  0%| F|  |TAMS 0x00000000c3c00000, 0x00000000c3c00000| Untracked 
|  11|0x00000000c3d00000, 0x00000000c3d00000, 0x00000000c3e00000|  0%| F|  |TAMS 0x00000000c3d00000, 0x00000000c3d00000| Untracked 
|  12|0x00000000c3e00000, 0x00000000c3e00000, 0x00000000c3f00000|  0%| F|  |TAMS 0x00000000c3e00000, 0x00000000c3e00000| Untracked 
|  13|0x00000000c3f00000, 0x00000000c3f00000, 0x00000000c4000000|  0%| F|  |TAMS 0x00000000c3f00000, 0x00000000c3f00000| Untracked 
|  14|0x00000000c4000000, 0x00000000c4000000, 0x00000000c4100000|  0%| F|  |TAMS 0x00000000c4000000, 0x00000000c4000000| Untracked 
|  15|0x00000000c4100000, 0x00000000c4100000, 0x00000000c4200000|  0%| F|  |TAMS 0x00000000c4100000, 0x00000000c4100000| Untracked 
|  16|0x00000000c4200000, 0x00000000c4200000, 0x00000000c4300000|  0%| F|  |TAMS 0x00000000c4200000, 0x00000000c4200000| Untracked 
|  17|0x00000000c4300000, 0x00000000c4300000, 0x00000000c4400000|  0%| F|  |TAMS 0x00000000c4300000, 0x00000000c4300000| Untracked 
|  18|0x00000000c4400000, 0x00000000c4400000, 0x00000000c4500000|  0%| F|  |TAMS 0x00000000c4400000, 0x00000000c4400000| Untracked 
|  19|0x00000000c4500000, 0x00000000c4500000, 0x00000000c4600000|  0%| F|  |TAMS 0x00000000c4500000, 0x00000000c4500000| Untracked 
|  20|0x00000000c4600000, 0x00000000c4600000, 0x00000000c4700000|  0%| F|  |TAMS 0x00000000c4600000, 0x00000000c4600000| Untracked 
|  21|0x00000000c4700000, 0x00000000c4700000, 0x00000000c4800000|  0%| F|  |TAMS 0x00000000c4700000, 0x00000000c4700000| Untracked 
|  22|0x00000000c4800000, 0x00000000c4800000, 0x00000000c4900000|  0%| F|  |TAMS 0x00000000c4800000, 0x00000000c4800000| Untracked 
|  23|0x00000000c4900000, 0x00000000c4900000, 0x00000000c4a00000|  0%| F|  |TAMS 0x00000000c4900000, 0x00000000c4900000| Untracked 
|  24|0x00000000c4a00000, 0x00000000c4a00000, 0x00000000c4b00000|  0%| F|  |TAMS 0x00000000c4a00000, 0x00000000c4a00000| Untracked 
|  25|0x00000000c4b00000, 0x00000000c4b00000, 0x00000000c4c00000|  0%| F|  |TAMS 0x00000000c4b00000, 0x00000000c4b00000| Untracked 
|  26|0x00000000c4c00000, 0x00000000c4c00000, 0x00000000c4d00000|  0%| F|  |TAMS 0x00000000c4c00000, 0x00000000c4c00000| Untracked 
|  27|0x00000000c4d00000, 0x00000000c4d00000, 0x00000000c4e00000|  0%| F|  |TAMS 0x00000000c4d00000, 0x00000000c4d00000| Untracked 
|  28|0x00000000c4e00000, 0x00000000c4e00000, 0x00000000c4f00000|  0%| F|  |TAMS 0x00000000c4e00000, 0x00000000c4e00000| Untracked 
|  29|0x00000000c4f00000, 0x00000000c4f00000, 0x00000000c5000000|  0%| F|  |TAMS 0x00000000c4f00000, 0x00000000c4f00000| Untracked 
|  30|0x00000000c5000000, 0x00000000c5000000, 0x00000000c5100000|  0%| F|  |TAMS 0x00000000c5000000, 0x00000000c5000000| Untracked 
|  31|0x00000000c5100000, 0x00000000c5100000, 0x00000000c5200000|  0%| F|  |TAMS 0x00000000c5100000, 0x00000000c5100000| Untracked 
|  32|0x00000000c5200000, 0x00000000c5200000, 0x00000000c5300000|  0%| F|  |TAMS 0x00000000c5200000, 0x00000000c5200000| Untracked 
|  33|0x00000000c5300000, 0x00000000c5300000, 0x00000000c5400000|  0%| F|  |TAMS 0x00000000c5300000, 0x00000000c5300000| Untracked 
|  34|0x00000000c5400000, 0x00000000c5400000, 0x00000000c5500000|  0%| F|  |TAMS 0x00000000c5400000, 0x00000000c5400000| Untracked 
|  35|0x00000000c5500000, 0x00000000c5500000, 0x00000000c5600000|  0%| F|  |TAMS 0x00000000c5500000, 0x00000000c5500000| Untracked 
|  36|0x00000000c5600000, 0x00000000c5600000, 0x00000000c5700000|  0%| F|  |TAMS 0x00000000c5600000, 0x00000000c5600000| Untracked 
|  37|0x00000000c5700000, 0x00000000c5700000, 0x00000000c5800000|  0%| F|  |TAMS 0x00000000c5700000, 0x00000000c5700000| Untracked 
|  38|0x00000000c5800000, 0x00000000c5800000, 0x00000000c5900000|  0%| F|  |TAMS 0x00000000c5800000, 0x00000000c5800000| Untracked 
|  39|0x00000000c5900000, 0x00000000c5900000, 0x00000000c5a00000|  0%| F|  |TAMS 0x00000000c5900000, 0x00000000c5900000| Untracked 
|  40|0x00000000c5a00000, 0x00000000c5a00000, 0x00000000c5b00000|  0%| F|  |TAMS 0x00000000c5a00000, 0x00000000c5a00000| Untracked 
|  41|0x00000000c5b00000, 0x00000000c5b00000, 0x00000000c5c00000|  0%| F|  |TAMS 0x00000000c5b00000, 0x00000000c5b00000| Untracked 
|  42|0x00000000c5c00000, 0x00000000c5c00000, 0x00000000c5d00000|  0%| F|  |TAMS 0x00000000c5c00000, 0x00000000c5c00000| Untracked 
|  43|0x00000000c5d00000, 0x00000000c5d00000, 0x00000000c5e00000|  0%| F|  |TAMS 0x00000000c5d00000, 0x00000000c5d00000| Untracked 
|  44|0x00000000c5e00000, 0x00000000c5e00000, 0x00000000c5f00000|  0%| F|  |TAMS 0x00000000c5e00000, 0x00000000c5e00000| Untracked 
|  45|0x00000000c5f00000, 0x00000000c5f00000, 0x00000000c6000000|  0%| F|  |TAMS 0x00000000c5f00000, 0x00000000c5f00000| Untracked 
|  46|0x00000000c6000000, 0x00000000c6000000, 0x00000000c6100000|  0%| F|  |TAMS 0x00000000c6000000, 0x00000000c6000000| Untracked 
|  47|0x00000000c6100000, 0x00000000c6100000, 0x00000000c6200000|  0%| F|  |TAMS 0x00000000c6100000, 0x00000000c6100000| Untracked 
|  48|0x00000000c6200000, 0x00000000c6200000, 0x00000000c6300000|  0%| F|  |TAMS 0x00000000c6200000, 0x00000000c6200000| Untracked 
|  49|0x00000000c6300000, 0x00000000c6300000, 0x00000000c6400000|  0%| F|  |TAMS 0x00000000c6300000, 0x00000000c6300000| Untracked 
|  50|0x00000000c6400000, 0x00000000c6400000, 0x00000000c6500000|  0%| F|  |TAMS 0x00000000c6400000, 0x00000000c6400000| Untracked 
|  51|0x00000000c6500000, 0x00000000c6500000, 0x00000000c6600000|  0%| F|  |TAMS 0x00000000c6500000, 0x00000000c6500000| Untracked 
|  52|0x00000000c6600000, 0x00000000c6600000, 0x00000000c6700000|  0%| F|  |TAMS 0x00000000c6600000, 0x00000000c6600000| Untracked 
|  53|0x00000000c6700000, 0x00000000c6780800, 0x00000000c6800000| 50%| E|  |TAMS 0x00000000c6700000, 0x00000000c6700000| Complete 
|  54|0x00000000c6800000, 0x00000000c68fe348, 0x00000000c6900000| 99%| S|CS|TAMS 0x00000000c6800000, 0x00000000c6800000| Complete 
|  55|0x00000000c6900000, 0x00000000c6a00000, 0x00000000c6a00000|100%| E|CS|TAMS 0x00000000c6900000, 0x00000000c6900000| Complete 
|  56|0x00000000c6a00000, 0x00000000c6b00000, 0x00000000c6b00000|100%| E|CS|TAMS 0x00000000c6a00000, 0x00000000c6a00000| Complete 
|  57|0x00000000c6b00000, 0x00000000c6c00000, 0x00000000c6c00000|100%| E|CS|TAMS 0x00000000c6b00000, 0x00000000c6b00000| Complete 
|  58|0x00000000c6c00000, 0x00000000c6d00000, 0x00000000c6d00000|100%| E|CS|TAMS 0x00000000c6c00000, 0x00000000c6c00000| Complete 
|  59|0x00000000c6d00000, 0x00000000c6e00000, 0x00000000c6e00000|100%| E|CS|TAMS 0x00000000c6d00000, 0x00000000c6d00000| Complete 
|  60|0x00000000c6e00000, 0x00000000c6f00000, 0x00000000c6f00000|100%| E|CS|TAMS 0x00000000c6e00000, 0x00000000c6e00000| Complete 
|  61|0x00000000c6f00000, 0x00000000c7000000, 0x00000000c7000000|100%| E|CS|TAMS 0x00000000c6f00000, 0x00000000c6f00000| Complete 
| 972|0x00000000ffe00000, 0x00000000ffe47000, 0x00000000fff00000| 27%|OA|  |TAMS 0x00000000ffe00000, 0x00000000ffe00000| Untracked 
| 973|0x00000000fff00000, 0x00000000fff6b000, 0x0000000100000000| 41%|CA|  |TAMS 0x00000000fff00000, 0x00000000fff00000| Untracked 

Card table byte_map: [0x00007fd6d212e000,0x00007fd6d2315000] _byte_map_base: 0x00007fd6d1b15000

Marking Bits (Prev, Next): (CMBitMap*) 0x00007fd6cc049aa8, (CMBitMap*) 0x00007fd6cc049ae0
 Prev Bits: [0x00007fd6d100f000, 0x00007fd6d1f47000)
 Next Bits: [0x00007fd6d00d7000, 0x00007fd6d100f000)

Polling page: 0x00007fd6d5210000

Metaspace:

Usage:
  Non-class:      5.78 MB capacity,     3.32 MB ( 57%) used,     2.46 MB ( 42%) free+waste,     7.19 KB ( <1%) overhead. 
      Class:    694.00 KB capacity,   420.38 KB ( 61%) used,   269.93 KB ( 39%) free+waste,     3.69 KB ( <1%) overhead. 
       Both:      6.46 MB capacity,     3.73 MB ( 58%) used,     2.72 MB ( 42%) free+waste,    10.88 KB ( <1%) overhead. 

Virtual space:
  Non-class space:        8.00 MB reserved,       6.00 MB ( 75%) committed 
      Class space:        1.00 GB reserved,     768.00 KB ( <1%) committed 
             Both:        1.01 GB reserved,       6.75 MB ( <1%) committed 

Chunk freelists:
   Non-Class:  29.00 KB
       Class:  10.00 KB
        Both:  39.00 KB

MaxMetaspaceSize: unlimited
CompressedClassSpaceSize: 1.00 GB
Initial GC threshold: 20.80 MB
Current GC threshold: 20.80 MB
CDS: on

CodeHeap 'non-profiled nmethods': size=120036Kb used=237Kb max_used=237Kb free=119798Kb
 bounds [0x00007fd6bc0c7000, 0x00007fd6bc337000, 0x00007fd6c3600000]
CodeHeap 'profiled nmethods': size=120032Kb used=1256Kb max_used=1256Kb free=118775Kb
 bounds [0x00007fd6b4b8f000, 0x00007fd6b4dff000, 0x00007fd6bc0c7000]
CodeHeap 'non-nmethods': size=5692Kb used=1213Kb max_used=1222Kb free=4479Kb
 bounds [0x00007fd6b4600000, 0x00007fd6b4870000, 0x00007fd6b4b8f000]
 total_blobs=1138 nmethods=740 adapters=320
 compilation: enabled
              stopped_count=0, restarted_count=0
 full_count=0

Compilation events (20 events):
Event: 1.043 Thread 0x00007fd6cc130800 nmethod 700 0x00007fd6bc0fae10 code [0x00007fd6bc0fafc0, 0x00007fd6bc0fb090]
Event: 1.046 Thread 0x00007fd6cc130800  702       3       jdk.internal.loader.URLClassPath$JarLoader$2::getCodeSourceURL (8 bytes)
Event: 1.046 Thread 0x00007fd6cc130800 nmethod 702 0x00007fd6b4cc5d90 code [0x00007fd6b4cc5f40, 0x00007fd6b4cc6070]
Event: 1.046 Thread 0x00007fd6cc130800  703       3       jdk.internal.loader.URLClassPath$JarLoader$2::getManifest (26 bytes)
Event: 1.047 Thread 0x00007fd6cc130800 nmethod 703 0x00007fd6b4cc6110 code [0x00007fd6b4cc6320, 0x00007fd6b4cc6820]
Event: 1.047 Thread 0x00007fd6cc130800  705       3       java.util.jar.Attributes::getValue (9 bytes)
Event: 1.047 Thread 0x00007fd6cc130800 nmethod 705 0x00007fd6b4cc6a90 code [0x00007fd6b4cc6c60, 0x00007fd6b4cc6fc0]
Event: 1.047 Thread 0x00007fd6cc130800  706       3       java.util.jar.Attributes::get (11 bytes)
Event: 1.047 Thread 0x00007fd6cc130800 nmethod 706 0x00007fd6b4cc7110 code [0x00007fd6b4cc72c0, 0x00007fd6b4cc74c0]
Event: 1.047 Thread 0x00007fd6cc130800  704       3       jdk.internal.loader.URLClassPath$JarLoader$2::getBytes (48 bytes)
Event: 1.048 Thread 0x00007fd6cc130800 nmethod 704 0x00007fd6b4cc7590 code [0x00007fd6b4cc77a0, 0x00007fd6b4cc7e00]
Event: 1.054 Thread 0x00007fd6cc130800  708       3       jdk.internal.ref.CleanerFactory::cleaner (4 bytes)
Event: 1.054 Thread 0x00007fd6cc130800 nmethod 708 0x00007fd6b4cc8090 code [0x00007fd6b4cc8240, 0x00007fd6b4cc8330]
Event: 1.055 Thread 0x00007fd6cc130800  709   !   3       jdk.internal.ref.PhantomCleanable::insert (53 bytes)
Event: 1.056 Thread 0x00007fd6cc130800 nmethod 709 0x00007fd6b4cc8390 code [0x00007fd6b4cc8560, 0x00007fd6b4cc89d0]
Event: 1.056 Thread 0x00007fd6cc130800  707       3       java.io.FilterInputStream::<init> (10 bytes)
Event: 1.057 Thread 0x00007fd6cc130800 nmethod 707 0x00007fd6b4cc8b90 code [0x00007fd6b4cc8d40, 0x00007fd6b4cc8f70]
Event: 1.072 Thread 0x00007fd6cc12e800 nmethod 678 0x00007fd6bc0fb110 code [0x00007fd6bc0fb2e0, 0x00007fd6bc0fbe98]
Event: 1.072 Thread 0x00007fd6cc12e800  662       4       java.lang.StringLatin1::charAt (28 bytes)
Event: 1.072 Thread 0x00007fd6cc12e800 nmethod 662 0x00007fd6bc0fc590 code [0x00007fd6bc0fc720, 0x00007fd6bc0fc798]

GC Heap History (2 events):
Event: 0.524 GC heap before
{Heap before GC invocations=0 (full 0):
 garbage-first heap   total 65536K, used 7880K [0x00000000c3200000, 0x0000000100000000)
  region size 1024K, 7 young (7168K), 0 survivors (0K)
 Metaspace       used 2359K, capacity 5462K, committed 5760K, reserved 1056768K
  class space    used 253K, capacity 521K, committed 640K, reserved 1048576K
}
Event: 0.540 GC heap after
{Heap after GC invocations=1 (full 0):
 garbage-first heap   total 65536K, used 1728K [0x00000000c3200000, 0x0000000100000000)
  region size 1024K, 1 young (1024K), 1 survivors (1024K)
 Metaspace       used 2359K, capacity 5462K, committed 5760K, reserved 1056768K
  class space    used 253K, capacity 521K, committed 640K, reserved 1048576K
}

Deoptimization events (20 events):
Event: 0.882 Thread 0x00007fd6cc019800 DEOPT PACKING pc=0x00007fd6b4c7c6d4 sp=0x00007fd6d4dfbfa0
Event: 0.882 Thread 0x00007fd6cc019800 DEOPT UNPACKING pc=0x00007fd6b46499fa sp=0x00007fd6d4dfb490 mode 1
Event: 0.882 Thread 0x00007fd6cc019800 DEOPT PACKING pc=0x00007fd6b4c7c6d4 sp=0x00007fd6d4dfbfa0
Event: 0.882 Thread 0x00007fd6cc019800 DEOPT UNPACKING pc=0x00007fd6b46499fa sp=0x00007fd6d4dfb490 mode 1
Event: 0.882 Thread 0x00007fd6cc019800 DEOPT PACKING pc=0x00007fd6b4c7c6d4 sp=0x00007fd6d4dfbfa0
Event: 0.882 Thread 0x00007fd6cc019800 DEOPT UNPACKING pc=0x00007fd6b46499fa sp=0x00007fd6d4dfb490 mode 1
Event: 0.882 Thread 0x00007fd6cc019800 DEOPT PACKING pc=0x00007fd6b4c7c6d4 sp=0x00007fd6d4dfbfa0
Event: 0.882 Thread 0x00007fd6cc019800 DEOPT UNPACKING pc=0x00007fd6b46499fa sp=0x00007fd6d4dfb490 mode 1
Event: 0.882 Thread 0x00007fd6cc019800 DEOPT PACKING pc=0x00007fd6b4c7c6d4 sp=0x00007fd6d4dfbfa0
Event: 0.882 Thread 0x00007fd6cc019800 DEOPT UNPACKING pc=0x00007fd6b46499fa sp=0x00007fd6d4dfb490 mode 1
Event: 0.882 Thread 0x00007fd6cc019800 DEOPT PACKING pc=0x00007fd6b4c7c6d4 sp=0x00007fd6d4dfbfa0
Event: 0.882 Thread 0x00007fd6cc019800 DEOPT UNPACKING pc=0x00007fd6b46499fa sp=0x00007fd6d4dfb490 mode 1
Event: 0.882 Thread 0x00007fd6cc019800 DEOPT PACKING pc=0x00007fd6b4c7c6d4 sp=0x00007fd6d4dfbfa0
Event: 0.882 Thread 0x00007fd6cc019800 DEOPT UNPACKING pc=0x00007fd6b46499fa sp=0x00007fd6d4dfb490 mode 1
Event: 0.974 Thread 0x00007fd6cc019800 DEOPT PACKING pc=0x00007fd6b4c2f48a sp=0x00007fd6d4dfd400
Event: 0.974 Thread 0x00007fd6cc019800 DEOPT UNPACKING pc=0x00007fd6b46499fa sp=0x00007fd6d4dfc8a8 mode 0
Event: 0.976 Thread 0x00007fd6cc019800 DEOPT PACKING pc=0x00007fd6b4c2f48a sp=0x00007fd6d4dfd400
Event: 0.976 Thread 0x00007fd6cc019800 DEOPT UNPACKING pc=0x00007fd6b46499fa sp=0x00007fd6d4dfc8a8 mode 0
Event: 0.983 Thread 0x00007fd6cc019800 DEOPT PACKING pc=0x00007fd6b4bcd0cf sp=0x00007fd6d4dfd3e0
Event: 0.983 Thread 0x00007fd6cc019800 DEOPT UNPACKING pc=0x00007fd6b46499fa sp=0x00007fd6d4dfc8a0 mode 0

Classes redefined (0 events):
No events

Internal exceptions (20 events):
Event: 0.882 Thread 0x00007fd6cc019800 Exception <a 'java/security/PrivilegedActionException'{0x00000000c6c29be8}> (0x00000000c6c29be8) thrown at [./src/hotspot/share/prims/jvm.cpp, line 1304]
Event: 0.882 Thread 0x00007fd6cc019800 Exception <a 'java/security/PrivilegedActionException'{0x00000000c6c29eb8}> (0x00000000c6c29eb8) thrown at [./src/hotspot/share/prims/jvm.cpp, line 1304]
Event: 0.882 Thread 0x00007fd6cc019800 Exception <a 'java/security/PrivilegedActionException'{0x00000000c6c2a808}> (0x00000000c6c2a808) thrown at [./src/hotspot/share/prims/jvm.cpp, line 1304]
Event: 0.882 Thread 0x00007fd6cc019800 Exception <a 'java/security/PrivilegedActionException'{0x00000000c6c2aad8}> (0x00000000c6c2aad8) thrown at [./src/hotspot/share/prims/jvm.cpp, line 1304]
Event: 0.882 Thread 0x00007fd6cc019800 Exception <a 'java/security/PrivilegedActionException'{0x00000000c6c2b460}> (0x00000000c6c2b460) thrown at [./src/hotspot/share/prims/jvm.cpp, line 1304]
Event: 0.882 Thread 0x00007fd6cc019800 Exception <a 'java/security/PrivilegedActionException'{0x00000000c6c2b730}> (0x00000000c6c2b730) thrown at [./src/hotspot/share/prims/jvm.cpp, line 1304]
Event: 0.882 Thread 0x00007fd6cc019800 Exception <a 'java/security/PrivilegedActionException'{0x00000000c6c2c0a0}> (0x00000000c6c2c0a0) thrown at [./src/hotspot/share/prims/jvm.cpp, line 1304]
Event: 0.882 Thread 0x00007fd6cc019800 Exception <a 'java/security/PrivilegedActionException'{0x00000000c6c2c370}> (0x00000000c6c2c370) thrown at [./src/hotspot/share/prims/jvm.cpp, line 1304]
Event: 0.882 Thread 0x00007fd6cc019800 Exception <a 'java/security/PrivilegedActionException'{0x00000000c6c2cce0}> (0x00000000c6c2cce0) thrown at [./src/hotspot/share/prims/jvm.cpp, line 1304]
Event: 0.882 Thread 0x00007fd6cc019800 Exception <a 'java/security/PrivilegedActionException'{0x00000000c6c2cfb0}> (0x00000000c6c2cfb0) thrown at [./src/hotspot/share/prims/jvm.cpp, line 1304]
Event: 0.882 Thread 0x00007fd6cc019800 Exception <a 'java/security/PrivilegedActionException'{0x00000000c6c2d938}> (0x00000000c6c2d938) thrown at [./src/hotspot/share/prims/jvm.cpp, line 1304]
Event: 0.882 Thread 0x00007fd6cc019800 Exception <a 'java/security/PrivilegedActionException'{0x00000000c6c2dc08}> (0x00000000c6c2dc08) thrown at [./src/hotspot/share/prims/jvm.cpp, line 1304]
Event: 0.882 Thread 0x00007fd6cc019800 Exception <a 'java/security/PrivilegedActionException'{0x00000000c6c2e590}> (0x00000000c6c2e590) thrown at [./src/hotspot/share/prims/jvm.cpp, line 1304]
Event: 0.882 Thread 0x00007fd6cc019800 Exception <a 'java/security/PrivilegedActionException'{0x00000000c6c2e860}> (0x00000000c6c2e860) thrown at [./src/hotspot/share/prims/jvm.cpp, line 1304]
Event: 0.882 Thread 0x00007fd6cc019800 Exception <a 'java/security/PrivilegedActionException'{0x00000000c6c2f1e8}> (0x00000000c6c2f1e8) thrown at [./src/hotspot/share/prims/jvm.cpp, line 1304]
Event: 0.882 Thread 0x00007fd6cc019800 Exception <a 'java/security/PrivilegedActionException'{0x00000000c6c2f4b8}> (0x00000000c6c2f4b8) thrown at [./src/hotspot/share/prims/jvm.cpp, line 1304]
Event: 0.882 Thread 0x00007fd6cc019800 Exception <a 'java/security/PrivilegedActionException'{0x00000000c6c2fe28}> (0x00000000c6c2fe28) thrown at [./src/hotspot/share/prims/jvm.cpp, line 1304]
Event: 0.882 Thread 0x00007fd6cc019800 Exception <a 'java/security/PrivilegedActionException'{0x00000000c6c300f8}> (0x00000000c6c300f8) thrown at [./src/hotspot/share/prims/jvm.cpp, line 1304]
Event: 0.882 Thread 0x00007fd6cc019800 Exception <a 'java/security/PrivilegedActionException'{0x00000000c6c30a80}> (0x00000000c6c30a80) thrown at [./src/hotspot/share/prims/jvm.cpp, line 1304]
Event: 0.882 Thread 0x00007fd6cc019800 Exception <a 'java/security/PrivilegedActionException'{0x00000000c6c30d50}> (0x00000000c6c30d50) thrown at [./src/hotspot/share/prims/jvm.cpp, line 1304]

Events (20 events):
Event: 150.856 Executing VM operation: GetOrSetLocal
Event: 150.856 Executing VM operation: GetOrSetLocal done
Event: 150.856 Executing VM operation: GetFrameLocation
Event: 150.856 Executing VM operation: GetFrameLocation done
Event: 150.856 Executing VM operation: GetOrSetLocal
Event: 150.856 Executing VM operation: GetOrSetLocal done
Event: 150.866 Executing VM operation: GetFrameCount
Event: 150.866 Executing VM operation: GetFrameCount done
Event: 150.866 Executing VM operation: GetStackTrace
Event: 150.866 Executing VM operation: GetStackTrace done
Event: 152.517 Executing VM operation: GetFrameCount
Event: 152.517 Executing VM operation: GetFrameCount done
Event: 152.517 Executing VM operation: SetFramePop
Event: 152.517 Executing VM operation: SetFramePop done
Event: 152.517 Executing VM operation: GetFrameLocation
Event: 152.517 Executing VM operation: GetFrameLocation done
Event: 152.518 Executing VM operation: GetCurrentLocation
Event: 152.518 Executing VM operation: GetCurrentLocation done
Event: 152.518 Executing VM operation: ChangeSingleStep
Event: 152.518 Executing VM operation: ChangeSingleStep done


Dynamic libraries:
c3200000-c7000000 rw-p 00000000 00:00 0 
c7000000-ffe00000 ---p 00000000 00:00 0 
ffe00000-ffe47000 rw-p 00b0a000 08:03 1060156                            /usr/lib/jvm/java-11-openjdk-amd64/lib/server/classes.jsa
ffe47000-fff00000 rw-p 00000000 00:00 0 
fff00000-fff6b000 rw-p 00a9f000 08:03 1060156                            /usr/lib/jvm/java-11-openjdk-amd64/lib/server/classes.jsa
fff6b000-100000000 rw-p 00000000 00:00 0 
800000000-800002000 rwxp 00001000 08:03 1060156                          /usr/lib/jvm/java-11-openjdk-amd64/lib/server/classes.jsa
800002000-800a9e000 rw-p 00003000 08:03 1060156                          /usr/lib/jvm/java-11-openjdk-amd64/lib/server/classes.jsa
840000000-8400c0000 rw-p 00000000 00:00 0 
8400c0000-880000000 ---p 00000000 00:00 0 
5617cd0d6000-5617cd0d7000 r--p 00000000 08:03 1058673                    /usr/lib/jvm/java-11-openjdk-amd64/bin/java
5617cd0d7000-5617cd0d8000 r-xp 00001000 08:03 1058673                    /usr/lib/jvm/java-11-openjdk-amd64/bin/java
5617cd0d8000-5617cd0d9000 r--p 00002000 08:03 1058673                    /usr/lib/jvm/java-11-openjdk-amd64/bin/java
5617cd0d9000-5617cd0da000 r--p 00002000 08:03 1058673                    /usr/lib/jvm/java-11-openjdk-amd64/bin/java
5617cd0da000-5617cd0db000 rw-p 00003000 08:03 1058673                    /usr/lib/jvm/java-11-openjdk-amd64/bin/java
5617ce50b000-5617ce54d000 rw-p 00000000 00:00 0                          [heap]
7fd671400000-7fd671d26000 r--p 00000000 08:03 1579535                    /home/doudou/.javacpp/cache/llvm-13.0.1-1.5.7-linux-x86_64.jar/org/bytedeco/llvm/linux-x86_64/libLLVM-13.so
7fd671d26000-7fd6756e9000 r-xp 00926000 08:03 1579535                    /home/doudou/.javacpp/cache/llvm-13.0.1-1.5.7-linux-x86_64.jar/org/bytedeco/llvm/linux-x86_64/libLLVM-13.so
7fd6756e9000-7fd67793e000 r--p 042e9000 08:03 1579535                    /home/doudou/.javacpp/cache/llvm-13.0.1-1.5.7-linux-x86_64.jar/org/bytedeco/llvm/linux-x86_64/libLLVM-13.so
7fd67793e000-7fd677e53000 r--p 0653d000 08:03 1579535                    /home/doudou/.javacpp/cache/llvm-13.0.1-1.5.7-linux-x86_64.jar/org/bytedeco/llvm/linux-x86_64/libLLVM-13.so
7fd677e53000-7fd677e5e000 rw-p 06a52000 08:03 1579535                    /home/doudou/.javacpp/cache/llvm-13.0.1-1.5.7-linux-x86_64.jar/org/bytedeco/llvm/linux-x86_64/libLLVM-13.so
7fd677e5e000-7fd677ed4000 rw-p 00000000 00:00 0 
7fd678000000-7fd678021000 rw-p 00000000 00:00 0 
7fd678021000-7fd67c000000 ---p 00000000 00:00 0 
7fd67c000000-7fd67c021000 rw-p 00000000 00:00 0 
7fd67c021000-7fd680000000 ---p 00000000 00:00 0 
7fd680000000-7fd68037f000 rw-p 00000000 00:00 0 
7fd68037f000-7fd684000000 ---p 00000000 00:00 0 
7fd684000000-7fd68439e000 rw-p 00000000 00:00 0 
7fd68439e000-7fd688000000 ---p 00000000 00:00 0 
7fd688000000-7fd688021000 rw-p 00000000 00:00 0 
7fd688021000-7fd68c000000 ---p 00000000 00:00 0 
7fd68c000000-7fd68c021000 rw-p 00000000 00:00 0 
7fd68c021000-7fd690000000 ---p 00000000 00:00 0 
7fd690000000-7fd690021000 rw-p 00000000 00:00 0 
7fd690021000-7fd694000000 ---p 00000000 00:00 0 
7fd694000000-7fd694021000 rw-p 00000000 00:00 0 
7fd694021000-7fd698000000 ---p 00000000 00:00 0 
7fd698000000-7fd698021000 rw-p 00000000 00:00 0 
7fd698021000-7fd69c000000 ---p 00000000 00:00 0 
7fd69c000000-7fd69c021000 rw-p 00000000 00:00 0 
7fd69c021000-7fd6a0000000 ---p 00000000 00:00 0 
7fd6a0000000-7fd6a0021000 rw-p 00000000 00:00 0 
7fd6a0021000-7fd6a4000000 ---p 00000000 00:00 0 
7fd6a47f4000-7fd6a4859000 r--p 00000000 08:03 1579540                    /home/doudou/.javacpp/cache/llvm-13.0.1-1.5.7-linux-x86_64.jar/org/bytedeco/llvm/linux-x86_64/libjniLLVM.so
7fd6a4859000-7fd6a48c7000 r-xp 00065000 08:03 1579540                    /home/doudou/.javacpp/cache/llvm-13.0.1-1.5.7-linux-x86_64.jar/org/bytedeco/llvm/linux-x86_64/libjniLLVM.so
7fd6a48c7000-7fd6a48f2000 r--p 000d3000 08:03 1579540                    /home/doudou/.javacpp/cache/llvm-13.0.1-1.5.7-linux-x86_64.jar/org/bytedeco/llvm/linux-x86_64/libjniLLVM.so
7fd6a48f2000-7fd6a48f5000 r--p 000fd000 08:03 1579540                    /home/doudou/.javacpp/cache/llvm-13.0.1-1.5.7-linux-x86_64.jar/org/bytedeco/llvm/linux-x86_64/libjniLLVM.so
7fd6a48f5000-7fd6a48f8000 rw-p 00100000 08:03 1579540                    /home/doudou/.javacpp/cache/llvm-13.0.1-1.5.7-linux-x86_64.jar/org/bytedeco/llvm/linux-x86_64/libjniLLVM.so
7fd6a48f8000-7fd6a48fa000 rw-p 00000000 00:00 0 
7fd6a48fa000-7fd6a48fb000 ---p 00000000 00:00 0 
7fd6a48fb000-7fd6a49fc000 rw-p 00000000 00:00 0 
7fd6a49fc000-7fd6a4a00000 ---p 00000000 00:00 0 
7fd6a4a00000-7fd6a4afc000 rw-p 00000000 00:00 0 
7fd6a4afc000-7fd6a4afd000 ---p 00000000 00:00 0 
7fd6a4afd000-7fd6a4bfe000 rw-p 00000000 00:00 0 
7fd6a4bfe000-7fd6a4c02000 ---p 00000000 00:00 0 
7fd6a4c02000-7fd6a4cfe000 rw-p 00000000 00:00 0 
7fd6a4cfe000-7fd6a4d02000 ---p 00000000 00:00 0 
7fd6a4d02000-7fd6a4dfe000 rw-p 00000000 00:00 0 
7fd6a4dfe000-7fd6a4e02000 ---p 00000000 00:00 0 
7fd6a4e02000-7fd6a4efe000 rw-p 00000000 00:00 0 
7fd6a4efe000-7fd6a4f02000 ---p 00000000 00:00 0 
7fd6a4f02000-7fd6a4ffe000 rw-p 00000000 00:00 0 
7fd6a4ffe000-7fd6a5002000 ---p 00000000 00:00 0 
7fd6a5002000-7fd6a50fe000 rw-p 00000000 00:00 0 
7fd6a50fe000-7fd6a5102000 ---p 00000000 00:00 0 
7fd6a5102000-7fd6a51fe000 rw-p 00000000 00:00 0 
7fd6a51fe000-7fd6a5202000 ---p 00000000 00:00 0 
7fd6a5202000-7fd6a52fe000 rw-p 00000000 00:00 0 
7fd6a52fe000-7fd6a5302000 ---p 00000000 00:00 0 
7fd6a5302000-7fd6a53fe000 rw-p 00000000 00:00 0 
7fd6a53fe000-7fd6a5402000 ---p 00000000 00:00 0 
7fd6a5402000-7fd6a54fe000 rw-p 00000000 00:00 0 
7fd6a54fe000-7fd6a5502000 ---p 00000000 00:00 0 
7fd6a5502000-7fd6a55fe000 rw-p 00000000 00:00 0 
7fd6a55fe000-7fd6a5602000 ---p 00000000 00:00 0 
7fd6a5602000-7fd6a56fe000 rw-p 00000000 00:00 0 
7fd6a56fe000-7fd6a56ff000 ---p 00000000 00:00 0 
7fd6a56ff000-7fd6a5e00000 rw-p 00000000 00:00 0 
7fd6a5e00000-7fd6a6000000 ---p 00000000 00:00 0 
7fd6a6000000-7fd6a8000000 rw-p 00000000 00:00 0 
7fd6a8000000-7fd6a8021000 rw-p 00000000 00:00 0 
7fd6a8021000-7fd6ac000000 ---p 00000000 00:00 0 
7fd6ac000000-7fd6ac021000 rw-p 00000000 00:00 0 
7fd6ac021000-7fd6b0000000 ---p 00000000 00:00 0 
7fd6b0000000-7fd6b0021000 rw-p 00000000 00:00 0 
7fd6b0021000-7fd6b4000000 ---p 00000000 00:00 0 
7fd6b40f8000-7fd6b40f9000 ---p 00000000 00:00 0 
7fd6b40f9000-7fd6b41fa000 rw-p 00000000 00:00 0 
7fd6b41fa000-7fd6b41fb000 ---p 00000000 00:00 0 
7fd6b41fb000-7fd6b44fe000 rw-p 00000000 00:00 0 
7fd6b44fe000-7fd6b44ff000 ---p 00000000 00:00 0 
7fd6b44ff000-7fd6b4600000 rw-p 00000000 00:00 0 
7fd6b4600000-7fd6b4870000 rwxp 00000000 00:00 0 
7fd6b4870000-7fd6b4b8f000 ---p 00000000 00:00 0 
7fd6b4b8f000-7fd6b4dff000 rwxp 00000000 00:00 0 
7fd6b4dff000-7fd6bc0c7000 ---p 00000000 00:00 0 
7fd6bc0c7000-7fd6bc337000 rwxp 00000000 00:00 0 
7fd6bc337000-7fd6c3600000 ---p 00000000 00:00 0 
7fd6c3600000-7fd6cbe0b000 r--s 00000000 08:03 1058832                    /usr/lib/jvm/java-11-openjdk-amd64/lib/modules
7fd6cbe7d000-7fd6cbefe000 rw-p 00000000 00:00 0 
7fd6cbefe000-7fd6cbeff000 ---p 00000000 00:00 0 
7fd6cbeff000-7fd6cc000000 rw-p 00000000 00:00 0 
7fd6cc000000-7fd6cc3cd000 rw-p 00000000 00:00 0 
7fd6cc3cd000-7fd6d0000000 ---p 00000000 00:00 0 
7fd6d003b000-7fd6d003c000 r--p 00000000 08:03 1579538                    /home/doudou/.javacpp/cache/llvm-13.0.1-1.5.7-linux-x86_64.jar/org/bytedeco/llvm/linux-x86_64/libRemarks.so.13
7fd6d003c000-7fd6d003d000 r-xp 00001000 08:03 1579538                    /home/doudou/.javacpp/cache/llvm-13.0.1-1.5.7-linux-x86_64.jar/org/bytedeco/llvm/linux-x86_64/libRemarks.so.13
7fd6d003d000-7fd6d003e000 r--p 00002000 08:03 1579538                    /home/doudou/.javacpp/cache/llvm-13.0.1-1.5.7-linux-x86_64.jar/org/bytedeco/llvm/linux-x86_64/libRemarks.so.13
7fd6d003e000-7fd6d003f000 r--p 00002000 08:03 1579538                    /home/doudou/.javacpp/cache/llvm-13.0.1-1.5.7-linux-x86_64.jar/org/bytedeco/llvm/linux-x86_64/libRemarks.so.13
7fd6d003f000-7fd6d0040000 rw-p 00003000 08:03 1579538                    /home/doudou/.javacpp/cache/llvm-13.0.1-1.5.7-linux-x86_64.jar/org/bytedeco/llvm/linux-x86_64/libRemarks.so.13
7fd6d0040000-7fd6d0047000 r--p 00000000 08:03 1579536                    /home/doudou/.javacpp/cache/llvm-13.0.1-1.5.7-linux-x86_64.jar/org/bytedeco/llvm/linux-x86_64/libLTO.so.13
7fd6d0047000-7fd6d004f000 r-xp 00007000 08:03 1579536                    /home/doudou/.javacpp/cache/llvm-13.0.1-1.5.7-linux-x86_64.jar/org/bytedeco/llvm/linux-x86_64/libLTO.so.13
7fd6d004f000-7fd6d0051000 r--p 0000f000 08:03 1579536                    /home/doudou/.javacpp/cache/llvm-13.0.1-1.5.7-linux-x86_64.jar/org/bytedeco/llvm/linux-x86_64/libLTO.so.13
7fd6d0051000-7fd6d0052000 r--p 00010000 08:03 1579536                    /home/doudou/.javacpp/cache/llvm-13.0.1-1.5.7-linux-x86_64.jar/org/bytedeco/llvm/linux-x86_64/libLTO.so.13
7fd6d0052000-7fd6d0053000 rw-p 00011000 08:03 1579536                    /home/doudou/.javacpp/cache/llvm-13.0.1-1.5.7-linux-x86_64.jar/org/bytedeco/llvm/linux-x86_64/libLTO.so.13
7fd6d0053000-7fd6d0057000 r--p 00000000 08:03 1579530                    /home/doudou/.javacpp/cache/javacpp-1.5.7-linux-x86_64.jar/org/bytedeco/javacpp/linux-x86_64/libjnijavacpp.so
7fd6d0057000-7fd6d005e000 r-xp 00004000 08:03 1579530                    /home/doudou/.javacpp/cache/javacpp-1.5.7-linux-x86_64.jar/org/bytedeco/javacpp/linux-x86_64/libjnijavacpp.so
7fd6d005e000-7fd6d0062000 r--p 0000b000 08:03 1579530                    /home/doudou/.javacpp/cache/javacpp-1.5.7-linux-x86_64.jar/org/bytedeco/javacpp/linux-x86_64/libjnijavacpp.so
7fd6d0062000-7fd6d0063000 r--p 0000e000 08:03 1579530                    /home/doudou/.javacpp/cache/javacpp-1.5.7-linux-x86_64.jar/org/bytedeco/javacpp/linux-x86_64/libjnijavacpp.so
7fd6d0063000-7fd6d0064000 rw-p 0000f000 08:03 1579530                    /home/doudou/.javacpp/cache/javacpp-1.5.7-linux-x86_64.jar/org/bytedeco/javacpp/linux-x86_64/libjnijavacpp.so
7fd6d0064000-7fd6d0068000 r--p 00000000 08:03 1058822                    /usr/lib/jvm/java-11-openjdk-amd64/lib/libnet.so
7fd6d0068000-7fd6d0076000 r-xp 00004000 08:03 1058822                    /usr/lib/jvm/java-11-openjdk-amd64/lib/libnet.so
7fd6d0076000-7fd6d007a000 r--p 00012000 08:03 1058822                    /usr/lib/jvm/java-11-openjdk-amd64/lib/libnet.so
7fd6d007a000-7fd6d007b000 r--p 00015000 08:03 1058822                    /usr/lib/jvm/java-11-openjdk-amd64/lib/libnet.so
7fd6d007b000-7fd6d007c000 rw-p 00016000 08:03 1058822                    /usr/lib/jvm/java-11-openjdk-amd64/lib/libnet.so
7fd6d007c000-7fd6d01cf000 rw-p 00000000 00:00 0 
7fd6d01cf000-7fd6d1007000 ---p 00000000 00:00 0 
7fd6d1007000-7fd6d1107000 rw-p 00000000 00:00 0 
7fd6d1107000-7fd6d1f3f000 ---p 00000000 00:00 0 
7fd6d1f3f000-7fd6d1f66000 rw-p 00000000 00:00 0 
7fd6d1f66000-7fd6d212d000 ---p 00000000 00:00 0 
7fd6d212d000-7fd6d214d000 rw-p 00000000 00:00 0 
7fd6d214d000-7fd6d2314000 ---p 00000000 00:00 0 
7fd6d2314000-7fd6d2334000 rw-p 00000000 00:00 0 
7fd6d2334000-7fd6d24fb000 ---p 00000000 00:00 0 
7fd6d24fb000-7fd6d26fe000 rw-p 00000000 00:00 0 
7fd6d26fe000-7fd6d26ff000 ---p 00000000 00:00 0 
7fd6d26ff000-7fd6d2800000 rw-p 00000000 00:00 0 
7fd6d2800000-7fd6d35e7000 r--p 00000000 08:03 534858                     /usr/lib/locale/locale-archive
7fd6d35e7000-7fd6d35e8000 r--p 00000000 08:03 551276                     /usr/lib/x86_64-linux-gnu/libdl.so.2
7fd6d35e8000-7fd6d35e9000 r-xp 00001000 08:03 551276                     /usr/lib/x86_64-linux-gnu/libdl.so.2
7fd6d35e9000-7fd6d35ea000 r--p 00002000 08:03 551276                     /usr/lib/x86_64-linux-gnu/libdl.so.2
7fd6d35ea000-7fd6d35eb000 r--p 00002000 08:03 551276                     /usr/lib/x86_64-linux-gnu/libdl.so.2
7fd6d35eb000-7fd6d35ec000 rw-p 00003000 08:03 551276                     /usr/lib/x86_64-linux-gnu/libdl.so.2
7fd6d35ec000-7fd6d35f3000 r--p 00000000 08:03 1058823                    /usr/lib/jvm/java-11-openjdk-amd64/lib/libnio.so
7fd6d35f3000-7fd6d35fb000 r-xp 00007000 08:03 1058823                    /usr/lib/jvm/java-11-openjdk-amd64/lib/libnio.so
7fd6d35fb000-7fd6d35fe000 r--p 0000f000 08:03 1058823                    /usr/lib/jvm/java-11-openjdk-amd64/lib/libnio.so
7fd6d35fe000-7fd6d35ff000 r--p 00011000 08:03 1058823                    /usr/lib/jvm/java-11-openjdk-amd64/lib/libnio.so
7fd6d35ff000-7fd6d3600000 rw-p 00012000 08:03 1058823                    /usr/lib/jvm/java-11-openjdk-amd64/lib/libnio.so
7fd6d3600000-7fd6d369a000 r--p 00000000 08:03 552221                     /usr/lib/x86_64-linux-gnu/libstdc++.so.6.0.30
7fd6d369a000-7fd6d37aa000 r-xp 0009a000 08:03 552221                     /usr/lib/x86_64-linux-gnu/libstdc++.so.6.0.30
7fd6d37aa000-7fd6d3819000 r--p 001aa000 08:03 552221                     /usr/lib/x86_64-linux-gnu/libstdc++.so.6.0.30
7fd6d3819000-7fd6d3824000 r--p 00218000 08:03 552221                     /usr/lib/x86_64-linux-gnu/libstdc++.so.6.0.30
7fd6d3824000-7fd6d3827000 rw-p 00223000 08:03 552221                     /usr/lib/x86_64-linux-gnu/libstdc++.so.6.0.30
7fd6d3827000-7fd6d382f000 rw-p 00000000 00:00 0 
7fd6d382f000-7fd6d3915000 ---p 00000000 00:00 0 
7fd6d3915000-7fd6d391a000 rw-p 00000000 00:00 0 
7fd6d391a000-7fd6d3a00000 ---p 00000000 00:00 0 
7fd6d3a00000-7fd6d3c82000 r--p 00000000 08:03 1058837                    /usr/lib/jvm/java-11-openjdk-amd64/lib/server/libjvm.so
7fd6d3c82000-7fd6d491e000 r-xp 00282000 08:03 1058837                    /usr/lib/jvm/java-11-openjdk-amd64/lib/server/libjvm.so
7fd6d491e000-7fd6d4b79000 r--p 00f1e000 08:03 1058837                    /usr/lib/jvm/java-11-openjdk-amd64/lib/server/libjvm.so
7fd6d4b79000-7fd6d4b7a000 ---p 01179000 08:03 1058837                    /usr/lib/jvm/java-11-openjdk-amd64/lib/server/libjvm.so
7fd6d4b7a000-7fd6d4c3e000 r--p 01179000 08:03 1058837                    /usr/lib/jvm/java-11-openjdk-amd64/lib/server/libjvm.so
7fd6d4c3e000-7fd6d4c79000 rw-p 0123d000 08:03 1058837                    /usr/lib/jvm/java-11-openjdk-amd64/lib/server/libjvm.so
7fd6d4c79000-7fd6d4cd0000 rw-p 00000000 00:00 0 
7fd6d4cd1000-7fd6d4cd2000 r--p 00000000 08:03 552054                     /usr/lib/x86_64-linux-gnu/libpthread.so.0
7fd6d4cd2000-7fd6d4cd3000 r-xp 00001000 08:03 552054                     /usr/lib/x86_64-linux-gnu/libpthread.so.0
7fd6d4cd3000-7fd6d4cd4000 r--p 00002000 08:03 552054                     /usr/lib/x86_64-linux-gnu/libpthread.so.0
7fd6d4cd4000-7fd6d4cd5000 r--p 00002000 08:03 552054                     /usr/lib/x86_64-linux-gnu/libpthread.so.0
7fd6d4cd5000-7fd6d4cd6000 rw-p 00003000 08:03 552054                     /usr/lib/x86_64-linux-gnu/libpthread.so.0
7fd6d4cd6000-7fd6d4cd8000 r--p 00000000 08:03 1058803                    /usr/lib/jvm/java-11-openjdk-amd64/lib/libdt_socket.so
7fd6d4cd8000-7fd6d4cdb000 r-xp 00002000 08:03 1058803                    /usr/lib/jvm/java-11-openjdk-amd64/lib/libdt_socket.so
7fd6d4cdb000-7fd6d4cdc000 r--p 00005000 08:03 1058803                    /usr/lib/jvm/java-11-openjdk-amd64/lib/libdt_socket.so
7fd6d4cdc000-7fd6d4cdd000 ---p 00006000 08:03 1058803                    /usr/lib/jvm/java-11-openjdk-amd64/lib/libdt_socket.so
7fd6d4cdd000-7fd6d4cde000 r--p 00006000 08:03 1058803                    /usr/lib/jvm/java-11-openjdk-amd64/lib/libdt_socket.so
7fd6d4cde000-7fd6d4cdf000 rw-p 00007000 08:03 1058803                    /usr/lib/jvm/java-11-openjdk-amd64/lib/libdt_socket.so
7fd6d4cdf000-7fd6d4d00000 rw-p 00000000 00:00 0 
7fd6d4d00000-7fd6d4d04000 ---p 00000000 00:00 0 
7fd6d4d04000-7fd6d4e00000 rw-p 00000000 00:00 0 
7fd6d4e00000-7fd6d4e28000 r--p 00000000 08:03 551134                     /usr/lib/x86_64-linux-gnu/libc.so.6
7fd6d4e28000-7fd6d4fbd000 r-xp 00028000 08:03 551134                     /usr/lib/x86_64-linux-gnu/libc.so.6
7fd6d4fbd000-7fd6d5015000 r--p 001bd000 08:03 551134                     /usr/lib/x86_64-linux-gnu/libc.so.6
7fd6d5015000-7fd6d5019000 r--p 00214000 08:03 551134                     /usr/lib/x86_64-linux-gnu/libc.so.6
7fd6d5019000-7fd6d501b000 rw-p 00218000 08:03 551134                     /usr/lib/x86_64-linux-gnu/libc.so.6
7fd6d501b000-7fd6d5028000 rw-p 00000000 00:00 0 
7fd6d502b000-7fd6d5032000 r--s 00000000 08:03 553557                     /usr/lib/x86_64-linux-gnu/gconv/gconv-modules.cache
7fd6d5032000-7fd6d5037000 rw-p 00000000 00:00 0 
7fd6d5037000-7fd6d503e000 ---p 00000000 00:00 0 
7fd6d503e000-7fd6d5044000 r--s 000f8000 07:0d 1466                       /snap/intellij-idea-ultimate/430/plugins/java/lib/rt/debugger-agent.jar
7fd6d5044000-7fd6d5046000 r--p 00000000 08:03 1058831                    /usr/lib/jvm/java-11-openjdk-amd64/lib/libzip.so
7fd6d5046000-7fd6d504b000 r-xp 00002000 08:03 1058831                    /usr/lib/jvm/java-11-openjdk-amd64/lib/libzip.so
7fd6d504b000-7fd6d504d000 r--p 00007000 08:03 1058831                    /usr/lib/jvm/java-11-openjdk-amd64/lib/libzip.so
7fd6d504d000-7fd6d504e000 r--p 00008000 08:03 1058831                    /usr/lib/jvm/java-11-openjdk-amd64/lib/libzip.so
7fd6d504e000-7fd6d504f000 rw-p 00009000 08:03 1058831                    /usr/lib/jvm/java-11-openjdk-amd64/lib/libzip.so
7fd6d504f000-7fd6d5057000 rw-s 00000000 08:03 824365                     /tmp/hsperfdata_doudou/11966
7fd6d5057000-7fd6d5059000 r--p 00000000 08:03 1058806                    /usr/lib/jvm/java-11-openjdk-amd64/lib/libinstrument.so
7fd6d5059000-7fd6d5060000 r-xp 00002000 08:03 1058806                    /usr/lib/jvm/java-11-openjdk-amd64/lib/libinstrument.so
7fd6d5060000-7fd6d5063000 r--p 00009000 08:03 1058806                    /usr/lib/jvm/java-11-openjdk-amd64/lib/libinstrument.so
7fd6d5063000-7fd6d5064000 r--p 0000b000 08:03 1058806                    /usr/lib/jvm/java-11-openjdk-amd64/lib/libinstrument.so
7fd6d5064000-7fd6d5065000 rw-p 0000c000 08:03 1058806                    /usr/lib/jvm/java-11-openjdk-amd64/lib/libinstrument.so
7fd6d5065000-7fd6d5067000 r--p 00000000 08:03 1058813                    /usr/lib/jvm/java-11-openjdk-amd64/lib/libjdwp.so
7fd6d5067000-7fd6d5093000 r-xp 00002000 08:03 1058813                    /usr/lib/jvm/java-11-openjdk-amd64/lib/libjdwp.so
7fd6d5093000-7fd6d50a1000 r--p 0002e000 08:03 1058813                    /usr/lib/jvm/java-11-openjdk-amd64/lib/libjdwp.so
7fd6d50a1000-7fd6d50a2000 r--p 0003b000 08:03 1058813                    /usr/lib/jvm/java-11-openjdk-amd64/lib/libjdwp.so
7fd6d50a2000-7fd6d50a3000 rw-p 0003c000 08:03 1058813                    /usr/lib/jvm/java-11-openjdk-amd64/lib/libjdwp.so
7fd6d50a3000-7fd6d50b1000 r--p 00000000 08:03 1058811                    /usr/lib/jvm/java-11-openjdk-amd64/lib/libjava.so
7fd6d50b1000-7fd6d50c7000 r-xp 0000e000 08:03 1058811                    /usr/lib/jvm/java-11-openjdk-amd64/lib/libjava.so
7fd6d50c7000-7fd6d50ce000 r--p 00024000 08:03 1058811                    /usr/lib/jvm/java-11-openjdk-amd64/lib/libjava.so
7fd6d50ce000-7fd6d50cf000 r--p 0002a000 08:03 1058811                    /usr/lib/jvm/java-11-openjdk-amd64/lib/libjava.so
7fd6d50cf000-7fd6d50d0000 rw-p 0002b000 08:03 1058811                    /usr/lib/jvm/java-11-openjdk-amd64/lib/libjava.so
7fd6d50d0000-7fd6d50d1000 rw-p 00000000 00:00 0 
7fd6d50d1000-7fd6d50d6000 r--p 00000000 08:03 1058830                    /usr/lib/jvm/java-11-openjdk-amd64/lib/libverify.so
7fd6d50d6000-7fd6d50dd000 r-xp 00005000 08:03 1058830                    /usr/lib/jvm/java-11-openjdk-amd64/lib/libverify.so
7fd6d50dd000-7fd6d50df000 r--p 0000c000 08:03 1058830                    /usr/lib/jvm/java-11-openjdk-amd64/lib/libverify.so
7fd6d50df000-7fd6d50e1000 r--p 0000d000 08:03 1058830                    /usr/lib/jvm/java-11-openjdk-amd64/lib/libverify.so
7fd6d50e1000-7fd6d50e2000 rw-p 0000f000 08:03 1058830                    /usr/lib/jvm/java-11-openjdk-amd64/lib/libverify.so
7fd6d50e2000-7fd6d50e3000 r--p 00000000 08:03 552110                     /usr/lib/x86_64-linux-gnu/librt.so.1
7fd6d50e3000-7fd6d50e4000 r-xp 00001000 08:03 552110                     /usr/lib/x86_64-linux-gnu/librt.so.1
7fd6d50e4000-7fd6d50e5000 r--p 00002000 08:03 552110                     /usr/lib/x86_64-linux-gnu/librt.so.1
7fd6d50e5000-7fd6d50e6000 r--p 00002000 08:03 552110                     /usr/lib/x86_64-linux-gnu/librt.so.1
7fd6d50e6000-7fd6d50e7000 rw-p 00003000 08:03 552110                     /usr/lib/x86_64-linux-gnu/librt.so.1
7fd6d50e7000-7fd6d50ea000 r--p 00000000 08:03 551433                     /usr/lib/x86_64-linux-gnu/libgcc_s.so.1
7fd6d50ea000-7fd6d5101000 r-xp 00003000 08:03 551433                     /usr/lib/x86_64-linux-gnu/libgcc_s.so.1
7fd6d5101000-7fd6d5105000 r--p 0001a000 08:03 551433                     /usr/lib/x86_64-linux-gnu/libgcc_s.so.1
7fd6d5105000-7fd6d5106000 r--p 0001d000 08:03 551433                     /usr/lib/x86_64-linux-gnu/libgcc_s.so.1
7fd6d5106000-7fd6d5107000 rw-p 0001e000 08:03 551433                     /usr/lib/x86_64-linux-gnu/libgcc_s.so.1
7fd6d5107000-7fd6d5115000 r--p 00000000 08:03 551785                     /usr/lib/x86_64-linux-gnu/libm.so.6
7fd6d5115000-7fd6d5191000 r-xp 0000e000 08:03 551785                     /usr/lib/x86_64-linux-gnu/libm.so.6
7fd6d5191000-7fd6d51ec000 r--p 0008a000 08:03 551785                     /usr/lib/x86_64-linux-gnu/libm.so.6
7fd6d51ec000-7fd6d51ed000 r--p 000e4000 08:03 551785                     /usr/lib/x86_64-linux-gnu/libm.so.6
7fd6d51ed000-7fd6d51ee000 rw-p 000e5000 08:03 551785                     /usr/lib/x86_64-linux-gnu/libm.so.6
7fd6d51ee000-7fd6d51f0000 rw-p 00000000 00:00 0 
7fd6d51f0000-7fd6d51f2000 r--p 00000000 08:03 552488                     /usr/lib/x86_64-linux-gnu/libz.so.1.2.11
7fd6d51f2000-7fd6d5203000 r-xp 00002000 08:03 552488                     /usr/lib/x86_64-linux-gnu/libz.so.1.2.11
7fd6d5203000-7fd6d5209000 r--p 00013000 08:03 552488                     /usr/lib/x86_64-linux-gnu/libz.so.1.2.11
7fd6d5209000-7fd6d520a000 ---p 00019000 08:03 552488                     /usr/lib/x86_64-linux-gnu/libz.so.1.2.11
7fd6d520a000-7fd6d520b000 r--p 00019000 08:03 552488                     /usr/lib/x86_64-linux-gnu/libz.so.1.2.11
7fd6d520b000-7fd6d520c000 rw-p 0001a000 08:03 552488                     /usr/lib/x86_64-linux-gnu/libz.so.1.2.11
7fd6d5210000-7fd6d5211000 ---p 00000000 00:00 0 
7fd6d5211000-7fd6d5212000 r--p 00000000 00:00 0 
7fd6d5212000-7fd6d5214000 r--p 00000000 08:03 1058814                    /usr/lib/jvm/java-11-openjdk-amd64/lib/libjimage.so
7fd6d5214000-7fd6d5217000 r-xp 00002000 08:03 1058814                    /usr/lib/jvm/java-11-openjdk-amd64/lib/libjimage.so
7fd6d5217000-7fd6d5218000 r--p 00005000 08:03 1058814                    /usr/lib/jvm/java-11-openjdk-amd64/lib/libjimage.so
7fd6d5218000-7fd6d5219000 ---p 00006000 08:03 1058814                    /usr/lib/jvm/java-11-openjdk-amd64/lib/libjimage.so
7fd6d5219000-7fd6d521a000 r--p 00006000 08:03 1058814                    /usr/lib/jvm/java-11-openjdk-amd64/lib/libjimage.so
7fd6d521a000-7fd6d521b000 rw-p 00007000 08:03 1058814                    /usr/lib/jvm/java-11-openjdk-amd64/lib/libjimage.so
7fd6d521b000-7fd6d521e000 r--p 00000000 08:03 1058796                    /usr/lib/jvm/java-11-openjdk-amd64/lib/jli/libjli.so
7fd6d521e000-7fd6d5228000 r-xp 00003000 08:03 1058796                    /usr/lib/jvm/java-11-openjdk-amd64/lib/jli/libjli.so
7fd6d5228000-7fd6d522b000 r--p 0000d000 08:03 1058796                    /usr/lib/jvm/java-11-openjdk-amd64/lib/jli/libjli.so
7fd6d522b000-7fd6d522c000 ---p 00010000 08:03 1058796                    /usr/lib/jvm/java-11-openjdk-amd64/lib/jli/libjli.so
7fd6d522c000-7fd6d522d000 r--p 00010000 08:03 1058796                    /usr/lib/jvm/java-11-openjdk-amd64/lib/jli/libjli.so
7fd6d522d000-7fd6d522e000 rw-p 00011000 08:03 1058796                    /usr/lib/jvm/java-11-openjdk-amd64/lib/jli/libjli.so
7fd6d522e000-7fd6d5230000 rw-p 00000000 00:00 0 
7fd6d5230000-7fd6d5232000 r--p 00000000 08:03 550792                     /usr/lib/x86_64-linux-gnu/ld-linux-x86-64.so.2
7fd6d5232000-7fd6d525c000 r-xp 00002000 08:03 550792                     /usr/lib/x86_64-linux-gnu/ld-linux-x86-64.so.2
7fd6d525c000-7fd6d5267000 r--p 0002c000 08:03 550792                     /usr/lib/x86_64-linux-gnu/ld-linux-x86-64.so.2
7fd6d5268000-7fd6d526a000 r--p 00037000 08:03 550792                     /usr/lib/x86_64-linux-gnu/ld-linux-x86-64.so.2
7fd6d526a000-7fd6d526c000 rw-p 00039000 08:03 550792                     /usr/lib/x86_64-linux-gnu/ld-linux-x86-64.so.2
7ffd59e47000-7ffd59e68000 rw-p 00000000 00:00 0                          [stack]
7ffd59fb3000-7ffd59fb7000 r--p 00000000 00:00 0                          [vvar]
7ffd59fb7000-7ffd59fb9000 r-xp 00000000 00:00 0                          [vdso]
ffffffffff600000-ffffffffff601000 --xp 00000000 00:00 0                  [vsyscall]


VM Arguments:
jvm_args: -agentlib:jdwp=transport=dt_socket,address=127.0.0.1:60115,suspend=y,server=n -javaagent:/snap/intellij-idea-ultimate/430/plugins/java/lib/rt/debugger-agent.jar -Dfile.encoding=UTF-8 
java_command: Main /home/doudou/lab/Lab/tests/test1.sysy /home/doudou/lab/Lab/tests/out.txt
java_class_path (initial): /home/doudou/lab/Lab/out/production/Lab:/usr/local/lib/antlr-4.9.1-complete.jar:/usr/local/lib/javacpp-1.5.7-linux-x86_64.jar:/usr/local/lib/javacpp-1.5.7.jar:/usr/local/lib/llvm-13.0.1-1.5.7-linux-x86_64.jar:/usr/local/lib/llvm-13.0.1-1.5.7.jar:/usr/local/lib/llvm-platform-13.0.1-1.5.7.jar:/snap/intellij-idea-ultimate/430/lib/idea_rt.jar
Launcher Type: SUN_STANDARD

[Global flags]
     intx CICompilerCount                          = 2                                         {product} {ergonomic}
     uint ConcGCThreads                            = 1                                         {product} {ergonomic}
     uint G1ConcRefinementThreads                  = 2                                         {product} {ergonomic}
   size_t G1HeapRegionSize                         = 1048576                                   {product} {ergonomic}
    uintx GCDrainStackTargetSize                   = 64                                        {product} {ergonomic}
   size_t InitialHeapSize                          = 65011712                                  {product} {ergonomic}
   size_t MarkStackSize                            = 4194304                                   {product} {ergonomic}
   size_t MaxHeapSize                              = 1021313024                                {product} {ergonomic}
   size_t MaxNewSize                               = 612368384                                 {product} {ergonomic}
   size_t MinHeapDeltaBytes                        = 1048576                                   {product} {ergonomic}
    uintx NonNMethodCodeHeapSize                   = 5825164                                {pd product} {ergonomic}
    uintx NonProfiledCodeHeapSize                  = 122916538                              {pd product} {ergonomic}
    uintx ProfiledCodeHeapSize                     = 122916538                              {pd product} {ergonomic}
    uintx ReservedCodeCacheSize                    = 251658240                              {pd product} {ergonomic}
     bool SegmentedCodeCache                       = true                                      {product} {ergonomic}
     bool UseCompressedClassPointers               = true                                 {lp64_product} {ergonomic}
     bool UseCompressedOops                        = true                                 {lp64_product} {ergonomic}
     bool UseG1GC                                  = true                                      {product} {ergonomic}

Logging:
Log output configuration:
 #0: stdout all=warning uptime,level,tags
 #1: stderr all=off uptime,level,tags

Environment Variables:
PATH=/usr/local/sbin:/usr/local/bin:/usr/sbin:/usr/bin:/sbin:/bin:/usr/games:/usr/local/games:/snap/bin:/snap/bin
USERNAME=doudou
SHELL=/bin/bash
DISPLAY=:0
LANG=en_US.UTF-8
LC_NUMERIC=zh_CN.UTF-8
LC_TIME=zh_CN.UTF-8

Signal Handlers:
SIGSEGV: [libjvm.so+0xeabd80], sa_mask[0]=11111111011111111101111111111110, sa_flags=SA_RESTART|SA_SIGINFO
SIGBUS: [libjvm.so+0xeabd80], sa_mask[0]=11111111011111111101111111111110, sa_flags=SA_RESTART|SA_SIGINFO
SIGFPE: [libjvm.so+0xeabd80], sa_mask[0]=11111111011111111101111111111110, sa_flags=SA_RESTART|SA_SIGINFO
SIGPIPE: [libjvm.so+0xbee610], sa_mask[0]=11111111011111111101111111111110, sa_flags=SA_RESTART|SA_SIGINFO
SIGXFSZ: [libjvm.so+0xbee610], sa_mask[0]=11111111011111111101111111111110, sa_flags=SA_RESTART|SA_SIGINFO
SIGILL: [libjvm.so+0xeabd80], sa_mask[0]=11111111011111111101111111111110, sa_flags=SA_RESTART|SA_SIGINFO
SIGUSR2: [libjvm.so+0xbee4b0], sa_mask[0]=00100000000000000000000000000000, sa_flags=SA_RESTART|SA_SIGINFO
SIGHUP: [libjvm.so+0xbeec50], sa_mask[0]=11111111011111111101111111111110, sa_flags=SA_RESTART|SA_SIGINFO
SIGINT: [libjvm.so+0xbeec50], sa_mask[0]=11111111011111111101111111111110, sa_flags=SA_RESTART|SA_SIGINFO
SIGTERM: [libjvm.so+0xbeec50], sa_mask[0]=11111111011111111101111111111110, sa_flags=SA_RESTART|SA_SIGINFO
SIGQUIT: [libjvm.so+0xbeec50], sa_mask[0]=11111111011111111101111111111110, sa_flags=SA_RESTART|SA_SIGINFO


---------------  S Y S T E M  ---------------

OS:DISTRIB_ID=Ubuntu
DISTRIB_RELEASE=22.04
DISTRIB_CODENAME=jammy
DISTRIB_DESCRIPTION="Ubuntu 22.04.2 LTS"
uname:Linux 5.19.0-43-generic #44~22.04.1-Ubuntu SMP PREEMPT_DYNAMIC Mon May 22 13:39:36 UTC 2 x86_64
OS uptime: 0 days 6:05 hours
libc:glibc 2.35 NPTL 2.35 
rlimit (soft/hard): STACK 8192k/infinity , CORE 0k/infinity , NPROC 15243/15243 , NOFILE 1048576/1048576 , AS infinity/infinity , CPU infinity/infinity , DATA infinity/infinity , FSIZE infinity/infinity , MEMLOCK 497764k/497764k
load average:1.36 1.53 1.24

/proc/meminfo:
MemTotal:        3982120 kB
MemFree:          110888 kB
MemAvailable:      97084 kB
Buffers:            1544 kB
Cached:           146816 kB
SwapCached:       268948 kB
Active:          1497056 kB
Inactive:         580044 kB
Active(anon):    1422244 kB
Inactive(anon):   506928 kB
Active(file):      74812 kB
Inactive(file):    73116 kB
Unevictable:           0 kB
Mlocked:               0 kB
SwapTotal:       3512316 kB
SwapFree:        1777584 kB
Zswap:                 0 kB
Zswapped:              0 kB
Dirty:               120 kB
Writeback:             0 kB
AnonPages:       1913248 kB
Mapped:            88860 kB
Shmem:               332 kB
KReclaimable:      64084 kB
Slab:             526560 kB
SReclaimable:      64084 kB
SUnreclaim:       462476 kB
KernelStack:       13152 kB
PageTables:        25520 kB
NFS_Unstable:          0 kB
Bounce:                0 kB
WritebackTmp:          0 kB
CommitLimit:     5503376 kB
Committed_AS:    5911520 kB
VmallocTotal:   34359738367 kB
VmallocUsed:      433852 kB
VmallocChunk:          0 kB
Percpu:           134656 kB
HardwareCorrupted:     0 kB
AnonHugePages:         0 kB
ShmemHugePages:        0 kB
ShmemPmdMapped:        0 kB
FileHugePages:         0 kB
FilePmdMapped:         0 kB
HugePages_Total:       0
HugePages_Free:        0
HugePages_Rsvd:        0
HugePages_Surp:        0
Hugepagesize:       2048 kB
Hugetlb:               0 kB
DirectMap4k:      210752 kB
DirectMap2M:     3983360 kB
DirectMap1G:     2097152 kB

/sys/kernel/mm/transparent_hugepage/enabled:
always [madvise] never
/sys/kernel/mm/transparent_hugepage/defrag (defrag/compaction efforts parameter):
always defer defer+madvise [madvise] never

Process Memory:
Virtual Size: 3682984K (peak: 12394872K)
Resident Set Size: 78440K (peak: 89340K) (anon: 35868K, file: 42572K, shmem: 0K)
Swapped out: 0K
C-Heap outstanding allocations: 9575K, retained: 7640K
glibc malloc tunables: (default)

/proc/sys/kernel/threads-max (system-wide limit on the number of threads):
30487
/proc/sys/vm/max_map_count (maximum number of memory map areas a process may have):
65530
/proc/sys/kernel/pid_max (system-wide limit on number of process identifiers):
4194304

container (cgroup) information:
container_type: cgroupv2
cpu_cpuset_cpus: not supported
cpu_memory_nodes: not supported
active_processor_count: 2
cpu_quota: not supported
cpu_period: not supported
cpu_shares: not supported
memory_limit_in_bytes: unlimited
memory_and_swap_limit_in_bytes: unlimited
memory_soft_limit_in_bytes: unlimited
memory_usage_in_bytes: 1934100 k
memory_max_usage_in_bytes: not supported
memory_swap_current_in_bytes: 1122088 k
memory_swap_max_limit_in_bytes: unlimited
maximum number of tasks: 4573
current number of tasks: 163

VMWare virtualization detected
Steal ticks since vm start: 0
Steal ticks percentage since vm start:  0.000

CPU:total 2 (initial active 2) (1 cores per cpu, 1 threads per core) family 6 model 140 stepping 1 microcode 0xffffffff, cmov, cx8, fxsr, mmx, sse, sse2, sse3, ssse3, sse4.1, sse4.2, popcnt, avx, avx2, aes, clmul, erms, 3dnowpref, lzcnt, tsc, tscinvbit, bmi1, bmi2, adx, evex, sha, fma
CPU Model and flags from /proc/cpuinfo:
model name	: 11th Gen Intel(R) Core(TM) i7-1165G7 @ 2.80GHz
flags		: fpu vme de pse tsc msr pae mce cx8 apic sep mtrr pge mca cmov pat pse36 clflush mmx fxsr sse sse2 ss syscall nx pdpe1gb rdtscp lm constant_tsc arch_perfmon rep_good nopl xtopology tsc_reliable nonstop_tsc cpuid tsc_known_freq pni pclmulqdq ssse3 fma cx16 pcid sse4_1 sse4_2 x2apic movbe popcnt tsc_deadline_timer aes xsave avx f16c rdrand hypervisor lahf_lm abm 3dnowprefetch invpcid_single pti ssbd ibrs ibpb stibp fsgsbase tsc_adjust bmi1 avx2 smep bmi2 erms invpcid avx512f avx512dq rdseed adx smap avx512ifma clflushopt clwb avx512cd sha_ni avx512bw avx512vl xsaveopt xsavec xgetbv1 xsaves arat avx512vbmi umip avx512_vbmi2 gfni vaes vpclmulqdq avx512_vnni avx512_bitalg avx512_vpopcntdq rdpid fsrm avx512_vp2intersect flush_l1d arch_capabilities
Online cpus:
0-1
Offline cpus:
2-127
BIOS frequency limitation:
<Not Available>
Frequency switch latency (ns):
<Not Available>
Available cpu frequencies:
<Not Available>
Current governor:
<Not Available>
Core performance/turbo boost:
<Not Available>

Memory: 4k page, physical 3982120k(110888k free), swap 3512316k(1777584k free)

vm_info: OpenJDK 64-Bit Server VM (11.0.19+7-post-Ubuntu-0ubuntu122.04.1) for linux-amd64 JRE (11.0.19+7-post-Ubuntu-0ubuntu122.04.1), built on May 10 2023 00:54:00 by "unknown" with gcc 11.3.0

END.
