#
# A fatal error has been detected by the Java Runtime Environment:
#
#  SIGSEGV (0xb) at pc=0x00007fdcf1fede80, pid=9453, tid=9459
#
# JRE version: OpenJDK Runtime Environment (11.0.19+7) (build 11.0.19+7-post-Ubuntu-0ubuntu122.04.1)
# Java VM: OpenJDK 64-Bit Server VM (11.0.19+7-post-Ubuntu-0ubuntu122.04.1, mixed mode, sharing, tiered, compressed oops, g1 gc, linux-amd64)
# Problematic frame:
# C  [libLLVM-13.so+0xbede80]  llvm::BasicBlock::getModule() const+0x0
#
# Core dump will be written. Default location: Core dumps may be processed with "/usr/share/apport/apport -p%p -s%s -c%c -d%d -P%P -u%u -g%g -- %E" (or dumping to /home/doudou/lab/Lab/core.9453)
#
# If you would like to submit a bug report, please visit:
#   https://bugs.launchpad.net/ubuntu/+source/openjdk-lts
# The crash happened outside the Java Virtual Machine in native code.
# See problematic frame for where to report the bug.
#

---------------  S U M M A R Y ------------

Command Line: -javaagent:/snap/intellij-idea-ultimate/437/lib/idea_rt.jar=43893:/snap/intellij-idea-ultimate/437/bin -Dfile.encoding=UTF-8 Main /home/doudou/lab/Lab/tests/test1.sysy /home/doudou/lab/Lab/tests/out.txt

Host: 11th Gen Intel(R) Core(TM) i7-1165G7 @ 2.80GHz, 2 cores, 3G, Ubuntu 22.04.2 LTS
Time: Mon Jun 26 19:13:48 2023 CST elapsed time: 0.536374 seconds (0d 0h 0m 0s)

---------------  T H R E A D  ---------------

Current thread (0x00007fdd54016800):  JavaThread "main" [_thread_in_native, id=9459, stack(0x00007fdd5a900000,0x00007fdd5aa00000)]

Stack: [0x00007fdd5a900000,0x00007fdd5aa00000],  sp=0x00007fdd5a9fe3e8,  free space=1016k
Native frames: (J=compiled Java code, A=aot compiled Java code, j=interpreted, Vv=VM code, C=native code)
C  [libLLVM-13.so+0xbede80]  llvm::BasicBlock::getModule() const+0x0

Java frames: (J=compiled Java code, j=interpreted, Vv=VM code)
j  org.bytedeco.llvm.global.LLVM.LLVMBuildStore(Lorg/bytedeco/llvm/LLVM/LLVMBuilderRef;Lorg/bytedeco/llvm/LLVM/LLVMValueRef;Lorg/bytedeco/llvm/LLVM/LLVMValueRef;)Lorg/bytedeco/llvm/LLVM/LLVMValueRef;+0
j  SysYLlvmVisitor.visitCompUnit(LSysYParser$CompUnitContext;)Lorg/bytedeco/llvm/LLVM/LLVMValueRef;+472
j  SysYLlvmVisitor.visitCompUnit(LSysYParser$CompUnitContext;)Ljava/lang/Object;+2
j  SysYParser$CompUnitContext.accept(Lorg/antlr/v4/runtime/tree/ParseTreeVisitor;)Ljava/lang/Object;+12
j  org.antlr.v4.runtime.tree.AbstractParseTreeVisitor.visitChildren(Lorg/antlr/v4/runtime/tree/RuleNode;)Ljava/lang/Object;+46
j  SysYParserBaseVisitor.visitProgram(LSysYParser$ProgramContext;)Ljava/lang/Object;+2
j  SysYParser$ProgramContext.accept(Lorg/antlr/v4/runtime/tree/ParseTreeVisitor;)Ljava/lang/Object;+12
j  org.antlr.v4.runtime.tree.AbstractParseTreeVisitor.visit(Lorg/antlr/v4/runtime/tree/ParseTree;)Ljava/lang/Object;+2
j  Main.main([Ljava/lang/String;)V+218
v  ~StubRoutines::call_stub

siginfo: si_signo: 11 (SIGSEGV), si_code: 1 (SEGV_MAPERR), si_addr: 0x0000000000000038

Register to memory mapping:

RAX=0x00007fdd5433ad60 points into unknown readable memory: 0x00007fdd54394e40 | 40 4e 39 54 dd 7f 00 00
RBX=0x00007fdd5a9fe528 is pointing into the stack for thread: 0x00007fdd54016800
RCX=0x00007fdd5a9fe528 is pointing into the stack for thread: 0x00007fdd54016800
RDX=0x00007fdd5433ad60 points into unknown readable memory: 0x00007fdd54394e40 | 40 4e 39 54 dd 7f 00 00
RSP=0x00007fdd5a9fe3e8 is pointing into the stack for thread: 0x00007fdd54016800
RBP=0x00007fdd5436c2c0 points into unknown readable memory: 0x00007fdd5436c2d0 | d0 c2 36 54 dd 7f 00 00
RSI=0x00007fdd54394680 points into unknown readable memory: 0x00007fdd54393018 | 18 30 39 54 dd 7f 00 00
RDI=0x0 is NULL
R8 =0x00007fdd5a9fe520 is pointing into the stack for thread: 0x00007fdd54016800
R9 =0x00000000c6886438 is an oop: org.bytedeco.llvm.LLVM.LLVMValueRef 
{0x00000000c6886438} - klass: 'org/bytedeco/llvm/LLVM/LLVMValueRef'
 - ---- fields (total size 6 words):
 - private 'deallocator' 'Lorg/bytedeco/javacpp/Pointer$Deallocator;' @12  NULL (0)
 - protected 'address' 'J' @16  140588577172832 (5433ad60 7fdd)
 - protected 'position' 'J' @24  0 (0 0)
 - protected 'limit' 'J' @32  0 (0 0)
 - protected 'capacity' 'J' @40  0 (0 0)
R10=0x00007fdcf1447f80: <offset 0x0000000000047f80> in /home/doudou/.javacpp/cache/llvm-13.0.1-1.5.7-linux-x86_64.jar/org/bytedeco/llvm/linux-x86_64/libLLVM-13.so at 0x00007fdcf1400000
R11=0x00007fdcf202ca40: LLVMBuildStore+0x0000000000000000 in /home/doudou/.javacpp/cache/llvm-13.0.1-1.5.7-linux-x86_64.jar/org/bytedeco/llvm/linux-x86_64/libLLVM-13.so at 0x00007fdcf1400000
R12=0x00007fdd5436c2c0 points into unknown readable memory: 0x00007fdd5436c2d0 | d0 c2 36 54 dd 7f 00 00
R13=0x00007fdd54394680 points into unknown readable memory: 0x00007fdd54393018 | 18 30 39 54 dd 7f 00 00
R14=0x00007fdd5433ad60 points into unknown readable memory: 0x00007fdd54394e40 | 40 4e 39 54 dd 7f 00 00
R15=0x00007fdd5433ad60 points into unknown readable memory: 0x00007fdd54394e40 | 40 4e 39 54 dd 7f 00 00


Registers:
RAX=0x00007fdd5433ad60, RBX=0x00007fdd5a9fe528, RCX=0x00007fdd5a9fe528, RDX=0x00007fdd5433ad60
RSP=0x00007fdd5a9fe3e8, RBP=0x00007fdd5436c2c0, RSI=0x00007fdd54394680, RDI=0x0000000000000000
R8 =0x00007fdd5a9fe520, R9 =0x00000000c6886438, R10=0x00007fdcf1447f80, R11=0x00007fdcf202ca40
R12=0x00007fdd5436c2c0, R13=0x00007fdd54394680, R14=0x00007fdd5433ad60, R15=0x00007fdd5433ad60
RIP=0x00007fdcf1fede80, EFLAGS=0x0000000000010206, CSGSFS=0x002b000000000033, ERR=0x0000000000000004
  TRAPNO=0x000000000000000e

Top of Stack: (sp=0x00007fdd5a9fe3e8)
0x00007fdd5a9fe3e8:   00007fdcf202ca5e 0000000000000000
0x00007fdd5a9fe3f8:   0000000000000000 00007fdd54016800
0x00007fdd5a9fe408:   00007fdd54017450 00007fdd54016800
0x00007fdd5a9fe418:   00007fdd5a9fe450 00007fdd5a9fe528 

Instructions: (pc=0x00007fdcf1fede80)
0x00007fdcf1fedd80:   ff 66 0f ef c0 48 89 02 48 89 50 08 41 0f 11 45
0x00007fdcf1fedd90:   00 e8 5a 4b 17 00 4c 39 f3 75 c5 4d 8b 6c 24 30
0x00007fdcf1fedda0:   4c 39 ed 74 3b 0f 1f 00 4c 89 eb 48 89 ef 4d 8b
0x00007fdcf1feddb0:   6d 08 4c 8d 73 e8 4c 89 f6 e8 42 fd ff ff 48 8b
0x00007fdcf1feddc0:   03 48 8b 53 08 66 0f ef c9 4c 89 f7 48 89 02 48
0x00007fdcf1feddd0:   89 50 08 0f 11 0b e8 15 4b 17 00 4c 39 ed 75 c8
0x00007fdcf1fedde0:   48 83 c4 08 4c 89 e7 5b 5d 41 5c 41 5d 41 5e 41
0x00007fdcf1feddf0:   5f e9 fa 48 17 00 66 2e 0f 1f 84 00 00 00 00 00
0x00007fdcf1fede00:   48 8d 4b e8 48 89 c8 48 29 d0 e9 11 ff ff ff 90
0x00007fdcf1fede10:   48 8b 07 48 8b 38 e8 45 13 16 00 31 d2 be 01 00
0x00007fdcf1fede20:   00 00 48 89 c7 e8 b6 2a 02 00 48 89 c3 49 8b 44
0x00007fdcf1fede30:   24 08 48 85 c0 0f 84 a2 fe ff ff 0f 1f 44 00 00
0x00007fdcf1fede40:   48 8b 68 18 31 d2 48 89 df 48 8b 75 00 e8 ae bc
0x00007fdcf1fede50:   02 00 48 89 ef 48 89 c6 e8 63 65 17 00 48 89 ef
0x00007fdcf1fede60:   e8 4b 81 02 00 49 8b 44 24 08 48 85 c0 75 d1 e9
0x00007fdcf1fede70:   69 fe ff ff 66 2e 0f 1f 84 00 00 00 00 00 66 90
0x00007fdcf1fede80:   48 8b 47 38 48 8b 40 28 c3 0f 1f 80 00 00 00 00
0x00007fdcf1fede90:   48 8b 47 28 48 83 c7 28 48 39 f8 74 2b 48 85 c0
0x00007fdcf1fedea0:   0f 84 9e 9d d3 ff 4c 8d 40 e8 0f b6 40 f8 83 e8
0x00007fdcf1fedeb0:   1b 83 f8 0b b8 00 00 00 00 4c 0f 43 c0 4c 89 c0
0x00007fdcf1fedec0:   c3 0f 1f 80 00 00 00 00 45 31 c0 eb f0 0f 1f 00
0x00007fdcf1feded0:   48 8b 47 28 48 8d 57 28 48 39 d0 0f 84 af 00 00
0x00007fdcf1fedee0:   00 48 85 c0 0f 84 64 9d d3 ff 45 31 c0 80 78 f8
0x00007fdcf1fedef0:   1b 75 23 48 8b 57 30 48 8d 48 e8 48 85 d2 74 09
0x00007fdcf1fedf00:   48 83 ea 18 48 39 d1 74 0d 48 8b 50 10 45 31 c0
0x00007fdcf1fedf10:   48 39 42 30 75 0a 4c 89 c0 c3 66 0f 1f 44 00 00
0x00007fdcf1fedf20:   4c 8b 00 4d 85 c0 74 ee 8b 50 fc 49 8d 48 e8 81
0x00007fdcf1fedf30:   e2 ff ff ff 07 74 3e 89 d2 48 f7 da 48 c1 e2 05
0x00007fdcf1fedf40:   48 8b 44 10 e8 48 85 c0 74 2b 48 39 c1 75 41 41
0x00007fdcf1fedf50:   80 78 f8 4b 75 1f 49 8b 40 10 4c 39 40 30 74 30
0x00007fdcf1fedf60:   49 8b 48 c8 4d 8b 00 4d 85 c0 74 aa 49 83 e8 18
0x00007fdcf1fedf70:   4c 39 c1 75 1b 45 31 c0 80 79 10 52 75 98 0f b7 


Stack slot to memory mapping:
stack at sp + 0 slots: 0x00007fdcf202ca5e: LLVMBuildStore+0x000000000000001e in /home/doudou/.javacpp/cache/llvm-13.0.1-1.5.7-linux-x86_64.jar/org/bytedeco/llvm/linux-x86_64/libLLVM-13.so at 0x00007fdcf1400000
stack at sp + 1 slots: 0x0 is NULL
stack at sp + 2 slots: 0x0 is NULL
stack at sp + 3 slots: 0x00007fdd54016800 is a thread
stack at sp + 4 slots: 0x00007fdd54017450 points into unknown readable memory: 0x0000003c00000001 | 01 00 00 00 3c 00 00 00
stack at sp + 5 slots: 0x00007fdd54016800 is a thread
stack at sp + 6 slots: 0x00007fdd5a9fe450 is pointing into the stack for thread: 0x00007fdd54016800
stack at sp + 7 slots: 0x00007fdd5a9fe528 is pointing into the stack for thread: 0x00007fdd54016800


---------------  P R O C E S S  ---------------

Threads class SMR info:
_java_thread_list=0x00007fdd542010d0, length=11, elements={
0x00007fdd54016800, 0x00007fdd54120000, 0x00007fdd54122000, 0x00007fdd54128800,
0x00007fdd5412a800, 0x00007fdd5412c800, 0x00007fdd5412f000, 0x00007fdd54131000,
0x00007fdd5413f800, 0x00007fdd541e5800, 0x00007fdd54200000
}

Java Threads: ( => current thread )
=>0x00007fdd54016800 JavaThread "main" [_thread_in_native, id=9459, stack(0x00007fdd5a900000,0x00007fdd5aa00000)]
  0x00007fdd54120000 JavaThread "Reference Handler" daemon [_thread_blocked, id=9473, stack(0x00007fdd58396000,0x00007fdd58496000)]
  0x00007fdd54122000 JavaThread "Finalizer" daemon [_thread_blocked, id=9474, stack(0x00007fdd58296000,0x00007fdd58396000)]
  0x00007fdd54128800 JavaThread "Signal Dispatcher" daemon [_thread_blocked, id=9476, stack(0x00007fdd58196000,0x00007fdd58296000)]
  0x00007fdd5412a800 JavaThread "Service Thread" daemon [_thread_blocked, id=9477, stack(0x00007fdd58096000,0x00007fdd58196000)]
  0x00007fdd5412c800 JavaThread "C2 CompilerThread0" daemon [_thread_blocked, id=9478, stack(0x00007fdd53f00000,0x00007fdd54000000)]
  0x00007fdd5412f000 JavaThread "C1 CompilerThread0" daemon [_thread_blocked, id=9479, stack(0x00007fdd3c500000,0x00007fdd3c600000)]
  0x00007fdd54131000 JavaThread "Sweeper thread" daemon [_thread_blocked, id=9480, stack(0x00007fdd3c400000,0x00007fdd3c500000)]
  0x00007fdd5413f800 JavaThread "Common-Cleaner" daemon [_thread_blocked, id=9483, stack(0x00007fdd3c300000,0x00007fdd3c400000)]
  0x00007fdd541e5800 JavaThread "Monitor Ctrl-Break" daemon [_thread_in_native, id=9484, stack(0x00007fdd3c200000,0x00007fdd3c300000)]
  0x00007fdd54200000 JavaThread "JavaCPP Deallocator" daemon [_thread_blocked, id=9486, stack(0x00007fdd347b8000,0x00007fdd348b8000)]

Other Threads:
  0x00007fdd5411d000 VMThread "VM Thread" [stack: 0x00007fdd58498000,0x00007fdd58598000] [id=9471]
  0x00007fdd541e7000 WatcherThread [stack: 0x00007fdd3c100000,0x00007fdd3c200000] [id=9485]
  0x00007fdd5402f800 GCTaskThread "GC Thread#0" [stack: 0x00007fdd5a32a000,0x00007fdd5a42a000] [id=9461]
  0x00007fdd24001000 GCTaskThread "GC Thread#1" [stack: 0x00007fdd346b8000,0x00007fdd347b8000] [id=9487]
  0x00007fdd5404a800 ConcurrentGCThread "G1 Main Marker" [stack: 0x00007fdd58b23000,0x00007fdd58c23000] [id=9462]
  0x00007fdd5404c800 ConcurrentGCThread "G1 Conc#0" [stack: 0x00007fdd58a21000,0x00007fdd58b21000] [id=9463]
  0x00007fdd54087800 ConcurrentGCThread "G1 Refine#0" [stack: 0x00007fdd5871d000,0x00007fdd5881d000] [id=9465]
  0x00007fdd54089800 ConcurrentGCThread "G1 Young RemSet Sampling" [stack: 0x00007fdd5861b000,0x00007fdd5871b000] [id=9467]

Threads with active compile tasks:

VM state:not at safepoint (normal execution)

VM Mutex/Monitor currently owned by a thread: None

Heap address: 0x00000000c2e00000, size: 978 MB, Compressed Oops mode: 32-bit
Narrow klass base: 0x0000000800000000, Narrow klass shift: 3
Compressed class space size: 1073741824 Address: 0x0000000840000000

Heap:
 garbage-first heap   total 65536K, used 5422K [0x00000000c2e00000, 0x0000000100000000)
  region size 1024K, 5 young (5120K), 1 survivors (1024K)
 Metaspace       used 4198K, capacity 6682K, committed 6912K, reserved 1056768K
  class space    used 440K, capacity 696K, committed 768K, reserved 1048576K
Heap Regions: E=young(eden), S=young(survivor), O=old, HS=humongous(starts), HC=humongous(continues), CS=collection set, F=free, A=archive, TAMS=top-at-mark-start (previous, next)
|   0|0x00000000c2e00000, 0x00000000c2e99a00, 0x00000000c2f00000| 60%| O|  |TAMS 0x00000000c2e00000, 0x00000000c2e00000| Untracked 
|   1|0x00000000c2f00000, 0x00000000c2f00000, 0x00000000c3000000|  0%| F|  |TAMS 0x00000000c2f00000, 0x00000000c2f00000| Untracked 
|   2|0x00000000c3000000, 0x00000000c3000000, 0x00000000c3100000|  0%| F|  |TAMS 0x00000000c3000000, 0x00000000c3000000| Untracked 
|   3|0x00000000c3100000, 0x00000000c3100000, 0x00000000c3200000|  0%| F|  |TAMS 0x00000000c3100000, 0x00000000c3100000| Untracked 
|   4|0x00000000c3200000, 0x00000000c3200000, 0x00000000c3300000|  0%| F|  |TAMS 0x00000000c3200000, 0x00000000c3200000| Untracked 
|   5|0x00000000c3300000, 0x00000000c3300000, 0x00000000c3400000|  0%| F|  |TAMS 0x00000000c3300000, 0x00000000c3300000| Untracked 
|   6|0x00000000c3400000, 0x00000000c3400000, 0x00000000c3500000|  0%| F|  |TAMS 0x00000000c3400000, 0x00000000c3400000| Untracked 
|   7|0x00000000c3500000, 0x00000000c3500000, 0x00000000c3600000|  0%| F|  |TAMS 0x00000000c3500000, 0x00000000c3500000| Untracked 
|   8|0x00000000c3600000, 0x00000000c3600000, 0x00000000c3700000|  0%| F|  |TAMS 0x00000000c3600000, 0x00000000c3600000| Untracked 
|   9|0x00000000c3700000, 0x00000000c3700000, 0x00000000c3800000|  0%| F|  |TAMS 0x00000000c3700000, 0x00000000c3700000| Untracked 
|  10|0x00000000c3800000, 0x00000000c3800000, 0x00000000c3900000|  0%| F|  |TAMS 0x00000000c3800000, 0x00000000c3800000| Untracked 
|  11|0x00000000c3900000, 0x00000000c3900000, 0x00000000c3a00000|  0%| F|  |TAMS 0x00000000c3900000, 0x00000000c3900000| Untracked 
|  12|0x00000000c3a00000, 0x00000000c3a00000, 0x00000000c3b00000|  0%| F|  |TAMS 0x00000000c3a00000, 0x00000000c3a00000| Untracked 
|  13|0x00000000c3b00000, 0x00000000c3b00000, 0x00000000c3c00000|  0%| F|  |TAMS 0x00000000c3b00000, 0x00000000c3b00000| Untracked 
|  14|0x00000000c3c00000, 0x00000000c3c00000, 0x00000000c3d00000|  0%| F|  |TAMS 0x00000000c3c00000, 0x00000000c3c00000| Untracked 
|  15|0x00000000c3d00000, 0x00000000c3d00000, 0x00000000c3e00000|  0%| F|  |TAMS 0x00000000c3d00000, 0x00000000c3d00000| Untracked 
|  16|0x00000000c3e00000, 0x00000000c3e00000, 0x00000000c3f00000|  0%| F|  |TAMS 0x00000000c3e00000, 0x00000000c3e00000| Untracked 
|  17|0x00000000c3f00000, 0x00000000c3f00000, 0x00000000c4000000|  0%| F|  |TAMS 0x00000000c3f00000, 0x00000000c3f00000| Untracked 
|  18|0x00000000c4000000, 0x00000000c4000000, 0x00000000c4100000|  0%| F|  |TAMS 0x00000000c4000000, 0x00000000c4000000| Untracked 
|  19|0x00000000c4100000, 0x00000000c4100000, 0x00000000c4200000|  0%| F|  |TAMS 0x00000000c4100000, 0x00000000c4100000| Untracked 
|  20|0x00000000c4200000, 0x00000000c4200000, 0x00000000c4300000|  0%| F|  |TAMS 0x00000000c4200000, 0x00000000c4200000| Untracked 
|  21|0x00000000c4300000, 0x00000000c4300000, 0x00000000c4400000|  0%| F|  |TAMS 0x00000000c4300000, 0x00000000c4300000| Untracked 
|  22|0x00000000c4400000, 0x00000000c4400000, 0x00000000c4500000|  0%| F|  |TAMS 0x00000000c4400000, 0x00000000c4400000| Untracked 
|  23|0x00000000c4500000, 0x00000000c4500000, 0x00000000c4600000|  0%| F|  |TAMS 0x00000000c4500000, 0x00000000c4500000| Untracked 
|  24|0x00000000c4600000, 0x00000000c4600000, 0x00000000c4700000|  0%| F|  |TAMS 0x00000000c4600000, 0x00000000c4600000| Untracked 
|  25|0x00000000c4700000, 0x00000000c4700000, 0x00000000c4800000|  0%| F|  |TAMS 0x00000000c4700000, 0x00000000c4700000| Untracked 
|  26|0x00000000c4800000, 0x00000000c4800000, 0x00000000c4900000|  0%| F|  |TAMS 0x00000000c4800000, 0x00000000c4800000| Untracked 
|  27|0x00000000c4900000, 0x00000000c4900000, 0x00000000c4a00000|  0%| F|  |TAMS 0x00000000c4900000, 0x00000000c4900000| Untracked 
|  28|0x00000000c4a00000, 0x00000000c4a00000, 0x00000000c4b00000|  0%| F|  |TAMS 0x00000000c4a00000, 0x00000000c4a00000| Untracked 
|  29|0x00000000c4b00000, 0x00000000c4b00000, 0x00000000c4c00000|  0%| F|  |TAMS 0x00000000c4b00000, 0x00000000c4b00000| Untracked 
|  30|0x00000000c4c00000, 0x00000000c4c00000, 0x00000000c4d00000|  0%| F|  |TAMS 0x00000000c4c00000, 0x00000000c4c00000| Untracked 
|  31|0x00000000c4d00000, 0x00000000c4d00000, 0x00000000c4e00000|  0%| F|  |TAMS 0x00000000c4d00000, 0x00000000c4d00000| Untracked 
|  32|0x00000000c4e00000, 0x00000000c4e00000, 0x00000000c4f00000|  0%| F|  |TAMS 0x00000000c4e00000, 0x00000000c4e00000| Untracked 
|  33|0x00000000c4f00000, 0x00000000c4f00000, 0x00000000c5000000|  0%| F|  |TAMS 0x00000000c4f00000, 0x00000000c4f00000| Untracked 
|  34|0x00000000c5000000, 0x00000000c5000000, 0x00000000c5100000|  0%| F|  |TAMS 0x00000000c5000000, 0x00000000c5000000| Untracked 
|  35|0x00000000c5100000, 0x00000000c5100000, 0x00000000c5200000|  0%| F|  |TAMS 0x00000000c5100000, 0x00000000c5100000| Untracked 
|  36|0x00000000c5200000, 0x00000000c5200000, 0x00000000c5300000|  0%| F|  |TAMS 0x00000000c5200000, 0x00000000c5200000| Untracked 
|  37|0x00000000c5300000, 0x00000000c5300000, 0x00000000c5400000|  0%| F|  |TAMS 0x00000000c5300000, 0x00000000c5300000| Untracked 
|  38|0x00000000c5400000, 0x00000000c5400000, 0x00000000c5500000|  0%| F|  |TAMS 0x00000000c5400000, 0x00000000c5400000| Untracked 
|  39|0x00000000c5500000, 0x00000000c5500000, 0x00000000c5600000|  0%| F|  |TAMS 0x00000000c5500000, 0x00000000c5500000| Untracked 
|  40|0x00000000c5600000, 0x00000000c5600000, 0x00000000c5700000|  0%| F|  |TAMS 0x00000000c5600000, 0x00000000c5600000| Untracked 
|  41|0x00000000c5700000, 0x00000000c5700000, 0x00000000c5800000|  0%| F|  |TAMS 0x00000000c5700000, 0x00000000c5700000| Untracked 
|  42|0x00000000c5800000, 0x00000000c5800000, 0x00000000c5900000|  0%| F|  |TAMS 0x00000000c5800000, 0x00000000c5800000| Untracked 
|  43|0x00000000c5900000, 0x00000000c5900000, 0x00000000c5a00000|  0%| F|  |TAMS 0x00000000c5900000, 0x00000000c5900000| Untracked 
|  44|0x00000000c5a00000, 0x00000000c5a00000, 0x00000000c5b00000|  0%| F|  |TAMS 0x00000000c5a00000, 0x00000000c5a00000| Untracked 
|  45|0x00000000c5b00000, 0x00000000c5b00000, 0x00000000c5c00000|  0%| F|  |TAMS 0x00000000c5b00000, 0x00000000c5b00000| Untracked 
|  46|0x00000000c5c00000, 0x00000000c5c00000, 0x00000000c5d00000|  0%| F|  |TAMS 0x00000000c5c00000, 0x00000000c5c00000| Untracked 
|  47|0x00000000c5d00000, 0x00000000c5d00000, 0x00000000c5e00000|  0%| F|  |TAMS 0x00000000c5d00000, 0x00000000c5d00000| Untracked 
|  48|0x00000000c5e00000, 0x00000000c5e00000, 0x00000000c5f00000|  0%| F|  |TAMS 0x00000000c5e00000, 0x00000000c5e00000| Untracked 
|  49|0x00000000c5f00000, 0x00000000c5f00000, 0x00000000c6000000|  0%| F|  |TAMS 0x00000000c5f00000, 0x00000000c5f00000| Untracked 
|  50|0x00000000c6000000, 0x00000000c6000000, 0x00000000c6100000|  0%| F|  |TAMS 0x00000000c6000000, 0x00000000c6000000| Untracked 
|  51|0x00000000c6100000, 0x00000000c6100000, 0x00000000c6200000|  0%| F|  |TAMS 0x00000000c6100000, 0x00000000c6100000| Untracked 
|  52|0x00000000c6200000, 0x00000000c6200000, 0x00000000c6300000|  0%| F|  |TAMS 0x00000000c6200000, 0x00000000c6200000| Untracked 
|  53|0x00000000c6300000, 0x00000000c6300000, 0x00000000c6400000|  0%| F|  |TAMS 0x00000000c6300000, 0x00000000c6300000| Untracked 
|  54|0x00000000c6400000, 0x00000000c6500000, 0x00000000c6500000|100%| S|CS|TAMS 0x00000000c6400000, 0x00000000c6400000| Complete 
|  55|0x00000000c6500000, 0x00000000c6500000, 0x00000000c6600000|  0%| F|  |TAMS 0x00000000c6500000, 0x00000000c6500000| Untracked 
|  56|0x00000000c6600000, 0x00000000c6600000, 0x00000000c6700000|  0%| F|  |TAMS 0x00000000c6600000, 0x00000000c6600000| Untracked 
|  57|0x00000000c6700000, 0x00000000c6700000, 0x00000000c6800000|  0%| F|  |TAMS 0x00000000c6700000, 0x00000000c6700000| Untracked 
|  58|0x00000000c6800000, 0x00000000c6900000, 0x00000000c6900000|100%| E|  |TAMS 0x00000000c6800000, 0x00000000c6800000| Complete 
|  59|0x00000000c6900000, 0x00000000c6a00000, 0x00000000c6a00000|100%| E|CS|TAMS 0x00000000c6900000, 0x00000000c6900000| Complete 
|  60|0x00000000c6a00000, 0x00000000c6b00000, 0x00000000c6b00000|100%| E|CS|TAMS 0x00000000c6a00000, 0x00000000c6a00000| Complete 
|  61|0x00000000c6b00000, 0x00000000c6c00000, 0x00000000c6c00000|100%| E|CS|TAMS 0x00000000c6b00000, 0x00000000c6b00000| Complete 
| 976|0x00000000ffe00000, 0x00000000ffe47000, 0x00000000fff00000| 27%|OA|  |TAMS 0x00000000ffe00000, 0x00000000ffe00000| Untracked 
| 977|0x00000000fff00000, 0x00000000fff6b000, 0x0000000100000000| 41%|CA|  |TAMS 0x00000000fff00000, 0x00000000fff00000| Untracked 

Card table byte_map: [0x00007fdd59d54000,0x00007fdd59f3d000] _byte_map_base: 0x00007fdd5973d000

Marking Bits (Prev, Next): (CMBitMap*) 0x00007fdd54045b88, (CMBitMap*) 0x00007fdd54045bc0
 Prev Bits: [0x00007fdd58c23000, 0x00007fdd59b6b000)
 Next Bits: [0x00007fdd370b8000, 0x00007fdd38000000)

Polling page: 0x00007fdd5c128000

Metaspace:

Usage:
  Non-class:      5.85 MB capacity,     3.67 MB ( 63%) used,     2.17 MB ( 37%) free+waste,     7.19 KB ( <1%) overhead. 
      Class:    696.00 KB capacity,   440.77 KB ( 63%) used,   251.41 KB ( 36%) free+waste,     3.81 KB ( <1%) overhead. 
       Both:      6.53 MB capacity,     4.10 MB ( 63%) used,     2.41 MB ( 37%) free+waste,    11.00 KB ( <1%) overhead. 

Virtual space:
  Non-class space:        8.00 MB reserved,       6.00 MB ( 75%) committed 
      Class space:        1.00 GB reserved,     768.00 KB ( <1%) committed 
             Both:        1.01 GB reserved,       6.75 MB ( <1%) committed 

Chunk freelists:
   Non-Class:  0 bytes
       Class:  8.00 KB
        Both:  8.00 KB

MaxMetaspaceSize: unlimited
CompressedClassSpaceSize: 1.00 GB
Initial GC threshold: 20.80 MB
Current GC threshold: 20.80 MB
CDS: on

CodeHeap 'non-profiled nmethods': size=120036Kb used=249Kb max_used=249Kb free=119787Kb
 bounds [0x00007fdd440c7000, 0x00007fdd44337000, 0x00007fdd4b600000]
CodeHeap 'profiled nmethods': size=120032Kb used=1627Kb max_used=1627Kb free=118405Kb
 bounds [0x00007fdd3cb8f000, 0x00007fdd3cdff000, 0x00007fdd440c7000]
CodeHeap 'non-nmethods': size=5692Kb used=1161Kb max_used=1173Kb free=4530Kb
 bounds [0x00007fdd3c600000, 0x00007fdd3c870000, 0x00007fdd3cb8f000]
 total_blobs=1306 nmethods=900 adapters=320
 compilation: enabled
              stopped_count=0, restarted_count=0
 full_count=0

Compilation events (20 events):
Event: 0.527 Thread 0x00007fdd5412f000  883       3       java.lang.invoke.MemberName::getName (25 bytes)
Event: 0.528 Thread 0x00007fdd5412f000 nmethod 883 0x00007fdd3cd1dd10 code [0x00007fdd3cd1dee0, 0x00007fdd3cd1e260]
Event: 0.528 Thread 0x00007fdd5412f000  884       3       java.lang.Number::<init> (5 bytes)
Event: 0.528 Thread 0x00007fdd5412f000 nmethod 884 0x00007fdd3cd1e390 code [0x00007fdd3cd1e540, 0x00007fdd3cd1e6b0]
Event: 0.528 Thread 0x00007fdd5412f000  885       3       java.lang.Byte::<init> (10 bytes)
Event: 0.528 Thread 0x00007fdd5412f000 nmethod 885 0x00007fdd3cd1e790 code [0x00007fdd3cd1e940, 0x00007fdd3cd1eb10]
Event: 0.528 Thread 0x00007fdd5412f000  887       3       java.lang.invoke.LambdaForm::forceInterpretation (14 bytes)
Event: 0.529 Thread 0x00007fdd5412f000 nmethod 887 0x00007fdd3cd1ec10 code [0x00007fdd3cd1edc0, 0x00007fdd3cd1ef30]
Event: 0.530 Thread 0x00007fdd5412f000  888       3       java.lang.invoke.LambdaForm$Name::<init> (44 bytes)
Event: 0.531 Thread 0x00007fdd5412f000 nmethod 888 0x00007fdd3cd1ef90 code [0x00007fdd3cd1f1c0, 0x00007fdd3cd1f7a0]
Event: 0.531 Thread 0x00007fdd5412f000  889       3       java.lang.invoke.LambdaForm$NamedFunction::returnType (11 bytes)
Event: 0.531 Thread 0x00007fdd5412f000 nmethod 889 0x00007fdd3cd1fa90 code [0x00007fdd3cd1fca0, 0x00007fdd3cd20120]
Event: 0.531 Thread 0x00007fdd5412f000  891       3       java.lang.invoke.InvokerBytecodeGenerator::emitImplicitConversion (159 bytes)
Event: 0.532 Thread 0x00007fdd5412f000 nmethod 891 0x00007fdd3cd20310 code [0x00007fdd3cd20660, 0x00007fdd3cd21710]
Event: 0.532 Thread 0x00007fdd5412c800  893       4       java.lang.StringBuilder::<init> (7 bytes)
Event: 0.532 Thread 0x00007fdd5412f000  894       3       java.lang.invoke.LambdaForm$BasicType::basicType (172 bytes)
Event: 0.533 Thread 0x00007fdd5412f000 nmethod 894 0x00007fdd3cd21c90 code [0x00007fdd3cd21f20, 0x00007fdd3cd22b80]
Event: 0.533 Thread 0x00007fdd5412f000  895       3       java.lang.invoke.LambdaForm$Name::replaceNames (174 bytes)
Event: 0.533 Thread 0x00007fdd5412f000 nmethod 895 0x00007fdd3cd22f10 code [0x00007fdd3cd23160, 0x00007fdd3cd23db0]
Event: 0.533 Thread 0x00007fdd5412c800 nmethod 893 0x00007fdd44104a10 code [0x00007fdd44104ba0, 0x00007fdd44104d58]

GC Heap History (2 events):
Event: 0.389 GC heap before
{Heap before GC invocations=0 (full 0):
 garbage-first heap   total 65536K, used 7880K [0x00000000c2e00000, 0x0000000100000000)
  region size 1024K, 7 young (7168K), 0 survivors (0K)
 Metaspace       used 3197K, capacity 5973K, committed 6272K, reserved 1056768K
  class space    used 336K, capacity 586K, committed 640K, reserved 1048576K
}
Event: 0.393 GC heap after
{Heap after GC invocations=1 (full 0):
 garbage-first heap   total 65536K, used 2350K [0x00000000c2e00000, 0x0000000100000000)
  region size 1024K, 1 young (1024K), 1 survivors (1024K)
 Metaspace       used 3197K, capacity 5973K, committed 6272K, reserved 1056768K
  class space    used 336K, capacity 586K, committed 640K, reserved 1048576K
}

Deoptimization events (20 events):
Event: 0.401 Thread 0x00007fdd54016800 DEOPT PACKING pc=0x00007fdd3cbffea4 sp=0x00007fdd5a9fc3b0
Event: 0.401 Thread 0x00007fdd54016800 DEOPT UNPACKING pc=0x00007fdd3c6499fa sp=0x00007fdd5a9fb828 mode 0
Event: 0.446 Thread 0x00007fdd54016800 DEOPT PACKING pc=0x00007fdd3cbfec42 sp=0x00007fdd5a9fd520
Event: 0.446 Thread 0x00007fdd54016800 DEOPT UNPACKING pc=0x00007fdd3c6499fa sp=0x00007fdd5a9fc9a8 mode 0
Event: 0.506 Thread 0x00007fdd54016800 Uncommon trap: trap_request=0xffffffc6 fr.pc=0x00007fdd440d0ba4 relative=0x0000000000000084
Event: 0.506 Thread 0x00007fdd54016800 Uncommon trap: reason=bimorphic_or_optimized_type_check action=maybe_recompile pc=0x00007fdd440d0ba4 method=java.util.AbstractCollection.isEmpty()Z @ 1 c2
Event: 0.506 Thread 0x00007fdd54016800 DEOPT PACKING pc=0x00007fdd440d0ba4 sp=0x00007fdd5a9fd3d0
Event: 0.506 Thread 0x00007fdd54016800 DEOPT UNPACKING pc=0x00007fdd3c6082a5 sp=0x00007fdd5a9fd380 mode 2
Event: 0.506 Thread 0x00007fdd54016800 Uncommon trap: trap_request=0xffffffc6 fr.pc=0x00007fdd440d0ba4 relative=0x0000000000000084
Event: 0.506 Thread 0x00007fdd54016800 Uncommon trap: reason=bimorphic_or_optimized_type_check action=maybe_recompile pc=0x00007fdd440d0ba4 method=java.util.AbstractCollection.isEmpty()Z @ 1 c2
Event: 0.506 Thread 0x00007fdd54016800 DEOPT PACKING pc=0x00007fdd440d0ba4 sp=0x00007fdd5a9fd5a0
Event: 0.506 Thread 0x00007fdd54016800 DEOPT UNPACKING pc=0x00007fdd3c6082a5 sp=0x00007fdd5a9fd550 mode 2
Event: 0.507 Thread 0x00007fdd54016800 Uncommon trap: trap_request=0xffffffc6 fr.pc=0x00007fdd440d0ba4 relative=0x0000000000000084
Event: 0.507 Thread 0x00007fdd54016800 Uncommon trap: reason=bimorphic_or_optimized_type_check action=maybe_recompile pc=0x00007fdd440d0ba4 method=java.util.AbstractCollection.isEmpty()Z @ 1 c2
Event: 0.507 Thread 0x00007fdd54016800 DEOPT PACKING pc=0x00007fdd440d0ba4 sp=0x00007fdd5a9fd580
Event: 0.507 Thread 0x00007fdd54016800 DEOPT UNPACKING pc=0x00007fdd3c6082a5 sp=0x00007fdd5a9fd530 mode 2
Event: 0.509 Thread 0x00007fdd54016800 Uncommon trap: trap_request=0xffffffc6 fr.pc=0x00007fdd440d0ba4 relative=0x0000000000000084
Event: 0.509 Thread 0x00007fdd54016800 Uncommon trap: reason=bimorphic_or_optimized_type_check action=maybe_recompile pc=0x00007fdd440d0ba4 method=java.util.AbstractCollection.isEmpty()Z @ 1 c2
Event: 0.509 Thread 0x00007fdd54016800 DEOPT PACKING pc=0x00007fdd440d0ba4 sp=0x00007fdd5a9fd3b0
Event: 0.509 Thread 0x00007fdd54016800 DEOPT UNPACKING pc=0x00007fdd3c6082a5 sp=0x00007fdd5a9fd360 mode 2

Classes redefined (0 events):
No events

Internal exceptions (20 events):
Event: 0.089 Thread 0x00007fdd54016800 Exception <a 'java/security/PrivilegedActionException'{0x00000000c6ae0d80}> (0x00000000c6ae0d80) thrown at [./src/hotspot/share/prims/jvm.cpp, line 1304]
Event: 0.089 Thread 0x00007fdd54016800 Exception <a 'java/security/PrivilegedActionException'{0x00000000c6ae1050}> (0x00000000c6ae1050) thrown at [./src/hotspot/share/prims/jvm.cpp, line 1304]
Event: 0.089 Thread 0x00007fdd54016800 Exception <a 'java/security/PrivilegedActionException'{0x00000000c6ae19c0}> (0x00000000c6ae19c0) thrown at [./src/hotspot/share/prims/jvm.cpp, line 1304]
Event: 0.089 Thread 0x00007fdd54016800 Exception <a 'java/security/PrivilegedActionException'{0x00000000c6ae1c90}> (0x00000000c6ae1c90) thrown at [./src/hotspot/share/prims/jvm.cpp, line 1304]
Event: 0.089 Thread 0x00007fdd54016800 Exception <a 'java/security/PrivilegedActionException'{0x00000000c6ae2600}> (0x00000000c6ae2600) thrown at [./src/hotspot/share/prims/jvm.cpp, line 1304]
Event: 0.089 Thread 0x00007fdd54016800 Exception <a 'java/security/PrivilegedActionException'{0x00000000c6ae28d0}> (0x00000000c6ae28d0) thrown at [./src/hotspot/share/prims/jvm.cpp, line 1304]
Event: 0.089 Thread 0x00007fdd54016800 Exception <a 'java/security/PrivilegedActionException'{0x00000000c6ae3258}> (0x00000000c6ae3258) thrown at [./src/hotspot/share/prims/jvm.cpp, line 1304]
Event: 0.089 Thread 0x00007fdd54016800 Exception <a 'java/security/PrivilegedActionException'{0x00000000c6ae3528}> (0x00000000c6ae3528) thrown at [./src/hotspot/share/prims/jvm.cpp, line 1304]
Event: 0.089 Thread 0x00007fdd54016800 Exception <a 'java/security/PrivilegedActionException'{0x00000000c6ae3eb0}> (0x00000000c6ae3eb0) thrown at [./src/hotspot/share/prims/jvm.cpp, line 1304]
Event: 0.089 Thread 0x00007fdd54016800 Exception <a 'java/security/PrivilegedActionException'{0x00000000c6ae4180}> (0x00000000c6ae4180) thrown at [./src/hotspot/share/prims/jvm.cpp, line 1304]
Event: 0.090 Thread 0x00007fdd54016800 Exception <a 'java/security/PrivilegedActionException'{0x00000000c6ae4b08}> (0x00000000c6ae4b08) thrown at [./src/hotspot/share/prims/jvm.cpp, line 1304]
Event: 0.090 Thread 0x00007fdd54016800 Exception <a 'java/security/PrivilegedActionException'{0x00000000c6ae4dd8}> (0x00000000c6ae4dd8) thrown at [./src/hotspot/share/prims/jvm.cpp, line 1304]
Event: 0.090 Thread 0x00007fdd54016800 Exception <a 'java/security/PrivilegedActionException'{0x00000000c6ae5748}> (0x00000000c6ae5748) thrown at [./src/hotspot/share/prims/jvm.cpp, line 1304]
Event: 0.090 Thread 0x00007fdd54016800 Exception <a 'java/security/PrivilegedActionException'{0x00000000c6ae5a18}> (0x00000000c6ae5a18) thrown at [./src/hotspot/share/prims/jvm.cpp, line 1304]
Event: 0.090 Thread 0x00007fdd54016800 Exception <a 'java/security/PrivilegedActionException'{0x00000000c6ae63a0}> (0x00000000c6ae63a0) thrown at [./src/hotspot/share/prims/jvm.cpp, line 1304]
Event: 0.090 Thread 0x00007fdd54016800 Exception <a 'java/security/PrivilegedActionException'{0x00000000c6ae6670}> (0x00000000c6ae6670) thrown at [./src/hotspot/share/prims/jvm.cpp, line 1304]
Event: 0.121 Thread 0x00007fdd54016800 Exception <a 'java/lang/NoSuchMethodError'{0x00000000c69958f0}: 'int java.lang.invoke.DirectMethodHandle$Holder.invokeStaticInit(java.lang.Object, java.lang.Object, java.lang.Object, java.lang.Object)'> (0x00000000c69958f0) thrown at [./src/hotspot/share/interpreter/linkResolver.cpp, line 772]
Event: 0.125 Thread 0x00007fdd54016800 Exception <a 'java/lang/IncompatibleClassChangeError'{0x00000000c699f670}: Found class java.lang.Object, but interface was expected> (0x00000000c699f670) thrown at [./src/hotspot/share/interpreter/linkResolver.cpp, line 839]
Event: 0.125 Thread 0x00007fdd54016800 Exception <a 'java/lang/NoSuchMethodError'{0x00000000c69a2820}: 'void java.lang.invoke.DirectMethodHandle$Holder.invokeStaticInit(java.lang.Object, java.lang.Object)'> (0x00000000c69a2820) thrown at [./src/hotspot/share/interpreter/linkResolver.cpp, line 772]
Event: 0.126 Thread 0x00007fdd54016800 Exception <a 'java/lang/NoSuchMethodError'{0x00000000c69a7cf0}: 'int java.lang.invoke.DirectMethodHandle$Holder.invokeStaticInit(java.lang.Object, java.lang.Object)'> (0x00000000c69a7cf0) thrown at [./src/hotspot/share/interpreter/linkResolver.cpp, line 772]

Events (20 events):
Event: 0.498 loading class org/bytedeco/javacpp/PointerScope$1
Event: 0.498 loading class org/bytedeco/javacpp/PointerScope$1 done
Event: 0.503 Executing VM operation: Deoptimize
Event: 0.503 Executing VM operation: Deoptimize done
Event: 0.506 loading class java/lang/invoke/BoundMethodHandle$Species_LL
Event: 0.506 loading class java/lang/invoke/BoundMethodHandle$Species_LL done
Event: 0.508 loading class java/lang/invoke/BoundMethodHandle$Species_LLL
Event: 0.508 loading class java/lang/invoke/BoundMethodHandle$Species_LLL done
Event: 0.511 loading class java/lang/invoke/BoundMethodHandle$Species_LLLL
Event: 0.511 loading class java/lang/invoke/BoundMethodHandle$Species_LLLL done
Event: 0.512 loading class java/lang/invoke/BoundMethodHandle$Species_LLLLL
Event: 0.512 loading class java/lang/invoke/BoundMethodHandle$Species_LLLLL done
Event: 0.518 loading class java/lang/invoke/BoundMethodHandle$Species_LLLLLL
Event: 0.518 loading class java/lang/invoke/BoundMethodHandle$Species_LLLLLL done
Event: 0.525 loading class java/lang/invoke/BoundMethodHandle$Species_LLLLLLL
Event: 0.525 loading class java/lang/invoke/BoundMethodHandle$Species_LLLLLLL done
Event: 0.528 loading class java/lang/invoke/BoundMethodHandle$Species_LLLLLLLI
Event: 0.528 loading class java/lang/invoke/BoundMethodHandle$Species_LLLLLLLI done
Event: 0.532 loading class java/lang/invoke/BoundMethodHandle$Species_LLLLLLLII
Event: 0.532 loading class java/lang/invoke/BoundMethodHandle$Species_LLLLLLLII done


Dynamic libraries:
c2e00000-c6c00000 rw-p 00000000 00:00 0 
c6c00000-ffe00000 ---p 00000000 00:00 0 
ffe00000-ffe47000 rw-p 00b0a000 08:03 1060156                            /usr/lib/jvm/java-11-openjdk-amd64/lib/server/classes.jsa
ffe47000-fff00000 rw-p 00000000 00:00 0 
fff00000-fff6b000 rw-p 00a9f000 08:03 1060156                            /usr/lib/jvm/java-11-openjdk-amd64/lib/server/classes.jsa
fff6b000-100000000 rw-p 00000000 00:00 0 
800000000-800002000 rwxp 00001000 08:03 1060156                          /usr/lib/jvm/java-11-openjdk-amd64/lib/server/classes.jsa
800002000-8003cc000 rw-p 00003000 08:03 1060156                          /usr/lib/jvm/java-11-openjdk-amd64/lib/server/classes.jsa
8003cc000-800a9d000 r--p 003cd000 08:03 1060156                          /usr/lib/jvm/java-11-openjdk-amd64/lib/server/classes.jsa
800a9d000-800a9e000 rw-p 00a9e000 08:03 1060156                          /usr/lib/jvm/java-11-openjdk-amd64/lib/server/classes.jsa
840000000-8400c0000 rw-p 00000000 00:00 0 
8400c0000-880000000 ---p 00000000 00:00 0 
55c60c66c000-55c60c66d000 r--p 00000000 08:03 1058673                    /usr/lib/jvm/java-11-openjdk-amd64/bin/java
55c60c66d000-55c60c66e000 r-xp 00001000 08:03 1058673                    /usr/lib/jvm/java-11-openjdk-amd64/bin/java
55c60c66e000-55c60c66f000 r--p 00002000 08:03 1058673                    /usr/lib/jvm/java-11-openjdk-amd64/bin/java
55c60c66f000-55c60c670000 r--p 00002000 08:03 1058673                    /usr/lib/jvm/java-11-openjdk-amd64/bin/java
55c60c670000-55c60c671000 rw-p 00003000 08:03 1058673                    /usr/lib/jvm/java-11-openjdk-amd64/bin/java
55c60cc6c000-55c60ccae000 rw-p 00000000 00:00 0                          [heap]
7fdcf1400000-7fdcf1d26000 r--p 00000000 08:03 1579535                    /home/doudou/.javacpp/cache/llvm-13.0.1-1.5.7-linux-x86_64.jar/org/bytedeco/llvm/linux-x86_64/libLLVM-13.so
7fdcf1d26000-7fdcf56e9000 r-xp 00926000 08:03 1579535                    /home/doudou/.javacpp/cache/llvm-13.0.1-1.5.7-linux-x86_64.jar/org/bytedeco/llvm/linux-x86_64/libLLVM-13.so
7fdcf56e9000-7fdcf793e000 r--p 042e9000 08:03 1579535                    /home/doudou/.javacpp/cache/llvm-13.0.1-1.5.7-linux-x86_64.jar/org/bytedeco/llvm/linux-x86_64/libLLVM-13.so
7fdcf793e000-7fdcf7e53000 r--p 0653d000 08:03 1579535                    /home/doudou/.javacpp/cache/llvm-13.0.1-1.5.7-linux-x86_64.jar/org/bytedeco/llvm/linux-x86_64/libLLVM-13.so
7fdcf7e53000-7fdcf7e5e000 rw-p 06a52000 08:03 1579535                    /home/doudou/.javacpp/cache/llvm-13.0.1-1.5.7-linux-x86_64.jar/org/bytedeco/llvm/linux-x86_64/libLLVM-13.so
7fdcf7e5e000-7fdcf7ed4000 rw-p 00000000 00:00 0 
7fdcf8000000-7fdcf8021000 rw-p 00000000 00:00 0 
7fdcf8021000-7fdcfc000000 ---p 00000000 00:00 0 
7fdd00000000-7fdd00477000 rw-p 00000000 00:00 0 
7fdd00477000-7fdd04000000 ---p 00000000 00:00 0 
7fdd04000000-7fdd04021000 rw-p 00000000 00:00 0 
7fdd04021000-7fdd08000000 ---p 00000000 00:00 0 
7fdd08000000-7fdd08021000 rw-p 00000000 00:00 0 
7fdd08021000-7fdd0c000000 ---p 00000000 00:00 0 
7fdd0c000000-7fdd0c1de000 rw-p 00000000 00:00 0 
7fdd0c1de000-7fdd10000000 ---p 00000000 00:00 0 
7fdd10000000-7fdd10021000 rw-p 00000000 00:00 0 
7fdd10021000-7fdd14000000 ---p 00000000 00:00 0 
7fdd17200000-7fdd17fe7000 r--p 00000000 08:03 534858                     /usr/lib/locale/locale-archive
7fdd18000000-7fdd18021000 rw-p 00000000 00:00 0 
7fdd18021000-7fdd1c000000 ---p 00000000 00:00 0 
7fdd1c000000-7fdd1c021000 rw-p 00000000 00:00 0 
7fdd1c021000-7fdd20000000 ---p 00000000 00:00 0 
7fdd20000000-7fdd20021000 rw-p 00000000 00:00 0 
7fdd20021000-7fdd24000000 ---p 00000000 00:00 0 
7fdd24000000-7fdd24021000 rw-p 00000000 00:00 0 
7fdd24021000-7fdd28000000 ---p 00000000 00:00 0 
7fdd28000000-7fdd28021000 rw-p 00000000 00:00 0 
7fdd28021000-7fdd2c000000 ---p 00000000 00:00 0 
7fdd2c000000-7fdd2c021000 rw-p 00000000 00:00 0 
7fdd2c021000-7fdd30000000 ---p 00000000 00:00 0 
7fdd30000000-7fdd30021000 rw-p 00000000 00:00 0 
7fdd30021000-7fdd34000000 ---p 00000000 00:00 0 
7fdd345b0000-7fdd34615000 r--p 00000000 08:03 1579540                    /home/doudou/.javacpp/cache/llvm-13.0.1-1.5.7-linux-x86_64.jar/org/bytedeco/llvm/linux-x86_64/libjniLLVM.so
7fdd34615000-7fdd34683000 r-xp 00065000 08:03 1579540                    /home/doudou/.javacpp/cache/llvm-13.0.1-1.5.7-linux-x86_64.jar/org/bytedeco/llvm/linux-x86_64/libjniLLVM.so
7fdd34683000-7fdd346ae000 r--p 000d3000 08:03 1579540                    /home/doudou/.javacpp/cache/llvm-13.0.1-1.5.7-linux-x86_64.jar/org/bytedeco/llvm/linux-x86_64/libjniLLVM.so
7fdd346ae000-7fdd346b1000 r--p 000fd000 08:03 1579540                    /home/doudou/.javacpp/cache/llvm-13.0.1-1.5.7-linux-x86_64.jar/org/bytedeco/llvm/linux-x86_64/libjniLLVM.so
7fdd346b1000-7fdd346b4000 rw-p 00100000 08:03 1579540                    /home/doudou/.javacpp/cache/llvm-13.0.1-1.5.7-linux-x86_64.jar/org/bytedeco/llvm/linux-x86_64/libjniLLVM.so
7fdd346b4000-7fdd346b6000 rw-p 00000000 00:00 0 
7fdd346b6000-7fdd346b7000 ---p 00000000 00:00 0 
7fdd346b7000-7fdd347b8000 rw-p 00000000 00:00 0 
7fdd347b8000-7fdd347bc000 ---p 00000000 00:00 0 
7fdd347bc000-7fdd34eb8000 rw-p 00000000 00:00 0 
7fdd34eb8000-7fdd350b8000 ---p 00000000 00:00 0 
7fdd350b8000-7fdd371b0000 rw-p 00000000 00:00 0 
7fdd371b0000-7fdd37ff8000 ---p 00000000 00:00 0 
7fdd37ff8000-7fdd38000000 rw-p 00000000 00:00 0 
7fdd38000000-7fdd38021000 rw-p 00000000 00:00 0 
7fdd38021000-7fdd3c000000 ---p 00000000 00:00 0 
7fdd3c0fe000-7fdd3c0ff000 ---p 00000000 00:00 0 
7fdd3c0ff000-7fdd3c200000 rw-p 00000000 00:00 0 
7fdd3c200000-7fdd3c204000 ---p 00000000 00:00 0 
7fdd3c204000-7fdd3c300000 rw-p 00000000 00:00 0 
7fdd3c300000-7fdd3c304000 ---p 00000000 00:00 0 
7fdd3c304000-7fdd3c400000 rw-p 00000000 00:00 0 
7fdd3c400000-7fdd3c404000 ---p 00000000 00:00 0 
7fdd3c404000-7fdd3c500000 rw-p 00000000 00:00 0 
7fdd3c500000-7fdd3c504000 ---p 00000000 00:00 0 
7fdd3c504000-7fdd3c600000 rw-p 00000000 00:00 0 
7fdd3c600000-7fdd3c870000 rwxp 00000000 00:00 0 
7fdd3c870000-7fdd3cb8f000 ---p 00000000 00:00 0 
7fdd3cb8f000-7fdd3cdff000 rwxp 00000000 00:00 0 
7fdd3cdff000-7fdd440c7000 ---p 00000000 00:00 0 
7fdd440c7000-7fdd44337000 rwxp 00000000 00:00 0 
7fdd44337000-7fdd4b600000 ---p 00000000 00:00 0 
7fdd4b600000-7fdd53e0b000 r--s 00000000 08:03 1058832                    /usr/lib/jvm/java-11-openjdk-amd64/lib/modules
7fdd53f00000-7fdd53f04000 ---p 00000000 00:00 0 
7fdd53f04000-7fdd54000000 rw-p 00000000 00:00 0 
7fdd54000000-7fdd543a0000 rw-p 00000000 00:00 0 
7fdd543a0000-7fdd58000000 ---p 00000000 00:00 0 
7fdd58096000-7fdd5809a000 ---p 00000000 00:00 0 
7fdd5809a000-7fdd58196000 rw-p 00000000 00:00 0 
7fdd58196000-7fdd5819a000 ---p 00000000 00:00 0 
7fdd5819a000-7fdd58296000 rw-p 00000000 00:00 0 
7fdd58296000-7fdd5829a000 ---p 00000000 00:00 0 
7fdd5829a000-7fdd58396000 rw-p 00000000 00:00 0 
7fdd58396000-7fdd5839a000 ---p 00000000 00:00 0 
7fdd5839a000-7fdd58496000 rw-p 00000000 00:00 0 
7fdd58496000-7fdd58497000 ---p 00000000 00:00 0 
7fdd58497000-7fdd58619000 rw-p 00000000 00:00 0 
7fdd58619000-7fdd5861a000 ---p 00000000 00:00 0 
7fdd5861a000-7fdd5871b000 rw-p 00000000 00:00 0 
7fdd5871b000-7fdd5871c000 ---p 00000000 00:00 0 
7fdd5871c000-7fdd58a1f000 rw-p 00000000 00:00 0 
7fdd58a1f000-7fdd58a20000 ---p 00000000 00:00 0 
7fdd58a20000-7fdd58b21000 rw-p 00000000 00:00 0 
7fdd58b21000-7fdd58b22000 ---p 00000000 00:00 0 
7fdd58b22000-7fdd58d1b000 rw-p 00000000 00:00 0 
7fdd58d1b000-7fdd59b63000 ---p 00000000 00:00 0 
7fdd59b63000-7fdd59b8a000 rw-p 00000000 00:00 0 
7fdd59b8a000-7fdd59d53000 ---p 00000000 00:00 0 
7fdd59d53000-7fdd59d73000 rw-p 00000000 00:00 0 
7fdd59d73000-7fdd59f3c000 ---p 00000000 00:00 0 
7fdd59f3c000-7fdd59f5c000 rw-p 00000000 00:00 0 
7fdd59f5c000-7fdd5a125000 ---p 00000000 00:00 0 
7fdd5a125000-7fdd5a328000 rw-p 00000000 00:00 0 
7fdd5a328000-7fdd5a329000 ---p 00000000 00:00 0 
7fdd5a329000-7fdd5a42f000 rw-p 00000000 00:00 0 
7fdd5a42f000-7fdd5a515000 ---p 00000000 00:00 0 
7fdd5a515000-7fdd5a51a000 rw-p 00000000 00:00 0 
7fdd5a51a000-7fdd5a600000 ---p 00000000 00:00 0 
7fdd5a600000-7fdd5a69a000 r--p 00000000 08:03 552221                     /usr/lib/x86_64-linux-gnu/libstdc++.so.6.0.30
7fdd5a69a000-7fdd5a7aa000 r-xp 0009a000 08:03 552221                     /usr/lib/x86_64-linux-gnu/libstdc++.so.6.0.30
7fdd5a7aa000-7fdd5a819000 r--p 001aa000 08:03 552221                     /usr/lib/x86_64-linux-gnu/libstdc++.so.6.0.30
7fdd5a819000-7fdd5a824000 r--p 00218000 08:03 552221                     /usr/lib/x86_64-linux-gnu/libstdc++.so.6.0.30
7fdd5a824000-7fdd5a827000 rw-p 00223000 08:03 552221                     /usr/lib/x86_64-linux-gnu/libstdc++.so.6.0.30
7fdd5a827000-7fdd5a82a000 rw-p 00000000 00:00 0 
7fdd5a8a5000-7fdd5a900000 rw-p 00000000 00:00 0 
7fdd5a900000-7fdd5a904000 ---p 00000000 00:00 0 
7fdd5a904000-7fdd5aa00000 rw-p 00000000 00:00 0 
7fdd5aa00000-7fdd5ac82000 r--p 00000000 08:03 1058837                    /usr/lib/jvm/java-11-openjdk-amd64/lib/server/libjvm.so
7fdd5ac82000-7fdd5b91e000 r-xp 00282000 08:03 1058837                    /usr/lib/jvm/java-11-openjdk-amd64/lib/server/libjvm.so
7fdd5b91e000-7fdd5bb79000 r--p 00f1e000 08:03 1058837                    /usr/lib/jvm/java-11-openjdk-amd64/lib/server/libjvm.so
7fdd5bb79000-7fdd5bb7a000 ---p 01179000 08:03 1058837                    /usr/lib/jvm/java-11-openjdk-amd64/lib/server/libjvm.so
7fdd5bb7a000-7fdd5bc3e000 r--p 01179000 08:03 1058837                    /usr/lib/jvm/java-11-openjdk-amd64/lib/server/libjvm.so
7fdd5bc3e000-7fdd5bc79000 rw-p 0123d000 08:03 1058837                    /usr/lib/jvm/java-11-openjdk-amd64/lib/server/libjvm.so
7fdd5bc79000-7fdd5bcd0000 rw-p 00000000 00:00 0 
7fdd5bcd7000-7fdd5bcde000 r--p 00000000 08:03 1579536                    /home/doudou/.javacpp/cache/llvm-13.0.1-1.5.7-linux-x86_64.jar/org/bytedeco/llvm/linux-x86_64/libLTO.so.13
7fdd5bcde000-7fdd5bce6000 r-xp 00007000 08:03 1579536                    /home/doudou/.javacpp/cache/llvm-13.0.1-1.5.7-linux-x86_64.jar/org/bytedeco/llvm/linux-x86_64/libLTO.so.13
7fdd5bce6000-7fdd5bce8000 r--p 0000f000 08:03 1579536                    /home/doudou/.javacpp/cache/llvm-13.0.1-1.5.7-linux-x86_64.jar/org/bytedeco/llvm/linux-x86_64/libLTO.so.13
7fdd5bce8000-7fdd5bce9000 r--p 00010000 08:03 1579536                    /home/doudou/.javacpp/cache/llvm-13.0.1-1.5.7-linux-x86_64.jar/org/bytedeco/llvm/linux-x86_64/libLTO.so.13
7fdd5bce9000-7fdd5bcea000 rw-p 00011000 08:03 1579536                    /home/doudou/.javacpp/cache/llvm-13.0.1-1.5.7-linux-x86_64.jar/org/bytedeco/llvm/linux-x86_64/libLTO.so.13
7fdd5bcea000-7fdd5bceb000 r--p 00000000 08:03 551276                     /usr/lib/x86_64-linux-gnu/libdl.so.2
7fdd5bceb000-7fdd5bcec000 r-xp 00001000 08:03 551276                     /usr/lib/x86_64-linux-gnu/libdl.so.2
7fdd5bcec000-7fdd5bced000 r--p 00002000 08:03 551276                     /usr/lib/x86_64-linux-gnu/libdl.so.2
7fdd5bced000-7fdd5bcee000 r--p 00002000 08:03 551276                     /usr/lib/x86_64-linux-gnu/libdl.so.2
7fdd5bcee000-7fdd5bcef000 rw-p 00003000 08:03 551276                     /usr/lib/x86_64-linux-gnu/libdl.so.2
7fdd5bcef000-7fdd5bcf0000 r--p 00000000 08:03 552054                     /usr/lib/x86_64-linux-gnu/libpthread.so.0
7fdd5bcf0000-7fdd5bcf1000 r-xp 00001000 08:03 552054                     /usr/lib/x86_64-linux-gnu/libpthread.so.0
7fdd5bcf1000-7fdd5bcf2000 r--p 00002000 08:03 552054                     /usr/lib/x86_64-linux-gnu/libpthread.so.0
7fdd5bcf2000-7fdd5bcf3000 r--p 00002000 08:03 552054                     /usr/lib/x86_64-linux-gnu/libpthread.so.0
7fdd5bcf3000-7fdd5bcf4000 rw-p 00003000 08:03 552054                     /usr/lib/x86_64-linux-gnu/libpthread.so.0
7fdd5bcf7000-7fdd5bcfe000 r--s 00000000 08:03 553557                     /usr/lib/x86_64-linux-gnu/gconv/gconv-modules.cache
7fdd5bcfe000-7fdd5bcff000 r--p 00000000 08:03 1579538                    /home/doudou/.javacpp/cache/llvm-13.0.1-1.5.7-linux-x86_64.jar/org/bytedeco/llvm/linux-x86_64/libRemarks.so.13
7fdd5bcff000-7fdd5bd00000 r-xp 00001000 08:03 1579538                    /home/doudou/.javacpp/cache/llvm-13.0.1-1.5.7-linux-x86_64.jar/org/bytedeco/llvm/linux-x86_64/libRemarks.so.13
7fdd5bd00000-7fdd5bd01000 r--p 00002000 08:03 1579538                    /home/doudou/.javacpp/cache/llvm-13.0.1-1.5.7-linux-x86_64.jar/org/bytedeco/llvm/linux-x86_64/libRemarks.so.13
7fdd5bd01000-7fdd5bd02000 r--p 00002000 08:03 1579538                    /home/doudou/.javacpp/cache/llvm-13.0.1-1.5.7-linux-x86_64.jar/org/bytedeco/llvm/linux-x86_64/libRemarks.so.13
7fdd5bd02000-7fdd5bd03000 rw-p 00003000 08:03 1579538                    /home/doudou/.javacpp/cache/llvm-13.0.1-1.5.7-linux-x86_64.jar/org/bytedeco/llvm/linux-x86_64/libRemarks.so.13
7fdd5bd03000-7fdd5bd07000 r--p 00000000 08:03 1579530                    /home/doudou/.javacpp/cache/javacpp-1.5.7-linux-x86_64.jar/org/bytedeco/javacpp/linux-x86_64/libjnijavacpp.so
7fdd5bd07000-7fdd5bd0e000 r-xp 00004000 08:03 1579530                    /home/doudou/.javacpp/cache/javacpp-1.5.7-linux-x86_64.jar/org/bytedeco/javacpp/linux-x86_64/libjnijavacpp.so
7fdd5bd0e000-7fdd5bd12000 r--p 0000b000 08:03 1579530                    /home/doudou/.javacpp/cache/javacpp-1.5.7-linux-x86_64.jar/org/bytedeco/javacpp/linux-x86_64/libjnijavacpp.so
7fdd5bd12000-7fdd5bd13000 r--p 0000e000 08:03 1579530                    /home/doudou/.javacpp/cache/javacpp-1.5.7-linux-x86_64.jar/org/bytedeco/javacpp/linux-x86_64/libjnijavacpp.so
7fdd5bd13000-7fdd5bd14000 rw-p 0000f000 08:03 1579530                    /home/doudou/.javacpp/cache/javacpp-1.5.7-linux-x86_64.jar/org/bytedeco/javacpp/linux-x86_64/libjnijavacpp.so
7fdd5bd14000-7fdd5bd15000 r--p 00000000 08:03 1058804                    /usr/lib/jvm/java-11-openjdk-amd64/lib/libextnet.so
7fdd5bd15000-7fdd5bd16000 r-xp 00001000 08:03 1058804                    /usr/lib/jvm/java-11-openjdk-amd64/lib/libextnet.so
7fdd5bd16000-7fdd5bd17000 r--p 00002000 08:03 1058804                    /usr/lib/jvm/java-11-openjdk-amd64/lib/libextnet.so
7fdd5bd17000-7fdd5bd18000 r--p 00002000 08:03 1058804                    /usr/lib/jvm/java-11-openjdk-amd64/lib/libextnet.so
7fdd5bd18000-7fdd5bd19000 rw-p 00003000 08:03 1058804                    /usr/lib/jvm/java-11-openjdk-amd64/lib/libextnet.so
7fdd5bd19000-7fdd5bd27000 r--p 00000000 08:03 551785                     /usr/lib/x86_64-linux-gnu/libm.so.6
7fdd5bd27000-7fdd5bda3000 r-xp 0000e000 08:03 551785                     /usr/lib/x86_64-linux-gnu/libm.so.6
7fdd5bda3000-7fdd5bdfe000 r--p 0008a000 08:03 551785                     /usr/lib/x86_64-linux-gnu/libm.so.6
7fdd5bdfe000-7fdd5bdff000 r--p 000e4000 08:03 551785                     /usr/lib/x86_64-linux-gnu/libm.so.6
7fdd5bdff000-7fdd5be00000 rw-p 000e5000 08:03 551785                     /usr/lib/x86_64-linux-gnu/libm.so.6
7fdd5be00000-7fdd5be28000 r--p 00000000 08:03 551134                     /usr/lib/x86_64-linux-gnu/libc.so.6
7fdd5be28000-7fdd5bfbd000 r-xp 00028000 08:03 551134                     /usr/lib/x86_64-linux-gnu/libc.so.6
7fdd5bfbd000-7fdd5c015000 r--p 001bd000 08:03 551134                     /usr/lib/x86_64-linux-gnu/libc.so.6
7fdd5c015000-7fdd5c019000 r--p 00214000 08:03 551134                     /usr/lib/x86_64-linux-gnu/libc.so.6
7fdd5c019000-7fdd5c01b000 rw-p 00218000 08:03 551134                     /usr/lib/x86_64-linux-gnu/libc.so.6
7fdd5c01b000-7fdd5c028000 rw-p 00000000 00:00 0 
7fdd5c028000-7fdd5c02c000 r--p 00000000 08:03 1058822                    /usr/lib/jvm/java-11-openjdk-amd64/lib/libnet.so
7fdd5c02c000-7fdd5c03a000 r-xp 00004000 08:03 1058822                    /usr/lib/jvm/java-11-openjdk-amd64/lib/libnet.so
7fdd5c03a000-7fdd5c03e000 r--p 00012000 08:03 1058822                    /usr/lib/jvm/java-11-openjdk-amd64/lib/libnet.so
7fdd5c03e000-7fdd5c03f000 r--p 00015000 08:03 1058822                    /usr/lib/jvm/java-11-openjdk-amd64/lib/libnet.so
7fdd5c03f000-7fdd5c040000 rw-p 00016000 08:03 1058822                    /usr/lib/jvm/java-11-openjdk-amd64/lib/libnet.so
7fdd5c040000-7fdd5c047000 r--p 00000000 08:03 1058823                    /usr/lib/jvm/java-11-openjdk-amd64/lib/libnio.so
7fdd5c047000-7fdd5c04f000 r-xp 00007000 08:03 1058823                    /usr/lib/jvm/java-11-openjdk-amd64/lib/libnio.so
7fdd5c04f000-7fdd5c052000 r--p 0000f000 08:03 1058823                    /usr/lib/jvm/java-11-openjdk-amd64/lib/libnio.so
7fdd5c052000-7fdd5c053000 r--p 00011000 08:03 1058823                    /usr/lib/jvm/java-11-openjdk-amd64/lib/libnio.so
7fdd5c053000-7fdd5c054000 rw-p 00012000 08:03 1058823                    /usr/lib/jvm/java-11-openjdk-amd64/lib/libnio.so
7fdd5c054000-7fdd5c07a000 rw-p 00000000 00:00 0 
7fdd5c07a000-7fdd5c081000 ---p 00000000 00:00 0 
7fdd5c081000-7fdd5c083000 r--p 00000000 08:03 1058831                    /usr/lib/jvm/java-11-openjdk-amd64/lib/libzip.so
7fdd5c083000-7fdd5c088000 r-xp 00002000 08:03 1058831                    /usr/lib/jvm/java-11-openjdk-amd64/lib/libzip.so
7fdd5c088000-7fdd5c08a000 r--p 00007000 08:03 1058831                    /usr/lib/jvm/java-11-openjdk-amd64/lib/libzip.so
7fdd5c08a000-7fdd5c08b000 r--p 00008000 08:03 1058831                    /usr/lib/jvm/java-11-openjdk-amd64/lib/libzip.so
7fdd5c08b000-7fdd5c08c000 rw-p 00009000 08:03 1058831                    /usr/lib/jvm/java-11-openjdk-amd64/lib/libzip.so
7fdd5c08c000-7fdd5c094000 rw-s 00000000 08:03 262226                     /tmp/hsperfdata_doudou/9453
7fdd5c094000-7fdd5c096000 r--p 00000000 08:03 1058806                    /usr/lib/jvm/java-11-openjdk-amd64/lib/libinstrument.so
7fdd5c096000-7fdd5c09d000 r-xp 00002000 08:03 1058806                    /usr/lib/jvm/java-11-openjdk-amd64/lib/libinstrument.so
7fdd5c09d000-7fdd5c0a0000 r--p 00009000 08:03 1058806                    /usr/lib/jvm/java-11-openjdk-amd64/lib/libinstrument.so
7fdd5c0a0000-7fdd5c0a1000 r--p 0000b000 08:03 1058806                    /usr/lib/jvm/java-11-openjdk-amd64/lib/libinstrument.so
7fdd5c0a1000-7fdd5c0a2000 rw-p 0000c000 08:03 1058806                    /usr/lib/jvm/java-11-openjdk-amd64/lib/libinstrument.so
7fdd5c0a2000-7fdd5c0b0000 r--p 00000000 08:03 1058811                    /usr/lib/jvm/java-11-openjdk-amd64/lib/libjava.so
7fdd5c0b0000-7fdd5c0c6000 r-xp 0000e000 08:03 1058811                    /usr/lib/jvm/java-11-openjdk-amd64/lib/libjava.so
7fdd5c0c6000-7fdd5c0cd000 r--p 00024000 08:03 1058811                    /usr/lib/jvm/java-11-openjdk-amd64/lib/libjava.so
7fdd5c0cd000-7fdd5c0ce000 r--p 0002a000 08:03 1058811                    /usr/lib/jvm/java-11-openjdk-amd64/lib/libjava.so
7fdd5c0ce000-7fdd5c0cf000 rw-p 0002b000 08:03 1058811                    /usr/lib/jvm/java-11-openjdk-amd64/lib/libjava.so
7fdd5c0cf000-7fdd5c0d0000 rw-p 00000000 00:00 0 
7fdd5c0d0000-7fdd5c0d5000 r--p 00000000 08:03 1058830                    /usr/lib/jvm/java-11-openjdk-amd64/lib/libverify.so
7fdd5c0d5000-7fdd5c0dc000 r-xp 00005000 08:03 1058830                    /usr/lib/jvm/java-11-openjdk-amd64/lib/libverify.so
7fdd5c0dc000-7fdd5c0de000 r--p 0000c000 08:03 1058830                    /usr/lib/jvm/java-11-openjdk-amd64/lib/libverify.so
7fdd5c0de000-7fdd5c0e0000 r--p 0000d000 08:03 1058830                    /usr/lib/jvm/java-11-openjdk-amd64/lib/libverify.so
7fdd5c0e0000-7fdd5c0e1000 rw-p 0000f000 08:03 1058830                    /usr/lib/jvm/java-11-openjdk-amd64/lib/libverify.so
7fdd5c0e1000-7fdd5c0e2000 r--p 00000000 08:03 552110                     /usr/lib/x86_64-linux-gnu/librt.so.1
7fdd5c0e2000-7fdd5c0e3000 r-xp 00001000 08:03 552110                     /usr/lib/x86_64-linux-gnu/librt.so.1
7fdd5c0e3000-7fdd5c0e4000 r--p 00002000 08:03 552110                     /usr/lib/x86_64-linux-gnu/librt.so.1
7fdd5c0e4000-7fdd5c0e5000 r--p 00002000 08:03 552110                     /usr/lib/x86_64-linux-gnu/librt.so.1
7fdd5c0e5000-7fdd5c0e6000 rw-p 00003000 08:03 552110                     /usr/lib/x86_64-linux-gnu/librt.so.1
7fdd5c0e6000-7fdd5c0e9000 r--p 00000000 08:03 551433                     /usr/lib/x86_64-linux-gnu/libgcc_s.so.1
7fdd5c0e9000-7fdd5c100000 r-xp 00003000 08:03 551433                     /usr/lib/x86_64-linux-gnu/libgcc_s.so.1
7fdd5c100000-7fdd5c104000 r--p 0001a000 08:03 551433                     /usr/lib/x86_64-linux-gnu/libgcc_s.so.1
7fdd5c104000-7fdd5c105000 r--p 0001d000 08:03 551433                     /usr/lib/x86_64-linux-gnu/libgcc_s.so.1
7fdd5c105000-7fdd5c106000 rw-p 0001e000 08:03 551433                     /usr/lib/x86_64-linux-gnu/libgcc_s.so.1
7fdd5c106000-7fdd5c108000 rw-p 00000000 00:00 0 
7fdd5c108000-7fdd5c10a000 r--p 00000000 08:03 552488                     /usr/lib/x86_64-linux-gnu/libz.so.1.2.11
7fdd5c10a000-7fdd5c11b000 r-xp 00002000 08:03 552488                     /usr/lib/x86_64-linux-gnu/libz.so.1.2.11
7fdd5c11b000-7fdd5c121000 r--p 00013000 08:03 552488                     /usr/lib/x86_64-linux-gnu/libz.so.1.2.11
7fdd5c121000-7fdd5c122000 ---p 00019000 08:03 552488                     /usr/lib/x86_64-linux-gnu/libz.so.1.2.11
7fdd5c122000-7fdd5c123000 r--p 00019000 08:03 552488                     /usr/lib/x86_64-linux-gnu/libz.so.1.2.11
7fdd5c123000-7fdd5c124000 rw-p 0001a000 08:03 552488                     /usr/lib/x86_64-linux-gnu/libz.so.1.2.11
7fdd5c128000-7fdd5c129000 ---p 00000000 00:00 0 
7fdd5c129000-7fdd5c12a000 r--p 00000000 00:00 0 
7fdd5c12a000-7fdd5c12c000 r--p 00000000 08:03 1058814                    /usr/lib/jvm/java-11-openjdk-amd64/lib/libjimage.so
7fdd5c12c000-7fdd5c12f000 r-xp 00002000 08:03 1058814                    /usr/lib/jvm/java-11-openjdk-amd64/lib/libjimage.so
7fdd5c12f000-7fdd5c130000 r--p 00005000 08:03 1058814                    /usr/lib/jvm/java-11-openjdk-amd64/lib/libjimage.so
7fdd5c130000-7fdd5c131000 ---p 00006000 08:03 1058814                    /usr/lib/jvm/java-11-openjdk-amd64/lib/libjimage.so
7fdd5c131000-7fdd5c132000 r--p 00006000 08:03 1058814                    /usr/lib/jvm/java-11-openjdk-amd64/lib/libjimage.so
7fdd5c132000-7fdd5c133000 rw-p 00007000 08:03 1058814                    /usr/lib/jvm/java-11-openjdk-amd64/lib/libjimage.so
7fdd5c133000-7fdd5c136000 r--p 00000000 08:03 1058796                    /usr/lib/jvm/java-11-openjdk-amd64/lib/jli/libjli.so
7fdd5c136000-7fdd5c140000 r-xp 00003000 08:03 1058796                    /usr/lib/jvm/java-11-openjdk-amd64/lib/jli/libjli.so
7fdd5c140000-7fdd5c143000 r--p 0000d000 08:03 1058796                    /usr/lib/jvm/java-11-openjdk-amd64/lib/jli/libjli.so
7fdd5c143000-7fdd5c144000 ---p 00010000 08:03 1058796                    /usr/lib/jvm/java-11-openjdk-amd64/lib/jli/libjli.so
7fdd5c144000-7fdd5c145000 r--p 00010000 08:03 1058796                    /usr/lib/jvm/java-11-openjdk-amd64/lib/jli/libjli.so
7fdd5c145000-7fdd5c146000 rw-p 00011000 08:03 1058796                    /usr/lib/jvm/java-11-openjdk-amd64/lib/jli/libjli.so
7fdd5c146000-7fdd5c148000 rw-p 00000000 00:00 0 
7fdd5c148000-7fdd5c14a000 r--p 00000000 08:03 550792                     /usr/lib/x86_64-linux-gnu/ld-linux-x86-64.so.2
7fdd5c14a000-7fdd5c174000 r-xp 00002000 08:03 550792                     /usr/lib/x86_64-linux-gnu/ld-linux-x86-64.so.2
7fdd5c174000-7fdd5c17f000 r--p 0002c000 08:03 550792                     /usr/lib/x86_64-linux-gnu/ld-linux-x86-64.so.2
7fdd5c180000-7fdd5c182000 r--p 00037000 08:03 550792                     /usr/lib/x86_64-linux-gnu/ld-linux-x86-64.so.2
7fdd5c182000-7fdd5c184000 rw-p 00039000 08:03 550792                     /usr/lib/x86_64-linux-gnu/ld-linux-x86-64.so.2
7ffc547eb000-7ffc5480c000 rw-p 00000000 00:00 0                          [stack]
7ffc5482a000-7ffc5482e000 r--p 00000000 00:00 0                          [vvar]
7ffc5482e000-7ffc54830000 r-xp 00000000 00:00 0                          [vdso]
ffffffffff600000-ffffffffff601000 --xp 00000000 00:00 0                  [vsyscall]


VM Arguments:
jvm_args: -javaagent:/snap/intellij-idea-ultimate/437/lib/idea_rt.jar=43893:/snap/intellij-idea-ultimate/437/bin -Dfile.encoding=UTF-8 
java_command: Main /home/doudou/lab/Lab/tests/test1.sysy /home/doudou/lab/Lab/tests/out.txt
java_class_path (initial): /home/doudou/lab/Lab/out/production/Lab:/usr/local/lib/antlr-4.9.1-complete.jar:/usr/local/lib/javacpp-1.5.7-linux-x86_64.jar:/usr/local/lib/javacpp-1.5.7.jar:/usr/local/lib/llvm-13.0.1-1.5.7-linux-x86_64.jar:/usr/local/lib/llvm-13.0.1-1.5.7.jar:/usr/local/lib/llvm-platform-13.0.1-1.5.7.jar
Launcher Type: SUN_STANDARD

[Global flags]
     intx CICompilerCount                          = 2                                         {product} {ergonomic}
     uint ConcGCThreads                            = 1                                         {product} {ergonomic}
     uint G1ConcRefinementThreads                  = 2                                         {product} {ergonomic}
   size_t G1HeapRegionSize                         = 1048576                                   {product} {ergonomic}
    uintx GCDrainStackTargetSize                   = 64                                        {product} {ergonomic}
   size_t InitialHeapSize                          = 65011712                                  {product} {ergonomic}
   size_t MarkStackSize                            = 4194304                                   {product} {ergonomic}
   size_t MaxHeapSize                              = 1025507328                                {product} {ergonomic}
   size_t MaxNewSize                               = 614465536                                 {product} {ergonomic}
   size_t MinHeapDeltaBytes                        = 1048576                                   {product} {ergonomic}
    uintx NonNMethodCodeHeapSize                   = 5825164                                {pd product} {ergonomic}
    uintx NonProfiledCodeHeapSize                  = 122916538                              {pd product} {ergonomic}
    uintx ProfiledCodeHeapSize                     = 122916538                              {pd product} {ergonomic}
    uintx ReservedCodeCacheSize                    = 251658240                              {pd product} {ergonomic}
     bool SegmentedCodeCache                       = true                                      {product} {ergonomic}
     bool UseCompressedClassPointers               = true                                 {lp64_product} {ergonomic}
     bool UseCompressedOops                        = true                                 {lp64_product} {ergonomic}
     bool UseG1GC                                  = true                                      {product} {ergonomic}

Logging:
Log output configuration:
 #0: stdout all=warning uptime,level,tags
 #1: stderr all=off uptime,level,tags

Environment Variables:
PATH=/usr/local/sbin:/usr/local/bin:/usr/sbin:/usr/bin:/sbin:/bin:/usr/games:/usr/local/games:/snap/bin:/snap/bin
USERNAME=doudou
SHELL=/bin/bash
DISPLAY=:0
LANG=en_US.UTF-8
LC_NUMERIC=zh_CN.UTF-8
LC_TIME=zh_CN.UTF-8

Signal Handlers:
SIGSEGV: [libjvm.so+0xeabd80], sa_mask[0]=11111111011111111101111111111110, sa_flags=SA_RESTART|SA_SIGINFO
SIGBUS: [libjvm.so+0xeabd80], sa_mask[0]=11111111011111111101111111111110, sa_flags=SA_RESTART|SA_SIGINFO
SIGFPE: [libjvm.so+0xeabd80], sa_mask[0]=11111111011111111101111111111110, sa_flags=SA_RESTART|SA_SIGINFO
SIGPIPE: [libjvm.so+0xbee610], sa_mask[0]=11111111011111111101111111111110, sa_flags=SA_RESTART|SA_SIGINFO
SIGXFSZ: [libjvm.so+0xbee610], sa_mask[0]=11111111011111111101111111111110, sa_flags=SA_RESTART|SA_SIGINFO
SIGILL: [libjvm.so+0xeabd80], sa_mask[0]=11111111011111111101111111111110, sa_flags=SA_RESTART|SA_SIGINFO
SIGUSR2: [libjvm.so+0xbee4b0], sa_mask[0]=00100000000000000000000000000000, sa_flags=SA_RESTART|SA_SIGINFO
SIGHUP: [libjvm.so+0xbeec50], sa_mask[0]=11111111011111111101111111111110, sa_flags=SA_RESTART|SA_SIGINFO
SIGINT: [libjvm.so+0xbeec50], sa_mask[0]=11111111011111111101111111111110, sa_flags=SA_RESTART|SA_SIGINFO
SIGTERM: [libjvm.so+0xbeec50], sa_mask[0]=11111111011111111101111111111110, sa_flags=SA_RESTART|SA_SIGINFO
SIGQUIT: [libjvm.so+0xbeec50], sa_mask[0]=11111111011111111101111111111110, sa_flags=SA_RESTART|SA_SIGINFO


---------------  S Y S T E M  ---------------

OS:DISTRIB_ID=Ubuntu
DISTRIB_RELEASE=22.04
DISTRIB_CODENAME=jammy
DISTRIB_DESCRIPTION="Ubuntu 22.04.2 LTS"
uname:Linux 5.19.0-45-generic #46~22.04.1-Ubuntu SMP PREEMPT_DYNAMIC Wed Jun 7 15:06:04 UTC 20 x86_64
OS uptime: 0 days 7:45 hours
libc:glibc 2.35 NPTL 2.35 
rlimit (soft/hard): STACK 8192k/infinity , CORE 0k/infinity , NPROC 15333/15333 , NOFILE 1048576/1048576 , AS infinity/infinity , CPU infinity/infinity , DATA infinity/infinity , FSIZE infinity/infinity , MEMLOCK 500652k/500652k
load average:0.73 0.86 0.83

/proc/meminfo:
MemTotal:        4005236 kB
MemFree:          223876 kB
MemAvailable:     631752 kB
Buffers:           20432 kB
Cached:           562068 kB
SwapCached:        21792 kB
Active:          1541728 kB
Inactive:        1374620 kB
Active(anon):    1196348 kB
Inactive(anon):  1149484 kB
Active(file):     345380 kB
Inactive(file):   225136 kB
Unevictable:           0 kB
Mlocked:               0 kB
SwapTotal:       3512316 kB
SwapFree:        2475936 kB
Zswap:                 0 kB
Zswapped:              0 kB
Dirty:               668 kB
Writeback:             0 kB
AnonPages:       2324252 kB
Mapped:           180464 kB
Shmem:             13276 kB
KReclaimable:      83916 kB
Slab:             218540 kB
SReclaimable:      83916 kB
SUnreclaim:       134624 kB
KernelStack:       10576 kB
PageTables:        25220 kB
NFS_Unstable:          0 kB
Bounce:                0 kB
WritebackTmp:          0 kB
CommitLimit:     5514932 kB
Committed_AS:    5782328 kB
VmallocTotal:   34359738367 kB
VmallocUsed:       45880 kB
VmallocChunk:          0 kB
Percpu:             2216 kB
HardwareCorrupted:     0 kB
AnonHugePages:         0 kB
ShmemHugePages:        0 kB
ShmemPmdMapped:        0 kB
FileHugePages:         0 kB
FilePmdMapped:         0 kB
HugePages_Total:       0
HugePages_Free:        0
HugePages_Rsvd:        0
HugePages_Surp:        0
Hugepagesize:       2048 kB
Hugetlb:               0 kB
DirectMap4k:      184128 kB
DirectMap2M:     4009984 kB
DirectMap1G:     2097152 kB

/sys/kernel/mm/transparent_hugepage/enabled:
always [madvise] never
/sys/kernel/mm/transparent_hugepage/defrag (defrag/compaction efforts parameter):
always defer defer+madvise [madvise] never

Process Memory:
Virtual Size: 3684896K (peak: 12384612K)
Resident Set Size: 94128K (peak: 94128K) (anon: 36780K, file: 57348K, shmem: 0K)
Swapped out: 0K
C-Heap outstanding allocations: 14693K, retained: 2362K
glibc malloc tunables: (default)

/proc/sys/kernel/threads-max (system-wide limit on the number of threads):
30667
/proc/sys/vm/max_map_count (maximum number of memory map areas a process may have):
65530
/proc/sys/kernel/pid_max (system-wide limit on number of process identifiers):
4194304

container (cgroup) information:
container_type: cgroupv2
cpu_cpuset_cpus: not supported
cpu_memory_nodes: not supported
active_processor_count: 2
cpu_quota: not supported
cpu_period: not supported
cpu_shares: not supported
memory_limit_in_bytes: unlimited
memory_and_swap_limit_in_bytes: unlimited
memory_soft_limit_in_bytes: unlimited
memory_usage_in_bytes: 2146136 k
memory_max_usage_in_bytes: not supported
memory_swap_current_in_bytes: 692048 k
memory_swap_max_limit_in_bytes: unlimited
maximum number of tasks: 4600
current number of tasks: 132

VMWare virtualization detected
Steal ticks since vm start: 0
Steal ticks percentage since vm start:  0.000

CPU:total 2 (initial active 2) (1 cores per cpu, 1 threads per core) family 6 model 140 stepping 1 microcode 0xffffffff, cmov, cx8, fxsr, mmx, sse, sse2, sse3, ssse3, sse4.1, sse4.2, popcnt, avx, avx2, aes, clmul, erms, 3dnowpref, lzcnt, tsc, tscinvbit, bmi1, bmi2, adx, evex, sha, fma
CPU Model and flags from /proc/cpuinfo:
model name	: 11th Gen Intel(R) Core(TM) i7-1165G7 @ 2.80GHz
flags		: fpu vme de pse tsc msr pae mce cx8 apic sep mtrr pge mca cmov pat pse36 clflush mmx fxsr sse sse2 ss syscall nx pdpe1gb rdtscp lm constant_tsc arch_perfmon rep_good nopl xtopology tsc_reliable nonstop_tsc cpuid tsc_known_freq pni pclmulqdq ssse3 fma cx16 pcid sse4_1 sse4_2 x2apic movbe popcnt tsc_deadline_timer aes xsave avx f16c rdrand hypervisor lahf_lm abm 3dnowprefetch invpcid_single pti ssbd ibrs ibpb stibp fsgsbase tsc_adjust bmi1 avx2 smep bmi2 erms invpcid avx512f avx512dq rdseed adx smap avx512ifma clflushopt clwb avx512cd sha_ni avx512bw avx512vl xsaveopt xsavec xgetbv1 xsaves arat avx512vbmi umip avx512_vbmi2 gfni vaes vpclmulqdq avx512_vnni avx512_bitalg avx512_vpopcntdq rdpid fsrm avx512_vp2intersect flush_l1d arch_capabilities
Online cpus:
0-1
Offline cpus:

BIOS frequency limitation:
<Not Available>
Frequency switch latency (ns):
<Not Available>
Available cpu frequencies:
<Not Available>
Current governor:
<Not Available>
Core performance/turbo boost:
<Not Available>

Memory: 4k page, physical 4005236k(223876k free), swap 3512316k(2475936k free)

vm_info: OpenJDK 64-Bit Server VM (11.0.19+7-post-Ubuntu-0ubuntu122.04.1) for linux-amd64 JRE (11.0.19+7-post-Ubuntu-0ubuntu122.04.1), built on May 10 2023 00:54:00 by "unknown" with gcc 11.3.0

END.
