#
# A fatal error has been detected by the Java Runtime Environment:
#
#  SIGSEGV (0xb) at pc=0x00007f867202c882, pid=4393, tid=4394
#
# JRE version: OpenJDK Runtime Environment (11.0.19+7) (build 11.0.19+7-post-Ubuntu-0ubuntu122.04.1)
# Java VM: OpenJDK 64-Bit Server VM (11.0.19+7-post-Ubuntu-0ubuntu122.04.1, mixed mode, sharing, tiered, compressed oops, g1 gc, linux-amd64)
# Problematic frame:
# C  [libLLVM-13.so+0xc2c882]  LLVMBuildLoad+0x12
#
# Core dump will be written. Default location: Core dumps may be processed with "/usr/share/apport/apport -p%p -s%s -c%c -d%d -P%P -u%u -g%g -- %E" (or dumping to /home/doudou/lab/Lab/core.4393)
#
# If you would like to submit a bug report, please visit:
#   https://bugs.launchpad.net/ubuntu/+source/openjdk-lts
# The crash happened outside the Java Virtual Machine in native code.
# See problematic frame for where to report the bug.
#

---------------  S U M M A R Y ------------

Command Line: -agentlib:jdwp=transport=dt_socket,address=127.0.0.1:41095,suspend=y,server=n -javaagent:/snap/intellij-idea-ultimate/437/plugins/java/lib/rt/debugger-agent.jar -Dfile.encoding=UTF-8 Main /home/doudou/lab/Lab/tests/test1.sysy /home/doudou/lab/Lab/tests/out.txt

Host: 11th Gen Intel(R) Core(TM) i7-1165G7 @ 2.80GHz, 2 cores, 3G, Ubuntu 22.04.2 LTS
Time: Wed Jun 28 18:40:26 2023 CST elapsed time: 138.055992 seconds (0d 0h 2m 18s)

---------------  T H R E A D  ---------------

Current thread (0x00007f86d0019800):  JavaThread "main" [_thread_in_native, id=4394, stack(0x00007f86d4d00000,0x00007f86d4e00000)]

Stack: [0x00007f86d4d00000,0x00007f86d4e00000],  sp=0x00007f86d4dfde00,  free space=1015k
Native frames: (J=compiled Java code, A=aot compiled Java code, j=interpreted, Vv=VM code, C=native code)
C  [libLLVM-13.so+0xc2c882]  LLVMBuildLoad+0x12

Java frames: (J=compiled Java code, j=interpreted, Vv=VM code)
j  org.bytedeco.llvm.global.LLVM.LLVMBuildLoad(Lorg/bytedeco/llvm/LLVM/LLVMBuilderRef;Lorg/bytedeco/llvm/LLVM/LLVMValueRef;Ljava/lang/String;)Lorg/bytedeco/llvm/LLVM/LLVMValueRef;+0
j  SysYLlvmVisitor.visitExp(LSysYParser$ExpContext;)Lorg/bytedeco/llvm/LLVM/LLVMValueRef;+70
j  SysYLlvmVisitor.visitStmt(LSysYParser$StmtContext;)Lorg/bytedeco/llvm/LLVM/LLVMValueRef;+21
j  SysYLlvmVisitor.visitStmt(LSysYParser$StmtContext;)Ljava/lang/Object;+2
j  SysYParser$StmtContext.accept(Lorg/antlr/v4/runtime/tree/ParseTreeVisitor;)Ljava/lang/Object;+12
j  org.antlr.v4.runtime.tree.AbstractParseTreeVisitor.visitChildren(Lorg/antlr/v4/runtime/tree/RuleNode;)Ljava/lang/Object;+46
j  SysYParserBaseVisitor.visitBlockItem(LSysYParser$BlockItemContext;)Ljava/lang/Object;+2
j  SysYParser$BlockItemContext.accept(Lorg/antlr/v4/runtime/tree/ParseTreeVisitor;)Ljava/lang/Object;+12
j  org.antlr.v4.runtime.tree.AbstractParseTreeVisitor.visitChildren(Lorg/antlr/v4/runtime/tree/RuleNode;)Ljava/lang/Object;+46
j  SysYParserBaseVisitor.visitBlock(LSysYParser$BlockContext;)Ljava/lang/Object;+2
j  SysYParser$BlockContext.accept(Lorg/antlr/v4/runtime/tree/ParseTreeVisitor;)Ljava/lang/Object;+12
j  org.antlr.v4.runtime.tree.AbstractParseTreeVisitor.visit(Lorg/antlr/v4/runtime/tree/ParseTree;)Ljava/lang/Object;+2
j  SysYLlvmVisitor.visitFuncDef(LSysYParser$FuncDefContext;)Lorg/bytedeco/llvm/LLVM/LLVMValueRef;+552
j  SysYLlvmVisitor.visitCompUnit(LSysYParser$CompUnitContext;)Lorg/bytedeco/llvm/LLVM/LLVMValueRef;+1947
j  SysYLlvmVisitor.visitCompUnit(LSysYParser$CompUnitContext;)Ljava/lang/Object;+2
j  SysYParser$CompUnitContext.accept(Lorg/antlr/v4/runtime/tree/ParseTreeVisitor;)Ljava/lang/Object;+12
j  org.antlr.v4.runtime.tree.AbstractParseTreeVisitor.visitChildren(Lorg/antlr/v4/runtime/tree/RuleNode;)Ljava/lang/Object;+46
j  SysYParserBaseVisitor.visitProgram(LSysYParser$ProgramContext;)Ljava/lang/Object;+2
j  SysYParser$ProgramContext.accept(Lorg/antlr/v4/runtime/tree/ParseTreeVisitor;)Ljava/lang/Object;+12
j  org.antlr.v4.runtime.tree.AbstractParseTreeVisitor.visit(Lorg/antlr/v4/runtime/tree/ParseTree;)Ljava/lang/Object;+2
j  Main.main([Ljava/lang/String;)V+210
v  ~StubRoutines::call_stub

siginfo: si_signo: 11 (SIGSEGV), si_code: 1 (SEGV_MAPERR), si_addr: 0x0000000000000000

Register to memory mapping:

RAX=0x00007f86780098b0 points into unknown readable memory: 0x00007f8128400061 | 61 00 40 28 81 7f 00 00
RBX=0x0 is NULL
RCX=0x00007f86d0019861 points into unknown readable memory: af 08 d6 86 7f 00 00
RDX=0x00007f86780098b0 points into unknown readable memory: 0x00007f8128400061 | 61 00 40 28 81 7f 00 00
RSP=0x00007f86d4dfde00 is pointing into the stack for thread: 0x00007f86d0019800
RBP=0x00007f86d037d780 points into unknown readable memory: 0x00007f86d037d790 | 90 d7 37 d0 86 7f 00 00
RSI=0x0 is NULL
RDI=0x00007f86d037d780 points into unknown readable memory: 0x00007f86d037d790 | 90 d7 37 d0 86 7f 00 00
R8 =0x00000000c6330c70 points into unknown readable memory: 0x0000000000000061 | 61 00 00 00 00 00 00 00
R9 =0x0000000000000002 is an unknown value
R10=0x00000000000003d8 is an unknown value
R11=0x0 is NULL
R12=0x0 is NULL
R13=0x0 is NULL
R14=0x00007f86780098b0 points into unknown readable memory: 0x00007f8128400061 | 61 00 40 28 81 7f 00 00
R15=0x00007f86d0019800 is a thread


Registers:
RAX=0x00007f86780098b0, RBX=0x0000000000000000, RCX=0x00007f86d0019861, RDX=0x00007f86780098b0
RSP=0x00007f86d4dfde00, RBP=0x00007f86d037d780, RSI=0x0000000000000000, RDI=0x00007f86d037d780
R8 =0x00000000c6330c70, R9 =0x0000000000000002, R10=0x00000000000003d8, R11=0x0000000000000000
R12=0x0000000000000000, R13=0x0000000000000000, R14=0x00007f86780098b0, R15=0x00007f86d0019800
RIP=0x00007f867202c882, EFLAGS=0x0000000000010206, CSGSFS=0x002b000000000033, ERR=0x0000000000000004
  TRAPNO=0x000000000000000e

Top of Stack: (sp=0x00007f86d4dfde00)
0x00007f86d4dfde00:   00007f86d0019800 0000000000000000
0x00007f86d4dfde10:   00007f86d0019800 00007f86d0122470
0x00007f86d4dfde20:   0000000000000002 0000000000000001
0x00007f86d4dfde30:   00007f86780098b0 00007f86d0122470 

Instructions: (pc=0x00007f867202c882)
0x00007f867202c782:   89 c4 4c 8d 4c 24 40 e8 92 57 09 00 48 8b 7d 50
0x00007f867202c792:   48 8b 4d 30 4c 89 e6 48 8d 54 24 10 4c 8b 45 38
0x00007f867202c7a2:   48 8b 07 ff 50 10 48 8b 5d 00 8b 6d 08 5a 59 48
0x00007f867202c7b2:   c1 e5 04 48 01 dd 48 39 eb 74 1a 0f 1f 00 48 8b
0x00007f867202c7c2:   53 08 8b 33 4c 89 e7 48 83 c3 10 e8 6e 16 0e 00
0x00007f867202c7d2:   48 39 dd 75 e9 48 83 c4 68 4c 89 e0 5b 5d 41 5c
0x00007f867202c7e2:   41 5d 41 5e 41 5f c3 0f 1f 80 00 00 00 00 41 54
0x00007f867202c7f2:   b8 01 01 00 00 55 48 89 fd 48 89 f7 53 48 83 ec
0x00007f867202c802:   30 48 8b 75 30 66 89 44 24 20 e8 ef 24 09 00 48
0x00007f867202c812:   8b 7d 50 48 8b 4d 30 48 89 e2 49 89 c4 4c 8b 45
0x00007f867202c822:   38 48 8b 07 4c 89 e6 ff 50 10 48 8b 5d 00 8b 6d
0x00007f867202c832:   08 48 c1 e5 04 48 01 dd 48 39 eb 74 18 90 48 8b
0x00007f867202c842:   53 08 8b 33 4c 89 e7 48 83 c3 10 e8 ee 15 0e 00
0x00007f867202c852:   48 39 dd 75 e9 48 83 c4 30 4c 89 e0 5b 5d 41 5c
0x00007f867202c862:   c3 66 2e 0f 1f 84 00 00 00 00 00 0f 1f 00 41 56
0x00007f867202c872:   41 55 49 89 f5 41 54 55 48 89 fd 53 48 83 ec 60
0x00007f867202c882:   48 8b 06 80 3a 00 be 01 01 00 00 4c 8b 70 18 66
0x00007f867202c892:   89 74 24 20 74 09 48 89 14 24 c6 44 24 20 03 48
0x00007f867202c8a2:   8b 7d 30 e8 d6 15 fc ff 48 89 c7 e8 4e 47 0e 00
0x00007f867202c8b2:   4c 89 f6 48 89 c7 e8 b3 46 01 00 be 01 00 00 00
0x00007f867202c8c2:   bf 40 00 00 00 89 c3 b8 01 01 00 00 66 89 44 24
0x00007f867202c8d2:   50 e8 a8 0a 13 00 48 8d 4c 24 30 41 89 d9 45 31
0x00007f867202c8e2:   c0 48 83 ec 08 48 89 c7 4c 89 ea 4c 89 f6 6a 00
0x00007f867202c8f2:   49 89 c4 e8 26 5d 09 00 48 8b 7d 50 48 8b 4d 30
0x00007f867202c902:   4c 89 e6 48 8d 54 24 10 4c 8b 45 38 48 8b 07 ff
0x00007f867202c912:   50 10 48 8b 5d 00 8b 6d 08 5a 59 48 c1 e5 04 48
0x00007f867202c922:   01 dd 48 39 eb 74 1e 0f 1f 80 00 00 00 00 48 8b
0x00007f867202c932:   53 08 8b 33 4c 89 e7 48 83 c3 10 e8 fe 14 0e 00
0x00007f867202c942:   48 39 dd 75 e9 48 83 c4 60 4c 89 e0 5b 5d 41 5c
0x00007f867202c952:   41 5d 41 5e c3 66 0f 1f 84 00 00 00 00 00 41 56
0x00007f867202c962:   49 89 d6 41 55 49 89 f5 be 01 01 00 00 41 54 55
0x00007f867202c972:   48 89 fd 53 48 83 ec 60 80 39 00 66 89 74 24 20 


Stack slot to memory mapping:
stack at sp + 0 slots: 0x00007f86d0019800 is a thread
stack at sp + 1 slots: 0x0 is NULL
stack at sp + 2 slots: 0x00007f86d0019800 is a thread
stack at sp + 3 slots: 0x00007f86d0122470 points into unknown readable memory: 0x00000000c6330c60 | 60 0c 33 c6 00 00 00 00
stack at sp + 4 slots: 0x0000000000000002 is an unknown value
stack at sp + 5 slots: 0x0000000000000001 is an unknown value
stack at sp + 6 slots: 0x00007f86780098b0 points into unknown readable memory: 0x00007f8128400061 | 61 00 40 28 81 7f 00 00
stack at sp + 7 slots: 0x00007f86d0122470 points into unknown readable memory: 0x00000000c6330c60 | 60 0c 33 c6 00 00 00 00


---------------  P R O C E S S  ---------------

Threads class SMR info:
_java_thread_list=0x00007f8678007990, length=11, elements={
0x00007f86d0019800, 0x00007f86d0124000, 0x00007f86d0126000, 0x00007f86d012a800,
0x00007f86d012c800, 0x00007f86d012e800, 0x00007f86d0130800, 0x00007f86d0132800,
0x00007f86d0141000, 0x00007f86d018e000, 0x00007f86d0212000
}

Java Threads: ( => current thread )
=>0x00007f86d0019800 JavaThread "main" [_thread_in_native, id=4394, stack(0x00007f86d4d00000,0x00007f86d4e00000)]
  0x00007f86d0124000 JavaThread "Reference Handler" daemon [_thread_blocked, id=4401, stack(0x00007f86b49e5000,0x00007f86b4ae5000)]
  0x00007f86d0126000 JavaThread "Finalizer" daemon [_thread_blocked, id=4402, stack(0x00007f86b48e5000,0x00007f86b49e5000)]
  0x00007f86d012a800 JavaThread "Signal Dispatcher" daemon [_thread_blocked, id=4403, stack(0x00007f86b47e5000,0x00007f86b48e5000)]
  0x00007f86d012c800 JavaThread "Service Thread" daemon [_thread_blocked, id=4404, stack(0x00007f86b46e5000,0x00007f86b47e5000)]
  0x00007f86d012e800 JavaThread "C2 CompilerThread0" daemon [_thread_blocked, id=4405, stack(0x00007f86b45e5000,0x00007f86b46e5000)]
  0x00007f86d0130800 JavaThread "C1 CompilerThread0" daemon [_thread_blocked, id=4406, stack(0x00007f86b44e5000,0x00007f86b45e5000)]
  0x00007f86d0132800 JavaThread "Sweeper thread" daemon [_thread_blocked, id=4407, stack(0x00007f86b43e5000,0x00007f86b44e5000)]
  0x00007f86d0141000 JavaThread "Common-Cleaner" daemon [_thread_blocked, id=4408, stack(0x00007f86b42e5000,0x00007f86b43e5000)]
  0x00007f86d018e000 JavaThread "JDWP Event Helper Thread" daemon [_thread_blocked, id=4410, stack(0x00007f86b40e5000,0x00007f86b41e5000)]
  0x00007f86d0212000 JavaThread "JavaCPP Deallocator" daemon [_thread_blocked, id=4418, stack(0x00007f86a5cfe000,0x00007f86a5dfe000)]

Other Threads:
  0x00007f86d0121000 VMThread "VM Thread" [stack: 0x00007f86b4ae7000,0x00007f86b4be7000] [id=4400]
  0x00007f86d019f800 WatcherThread [stack: 0x00007f86a5e00000,0x00007f86a5f00000] [id=4417]
  0x00007f86d0033800 GCTaskThread "GC Thread#0" [stack: 0x00007f86d472a000,0x00007f86d482a000] [id=4395]
  0x00007f869c001000 GCTaskThread "GC Thread#1" [stack: 0x00007f86a5bfe000,0x00007f86a5cfe000] [id=4420]
  0x00007f86d004e800 ConcurrentGCThread "G1 Main Marker" [stack: 0x00007f86d4054000,0x00007f86d4154000] [id=4396]
  0x00007f86d0050800 ConcurrentGCThread "G1 Conc#0" [stack: 0x00007f86b5870000,0x00007f86b5970000] [id=4397]
  0x00007f86d008b800 ConcurrentGCThread "G1 Refine#0" [stack: 0x00007f86b556c000,0x00007f86b566c000] [id=4398]
  0x00007f86d008d800 ConcurrentGCThread "G1 Young RemSet Sampling" [stack: 0x00007f86b546a000,0x00007f86b556a000] [id=4399]

Threads with active compile tasks:

VM state:not at safepoint (normal execution)

VM Mutex/Monitor currently owned by a thread: None

Heap address: 0x00000000c2e00000, size: 978 MB, Compressed Oops mode: 32-bit
Narrow klass base: 0x0000000800000000, Narrow klass shift: 3
Compressed class space size: 1073741824 Address: 0x0000000840000000

Heap:
 garbage-first heap   total 65536K, used 8896K [0x00000000c2e00000, 0x0000000100000000)
  region size 1024K, 9 young (9216K), 1 survivors (1024K)
 Metaspace       used 3920K, capacity 6617K, committed 6912K, reserved 1056768K
  class space    used 421K, capacity 694K, committed 768K, reserved 1048576K
Heap Regions: E=young(eden), S=young(survivor), O=old, HS=humongous(starts), HC=humongous(continues), CS=collection set, F=free, A=archive, TAMS=top-at-mark-start (previous, next)
|   0|0x00000000c2e00000, 0x00000000c2e00000, 0x00000000c2f00000|  0%| F|  |TAMS 0x00000000c2e00000, 0x00000000c2e00000| Untracked 
|   1|0x00000000c2f00000, 0x00000000c2f00000, 0x00000000c3000000|  0%| F|  |TAMS 0x00000000c2f00000, 0x00000000c2f00000| Untracked 
|   2|0x00000000c3000000, 0x00000000c3000000, 0x00000000c3100000|  0%| F|  |TAMS 0x00000000c3000000, 0x00000000c3000000| Untracked 
|   3|0x00000000c3100000, 0x00000000c3100000, 0x00000000c3200000|  0%| F|  |TAMS 0x00000000c3100000, 0x00000000c3100000| Untracked 
|   4|0x00000000c3200000, 0x00000000c3200000, 0x00000000c3300000|  0%| F|  |TAMS 0x00000000c3200000, 0x00000000c3200000| Untracked 
|   5|0x00000000c3300000, 0x00000000c3300000, 0x00000000c3400000|  0%| F|  |TAMS 0x00000000c3300000, 0x00000000c3300000| Untracked 
|   6|0x00000000c3400000, 0x00000000c3400000, 0x00000000c3500000|  0%| F|  |TAMS 0x00000000c3400000, 0x00000000c3400000| Untracked 
|   7|0x00000000c3500000, 0x00000000c3500000, 0x00000000c3600000|  0%| F|  |TAMS 0x00000000c3500000, 0x00000000c3500000| Untracked 
|   8|0x00000000c3600000, 0x00000000c3600000, 0x00000000c3700000|  0%| F|  |TAMS 0x00000000c3600000, 0x00000000c3600000| Untracked 
|   9|0x00000000c3700000, 0x00000000c3700000, 0x00000000c3800000|  0%| F|  |TAMS 0x00000000c3700000, 0x00000000c3700000| Untracked 
|  10|0x00000000c3800000, 0x00000000c3800000, 0x00000000c3900000|  0%| F|  |TAMS 0x00000000c3800000, 0x00000000c3800000| Untracked 
|  11|0x00000000c3900000, 0x00000000c3900000, 0x00000000c3a00000|  0%| F|  |TAMS 0x00000000c3900000, 0x00000000c3900000| Untracked 
|  12|0x00000000c3a00000, 0x00000000c3a00000, 0x00000000c3b00000|  0%| F|  |TAMS 0x00000000c3a00000, 0x00000000c3a00000| Untracked 
|  13|0x00000000c3b00000, 0x00000000c3b00000, 0x00000000c3c00000|  0%| F|  |TAMS 0x00000000c3b00000, 0x00000000c3b00000| Untracked 
|  14|0x00000000c3c00000, 0x00000000c3c00000, 0x00000000c3d00000|  0%| F|  |TAMS 0x00000000c3c00000, 0x00000000c3c00000| Untracked 
|  15|0x00000000c3d00000, 0x00000000c3d00000, 0x00000000c3e00000|  0%| F|  |TAMS 0x00000000c3d00000, 0x00000000c3d00000| Untracked 
|  16|0x00000000c3e00000, 0x00000000c3e00000, 0x00000000c3f00000|  0%| F|  |TAMS 0x00000000c3e00000, 0x00000000c3e00000| Untracked 
|  17|0x00000000c3f00000, 0x00000000c3f00000, 0x00000000c4000000|  0%| F|  |TAMS 0x00000000c3f00000, 0x00000000c3f00000| Untracked 
|  18|0x00000000c4000000, 0x00000000c4000000, 0x00000000c4100000|  0%| F|  |TAMS 0x00000000c4000000, 0x00000000c4000000| Untracked 
|  19|0x00000000c4100000, 0x00000000c4100000, 0x00000000c4200000|  0%| F|  |TAMS 0x00000000c4100000, 0x00000000c4100000| Untracked 
|  20|0x00000000c4200000, 0x00000000c4200000, 0x00000000c4300000|  0%| F|  |TAMS 0x00000000c4200000, 0x00000000c4200000| Untracked 
|  21|0x00000000c4300000, 0x00000000c4300000, 0x00000000c4400000|  0%| F|  |TAMS 0x00000000c4300000, 0x00000000c4300000| Untracked 
|  22|0x00000000c4400000, 0x00000000c4400000, 0x00000000c4500000|  0%| F|  |TAMS 0x00000000c4400000, 0x00000000c4400000| Untracked 
|  23|0x00000000c4500000, 0x00000000c4500000, 0x00000000c4600000|  0%| F|  |TAMS 0x00000000c4500000, 0x00000000c4500000| Untracked 
|  24|0x00000000c4600000, 0x00000000c4600000, 0x00000000c4700000|  0%| F|  |TAMS 0x00000000c4600000, 0x00000000c4600000| Untracked 
|  25|0x00000000c4700000, 0x00000000c4700000, 0x00000000c4800000|  0%| F|  |TAMS 0x00000000c4700000, 0x00000000c4700000| Untracked 
|  26|0x00000000c4800000, 0x00000000c4800000, 0x00000000c4900000|  0%| F|  |TAMS 0x00000000c4800000, 0x00000000c4800000| Untracked 
|  27|0x00000000c4900000, 0x00000000c4900000, 0x00000000c4a00000|  0%| F|  |TAMS 0x00000000c4900000, 0x00000000c4900000| Untracked 
|  28|0x00000000c4a00000, 0x00000000c4a00000, 0x00000000c4b00000|  0%| F|  |TAMS 0x00000000c4a00000, 0x00000000c4a00000| Untracked 
|  29|0x00000000c4b00000, 0x00000000c4b00000, 0x00000000c4c00000|  0%| F|  |TAMS 0x00000000c4b00000, 0x00000000c4b00000| Untracked 
|  30|0x00000000c4c00000, 0x00000000c4c00000, 0x00000000c4d00000|  0%| F|  |TAMS 0x00000000c4c00000, 0x00000000c4c00000| Untracked 
|  31|0x00000000c4d00000, 0x00000000c4d00000, 0x00000000c4e00000|  0%| F|  |TAMS 0x00000000c4d00000, 0x00000000c4d00000| Untracked 
|  32|0x00000000c4e00000, 0x00000000c4e00000, 0x00000000c4f00000|  0%| F|  |TAMS 0x00000000c4e00000, 0x00000000c4e00000| Untracked 
|  33|0x00000000c4f00000, 0x00000000c4f00000, 0x00000000c5000000|  0%| F|  |TAMS 0x00000000c4f00000, 0x00000000c4f00000| Untracked 
|  34|0x00000000c5000000, 0x00000000c5000000, 0x00000000c5100000|  0%| F|  |TAMS 0x00000000c5000000, 0x00000000c5000000| Untracked 
|  35|0x00000000c5100000, 0x00000000c5100000, 0x00000000c5200000|  0%| F|  |TAMS 0x00000000c5100000, 0x00000000c5100000| Untracked 
|  36|0x00000000c5200000, 0x00000000c5200000, 0x00000000c5300000|  0%| F|  |TAMS 0x00000000c5200000, 0x00000000c5200000| Untracked 
|  37|0x00000000c5300000, 0x00000000c5300000, 0x00000000c5400000|  0%| F|  |TAMS 0x00000000c5300000, 0x00000000c5300000| Untracked 
|  38|0x00000000c5400000, 0x00000000c5400000, 0x00000000c5500000|  0%| F|  |TAMS 0x00000000c5400000, 0x00000000c5400000| Untracked 
|  39|0x00000000c5500000, 0x00000000c5500000, 0x00000000c5600000|  0%| F|  |TAMS 0x00000000c5500000, 0x00000000c5500000| Untracked 
|  40|0x00000000c5600000, 0x00000000c5600000, 0x00000000c5700000|  0%| F|  |TAMS 0x00000000c5600000, 0x00000000c5600000| Untracked 
|  41|0x00000000c5700000, 0x00000000c5700000, 0x00000000c5800000|  0%| F|  |TAMS 0x00000000c5700000, 0x00000000c5700000| Untracked 
|  42|0x00000000c5800000, 0x00000000c5800000, 0x00000000c5900000|  0%| F|  |TAMS 0x00000000c5800000, 0x00000000c5800000| Untracked 
|  43|0x00000000c5900000, 0x00000000c5900000, 0x00000000c5a00000|  0%| F|  |TAMS 0x00000000c5900000, 0x00000000c5900000| Untracked 
|  44|0x00000000c5a00000, 0x00000000c5a00000, 0x00000000c5b00000|  0%| F|  |TAMS 0x00000000c5a00000, 0x00000000c5a00000| Untracked 
|  45|0x00000000c5b00000, 0x00000000c5b00000, 0x00000000c5c00000|  0%| F|  |TAMS 0x00000000c5b00000, 0x00000000c5b00000| Untracked 
|  46|0x00000000c5c00000, 0x00000000c5c00000, 0x00000000c5d00000|  0%| F|  |TAMS 0x00000000c5c00000, 0x00000000c5c00000| Untracked 
|  47|0x00000000c5d00000, 0x00000000c5d00000, 0x00000000c5e00000|  0%| F|  |TAMS 0x00000000c5d00000, 0x00000000c5d00000| Untracked 
|  48|0x00000000c5e00000, 0x00000000c5e00000, 0x00000000c5f00000|  0%| F|  |TAMS 0x00000000c5e00000, 0x00000000c5e00000| Untracked 
|  49|0x00000000c5f00000, 0x00000000c5f00000, 0x00000000c6000000|  0%| F|  |TAMS 0x00000000c5f00000, 0x00000000c5f00000| Untracked 
|  50|0x00000000c6000000, 0x00000000c6000000, 0x00000000c6100000|  0%| F|  |TAMS 0x00000000c6000000, 0x00000000c6000000| Untracked 
|  51|0x00000000c6100000, 0x00000000c6100000, 0x00000000c6200000|  0%| F|  |TAMS 0x00000000c6100000, 0x00000000c6100000| Untracked 
|  52|0x00000000c6200000, 0x00000000c6200000, 0x00000000c6300000|  0%| F|  |TAMS 0x00000000c6200000, 0x00000000c6200000| Untracked 
|  53|0x00000000c6300000, 0x00000000c6380800, 0x00000000c6400000| 50%| E|  |TAMS 0x00000000c6300000, 0x00000000c6300000| Complete 
|  54|0x00000000c6400000, 0x00000000c64fe030, 0x00000000c6500000| 99%| S|CS|TAMS 0x00000000c6400000, 0x00000000c6400000| Complete 
|  55|0x00000000c6500000, 0x00000000c6600000, 0x00000000c6600000|100%| E|CS|TAMS 0x00000000c6500000, 0x00000000c6500000| Complete 
|  56|0x00000000c6600000, 0x00000000c6700000, 0x00000000c6700000|100%| E|CS|TAMS 0x00000000c6600000, 0x00000000c6600000| Complete 
|  57|0x00000000c6700000, 0x00000000c6800000, 0x00000000c6800000|100%| E|CS|TAMS 0x00000000c6700000, 0x00000000c6700000| Complete 
|  58|0x00000000c6800000, 0x00000000c6900000, 0x00000000c6900000|100%| E|CS|TAMS 0x00000000c6800000, 0x00000000c6800000| Complete 
|  59|0x00000000c6900000, 0x00000000c6a00000, 0x00000000c6a00000|100%| E|CS|TAMS 0x00000000c6900000, 0x00000000c6900000| Complete 
|  60|0x00000000c6a00000, 0x00000000c6b00000, 0x00000000c6b00000|100%| E|CS|TAMS 0x00000000c6a00000, 0x00000000c6a00000| Complete 
|  61|0x00000000c6b00000, 0x00000000c6c00000, 0x00000000c6c00000|100%| E|CS|TAMS 0x00000000c6b00000, 0x00000000c6b00000| Complete 
| 976|0x00000000ffe00000, 0x00000000ffe47000, 0x00000000fff00000| 27%|OA|  |TAMS 0x00000000ffe00000, 0x00000000ffe00000| Untracked 
| 977|0x00000000fff00000, 0x00000000fff6b000, 0x0000000100000000| 41%|CA|  |TAMS 0x00000000fff00000, 0x00000000fff00000| Untracked 

Card table byte_map: [0x00007f86d4154000,0x00007f86d433d000] _byte_map_base: 0x00007f86d3b3d000

Marking Bits (Prev, Next): (CMBitMap*) 0x00007f86d0049bc8, (CMBitMap*) 0x00007f86d0049c00
 Prev Bits: [0x00007f86b68b8000, 0x00007f86b7800000)
 Next Bits: [0x00007f86b5970000, 0x00007f86b68b8000)

Polling page: 0x00007f86d651c000

Metaspace:

Usage:
  Non-class:      5.78 MB capacity,     3.42 MB ( 59%) used,     2.36 MB ( 41%) free+waste,     7.19 KB ( <1%) overhead. 
      Class:    694.00 KB capacity,   421.98 KB ( 61%) used,   268.34 KB ( 39%) free+waste,     3.69 KB ( <1%) overhead. 
       Both:      6.46 MB capacity,     3.83 MB ( 59%) used,     2.62 MB ( 41%) free+waste,    10.88 KB ( <1%) overhead. 

Virtual space:
  Non-class space:        8.00 MB reserved,       6.00 MB ( 75%) committed 
      Class space:        1.00 GB reserved,     768.00 KB ( <1%) committed 
             Both:        1.01 GB reserved,       6.75 MB ( <1%) committed 

Chunk freelists:
   Non-Class:  0 bytes
       Class:  10.00 KB
        Both:  10.00 KB

MaxMetaspaceSize: unlimited
CompressedClassSpaceSize: 1.00 GB
Initial GC threshold: 20.80 MB
Current GC threshold: 20.80 MB
CDS: on

CodeHeap 'non-profiled nmethods': size=120036Kb used=230Kb max_used=230Kb free=119805Kb
 bounds [0x00007f86bf2c7000, 0x00007f86bf537000, 0x00007f86c6800000]
CodeHeap 'profiled nmethods': size=120032Kb used=1432Kb max_used=1432Kb free=118599Kb
 bounds [0x00007f86b7d8f000, 0x00007f86b7fff000, 0x00007f86bf2c7000]
CodeHeap 'non-nmethods': size=5692Kb used=1214Kb max_used=1226Kb free=4477Kb
 bounds [0x00007f86b7800000, 0x00007f86b7a70000, 0x00007f86b7d8f000]
 total_blobs=1164 nmethods=766 adapters=320
 compilation: enabled
              stopped_count=0, restarted_count=0
 full_count=0

Compilation events (20 events):
Event: 15.347 Thread 0x00007f86d0130800  752       1       java.lang.invoke.MethodTypeForm::basicType (5 bytes)
Event: 15.347 Thread 0x00007f86d0130800 nmethod 752 0x00007f86bf2fec10 code [0x00007f86bf2fedc0, 0x00007f86bf2fee90]
Event: 15.358 Thread 0x00007f86d0130800  753       3       java.lang.Number::<init> (5 bytes)
Event: 15.359 Thread 0x00007f86d0130800 nmethod 753 0x00007f86b7ef1410 code [0x00007f86b7ef15c0, 0x00007f86b7ef1730]
Event: 15.359 Thread 0x00007f86d0130800  756       3       sun.invoke.util.Wrapper::forPrimitiveType (49 bytes)
Event: 15.367 Thread 0x00007f86d012e800  765       4       java.lang.StringBuilder::<init> (7 bytes)
Event: 15.369 Thread 0x00007f86d012e800 nmethod 765 0x00007f86bf300110 code [0x00007f86bf3002a0, 0x00007f86bf300458]
Event: 15.369 Thread 0x00007f86d012e800  767       4       java.lang.StringLatin1::charAt (28 bytes)
Event: 15.371 Thread 0x00007f86d012e800 nmethod 767 0x00007f86bf300510 code [0x00007f86bf3006a0, 0x00007f86bf300718]
Event: 15.373 Thread 0x00007f86d0130800 nmethod 756 0x00007f86b7ef1810 code [0x00007f86b7ef1bc0, 0x00007f86b7ef31a0]
Event: 15.373 Thread 0x00007f86d0130800  762       3       java.lang.invoke.LambdaForm$Name::useCount (42 bytes)
Event: 15.375 Thread 0x00007f86d0130800 nmethod 762 0x00007f86b7ef3a10 code [0x00007f86b7ef3be0, 0x00007f86b7ef3ef0]
Event: 15.375 Thread 0x00007f86d0130800  763       3       jdk.internal.org.objectweb.asm.Frame::push (110 bytes)
Event: 15.375 Thread 0x00007f86d0130800 nmethod 763 0x00007f86b7ef4010 code [0x00007f86b7ef4200, 0x00007f86b7ef47a0]
Event: 15.375 Thread 0x00007f86d0130800  754       3       java.lang.Byte::<init> (10 bytes)
Event: 15.375 Thread 0x00007f86d0130800 nmethod 754 0x00007f86b7ef4990 code [0x00007f86b7ef4b40, 0x00007f86b7ef4d10]
Event: 15.375 Thread 0x00007f86d0130800  760       3       java.lang.invoke.LambdaForm$Name::<init> (54 bytes)
Event: 15.375 Thread 0x00007f86d0130800 nmethod 760 0x00007f86b7ef4e10 code [0x00007f86b7ef4fe0, 0x00007f86b7ef52b0]
Event: 15.375 Thread 0x00007f86d0130800  758       1       java.lang.invoke.LambdaForm$Name::type (5 bytes)
Event: 15.377 Thread 0x00007f86d0130800 nmethod 758 0x00007f86bf300810 code [0x00007f86bf3009c0, 0x00007f86bf300a90]

GC Heap History (2 events):
Event: 1.394 GC heap before
{Heap before GC invocations=0 (full 0):
 garbage-first heap   total 65536K, used 7880K [0x00000000c2e00000, 0x0000000100000000)
  region size 1024K, 7 young (7168K), 0 survivors (0K)
 Metaspace       used 2421K, capacity 5462K, committed 5760K, reserved 1056768K
  class space    used 253K, capacity 521K, committed 640K, reserved 1048576K
}
Event: 1.405 GC heap after
{Heap after GC invocations=1 (full 0):
 garbage-first heap   total 65536K, used 1728K [0x00000000c2e00000, 0x0000000100000000)
  region size 1024K, 1 young (1024K), 1 survivors (1024K)
 Metaspace       used 2421K, capacity 5462K, committed 5760K, reserved 1056768K
  class space    used 253K, capacity 521K, committed 640K, reserved 1048576K
}

Deoptimization events (20 events):
Event: 1.919 Thread 0x00007f86d0019800 DEOPT PACKING pc=0x00007f86b7e8bed4 sp=0x00007f86d4dfbfa0
Event: 1.919 Thread 0x00007f86d0019800 DEOPT UNPACKING pc=0x00007f86b78499fa sp=0x00007f86d4dfb490 mode 1
Event: 2.013 Thread 0x00007f86d0019800 DEOPT PACKING pc=0x00007f86b7e0d38a sp=0x00007f86d4dfd480
Event: 2.013 Thread 0x00007f86d0019800 DEOPT UNPACKING pc=0x00007f86b78499fa sp=0x00007f86d4dfc928 mode 0
Event: 15.305 Thread 0x00007f86d0019800 Uncommon trap: trap_request=0xffffffc6 fr.pc=0x00007f86bf2d41a4 relative=0x0000000000000084
Event: 15.305 Thread 0x00007f86d0019800 Uncommon trap: reason=bimorphic_or_optimized_type_check action=maybe_recompile pc=0x00007f86bf2d41a4 method=java.util.AbstractCollection.isEmpty()Z @ 1 c2
Event: 15.305 Thread 0x00007f86d0019800 DEOPT PACKING pc=0x00007f86bf2d41a4 sp=0x00007f86d4dfd300
Event: 15.305 Thread 0x00007f86d0019800 DEOPT UNPACKING pc=0x00007f86b78082a5 sp=0x00007f86d4dfd2c0 mode 2
Event: 15.305 Thread 0x00007f86d0019800 Uncommon trap: trap_request=0xffffffc6 fr.pc=0x00007f86bf2d41a4 relative=0x0000000000000084
Event: 15.305 Thread 0x00007f86d0019800 Uncommon trap: reason=bimorphic_or_optimized_type_check action=maybe_recompile pc=0x00007f86bf2d41a4 method=java.util.AbstractCollection.isEmpty()Z @ 1 c2
Event: 15.305 Thread 0x00007f86d0019800 DEOPT PACKING pc=0x00007f86bf2d41a4 sp=0x00007f86d4dfd4d0
Event: 15.305 Thread 0x00007f86d0019800 DEOPT UNPACKING pc=0x00007f86b78082a5 sp=0x00007f86d4dfd490 mode 2
Event: 15.308 Thread 0x00007f86d0019800 Uncommon trap: trap_request=0xffffffc6 fr.pc=0x00007f86bf2d41a4 relative=0x0000000000000084
Event: 15.308 Thread 0x00007f86d0019800 Uncommon trap: reason=bimorphic_or_optimized_type_check action=maybe_recompile pc=0x00007f86bf2d41a4 method=java.util.AbstractCollection.isEmpty()Z @ 1 c2
Event: 15.308 Thread 0x00007f86d0019800 DEOPT PACKING pc=0x00007f86bf2d41a4 sp=0x00007f86d4dfd4f0
Event: 15.308 Thread 0x00007f86d0019800 DEOPT UNPACKING pc=0x00007f86b78082a5 sp=0x00007f86d4dfd4b0 mode 2
Event: 15.312 Thread 0x00007f86d0019800 Uncommon trap: trap_request=0xffffffc6 fr.pc=0x00007f86bf2d41a4 relative=0x0000000000000084
Event: 15.312 Thread 0x00007f86d0019800 Uncommon trap: reason=bimorphic_or_optimized_type_check action=maybe_recompile pc=0x00007f86bf2d41a4 method=java.util.AbstractCollection.isEmpty()Z @ 1 c2
Event: 15.312 Thread 0x00007f86d0019800 DEOPT PACKING pc=0x00007f86bf2d41a4 sp=0x00007f86d4dfd300
Event: 15.312 Thread 0x00007f86d0019800 DEOPT UNPACKING pc=0x00007f86b78082a5 sp=0x00007f86d4dfd2c0 mode 2

Classes redefined (0 events):
No events

Internal exceptions (20 events):
Event: 1.918 Thread 0x00007f86d0019800 Exception <a 'java/security/PrivilegedActionException'{0x00000000c6833e18}> (0x00000000c6833e18) thrown at [./src/hotspot/share/prims/jvm.cpp, line 1304]
Event: 1.918 Thread 0x00007f86d0019800 Exception <a 'java/security/PrivilegedActionException'{0x00000000c68340e8}> (0x00000000c68340e8) thrown at [./src/hotspot/share/prims/jvm.cpp, line 1304]
Event: 1.918 Thread 0x00007f86d0019800 Exception <a 'java/security/PrivilegedActionException'{0x00000000c6834a38}> (0x00000000c6834a38) thrown at [./src/hotspot/share/prims/jvm.cpp, line 1304]
Event: 1.918 Thread 0x00007f86d0019800 Exception <a 'java/security/PrivilegedActionException'{0x00000000c6834d08}> (0x00000000c6834d08) thrown at [./src/hotspot/share/prims/jvm.cpp, line 1304]
Event: 1.918 Thread 0x00007f86d0019800 Exception <a 'java/security/PrivilegedActionException'{0x00000000c6835690}> (0x00000000c6835690) thrown at [./src/hotspot/share/prims/jvm.cpp, line 1304]
Event: 1.918 Thread 0x00007f86d0019800 Exception <a 'java/security/PrivilegedActionException'{0x00000000c6835960}> (0x00000000c6835960) thrown at [./src/hotspot/share/prims/jvm.cpp, line 1304]
Event: 1.918 Thread 0x00007f86d0019800 Exception <a 'java/security/PrivilegedActionException'{0x00000000c68362d0}> (0x00000000c68362d0) thrown at [./src/hotspot/share/prims/jvm.cpp, line 1304]
Event: 1.918 Thread 0x00007f86d0019800 Exception <a 'java/security/PrivilegedActionException'{0x00000000c68365a0}> (0x00000000c68365a0) thrown at [./src/hotspot/share/prims/jvm.cpp, line 1304]
Event: 1.918 Thread 0x00007f86d0019800 Exception <a 'java/security/PrivilegedActionException'{0x00000000c6836f10}> (0x00000000c6836f10) thrown at [./src/hotspot/share/prims/jvm.cpp, line 1304]
Event: 1.918 Thread 0x00007f86d0019800 Exception <a 'java/security/PrivilegedActionException'{0x00000000c68371e0}> (0x00000000c68371e0) thrown at [./src/hotspot/share/prims/jvm.cpp, line 1304]
Event: 1.918 Thread 0x00007f86d0019800 Exception <a 'java/security/PrivilegedActionException'{0x00000000c6837b68}> (0x00000000c6837b68) thrown at [./src/hotspot/share/prims/jvm.cpp, line 1304]
Event: 1.918 Thread 0x00007f86d0019800 Exception <a 'java/security/PrivilegedActionException'{0x00000000c6837e38}> (0x00000000c6837e38) thrown at [./src/hotspot/share/prims/jvm.cpp, line 1304]
Event: 1.918 Thread 0x00007f86d0019800 Exception <a 'java/security/PrivilegedActionException'{0x00000000c68387c0}> (0x00000000c68387c0) thrown at [./src/hotspot/share/prims/jvm.cpp, line 1304]
Event: 1.918 Thread 0x00007f86d0019800 Exception <a 'java/security/PrivilegedActionException'{0x00000000c6838a90}> (0x00000000c6838a90) thrown at [./src/hotspot/share/prims/jvm.cpp, line 1304]
Event: 1.918 Thread 0x00007f86d0019800 Exception <a 'java/security/PrivilegedActionException'{0x00000000c6839418}> (0x00000000c6839418) thrown at [./src/hotspot/share/prims/jvm.cpp, line 1304]
Event: 1.918 Thread 0x00007f86d0019800 Exception <a 'java/security/PrivilegedActionException'{0x00000000c68396e8}> (0x00000000c68396e8) thrown at [./src/hotspot/share/prims/jvm.cpp, line 1304]
Event: 1.918 Thread 0x00007f86d0019800 Exception <a 'java/security/PrivilegedActionException'{0x00000000c683a058}> (0x00000000c683a058) thrown at [./src/hotspot/share/prims/jvm.cpp, line 1304]
Event: 1.918 Thread 0x00007f86d0019800 Exception <a 'java/security/PrivilegedActionException'{0x00000000c683a328}> (0x00000000c683a328) thrown at [./src/hotspot/share/prims/jvm.cpp, line 1304]
Event: 1.919 Thread 0x00007f86d0019800 Exception <a 'java/security/PrivilegedActionException'{0x00000000c683acb0}> (0x00000000c683acb0) thrown at [./src/hotspot/share/prims/jvm.cpp, line 1304]
Event: 1.919 Thread 0x00007f86d0019800 Exception <a 'java/security/PrivilegedActionException'{0x00000000c683af80}> (0x00000000c683af80) thrown at [./src/hotspot/share/prims/jvm.cpp, line 1304]

Events (20 events):
Event: 138.053 Executing VM operation: ChangeBreakpoints done
Event: 138.053 Executing VM operation: ChangeBreakpoints
Event: 138.053 Executing VM operation: ChangeBreakpoints done
Event: 138.053 Executing VM operation: ChangeBreakpoints
Event: 138.053 Executing VM operation: ChangeBreakpoints done
Event: 138.053 Executing VM operation: ChangeBreakpoints
Event: 138.053 Executing VM operation: ChangeBreakpoints done
Event: 138.053 Executing VM operation: ChangeBreakpoints
Event: 138.053 Executing VM operation: ChangeBreakpoints done
Event: 138.053 Executing VM operation: ChangeBreakpoints
Event: 138.053 Executing VM operation: ChangeBreakpoints done
Event: 138.053 Executing VM operation: ChangeBreakpoints
Event: 138.053 Executing VM operation: ChangeBreakpoints done
Event: 138.053 Executing VM operation: ChangeBreakpoints
Event: 138.053 Executing VM operation: ChangeBreakpoints done
Event: 138.053 Executing VM operation: ChangeBreakpoints
Event: 138.053 Executing VM operation: ChangeBreakpoints done
Event: 138.053 Executing VM operation: ChangeBreakpoints
Event: 138.053 Executing VM operation: ChangeBreakpoints done
Event: 138.053 Thread 0x00007f86d0189800 Thread exited: 0x00007f86d0189800


Dynamic libraries:
c2e00000-c6c00000 rw-p 00000000 00:00 0 
c6c00000-ffe00000 ---p 00000000 00:00 0 
ffe00000-ffe47000 rw-p 00b0a000 08:03 1060156                            /usr/lib/jvm/java-11-openjdk-amd64/lib/server/classes.jsa
ffe47000-fff00000 rw-p 00000000 00:00 0 
fff00000-fff6b000 rw-p 00a9f000 08:03 1060156                            /usr/lib/jvm/java-11-openjdk-amd64/lib/server/classes.jsa
fff6b000-100000000 rw-p 00000000 00:00 0 
800000000-800002000 rwxp 00001000 08:03 1060156                          /usr/lib/jvm/java-11-openjdk-amd64/lib/server/classes.jsa
800002000-800a9e000 rw-p 00003000 08:03 1060156                          /usr/lib/jvm/java-11-openjdk-amd64/lib/server/classes.jsa
840000000-8400c0000 rw-p 00000000 00:00 0 
8400c0000-880000000 ---p 00000000 00:00 0 
562d3327a000-562d3327b000 r--p 00000000 08:03 1058673                    /usr/lib/jvm/java-11-openjdk-amd64/bin/java
562d3327b000-562d3327c000 r-xp 00001000 08:03 1058673                    /usr/lib/jvm/java-11-openjdk-amd64/bin/java
562d3327c000-562d3327d000 r--p 00002000 08:03 1058673                    /usr/lib/jvm/java-11-openjdk-amd64/bin/java
562d3327d000-562d3327e000 r--p 00002000 08:03 1058673                    /usr/lib/jvm/java-11-openjdk-amd64/bin/java
562d3327e000-562d3327f000 rw-p 00003000 08:03 1058673                    /usr/lib/jvm/java-11-openjdk-amd64/bin/java
562d33ba4000-562d33be6000 rw-p 00000000 00:00 0                          [heap]
7f8671400000-7f8671d26000 r--p 00000000 08:03 1579535                    /home/doudou/.javacpp/cache/llvm-13.0.1-1.5.7-linux-x86_64.jar/org/bytedeco/llvm/linux-x86_64/libLLVM-13.so
7f8671d26000-7f86756e9000 r-xp 00926000 08:03 1579535                    /home/doudou/.javacpp/cache/llvm-13.0.1-1.5.7-linux-x86_64.jar/org/bytedeco/llvm/linux-x86_64/libLLVM-13.so
7f86756e9000-7f867793e000 r--p 042e9000 08:03 1579535                    /home/doudou/.javacpp/cache/llvm-13.0.1-1.5.7-linux-x86_64.jar/org/bytedeco/llvm/linux-x86_64/libLLVM-13.so
7f867793e000-7f8677e53000 r--p 0653d000 08:03 1579535                    /home/doudou/.javacpp/cache/llvm-13.0.1-1.5.7-linux-x86_64.jar/org/bytedeco/llvm/linux-x86_64/libLLVM-13.so
7f8677e53000-7f8677e5e000 rw-p 06a52000 08:03 1579535                    /home/doudou/.javacpp/cache/llvm-13.0.1-1.5.7-linux-x86_64.jar/org/bytedeco/llvm/linux-x86_64/libLLVM-13.so
7f8677e5e000-7f8677ed4000 rw-p 00000000 00:00 0 
7f8678000000-7f8678021000 rw-p 00000000 00:00 0 
7f8678021000-7f867c000000 ---p 00000000 00:00 0 
7f867c000000-7f867c021000 rw-p 00000000 00:00 0 
7f867c021000-7f8680000000 ---p 00000000 00:00 0 
7f8680000000-7f86801fc000 rw-p 00000000 00:00 0 
7f86801fc000-7f8684000000 ---p 00000000 00:00 0 
7f8684000000-7f8684551000 rw-p 00000000 00:00 0 
7f8684551000-7f8688000000 ---p 00000000 00:00 0 
7f8688000000-7f8688021000 rw-p 00000000 00:00 0 
7f8688021000-7f868c000000 ---p 00000000 00:00 0 
7f868c000000-7f868c021000 rw-p 00000000 00:00 0 
7f868c021000-7f8690000000 ---p 00000000 00:00 0 
7f8690000000-7f8690021000 rw-p 00000000 00:00 0 
7f8690021000-7f8694000000 ---p 00000000 00:00 0 
7f8694000000-7f8694021000 rw-p 00000000 00:00 0 
7f8694021000-7f8698000000 ---p 00000000 00:00 0 
7f8698000000-7f8698021000 rw-p 00000000 00:00 0 
7f8698021000-7f869c000000 ---p 00000000 00:00 0 
7f869c000000-7f869c021000 rw-p 00000000 00:00 0 
7f869c021000-7f86a0000000 ---p 00000000 00:00 0 
7f86a0000000-7f86a0021000 rw-p 00000000 00:00 0 
7f86a0021000-7f86a4000000 ---p 00000000 00:00 0 
7f86a5af6000-7f86a5b5b000 r--p 00000000 08:03 1579540                    /home/doudou/.javacpp/cache/llvm-13.0.1-1.5.7-linux-x86_64.jar/org/bytedeco/llvm/linux-x86_64/libjniLLVM.so
7f86a5b5b000-7f86a5bc9000 r-xp 00065000 08:03 1579540                    /home/doudou/.javacpp/cache/llvm-13.0.1-1.5.7-linux-x86_64.jar/org/bytedeco/llvm/linux-x86_64/libjniLLVM.so
7f86a5bc9000-7f86a5bf4000 r--p 000d3000 08:03 1579540                    /home/doudou/.javacpp/cache/llvm-13.0.1-1.5.7-linux-x86_64.jar/org/bytedeco/llvm/linux-x86_64/libjniLLVM.so
7f86a5bf4000-7f86a5bf7000 r--p 000fd000 08:03 1579540                    /home/doudou/.javacpp/cache/llvm-13.0.1-1.5.7-linux-x86_64.jar/org/bytedeco/llvm/linux-x86_64/libjniLLVM.so
7f86a5bf7000-7f86a5bfa000 rw-p 00100000 08:03 1579540                    /home/doudou/.javacpp/cache/llvm-13.0.1-1.5.7-linux-x86_64.jar/org/bytedeco/llvm/linux-x86_64/libjniLLVM.so
7f86a5bfa000-7f86a5bfc000 rw-p 00000000 00:00 0 
7f86a5bfc000-7f86a5bfd000 ---p 00000000 00:00 0 
7f86a5bfd000-7f86a5cfe000 rw-p 00000000 00:00 0 
7f86a5cfe000-7f86a5d02000 ---p 00000000 00:00 0 
7f86a5d02000-7f86a5dfe000 rw-p 00000000 00:00 0 
7f86a5dfe000-7f86a5dff000 ---p 00000000 00:00 0 
7f86a5dff000-7f86a5f00000 rw-p 00000000 00:00 0 
7f86a5f00000-7f86a5f04000 ---p 00000000 00:00 0 
7f86a5f04000-7f86a8000000 rw-p 00000000 00:00 0 
7f86a8000000-7f86a8021000 rw-p 00000000 00:00 0 
7f86a8021000-7f86ac000000 ---p 00000000 00:00 0 
7f86ac000000-7f86ac021000 rw-p 00000000 00:00 0 
7f86ac021000-7f86b0000000 ---p 00000000 00:00 0 
7f86b0000000-7f86b0021000 rw-p 00000000 00:00 0 
7f86b0021000-7f86b4000000 ---p 00000000 00:00 0 
7f86b40e5000-7f86b40e9000 ---p 00000000 00:00 0 
7f86b40e9000-7f86b41e5000 rw-p 00000000 00:00 0 
7f86b41e5000-7f86b41e9000 ---p 00000000 00:00 0 
7f86b41e9000-7f86b42e5000 rw-p 00000000 00:00 0 
7f86b42e5000-7f86b42e9000 ---p 00000000 00:00 0 
7f86b42e9000-7f86b43e5000 rw-p 00000000 00:00 0 
7f86b43e5000-7f86b43e9000 ---p 00000000 00:00 0 
7f86b43e9000-7f86b44e5000 rw-p 00000000 00:00 0 
7f86b44e5000-7f86b44e9000 ---p 00000000 00:00 0 
7f86b44e9000-7f86b45e5000 rw-p 00000000 00:00 0 
7f86b45e5000-7f86b45e9000 ---p 00000000 00:00 0 
7f86b45e9000-7f86b46e5000 rw-p 00000000 00:00 0 
7f86b46e5000-7f86b46e9000 ---p 00000000 00:00 0 
7f86b46e9000-7f86b47e5000 rw-p 00000000 00:00 0 
7f86b47e5000-7f86b47e9000 ---p 00000000 00:00 0 
7f86b47e9000-7f86b48e5000 rw-p 00000000 00:00 0 
7f86b48e5000-7f86b48e9000 ---p 00000000 00:00 0 
7f86b48e9000-7f86b49e5000 rw-p 00000000 00:00 0 
7f86b49e5000-7f86b49e9000 ---p 00000000 00:00 0 
7f86b49e9000-7f86b4ae5000 rw-p 00000000 00:00 0 
7f86b4ae5000-7f86b4ae6000 ---p 00000000 00:00 0 
7f86b4ae6000-7f86b5268000 rw-p 00000000 00:00 0 
7f86b5268000-7f86b5468000 ---p 00000000 00:00 0 
7f86b5468000-7f86b5469000 ---p 00000000 00:00 0 
7f86b5469000-7f86b556a000 rw-p 00000000 00:00 0 
7f86b556a000-7f86b556b000 ---p 00000000 00:00 0 
7f86b556b000-7f86b586e000 rw-p 00000000 00:00 0 
7f86b586e000-7f86b586f000 ---p 00000000 00:00 0 
7f86b586f000-7f86b5a68000 rw-p 00000000 00:00 0 
7f86b5a68000-7f86b68b0000 ---p 00000000 00:00 0 
7f86b68b0000-7f86b69b0000 rw-p 00000000 00:00 0 
7f86b69b0000-7f86b77f8000 ---p 00000000 00:00 0 
7f86b77f8000-7f86b7800000 rw-p 00000000 00:00 0 
7f86b7800000-7f86b7a70000 rwxp 00000000 00:00 0 
7f86b7a70000-7f86b7d8f000 ---p 00000000 00:00 0 
7f86b7d8f000-7f86b7fff000 rwxp 00000000 00:00 0 
7f86b7fff000-7f86bf2c7000 ---p 00000000 00:00 0 
7f86bf2c7000-7f86bf537000 rwxp 00000000 00:00 0 
7f86bf537000-7f86c6800000 ---p 00000000 00:00 0 
7f86c6800000-7f86c75e7000 r--p 00000000 08:03 534858                     /usr/lib/locale/locale-archive
7f86c7600000-7f86cfe0b000 r--s 00000000 08:03 1058832                    /usr/lib/jvm/java-11-openjdk-amd64/lib/modules
7f86cfe17000-7f86cfe36000 rw-p 00000000 00:00 0 
7f86cfe36000-7f86cffff000 ---p 00000000 00:00 0 
7f86cffff000-7f86d0000000 rw-p 00000000 00:00 0 
7f86d0000000-7f86d03b6000 rw-p 00000000 00:00 0 
7f86d03b6000-7f86d4000000 ---p 00000000 00:00 0 
7f86d4052000-7f86d4053000 ---p 00000000 00:00 0 
7f86d4053000-7f86d4173000 rw-p 00000000 00:00 0 
7f86d4173000-7f86d433c000 ---p 00000000 00:00 0 
7f86d433c000-7f86d435c000 rw-p 00000000 00:00 0 
7f86d435c000-7f86d4525000 ---p 00000000 00:00 0 
7f86d4525000-7f86d4728000 rw-p 00000000 00:00 0 
7f86d4728000-7f86d4729000 ---p 00000000 00:00 0 
7f86d4729000-7f86d482f000 rw-p 00000000 00:00 0 
7f86d482f000-7f86d4915000 ---p 00000000 00:00 0 
7f86d4915000-7f86d491a000 rw-p 00000000 00:00 0 
7f86d491a000-7f86d4a00000 ---p 00000000 00:00 0 
7f86d4a00000-7f86d4a9a000 r--p 00000000 08:03 552221                     /usr/lib/x86_64-linux-gnu/libstdc++.so.6.0.30
7f86d4a9a000-7f86d4baa000 r-xp 0009a000 08:03 552221                     /usr/lib/x86_64-linux-gnu/libstdc++.so.6.0.30
7f86d4baa000-7f86d4c19000 r--p 001aa000 08:03 552221                     /usr/lib/x86_64-linux-gnu/libstdc++.so.6.0.30
7f86d4c19000-7f86d4c24000 r--p 00218000 08:03 552221                     /usr/lib/x86_64-linux-gnu/libstdc++.so.6.0.30
7f86d4c24000-7f86d4c27000 rw-p 00223000 08:03 552221                     /usr/lib/x86_64-linux-gnu/libstdc++.so.6.0.30
7f86d4c27000-7f86d4c2a000 rw-p 00000000 00:00 0 
7f86d4c4d000-7f86d4c54000 r--p 00000000 08:03 1579536                    /home/doudou/.javacpp/cache/llvm-13.0.1-1.5.7-linux-x86_64.jar/org/bytedeco/llvm/linux-x86_64/libLTO.so.13
7f86d4c54000-7f86d4c5c000 r-xp 00007000 08:03 1579536                    /home/doudou/.javacpp/cache/llvm-13.0.1-1.5.7-linux-x86_64.jar/org/bytedeco/llvm/linux-x86_64/libLTO.so.13
7f86d4c5c000-7f86d4c5e000 r--p 0000f000 08:03 1579536                    /home/doudou/.javacpp/cache/llvm-13.0.1-1.5.7-linux-x86_64.jar/org/bytedeco/llvm/linux-x86_64/libLTO.so.13
7f86d4c5e000-7f86d4c5f000 r--p 00010000 08:03 1579536                    /home/doudou/.javacpp/cache/llvm-13.0.1-1.5.7-linux-x86_64.jar/org/bytedeco/llvm/linux-x86_64/libLTO.so.13
7f86d4c5f000-7f86d4c60000 rw-p 00011000 08:03 1579536                    /home/doudou/.javacpp/cache/llvm-13.0.1-1.5.7-linux-x86_64.jar/org/bytedeco/llvm/linux-x86_64/libLTO.so.13
7f86d4c60000-7f86d4c61000 r--p 00000000 08:03 551276                     /usr/lib/x86_64-linux-gnu/libdl.so.2
7f86d4c61000-7f86d4c62000 r-xp 00001000 08:03 551276                     /usr/lib/x86_64-linux-gnu/libdl.so.2
7f86d4c62000-7f86d4c63000 r--p 00002000 08:03 551276                     /usr/lib/x86_64-linux-gnu/libdl.so.2
7f86d4c63000-7f86d4c64000 r--p 00002000 08:03 551276                     /usr/lib/x86_64-linux-gnu/libdl.so.2
7f86d4c64000-7f86d4c65000 rw-p 00003000 08:03 551276                     /usr/lib/x86_64-linux-gnu/libdl.so.2
7f86d4c65000-7f86d4c66000 r--p 00000000 08:03 552054                     /usr/lib/x86_64-linux-gnu/libpthread.so.0
7f86d4c66000-7f86d4c67000 r-xp 00001000 08:03 552054                     /usr/lib/x86_64-linux-gnu/libpthread.so.0
7f86d4c67000-7f86d4c68000 r--p 00002000 08:03 552054                     /usr/lib/x86_64-linux-gnu/libpthread.so.0
7f86d4c68000-7f86d4c69000 r--p 00002000 08:03 552054                     /usr/lib/x86_64-linux-gnu/libpthread.so.0
7f86d4c69000-7f86d4c6a000 rw-p 00003000 08:03 552054                     /usr/lib/x86_64-linux-gnu/libpthread.so.0
7f86d4c74000-7f86d4c75000 r--p 00000000 08:03 1579538                    /home/doudou/.javacpp/cache/llvm-13.0.1-1.5.7-linux-x86_64.jar/org/bytedeco/llvm/linux-x86_64/libRemarks.so.13
7f86d4c75000-7f86d4c76000 r-xp 00001000 08:03 1579538                    /home/doudou/.javacpp/cache/llvm-13.0.1-1.5.7-linux-x86_64.jar/org/bytedeco/llvm/linux-x86_64/libRemarks.so.13
7f86d4c76000-7f86d4c77000 r--p 00002000 08:03 1579538                    /home/doudou/.javacpp/cache/llvm-13.0.1-1.5.7-linux-x86_64.jar/org/bytedeco/llvm/linux-x86_64/libRemarks.so.13
7f86d4c77000-7f86d4c78000 r--p 00002000 08:03 1579538                    /home/doudou/.javacpp/cache/llvm-13.0.1-1.5.7-linux-x86_64.jar/org/bytedeco/llvm/linux-x86_64/libRemarks.so.13
7f86d4c78000-7f86d4c79000 rw-p 00003000 08:03 1579538                    /home/doudou/.javacpp/cache/llvm-13.0.1-1.5.7-linux-x86_64.jar/org/bytedeco/llvm/linux-x86_64/libRemarks.so.13
7f86d4c79000-7f86d4c7d000 r--p 00000000 08:03 1058822                    /usr/lib/jvm/java-11-openjdk-amd64/lib/libnet.so
7f86d4c7d000-7f86d4c8b000 r-xp 00004000 08:03 1058822                    /usr/lib/jvm/java-11-openjdk-amd64/lib/libnet.so
7f86d4c8b000-7f86d4c8f000 r--p 00012000 08:03 1058822                    /usr/lib/jvm/java-11-openjdk-amd64/lib/libnet.so
7f86d4c8f000-7f86d4c90000 r--p 00015000 08:03 1058822                    /usr/lib/jvm/java-11-openjdk-amd64/lib/libnet.so
7f86d4c90000-7f86d4c91000 rw-p 00016000 08:03 1058822                    /usr/lib/jvm/java-11-openjdk-amd64/lib/libnet.so
7f86d4c91000-7f86d4c98000 r--p 00000000 08:03 1058823                    /usr/lib/jvm/java-11-openjdk-amd64/lib/libnio.so
7f86d4c98000-7f86d4ca0000 r-xp 00007000 08:03 1058823                    /usr/lib/jvm/java-11-openjdk-amd64/lib/libnio.so
7f86d4ca0000-7f86d4ca3000 r--p 0000f000 08:03 1058823                    /usr/lib/jvm/java-11-openjdk-amd64/lib/libnio.so
7f86d4ca3000-7f86d4ca4000 r--p 00011000 08:03 1058823                    /usr/lib/jvm/java-11-openjdk-amd64/lib/libnio.so
7f86d4ca4000-7f86d4ca5000 rw-p 00012000 08:03 1058823                    /usr/lib/jvm/java-11-openjdk-amd64/lib/libnio.so
7f86d4ca5000-7f86d4d00000 rw-p 00000000 00:00 0 
7f86d4d00000-7f86d4d04000 ---p 00000000 00:00 0 
7f86d4d04000-7f86d4e00000 rw-p 00000000 00:00 0 
7f86d4e00000-7f86d5082000 r--p 00000000 08:03 1058837                    /usr/lib/jvm/java-11-openjdk-amd64/lib/server/libjvm.so
7f86d5082000-7f86d5d1e000 r-xp 00282000 08:03 1058837                    /usr/lib/jvm/java-11-openjdk-amd64/lib/server/libjvm.so
7f86d5d1e000-7f86d5f79000 r--p 00f1e000 08:03 1058837                    /usr/lib/jvm/java-11-openjdk-amd64/lib/server/libjvm.so
7f86d5f79000-7f86d5f7a000 ---p 01179000 08:03 1058837                    /usr/lib/jvm/java-11-openjdk-amd64/lib/server/libjvm.so
7f86d5f7a000-7f86d603e000 r--p 01179000 08:03 1058837                    /usr/lib/jvm/java-11-openjdk-amd64/lib/server/libjvm.so
7f86d603e000-7f86d6079000 rw-p 0123d000 08:03 1058837                    /usr/lib/jvm/java-11-openjdk-amd64/lib/server/libjvm.so
7f86d6079000-7f86d60d0000 rw-p 00000000 00:00 0 
7f86d60d2000-7f86d60d6000 r--p 00000000 08:03 1579530                    /home/doudou/.javacpp/cache/javacpp-1.5.7-linux-x86_64.jar/org/bytedeco/javacpp/linux-x86_64/libjnijavacpp.so
7f86d60d6000-7f86d60dd000 r-xp 00004000 08:03 1579530                    /home/doudou/.javacpp/cache/javacpp-1.5.7-linux-x86_64.jar/org/bytedeco/javacpp/linux-x86_64/libjnijavacpp.so
7f86d60dd000-7f86d60e1000 r--p 0000b000 08:03 1579530                    /home/doudou/.javacpp/cache/javacpp-1.5.7-linux-x86_64.jar/org/bytedeco/javacpp/linux-x86_64/libjnijavacpp.so
7f86d60e1000-7f86d60e2000 r--p 0000e000 08:03 1579530                    /home/doudou/.javacpp/cache/javacpp-1.5.7-linux-x86_64.jar/org/bytedeco/javacpp/linux-x86_64/libjnijavacpp.so
7f86d60e2000-7f86d60e3000 rw-p 0000f000 08:03 1579530                    /home/doudou/.javacpp/cache/javacpp-1.5.7-linux-x86_64.jar/org/bytedeco/javacpp/linux-x86_64/libjnijavacpp.so
7f86d60e3000-7f86d60e5000 r--p 00000000 08:03 1058803                    /usr/lib/jvm/java-11-openjdk-amd64/lib/libdt_socket.so
7f86d60e5000-7f86d60e8000 r-xp 00002000 08:03 1058803                    /usr/lib/jvm/java-11-openjdk-amd64/lib/libdt_socket.so
7f86d60e8000-7f86d60e9000 r--p 00005000 08:03 1058803                    /usr/lib/jvm/java-11-openjdk-amd64/lib/libdt_socket.so
7f86d60e9000-7f86d60ea000 ---p 00006000 08:03 1058803                    /usr/lib/jvm/java-11-openjdk-amd64/lib/libdt_socket.so
7f86d60ea000-7f86d60eb000 r--p 00006000 08:03 1058803                    /usr/lib/jvm/java-11-openjdk-amd64/lib/libdt_socket.so
7f86d60eb000-7f86d60ec000 rw-p 00007000 08:03 1058803                    /usr/lib/jvm/java-11-openjdk-amd64/lib/libdt_socket.so
7f86d60ec000-7f86d6112000 rw-p 00000000 00:00 0 
7f86d6112000-7f86d6119000 ---p 00000000 00:00 0 
7f86d6119000-7f86d6127000 r--p 00000000 08:03 551785                     /usr/lib/x86_64-linux-gnu/libm.so.6
7f86d6127000-7f86d61a3000 r-xp 0000e000 08:03 551785                     /usr/lib/x86_64-linux-gnu/libm.so.6
7f86d61a3000-7f86d61fe000 r--p 0008a000 08:03 551785                     /usr/lib/x86_64-linux-gnu/libm.so.6
7f86d61fe000-7f86d61ff000 r--p 000e4000 08:03 551785                     /usr/lib/x86_64-linux-gnu/libm.so.6
7f86d61ff000-7f86d6200000 rw-p 000e5000 08:03 551785                     /usr/lib/x86_64-linux-gnu/libm.so.6
7f86d6200000-7f86d6228000 r--p 00000000 08:03 551134                     /usr/lib/x86_64-linux-gnu/libc.so.6
7f86d6228000-7f86d63bd000 r-xp 00028000 08:03 551134                     /usr/lib/x86_64-linux-gnu/libc.so.6
7f86d63bd000-7f86d6415000 r--p 001bd000 08:03 551134                     /usr/lib/x86_64-linux-gnu/libc.so.6
7f86d6415000-7f86d6419000 r--p 00214000 08:03 551134                     /usr/lib/x86_64-linux-gnu/libc.so.6
7f86d6419000-7f86d641b000 rw-p 00218000 08:03 551134                     /usr/lib/x86_64-linux-gnu/libc.so.6
7f86d641b000-7f86d6428000 rw-p 00000000 00:00 0 
7f86d642a000-7f86d6431000 r--s 00000000 08:03 553557                     /usr/lib/x86_64-linux-gnu/gconv/gconv-modules.cache
7f86d6431000-7f86d6437000 r--s 000f8000 07:0e 1466                       /snap/intellij-idea-ultimate/437/plugins/java/lib/rt/debugger-agent.jar
7f86d6437000-7f86d6439000 r--p 00000000 08:03 1058831                    /usr/lib/jvm/java-11-openjdk-amd64/lib/libzip.so
7f86d6439000-7f86d643e000 r-xp 00002000 08:03 1058831                    /usr/lib/jvm/java-11-openjdk-amd64/lib/libzip.so
7f86d643e000-7f86d6440000 r--p 00007000 08:03 1058831                    /usr/lib/jvm/java-11-openjdk-amd64/lib/libzip.so
7f86d6440000-7f86d6441000 r--p 00008000 08:03 1058831                    /usr/lib/jvm/java-11-openjdk-amd64/lib/libzip.so
7f86d6441000-7f86d6442000 rw-p 00009000 08:03 1058831                    /usr/lib/jvm/java-11-openjdk-amd64/lib/libzip.so
7f86d6442000-7f86d644a000 rw-s 00000000 08:03 262209                     /tmp/hsperfdata_doudou/4393
7f86d644a000-7f86d644c000 r--p 00000000 08:03 1058806                    /usr/lib/jvm/java-11-openjdk-amd64/lib/libinstrument.so
7f86d644c000-7f86d6453000 r-xp 00002000 08:03 1058806                    /usr/lib/jvm/java-11-openjdk-amd64/lib/libinstrument.so
7f86d6453000-7f86d6456000 r--p 00009000 08:03 1058806                    /usr/lib/jvm/java-11-openjdk-amd64/lib/libinstrument.so
7f86d6456000-7f86d6457000 r--p 0000b000 08:03 1058806                    /usr/lib/jvm/java-11-openjdk-amd64/lib/libinstrument.so
7f86d6457000-7f86d6458000 rw-p 0000c000 08:03 1058806                    /usr/lib/jvm/java-11-openjdk-amd64/lib/libinstrument.so
7f86d6458000-7f86d645a000 r--p 00000000 08:03 1058813                    /usr/lib/jvm/java-11-openjdk-amd64/lib/libjdwp.so
7f86d645a000-7f86d6486000 r-xp 00002000 08:03 1058813                    /usr/lib/jvm/java-11-openjdk-amd64/lib/libjdwp.so
7f86d6486000-7f86d6494000 r--p 0002e000 08:03 1058813                    /usr/lib/jvm/java-11-openjdk-amd64/lib/libjdwp.so
7f86d6494000-7f86d6495000 r--p 0003b000 08:03 1058813                    /usr/lib/jvm/java-11-openjdk-amd64/lib/libjdwp.so
7f86d6495000-7f86d6496000 rw-p 0003c000 08:03 1058813                    /usr/lib/jvm/java-11-openjdk-amd64/lib/libjdwp.so
7f86d6496000-7f86d64a4000 r--p 00000000 08:03 1058811                    /usr/lib/jvm/java-11-openjdk-amd64/lib/libjava.so
7f86d64a4000-7f86d64ba000 r-xp 0000e000 08:03 1058811                    /usr/lib/jvm/java-11-openjdk-amd64/lib/libjava.so
7f86d64ba000-7f86d64c1000 r--p 00024000 08:03 1058811                    /usr/lib/jvm/java-11-openjdk-amd64/lib/libjava.so
7f86d64c1000-7f86d64c2000 r--p 0002a000 08:03 1058811                    /usr/lib/jvm/java-11-openjdk-amd64/lib/libjava.so
7f86d64c2000-7f86d64c3000 rw-p 0002b000 08:03 1058811                    /usr/lib/jvm/java-11-openjdk-amd64/lib/libjava.so
7f86d64c3000-7f86d64c4000 rw-p 00000000 00:00 0 
7f86d64c4000-7f86d64c9000 r--p 00000000 08:03 1058830                    /usr/lib/jvm/java-11-openjdk-amd64/lib/libverify.so
7f86d64c9000-7f86d64d0000 r-xp 00005000 08:03 1058830                    /usr/lib/jvm/java-11-openjdk-amd64/lib/libverify.so
7f86d64d0000-7f86d64d2000 r--p 0000c000 08:03 1058830                    /usr/lib/jvm/java-11-openjdk-amd64/lib/libverify.so
7f86d64d2000-7f86d64d4000 r--p 0000d000 08:03 1058830                    /usr/lib/jvm/java-11-openjdk-amd64/lib/libverify.so
7f86d64d4000-7f86d64d5000 rw-p 0000f000 08:03 1058830                    /usr/lib/jvm/java-11-openjdk-amd64/lib/libverify.so
7f86d64d5000-7f86d64d6000 r--p 00000000 08:03 552110                     /usr/lib/x86_64-linux-gnu/librt.so.1
7f86d64d6000-7f86d64d7000 r-xp 00001000 08:03 552110                     /usr/lib/x86_64-linux-gnu/librt.so.1
7f86d64d7000-7f86d64d8000 r--p 00002000 08:03 552110                     /usr/lib/x86_64-linux-gnu/librt.so.1
7f86d64d8000-7f86d64d9000 r--p 00002000 08:03 552110                     /usr/lib/x86_64-linux-gnu/librt.so.1
7f86d64d9000-7f86d64da000 rw-p 00003000 08:03 552110                     /usr/lib/x86_64-linux-gnu/librt.so.1
7f86d64da000-7f86d64dd000 r--p 00000000 08:03 551433                     /usr/lib/x86_64-linux-gnu/libgcc_s.so.1
7f86d64dd000-7f86d64f4000 r-xp 00003000 08:03 551433                     /usr/lib/x86_64-linux-gnu/libgcc_s.so.1
7f86d64f4000-7f86d64f8000 r--p 0001a000 08:03 551433                     /usr/lib/x86_64-linux-gnu/libgcc_s.so.1
7f86d64f8000-7f86d64f9000 r--p 0001d000 08:03 551433                     /usr/lib/x86_64-linux-gnu/libgcc_s.so.1
7f86d64f9000-7f86d64fa000 rw-p 0001e000 08:03 551433                     /usr/lib/x86_64-linux-gnu/libgcc_s.so.1
7f86d64fa000-7f86d64fc000 rw-p 00000000 00:00 0 
7f86d64fc000-7f86d64fe000 r--p 00000000 08:03 552488                     /usr/lib/x86_64-linux-gnu/libz.so.1.2.11
7f86d64fe000-7f86d650f000 r-xp 00002000 08:03 552488                     /usr/lib/x86_64-linux-gnu/libz.so.1.2.11
7f86d650f000-7f86d6515000 r--p 00013000 08:03 552488                     /usr/lib/x86_64-linux-gnu/libz.so.1.2.11
7f86d6515000-7f86d6516000 ---p 00019000 08:03 552488                     /usr/lib/x86_64-linux-gnu/libz.so.1.2.11
7f86d6516000-7f86d6517000 r--p 00019000 08:03 552488                     /usr/lib/x86_64-linux-gnu/libz.so.1.2.11
7f86d6517000-7f86d6518000 rw-p 0001a000 08:03 552488                     /usr/lib/x86_64-linux-gnu/libz.so.1.2.11
7f86d651c000-7f86d651d000 ---p 00000000 00:00 0 
7f86d651d000-7f86d651e000 r--p 00000000 00:00 0 
7f86d651e000-7f86d6520000 r--p 00000000 08:03 1058814                    /usr/lib/jvm/java-11-openjdk-amd64/lib/libjimage.so
7f86d6520000-7f86d6523000 r-xp 00002000 08:03 1058814                    /usr/lib/jvm/java-11-openjdk-amd64/lib/libjimage.so
7f86d6523000-7f86d6524000 r--p 00005000 08:03 1058814                    /usr/lib/jvm/java-11-openjdk-amd64/lib/libjimage.so
7f86d6524000-7f86d6525000 ---p 00006000 08:03 1058814                    /usr/lib/jvm/java-11-openjdk-amd64/lib/libjimage.so
7f86d6525000-7f86d6526000 r--p 00006000 08:03 1058814                    /usr/lib/jvm/java-11-openjdk-amd64/lib/libjimage.so
7f86d6526000-7f86d6527000 rw-p 00007000 08:03 1058814                    /usr/lib/jvm/java-11-openjdk-amd64/lib/libjimage.so
7f86d6527000-7f86d652a000 r--p 00000000 08:03 1058796                    /usr/lib/jvm/java-11-openjdk-amd64/lib/jli/libjli.so
7f86d652a000-7f86d6534000 r-xp 00003000 08:03 1058796                    /usr/lib/jvm/java-11-openjdk-amd64/lib/jli/libjli.so
7f86d6534000-7f86d6537000 r--p 0000d000 08:03 1058796                    /usr/lib/jvm/java-11-openjdk-amd64/lib/jli/libjli.so
7f86d6537000-7f86d6538000 ---p 00010000 08:03 1058796                    /usr/lib/jvm/java-11-openjdk-amd64/lib/jli/libjli.so
7f86d6538000-7f86d6539000 r--p 00010000 08:03 1058796                    /usr/lib/jvm/java-11-openjdk-amd64/lib/jli/libjli.so
7f86d6539000-7f86d653a000 rw-p 00011000 08:03 1058796                    /usr/lib/jvm/java-11-openjdk-amd64/lib/jli/libjli.so
7f86d653a000-7f86d653c000 rw-p 00000000 00:00 0 
7f86d653c000-7f86d653e000 r--p 00000000 08:03 550792                     /usr/lib/x86_64-linux-gnu/ld-linux-x86-64.so.2
7f86d653e000-7f86d6568000 r-xp 00002000 08:03 550792                     /usr/lib/x86_64-linux-gnu/ld-linux-x86-64.so.2
7f86d6568000-7f86d6573000 r--p 0002c000 08:03 550792                     /usr/lib/x86_64-linux-gnu/ld-linux-x86-64.so.2
7f86d6574000-7f86d6576000 r--p 00037000 08:03 550792                     /usr/lib/x86_64-linux-gnu/ld-linux-x86-64.so.2
7f86d6576000-7f86d6578000 rw-p 00039000 08:03 550792                     /usr/lib/x86_64-linux-gnu/ld-linux-x86-64.so.2
7ffdb3b98000-7ffdb3bb9000 rw-p 00000000 00:00 0                          [stack]
7ffdb3bc9000-7ffdb3bcd000 r--p 00000000 00:00 0                          [vvar]
7ffdb3bcd000-7ffdb3bcf000 r-xp 00000000 00:00 0                          [vdso]
ffffffffff600000-ffffffffff601000 --xp 00000000 00:00 0                  [vsyscall]


VM Arguments:
jvm_args: -agentlib:jdwp=transport=dt_socket,address=127.0.0.1:41095,suspend=y,server=n -javaagent:/snap/intellij-idea-ultimate/437/plugins/java/lib/rt/debugger-agent.jar -Dfile.encoding=UTF-8 
java_command: Main /home/doudou/lab/Lab/tests/test1.sysy /home/doudou/lab/Lab/tests/out.txt
java_class_path (initial): /home/doudou/lab/Lab/out/production/Lab:/usr/local/lib/antlr-4.9.1-complete.jar:/usr/local/lib/javacpp-1.5.7-linux-x86_64.jar:/usr/local/lib/javacpp-1.5.7.jar:/usr/local/lib/llvm-13.0.1-1.5.7-linux-x86_64.jar:/usr/local/lib/llvm-13.0.1-1.5.7.jar:/usr/local/lib/llvm-platform-13.0.1-1.5.7.jar:/snap/intellij-idea-ultimate/437/lib/idea_rt.jar
Launcher Type: SUN_STANDARD

[Global flags]
     intx CICompilerCount                          = 2                                         {product} {ergonomic}
     uint ConcGCThreads                            = 1                                         {product} {ergonomic}
     uint G1ConcRefinementThreads                  = 2                                         {product} {ergonomic}
   size_t G1HeapRegionSize                         = 1048576                                   {product} {ergonomic}
    uintx GCDrainStackTargetSize                   = 64                                        {product} {ergonomic}
   size_t InitialHeapSize                          = 65011712                                  {product} {ergonomic}
   size_t MarkStackSize                            = 4194304                                   {product} {ergonomic}
   size_t MaxHeapSize                              = 1025507328                                {product} {ergonomic}
   size_t MaxNewSize                               = 614465536                                 {product} {ergonomic}
   size_t MinHeapDeltaBytes                        = 1048576                                   {product} {ergonomic}
    uintx NonNMethodCodeHeapSize                   = 5825164                                {pd product} {ergonomic}
    uintx NonProfiledCodeHeapSize                  = 122916538                              {pd product} {ergonomic}
    uintx ProfiledCodeHeapSize                     = 122916538                              {pd product} {ergonomic}
    uintx ReservedCodeCacheSize                    = 251658240                              {pd product} {ergonomic}
     bool SegmentedCodeCache                       = true                                      {product} {ergonomic}
     bool UseCompressedClassPointers               = true                                 {lp64_product} {ergonomic}
     bool UseCompressedOops                        = true                                 {lp64_product} {ergonomic}
     bool UseG1GC                                  = true                                      {product} {ergonomic}

Logging:
Log output configuration:
 #0: stdout all=warning uptime,level,tags
 #1: stderr all=off uptime,level,tags

Environment Variables:
PATH=/usr/local/sbin:/usr/local/bin:/usr/sbin:/usr/bin:/sbin:/bin:/usr/games:/usr/local/games:/snap/bin:/snap/bin
USERNAME=doudou
SHELL=/bin/bash
DISPLAY=:0
LANG=en_US.UTF-8
LC_NUMERIC=zh_CN.UTF-8
LC_TIME=zh_CN.UTF-8

Signal Handlers:
SIGSEGV: [libjvm.so+0xeabd80], sa_mask[0]=11111111011111111101111111111110, sa_flags=SA_RESTART|SA_SIGINFO
SIGBUS: [libjvm.so+0xeabd80], sa_mask[0]=11111111011111111101111111111110, sa_flags=SA_RESTART|SA_SIGINFO
SIGFPE: [libjvm.so+0xeabd80], sa_mask[0]=11111111011111111101111111111110, sa_flags=SA_RESTART|SA_SIGINFO
SIGPIPE: [libjvm.so+0xbee610], sa_mask[0]=11111111011111111101111111111110, sa_flags=SA_RESTART|SA_SIGINFO
SIGXFSZ: [libjvm.so+0xbee610], sa_mask[0]=11111111011111111101111111111110, sa_flags=SA_RESTART|SA_SIGINFO
SIGILL: [libjvm.so+0xeabd80], sa_mask[0]=11111111011111111101111111111110, sa_flags=SA_RESTART|SA_SIGINFO
SIGUSR2: [libjvm.so+0xbee4b0], sa_mask[0]=00100000000000000000000000000000, sa_flags=SA_RESTART|SA_SIGINFO
SIGHUP: [libjvm.so+0xbeec50], sa_mask[0]=11111111011111111101111111111110, sa_flags=SA_RESTART|SA_SIGINFO
SIGINT: [libjvm.so+0xbeec50], sa_mask[0]=11111111011111111101111111111110, sa_flags=SA_RESTART|SA_SIGINFO
SIGTERM: [libjvm.so+0xbeec50], sa_mask[0]=11111111011111111101111111111110, sa_flags=SA_RESTART|SA_SIGINFO
SIGQUIT: [libjvm.so+0xbeec50], sa_mask[0]=11111111011111111101111111111110, sa_flags=SA_RESTART|SA_SIGINFO


---------------  S Y S T E M  ---------------

OS:DISTRIB_ID=Ubuntu
DISTRIB_RELEASE=22.04
DISTRIB_CODENAME=jammy
DISTRIB_DESCRIPTION="Ubuntu 22.04.2 LTS"
uname:Linux 5.19.0-45-generic #46~22.04.1-Ubuntu SMP PREEMPT_DYNAMIC Wed Jun 7 15:06:04 UTC 20 x86_64
OS uptime: 0 days 0:08 hours
libc:glibc 2.35 NPTL 2.35 
rlimit (soft/hard): STACK 8192k/infinity , CORE 0k/infinity , NPROC 15333/15333 , NOFILE 1048576/1048576 , AS infinity/infinity , CPU infinity/infinity , DATA infinity/infinity , FSIZE infinity/infinity , MEMLOCK 500652k/500652k
load average:1.20 1.45 0.84

/proc/meminfo:
MemTotal:        4005236 kB
MemFree:          113616 kB
MemAvailable:     612988 kB
Buffers:            9796 kB
Cached:           657924 kB
SwapCached:        10888 kB
Active:           618056 kB
Inactive:        2658624 kB
Active(anon):     327832 kB
Inactive(anon):  2284400 kB
Active(file):     290224 kB
Inactive(file):   374224 kB
Unevictable:           0 kB
Mlocked:               0 kB
SwapTotal:       3512316 kB
SwapFree:        3208508 kB
Zswap:                 0 kB
Zswapped:              0 kB
Dirty:               172 kB
Writeback:             0 kB
AnonPages:       2599536 kB
Mapped:           362736 kB
Shmem:              5504 kB
KReclaimable:      79044 kB
Slab:             199648 kB
SReclaimable:      79044 kB
SUnreclaim:       120604 kB
KernelStack:       10712 kB
PageTables:        24348 kB
NFS_Unstable:          0 kB
Bounce:                0 kB
WritebackTmp:          0 kB
CommitLimit:     5514932 kB
Committed_AS:    5847656 kB
VmallocTotal:   34359738367 kB
VmallocUsed:       46128 kB
VmallocChunk:          0 kB
Percpu:             2208 kB
HardwareCorrupted:     0 kB
AnonHugePages:         0 kB
ShmemHugePages:        0 kB
ShmemPmdMapped:        0 kB
FileHugePages:         0 kB
FilePmdMapped:         0 kB
HugePages_Total:       0
HugePages_Free:        0
HugePages_Rsvd:        0
HugePages_Surp:        0
Hugepagesize:       2048 kB
Hugetlb:               0 kB
DirectMap4k:      159552 kB
DirectMap2M:     2985984 kB
DirectMap1G:     3145728 kB

/sys/kernel/mm/transparent_hugepage/enabled:
always [madvise] never
/sys/kernel/mm/transparent_hugepage/defrag (defrag/compaction efforts parameter):
always defer defer+madvise [madvise] never

Process Memory:
Virtual Size: 3687232K (peak: 12399120K)
Resident Set Size: 93872K (peak: 93936K) (anon: 36620K, file: 57252K, shmem: 0K)
Swapped out: 0K
C-Heap outstanding allocations: 9492K, retained: 8123K
glibc malloc tunables: (default)

/proc/sys/kernel/threads-max (system-wide limit on the number of threads):
30667
/proc/sys/vm/max_map_count (maximum number of memory map areas a process may have):
65530
/proc/sys/kernel/pid_max (system-wide limit on number of process identifiers):
4194304

container (cgroup) information:
container_type: cgroupv2
cpu_cpuset_cpus: not supported
cpu_memory_nodes: not supported
active_processor_count: 2
cpu_quota: not supported
cpu_period: not supported
cpu_shares: not supported
memory_limit_in_bytes: unlimited
memory_and_swap_limit_in_bytes: unlimited
memory_soft_limit_in_bytes: unlimited
memory_usage_in_bytes: 2367528 k
memory_max_usage_in_bytes: not supported
memory_swap_current_in_bytes: 192256 k
memory_swap_max_limit_in_bytes: unlimited
maximum number of tasks: 4600
current number of tasks: 131

VMWare virtualization detected
Steal ticks since vm start: 0
Steal ticks percentage since vm start:  0.000

CPU:total 2 (initial active 2) (1 cores per cpu, 1 threads per core) family 6 model 140 stepping 1 microcode 0xffffffff, cmov, cx8, fxsr, mmx, sse, sse2, sse3, ssse3, sse4.1, sse4.2, popcnt, avx, avx2, aes, clmul, erms, 3dnowpref, lzcnt, tsc, tscinvbit, bmi1, bmi2, adx, evex, sha, fma
CPU Model and flags from /proc/cpuinfo:
model name	: 11th Gen Intel(R) Core(TM) i7-1165G7 @ 2.80GHz
flags		: fpu vme de pse tsc msr pae mce cx8 apic sep mtrr pge mca cmov pat pse36 clflush mmx fxsr sse sse2 ss syscall nx pdpe1gb rdtscp lm constant_tsc arch_perfmon rep_good nopl xtopology tsc_reliable nonstop_tsc cpuid tsc_known_freq pni pclmulqdq ssse3 fma cx16 pcid sse4_1 sse4_2 x2apic movbe popcnt tsc_deadline_timer aes xsave avx f16c rdrand hypervisor lahf_lm abm 3dnowprefetch invpcid_single pti ssbd ibrs ibpb stibp fsgsbase tsc_adjust bmi1 avx2 smep bmi2 erms invpcid avx512f avx512dq rdseed adx smap avx512ifma clflushopt clwb avx512cd sha_ni avx512bw avx512vl xsaveopt xsavec xgetbv1 xsaves arat avx512vbmi umip avx512_vbmi2 gfni vaes vpclmulqdq avx512_vnni avx512_bitalg avx512_vpopcntdq rdpid fsrm avx512_vp2intersect flush_l1d arch_capabilities
Online cpus:
0-1
Offline cpus:

BIOS frequency limitation:
<Not Available>
Frequency switch latency (ns):
<Not Available>
Available cpu frequencies:
<Not Available>
Current governor:
<Not Available>
Core performance/turbo boost:
<Not Available>

Memory: 4k page, physical 4005236k(113616k free), swap 3512316k(3208508k free)

vm_info: OpenJDK 64-Bit Server VM (11.0.19+7-post-Ubuntu-0ubuntu122.04.1) for linux-amd64 JRE (11.0.19+7-post-Ubuntu-0ubuntu122.04.1), built on May 10 2023 00:54:00 by "unknown" with gcc 11.3.0

END.
