#
# A fatal error has been detected by the Java Runtime Environment:
#
#  SIGSEGV (0xb) at pc=0x00007f21da02fd0f, pid=8204, tid=8207
#
# JRE version: OpenJDK Runtime Environment (11.0.19+7) (build 11.0.19+7-post-Ubuntu-0ubuntu122.04.1)
# Java VM: OpenJDK 64-Bit Server VM (11.0.19+7-post-Ubuntu-0ubuntu122.04.1, mixed mode, sharing, tiered, compressed oops, g1 gc, linux-amd64)
# Problematic frame:
# C  [libLLVM-13.so+0xc2fd0f]  LLVMBuildCall+0x1f
#
# Core dump will be written. Default location: Core dumps may be processed with "/usr/share/apport/apport -p%p -s%s -c%c -d%d -P%P -u%u -g%g -- %E" (or dumping to /home/doudou/lab/Lab/core.8204)
#
# If you would like to submit a bug report, please visit:
#   https://bugs.launchpad.net/ubuntu/+source/openjdk-lts
# The crash happened outside the Java Virtual Machine in native code.
# See problematic frame for where to report the bug.
#

---------------  S U M M A R Y ------------

Command Line: -javaagent:/snap/intellij-idea-ultimate/430/lib/idea_rt.jar=41537:/snap/intellij-idea-ultimate/430/bin -Dfile.encoding=UTF-8 Main /home/doudou/lab/Lab/tests/test1.sysy /home/doudou/lab/Lab/tests/out.txt

Host: 11th Gen Intel(R) Core(TM) i7-1165G7 @ 2.80GHz, 2 cores, 3G, Ubuntu 22.04.2 LTS
Time: Mon Jun 12 12:47:43 2023 CST elapsed time: 1.449853 seconds (0d 0h 0m 1s)

---------------  T H R E A D  ---------------

Current thread (0x00007f2238016800):  JavaThread "main" [_thread_in_native, id=8207, stack(0x00007f223d900000,0x00007f223da00000)]

Stack: [0x00007f223d900000,0x00007f223da00000],  sp=0x00007f223d9fddf0,  free space=1015k
Native frames: (J=compiled Java code, A=aot compiled Java code, j=interpreted, Vv=VM code, C=native code)
C  [libLLVM-13.so+0xc2fd0f]  LLVMBuildCall+0x1f

Java frames: (J=compiled Java code, j=interpreted, Vv=VM code)
j  org.bytedeco.llvm.global.LLVM.LLVMBuildCall(Lorg/bytedeco/llvm/LLVM/LLVMBuilderRef;Lorg/bytedeco/llvm/LLVM/LLVMValueRef;Lorg/bytedeco/javacpp/PointerPointer;ILjava/lang/String;)Lorg/bytedeco/llvm/LLVM/LLVMValueRef;+0
j  SysYLlvmVisitor.visitExp(LSysYParser$ExpContext;)Lorg/bytedeco/llvm/LLVM/LLVMValueRef;+101
j  SysYLlvmVisitor.visitStmt(LSysYParser$StmtContext;)Lorg/bytedeco/llvm/LLVM/LLVMValueRef;+823
j  SysYLlvmVisitor.visitStmt(LSysYParser$StmtContext;)Ljava/lang/Object;+2
j  SysYParser$StmtContext.accept(Lorg/antlr/v4/runtime/tree/ParseTreeVisitor;)Ljava/lang/Object;+12
j  org.antlr.v4.runtime.tree.AbstractParseTreeVisitor.visitChildren(Lorg/antlr/v4/runtime/tree/RuleNode;)Ljava/lang/Object;+46
j  SysYParserBaseVisitor.visitBlockItem(LSysYParser$BlockItemContext;)Ljava/lang/Object;+2
j  SysYParser$BlockItemContext.accept(Lorg/antlr/v4/runtime/tree/ParseTreeVisitor;)Ljava/lang/Object;+12
j  org.antlr.v4.runtime.tree.AbstractParseTreeVisitor.visitChildren(Lorg/antlr/v4/runtime/tree/RuleNode;)Ljava/lang/Object;+46
j  SysYParserBaseVisitor.visitBlock(LSysYParser$BlockContext;)Ljava/lang/Object;+2
j  SysYParser$BlockContext.accept(Lorg/antlr/v4/runtime/tree/ParseTreeVisitor;)Ljava/lang/Object;+12
j  org.antlr.v4.runtime.tree.AbstractParseTreeVisitor.visit(Lorg/antlr/v4/runtime/tree/ParseTree;)Ljava/lang/Object;+2
j  SysYLlvmVisitor.visitFuncDef(LSysYParser$FuncDefContext;)Lorg/bytedeco/llvm/LLVM/LLVMValueRef;+380
j  SysYLlvmVisitor.visitCompUnit(LSysYParser$CompUnitContext;)Lorg/bytedeco/llvm/LLVM/LLVMValueRef;+364
j  SysYLlvmVisitor.visitCompUnit(LSysYParser$CompUnitContext;)Ljava/lang/Object;+2
j  SysYParser$CompUnitContext.accept(Lorg/antlr/v4/runtime/tree/ParseTreeVisitor;)Ljava/lang/Object;+12
j  org.antlr.v4.runtime.tree.AbstractParseTreeVisitor.visitChildren(Lorg/antlr/v4/runtime/tree/RuleNode;)Ljava/lang/Object;+46
j  SysYParserBaseVisitor.visitProgram(LSysYParser$ProgramContext;)Ljava/lang/Object;+2
j  SysYParser$ProgramContext.accept(Lorg/antlr/v4/runtime/tree/ParseTreeVisitor;)Ljava/lang/Object;+12
j  org.antlr.v4.runtime.tree.AbstractParseTreeVisitor.visit(Lorg/antlr/v4/runtime/tree/ParseTree;)Ljava/lang/Object;+2
j  Main.main([Ljava/lang/String;)V+218
v  ~StubRoutines::call_stub

siginfo: si_signo: 11 (SIGSEGV), si_code: 1 (SEGV_MAPERR), si_addr: 0x0000000000000000

Register to memory mapping:

RAX=0x00007f223836b8e0 points into unknown readable memory: 0x00007f2238353f30 | 30 3f 35 38 22 7f 00 00
RBX=0x00007f2238343860 points into unknown readable memory: 0x00007f2238343870 | 70 38 34 38 22 7f 00 00
RCX=0x0 is NULL
RDX=0x0 is NULL
RSP=0x00007f223d9fddf0 is pointing into the stack for thread: 0x00007f2238016800
RBP=0x00007f2238016b48 points into unknown readable memory: 0x00007f223d844b40 | 40 4b 84 3d 22 7f 00 00
RSI=0x00007f2238343aa8 points into unknown readable memory: 0x00007f223836b8e0 | e0 b8 36 38 22 7f 00 00
RDI=0x0000000000000101 is an unknown value
R8 =0x0 is NULL
R9 =0x00000000c6c86710 is an oop: org.bytedeco.llvm.LLVM.LLVMValueRef 
{0x00000000c6c86710} - klass: 'org/bytedeco/llvm/LLVM/LLVMValueRef'
 - ---- fields (total size 6 words):
 - private 'deallocator' 'Lorg/bytedeco/javacpp/Pointer$Deallocator;' @12  NULL (0)
 - protected 'address' 'J' @16  139784948562600 (38343aa8 7f22)
 - protected 'position' 'J' @24  0 (0 0)
 - protected 'limit' 'J' @32  0 (0 0)
 - protected 'capacity' 'J' @40  0 (0 0)
R10=0x00007f2238343aa8 points into unknown readable memory: 0x00007f223836b8e0 | e0 b8 36 38 22 7f 00 00
R11=0x00007f21da02fcf0: LLVMBuildCall+0x0000000000000000 in /home/doudou/.javacpp/cache/llvm-13.0.1-1.5.7-linux-x86_64.jar/org/bytedeco/llvm/linux-x86_64/libLLVM-13.so at 0x00007f21d9400000
R12=0x00007f223d9fdfb8 is pointing into the stack for thread: 0x00007f2238016800
R13=0x00007f2238343860 points into unknown readable memory: 0x00007f2238343870 | 70 38 34 38 22 7f 00 00
R14=0x0 is NULL
R15=0x0 is NULL


Registers:
RAX=0x00007f223836b8e0, RBX=0x00007f2238343860, RCX=0x0000000000000000, RDX=0x0000000000000000
RSP=0x00007f223d9fddf0, RBP=0x00007f2238016b48, RSI=0x00007f2238343aa8, RDI=0x0000000000000101
R8 =0x0000000000000000, R9 =0x00000000c6c86710, R10=0x00007f2238343aa8, R11=0x00007f21da02fcf0
R12=0x00007f223d9fdfb8, R13=0x00007f2238343860, R14=0x0000000000000000, R15=0x0000000000000000
RIP=0x00007f21da02fd0f, EFLAGS=0x0000000000010206, CSGSFS=0x002b000000000033, ERR=0x0000000000000004
  TRAPNO=0x000000000000000e

Top of Stack: (sp=0x00007f223d9fddf0)
0x00007f223d9fddf0:   0000000000000000 0000000000000000
0x00007f223d9fde00:   0000000000000000 0000000000000000
0x00007f223d9fde10:   0000000000000000 0000000000000000
0x00007f223d9fde20:   0000000000000000 0000000000000000 

Instructions: (pc=0x00007f21da02fd0f)
0x00007f21da02fc0f:   00 0f b6 c8 83 e9 12 83 f9 01 77 0b 48 8b 42 10
0x00007f21da02fc1f:   48 8b 00 0f b6 40 08 3c 06 77 25 48 8b 55 58 44
0x00007f21da02fc2f:   8b 6d 60 48 85 d2 74 0d be 03 00 00 00 4c 89 e7
0x00007f21da02fc3f:   e8 fc e1 0d 00 44 89 ee 4c 89 e7 e8 41 95 08 00
0x00007f21da02fc4f:   48 8b 7d 50 48 8b 4d 30 48 89 e2 4c 89 e6 4c 8b
0x00007f21da02fc5f:   45 38 48 8b 07 ff 50 10 48 8b 5d 00 8b 6d 08 48
0x00007f21da02fc6f:   c1 e5 04 48 01 dd 48 39 eb 74 1d 66 0f 1f 44 00
0x00007f21da02fc7f:   00 48 8b 53 08 8b 33 4c 89 e7 48 83 c3 10 e8 ae
0x00007f21da02fc8f:   e1 0d 00 48 39 dd 75 e9 48 83 c4 68 4c 89 e0 5b
0x00007f21da02fc9f:   5d 41 5c 41 5d c3 0f 1f 00 48 8b 52 18 0f b6 42
0x00007f21da02fcaf:   08 3c 11 0f 85 58 ff ff ff 48 8b 52 18 0f b6 42
0x00007f21da02fcbf:   08 3c 11 74 e4 e9 47 ff ff ff 0f 1f 80 00 00 00
0x00007f21da02fccf:   00 3c 05 0f 85 77 ff ff ff 41 0f b7 44 24 12 e9
0x00007f21da02fcdf:   fd fe ff ff 66 2e 0f 1f 84 00 00 00 00 00 0f 1f
0x00007f21da02fcef:   00 41 57 49 89 f2 41 56 41 55 41 54 55 53 48 89
0x00007f21da02fcff:   fb bf 01 01 00 00 48 81 ec 98 00 00 00 48 8b 06
0x00007f21da02fd0f:   41 80 38 00 48 89 14 24 4c 8b 58 18 66 89 7c 24
0x00007f21da02fd1f:   50 74 0a 4c 89 44 24 30 c6 44 24 50 03 4c 8b 43
0x00007f21da02fd2f:   70 48 8b 6b 68 be 01 01 00 00 41 89 c9 66 89 b4
0x00007f21da02fd3f:   24 80 00 00 00 4d 89 c5 49 c1 e5 05 49 01 ed 49
0x00007f21da02fd4f:   39 ed 0f 84 89 02 00 00 48 89 ea 31 f6 0f 1f 40
0x00007f21da02fd5f:   00 48 8b 42 10 48 2b 42 08 48 83 c2 20 48 c1 f8
0x00007f21da02fd6f:   03 01 c6 49 39 d5 75 e9 83 c1 01 44 89 c2 bf 50
0x00007f21da02fd7f:   00 00 00 4c 89 54 24 28 01 ce c1 e2 04 4c 89 4c
0x00007f21da02fd8f:   24 20 49 89 ee 4c 89 5c 24 18 4c 89 44 24 10 89
0x00007f21da02fd9f:   4c 24 08 e8 f9 d6 12 00 4c 8b 44 24 10 4c 8b 4c
0x00007f21da02fdaf:   24 20 48 89 ee 4c 8b 54 24 28 4c 8b 5c 24 18 49
0x00007f21da02fdbf:   89 c4 8b 4c 24 08 4d 89 c7 4c 89 c8 45 31 c0 66
0x00007f21da02fdcf:   90 48 8b 56 10 48 2b 56 08 48 83 c6 20 48 c1 fa
0x00007f21da02fddf:   03 41 01 d0 49 39 f5 75 e8 41 01 c8 31 c9 0f 1f
0x00007f21da02fdef:   00 48 8b 55 10 48 2b 55 08 48 83 c5 20 48 c1 fa
0x00007f21da02fdff:   03 01 d1 49 39 ed 75 e9 49 01 c9 49 8b 73 10 49 


Stack slot to memory mapping:
stack at sp + 0 slots: 0x0 is NULL
stack at sp + 1 slots: 0x0 is NULL
stack at sp + 2 slots: 0x0 is NULL
stack at sp + 3 slots: 0x0 is NULL
stack at sp + 4 slots: 0x0 is NULL
stack at sp + 5 slots: 0x0 is NULL
stack at sp + 6 slots: 0x0 is NULL
stack at sp + 7 slots: 0x0 is NULL


---------------  P R O C E S S  ---------------

Threads class SMR info:
_java_thread_list=0x00007f2238207b80, length=11, elements={
0x00007f2238016800, 0x00007f2238120000, 0x00007f2238122000, 0x00007f2238128800,
0x00007f223812a800, 0x00007f223812c800, 0x00007f223812e800, 0x00007f2238130800,
0x00007f223813f000, 0x00007f22381e7800, 0x00007f2238205000
}

Java Threads: ( => current thread )
=>0x00007f2238016800 JavaThread "main" [_thread_in_native, id=8207, stack(0x00007f223d900000,0x00007f223da00000)]
  0x00007f2238120000 JavaThread "Reference Handler" daemon [_thread_blocked, id=8215, stack(0x00007f221909f000,0x00007f221919f000)]
  0x00007f2238122000 JavaThread "Finalizer" daemon [_thread_blocked, id=8216, stack(0x00007f2218f9f000,0x00007f221909f000)]
  0x00007f2238128800 JavaThread "Signal Dispatcher" daemon [_thread_blocked, id=8217, stack(0x00007f2218e9f000,0x00007f2218f9f000)]
  0x00007f223812a800 JavaThread "Service Thread" daemon [_thread_blocked, id=8218, stack(0x00007f2218d9f000,0x00007f2218e9f000)]
  0x00007f223812c800 JavaThread "C2 CompilerThread0" daemon [_thread_blocked, id=8219, stack(0x00007f2218c9f000,0x00007f2218d9f000)]
  0x00007f223812e800 JavaThread "C1 CompilerThread0" daemon [_thread_blocked, id=8220, stack(0x00007f2218b9f000,0x00007f2218c9f000)]
  0x00007f2238130800 JavaThread "Sweeper thread" daemon [_thread_blocked, id=8221, stack(0x00007f2218a9f000,0x00007f2218b9f000)]
  0x00007f223813f000 JavaThread "Common-Cleaner" daemon [_thread_blocked, id=8222, stack(0x00007f221899f000,0x00007f2218a9f000)]
  0x00007f22381e7800 JavaThread "Monitor Ctrl-Break" daemon [_thread_in_native, id=8223, stack(0x00007f221889f000,0x00007f221899f000)]
  0x00007f2238205000 JavaThread "JavaCPP Deallocator" daemon [_thread_blocked, id=8225, stack(0x00007f221869d000,0x00007f221879d000)]

Other Threads:
  0x00007f223811d000 VMThread "VM Thread" [stack: 0x00007f22191a1000,0x00007f22192a1000] [id=8214]
  0x00007f22381ea000 WatcherThread [stack: 0x00007f221879f000,0x00007f221889f000] [id=8224]
  0x00007f223802f800 GCTaskThread "GC Thread#0" [stack: 0x00007f223c015000,0x00007f223c115000] [id=8209]
  0x00007f2204001000 GCTaskThread "GC Thread#1" [stack: 0x00007f221859d000,0x00007f221869d000] [id=8226]
  0x00007f223804a800 ConcurrentGCThread "G1 Main Marker" [stack: 0x00007f2220031000,0x00007f2220131000] [id=8210]
  0x00007f223804c000 ConcurrentGCThread "G1 Conc#0" [stack: 0x00007f2219ea9000,0x00007f2219fa9000] [id=8211]
  0x00007f2238087800 ConcurrentGCThread "G1 Refine#0" [stack: 0x00007f2219ba5000,0x00007f2219ca5000] [id=8212]
  0x00007f2238089000 ConcurrentGCThread "G1 Young RemSet Sampling" [stack: 0x00007f2219aa3000,0x00007f2219ba3000] [id=8213]

Threads with active compile tasks:

VM state:not at safepoint (normal execution)

VM Mutex/Monitor currently owned by a thread: None

Heap address: 0x00000000c3200000, size: 974 MB, Compressed Oops mode: 32-bit
Narrow klass base: 0x0000000800000000, Narrow klass shift: 3
Compressed class space size: 1073741824 Address: 0x0000000840000000

Heap:
 garbage-first heap   total 65536K, used 5467K [0x00000000c3200000, 0x0000000100000000)
  region size 1024K, 5 young (5120K), 1 survivors (1024K)
 Metaspace       used 4064K, capacity 6615K, committed 6912K, reserved 1056768K
  class space    used 435K, capacity 695K, committed 768K, reserved 1048576K
Heap Regions: E=young(eden), S=young(survivor), O=old, HS=humongous(starts), HC=humongous(continues), CS=collection set, F=free, A=archive, TAMS=top-at-mark-start (previous, next)
|   0|0x00000000c3200000, 0x00000000c32a4e00, 0x00000000c3300000| 64%| O|  |TAMS 0x00000000c3200000, 0x00000000c3200000| Untracked 
|   1|0x00000000c3300000, 0x00000000c3300000, 0x00000000c3400000|  0%| F|  |TAMS 0x00000000c3300000, 0x00000000c3300000| Untracked 
|   2|0x00000000c3400000, 0x00000000c3400000, 0x00000000c3500000|  0%| F|  |TAMS 0x00000000c3400000, 0x00000000c3400000| Untracked 
|   3|0x00000000c3500000, 0x00000000c3500000, 0x00000000c3600000|  0%| F|  |TAMS 0x00000000c3500000, 0x00000000c3500000| Untracked 
|   4|0x00000000c3600000, 0x00000000c3600000, 0x00000000c3700000|  0%| F|  |TAMS 0x00000000c3600000, 0x00000000c3600000| Untracked 
|   5|0x00000000c3700000, 0x00000000c3700000, 0x00000000c3800000|  0%| F|  |TAMS 0x00000000c3700000, 0x00000000c3700000| Untracked 
|   6|0x00000000c3800000, 0x00000000c3800000, 0x00000000c3900000|  0%| F|  |TAMS 0x00000000c3800000, 0x00000000c3800000| Untracked 
|   7|0x00000000c3900000, 0x00000000c3900000, 0x00000000c3a00000|  0%| F|  |TAMS 0x00000000c3900000, 0x00000000c3900000| Untracked 
|   8|0x00000000c3a00000, 0x00000000c3a00000, 0x00000000c3b00000|  0%| F|  |TAMS 0x00000000c3a00000, 0x00000000c3a00000| Untracked 
|   9|0x00000000c3b00000, 0x00000000c3b00000, 0x00000000c3c00000|  0%| F|  |TAMS 0x00000000c3b00000, 0x00000000c3b00000| Untracked 
|  10|0x00000000c3c00000, 0x00000000c3c00000, 0x00000000c3d00000|  0%| F|  |TAMS 0x00000000c3c00000, 0x00000000c3c00000| Untracked 
|  11|0x00000000c3d00000, 0x00000000c3d00000, 0x00000000c3e00000|  0%| F|  |TAMS 0x00000000c3d00000, 0x00000000c3d00000| Untracked 
|  12|0x00000000c3e00000, 0x00000000c3e00000, 0x00000000c3f00000|  0%| F|  |TAMS 0x00000000c3e00000, 0x00000000c3e00000| Untracked 
|  13|0x00000000c3f00000, 0x00000000c3f00000, 0x00000000c4000000|  0%| F|  |TAMS 0x00000000c3f00000, 0x00000000c3f00000| Untracked 
|  14|0x00000000c4000000, 0x00000000c4000000, 0x00000000c4100000|  0%| F|  |TAMS 0x00000000c4000000, 0x00000000c4000000| Untracked 
|  15|0x00000000c4100000, 0x00000000c4100000, 0x00000000c4200000|  0%| F|  |TAMS 0x00000000c4100000, 0x00000000c4100000| Untracked 
|  16|0x00000000c4200000, 0x00000000c4200000, 0x00000000c4300000|  0%| F|  |TAMS 0x00000000c4200000, 0x00000000c4200000| Untracked 
|  17|0x00000000c4300000, 0x00000000c4300000, 0x00000000c4400000|  0%| F|  |TAMS 0x00000000c4300000, 0x00000000c4300000| Untracked 
|  18|0x00000000c4400000, 0x00000000c4400000, 0x00000000c4500000|  0%| F|  |TAMS 0x00000000c4400000, 0x00000000c4400000| Untracked 
|  19|0x00000000c4500000, 0x00000000c4500000, 0x00000000c4600000|  0%| F|  |TAMS 0x00000000c4500000, 0x00000000c4500000| Untracked 
|  20|0x00000000c4600000, 0x00000000c4600000, 0x00000000c4700000|  0%| F|  |TAMS 0x00000000c4600000, 0x00000000c4600000| Untracked 
|  21|0x00000000c4700000, 0x00000000c4700000, 0x00000000c4800000|  0%| F|  |TAMS 0x00000000c4700000, 0x00000000c4700000| Untracked 
|  22|0x00000000c4800000, 0x00000000c4800000, 0x00000000c4900000|  0%| F|  |TAMS 0x00000000c4800000, 0x00000000c4800000| Untracked 
|  23|0x00000000c4900000, 0x00000000c4900000, 0x00000000c4a00000|  0%| F|  |TAMS 0x00000000c4900000, 0x00000000c4900000| Untracked 
|  24|0x00000000c4a00000, 0x00000000c4a00000, 0x00000000c4b00000|  0%| F|  |TAMS 0x00000000c4a00000, 0x00000000c4a00000| Untracked 
|  25|0x00000000c4b00000, 0x00000000c4b00000, 0x00000000c4c00000|  0%| F|  |TAMS 0x00000000c4b00000, 0x00000000c4b00000| Untracked 
|  26|0x00000000c4c00000, 0x00000000c4c00000, 0x00000000c4d00000|  0%| F|  |TAMS 0x00000000c4c00000, 0x00000000c4c00000| Untracked 
|  27|0x00000000c4d00000, 0x00000000c4d00000, 0x00000000c4e00000|  0%| F|  |TAMS 0x00000000c4d00000, 0x00000000c4d00000| Untracked 
|  28|0x00000000c4e00000, 0x00000000c4e00000, 0x00000000c4f00000|  0%| F|  |TAMS 0x00000000c4e00000, 0x00000000c4e00000| Untracked 
|  29|0x00000000c4f00000, 0x00000000c4f00000, 0x00000000c5000000|  0%| F|  |TAMS 0x00000000c4f00000, 0x00000000c4f00000| Untracked 
|  30|0x00000000c5000000, 0x00000000c5000000, 0x00000000c5100000|  0%| F|  |TAMS 0x00000000c5000000, 0x00000000c5000000| Untracked 
|  31|0x00000000c5100000, 0x00000000c5100000, 0x00000000c5200000|  0%| F|  |TAMS 0x00000000c5100000, 0x00000000c5100000| Untracked 
|  32|0x00000000c5200000, 0x00000000c5200000, 0x00000000c5300000|  0%| F|  |TAMS 0x00000000c5200000, 0x00000000c5200000| Untracked 
|  33|0x00000000c5300000, 0x00000000c5300000, 0x00000000c5400000|  0%| F|  |TAMS 0x00000000c5300000, 0x00000000c5300000| Untracked 
|  34|0x00000000c5400000, 0x00000000c5400000, 0x00000000c5500000|  0%| F|  |TAMS 0x00000000c5400000, 0x00000000c5400000| Untracked 
|  35|0x00000000c5500000, 0x00000000c5500000, 0x00000000c5600000|  0%| F|  |TAMS 0x00000000c5500000, 0x00000000c5500000| Untracked 
|  36|0x00000000c5600000, 0x00000000c5600000, 0x00000000c5700000|  0%| F|  |TAMS 0x00000000c5600000, 0x00000000c5600000| Untracked 
|  37|0x00000000c5700000, 0x00000000c5700000, 0x00000000c5800000|  0%| F|  |TAMS 0x00000000c5700000, 0x00000000c5700000| Untracked 
|  38|0x00000000c5800000, 0x00000000c5800000, 0x00000000c5900000|  0%| F|  |TAMS 0x00000000c5800000, 0x00000000c5800000| Untracked 
|  39|0x00000000c5900000, 0x00000000c5900000, 0x00000000c5a00000|  0%| F|  |TAMS 0x00000000c5900000, 0x00000000c5900000| Untracked 
|  40|0x00000000c5a00000, 0x00000000c5a00000, 0x00000000c5b00000|  0%| F|  |TAMS 0x00000000c5a00000, 0x00000000c5a00000| Untracked 
|  41|0x00000000c5b00000, 0x00000000c5b00000, 0x00000000c5c00000|  0%| F|  |TAMS 0x00000000c5b00000, 0x00000000c5b00000| Untracked 
|  42|0x00000000c5c00000, 0x00000000c5c00000, 0x00000000c5d00000|  0%| F|  |TAMS 0x00000000c5c00000, 0x00000000c5c00000| Untracked 
|  43|0x00000000c5d00000, 0x00000000c5d00000, 0x00000000c5e00000|  0%| F|  |TAMS 0x00000000c5d00000, 0x00000000c5d00000| Untracked 
|  44|0x00000000c5e00000, 0x00000000c5e00000, 0x00000000c5f00000|  0%| F|  |TAMS 0x00000000c5e00000, 0x00000000c5e00000| Untracked 
|  45|0x00000000c5f00000, 0x00000000c5f00000, 0x00000000c6000000|  0%| F|  |TAMS 0x00000000c5f00000, 0x00000000c5f00000| Untracked 
|  46|0x00000000c6000000, 0x00000000c6000000, 0x00000000c6100000|  0%| F|  |TAMS 0x00000000c6000000, 0x00000000c6000000| Untracked 
|  47|0x00000000c6100000, 0x00000000c6100000, 0x00000000c6200000|  0%| F|  |TAMS 0x00000000c6100000, 0x00000000c6100000| Untracked 
|  48|0x00000000c6200000, 0x00000000c6200000, 0x00000000c6300000|  0%| F|  |TAMS 0x00000000c6200000, 0x00000000c6200000| Untracked 
|  49|0x00000000c6300000, 0x00000000c6300000, 0x00000000c6400000|  0%| F|  |TAMS 0x00000000c6300000, 0x00000000c6300000| Untracked 
|  50|0x00000000c6400000, 0x00000000c6400000, 0x00000000c6500000|  0%| F|  |TAMS 0x00000000c6400000, 0x00000000c6400000| Untracked 
|  51|0x00000000c6500000, 0x00000000c6500000, 0x00000000c6600000|  0%| F|  |TAMS 0x00000000c6500000, 0x00000000c6500000| Untracked 
|  52|0x00000000c6600000, 0x00000000c6600000, 0x00000000c6700000|  0%| F|  |TAMS 0x00000000c6600000, 0x00000000c6600000| Untracked 
|  53|0x00000000c6700000, 0x00000000c6700000, 0x00000000c6800000|  0%| F|  |TAMS 0x00000000c6700000, 0x00000000c6700000| Untracked 
|  54|0x00000000c6800000, 0x00000000c6900000, 0x00000000c6900000|100%| S|CS|TAMS 0x00000000c6800000, 0x00000000c6800000| Complete 
|  55|0x00000000c6900000, 0x00000000c6900000, 0x00000000c6a00000|  0%| F|  |TAMS 0x00000000c6900000, 0x00000000c6900000| Untracked 
|  56|0x00000000c6a00000, 0x00000000c6a00000, 0x00000000c6b00000|  0%| F|  |TAMS 0x00000000c6a00000, 0x00000000c6a00000| Untracked 
|  57|0x00000000c6b00000, 0x00000000c6b00000, 0x00000000c6c00000|  0%| F|  |TAMS 0x00000000c6b00000, 0x00000000c6b00000| Untracked 
|  58|0x00000000c6c00000, 0x00000000c6d00000, 0x00000000c6d00000|100%| E|  |TAMS 0x00000000c6c00000, 0x00000000c6c00000| Complete 
|  59|0x00000000c6d00000, 0x00000000c6e00000, 0x00000000c6e00000|100%| E|CS|TAMS 0x00000000c6d00000, 0x00000000c6d00000| Complete 
|  60|0x00000000c6e00000, 0x00000000c6f00000, 0x00000000c6f00000|100%| E|CS|TAMS 0x00000000c6e00000, 0x00000000c6e00000| Complete 
|  61|0x00000000c6f00000, 0x00000000c7000000, 0x00000000c7000000|100%| E|CS|TAMS 0x00000000c6f00000, 0x00000000c6f00000| Complete 
| 972|0x00000000ffe00000, 0x00000000ffe47000, 0x00000000fff00000| 27%|OA|  |TAMS 0x00000000ffe00000, 0x00000000ffe00000| Untracked 
| 973|0x00000000fff00000, 0x00000000fff6b000, 0x0000000100000000| 41%|CA|  |TAMS 0x00000000fff00000, 0x00000000fff00000| Untracked 

Card table byte_map: [0x00007f2220131000,0x00007f2220318000] _byte_map_base: 0x00007f221fb18000

Marking Bits (Prev, Next): (CMBitMap*) 0x00007f2238045a68, (CMBitMap*) 0x00007f2238045aa0
 Prev Bits: [0x00007f221aee1000, 0x00007f221be19000)
 Next Bits: [0x00007f2219fa9000, 0x00007f221aee1000)

Polling page: 0x00007f223dd84000

Metaspace:

Usage:
  Non-class:      5.78 MB capacity,     3.54 MB ( 61%) used,     2.23 MB ( 39%) free+waste,     7.00 KB ( <1%) overhead. 
      Class:    695.00 KB capacity,   435.31 KB ( 63%) used,   255.94 KB ( 37%) free+waste,     3.75 KB ( <1%) overhead. 
       Both:      6.46 MB capacity,     3.97 MB ( 61%) used,     2.48 MB ( 38%) free+waste,    10.75 KB ( <1%) overhead. 

Virtual space:
  Non-class space:        8.00 MB reserved,       6.00 MB ( 75%) committed 
      Class space:        1.00 GB reserved,     768.00 KB ( <1%) committed 
             Both:        1.01 GB reserved,       6.75 MB ( <1%) committed 

Chunk freelists:
   Non-Class:  28.00 KB
       Class:  9.00 KB
        Both:  37.00 KB

MaxMetaspaceSize: unlimited
CompressedClassSpaceSize: 1.00 GB
Initial GC threshold: 20.80 MB
Current GC threshold: 20.80 MB
CDS: on

CodeHeap 'non-profiled nmethods': size=120036Kb used=227Kb max_used=227Kb free=119808Kb
 bounds [0x00007f22280c7000, 0x00007f2228337000, 0x00007f222f600000]
CodeHeap 'profiled nmethods': size=120032Kb used=1385Kb max_used=1385Kb free=118646Kb
 bounds [0x00007f2220b8f000, 0x00007f2220dff000, 0x00007f22280c7000]
CodeHeap 'non-nmethods': size=5692Kb used=1157Kb max_used=1165Kb free=4535Kb
 bounds [0x00007f2220600000, 0x00007f2220870000, 0x00007f2220b8f000]
 total_blobs=1178 nmethods=769 adapters=323
 compilation: enabled
              stopped_count=0, restarted_count=0
 full_count=0

Compilation events (20 events):
Event: 1.427 Thread 0x00007f223812e800  756       3       java.lang.Number::<init> (5 bytes)
Event: 1.428 Thread 0x00007f223812e800 nmethod 756 0x00007f2220cdac90 code [0x00007f2220cdae40, 0x00007f2220cdafb0]
Event: 1.428 Thread 0x00007f223812e800  754       3       java.lang.invoke.MemberName::isConstructor (7 bytes)
Event: 1.428 Thread 0x00007f223812e800 nmethod 754 0x00007f2220cdb090 code [0x00007f2220cdb240, 0x00007f2220cdb490]
Event: 1.428 Thread 0x00007f223812e800  749       3       java.lang.invoke.LambdaForm::parameter (52 bytes)
Event: 1.428 Thread 0x00007f223812e800 nmethod 749 0x00007f2220cdb590 code [0x00007f2220cdb740, 0x00007f2220cdb890]
Event: 1.428 Thread 0x00007f223812e800  759       1       java.lang.invoke.LambdaForm$Name::type (5 bytes)
Event: 1.428 Thread 0x00007f223812e800 nmethod 759 0x00007f22280fef90 code [0x00007f22280ff140, 0x00007f22280ff210]
Event: 1.428 Thread 0x00007f223812e800  755       1       java.lang.invoke.MethodTypeForm::basicType (5 bytes)
Event: 1.428 Thread 0x00007f223812e800 nmethod 755 0x00007f22280ff290 code [0x00007f22280ff440, 0x00007f22280ff510]
Event: 1.432 Thread 0x00007f223812e800  764       3       java.lang.invoke.LambdaForm$Name::useCount (42 bytes)
Event: 1.432 Thread 0x00007f223812e800 nmethod 764 0x00007f2220cdb990 code [0x00007f2220cdbb60, 0x00007f2220cdbe70]
Event: 1.433 Thread 0x00007f223812e800  765       3       java.lang.invoke.MemberName::getMethodOrFieldType (72 bytes)
Event: 1.434 Thread 0x00007f223812e800 nmethod 765 0x00007f2220cdbf90 code [0x00007f2220cdc300, 0x00007f2220cdd660]
Event: 1.434 Thread 0x00007f223812e800  766       3       java.lang.invoke.LambdaForm$NamedFunction::methodType (23 bytes)
Event: 1.434 Thread 0x00007f223812e800 nmethod 766 0x00007f2220cddc90 code [0x00007f2220cdde60, 0x00007f2220cde0a0]
Event: 1.434 Thread 0x00007f223812e800  767       3       jdk.internal.org.objectweb.asm.Frame::execute (2264 bytes)
Event: 1.443 Thread 0x00007f223812e800 nmethod 767 0x00007f2220cde190 code [0x00007f2220cdf020, 0x00007f2220ce5cf0]
Event: 1.443 Thread 0x00007f223812e800  768       3       java.lang.invoke.InvokerBytecodeGenerator::emitImplicitConversion (159 bytes)
Event: 1.444 Thread 0x00007f223812e800 nmethod 768 0x00007f2220ce7b90 code [0x00007f2220ce7ee0, 0x00007f2220ce8f90]

GC Heap History (2 events):
Event: 1.106 GC heap before
{Heap before GC invocations=0 (full 0):
 garbage-first heap   total 65536K, used 6856K [0x00000000c3200000, 0x0000000100000000)
  region size 1024K, 7 young (7168K), 0 survivors (0K)
 Metaspace       used 3128K, capacity 5909K, committed 6016K, reserved 1056768K
  class space    used 337K, capacity 586K, committed 640K, reserved 1048576K
}
Event: 1.119 GC heap after
{Heap after GC invocations=1 (full 0):
 garbage-first heap   total 65536K, used 2395K [0x00000000c3200000, 0x0000000100000000)
  region size 1024K, 1 young (1024K), 1 survivors (1024K)
 Metaspace       used 3128K, capacity 5909K, committed 6016K, reserved 1056768K
  class space    used 337K, capacity 586K, committed 640K, reserved 1048576K
}

Deoptimization events (20 events):
Event: 1.017 Thread 0x00007f2238016800 DEOPT PACKING pc=0x00007f22280e134c sp=0x00007f223d9fdfc0
Event: 1.017 Thread 0x00007f2238016800 DEOPT UNPACKING pc=0x00007f22206082a5 sp=0x00007f223d9fdef8 mode 2
Event: 1.251 Thread 0x00007f2238016800 DEOPT PACKING pc=0x00007f2220c04fc2 sp=0x00007f223d9fd500
Event: 1.251 Thread 0x00007f2238016800 DEOPT UNPACKING pc=0x00007f22206499fa sp=0x00007f223d9fc988 mode 0
Event: 1.383 Thread 0x00007f2238016800 Uncommon trap: trap_request=0xffffffc6 fr.pc=0x00007f22280d1424 relative=0x0000000000000084
Event: 1.383 Thread 0x00007f2238016800 Uncommon trap: reason=bimorphic_or_optimized_type_check action=maybe_recompile pc=0x00007f22280d1424 method=java.util.AbstractCollection.isEmpty()Z @ 1 c2
Event: 1.383 Thread 0x00007f2238016800 DEOPT PACKING pc=0x00007f22280d1424 sp=0x00007f223d9fd370
Event: 1.383 Thread 0x00007f2238016800 DEOPT UNPACKING pc=0x00007f22206082a5 sp=0x00007f223d9fd320 mode 2
Event: 1.383 Thread 0x00007f2238016800 Uncommon trap: trap_request=0xffffffc6 fr.pc=0x00007f22280d1424 relative=0x0000000000000084
Event: 1.383 Thread 0x00007f2238016800 Uncommon trap: reason=bimorphic_or_optimized_type_check action=maybe_recompile pc=0x00007f22280d1424 method=java.util.AbstractCollection.isEmpty()Z @ 1 c2
Event: 1.383 Thread 0x00007f2238016800 DEOPT PACKING pc=0x00007f22280d1424 sp=0x00007f223d9fd540
Event: 1.383 Thread 0x00007f2238016800 DEOPT UNPACKING pc=0x00007f22206082a5 sp=0x00007f223d9fd4f0 mode 2
Event: 1.384 Thread 0x00007f2238016800 Uncommon trap: trap_request=0xffffffc6 fr.pc=0x00007f22280d1424 relative=0x0000000000000084
Event: 1.384 Thread 0x00007f2238016800 Uncommon trap: reason=bimorphic_or_optimized_type_check action=maybe_recompile pc=0x00007f22280d1424 method=java.util.AbstractCollection.isEmpty()Z @ 1 c2
Event: 1.384 Thread 0x00007f2238016800 DEOPT PACKING pc=0x00007f22280d1424 sp=0x00007f223d9fd560
Event: 1.384 Thread 0x00007f2238016800 DEOPT UNPACKING pc=0x00007f22206082a5 sp=0x00007f223d9fd510 mode 2
Event: 1.384 Thread 0x00007f2238016800 Uncommon trap: trap_request=0xffffffc6 fr.pc=0x00007f22280d1424 relative=0x0000000000000084
Event: 1.384 Thread 0x00007f2238016800 Uncommon trap: reason=bimorphic_or_optimized_type_check action=maybe_recompile pc=0x00007f22280d1424 method=java.util.AbstractCollection.isEmpty()Z @ 1 c2
Event: 1.384 Thread 0x00007f2238016800 DEOPT PACKING pc=0x00007f22280d1424 sp=0x00007f223d9fd370
Event: 1.384 Thread 0x00007f2238016800 DEOPT UNPACKING pc=0x00007f22206082a5 sp=0x00007f223d9fd320 mode 2

Classes redefined (0 events):
No events

Internal exceptions (20 events):
Event: 0.421 Thread 0x00007f2238016800 Exception <a 'java/security/PrivilegedActionException'{0x00000000c6ee0d38}> (0x00000000c6ee0d38) thrown at [./src/hotspot/share/prims/jvm.cpp, line 1304]
Event: 0.421 Thread 0x00007f2238016800 Exception <a 'java/security/PrivilegedActionException'{0x00000000c6ee1008}> (0x00000000c6ee1008) thrown at [./src/hotspot/share/prims/jvm.cpp, line 1304]
Event: 0.421 Thread 0x00007f2238016800 Exception <a 'java/security/PrivilegedActionException'{0x00000000c6ee1978}> (0x00000000c6ee1978) thrown at [./src/hotspot/share/prims/jvm.cpp, line 1304]
Event: 0.421 Thread 0x00007f2238016800 Exception <a 'java/security/PrivilegedActionException'{0x00000000c6ee1c48}> (0x00000000c6ee1c48) thrown at [./src/hotspot/share/prims/jvm.cpp, line 1304]
Event: 0.422 Thread 0x00007f2238016800 Exception <a 'java/security/PrivilegedActionException'{0x00000000c6ee25b8}> (0x00000000c6ee25b8) thrown at [./src/hotspot/share/prims/jvm.cpp, line 1304]
Event: 0.422 Thread 0x00007f2238016800 Exception <a 'java/security/PrivilegedActionException'{0x00000000c6ee2888}> (0x00000000c6ee2888) thrown at [./src/hotspot/share/prims/jvm.cpp, line 1304]
Event: 0.422 Thread 0x00007f2238016800 Exception <a 'java/security/PrivilegedActionException'{0x00000000c6ee3210}> (0x00000000c6ee3210) thrown at [./src/hotspot/share/prims/jvm.cpp, line 1304]
Event: 0.422 Thread 0x00007f2238016800 Exception <a 'java/security/PrivilegedActionException'{0x00000000c6ee34e0}> (0x00000000c6ee34e0) thrown at [./src/hotspot/share/prims/jvm.cpp, line 1304]
Event: 0.422 Thread 0x00007f2238016800 Exception <a 'java/security/PrivilegedActionException'{0x00000000c6ee3e68}> (0x00000000c6ee3e68) thrown at [./src/hotspot/share/prims/jvm.cpp, line 1304]
Event: 0.422 Thread 0x00007f2238016800 Exception <a 'java/security/PrivilegedActionException'{0x00000000c6ee4138}> (0x00000000c6ee4138) thrown at [./src/hotspot/share/prims/jvm.cpp, line 1304]
Event: 0.422 Thread 0x00007f2238016800 Exception <a 'java/security/PrivilegedActionException'{0x00000000c6ee4ac0}> (0x00000000c6ee4ac0) thrown at [./src/hotspot/share/prims/jvm.cpp, line 1304]
Event: 0.422 Thread 0x00007f2238016800 Exception <a 'java/security/PrivilegedActionException'{0x00000000c6ee4d90}> (0x00000000c6ee4d90) thrown at [./src/hotspot/share/prims/jvm.cpp, line 1304]
Event: 0.423 Thread 0x00007f2238016800 Exception <a 'java/security/PrivilegedActionException'{0x00000000c6ee5700}> (0x00000000c6ee5700) thrown at [./src/hotspot/share/prims/jvm.cpp, line 1304]
Event: 0.423 Thread 0x00007f2238016800 Exception <a 'java/security/PrivilegedActionException'{0x00000000c6ee59d0}> (0x00000000c6ee59d0) thrown at [./src/hotspot/share/prims/jvm.cpp, line 1304]
Event: 0.423 Thread 0x00007f2238016800 Exception <a 'java/security/PrivilegedActionException'{0x00000000c6ee6358}> (0x00000000c6ee6358) thrown at [./src/hotspot/share/prims/jvm.cpp, line 1304]
Event: 0.423 Thread 0x00007f2238016800 Exception <a 'java/security/PrivilegedActionException'{0x00000000c6ee6628}> (0x00000000c6ee6628) thrown at [./src/hotspot/share/prims/jvm.cpp, line 1304]
Event: 0.499 Thread 0x00007f2238016800 Exception <a 'java/lang/NoSuchMethodError'{0x00000000c6d95500}: 'int java.lang.invoke.DirectMethodHandle$Holder.invokeStaticInit(java.lang.Object, java.lang.Object, java.lang.Object, java.lang.Object)'> (0x00000000c6d95500) thrown at [./src/hotspot/share/interpreter/linkResolver.cpp, line 772]
Event: 0.506 Thread 0x00007f2238016800 Exception <a 'java/lang/IncompatibleClassChangeError'{0x00000000c6d9f280}: Found class java.lang.Object, but interface was expected> (0x00000000c6d9f280) thrown at [./src/hotspot/share/interpreter/linkResolver.cpp, line 839]
Event: 0.507 Thread 0x00007f2238016800 Exception <a 'java/lang/NoSuchMethodError'{0x00000000c6da2430}: 'void java.lang.invoke.DirectMethodHandle$Holder.invokeStaticInit(java.lang.Object, java.lang.Object)'> (0x00000000c6da2430) thrown at [./src/hotspot/share/interpreter/linkResolver.cpp, line 772]
Event: 0.508 Thread 0x00007f2238016800 Exception <a 'java/lang/NoSuchMethodError'{0x00000000c6da78c0}: 'int java.lang.invoke.DirectMethodHandle$Holder.invokeStaticInit(java.lang.Object, java.lang.Object)'> (0x00000000c6da78c0) thrown at [./src/hotspot/share/interpreter/linkResolver.cpp, line 772]

Events (20 events):
Event: 1.379 Executing VM operation: Deoptimize
Event: 1.380 Executing VM operation: Deoptimize done
Event: 1.382 loading class java/lang/invoke/BoundMethodHandle$Species_LL
Event: 1.383 loading class java/lang/invoke/BoundMethodHandle$Species_LL done
Event: 1.384 loading class java/lang/invoke/BoundMethodHandle$Species_LLL
Event: 1.384 loading class java/lang/invoke/BoundMethodHandle$Species_LLL done
Event: 1.384 loading class java/lang/invoke/BoundMethodHandle$Species_LLLL
Event: 1.384 loading class java/lang/invoke/BoundMethodHandle$Species_LLLL done
Event: 1.385 loading class java/lang/invoke/BoundMethodHandle$Species_LLLLL
Event: 1.385 loading class java/lang/invoke/BoundMethodHandle$Species_LLLLL done
Event: 1.419 loading class java/lang/invoke/BoundMethodHandle$Species_LLLLLL
Event: 1.419 loading class java/lang/invoke/BoundMethodHandle$Species_LLLLLL done
Event: 1.420 loading class java/lang/invoke/BoundMethodHandle$Species_LLLLLLI
Event: 1.420 loading class java/lang/invoke/BoundMethodHandle$Species_LLLLLLI done
Event: 1.421 loading class java/lang/invoke/BoundMethodHandle$Species_LLLLLLII
Event: 1.421 loading class java/lang/invoke/BoundMethodHandle$Species_LLLLLLII done
Event: 1.421 loading class java/lang/invoke/BoundMethodHandle$Species_LLLLLLIIL
Event: 1.421 loading class java/lang/invoke/BoundMethodHandle$Species_LLLLLLIIL done
Event: 1.444 loading class Utils
Event: 1.444 loading class Utils done


Dynamic libraries:
c3200000-c7000000 rw-p 00000000 00:00 0 
c7000000-ffe00000 ---p 00000000 00:00 0 
ffe00000-ffe47000 rw-p 00b0a000 08:03 1060156                            /usr/lib/jvm/java-11-openjdk-amd64/lib/server/classes.jsa
ffe47000-fff00000 rw-p 00000000 00:00 0 
fff00000-fff6b000 rw-p 00a9f000 08:03 1060156                            /usr/lib/jvm/java-11-openjdk-amd64/lib/server/classes.jsa
fff6b000-100000000 rw-p 00000000 00:00 0 
800000000-800002000 rwxp 00001000 08:03 1060156                          /usr/lib/jvm/java-11-openjdk-amd64/lib/server/classes.jsa
800002000-8003cc000 rw-p 00003000 08:03 1060156                          /usr/lib/jvm/java-11-openjdk-amd64/lib/server/classes.jsa
8003cc000-800a9d000 r--p 003cd000 08:03 1060156                          /usr/lib/jvm/java-11-openjdk-amd64/lib/server/classes.jsa
800a9d000-800a9e000 rw-p 00a9e000 08:03 1060156                          /usr/lib/jvm/java-11-openjdk-amd64/lib/server/classes.jsa
840000000-8400c0000 rw-p 00000000 00:00 0 
8400c0000-880000000 ---p 00000000 00:00 0 
55877fc8c000-55877fc8d000 r--p 00000000 08:03 1058673                    /usr/lib/jvm/java-11-openjdk-amd64/bin/java
55877fc8d000-55877fc8e000 r-xp 00001000 08:03 1058673                    /usr/lib/jvm/java-11-openjdk-amd64/bin/java
55877fc8e000-55877fc8f000 r--p 00002000 08:03 1058673                    /usr/lib/jvm/java-11-openjdk-amd64/bin/java
55877fc8f000-55877fc90000 r--p 00002000 08:03 1058673                    /usr/lib/jvm/java-11-openjdk-amd64/bin/java
55877fc90000-55877fc91000 rw-p 00003000 08:03 1058673                    /usr/lib/jvm/java-11-openjdk-amd64/bin/java
55878086a000-5587808ac000 rw-p 00000000 00:00 0                          [heap]
7f21d9400000-7f21d9d26000 r--p 00000000 08:03 1579535                    /home/doudou/.javacpp/cache/llvm-13.0.1-1.5.7-linux-x86_64.jar/org/bytedeco/llvm/linux-x86_64/libLLVM-13.so
7f21d9d26000-7f21dd6e9000 r-xp 00926000 08:03 1579535                    /home/doudou/.javacpp/cache/llvm-13.0.1-1.5.7-linux-x86_64.jar/org/bytedeco/llvm/linux-x86_64/libLLVM-13.so
7f21dd6e9000-7f21df93e000 r--p 042e9000 08:03 1579535                    /home/doudou/.javacpp/cache/llvm-13.0.1-1.5.7-linux-x86_64.jar/org/bytedeco/llvm/linux-x86_64/libLLVM-13.so
7f21df93e000-7f21dfe53000 r--p 0653d000 08:03 1579535                    /home/doudou/.javacpp/cache/llvm-13.0.1-1.5.7-linux-x86_64.jar/org/bytedeco/llvm/linux-x86_64/libLLVM-13.so
7f21dfe53000-7f21dfe5e000 rw-p 06a52000 08:03 1579535                    /home/doudou/.javacpp/cache/llvm-13.0.1-1.5.7-linux-x86_64.jar/org/bytedeco/llvm/linux-x86_64/libLLVM-13.so
7f21dfe5e000-7f21dfed4000 rw-p 00000000 00:00 0 
7f21e0000000-7f21e0021000 rw-p 00000000 00:00 0 
7f21e0021000-7f21e4000000 ---p 00000000 00:00 0 
7f21e4000000-7f21e4021000 rw-p 00000000 00:00 0 
7f21e4021000-7f21e8000000 ---p 00000000 00:00 0 
7f21e8000000-7f21e81f8000 rw-p 00000000 00:00 0 
7f21e81f8000-7f21ec000000 ---p 00000000 00:00 0 
7f21ec000000-7f21ec4ed000 rw-p 00000000 00:00 0 
7f21ec4ed000-7f21f0000000 ---p 00000000 00:00 0 
7f21f0000000-7f21f0021000 rw-p 00000000 00:00 0 
7f21f0021000-7f21f4000000 ---p 00000000 00:00 0 
7f21f4000000-7f21f4021000 rw-p 00000000 00:00 0 
7f21f4021000-7f21f8000000 ---p 00000000 00:00 0 
7f21f8000000-7f21f8021000 rw-p 00000000 00:00 0 
7f21f8021000-7f21fc000000 ---p 00000000 00:00 0 
7f21fc000000-7f21fc021000 rw-p 00000000 00:00 0 
7f21fc021000-7f2200000000 ---p 00000000 00:00 0 
7f2200000000-7f2200021000 rw-p 00000000 00:00 0 
7f2200021000-7f2204000000 ---p 00000000 00:00 0 
7f2204000000-7f2204021000 rw-p 00000000 00:00 0 
7f2204021000-7f2208000000 ---p 00000000 00:00 0 
7f2208000000-7f2208021000 rw-p 00000000 00:00 0 
7f2208021000-7f220c000000 ---p 00000000 00:00 0 
7f220c000000-7f220c021000 rw-p 00000000 00:00 0 
7f220c021000-7f2210000000 ---p 00000000 00:00 0 
7f2211200000-7f2211fe7000 r--p 00000000 08:03 534858                     /usr/lib/locale/locale-archive
7f2212000000-7f2214000000 rw-p 00000000 00:00 0 
7f2214000000-7f2214021000 rw-p 00000000 00:00 0 
7f2214021000-7f2218000000 ---p 00000000 00:00 0 
7f2218495000-7f22184fa000 r--p 00000000 08:03 1579540                    /home/doudou/.javacpp/cache/llvm-13.0.1-1.5.7-linux-x86_64.jar/org/bytedeco/llvm/linux-x86_64/libjniLLVM.so
7f22184fa000-7f2218568000 r-xp 00065000 08:03 1579540                    /home/doudou/.javacpp/cache/llvm-13.0.1-1.5.7-linux-x86_64.jar/org/bytedeco/llvm/linux-x86_64/libjniLLVM.so
7f2218568000-7f2218593000 r--p 000d3000 08:03 1579540                    /home/doudou/.javacpp/cache/llvm-13.0.1-1.5.7-linux-x86_64.jar/org/bytedeco/llvm/linux-x86_64/libjniLLVM.so
7f2218593000-7f2218596000 r--p 000fd000 08:03 1579540                    /home/doudou/.javacpp/cache/llvm-13.0.1-1.5.7-linux-x86_64.jar/org/bytedeco/llvm/linux-x86_64/libjniLLVM.so
7f2218596000-7f2218599000 rw-p 00100000 08:03 1579540                    /home/doudou/.javacpp/cache/llvm-13.0.1-1.5.7-linux-x86_64.jar/org/bytedeco/llvm/linux-x86_64/libjniLLVM.so
7f2218599000-7f221859b000 rw-p 00000000 00:00 0 
7f221859b000-7f221859c000 ---p 00000000 00:00 0 
7f221859c000-7f221869d000 rw-p 00000000 00:00 0 
7f221869d000-7f22186a1000 ---p 00000000 00:00 0 
7f22186a1000-7f221879d000 rw-p 00000000 00:00 0 
7f221879d000-7f221879e000 ---p 00000000 00:00 0 
7f221879e000-7f221889f000 rw-p 00000000 00:00 0 
7f221889f000-7f22188a3000 ---p 00000000 00:00 0 
7f22188a3000-7f221899f000 rw-p 00000000 00:00 0 
7f221899f000-7f22189a3000 ---p 00000000 00:00 0 
7f22189a3000-7f2218a9f000 rw-p 00000000 00:00 0 
7f2218a9f000-7f2218aa3000 ---p 00000000 00:00 0 
7f2218aa3000-7f2218b9f000 rw-p 00000000 00:00 0 
7f2218b9f000-7f2218ba3000 ---p 00000000 00:00 0 
7f2218ba3000-7f2218c9f000 rw-p 00000000 00:00 0 
7f2218c9f000-7f2218ca3000 ---p 00000000 00:00 0 
7f2218ca3000-7f2218d9f000 rw-p 00000000 00:00 0 
7f2218d9f000-7f2218da3000 ---p 00000000 00:00 0 
7f2218da3000-7f2218e9f000 rw-p 00000000 00:00 0 
7f2218e9f000-7f2218ea3000 ---p 00000000 00:00 0 
7f2218ea3000-7f2218f9f000 rw-p 00000000 00:00 0 
7f2218f9f000-7f2218fa3000 ---p 00000000 00:00 0 
7f2218fa3000-7f221909f000 rw-p 00000000 00:00 0 
7f221909f000-7f22190a3000 ---p 00000000 00:00 0 
7f22190a3000-7f221919f000 rw-p 00000000 00:00 0 
7f221919f000-7f22191a0000 ---p 00000000 00:00 0 
7f22191a0000-7f22198a1000 rw-p 00000000 00:00 0 
7f22198a1000-7f2219aa1000 ---p 00000000 00:00 0 
7f2219aa1000-7f2219aa2000 ---p 00000000 00:00 0 
7f2219aa2000-7f2219ba3000 rw-p 00000000 00:00 0 
7f2219ba3000-7f2219ba4000 ---p 00000000 00:00 0 
7f2219ba4000-7f2219ea7000 rw-p 00000000 00:00 0 
7f2219ea7000-7f2219ea8000 ---p 00000000 00:00 0 
7f2219ea8000-7f221a0a1000 rw-p 00000000 00:00 0 
7f221a0a1000-7f221aed9000 ---p 00000000 00:00 0 
7f221aed9000-7f221afd9000 rw-p 00000000 00:00 0 
7f221afd9000-7f221be11000 ---p 00000000 00:00 0 
7f221be11000-7f221be38000 rw-p 00000000 00:00 0 
7f221be38000-7f221bfff000 ---p 00000000 00:00 0 
7f221bfff000-7f221c000000 rw-p 00000000 00:00 0 
7f221c000000-7f221c021000 rw-p 00000000 00:00 0 
7f221c021000-7f2220000000 ---p 00000000 00:00 0 
7f222002f000-7f2220030000 ---p 00000000 00:00 0 
7f2220030000-7f2220150000 rw-p 00000000 00:00 0 
7f2220150000-7f2220317000 ---p 00000000 00:00 0 
7f2220317000-7f2220337000 rw-p 00000000 00:00 0 
7f2220337000-7f22204fe000 ---p 00000000 00:00 0 
7f22204fe000-7f2220600000 rw-p 00000000 00:00 0 
7f2220600000-7f2220870000 rwxp 00000000 00:00 0 
7f2220870000-7f2220b8f000 ---p 00000000 00:00 0 
7f2220b8f000-7f2220dff000 rwxp 00000000 00:00 0 
7f2220dff000-7f22280c7000 ---p 00000000 00:00 0 
7f22280c7000-7f2228337000 rwxp 00000000 00:00 0 
7f2228337000-7f222f600000 ---p 00000000 00:00 0 
7f222f600000-7f2237e0b000 r--s 00000000 08:03 1058832                    /usr/lib/jvm/java-11-openjdk-amd64/lib/modules
7f2237e7e000-7f2238000000 rw-p 00000000 00:00 0 
7f2238000000-7f2238375000 rw-p 00000000 00:00 0 
7f2238375000-7f223c000000 ---p 00000000 00:00 0 
7f223c000000-7f223c007000 r--p 00000000 08:03 1579536                    /home/doudou/.javacpp/cache/llvm-13.0.1-1.5.7-linux-x86_64.jar/org/bytedeco/llvm/linux-x86_64/libLTO.so.13
7f223c007000-7f223c00f000 r-xp 00007000 08:03 1579536                    /home/doudou/.javacpp/cache/llvm-13.0.1-1.5.7-linux-x86_64.jar/org/bytedeco/llvm/linux-x86_64/libLTO.so.13
7f223c00f000-7f223c011000 r--p 0000f000 08:03 1579536                    /home/doudou/.javacpp/cache/llvm-13.0.1-1.5.7-linux-x86_64.jar/org/bytedeco/llvm/linux-x86_64/libLTO.so.13
7f223c011000-7f223c012000 r--p 00010000 08:03 1579536                    /home/doudou/.javacpp/cache/llvm-13.0.1-1.5.7-linux-x86_64.jar/org/bytedeco/llvm/linux-x86_64/libLTO.so.13
7f223c012000-7f223c013000 rw-p 00011000 08:03 1579536                    /home/doudou/.javacpp/cache/llvm-13.0.1-1.5.7-linux-x86_64.jar/org/bytedeco/llvm/linux-x86_64/libLTO.so.13
7f223c013000-7f223c014000 ---p 00000000 00:00 0 
7f223c014000-7f223c11a000 rw-p 00000000 00:00 0 
7f223c11a000-7f223c200000 ---p 00000000 00:00 0 
7f223c200000-7f223c29a000 r--p 00000000 08:03 552221                     /usr/lib/x86_64-linux-gnu/libstdc++.so.6.0.30
7f223c29a000-7f223c3aa000 r-xp 0009a000 08:03 552221                     /usr/lib/x86_64-linux-gnu/libstdc++.so.6.0.30
7f223c3aa000-7f223c419000 r--p 001aa000 08:03 552221                     /usr/lib/x86_64-linux-gnu/libstdc++.so.6.0.30
7f223c419000-7f223c424000 r--p 00218000 08:03 552221                     /usr/lib/x86_64-linux-gnu/libstdc++.so.6.0.30
7f223c424000-7f223c427000 rw-p 00223000 08:03 552221                     /usr/lib/x86_64-linux-gnu/libstdc++.so.6.0.30
7f223c427000-7f223c42a000 rw-p 00000000 00:00 0 
7f223c42c000-7f223c42d000 r--p 00000000 08:03 551276                     /usr/lib/x86_64-linux-gnu/libdl.so.2
7f223c42d000-7f223c42e000 r-xp 00001000 08:03 551276                     /usr/lib/x86_64-linux-gnu/libdl.so.2
7f223c42e000-7f223c42f000 r--p 00002000 08:03 551276                     /usr/lib/x86_64-linux-gnu/libdl.so.2
7f223c42f000-7f223c430000 r--p 00002000 08:03 551276                     /usr/lib/x86_64-linux-gnu/libdl.so.2
7f223c430000-7f223c431000 rw-p 00003000 08:03 551276                     /usr/lib/x86_64-linux-gnu/libdl.so.2
7f223c431000-7f223c432000 r--p 00000000 08:03 552054                     /usr/lib/x86_64-linux-gnu/libpthread.so.0
7f223c432000-7f223c433000 r-xp 00001000 08:03 552054                     /usr/lib/x86_64-linux-gnu/libpthread.so.0
7f223c433000-7f223c434000 r--p 00002000 08:03 552054                     /usr/lib/x86_64-linux-gnu/libpthread.so.0
7f223c434000-7f223c435000 r--p 00002000 08:03 552054                     /usr/lib/x86_64-linux-gnu/libpthread.so.0
7f223c435000-7f223c436000 rw-p 00003000 08:03 552054                     /usr/lib/x86_64-linux-gnu/libpthread.so.0
7f223c439000-7f223c440000 r--s 00000000 08:03 553557                     /usr/lib/x86_64-linux-gnu/gconv/gconv-modules.cache
7f223c440000-7f223c441000 r--p 00000000 08:03 1579538                    /home/doudou/.javacpp/cache/llvm-13.0.1-1.5.7-linux-x86_64.jar/org/bytedeco/llvm/linux-x86_64/libRemarks.so.13
7f223c441000-7f223c442000 r-xp 00001000 08:03 1579538                    /home/doudou/.javacpp/cache/llvm-13.0.1-1.5.7-linux-x86_64.jar/org/bytedeco/llvm/linux-x86_64/libRemarks.so.13
7f223c442000-7f223c443000 r--p 00002000 08:03 1579538                    /home/doudou/.javacpp/cache/llvm-13.0.1-1.5.7-linux-x86_64.jar/org/bytedeco/llvm/linux-x86_64/libRemarks.so.13
7f223c443000-7f223c444000 r--p 00002000 08:03 1579538                    /home/doudou/.javacpp/cache/llvm-13.0.1-1.5.7-linux-x86_64.jar/org/bytedeco/llvm/linux-x86_64/libRemarks.so.13
7f223c444000-7f223c445000 rw-p 00003000 08:03 1579538                    /home/doudou/.javacpp/cache/llvm-13.0.1-1.5.7-linux-x86_64.jar/org/bytedeco/llvm/linux-x86_64/libRemarks.so.13
7f223c445000-7f223c449000 r--p 00000000 08:03 1579530                    /home/doudou/.javacpp/cache/javacpp-1.5.7-linux-x86_64.jar/org/bytedeco/javacpp/linux-x86_64/libjnijavacpp.so
7f223c449000-7f223c450000 r-xp 00004000 08:03 1579530                    /home/doudou/.javacpp/cache/javacpp-1.5.7-linux-x86_64.jar/org/bytedeco/javacpp/linux-x86_64/libjnijavacpp.so
7f223c450000-7f223c454000 r--p 0000b000 08:03 1579530                    /home/doudou/.javacpp/cache/javacpp-1.5.7-linux-x86_64.jar/org/bytedeco/javacpp/linux-x86_64/libjnijavacpp.so
7f223c454000-7f223c455000 r--p 0000e000 08:03 1579530                    /home/doudou/.javacpp/cache/javacpp-1.5.7-linux-x86_64.jar/org/bytedeco/javacpp/linux-x86_64/libjnijavacpp.so
7f223c455000-7f223c456000 rw-p 0000f000 08:03 1579530                    /home/doudou/.javacpp/cache/javacpp-1.5.7-linux-x86_64.jar/org/bytedeco/javacpp/linux-x86_64/libjnijavacpp.so
7f223c456000-7f223c45a000 r--p 00000000 08:03 1058822                    /usr/lib/jvm/java-11-openjdk-amd64/lib/libnet.so
7f223c45a000-7f223c468000 r-xp 00004000 08:03 1058822                    /usr/lib/jvm/java-11-openjdk-amd64/lib/libnet.so
7f223c468000-7f223c46c000 r--p 00012000 08:03 1058822                    /usr/lib/jvm/java-11-openjdk-amd64/lib/libnet.so
7f223c46c000-7f223c46d000 r--p 00015000 08:03 1058822                    /usr/lib/jvm/java-11-openjdk-amd64/lib/libnet.so
7f223c46d000-7f223c46e000 rw-p 00016000 08:03 1058822                    /usr/lib/jvm/java-11-openjdk-amd64/lib/libnet.so
7f223c46e000-7f223c475000 r--p 00000000 08:03 1058823                    /usr/lib/jvm/java-11-openjdk-amd64/lib/libnio.so
7f223c475000-7f223c47d000 r-xp 00007000 08:03 1058823                    /usr/lib/jvm/java-11-openjdk-amd64/lib/libnio.so
7f223c47d000-7f223c480000 r--p 0000f000 08:03 1058823                    /usr/lib/jvm/java-11-openjdk-amd64/lib/libnio.so
7f223c480000-7f223c481000 r--p 00011000 08:03 1058823                    /usr/lib/jvm/java-11-openjdk-amd64/lib/libnio.so
7f223c481000-7f223c482000 rw-p 00012000 08:03 1058823                    /usr/lib/jvm/java-11-openjdk-amd64/lib/libnio.so
7f223c482000-7f223c503000 rw-p 00000000 00:00 0 
7f223c503000-7f223c5e9000 ---p 00000000 00:00 0 
7f223c5e9000-7f223c5ee000 rw-p 00000000 00:00 0 
7f223c5ee000-7f223c5f5000 ---p 00000000 00:00 0 
7f223c5f5000-7f223c5f7000 r--p 00000000 08:03 1058831                    /usr/lib/jvm/java-11-openjdk-amd64/lib/libzip.so
7f223c5f7000-7f223c5fc000 r-xp 00002000 08:03 1058831                    /usr/lib/jvm/java-11-openjdk-amd64/lib/libzip.so
7f223c5fc000-7f223c5fe000 r--p 00007000 08:03 1058831                    /usr/lib/jvm/java-11-openjdk-amd64/lib/libzip.so
7f223c5fe000-7f223c5ff000 r--p 00008000 08:03 1058831                    /usr/lib/jvm/java-11-openjdk-amd64/lib/libzip.so
7f223c5ff000-7f223c600000 rw-p 00009000 08:03 1058831                    /usr/lib/jvm/java-11-openjdk-amd64/lib/libzip.so
7f223c600000-7f223c882000 r--p 00000000 08:03 1058837                    /usr/lib/jvm/java-11-openjdk-amd64/lib/server/libjvm.so
7f223c882000-7f223d51e000 r-xp 00282000 08:03 1058837                    /usr/lib/jvm/java-11-openjdk-amd64/lib/server/libjvm.so
7f223d51e000-7f223d779000 r--p 00f1e000 08:03 1058837                    /usr/lib/jvm/java-11-openjdk-amd64/lib/server/libjvm.so
7f223d779000-7f223d77a000 ---p 01179000 08:03 1058837                    /usr/lib/jvm/java-11-openjdk-amd64/lib/server/libjvm.so
7f223d77a000-7f223d83e000 r--p 01179000 08:03 1058837                    /usr/lib/jvm/java-11-openjdk-amd64/lib/server/libjvm.so
7f223d83e000-7f223d879000 rw-p 0123d000 08:03 1058837                    /usr/lib/jvm/java-11-openjdk-amd64/lib/server/libjvm.so
7f223d879000-7f223d8d0000 rw-p 00000000 00:00 0 
7f223d8d2000-7f223d8e0000 r--p 00000000 08:03 1058811                    /usr/lib/jvm/java-11-openjdk-amd64/lib/libjava.so
7f223d8e0000-7f223d8f6000 r-xp 0000e000 08:03 1058811                    /usr/lib/jvm/java-11-openjdk-amd64/lib/libjava.so
7f223d8f6000-7f223d8fd000 r--p 00024000 08:03 1058811                    /usr/lib/jvm/java-11-openjdk-amd64/lib/libjava.so
7f223d8fd000-7f223d8fe000 r--p 0002a000 08:03 1058811                    /usr/lib/jvm/java-11-openjdk-amd64/lib/libjava.so
7f223d8fe000-7f223d8ff000 rw-p 0002b000 08:03 1058811                    /usr/lib/jvm/java-11-openjdk-amd64/lib/libjava.so
7f223d8ff000-7f223d900000 rw-p 00000000 00:00 0 
7f223d900000-7f223d904000 ---p 00000000 00:00 0 
7f223d904000-7f223da00000 rw-p 00000000 00:00 0 
7f223da00000-7f223da28000 r--p 00000000 08:03 551134                     /usr/lib/x86_64-linux-gnu/libc.so.6
7f223da28000-7f223dbbd000 r-xp 00028000 08:03 551134                     /usr/lib/x86_64-linux-gnu/libc.so.6
7f223dbbd000-7f223dc15000 r--p 001bd000 08:03 551134                     /usr/lib/x86_64-linux-gnu/libc.so.6
7f223dc15000-7f223dc19000 r--p 00214000 08:03 551134                     /usr/lib/x86_64-linux-gnu/libc.so.6
7f223dc19000-7f223dc1b000 rw-p 00218000 08:03 551134                     /usr/lib/x86_64-linux-gnu/libc.so.6
7f223dc1b000-7f223dc28000 rw-p 00000000 00:00 0 
7f223dc2a000-7f223dc2b000 r--p 00000000 08:03 1058804                    /usr/lib/jvm/java-11-openjdk-amd64/lib/libextnet.so
7f223dc2b000-7f223dc2c000 r-xp 00001000 08:03 1058804                    /usr/lib/jvm/java-11-openjdk-amd64/lib/libextnet.so
7f223dc2c000-7f223dc2d000 r--p 00002000 08:03 1058804                    /usr/lib/jvm/java-11-openjdk-amd64/lib/libextnet.so
7f223dc2d000-7f223dc2e000 r--p 00002000 08:03 1058804                    /usr/lib/jvm/java-11-openjdk-amd64/lib/libextnet.so
7f223dc2e000-7f223dc2f000 rw-p 00003000 08:03 1058804                    /usr/lib/jvm/java-11-openjdk-amd64/lib/libextnet.so
7f223dc2f000-7f223dc37000 rw-s 00000000 08:03 824374                     /tmp/hsperfdata_doudou/8204
7f223dc37000-7f223dc39000 r--p 00000000 08:03 1058806                    /usr/lib/jvm/java-11-openjdk-amd64/lib/libinstrument.so
7f223dc39000-7f223dc40000 r-xp 00002000 08:03 1058806                    /usr/lib/jvm/java-11-openjdk-amd64/lib/libinstrument.so
7f223dc40000-7f223dc43000 r--p 00009000 08:03 1058806                    /usr/lib/jvm/java-11-openjdk-amd64/lib/libinstrument.so
7f223dc43000-7f223dc44000 r--p 0000b000 08:03 1058806                    /usr/lib/jvm/java-11-openjdk-amd64/lib/libinstrument.so
7f223dc44000-7f223dc45000 rw-p 0000c000 08:03 1058806                    /usr/lib/jvm/java-11-openjdk-amd64/lib/libinstrument.so
7f223dc45000-7f223dc4a000 r--p 00000000 08:03 1058830                    /usr/lib/jvm/java-11-openjdk-amd64/lib/libverify.so
7f223dc4a000-7f223dc51000 r-xp 00005000 08:03 1058830                    /usr/lib/jvm/java-11-openjdk-amd64/lib/libverify.so
7f223dc51000-7f223dc53000 r--p 0000c000 08:03 1058830                    /usr/lib/jvm/java-11-openjdk-amd64/lib/libverify.so
7f223dc53000-7f223dc55000 r--p 0000d000 08:03 1058830                    /usr/lib/jvm/java-11-openjdk-amd64/lib/libverify.so
7f223dc55000-7f223dc56000 rw-p 0000f000 08:03 1058830                    /usr/lib/jvm/java-11-openjdk-amd64/lib/libverify.so
7f223dc56000-7f223dc57000 r--p 00000000 08:03 552110                     /usr/lib/x86_64-linux-gnu/librt.so.1
7f223dc57000-7f223dc58000 r-xp 00001000 08:03 552110                     /usr/lib/x86_64-linux-gnu/librt.so.1
7f223dc58000-7f223dc59000 r--p 00002000 08:03 552110                     /usr/lib/x86_64-linux-gnu/librt.so.1
7f223dc59000-7f223dc5a000 r--p 00002000 08:03 552110                     /usr/lib/x86_64-linux-gnu/librt.so.1
7f223dc5a000-7f223dc5b000 rw-p 00003000 08:03 552110                     /usr/lib/x86_64-linux-gnu/librt.so.1
7f223dc5b000-7f223dc5e000 r--p 00000000 08:03 551433                     /usr/lib/x86_64-linux-gnu/libgcc_s.so.1
7f223dc5e000-7f223dc75000 r-xp 00003000 08:03 551433                     /usr/lib/x86_64-linux-gnu/libgcc_s.so.1
7f223dc75000-7f223dc79000 r--p 0001a000 08:03 551433                     /usr/lib/x86_64-linux-gnu/libgcc_s.so.1
7f223dc79000-7f223dc7a000 r--p 0001d000 08:03 551433                     /usr/lib/x86_64-linux-gnu/libgcc_s.so.1
7f223dc7a000-7f223dc7b000 rw-p 0001e000 08:03 551433                     /usr/lib/x86_64-linux-gnu/libgcc_s.so.1
7f223dc7b000-7f223dc89000 r--p 00000000 08:03 551785                     /usr/lib/x86_64-linux-gnu/libm.so.6
7f223dc89000-7f223dd05000 r-xp 0000e000 08:03 551785                     /usr/lib/x86_64-linux-gnu/libm.so.6
7f223dd05000-7f223dd60000 r--p 0008a000 08:03 551785                     /usr/lib/x86_64-linux-gnu/libm.so.6
7f223dd60000-7f223dd61000 r--p 000e4000 08:03 551785                     /usr/lib/x86_64-linux-gnu/libm.so.6
7f223dd61000-7f223dd62000 rw-p 000e5000 08:03 551785                     /usr/lib/x86_64-linux-gnu/libm.so.6
7f223dd62000-7f223dd64000 rw-p 00000000 00:00 0 
7f223dd64000-7f223dd66000 r--p 00000000 08:03 552488                     /usr/lib/x86_64-linux-gnu/libz.so.1.2.11
7f223dd66000-7f223dd77000 r-xp 00002000 08:03 552488                     /usr/lib/x86_64-linux-gnu/libz.so.1.2.11
7f223dd77000-7f223dd7d000 r--p 00013000 08:03 552488                     /usr/lib/x86_64-linux-gnu/libz.so.1.2.11
7f223dd7d000-7f223dd7e000 ---p 00019000 08:03 552488                     /usr/lib/x86_64-linux-gnu/libz.so.1.2.11
7f223dd7e000-7f223dd7f000 r--p 00019000 08:03 552488                     /usr/lib/x86_64-linux-gnu/libz.so.1.2.11
7f223dd7f000-7f223dd80000 rw-p 0001a000 08:03 552488                     /usr/lib/x86_64-linux-gnu/libz.so.1.2.11
7f223dd84000-7f223dd85000 ---p 00000000 00:00 0 
7f223dd85000-7f223dd86000 r--p 00000000 00:00 0 
7f223dd86000-7f223dd88000 r--p 00000000 08:03 1058814                    /usr/lib/jvm/java-11-openjdk-amd64/lib/libjimage.so
7f223dd88000-7f223dd8b000 r-xp 00002000 08:03 1058814                    /usr/lib/jvm/java-11-openjdk-amd64/lib/libjimage.so
7f223dd8b000-7f223dd8c000 r--p 00005000 08:03 1058814                    /usr/lib/jvm/java-11-openjdk-amd64/lib/libjimage.so
7f223dd8c000-7f223dd8d000 ---p 00006000 08:03 1058814                    /usr/lib/jvm/java-11-openjdk-amd64/lib/libjimage.so
7f223dd8d000-7f223dd8e000 r--p 00006000 08:03 1058814                    /usr/lib/jvm/java-11-openjdk-amd64/lib/libjimage.so
7f223dd8e000-7f223dd8f000 rw-p 00007000 08:03 1058814                    /usr/lib/jvm/java-11-openjdk-amd64/lib/libjimage.so
7f223dd8f000-7f223dd92000 r--p 00000000 08:03 1058796                    /usr/lib/jvm/java-11-openjdk-amd64/lib/jli/libjli.so
7f223dd92000-7f223dd9c000 r-xp 00003000 08:03 1058796                    /usr/lib/jvm/java-11-openjdk-amd64/lib/jli/libjli.so
7f223dd9c000-7f223dd9f000 r--p 0000d000 08:03 1058796                    /usr/lib/jvm/java-11-openjdk-amd64/lib/jli/libjli.so
7f223dd9f000-7f223dda0000 ---p 00010000 08:03 1058796                    /usr/lib/jvm/java-11-openjdk-amd64/lib/jli/libjli.so
7f223dda0000-7f223dda1000 r--p 00010000 08:03 1058796                    /usr/lib/jvm/java-11-openjdk-amd64/lib/jli/libjli.so
7f223dda1000-7f223dda2000 rw-p 00011000 08:03 1058796                    /usr/lib/jvm/java-11-openjdk-amd64/lib/jli/libjli.so
7f223dda2000-7f223dda4000 rw-p 00000000 00:00 0 
7f223dda4000-7f223dda6000 r--p 00000000 08:03 550792                     /usr/lib/x86_64-linux-gnu/ld-linux-x86-64.so.2
7f223dda6000-7f223ddd0000 r-xp 00002000 08:03 550792                     /usr/lib/x86_64-linux-gnu/ld-linux-x86-64.so.2
7f223ddd0000-7f223dddb000 r--p 0002c000 08:03 550792                     /usr/lib/x86_64-linux-gnu/ld-linux-x86-64.so.2
7f223dddc000-7f223ddde000 r--p 00037000 08:03 550792                     /usr/lib/x86_64-linux-gnu/ld-linux-x86-64.so.2
7f223ddde000-7f223dde0000 rw-p 00039000 08:03 550792                     /usr/lib/x86_64-linux-gnu/ld-linux-x86-64.so.2
7fff5c579000-7fff5c59a000 rw-p 00000000 00:00 0                          [stack]
7fff5c5a9000-7fff5c5ad000 r--p 00000000 00:00 0                          [vvar]
7fff5c5ad000-7fff5c5af000 r-xp 00000000 00:00 0                          [vdso]
ffffffffff600000-ffffffffff601000 --xp 00000000 00:00 0                  [vsyscall]


VM Arguments:
jvm_args: -javaagent:/snap/intellij-idea-ultimate/430/lib/idea_rt.jar=41537:/snap/intellij-idea-ultimate/430/bin -Dfile.encoding=UTF-8 
java_command: Main /home/doudou/lab/Lab/tests/test1.sysy /home/doudou/lab/Lab/tests/out.txt
java_class_path (initial): /home/doudou/lab/Lab/out/production/Lab:/usr/local/lib/antlr-4.9.1-complete.jar:/usr/local/lib/javacpp-1.5.7-linux-x86_64.jar:/usr/local/lib/javacpp-1.5.7.jar:/usr/local/lib/llvm-13.0.1-1.5.7-linux-x86_64.jar:/usr/local/lib/llvm-13.0.1-1.5.7.jar:/usr/local/lib/llvm-platform-13.0.1-1.5.7.jar
Launcher Type: SUN_STANDARD

[Global flags]
     intx CICompilerCount                          = 2                                         {product} {ergonomic}
     uint ConcGCThreads                            = 1                                         {product} {ergonomic}
     uint G1ConcRefinementThreads                  = 2                                         {product} {ergonomic}
   size_t G1HeapRegionSize                         = 1048576                                   {product} {ergonomic}
    uintx GCDrainStackTargetSize                   = 64                                        {product} {ergonomic}
   size_t InitialHeapSize                          = 65011712                                  {product} {ergonomic}
   size_t MarkStackSize                            = 4194304                                   {product} {ergonomic}
   size_t MaxHeapSize                              = 1021313024                                {product} {ergonomic}
   size_t MaxNewSize                               = 612368384                                 {product} {ergonomic}
   size_t MinHeapDeltaBytes                        = 1048576                                   {product} {ergonomic}
    uintx NonNMethodCodeHeapSize                   = 5825164                                {pd product} {ergonomic}
    uintx NonProfiledCodeHeapSize                  = 122916538                              {pd product} {ergonomic}
    uintx ProfiledCodeHeapSize                     = 122916538                              {pd product} {ergonomic}
    uintx ReservedCodeCacheSize                    = 251658240                              {pd product} {ergonomic}
     bool SegmentedCodeCache                       = true                                      {product} {ergonomic}
     bool UseCompressedClassPointers               = true                                 {lp64_product} {ergonomic}
     bool UseCompressedOops                        = true                                 {lp64_product} {ergonomic}
     bool UseG1GC                                  = true                                      {product} {ergonomic}

Logging:
Log output configuration:
 #0: stdout all=warning uptime,level,tags
 #1: stderr all=off uptime,level,tags

Environment Variables:
PATH=/usr/local/sbin:/usr/local/bin:/usr/sbin:/usr/bin:/sbin:/bin:/usr/games:/usr/local/games:/snap/bin:/snap/bin
USERNAME=doudou
SHELL=/bin/bash
DISPLAY=:0
LANG=en_US.UTF-8
LC_NUMERIC=zh_CN.UTF-8
LC_TIME=zh_CN.UTF-8

Signal Handlers:
SIGSEGV: [libjvm.so+0xeabd80], sa_mask[0]=11111111011111111101111111111110, sa_flags=SA_RESTART|SA_SIGINFO
SIGBUS: [libjvm.so+0xeabd80], sa_mask[0]=11111111011111111101111111111110, sa_flags=SA_RESTART|SA_SIGINFO
SIGFPE: [libjvm.so+0xeabd80], sa_mask[0]=11111111011111111101111111111110, sa_flags=SA_RESTART|SA_SIGINFO
SIGPIPE: [libjvm.so+0xbee610], sa_mask[0]=11111111011111111101111111111110, sa_flags=SA_RESTART|SA_SIGINFO
SIGXFSZ: [libjvm.so+0xbee610], sa_mask[0]=11111111011111111101111111111110, sa_flags=SA_RESTART|SA_SIGINFO
SIGILL: [libjvm.so+0xeabd80], sa_mask[0]=11111111011111111101111111111110, sa_flags=SA_RESTART|SA_SIGINFO
SIGUSR2: [libjvm.so+0xbee4b0], sa_mask[0]=00100000000000000000000000000000, sa_flags=SA_RESTART|SA_SIGINFO
SIGHUP: [libjvm.so+0xbeec50], sa_mask[0]=11111111011111111101111111111110, sa_flags=SA_RESTART|SA_SIGINFO
SIGINT: [libjvm.so+0xbeec50], sa_mask[0]=11111111011111111101111111111110, sa_flags=SA_RESTART|SA_SIGINFO
SIGTERM: [libjvm.so+0xbeec50], sa_mask[0]=11111111011111111101111111111110, sa_flags=SA_RESTART|SA_SIGINFO
SIGQUIT: [libjvm.so+0xbeec50], sa_mask[0]=11111111011111111101111111111110, sa_flags=SA_RESTART|SA_SIGINFO


---------------  S Y S T E M  ---------------

OS:DISTRIB_ID=Ubuntu
DISTRIB_RELEASE=22.04
DISTRIB_CODENAME=jammy
DISTRIB_DESCRIPTION="Ubuntu 22.04.2 LTS"
uname:Linux 5.19.0-43-generic #44~22.04.1-Ubuntu SMP PREEMPT_DYNAMIC Mon May 22 13:39:36 UTC 2 x86_64
OS uptime: 0 days 1:37 hours
libc:glibc 2.35 NPTL 2.35 
rlimit (soft/hard): STACK 8192k/infinity , CORE 0k/infinity , NPROC 15243/15243 , NOFILE 1048576/1048576 , AS infinity/infinity , CPU infinity/infinity , DATA infinity/infinity , FSIZE infinity/infinity , MEMLOCK 497764k/497764k
load average:1.28 1.19 1.10

/proc/meminfo:
MemTotal:        3982120 kB
MemFree:          206428 kB
MemAvailable:     267196 kB
Buffers:            3048 kB
Cached:           226536 kB
SwapCached:       105516 kB
Active:          1614640 kB
Inactive:         481708 kB
Active(anon):    1467512 kB
Inactive(anon):   400360 kB
Active(file):     147128 kB
Inactive(file):    81348 kB
Unevictable:           0 kB
Mlocked:               0 kB
SwapTotal:       3512316 kB
SwapFree:        1892624 kB
Zswap:                 0 kB
Zswapped:              0 kB
Dirty:               960 kB
Writeback:             0 kB
AnonPages:       1855328 kB
Mapped:           105948 kB
Shmem:              1204 kB
KReclaimable:      73132 kB
Slab:             523844 kB
SReclaimable:      73132 kB
SUnreclaim:       450712 kB
KernelStack:       12656 kB
PageTables:        25620 kB
NFS_Unstable:          0 kB
Bounce:                0 kB
WritebackTmp:          0 kB
CommitLimit:     5503376 kB
Committed_AS:    5833376 kB
VmallocTotal:   34359738367 kB
VmallocUsed:      433428 kB
VmallocChunk:          0 kB
Percpu:           137728 kB
HardwareCorrupted:     0 kB
AnonHugePages:         0 kB
ShmemHugePages:        0 kB
ShmemPmdMapped:        0 kB
FileHugePages:         0 kB
FilePmdMapped:         0 kB
HugePages_Total:       0
HugePages_Free:        0
HugePages_Rsvd:        0
HugePages_Surp:        0
Hugepagesize:       2048 kB
Hugetlb:               0 kB
DirectMap4k:      218944 kB
DirectMap2M:     3975168 kB
DirectMap1G:     2097152 kB

/sys/kernel/mm/transparent_hugepage/enabled:
always [madvise] never
/sys/kernel/mm/transparent_hugepage/defrag (defrag/compaction efforts parameter):
always defer defer+madvise [madvise] never

Process Memory:
Virtual Size: 3680648K (peak: 12380364K)
Resident Set Size: 91956K (peak: 91956K) (anon: 36568K, file: 55388K, shmem: 0K)
Swapped out: 0K
C-Heap outstanding allocations: 14695K, retained: 2764K
glibc malloc tunables: (default)

/proc/sys/kernel/threads-max (system-wide limit on the number of threads):
30487
/proc/sys/vm/max_map_count (maximum number of memory map areas a process may have):
65530
/proc/sys/kernel/pid_max (system-wide limit on number of process identifiers):
4194304

container (cgroup) information:
container_type: cgroupv2
cpu_cpuset_cpus: not supported
cpu_memory_nodes: not supported
active_processor_count: 2
cpu_quota: not supported
cpu_period: not supported
cpu_shares: not supported
memory_limit_in_bytes: unlimited
memory_and_swap_limit_in_bytes: unlimited
memory_soft_limit_in_bytes: unlimited
memory_usage_in_bytes: 1936908 k
memory_max_usage_in_bytes: not supported
memory_swap_current_in_bytes: 935016 k
memory_swap_max_limit_in_bytes: unlimited
maximum number of tasks: 4573
current number of tasks: 128

VMWare virtualization detected
Steal ticks since vm start: 0
Steal ticks percentage since vm start:  0.000

CPU:total 2 (initial active 2) (1 cores per cpu, 1 threads per core) family 6 model 140 stepping 1 microcode 0xffffffff, cmov, cx8, fxsr, mmx, sse, sse2, sse3, ssse3, sse4.1, sse4.2, popcnt, avx, avx2, aes, clmul, erms, 3dnowpref, lzcnt, tsc, tscinvbit, bmi1, bmi2, adx, evex, sha, fma
CPU Model and flags from /proc/cpuinfo:
model name	: 11th Gen Intel(R) Core(TM) i7-1165G7 @ 2.80GHz
flags		: fpu vme de pse tsc msr pae mce cx8 apic sep mtrr pge mca cmov pat pse36 clflush mmx fxsr sse sse2 ss syscall nx pdpe1gb rdtscp lm constant_tsc arch_perfmon rep_good nopl xtopology tsc_reliable nonstop_tsc cpuid tsc_known_freq pni pclmulqdq ssse3 fma cx16 pcid sse4_1 sse4_2 x2apic movbe popcnt tsc_deadline_timer aes xsave avx f16c rdrand hypervisor lahf_lm abm 3dnowprefetch invpcid_single pti ssbd ibrs ibpb stibp fsgsbase tsc_adjust bmi1 avx2 smep bmi2 erms invpcid avx512f avx512dq rdseed adx smap avx512ifma clflushopt clwb avx512cd sha_ni avx512bw avx512vl xsaveopt xsavec xgetbv1 xsaves arat avx512vbmi umip avx512_vbmi2 gfni vaes vpclmulqdq avx512_vnni avx512_bitalg avx512_vpopcntdq rdpid fsrm avx512_vp2intersect flush_l1d arch_capabilities
Online cpus:
0-1
Offline cpus:
2-127
BIOS frequency limitation:
<Not Available>
Frequency switch latency (ns):
<Not Available>
Available cpu frequencies:
<Not Available>
Current governor:
<Not Available>
Core performance/turbo boost:
<Not Available>

Memory: 4k page, physical 3982120k(206428k free), swap 3512316k(1892624k free)

vm_info: OpenJDK 64-Bit Server VM (11.0.19+7-post-Ubuntu-0ubuntu122.04.1) for linux-amd64 JRE (11.0.19+7-post-Ubuntu-0ubuntu122.04.1), built on May 10 2023 00:54:00 by "unknown" with gcc 11.3.0

END.
