#
# A fatal error has been detected by the Java Runtime Environment:
#
#  SIGSEGV (0xb) at pc=0x00007ff575fede80, pid=9071, tid=9073
#
# JRE version: OpenJDK Runtime Environment (11.0.19+7) (build 11.0.19+7-post-Ubuntu-0ubuntu122.04.1)
# Java VM: OpenJDK 64-Bit Server VM (11.0.19+7-post-Ubuntu-0ubuntu122.04.1, mixed mode, sharing, tiered, compressed oops, g1 gc, linux-amd64)
# Problematic frame:
# C  [libLLVM-13.so+0xbede80]  llvm::BasicBlock::getModule() const+0x0
#
# Core dump will be written. Default location: Core dumps may be processed with "/usr/share/apport/apport -p%p -s%s -c%c -d%d -P%P -u%u -g%g -- %E" (or dumping to /home/doudou/lab/Lab/core.9071)
#
# If you would like to submit a bug report, please visit:
#   https://bugs.launchpad.net/ubuntu/+source/openjdk-lts
# The crash happened outside the Java Virtual Machine in native code.
# See problematic frame for where to report the bug.
#

---------------  S U M M A R Y ------------

Command Line: -agentlib:jdwp=transport=dt_socket,address=127.0.0.1:55383,suspend=y,server=n -javaagent:/snap/intellij-idea-ultimate/437/plugins/java/lib/rt/debugger-agent.jar -Dfile.encoding=UTF-8 Main /home/doudou/lab/Lab/tests/test1.sysy /home/doudou/lab/Lab/tests/out.txt

Host: 11th Gen Intel(R) Core(TM) i7-1165G7 @ 2.80GHz, 2 cores, 3G, Ubuntu 22.04.2 LTS
Time: Mon Jun 26 18:53:37 2023 CST elapsed time: 874.177981 seconds (0d 0h 14m 34s)

---------------  T H R E A D  ---------------

Current thread (0x00007ff5d4019800):  JavaThread "main" [_thread_in_native, id=9073, stack(0x00007ff5d9900000,0x00007ff5d9a00000)]

Stack: [0x00007ff5d9900000,0x00007ff5d9a00000],  sp=0x00007ff5d99fe3e8,  free space=1016k
Native frames: (J=compiled Java code, A=aot compiled Java code, j=interpreted, Vv=VM code, C=native code)
C  [libLLVM-13.so+0xbede80]  llvm::BasicBlock::getModule() const+0x0

Java frames: (J=compiled Java code, j=interpreted, Vv=VM code)
j  org.bytedeco.llvm.global.LLVM.LLVMBuildStore(Lorg/bytedeco/llvm/LLVM/LLVMBuilderRef;Lorg/bytedeco/llvm/LLVM/LLVMValueRef;Lorg/bytedeco/llvm/LLVM/LLVMValueRef;)Lorg/bytedeco/llvm/LLVM/LLVMValueRef;+0
j  SysYLlvmVisitor.visitCompUnit(LSysYParser$CompUnitContext;)Lorg/bytedeco/llvm/LLVM/LLVMValueRef;+472
j  SysYLlvmVisitor.visitCompUnit(LSysYParser$CompUnitContext;)Ljava/lang/Object;+2
j  SysYParser$CompUnitContext.accept(Lorg/antlr/v4/runtime/tree/ParseTreeVisitor;)Ljava/lang/Object;+12
j  org.antlr.v4.runtime.tree.AbstractParseTreeVisitor.visitChildren(Lorg/antlr/v4/runtime/tree/RuleNode;)Ljava/lang/Object;+46
j  SysYParserBaseVisitor.visitProgram(LSysYParser$ProgramContext;)Ljava/lang/Object;+2
j  SysYParser$ProgramContext.accept(Lorg/antlr/v4/runtime/tree/ParseTreeVisitor;)Ljava/lang/Object;+12
j  org.antlr.v4.runtime.tree.AbstractParseTreeVisitor.visit(Lorg/antlr/v4/runtime/tree/ParseTree;)Ljava/lang/Object;+2
j  Main.main([Ljava/lang/String;)V+218
v  ~StubRoutines::call_stub

siginfo: si_signo: 11 (SIGSEGV), si_code: 1 (SEGV_MAPERR), si_addr: 0x0000000000000038

Register to memory mapping:

RAX=0x00007ff5d43ed600 points into unknown readable memory: 0x00007ff5d4140160 | 60 01 14 d4 f5 7f 00 00
RBX=0x00007ff5d99fe528 is pointing into the stack for thread: 0x00007ff5d4019800
RCX=0x0000000840095f10 is a pointer to class: 
org.bytedeco.llvm.LLVM.LLVMValueRef {0x0000000840095f10}
 - instance size:     6
 - klass size:        99
 - access:            public synchronized 
 - state:             fully_initialized
 - name:              'org/bytedeco/llvm/LLVM/LLVMValueRef'
 - super:             'org/bytedeco/javacpp/Pointer'
 - sub:               
 - arrays:            'org/bytedeco/llvm/LLVM/LLVMValueRef'[]
 - methods:           Array<T>(0x00007ff5b89e88e8)
 - method ordering:   Array<T>(0x00007ff5b89e8ab0)
 - default_methods:   Array<T>(0x0000000000000000)
 - local interfaces:  Array<T>(0x0000000800521db0)
 - trans. interfaces: Array<T>(0x00007ff5b88c6dc0)
 - constants:         constant pool [27] {0x00007ff5b89e87a0} for 'org/bytedeco/llvm/LLVM/LLVMValueRef' cache=0x00007ff5b8a79ad8
 - class loader data:  loader data: 0x00007ff5d4162020 for instance a 'jdk/internal/loader/ClassLoaders$AppClassLoader'{0x00000000c6401150}
 - host class:        NULL
 - source file:       'LLVMValueRef.java'
 - class annotations:       Array<T>(0x00007ff5b89e8a68)
 - class type annotations:  Array<T>(0x0000000000000000)
 - field annotations:       Array<T>(0x0000000000000000)
 - field type annotations:  Array<T>(0x0000000000000000)
 - inner classes:     Array<T>(0x0000000800522380)
 - nest members:     Array<T>(0x0000000800522380)
 - java mirror:       a 'java/lang/Class'{0x00000000c697dcf0} = 'org/bytedeco/llvm/LLVM/LLVMValueRef'
 - vtable length      35  (start addr: 0x00000008400960e0)
 - itable length      5 (start addr: 0x00000008400961f8)
 - ---- static fields (0 words):
 - ---- non-static fields (9 words):
 - private 'deallocator' 'Lorg/bytedeco/javacpp/Pointer$Deallocator;' @12 
 - protected 'address' 'J' @16 
 - protected 'position' 'J' @24 
 - protected 'limit' 'J' @32 
 - protected 'capacity' 'J' @40 
 - non-static oop maps: 12-12 
RDX=0x00007ff5d43ed600 points into unknown readable memory: 0x00007ff5d4140160 | 60 01 14 d4 f5 7f 00 00
RSP=0x00007ff5d99fe3e8 is pointing into the stack for thread: 0x00007ff5d4019800
RBP=0x00007ff5d43ed360 points into unknown readable memory: 0x00007ff5d43ed370 | 70 d3 3e d4 f5 7f 00 00
RSI=0x00007ff57c005400 points into unknown readable memory: 0x00007ff5d4413fb8 | b8 3f 41 d4 f5 7f 00 00
RDI=0x0 is NULL
R8 =0x00007ff5d99fe520 is pointing into the stack for thread: 0x00007ff5d4019800
R9 =0x0000000000000002 is an unknown value
R10=0x00007ff575447f80: <offset 0x0000000000047f80> in /home/doudou/.javacpp/cache/llvm-13.0.1-1.5.7-linux-x86_64.jar/org/bytedeco/llvm/linux-x86_64/libLLVM-13.so at 0x00007ff575400000
R11=0x00007ff57602ca40: LLVMBuildStore+0x0000000000000000 in /home/doudou/.javacpp/cache/llvm-13.0.1-1.5.7-linux-x86_64.jar/org/bytedeco/llvm/linux-x86_64/libLLVM-13.so at 0x00007ff575400000
R12=0x00007ff5d43ed360 points into unknown readable memory: 0x00007ff5d43ed370 | 70 d3 3e d4 f5 7f 00 00
R13=0x00007ff57c005400 points into unknown readable memory: 0x00007ff5d4413fb8 | b8 3f 41 d4 f5 7f 00 00
R14=0x00007ff5d43ed600 points into unknown readable memory: 0x00007ff5d4140160 | 60 01 14 d4 f5 7f 00 00
R15=0x00007ff5d43ed600 points into unknown readable memory: 0x00007ff5d4140160 | 60 01 14 d4 f5 7f 00 00


Registers:
RAX=0x00007ff5d43ed600, RBX=0x00007ff5d99fe528, RCX=0x0000000840095f10, RDX=0x00007ff5d43ed600
RSP=0x00007ff5d99fe3e8, RBP=0x00007ff5d43ed360, RSI=0x00007ff57c005400, RDI=0x0000000000000000
R8 =0x00007ff5d99fe520, R9 =0x0000000000000002, R10=0x00007ff575447f80, R11=0x00007ff57602ca40
R12=0x00007ff5d43ed360, R13=0x00007ff57c005400, R14=0x00007ff5d43ed600, R15=0x00007ff5d43ed600
RIP=0x00007ff575fede80, EFLAGS=0x0000000000010206, CSGSFS=0x002b000000000033, ERR=0x0000000000000004
  TRAPNO=0x000000000000000e

Top of Stack: (sp=0x00007ff5d99fe3e8)
0x00007ff5d99fe3e8:   00007ff57602ca5e 0000000000000000
0x00007ff5d99fe3f8:   0000000000000000 00007ff5bb808b10
0x00007ff5d99fe408:   0000000000000042 00007ff5d99fe440
0x00007ff5d99fe418:   00007ff5d8ee9281 00007ff5d99fe528 

Instructions: (pc=0x00007ff575fede80)
0x00007ff575fedd80:   ff 66 0f ef c0 48 89 02 48 89 50 08 41 0f 11 45
0x00007ff575fedd90:   00 e8 5a 4b 17 00 4c 39 f3 75 c5 4d 8b 6c 24 30
0x00007ff575fedda0:   4c 39 ed 74 3b 0f 1f 00 4c 89 eb 48 89 ef 4d 8b
0x00007ff575feddb0:   6d 08 4c 8d 73 e8 4c 89 f6 e8 42 fd ff ff 48 8b
0x00007ff575feddc0:   03 48 8b 53 08 66 0f ef c9 4c 89 f7 48 89 02 48
0x00007ff575feddd0:   89 50 08 0f 11 0b e8 15 4b 17 00 4c 39 ed 75 c8
0x00007ff575fedde0:   48 83 c4 08 4c 89 e7 5b 5d 41 5c 41 5d 41 5e 41
0x00007ff575feddf0:   5f e9 fa 48 17 00 66 2e 0f 1f 84 00 00 00 00 00
0x00007ff575fede00:   48 8d 4b e8 48 89 c8 48 29 d0 e9 11 ff ff ff 90
0x00007ff575fede10:   48 8b 07 48 8b 38 e8 45 13 16 00 31 d2 be 01 00
0x00007ff575fede20:   00 00 48 89 c7 e8 b6 2a 02 00 48 89 c3 49 8b 44
0x00007ff575fede30:   24 08 48 85 c0 0f 84 a2 fe ff ff 0f 1f 44 00 00
0x00007ff575fede40:   48 8b 68 18 31 d2 48 89 df 48 8b 75 00 e8 ae bc
0x00007ff575fede50:   02 00 48 89 ef 48 89 c6 e8 63 65 17 00 48 89 ef
0x00007ff575fede60:   e8 4b 81 02 00 49 8b 44 24 08 48 85 c0 75 d1 e9
0x00007ff575fede70:   69 fe ff ff 66 2e 0f 1f 84 00 00 00 00 00 66 90
0x00007ff575fede80:   48 8b 47 38 48 8b 40 28 c3 0f 1f 80 00 00 00 00
0x00007ff575fede90:   48 8b 47 28 48 83 c7 28 48 39 f8 74 2b 48 85 c0
0x00007ff575fedea0:   0f 84 9e 9d d3 ff 4c 8d 40 e8 0f b6 40 f8 83 e8
0x00007ff575fedeb0:   1b 83 f8 0b b8 00 00 00 00 4c 0f 43 c0 4c 89 c0
0x00007ff575fedec0:   c3 0f 1f 80 00 00 00 00 45 31 c0 eb f0 0f 1f 00
0x00007ff575feded0:   48 8b 47 28 48 8d 57 28 48 39 d0 0f 84 af 00 00
0x00007ff575fedee0:   00 48 85 c0 0f 84 64 9d d3 ff 45 31 c0 80 78 f8
0x00007ff575fedef0:   1b 75 23 48 8b 57 30 48 8d 48 e8 48 85 d2 74 09
0x00007ff575fedf00:   48 83 ea 18 48 39 d1 74 0d 48 8b 50 10 45 31 c0
0x00007ff575fedf10:   48 39 42 30 75 0a 4c 89 c0 c3 66 0f 1f 44 00 00
0x00007ff575fedf20:   4c 8b 00 4d 85 c0 74 ee 8b 50 fc 49 8d 48 e8 81
0x00007ff575fedf30:   e2 ff ff ff 07 74 3e 89 d2 48 f7 da 48 c1 e2 05
0x00007ff575fedf40:   48 8b 44 10 e8 48 85 c0 74 2b 48 39 c1 75 41 41
0x00007ff575fedf50:   80 78 f8 4b 75 1f 49 8b 40 10 4c 39 40 30 74 30
0x00007ff575fedf60:   49 8b 48 c8 4d 8b 00 4d 85 c0 74 aa 49 83 e8 18
0x00007ff575fedf70:   4c 39 c1 75 1b 45 31 c0 80 79 10 52 75 98 0f b7 


Stack slot to memory mapping:
stack at sp + 0 slots: 0x00007ff57602ca5e: LLVMBuildStore+0x000000000000001e in /home/doudou/.javacpp/cache/llvm-13.0.1-1.5.7-linux-x86_64.jar/org/bytedeco/llvm/linux-x86_64/libLLVM-13.so at 0x00007ff575400000
stack at sp + 1 slots: 0x0 is NULL
stack at sp + 2 slots: 0x0 is NULL
stack at sp + 3 slots: 0x00007ff5bb808b10 is at code_begin+-112 in 
[CodeBlob (0x00007ff5bb808b10)]
Framesize: 0
BufferBlob (0x00007ff5bb808b10) used for Interpreter
stack at sp + 4 slots: 0x0000000000000042 is an unknown value
stack at sp + 5 slots: 0x00007ff5d99fe440 is pointing into the stack for thread: 0x00007ff5d4019800
stack at sp + 6 slots: 0x00007ff5d8ee9281: <offset 0x00000000008e9281> in /usr/lib/jvm/java-11-openjdk-amd64/lib/server/libjvm.so at 0x00007ff5d8600000
stack at sp + 7 slots: 0x00007ff5d99fe528 is pointing into the stack for thread: 0x00007ff5d4019800


---------------  P R O C E S S  ---------------

Threads class SMR info:
_java_thread_list=0x00007ff5d423c620, length=13, elements={
0x00007ff5d4019800, 0x00007ff5d4124000, 0x00007ff5d4126000, 0x00007ff5d412a800,
0x00007ff5d412c800, 0x00007ff5d412e800, 0x00007ff5d4130800, 0x00007ff5d4132800,
0x00007ff5d4159000, 0x00007ff5d41b2000, 0x00007ff5d41b6000, 0x00005572f663a000,
0x00007ff5d423a000
}

Java Threads: ( => current thread )
=>0x00007ff5d4019800 JavaThread "main" [_thread_in_native, id=9073, stack(0x00007ff5d9900000,0x00007ff5d9a00000)]
  0x00007ff5d4124000 JavaThread "Reference Handler" daemon [_thread_blocked, id=9080, stack(0x00007ff5b82a8000,0x00007ff5b83a8000)]
  0x00007ff5d4126000 JavaThread "Finalizer" daemon [_thread_blocked, id=9081, stack(0x00007ff5b81a8000,0x00007ff5b82a8000)]
  0x00007ff5d412a800 JavaThread "Signal Dispatcher" daemon [_thread_blocked, id=9082, stack(0x00007ff5b80a8000,0x00007ff5b81a8000)]
  0x00007ff5d412c800 JavaThread "Service Thread" daemon [_thread_blocked, id=9083, stack(0x00007ff5a9f00000,0x00007ff5aa000000)]
  0x00007ff5d412e800 JavaThread "C2 CompilerThread0" daemon [_thread_blocked, id=9084, stack(0x00007ff5a9e00000,0x00007ff5a9f00000)]
  0x00007ff5d4130800 JavaThread "C1 CompilerThread0" daemon [_thread_blocked, id=9085, stack(0x00007ff5a9d00000,0x00007ff5a9e00000)]
  0x00007ff5d4132800 JavaThread "Sweeper thread" daemon [_thread_blocked, id=9086, stack(0x00007ff5a9c00000,0x00007ff5a9d00000)]
  0x00007ff5d4159000 JavaThread "Common-Cleaner" daemon [_thread_blocked, id=9089, stack(0x00007ff5a9b00000,0x00007ff5a9c00000)]
  0x00007ff5d41b2000 JavaThread "JDWP Transport Listener: dt_socket" daemon [_thread_blocked, id=9092, stack(0x00007ff5a9a00000,0x00007ff5a9b00000)]
  0x00007ff5d41b6000 JavaThread "JDWP Event Helper Thread" daemon [_thread_blocked, id=9093, stack(0x00007ff5a9900000,0x00007ff5a9a00000)]
  0x00005572f663a000 JavaThread "JDWP Command Reader" daemon [_thread_in_native, id=9095, stack(0x00007ff5a9800000,0x00007ff5a9900000)]
  0x00007ff5d423a000 JavaThread "JavaCPP Deallocator" daemon [_thread_blocked, id=9099, stack(0x00007ff5a95fe000,0x00007ff5a96fe000)]

Other Threads:
  0x00007ff5d4121000 VMThread "VM Thread" [stack: 0x00007ff5b83aa000,0x00007ff5b84aa000] [id=9079]
  0x00007ff5d41c7800 WatcherThread [stack: 0x00007ff5a9700000,0x00007ff5a9800000] [id=9098]
  0x00007ff5d4033800 GCTaskThread "GC Thread#0" [stack: 0x00007ff5d8015000,0x00007ff5d8115000] [id=9074]
  0x00007ff5a0001000 GCTaskThread "GC Thread#1" [stack: 0x00007ff5a94fe000,0x00007ff5a95fe000] [id=9100]
  0x00007ff5d404e800 ConcurrentGCThread "G1 Main Marker" [stack: 0x00007ff5b91b4000,0x00007ff5b92b4000] [id=9075]
  0x00007ff5d4050800 ConcurrentGCThread "G1 Conc#0" [stack: 0x00007ff5b90b2000,0x00007ff5b91b2000] [id=9076]
  0x00007ff5d408b800 ConcurrentGCThread "G1 Refine#0" [stack: 0x00007ff5b8dae000,0x00007ff5b8eae000] [id=9077]
  0x00007ff5d408d800 ConcurrentGCThread "G1 Young RemSet Sampling" [stack: 0x00007ff5b8cac000,0x00007ff5b8dac000] [id=9078]

Threads with active compile tasks:

VM state:not at safepoint (normal execution)

VM Mutex/Monitor currently owned by a thread: None

Heap address: 0x00000000c2e00000, size: 978 MB, Compressed Oops mode: 32-bit
Narrow klass base: 0x0000000800000000, Narrow klass shift: 3
Compressed class space size: 1073741824 Address: 0x0000000840000000

Heap:
 garbage-first heap   total 65536K, used 7880K [0x00000000c2e00000, 0x0000000100000000)
  region size 1024K, 9 young (9216K), 1 survivors (1024K)
 Metaspace       used 3947K, capacity 6683K, committed 6912K, reserved 1056768K
  class space    used 424K, capacity 695K, committed 768K, reserved 1048576K
Heap Regions: E=young(eden), S=young(survivor), O=old, HS=humongous(starts), HC=humongous(continues), CS=collection set, F=free, A=archive, TAMS=top-at-mark-start (previous, next)
|   0|0x00000000c2e00000, 0x00000000c2e00000, 0x00000000c2f00000|  0%| F|  |TAMS 0x00000000c2e00000, 0x00000000c2e00000| Untracked 
|   1|0x00000000c2f00000, 0x00000000c2f00000, 0x00000000c3000000|  0%| F|  |TAMS 0x00000000c2f00000, 0x00000000c2f00000| Untracked 
|   2|0x00000000c3000000, 0x00000000c3000000, 0x00000000c3100000|  0%| F|  |TAMS 0x00000000c3000000, 0x00000000c3000000| Untracked 
|   3|0x00000000c3100000, 0x00000000c3100000, 0x00000000c3200000|  0%| F|  |TAMS 0x00000000c3100000, 0x00000000c3100000| Untracked 
|   4|0x00000000c3200000, 0x00000000c3200000, 0x00000000c3300000|  0%| F|  |TAMS 0x00000000c3200000, 0x00000000c3200000| Untracked 
|   5|0x00000000c3300000, 0x00000000c3300000, 0x00000000c3400000|  0%| F|  |TAMS 0x00000000c3300000, 0x00000000c3300000| Untracked 
|   6|0x00000000c3400000, 0x00000000c3400000, 0x00000000c3500000|  0%| F|  |TAMS 0x00000000c3400000, 0x00000000c3400000| Untracked 
|   7|0x00000000c3500000, 0x00000000c3500000, 0x00000000c3600000|  0%| F|  |TAMS 0x00000000c3500000, 0x00000000c3500000| Untracked 
|   8|0x00000000c3600000, 0x00000000c3600000, 0x00000000c3700000|  0%| F|  |TAMS 0x00000000c3600000, 0x00000000c3600000| Untracked 
|   9|0x00000000c3700000, 0x00000000c3700000, 0x00000000c3800000|  0%| F|  |TAMS 0x00000000c3700000, 0x00000000c3700000| Untracked 
|  10|0x00000000c3800000, 0x00000000c3800000, 0x00000000c3900000|  0%| F|  |TAMS 0x00000000c3800000, 0x00000000c3800000| Untracked 
|  11|0x00000000c3900000, 0x00000000c3900000, 0x00000000c3a00000|  0%| F|  |TAMS 0x00000000c3900000, 0x00000000c3900000| Untracked 
|  12|0x00000000c3a00000, 0x00000000c3a00000, 0x00000000c3b00000|  0%| F|  |TAMS 0x00000000c3a00000, 0x00000000c3a00000| Untracked 
|  13|0x00000000c3b00000, 0x00000000c3b00000, 0x00000000c3c00000|  0%| F|  |TAMS 0x00000000c3b00000, 0x00000000c3b00000| Untracked 
|  14|0x00000000c3c00000, 0x00000000c3c00000, 0x00000000c3d00000|  0%| F|  |TAMS 0x00000000c3c00000, 0x00000000c3c00000| Untracked 
|  15|0x00000000c3d00000, 0x00000000c3d00000, 0x00000000c3e00000|  0%| F|  |TAMS 0x00000000c3d00000, 0x00000000c3d00000| Untracked 
|  16|0x00000000c3e00000, 0x00000000c3e00000, 0x00000000c3f00000|  0%| F|  |TAMS 0x00000000c3e00000, 0x00000000c3e00000| Untracked 
|  17|0x00000000c3f00000, 0x00000000c3f00000, 0x00000000c4000000|  0%| F|  |TAMS 0x00000000c3f00000, 0x00000000c3f00000| Untracked 
|  18|0x00000000c4000000, 0x00000000c4000000, 0x00000000c4100000|  0%| F|  |TAMS 0x00000000c4000000, 0x00000000c4000000| Untracked 
|  19|0x00000000c4100000, 0x00000000c4100000, 0x00000000c4200000|  0%| F|  |TAMS 0x00000000c4100000, 0x00000000c4100000| Untracked 
|  20|0x00000000c4200000, 0x00000000c4200000, 0x00000000c4300000|  0%| F|  |TAMS 0x00000000c4200000, 0x00000000c4200000| Untracked 
|  21|0x00000000c4300000, 0x00000000c4300000, 0x00000000c4400000|  0%| F|  |TAMS 0x00000000c4300000, 0x00000000c4300000| Untracked 
|  22|0x00000000c4400000, 0x00000000c4400000, 0x00000000c4500000|  0%| F|  |TAMS 0x00000000c4400000, 0x00000000c4400000| Untracked 
|  23|0x00000000c4500000, 0x00000000c4500000, 0x00000000c4600000|  0%| F|  |TAMS 0x00000000c4500000, 0x00000000c4500000| Untracked 
|  24|0x00000000c4600000, 0x00000000c4600000, 0x00000000c4700000|  0%| F|  |TAMS 0x00000000c4600000, 0x00000000c4600000| Untracked 
|  25|0x00000000c4700000, 0x00000000c4700000, 0x00000000c4800000|  0%| F|  |TAMS 0x00000000c4700000, 0x00000000c4700000| Untracked 
|  26|0x00000000c4800000, 0x00000000c4800000, 0x00000000c4900000|  0%| F|  |TAMS 0x00000000c4800000, 0x00000000c4800000| Untracked 
|  27|0x00000000c4900000, 0x00000000c4900000, 0x00000000c4a00000|  0%| F|  |TAMS 0x00000000c4900000, 0x00000000c4900000| Untracked 
|  28|0x00000000c4a00000, 0x00000000c4a00000, 0x00000000c4b00000|  0%| F|  |TAMS 0x00000000c4a00000, 0x00000000c4a00000| Untracked 
|  29|0x00000000c4b00000, 0x00000000c4b00000, 0x00000000c4c00000|  0%| F|  |TAMS 0x00000000c4b00000, 0x00000000c4b00000| Untracked 
|  30|0x00000000c4c00000, 0x00000000c4c00000, 0x00000000c4d00000|  0%| F|  |TAMS 0x00000000c4c00000, 0x00000000c4c00000| Untracked 
|  31|0x00000000c4d00000, 0x00000000c4d00000, 0x00000000c4e00000|  0%| F|  |TAMS 0x00000000c4d00000, 0x00000000c4d00000| Untracked 
|  32|0x00000000c4e00000, 0x00000000c4e00000, 0x00000000c4f00000|  0%| F|  |TAMS 0x00000000c4e00000, 0x00000000c4e00000| Untracked 
|  33|0x00000000c4f00000, 0x00000000c4f00000, 0x00000000c5000000|  0%| F|  |TAMS 0x00000000c4f00000, 0x00000000c4f00000| Untracked 
|  34|0x00000000c5000000, 0x00000000c5000000, 0x00000000c5100000|  0%| F|  |TAMS 0x00000000c5000000, 0x00000000c5000000| Untracked 
|  35|0x00000000c5100000, 0x00000000c5100000, 0x00000000c5200000|  0%| F|  |TAMS 0x00000000c5100000, 0x00000000c5100000| Untracked 
|  36|0x00000000c5200000, 0x00000000c5200000, 0x00000000c5300000|  0%| F|  |TAMS 0x00000000c5200000, 0x00000000c5200000| Untracked 
|  37|0x00000000c5300000, 0x00000000c5300000, 0x00000000c5400000|  0%| F|  |TAMS 0x00000000c5300000, 0x00000000c5300000| Untracked 
|  38|0x00000000c5400000, 0x00000000c5400000, 0x00000000c5500000|  0%| F|  |TAMS 0x00000000c5400000, 0x00000000c5400000| Untracked 
|  39|0x00000000c5500000, 0x00000000c5500000, 0x00000000c5600000|  0%| F|  |TAMS 0x00000000c5500000, 0x00000000c5500000| Untracked 
|  40|0x00000000c5600000, 0x00000000c5600000, 0x00000000c5700000|  0%| F|  |TAMS 0x00000000c5600000, 0x00000000c5600000| Untracked 
|  41|0x00000000c5700000, 0x00000000c5700000, 0x00000000c5800000|  0%| F|  |TAMS 0x00000000c5700000, 0x00000000c5700000| Untracked 
|  42|0x00000000c5800000, 0x00000000c5800000, 0x00000000c5900000|  0%| F|  |TAMS 0x00000000c5800000, 0x00000000c5800000| Untracked 
|  43|0x00000000c5900000, 0x00000000c5900000, 0x00000000c5a00000|  0%| F|  |TAMS 0x00000000c5900000, 0x00000000c5900000| Untracked 
|  44|0x00000000c5a00000, 0x00000000c5a00000, 0x00000000c5b00000|  0%| F|  |TAMS 0x00000000c5a00000, 0x00000000c5a00000| Untracked 
|  45|0x00000000c5b00000, 0x00000000c5b00000, 0x00000000c5c00000|  0%| F|  |TAMS 0x00000000c5b00000, 0x00000000c5b00000| Untracked 
|  46|0x00000000c5c00000, 0x00000000c5c00000, 0x00000000c5d00000|  0%| F|  |TAMS 0x00000000c5c00000, 0x00000000c5c00000| Untracked 
|  47|0x00000000c5d00000, 0x00000000c5d00000, 0x00000000c5e00000|  0%| F|  |TAMS 0x00000000c5d00000, 0x00000000c5d00000| Untracked 
|  48|0x00000000c5e00000, 0x00000000c5e00000, 0x00000000c5f00000|  0%| F|  |TAMS 0x00000000c5e00000, 0x00000000c5e00000| Untracked 
|  49|0x00000000c5f00000, 0x00000000c5f00000, 0x00000000c6000000|  0%| F|  |TAMS 0x00000000c5f00000, 0x00000000c5f00000| Untracked 
|  50|0x00000000c6000000, 0x00000000c6000000, 0x00000000c6100000|  0%| F|  |TAMS 0x00000000c6000000, 0x00000000c6000000| Untracked 
|  51|0x00000000c6100000, 0x00000000c6100000, 0x00000000c6200000|  0%| F|  |TAMS 0x00000000c6100000, 0x00000000c6100000| Untracked 
|  52|0x00000000c6200000, 0x00000000c6200000, 0x00000000c6300000|  0%| F|  |TAMS 0x00000000c6200000, 0x00000000c6200000| Untracked 
|  53|0x00000000c6300000, 0x00000000c6380800, 0x00000000c6400000| 50%| E|  |TAMS 0x00000000c6300000, 0x00000000c6300000| Complete 
|  54|0x00000000c6400000, 0x00000000c6500000, 0x00000000c6500000|100%| S|CS|TAMS 0x00000000c6400000, 0x00000000c6400000| Complete 
|  55|0x00000000c6500000, 0x00000000c6600000, 0x00000000c6600000|100%| E|CS|TAMS 0x00000000c6500000, 0x00000000c6500000| Complete 
|  56|0x00000000c6600000, 0x00000000c6700000, 0x00000000c6700000|100%| E|CS|TAMS 0x00000000c6600000, 0x00000000c6600000| Complete 
|  57|0x00000000c6700000, 0x00000000c6800000, 0x00000000c6800000|100%| E|CS|TAMS 0x00000000c6700000, 0x00000000c6700000| Complete 
|  58|0x00000000c6800000, 0x00000000c6900000, 0x00000000c6900000|100%| E|CS|TAMS 0x00000000c6800000, 0x00000000c6800000| Complete 
|  59|0x00000000c6900000, 0x00000000c6a00000, 0x00000000c6a00000|100%| E|  |TAMS 0x00000000c6900000, 0x00000000c6900000| Complete 
|  60|0x00000000c6a00000, 0x00000000c6b00000, 0x00000000c6b00000|100%| E|CS|TAMS 0x00000000c6a00000, 0x00000000c6a00000| Complete 
|  61|0x00000000c6b00000, 0x00000000c6c00000, 0x00000000c6c00000|100%| E|CS|TAMS 0x00000000c6b00000, 0x00000000c6b00000| Complete 
| 976|0x00000000ffe00000, 0x00000000ffe47000, 0x00000000fff00000| 27%|OA|  |TAMS 0x00000000ffe00000, 0x00000000ffe00000| Untracked 
| 977|0x00000000fff00000, 0x00000000fff6b000, 0x0000000100000000| 41%|CA|  |TAMS 0x00000000fff00000, 0x00000000fff00000| Untracked 

Card table byte_map: [0x00007ff5bb32d000,0x00007ff5bb516000] _byte_map_base: 0x00007ff5bad16000

Marking Bits (Prev, Next): (CMBitMap*) 0x00007ff5d4049bc8, (CMBitMap*) 0x00007ff5d4049c00
 Prev Bits: [0x00007ff5ba1fc000, 0x00007ff5bb144000)
 Next Bits: [0x00007ff5b92b4000, 0x00007ff5ba1fc000)

Polling page: 0x00007ff5d9db5000

Metaspace:

Usage:
  Non-class:      5.85 MB capacity,     3.44 MB ( 59%) used,     2.40 MB ( 41%) free+waste,     7.31 KB ( <1%) overhead. 
      Class:    695.00 KB capacity,   424.80 KB ( 61%) used,   266.45 KB ( 38%) free+waste,     3.75 KB ( <1%) overhead. 
       Both:      6.53 MB capacity,     3.86 MB ( 59%) used,     2.66 MB ( 41%) free+waste,    11.06 KB ( <1%) overhead. 

Virtual space:
  Non-class space:        8.00 MB reserved,       6.00 MB ( 75%) committed 
      Class space:        1.00 GB reserved,     768.00 KB ( <1%) committed 
             Both:        1.01 GB reserved,       6.75 MB ( <1%) committed 

Chunk freelists:
   Non-Class:  0 bytes
       Class:  9.00 KB
        Both:  9.00 KB

MaxMetaspaceSize: unlimited
CompressedClassSpaceSize: 1.00 GB
Initial GC threshold: 20.80 MB
Current GC threshold: 20.80 MB
CDS: on

CodeHeap 'non-profiled nmethods': size=120036Kb used=253Kb max_used=253Kb free=119782Kb
 bounds [0x00007ff5c32c7000, 0x00007ff5c3537000, 0x00007ff5ca800000]
CodeHeap 'profiled nmethods': size=120032Kb used=1442Kb max_used=1442Kb free=118589Kb
 bounds [0x00007ff5bbd8f000, 0x00007ff5bbfff000, 0x00007ff5c32c7000]
CodeHeap 'non-nmethods': size=5692Kb used=1212Kb max_used=1223Kb free=4479Kb
 bounds [0x00007ff5bb800000, 0x00007ff5bba70000, 0x00007ff5bbd8f000]
 total_blobs=1203 nmethods=808 adapters=317
 compilation: enabled
              stopped_count=0, restarted_count=0
 full_count=0

Compilation events (20 events):
Event: 0.798 Thread 0x00007ff5d4130800 nmethod 762 0x00007ff5bbef3a10 code [0x00007ff5bbef3be0, 0x00007ff5bbef3f40]
Event: 0.798 Thread 0x00007ff5d4130800  763       3       java.util.jar.Attributes::get (11 bytes)
Event: 0.798 Thread 0x00007ff5d4130800 nmethod 763 0x00007ff5bbef4090 code [0x00007ff5bbef4240, 0x00007ff5bbef4440]
Event: 0.801 Thread 0x00007ff5d412e800 nmethod 743 0x00007ff5c32fd590 code [0x00007ff5c32fd760, 0x00007ff5c32fe318]
Event: 0.801 Thread 0x00007ff5d412e800  758       4       java.util.zip.ZipUtils::LG (22 bytes)
Event: 0.802 Thread 0x00007ff5d412e800 nmethod 758 0x00007ff5c32fea10 code [0x00007ff5c32feba0, 0x00007ff5c32fec78]
Event: 0.802 Thread 0x00007ff5d412e800  742       4       java.lang.AbstractStringBuilder::<init> (39 bytes)
Event: 0.803 Thread 0x00007ff5d412e800 nmethod 742 0x00007ff5c32fed90 code [0x00007ff5c32fef20, 0x00007ff5c32ff138]
Event: 0.803 Thread 0x00007ff5d4130800  764       3       java.io.File::exists (43 bytes)
Event: 0.804 Thread 0x00007ff5d4130800 nmethod 764 0x00007ff5bbef4510 code [0x00007ff5bbef4740, 0x00007ff5bbef4ee0]
Event: 0.804 Thread 0x00007ff5d4130800  765       3       java.lang.ref.PhantomReference::<init> (7 bytes)
Event: 0.804 Thread 0x00007ff5d4130800 nmethod 765 0x00007ff5bbef5190 code [0x00007ff5bbef5360, 0x00007ff5bbef5650]
Event: 0.804 Thread 0x00007ff5d4130800  768       3       java.io.File::<init> (113 bytes)
Event: 0.804 Thread 0x00007ff5d4130800 nmethod 768 0x00007ff5bbef5710 code [0x00007ff5bbef59e0, 0x00007ff5bbef65e0]
Event: 0.804 Thread 0x00007ff5d4130800  766   !   3       jdk.internal.ref.PhantomCleanable::insert (53 bytes)
Event: 0.804 Thread 0x00007ff5d4130800 nmethod 766 0x00007ff5bbef6a10 code [0x00007ff5bbef6be0, 0x00007ff5bbef7050]
Event: 0.804 Thread 0x00007ff5d4130800  767       3       jdk.internal.ref.CleanerFactory::cleaner (4 bytes)
Event: 0.805 Thread 0x00007ff5d4130800 nmethod 767 0x00007ff5bbef7210 code [0x00007ff5bbef73c0, 0x00007ff5bbef74b0]
Event: 1.819 Thread 0x00007ff5d4130800  769       3       java.lang.StringCoding::decodeUTF8 (39 bytes)
Event: 1.819 Thread 0x00007ff5d4130800 nmethod 769 0x00007ff5bbef7510 code [0x00007ff5bbef7700, 0x00007ff5bbef7a10]

GC Heap History (2 events):
Event: 0.553 GC heap before
{Heap before GC invocations=0 (full 0):
 garbage-first heap   total 65536K, used 6856K [0x00000000c2e00000, 0x0000000100000000)
  region size 1024K, 7 young (7168K), 0 survivors (0K)
 Metaspace       used 2446K, capacity 5558K, committed 5760K, reserved 1056768K
  class space    used 262K, capacity 553K, committed 640K, reserved 1048576K
}
Event: 0.573 GC heap after
{Heap after GC invocations=1 (full 0):
 garbage-first heap   total 65536K, used 1736K [0x00000000c2e00000, 0x0000000100000000)
  region size 1024K, 1 young (1024K), 1 survivors (1024K)
 Metaspace       used 2446K, capacity 5558K, committed 5760K, reserved 1056768K
  class space    used 262K, capacity 553K, committed 640K, reserved 1048576K
}

Deoptimization events (20 events):
Event: 0.715 Thread 0x00007ff5d4019800 DEOPT PACKING pc=0x00007ff5bbea8454 sp=0x00007ff5d99fbfa0
Event: 0.715 Thread 0x00007ff5d4019800 DEOPT UNPACKING pc=0x00007ff5bb8499fa sp=0x00007ff5d99fb490 mode 1
Event: 0.715 Thread 0x00007ff5d4019800 DEOPT PACKING pc=0x00007ff5bbea8454 sp=0x00007ff5d99fbfa0
Event: 0.715 Thread 0x00007ff5d4019800 DEOPT UNPACKING pc=0x00007ff5bb8499fa sp=0x00007ff5d99fb490 mode 1
Event: 0.715 Thread 0x00007ff5d4019800 DEOPT PACKING pc=0x00007ff5bbea8454 sp=0x00007ff5d99fbfa0
Event: 0.715 Thread 0x00007ff5d4019800 DEOPT UNPACKING pc=0x00007ff5bb8499fa sp=0x00007ff5d99fb490 mode 1
Event: 0.715 Thread 0x00007ff5d4019800 DEOPT PACKING pc=0x00007ff5bbea8454 sp=0x00007ff5d99fbfa0
Event: 0.715 Thread 0x00007ff5d4019800 DEOPT UNPACKING pc=0x00007ff5bb8499fa sp=0x00007ff5d99fb490 mode 1
Event: 0.715 Thread 0x00007ff5d4019800 DEOPT PACKING pc=0x00007ff5bbea8454 sp=0x00007ff5d99fbfa0
Event: 0.715 Thread 0x00007ff5d4019800 DEOPT UNPACKING pc=0x00007ff5bb8499fa sp=0x00007ff5d99fb490 mode 1
Event: 0.715 Thread 0x00007ff5d4019800 DEOPT PACKING pc=0x00007ff5bbea8454 sp=0x00007ff5d99fbfa0
Event: 0.715 Thread 0x00007ff5d4019800 DEOPT UNPACKING pc=0x00007ff5bb8499fa sp=0x00007ff5d99fb490 mode 1
Event: 0.715 Thread 0x00007ff5d4019800 DEOPT PACKING pc=0x00007ff5bbea8454 sp=0x00007ff5d99fbfa0
Event: 0.715 Thread 0x00007ff5d4019800 DEOPT UNPACKING pc=0x00007ff5bb8499fa sp=0x00007ff5d99fb490 mode 1
Event: 0.717 Thread 0x00007ff5d4019800 DEOPT PACKING pc=0x00007ff5bbdfd1fe sp=0x00007ff5d99fd4a0
Event: 0.717 Thread 0x00007ff5d4019800 DEOPT UNPACKING pc=0x00007ff5bb8499fa sp=0x00007ff5d99fc940 mode 0
Event: 0.734 Thread 0x00007ff5d4019800 DEOPT PACKING pc=0x00007ff5bbdfbe8a sp=0x00007ff5d99fd580
Event: 0.734 Thread 0x00007ff5d4019800 DEOPT UNPACKING pc=0x00007ff5bb8499fa sp=0x00007ff5d99fca28 mode 0
Event: 0.737 Thread 0x00007ff5d4019800 DEOPT PACKING pc=0x00007ff5bbdfbe8a sp=0x00007ff5d99fd470
Event: 0.737 Thread 0x00007ff5d4019800 DEOPT UNPACKING pc=0x00007ff5bb8499fa sp=0x00007ff5d99fc918 mode 0

Classes redefined (0 events):
No events

Internal exceptions (20 events):
Event: 0.715 Thread 0x00007ff5d4019800 Exception <a 'java/security/PrivilegedActionException'{0x00000000c6891a30}> (0x00000000c6891a30) thrown at [./src/hotspot/share/prims/jvm.cpp, line 1304]
Event: 0.715 Thread 0x00007ff5d4019800 Exception <a 'java/security/PrivilegedActionException'{0x00000000c6891d00}> (0x00000000c6891d00) thrown at [./src/hotspot/share/prims/jvm.cpp, line 1304]
Event: 0.715 Thread 0x00007ff5d4019800 Exception <a 'java/security/PrivilegedActionException'{0x00000000c6892650}> (0x00000000c6892650) thrown at [./src/hotspot/share/prims/jvm.cpp, line 1304]
Event: 0.715 Thread 0x00007ff5d4019800 Exception <a 'java/security/PrivilegedActionException'{0x00000000c6892920}> (0x00000000c6892920) thrown at [./src/hotspot/share/prims/jvm.cpp, line 1304]
Event: 0.715 Thread 0x00007ff5d4019800 Exception <a 'java/security/PrivilegedActionException'{0x00000000c68932a8}> (0x00000000c68932a8) thrown at [./src/hotspot/share/prims/jvm.cpp, line 1304]
Event: 0.715 Thread 0x00007ff5d4019800 Exception <a 'java/security/PrivilegedActionException'{0x00000000c6893578}> (0x00000000c6893578) thrown at [./src/hotspot/share/prims/jvm.cpp, line 1304]
Event: 0.715 Thread 0x00007ff5d4019800 Exception <a 'java/security/PrivilegedActionException'{0x00000000c6893ee8}> (0x00000000c6893ee8) thrown at [./src/hotspot/share/prims/jvm.cpp, line 1304]
Event: 0.715 Thread 0x00007ff5d4019800 Exception <a 'java/security/PrivilegedActionException'{0x00000000c68941b8}> (0x00000000c68941b8) thrown at [./src/hotspot/share/prims/jvm.cpp, line 1304]
Event: 0.715 Thread 0x00007ff5d4019800 Exception <a 'java/security/PrivilegedActionException'{0x00000000c6894b28}> (0x00000000c6894b28) thrown at [./src/hotspot/share/prims/jvm.cpp, line 1304]
Event: 0.715 Thread 0x00007ff5d4019800 Exception <a 'java/security/PrivilegedActionException'{0x00000000c6894df8}> (0x00000000c6894df8) thrown at [./src/hotspot/share/prims/jvm.cpp, line 1304]
Event: 0.715 Thread 0x00007ff5d4019800 Exception <a 'java/security/PrivilegedActionException'{0x00000000c6895780}> (0x00000000c6895780) thrown at [./src/hotspot/share/prims/jvm.cpp, line 1304]
Event: 0.715 Thread 0x00007ff5d4019800 Exception <a 'java/security/PrivilegedActionException'{0x00000000c6895a50}> (0x00000000c6895a50) thrown at [./src/hotspot/share/prims/jvm.cpp, line 1304]
Event: 0.715 Thread 0x00007ff5d4019800 Exception <a 'java/security/PrivilegedActionException'{0x00000000c68963d8}> (0x00000000c68963d8) thrown at [./src/hotspot/share/prims/jvm.cpp, line 1304]
Event: 0.715 Thread 0x00007ff5d4019800 Exception <a 'java/security/PrivilegedActionException'{0x00000000c68966a8}> (0x00000000c68966a8) thrown at [./src/hotspot/share/prims/jvm.cpp, line 1304]
Event: 0.715 Thread 0x00007ff5d4019800 Exception <a 'java/security/PrivilegedActionException'{0x00000000c6897030}> (0x00000000c6897030) thrown at [./src/hotspot/share/prims/jvm.cpp, line 1304]
Event: 0.715 Thread 0x00007ff5d4019800 Exception <a 'java/security/PrivilegedActionException'{0x00000000c6897300}> (0x00000000c6897300) thrown at [./src/hotspot/share/prims/jvm.cpp, line 1304]
Event: 0.715 Thread 0x00007ff5d4019800 Exception <a 'java/security/PrivilegedActionException'{0x00000000c6897c70}> (0x00000000c6897c70) thrown at [./src/hotspot/share/prims/jvm.cpp, line 1304]
Event: 0.715 Thread 0x00007ff5d4019800 Exception <a 'java/security/PrivilegedActionException'{0x00000000c6897f40}> (0x00000000c6897f40) thrown at [./src/hotspot/share/prims/jvm.cpp, line 1304]
Event: 0.715 Thread 0x00007ff5d4019800 Exception <a 'java/security/PrivilegedActionException'{0x00000000c68988c8}> (0x00000000c68988c8) thrown at [./src/hotspot/share/prims/jvm.cpp, line 1304]
Event: 0.715 Thread 0x00007ff5d4019800 Exception <a 'java/security/PrivilegedActionException'{0x00000000c6898b98}> (0x00000000c6898b98) thrown at [./src/hotspot/share/prims/jvm.cpp, line 1304]

Events (20 events):
Event: 871.919 Executing VM operation: GetFrameCount
Event: 871.919 Executing VM operation: GetFrameCount done
Event: 871.919 Executing VM operation: GetStackTrace
Event: 871.919 Executing VM operation: GetStackTrace done
Event: 874.175 Executing VM operation: GetFrameCount
Event: 874.175 Executing VM operation: GetFrameCount done
Event: 874.175 Executing VM operation: SetFramePop
Event: 874.175 Executing VM operation: SetFramePop done
Event: 874.175 Executing VM operation: GetFrameLocation
Event: 874.175 Executing VM operation: GetFrameLocation done
Event: 874.176 Executing VM operation: GetCurrentLocation
Event: 874.176 Executing VM operation: GetCurrentLocation done
Event: 874.176 Executing VM operation: ChangeSingleStep
Event: 874.176 Executing VM operation: ChangeSingleStep done
Event: 874.176 Executing VM operation: ChangeSingleStep
Event: 874.176 Executing VM operation: ChangeSingleStep done
Event: 874.176 Executing VM operation: GetCurrentLocation
Event: 874.177 Executing VM operation: GetCurrentLocation done
Event: 874.177 Executing VM operation: ChangeSingleStep
Event: 874.177 Executing VM operation: ChangeSingleStep done


Dynamic libraries:
c2e00000-c6c00000 rw-p 00000000 00:00 0 
c6c00000-ffe00000 ---p 00000000 00:00 0 
ffe00000-ffe47000 rw-p 00b0a000 08:03 1060156                            /usr/lib/jvm/java-11-openjdk-amd64/lib/server/classes.jsa
ffe47000-fff00000 rw-p 00000000 00:00 0 
fff00000-fff6b000 rw-p 00a9f000 08:03 1060156                            /usr/lib/jvm/java-11-openjdk-amd64/lib/server/classes.jsa
fff6b000-100000000 rw-p 00000000 00:00 0 
800000000-800002000 rwxp 00001000 08:03 1060156                          /usr/lib/jvm/java-11-openjdk-amd64/lib/server/classes.jsa
800002000-800a9e000 rw-p 00003000 08:03 1060156                          /usr/lib/jvm/java-11-openjdk-amd64/lib/server/classes.jsa
840000000-8400c0000 rw-p 00000000 00:00 0 
8400c0000-880000000 ---p 00000000 00:00 0 
5572f56a7000-5572f56a8000 r--p 00000000 08:03 1058673                    /usr/lib/jvm/java-11-openjdk-amd64/bin/java
5572f56a8000-5572f56a9000 r-xp 00001000 08:03 1058673                    /usr/lib/jvm/java-11-openjdk-amd64/bin/java
5572f56a9000-5572f56aa000 r--p 00002000 08:03 1058673                    /usr/lib/jvm/java-11-openjdk-amd64/bin/java
5572f56aa000-5572f56ab000 r--p 00002000 08:03 1058673                    /usr/lib/jvm/java-11-openjdk-amd64/bin/java
5572f56ab000-5572f56ac000 rw-p 00003000 08:03 1058673                    /usr/lib/jvm/java-11-openjdk-amd64/bin/java
5572f6620000-5572f6662000 rw-p 00000000 00:00 0                          [heap]
7ff575400000-7ff575d26000 r--p 00000000 08:03 1579535                    /home/doudou/.javacpp/cache/llvm-13.0.1-1.5.7-linux-x86_64.jar/org/bytedeco/llvm/linux-x86_64/libLLVM-13.so
7ff575d26000-7ff5796e9000 r-xp 00926000 08:03 1579535                    /home/doudou/.javacpp/cache/llvm-13.0.1-1.5.7-linux-x86_64.jar/org/bytedeco/llvm/linux-x86_64/libLLVM-13.so
7ff5796e9000-7ff57b93e000 r--p 042e9000 08:03 1579535                    /home/doudou/.javacpp/cache/llvm-13.0.1-1.5.7-linux-x86_64.jar/org/bytedeco/llvm/linux-x86_64/libLLVM-13.so
7ff57b93e000-7ff57be53000 r--p 0653d000 08:03 1579535                    /home/doudou/.javacpp/cache/llvm-13.0.1-1.5.7-linux-x86_64.jar/org/bytedeco/llvm/linux-x86_64/libLLVM-13.so
7ff57be53000-7ff57be5e000 rw-p 06a52000 08:03 1579535                    /home/doudou/.javacpp/cache/llvm-13.0.1-1.5.7-linux-x86_64.jar/org/bytedeco/llvm/linux-x86_64/libLLVM-13.so
7ff57be5e000-7ff57bed4000 rw-p 00000000 00:00 0 
7ff57c000000-7ff57c021000 rw-p 00000000 00:00 0 
7ff57c021000-7ff580000000 ---p 00000000 00:00 0 
7ff580000000-7ff580021000 rw-p 00000000 00:00 0 
7ff580021000-7ff584000000 ---p 00000000 00:00 0 
7ff584000000-7ff584389000 rw-p 00000000 00:00 0 
7ff584389000-7ff588000000 ---p 00000000 00:00 0 
7ff588000000-7ff588369000 rw-p 00000000 00:00 0 
7ff588369000-7ff58c000000 ---p 00000000 00:00 0 
7ff58c000000-7ff58c021000 rw-p 00000000 00:00 0 
7ff58c021000-7ff590000000 ---p 00000000 00:00 0 
7ff590000000-7ff590021000 rw-p 00000000 00:00 0 
7ff590021000-7ff594000000 ---p 00000000 00:00 0 
7ff594000000-7ff594021000 rw-p 00000000 00:00 0 
7ff594021000-7ff598000000 ---p 00000000 00:00 0 
7ff598000000-7ff598021000 rw-p 00000000 00:00 0 
7ff598021000-7ff59c000000 ---p 00000000 00:00 0 
7ff59c000000-7ff59c021000 rw-p 00000000 00:00 0 
7ff59c021000-7ff5a0000000 ---p 00000000 00:00 0 
7ff5a0000000-7ff5a0021000 rw-p 00000000 00:00 0 
7ff5a0021000-7ff5a4000000 ---p 00000000 00:00 0 
7ff5a4000000-7ff5a4021000 rw-p 00000000 00:00 0 
7ff5a4021000-7ff5a8000000 ---p 00000000 00:00 0 
7ff5a93f6000-7ff5a945b000 r--p 00000000 08:03 1579540                    /home/doudou/.javacpp/cache/llvm-13.0.1-1.5.7-linux-x86_64.jar/org/bytedeco/llvm/linux-x86_64/libjniLLVM.so
7ff5a945b000-7ff5a94c9000 r-xp 00065000 08:03 1579540                    /home/doudou/.javacpp/cache/llvm-13.0.1-1.5.7-linux-x86_64.jar/org/bytedeco/llvm/linux-x86_64/libjniLLVM.so
7ff5a94c9000-7ff5a94f4000 r--p 000d3000 08:03 1579540                    /home/doudou/.javacpp/cache/llvm-13.0.1-1.5.7-linux-x86_64.jar/org/bytedeco/llvm/linux-x86_64/libjniLLVM.so
7ff5a94f4000-7ff5a94f7000 r--p 000fd000 08:03 1579540                    /home/doudou/.javacpp/cache/llvm-13.0.1-1.5.7-linux-x86_64.jar/org/bytedeco/llvm/linux-x86_64/libjniLLVM.so
7ff5a94f7000-7ff5a94fa000 rw-p 00100000 08:03 1579540                    /home/doudou/.javacpp/cache/llvm-13.0.1-1.5.7-linux-x86_64.jar/org/bytedeco/llvm/linux-x86_64/libjniLLVM.so
7ff5a94fa000-7ff5a94fc000 rw-p 00000000 00:00 0 
7ff5a94fc000-7ff5a94fd000 ---p 00000000 00:00 0 
7ff5a94fd000-7ff5a95fe000 rw-p 00000000 00:00 0 
7ff5a95fe000-7ff5a9602000 ---p 00000000 00:00 0 
7ff5a9602000-7ff5a96fe000 rw-p 00000000 00:00 0 
7ff5a96fe000-7ff5a96ff000 ---p 00000000 00:00 0 
7ff5a96ff000-7ff5a9800000 rw-p 00000000 00:00 0 
7ff5a9800000-7ff5a9804000 ---p 00000000 00:00 0 
7ff5a9804000-7ff5a9900000 rw-p 00000000 00:00 0 
7ff5a9900000-7ff5a9904000 ---p 00000000 00:00 0 
7ff5a9904000-7ff5a9a00000 rw-p 00000000 00:00 0 
7ff5a9a00000-7ff5a9a04000 ---p 00000000 00:00 0 
7ff5a9a04000-7ff5a9b00000 rw-p 00000000 00:00 0 
7ff5a9b00000-7ff5a9b04000 ---p 00000000 00:00 0 
7ff5a9b04000-7ff5a9c00000 rw-p 00000000 00:00 0 
7ff5a9c00000-7ff5a9c04000 ---p 00000000 00:00 0 
7ff5a9c04000-7ff5a9d00000 rw-p 00000000 00:00 0 
7ff5a9d00000-7ff5a9d04000 ---p 00000000 00:00 0 
7ff5a9d04000-7ff5a9e00000 rw-p 00000000 00:00 0 
7ff5a9e00000-7ff5a9e04000 ---p 00000000 00:00 0 
7ff5a9e04000-7ff5a9f00000 rw-p 00000000 00:00 0 
7ff5a9f00000-7ff5a9f04000 ---p 00000000 00:00 0 
7ff5a9f04000-7ff5ac000000 rw-p 00000000 00:00 0 
7ff5ac000000-7ff5ac021000 rw-p 00000000 00:00 0 
7ff5ac021000-7ff5b0000000 ---p 00000000 00:00 0 
7ff5b0000000-7ff5b0021000 rw-p 00000000 00:00 0 
7ff5b0021000-7ff5b4000000 ---p 00000000 00:00 0 
7ff5b4000000-7ff5b4021000 rw-p 00000000 00:00 0 
7ff5b4021000-7ff5b8000000 ---p 00000000 00:00 0 
7ff5b80a8000-7ff5b80ac000 ---p 00000000 00:00 0 
7ff5b80ac000-7ff5b81a8000 rw-p 00000000 00:00 0 
7ff5b81a8000-7ff5b81ac000 ---p 00000000 00:00 0 
7ff5b81ac000-7ff5b82a8000 rw-p 00000000 00:00 0 
7ff5b82a8000-7ff5b82ac000 ---p 00000000 00:00 0 
7ff5b82ac000-7ff5b83a8000 rw-p 00000000 00:00 0 
7ff5b83a8000-7ff5b83a9000 ---p 00000000 00:00 0 
7ff5b83a9000-7ff5b8aaa000 rw-p 00000000 00:00 0 
7ff5b8aaa000-7ff5b8caa000 ---p 00000000 00:00 0 
7ff5b8caa000-7ff5b8cab000 ---p 00000000 00:00 0 
7ff5b8cab000-7ff5b8dac000 rw-p 00000000 00:00 0 
7ff5b8dac000-7ff5b8dad000 ---p 00000000 00:00 0 
7ff5b8dad000-7ff5b90b0000 rw-p 00000000 00:00 0 
7ff5b90b0000-7ff5b90b1000 ---p 00000000 00:00 0 
7ff5b90b1000-7ff5b91b2000 rw-p 00000000 00:00 0 
7ff5b91b2000-7ff5b91b3000 ---p 00000000 00:00 0 
7ff5b91b3000-7ff5b93ac000 rw-p 00000000 00:00 0 
7ff5b93ac000-7ff5ba1f4000 ---p 00000000 00:00 0 
7ff5ba1f4000-7ff5ba2f4000 rw-p 00000000 00:00 0 
7ff5ba2f4000-7ff5bb13c000 ---p 00000000 00:00 0 
7ff5bb13c000-7ff5bb163000 rw-p 00000000 00:00 0 
7ff5bb163000-7ff5bb32c000 ---p 00000000 00:00 0 
7ff5bb32c000-7ff5bb34c000 rw-p 00000000 00:00 0 
7ff5bb34c000-7ff5bb515000 ---p 00000000 00:00 0 
7ff5bb515000-7ff5bb535000 rw-p 00000000 00:00 0 
7ff5bb535000-7ff5bb6fe000 ---p 00000000 00:00 0 
7ff5bb6fe000-7ff5bb800000 rw-p 00000000 00:00 0 
7ff5bb800000-7ff5bba70000 rwxp 00000000 00:00 0 
7ff5bba70000-7ff5bbd8f000 ---p 00000000 00:00 0 
7ff5bbd8f000-7ff5bbfff000 rwxp 00000000 00:00 0 
7ff5bbfff000-7ff5c32c7000 ---p 00000000 00:00 0 
7ff5c32c7000-7ff5c3537000 rwxp 00000000 00:00 0 
7ff5c3537000-7ff5ca800000 ---p 00000000 00:00 0 
7ff5ca800000-7ff5cb5e7000 r--p 00000000 08:03 534858                     /usr/lib/locale/locale-archive
7ff5cb600000-7ff5d3e0b000 r--s 00000000 08:03 1058832                    /usr/lib/jvm/java-11-openjdk-amd64/lib/modules
7ff5d3e66000-7ff5d3e67000 r--p 00000000 08:03 1579538                    /home/doudou/.javacpp/cache/llvm-13.0.1-1.5.7-linux-x86_64.jar/org/bytedeco/llvm/linux-x86_64/libRemarks.so.13
7ff5d3e67000-7ff5d3e68000 r-xp 00001000 08:03 1579538                    /home/doudou/.javacpp/cache/llvm-13.0.1-1.5.7-linux-x86_64.jar/org/bytedeco/llvm/linux-x86_64/libRemarks.so.13
7ff5d3e68000-7ff5d3e69000 r--p 00002000 08:03 1579538                    /home/doudou/.javacpp/cache/llvm-13.0.1-1.5.7-linux-x86_64.jar/org/bytedeco/llvm/linux-x86_64/libRemarks.so.13
7ff5d3e69000-7ff5d3e6a000 r--p 00002000 08:03 1579538                    /home/doudou/.javacpp/cache/llvm-13.0.1-1.5.7-linux-x86_64.jar/org/bytedeco/llvm/linux-x86_64/libRemarks.so.13
7ff5d3e6a000-7ff5d3e6b000 rw-p 00003000 08:03 1579538                    /home/doudou/.javacpp/cache/llvm-13.0.1-1.5.7-linux-x86_64.jar/org/bytedeco/llvm/linux-x86_64/libRemarks.so.13
7ff5d3e6b000-7ff5d3e72000 r--p 00000000 08:03 1579536                    /home/doudou/.javacpp/cache/llvm-13.0.1-1.5.7-linux-x86_64.jar/org/bytedeco/llvm/linux-x86_64/libLTO.so.13
7ff5d3e72000-7ff5d3e7a000 r-xp 00007000 08:03 1579536                    /home/doudou/.javacpp/cache/llvm-13.0.1-1.5.7-linux-x86_64.jar/org/bytedeco/llvm/linux-x86_64/libLTO.so.13
7ff5d3e7a000-7ff5d3e7c000 r--p 0000f000 08:03 1579536                    /home/doudou/.javacpp/cache/llvm-13.0.1-1.5.7-linux-x86_64.jar/org/bytedeco/llvm/linux-x86_64/libLTO.so.13
7ff5d3e7c000-7ff5d3e7d000 r--p 00010000 08:03 1579536                    /home/doudou/.javacpp/cache/llvm-13.0.1-1.5.7-linux-x86_64.jar/org/bytedeco/llvm/linux-x86_64/libLTO.so.13
7ff5d3e7d000-7ff5d3e7e000 rw-p 00011000 08:03 1579536                    /home/doudou/.javacpp/cache/llvm-13.0.1-1.5.7-linux-x86_64.jar/org/bytedeco/llvm/linux-x86_64/libLTO.so.13
7ff5d3e7e000-7ff5d4000000 rw-p 00000000 00:00 0 
7ff5d4000000-7ff5d4416000 rw-p 00000000 00:00 0 
7ff5d4416000-7ff5d8000000 ---p 00000000 00:00 0 
7ff5d8002000-7ff5d8006000 r--p 00000000 08:03 1579530                    /home/doudou/.javacpp/cache/javacpp-1.5.7-linux-x86_64.jar/org/bytedeco/javacpp/linux-x86_64/libjnijavacpp.so
7ff5d8006000-7ff5d800d000 r-xp 00004000 08:03 1579530                    /home/doudou/.javacpp/cache/javacpp-1.5.7-linux-x86_64.jar/org/bytedeco/javacpp/linux-x86_64/libjnijavacpp.so
7ff5d800d000-7ff5d8011000 r--p 0000b000 08:03 1579530                    /home/doudou/.javacpp/cache/javacpp-1.5.7-linux-x86_64.jar/org/bytedeco/javacpp/linux-x86_64/libjnijavacpp.so
7ff5d8011000-7ff5d8012000 r--p 0000e000 08:03 1579530                    /home/doudou/.javacpp/cache/javacpp-1.5.7-linux-x86_64.jar/org/bytedeco/javacpp/linux-x86_64/libjnijavacpp.so
7ff5d8012000-7ff5d8013000 rw-p 0000f000 08:03 1579530                    /home/doudou/.javacpp/cache/javacpp-1.5.7-linux-x86_64.jar/org/bytedeco/javacpp/linux-x86_64/libjnijavacpp.so
7ff5d8013000-7ff5d8014000 ---p 00000000 00:00 0 
7ff5d8014000-7ff5d811a000 rw-p 00000000 00:00 0 
7ff5d811a000-7ff5d8200000 ---p 00000000 00:00 0 
7ff5d8200000-7ff5d829a000 r--p 00000000 08:03 552221                     /usr/lib/x86_64-linux-gnu/libstdc++.so.6.0.30
7ff5d829a000-7ff5d83aa000 r-xp 0009a000 08:03 552221                     /usr/lib/x86_64-linux-gnu/libstdc++.so.6.0.30
7ff5d83aa000-7ff5d8419000 r--p 001aa000 08:03 552221                     /usr/lib/x86_64-linux-gnu/libstdc++.so.6.0.30
7ff5d8419000-7ff5d8424000 r--p 00218000 08:03 552221                     /usr/lib/x86_64-linux-gnu/libstdc++.so.6.0.30
7ff5d8424000-7ff5d8427000 rw-p 00223000 08:03 552221                     /usr/lib/x86_64-linux-gnu/libstdc++.so.6.0.30
7ff5d8427000-7ff5d842a000 rw-p 00000000 00:00 0 
7ff5d842a000-7ff5d842b000 r--p 00000000 08:03 551276                     /usr/lib/x86_64-linux-gnu/libdl.so.2
7ff5d842b000-7ff5d842c000 r-xp 00001000 08:03 551276                     /usr/lib/x86_64-linux-gnu/libdl.so.2
7ff5d842c000-7ff5d842d000 r--p 00002000 08:03 551276                     /usr/lib/x86_64-linux-gnu/libdl.so.2
7ff5d842d000-7ff5d842e000 r--p 00002000 08:03 551276                     /usr/lib/x86_64-linux-gnu/libdl.so.2
7ff5d842e000-7ff5d842f000 rw-p 00003000 08:03 551276                     /usr/lib/x86_64-linux-gnu/libdl.so.2
7ff5d842f000-7ff5d8433000 r--p 00000000 08:03 1058822                    /usr/lib/jvm/java-11-openjdk-amd64/lib/libnet.so
7ff5d8433000-7ff5d8441000 r-xp 00004000 08:03 1058822                    /usr/lib/jvm/java-11-openjdk-amd64/lib/libnet.so
7ff5d8441000-7ff5d8445000 r--p 00012000 08:03 1058822                    /usr/lib/jvm/java-11-openjdk-amd64/lib/libnet.so
7ff5d8445000-7ff5d8446000 r--p 00015000 08:03 1058822                    /usr/lib/jvm/java-11-openjdk-amd64/lib/libnet.so
7ff5d8446000-7ff5d8447000 rw-p 00016000 08:03 1058822                    /usr/lib/jvm/java-11-openjdk-amd64/lib/libnet.so
7ff5d8447000-7ff5d844e000 r--p 00000000 08:03 1058823                    /usr/lib/jvm/java-11-openjdk-amd64/lib/libnio.so
7ff5d844e000-7ff5d8456000 r-xp 00007000 08:03 1058823                    /usr/lib/jvm/java-11-openjdk-amd64/lib/libnio.so
7ff5d8456000-7ff5d8459000 r--p 0000f000 08:03 1058823                    /usr/lib/jvm/java-11-openjdk-amd64/lib/libnio.so
7ff5d8459000-7ff5d845a000 r--p 00011000 08:03 1058823                    /usr/lib/jvm/java-11-openjdk-amd64/lib/libnio.so
7ff5d845a000-7ff5d845b000 rw-p 00012000 08:03 1058823                    /usr/lib/jvm/java-11-openjdk-amd64/lib/libnio.so
7ff5d845b000-7ff5d84dc000 rw-p 00000000 00:00 0 
7ff5d84dc000-7ff5d85c2000 ---p 00000000 00:00 0 
7ff5d85c2000-7ff5d85c4000 r--p 00000000 08:03 1058813                    /usr/lib/jvm/java-11-openjdk-amd64/lib/libjdwp.so
7ff5d85c4000-7ff5d85f0000 r-xp 00002000 08:03 1058813                    /usr/lib/jvm/java-11-openjdk-amd64/lib/libjdwp.so
7ff5d85f0000-7ff5d85fe000 r--p 0002e000 08:03 1058813                    /usr/lib/jvm/java-11-openjdk-amd64/lib/libjdwp.so
7ff5d85fe000-7ff5d85ff000 r--p 0003b000 08:03 1058813                    /usr/lib/jvm/java-11-openjdk-amd64/lib/libjdwp.so
7ff5d85ff000-7ff5d8600000 rw-p 0003c000 08:03 1058813                    /usr/lib/jvm/java-11-openjdk-amd64/lib/libjdwp.so
7ff5d8600000-7ff5d8882000 r--p 00000000 08:03 1058837                    /usr/lib/jvm/java-11-openjdk-amd64/lib/server/libjvm.so
7ff5d8882000-7ff5d951e000 r-xp 00282000 08:03 1058837                    /usr/lib/jvm/java-11-openjdk-amd64/lib/server/libjvm.so
7ff5d951e000-7ff5d9779000 r--p 00f1e000 08:03 1058837                    /usr/lib/jvm/java-11-openjdk-amd64/lib/server/libjvm.so
7ff5d9779000-7ff5d977a000 ---p 01179000 08:03 1058837                    /usr/lib/jvm/java-11-openjdk-amd64/lib/server/libjvm.so
7ff5d977a000-7ff5d983e000 r--p 01179000 08:03 1058837                    /usr/lib/jvm/java-11-openjdk-amd64/lib/server/libjvm.so
7ff5d983e000-7ff5d9879000 rw-p 0123d000 08:03 1058837                    /usr/lib/jvm/java-11-openjdk-amd64/lib/server/libjvm.so
7ff5d9879000-7ff5d98d0000 rw-p 00000000 00:00 0 
7ff5d98d4000-7ff5d98d5000 r--p 00000000 08:03 552054                     /usr/lib/x86_64-linux-gnu/libpthread.so.0
7ff5d98d5000-7ff5d98d6000 r-xp 00001000 08:03 552054                     /usr/lib/x86_64-linux-gnu/libpthread.so.0
7ff5d98d6000-7ff5d98d7000 r--p 00002000 08:03 552054                     /usr/lib/x86_64-linux-gnu/libpthread.so.0
7ff5d98d7000-7ff5d98d8000 r--p 00002000 08:03 552054                     /usr/lib/x86_64-linux-gnu/libpthread.so.0
7ff5d98d8000-7ff5d98d9000 rw-p 00003000 08:03 552054                     /usr/lib/x86_64-linux-gnu/libpthread.so.0
7ff5d98d9000-7ff5d98db000 r--p 00000000 08:03 1058803                    /usr/lib/jvm/java-11-openjdk-amd64/lib/libdt_socket.so
7ff5d98db000-7ff5d98de000 r-xp 00002000 08:03 1058803                    /usr/lib/jvm/java-11-openjdk-amd64/lib/libdt_socket.so
7ff5d98de000-7ff5d98df000 r--p 00005000 08:03 1058803                    /usr/lib/jvm/java-11-openjdk-amd64/lib/libdt_socket.so
7ff5d98df000-7ff5d98e0000 ---p 00006000 08:03 1058803                    /usr/lib/jvm/java-11-openjdk-amd64/lib/libdt_socket.so
7ff5d98e0000-7ff5d98e1000 r--p 00006000 08:03 1058803                    /usr/lib/jvm/java-11-openjdk-amd64/lib/libdt_socket.so
7ff5d98e1000-7ff5d98e2000 rw-p 00007000 08:03 1058803                    /usr/lib/jvm/java-11-openjdk-amd64/lib/libdt_socket.so
7ff5d98e2000-7ff5d98e9000 r--s 00000000 08:03 553557                     /usr/lib/x86_64-linux-gnu/gconv/gconv-modules.cache
7ff5d98e9000-7ff5d98ee000 rw-p 00000000 00:00 0 
7ff5d98ee000-7ff5d98f5000 ---p 00000000 00:00 0 
7ff5d98f5000-7ff5d98f7000 r--p 00000000 08:03 1058831                    /usr/lib/jvm/java-11-openjdk-amd64/lib/libzip.so
7ff5d98f7000-7ff5d98fc000 r-xp 00002000 08:03 1058831                    /usr/lib/jvm/java-11-openjdk-amd64/lib/libzip.so
7ff5d98fc000-7ff5d98fe000 r--p 00007000 08:03 1058831                    /usr/lib/jvm/java-11-openjdk-amd64/lib/libzip.so
7ff5d98fe000-7ff5d98ff000 r--p 00008000 08:03 1058831                    /usr/lib/jvm/java-11-openjdk-amd64/lib/libzip.so
7ff5d98ff000-7ff5d9900000 rw-p 00009000 08:03 1058831                    /usr/lib/jvm/java-11-openjdk-amd64/lib/libzip.so
7ff5d9900000-7ff5d9904000 ---p 00000000 00:00 0 
7ff5d9904000-7ff5d9a00000 rw-p 00000000 00:00 0 
7ff5d9a00000-7ff5d9a28000 r--p 00000000 08:03 551134                     /usr/lib/x86_64-linux-gnu/libc.so.6
7ff5d9a28000-7ff5d9bbd000 r-xp 00028000 08:03 551134                     /usr/lib/x86_64-linux-gnu/libc.so.6
7ff5d9bbd000-7ff5d9c15000 r--p 001bd000 08:03 551134                     /usr/lib/x86_64-linux-gnu/libc.so.6
7ff5d9c15000-7ff5d9c19000 r--p 00214000 08:03 551134                     /usr/lib/x86_64-linux-gnu/libc.so.6
7ff5d9c19000-7ff5d9c1b000 rw-p 00218000 08:03 551134                     /usr/lib/x86_64-linux-gnu/libc.so.6
7ff5d9c1b000-7ff5d9c28000 rw-p 00000000 00:00 0 
7ff5d9c2c000-7ff5d9c32000 r--s 000f8000 07:0c 1466                       /snap/intellij-idea-ultimate/437/plugins/java/lib/rt/debugger-agent.jar
7ff5d9c32000-7ff5d9c3a000 rw-s 00000000 08:03 262226                     /tmp/hsperfdata_doudou/9071
7ff5d9c3a000-7ff5d9c3c000 r--p 00000000 08:03 1058806                    /usr/lib/jvm/java-11-openjdk-amd64/lib/libinstrument.so
7ff5d9c3c000-7ff5d9c43000 r-xp 00002000 08:03 1058806                    /usr/lib/jvm/java-11-openjdk-amd64/lib/libinstrument.so
7ff5d9c43000-7ff5d9c46000 r--p 00009000 08:03 1058806                    /usr/lib/jvm/java-11-openjdk-amd64/lib/libinstrument.so
7ff5d9c46000-7ff5d9c47000 r--p 0000b000 08:03 1058806                    /usr/lib/jvm/java-11-openjdk-amd64/lib/libinstrument.so
7ff5d9c47000-7ff5d9c48000 rw-p 0000c000 08:03 1058806                    /usr/lib/jvm/java-11-openjdk-amd64/lib/libinstrument.so
7ff5d9c48000-7ff5d9c56000 r--p 00000000 08:03 1058811                    /usr/lib/jvm/java-11-openjdk-amd64/lib/libjava.so
7ff5d9c56000-7ff5d9c6c000 r-xp 0000e000 08:03 1058811                    /usr/lib/jvm/java-11-openjdk-amd64/lib/libjava.so
7ff5d9c6c000-7ff5d9c73000 r--p 00024000 08:03 1058811                    /usr/lib/jvm/java-11-openjdk-amd64/lib/libjava.so
7ff5d9c73000-7ff5d9c74000 r--p 0002a000 08:03 1058811                    /usr/lib/jvm/java-11-openjdk-amd64/lib/libjava.so
7ff5d9c74000-7ff5d9c75000 rw-p 0002b000 08:03 1058811                    /usr/lib/jvm/java-11-openjdk-amd64/lib/libjava.so
7ff5d9c75000-7ff5d9c76000 rw-p 00000000 00:00 0 
7ff5d9c76000-7ff5d9c7b000 r--p 00000000 08:03 1058830                    /usr/lib/jvm/java-11-openjdk-amd64/lib/libverify.so
7ff5d9c7b000-7ff5d9c82000 r-xp 00005000 08:03 1058830                    /usr/lib/jvm/java-11-openjdk-amd64/lib/libverify.so
7ff5d9c82000-7ff5d9c84000 r--p 0000c000 08:03 1058830                    /usr/lib/jvm/java-11-openjdk-amd64/lib/libverify.so
7ff5d9c84000-7ff5d9c86000 r--p 0000d000 08:03 1058830                    /usr/lib/jvm/java-11-openjdk-amd64/lib/libverify.so
7ff5d9c86000-7ff5d9c87000 rw-p 0000f000 08:03 1058830                    /usr/lib/jvm/java-11-openjdk-amd64/lib/libverify.so
7ff5d9c87000-7ff5d9c88000 r--p 00000000 08:03 552110                     /usr/lib/x86_64-linux-gnu/librt.so.1
7ff5d9c88000-7ff5d9c89000 r-xp 00001000 08:03 552110                     /usr/lib/x86_64-linux-gnu/librt.so.1
7ff5d9c89000-7ff5d9c8a000 r--p 00002000 08:03 552110                     /usr/lib/x86_64-linux-gnu/librt.so.1
7ff5d9c8a000-7ff5d9c8b000 r--p 00002000 08:03 552110                     /usr/lib/x86_64-linux-gnu/librt.so.1
7ff5d9c8b000-7ff5d9c8c000 rw-p 00003000 08:03 552110                     /usr/lib/x86_64-linux-gnu/librt.so.1
7ff5d9c8c000-7ff5d9c8f000 r--p 00000000 08:03 551433                     /usr/lib/x86_64-linux-gnu/libgcc_s.so.1
7ff5d9c8f000-7ff5d9ca6000 r-xp 00003000 08:03 551433                     /usr/lib/x86_64-linux-gnu/libgcc_s.so.1
7ff5d9ca6000-7ff5d9caa000 r--p 0001a000 08:03 551433                     /usr/lib/x86_64-linux-gnu/libgcc_s.so.1
7ff5d9caa000-7ff5d9cab000 r--p 0001d000 08:03 551433                     /usr/lib/x86_64-linux-gnu/libgcc_s.so.1
7ff5d9cab000-7ff5d9cac000 rw-p 0001e000 08:03 551433                     /usr/lib/x86_64-linux-gnu/libgcc_s.so.1
7ff5d9cac000-7ff5d9cba000 r--p 00000000 08:03 551785                     /usr/lib/x86_64-linux-gnu/libm.so.6
7ff5d9cba000-7ff5d9d36000 r-xp 0000e000 08:03 551785                     /usr/lib/x86_64-linux-gnu/libm.so.6
7ff5d9d36000-7ff5d9d91000 r--p 0008a000 08:03 551785                     /usr/lib/x86_64-linux-gnu/libm.so.6
7ff5d9d91000-7ff5d9d92000 r--p 000e4000 08:03 551785                     /usr/lib/x86_64-linux-gnu/libm.so.6
7ff5d9d92000-7ff5d9d93000 rw-p 000e5000 08:03 551785                     /usr/lib/x86_64-linux-gnu/libm.so.6
7ff5d9d93000-7ff5d9d95000 rw-p 00000000 00:00 0 
7ff5d9d95000-7ff5d9d97000 r--p 00000000 08:03 552488                     /usr/lib/x86_64-linux-gnu/libz.so.1.2.11
7ff5d9d97000-7ff5d9da8000 r-xp 00002000 08:03 552488                     /usr/lib/x86_64-linux-gnu/libz.so.1.2.11
7ff5d9da8000-7ff5d9dae000 r--p 00013000 08:03 552488                     /usr/lib/x86_64-linux-gnu/libz.so.1.2.11
7ff5d9dae000-7ff5d9daf000 ---p 00019000 08:03 552488                     /usr/lib/x86_64-linux-gnu/libz.so.1.2.11
7ff5d9daf000-7ff5d9db0000 r--p 00019000 08:03 552488                     /usr/lib/x86_64-linux-gnu/libz.so.1.2.11
7ff5d9db0000-7ff5d9db1000 rw-p 0001a000 08:03 552488                     /usr/lib/x86_64-linux-gnu/libz.so.1.2.11
7ff5d9db5000-7ff5d9db6000 ---p 00000000 00:00 0 
7ff5d9db6000-7ff5d9db7000 r--p 00000000 00:00 0 
7ff5d9db7000-7ff5d9db9000 r--p 00000000 08:03 1058814                    /usr/lib/jvm/java-11-openjdk-amd64/lib/libjimage.so
7ff5d9db9000-7ff5d9dbc000 r-xp 00002000 08:03 1058814                    /usr/lib/jvm/java-11-openjdk-amd64/lib/libjimage.so
7ff5d9dbc000-7ff5d9dbd000 r--p 00005000 08:03 1058814                    /usr/lib/jvm/java-11-openjdk-amd64/lib/libjimage.so
7ff5d9dbd000-7ff5d9dbe000 ---p 00006000 08:03 1058814                    /usr/lib/jvm/java-11-openjdk-amd64/lib/libjimage.so
7ff5d9dbe000-7ff5d9dbf000 r--p 00006000 08:03 1058814                    /usr/lib/jvm/java-11-openjdk-amd64/lib/libjimage.so
7ff5d9dbf000-7ff5d9dc0000 rw-p 00007000 08:03 1058814                    /usr/lib/jvm/java-11-openjdk-amd64/lib/libjimage.so
7ff5d9dc0000-7ff5d9dc3000 r--p 00000000 08:03 1058796                    /usr/lib/jvm/java-11-openjdk-amd64/lib/jli/libjli.so
7ff5d9dc3000-7ff5d9dcd000 r-xp 00003000 08:03 1058796                    /usr/lib/jvm/java-11-openjdk-amd64/lib/jli/libjli.so
7ff5d9dcd000-7ff5d9dd0000 r--p 0000d000 08:03 1058796                    /usr/lib/jvm/java-11-openjdk-amd64/lib/jli/libjli.so
7ff5d9dd0000-7ff5d9dd1000 ---p 00010000 08:03 1058796                    /usr/lib/jvm/java-11-openjdk-amd64/lib/jli/libjli.so
7ff5d9dd1000-7ff5d9dd2000 r--p 00010000 08:03 1058796                    /usr/lib/jvm/java-11-openjdk-amd64/lib/jli/libjli.so
7ff5d9dd2000-7ff5d9dd3000 rw-p 00011000 08:03 1058796                    /usr/lib/jvm/java-11-openjdk-amd64/lib/jli/libjli.so
7ff5d9dd3000-7ff5d9dd5000 rw-p 00000000 00:00 0 
7ff5d9dd5000-7ff5d9dd7000 r--p 00000000 08:03 550792                     /usr/lib/x86_64-linux-gnu/ld-linux-x86-64.so.2
7ff5d9dd7000-7ff5d9e01000 r-xp 00002000 08:03 550792                     /usr/lib/x86_64-linux-gnu/ld-linux-x86-64.so.2
7ff5d9e01000-7ff5d9e0c000 r--p 0002c000 08:03 550792                     /usr/lib/x86_64-linux-gnu/ld-linux-x86-64.so.2
7ff5d9e0d000-7ff5d9e0f000 r--p 00037000 08:03 550792                     /usr/lib/x86_64-linux-gnu/ld-linux-x86-64.so.2
7ff5d9e0f000-7ff5d9e11000 rw-p 00039000 08:03 550792                     /usr/lib/x86_64-linux-gnu/ld-linux-x86-64.so.2
7ffd50fe6000-7ffd51007000 rw-p 00000000 00:00 0                          [stack]
7ffd510da000-7ffd510de000 r--p 00000000 00:00 0                          [vvar]
7ffd510de000-7ffd510e0000 r-xp 00000000 00:00 0                          [vdso]
ffffffffff600000-ffffffffff601000 --xp 00000000 00:00 0                  [vsyscall]


VM Arguments:
jvm_args: -agentlib:jdwp=transport=dt_socket,address=127.0.0.1:55383,suspend=y,server=n -javaagent:/snap/intellij-idea-ultimate/437/plugins/java/lib/rt/debugger-agent.jar -Dfile.encoding=UTF-8 
java_command: Main /home/doudou/lab/Lab/tests/test1.sysy /home/doudou/lab/Lab/tests/out.txt
java_class_path (initial): /home/doudou/lab/Lab/out/production/Lab:/usr/local/lib/antlr-4.9.1-complete.jar:/usr/local/lib/javacpp-1.5.7-linux-x86_64.jar:/usr/local/lib/javacpp-1.5.7.jar:/usr/local/lib/llvm-13.0.1-1.5.7-linux-x86_64.jar:/usr/local/lib/llvm-13.0.1-1.5.7.jar:/usr/local/lib/llvm-platform-13.0.1-1.5.7.jar:/snap/intellij-idea-ultimate/437/lib/idea_rt.jar
Launcher Type: SUN_STANDARD

[Global flags]
     intx CICompilerCount                          = 2                                         {product} {ergonomic}
     uint ConcGCThreads                            = 1                                         {product} {ergonomic}
     uint G1ConcRefinementThreads                  = 2                                         {product} {ergonomic}
   size_t G1HeapRegionSize                         = 1048576                                   {product} {ergonomic}
    uintx GCDrainStackTargetSize                   = 64                                        {product} {ergonomic}
   size_t InitialHeapSize                          = 65011712                                  {product} {ergonomic}
   size_t MarkStackSize                            = 4194304                                   {product} {ergonomic}
   size_t MaxHeapSize                              = 1025507328                                {product} {ergonomic}
   size_t MaxNewSize                               = 614465536                                 {product} {ergonomic}
   size_t MinHeapDeltaBytes                        = 1048576                                   {product} {ergonomic}
    uintx NonNMethodCodeHeapSize                   = 5825164                                {pd product} {ergonomic}
    uintx NonProfiledCodeHeapSize                  = 122916538                              {pd product} {ergonomic}
    uintx ProfiledCodeHeapSize                     = 122916538                              {pd product} {ergonomic}
    uintx ReservedCodeCacheSize                    = 251658240                              {pd product} {ergonomic}
     bool SegmentedCodeCache                       = true                                      {product} {ergonomic}
     bool UseCompressedClassPointers               = true                                 {lp64_product} {ergonomic}
     bool UseCompressedOops                        = true                                 {lp64_product} {ergonomic}
     bool UseG1GC                                  = true                                      {product} {ergonomic}

Logging:
Log output configuration:
 #0: stdout all=warning uptime,level,tags
 #1: stderr all=off uptime,level,tags

Environment Variables:
PATH=/usr/local/sbin:/usr/local/bin:/usr/sbin:/usr/bin:/sbin:/bin:/usr/games:/usr/local/games:/snap/bin:/snap/bin
USERNAME=doudou
SHELL=/bin/bash
DISPLAY=:0
LANG=en_US.UTF-8
LC_NUMERIC=zh_CN.UTF-8
LC_TIME=zh_CN.UTF-8

Signal Handlers:
SIGSEGV: [libjvm.so+0xeabd80], sa_mask[0]=11111111011111111101111111111110, sa_flags=SA_RESTART|SA_SIGINFO
SIGBUS: [libjvm.so+0xeabd80], sa_mask[0]=11111111011111111101111111111110, sa_flags=SA_RESTART|SA_SIGINFO
SIGFPE: [libjvm.so+0xeabd80], sa_mask[0]=11111111011111111101111111111110, sa_flags=SA_RESTART|SA_SIGINFO
SIGPIPE: [libjvm.so+0xbee610], sa_mask[0]=11111111011111111101111111111110, sa_flags=SA_RESTART|SA_SIGINFO
SIGXFSZ: [libjvm.so+0xbee610], sa_mask[0]=11111111011111111101111111111110, sa_flags=SA_RESTART|SA_SIGINFO
SIGILL: [libjvm.so+0xeabd80], sa_mask[0]=11111111011111111101111111111110, sa_flags=SA_RESTART|SA_SIGINFO
SIGUSR2: [libjvm.so+0xbee4b0], sa_mask[0]=00100000000000000000000000000000, sa_flags=SA_RESTART|SA_SIGINFO
SIGHUP: [libjvm.so+0xbeec50], sa_mask[0]=11111111011111111101111111111110, sa_flags=SA_RESTART|SA_SIGINFO
SIGINT: [libjvm.so+0xbeec50], sa_mask[0]=11111111011111111101111111111110, sa_flags=SA_RESTART|SA_SIGINFO
SIGTERM: [libjvm.so+0xbeec50], sa_mask[0]=11111111011111111101111111111110, sa_flags=SA_RESTART|SA_SIGINFO
SIGQUIT: [libjvm.so+0xbeec50], sa_mask[0]=11111111011111111101111111111110, sa_flags=SA_RESTART|SA_SIGINFO


---------------  S Y S T E M  ---------------

OS:DISTRIB_ID=Ubuntu
DISTRIB_RELEASE=22.04
DISTRIB_CODENAME=jammy
DISTRIB_DESCRIPTION="Ubuntu 22.04.2 LTS"
uname:Linux 5.19.0-45-generic #46~22.04.1-Ubuntu SMP PREEMPT_DYNAMIC Wed Jun 7 15:06:04 UTC 20 x86_64
OS uptime: 0 days 7:25 hours
libc:glibc 2.35 NPTL 2.35 
rlimit (soft/hard): STACK 8192k/infinity , CORE 0k/infinity , NPROC 15333/15333 , NOFILE 1048576/1048576 , AS infinity/infinity , CPU infinity/infinity , DATA infinity/infinity , FSIZE infinity/infinity , MEMLOCK 500652k/500652k
load average:0.54 0.77 0.85

/proc/meminfo:
MemTotal:        4005236 kB
MemFree:          134788 kB
MemAvailable:     557728 kB
Buffers:           19660 kB
Cached:           577880 kB
SwapCached:        21676 kB
Active:          1488964 kB
Inactive:        1513148 kB
Active(anon):    1131016 kB
Inactive(anon):  1285516 kB
Active(file):     357948 kB
Inactive(file):   227632 kB
Unevictable:           0 kB
Mlocked:               0 kB
SwapTotal:       3512316 kB
SwapFree:        2482360 kB
Zswap:                 0 kB
Zswapped:              0 kB
Dirty:               212 kB
Writeback:             0 kB
AnonPages:       2395000 kB
Mapped:           176572 kB
Shmem:             13252 kB
KReclaimable:      83920 kB
Slab:             218000 kB
SReclaimable:      83920 kB
SUnreclaim:       134080 kB
KernelStack:       10752 kB
PageTables:        25480 kB
NFS_Unstable:          0 kB
Bounce:                0 kB
WritebackTmp:          0 kB
CommitLimit:     5514932 kB
Committed_AS:    5798712 kB
VmallocTotal:   34359738367 kB
VmallocUsed:       46040 kB
VmallocChunk:          0 kB
Percpu:             2216 kB
HardwareCorrupted:     0 kB
AnonHugePages:         0 kB
ShmemHugePages:        0 kB
ShmemPmdMapped:        0 kB
FileHugePages:         0 kB
FilePmdMapped:         0 kB
HugePages_Total:       0
HugePages_Free:        0
HugePages_Rsvd:        0
HugePages_Surp:        0
Hugepagesize:       2048 kB
Hugetlb:               0 kB
DirectMap4k:      184128 kB
DirectMap2M:     4009984 kB
DirectMap1G:     2097152 kB

/sys/kernel/mm/transparent_hugepage/enabled:
always [madvise] never
/sys/kernel/mm/transparent_hugepage/defrag (defrag/compaction efforts parameter):
always defer defer+madvise [madvise] never

Process Memory:
Virtual Size: 3687232K (peak: 12399120K)
Resident Set Size: 94796K (peak: 94796K) (anon: 36908K, file: 57888K, shmem: 0K)
Swapped out: 0K
C-Heap outstanding allocations: 9609K, retained: 7818K
glibc malloc tunables: (default)

/proc/sys/kernel/threads-max (system-wide limit on the number of threads):
30667
/proc/sys/vm/max_map_count (maximum number of memory map areas a process may have):
65530
/proc/sys/kernel/pid_max (system-wide limit on number of process identifiers):
4194304

container (cgroup) information:
container_type: cgroupv2
cpu_cpuset_cpus: not supported
cpu_memory_nodes: not supported
active_processor_count: 2
cpu_quota: not supported
cpu_period: not supported
cpu_shares: not supported
memory_limit_in_bytes: unlimited
memory_and_swap_limit_in_bytes: unlimited
memory_soft_limit_in_bytes: unlimited
memory_usage_in_bytes: 2211424 k
memory_max_usage_in_bytes: not supported
memory_swap_current_in_bytes: 691300 k
memory_swap_max_limit_in_bytes: unlimited
maximum number of tasks: 4600
current number of tasks: 141

VMWare virtualization detected
Steal ticks since vm start: 0
Steal ticks percentage since vm start:  0.000

CPU:total 2 (initial active 2) (1 cores per cpu, 1 threads per core) family 6 model 140 stepping 1 microcode 0xffffffff, cmov, cx8, fxsr, mmx, sse, sse2, sse3, ssse3, sse4.1, sse4.2, popcnt, avx, avx2, aes, clmul, erms, 3dnowpref, lzcnt, tsc, tscinvbit, bmi1, bmi2, adx, evex, sha, fma
CPU Model and flags from /proc/cpuinfo:
model name	: 11th Gen Intel(R) Core(TM) i7-1165G7 @ 2.80GHz
flags		: fpu vme de pse tsc msr pae mce cx8 apic sep mtrr pge mca cmov pat pse36 clflush mmx fxsr sse sse2 ss syscall nx pdpe1gb rdtscp lm constant_tsc arch_perfmon rep_good nopl xtopology tsc_reliable nonstop_tsc cpuid tsc_known_freq pni pclmulqdq ssse3 fma cx16 pcid sse4_1 sse4_2 x2apic movbe popcnt tsc_deadline_timer aes xsave avx f16c rdrand hypervisor lahf_lm abm 3dnowprefetch invpcid_single pti ssbd ibrs ibpb stibp fsgsbase tsc_adjust bmi1 avx2 smep bmi2 erms invpcid avx512f avx512dq rdseed adx smap avx512ifma clflushopt clwb avx512cd sha_ni avx512bw avx512vl xsaveopt xsavec xgetbv1 xsaves arat avx512vbmi umip avx512_vbmi2 gfni vaes vpclmulqdq avx512_vnni avx512_bitalg avx512_vpopcntdq rdpid fsrm avx512_vp2intersect flush_l1d arch_capabilities
Online cpus:
0-1
Offline cpus:

BIOS frequency limitation:
<Not Available>
Frequency switch latency (ns):
<Not Available>
Available cpu frequencies:
<Not Available>
Current governor:
<Not Available>
Core performance/turbo boost:
<Not Available>

Memory: 4k page, physical 4005236k(134788k free), swap 3512316k(2482360k free)

vm_info: OpenJDK 64-Bit Server VM (11.0.19+7-post-Ubuntu-0ubuntu122.04.1) for linux-amd64 JRE (11.0.19+7-post-Ubuntu-0ubuntu122.04.1), built on May 10 2023 00:54:00 by "unknown" with gcc 11.3.0

END.
