#
# A fatal error has been detected by the Java Runtime Environment:
#
#  SIGSEGV (0xb) at pc=0x00007fb69602ca66, pid=6836, tid=6837
#
# JRE version: OpenJDK Runtime Environment (11.0.19+7) (build 11.0.19+7-post-Ubuntu-0ubuntu122.04.1)
# Java VM: OpenJDK 64-Bit Server VM (11.0.19+7-post-Ubuntu-0ubuntu122.04.1, mixed mode, sharing, tiered, compressed oops, g1 gc, linux-amd64)
# Problematic frame:
# C  [libLLVM-13.so+0xc2ca66]  LLVMBuildStore+0x26
#
# Core dump will be written. Default location: Core dumps may be processed with "/usr/share/apport/apport -p%p -s%s -c%c -d%d -P%P -u%u -g%g -- %E" (or dumping to /home/doudou/lab/Lab/core.6836)
#
# If you would like to submit a bug report, please visit:
#   https://bugs.launchpad.net/ubuntu/+source/openjdk-lts
# The crash happened outside the Java Virtual Machine in native code.
# See problematic frame for where to report the bug.
#

---------------  S U M M A R Y ------------

Command Line: -agentlib:jdwp=transport=dt_socket,address=127.0.0.1:33735,suspend=y,server=n -javaagent:/snap/intellij-idea-ultimate/430/plugins/java/lib/rt/debugger-agent.jar -Dfile.encoding=UTF-8 Main /home/doudou/lab/Lab/tests/test1.sysy /home/doudou/lab/Lab/tests/out.txt

Host: 11th Gen Intel(R) Core(TM) i7-1165G7 @ 2.80GHz, 2 cores, 3G, Ubuntu 22.04.2 LTS
Time: Thu Jun  8 22:35:46 2023 CST elapsed time: 308.578723 seconds (0d 0h 5m 8s)

---------------  T H R E A D  ---------------

Current thread (0x00007fb6f4019800):  JavaThread "main" [_thread_in_native, id=6837, stack(0x00007fb6fa900000,0x00007fb6faa00000)]

Stack: [0x00007fb6fa900000,0x00007fb6faa00000],  sp=0x00007fb6fa9fdc60,  free space=1015k
Native frames: (J=compiled Java code, A=aot compiled Java code, j=interpreted, Vv=VM code, C=native code)
C  [libLLVM-13.so+0xc2ca66]  LLVMBuildStore+0x26

Java frames: (J=compiled Java code, j=interpreted, Vv=VM code)
j  org.bytedeco.llvm.global.LLVM.LLVMBuildStore(Lorg/bytedeco/llvm/LLVM/LLVMBuilderRef;Lorg/bytedeco/llvm/LLVM/LLVMValueRef;Lorg/bytedeco/llvm/LLVM/LLVMValueRef;)Lorg/bytedeco/llvm/LLVM/LLVMValueRef;+0
j  SysYLlvmVisitor.visitVarDef(LSysYParser$VarDefContext;)Lorg/bytedeco/llvm/LLVM/LLVMValueRef;+71
j  SysYLlvmVisitor.visitVarDef(LSysYParser$VarDefContext;)Ljava/lang/Object;+2
j  SysYParser$VarDefContext.accept(Lorg/antlr/v4/runtime/tree/ParseTreeVisitor;)Ljava/lang/Object;+12
j  org.antlr.v4.runtime.tree.AbstractParseTreeVisitor.visitChildren(Lorg/antlr/v4/runtime/tree/RuleNode;)Ljava/lang/Object;+46
j  SysYParserBaseVisitor.visitVarDecl(LSysYParser$VarDeclContext;)Ljava/lang/Object;+2
j  SysYParser$VarDeclContext.accept(Lorg/antlr/v4/runtime/tree/ParseTreeVisitor;)Ljava/lang/Object;+12
j  org.antlr.v4.runtime.tree.AbstractParseTreeVisitor.visitChildren(Lorg/antlr/v4/runtime/tree/RuleNode;)Ljava/lang/Object;+46
j  SysYParserBaseVisitor.visitDecl(LSysYParser$DeclContext;)Ljava/lang/Object;+2
j  SysYParser$DeclContext.accept(Lorg/antlr/v4/runtime/tree/ParseTreeVisitor;)Ljava/lang/Object;+12
j  org.antlr.v4.runtime.tree.AbstractParseTreeVisitor.visitChildren(Lorg/antlr/v4/runtime/tree/RuleNode;)Ljava/lang/Object;+46
j  SysYParserBaseVisitor.visitBlockItem(LSysYParser$BlockItemContext;)Ljava/lang/Object;+2
j  SysYParser$BlockItemContext.accept(Lorg/antlr/v4/runtime/tree/ParseTreeVisitor;)Ljava/lang/Object;+12
j  org.antlr.v4.runtime.tree.AbstractParseTreeVisitor.visitChildren(Lorg/antlr/v4/runtime/tree/RuleNode;)Ljava/lang/Object;+46
j  SysYParserBaseVisitor.visitBlock(LSysYParser$BlockContext;)Ljava/lang/Object;+2
j  SysYParser$BlockContext.accept(Lorg/antlr/v4/runtime/tree/ParseTreeVisitor;)Ljava/lang/Object;+12
j  org.antlr.v4.runtime.tree.AbstractParseTreeVisitor.visit(Lorg/antlr/v4/runtime/tree/ParseTree;)Ljava/lang/Object;+2
j  SysYLlvmVisitor.visitFuncDef(LSysYParser$FuncDefContext;)Lorg/bytedeco/llvm/LLVM/LLVMValueRef;+230
j  SysYLlvmVisitor.visitCompUnit(LSysYParser$CompUnitContext;)Lorg/bytedeco/llvm/LLVM/LLVMValueRef;+364
j  SysYLlvmVisitor.visitCompUnit(LSysYParser$CompUnitContext;)Ljava/lang/Object;+2
j  SysYParser$CompUnitContext.accept(Lorg/antlr/v4/runtime/tree/ParseTreeVisitor;)Ljava/lang/Object;+12
j  org.antlr.v4.runtime.tree.AbstractParseTreeVisitor.visitChildren(Lorg/antlr/v4/runtime/tree/RuleNode;)Ljava/lang/Object;+46
j  SysYParserBaseVisitor.visitProgram(LSysYParser$ProgramContext;)Ljava/lang/Object;+2
j  SysYParser$ProgramContext.accept(Lorg/antlr/v4/runtime/tree/ParseTreeVisitor;)Ljava/lang/Object;+12
j  org.antlr.v4.runtime.tree.AbstractParseTreeVisitor.visit(Lorg/antlr/v4/runtime/tree/ParseTree;)Ljava/lang/Object;+2
j  Main.main([Ljava/lang/String;)V+218
v  ~StubRoutines::call_stub

siginfo: si_signo: 11 (SIGSEGV), si_code: 1 (SEGV_MAPERR), si_addr: 0x0000000000000000

Register to memory mapping:

RAX=0x00007fb6f43ad660 points into unknown readable memory: 0x000000000a000100 | 00 01 00 0a 00 00 00 00
RBX=0x0 is NULL
RCX=0x0000000840095ca8 is a pointer to class: 
org.bytedeco.llvm.LLVM.LLVMValueRef {0x0000000840095ca8}
 - instance size:     6
 - klass size:        99
 - access:            public synchronized 
 - state:             fully_initialized
 - name:              'org/bytedeco/llvm/LLVM/LLVMValueRef'
 - super:             'org/bytedeco/javacpp/Pointer'
 - sub:               
 - arrays:            NULL
 - methods:           Array<T>(0x00007fb6c7d38d40)
 - method ordering:   Array<T>(0x00007fb6c7d38f08)
 - default_methods:   Array<T>(0x0000000000000000)
 - local interfaces:  Array<T>(0x0000000800521db0)
 - trans. interfaces: Array<T>(0x00007fb6c7c16dc0)
 - constants:         constant pool [27] {0x00007fb6c7d38bf8} for 'org/bytedeco/llvm/LLVM/LLVMValueRef' cache=0x00007fb6c7dc9150
 - class loader data:  loader data: 0x00007fb6f41471d0 for instance a 'jdk/internal/loader/ClassLoaders$AppClassLoader'{0x00000000c6817708}
 - host class:        NULL
 - source file:       'LLVMValueRef.java'
 - class annotations:       Array<T>(0x00007fb6c7d38ec0)
 - class type annotations:  Array<T>(0x0000000000000000)
 - field annotations:       Array<T>(0x0000000000000000)
 - field type annotations:  Array<T>(0x0000000000000000)
 - inner classes:     Array<T>(0x0000000800522380)
 - nest members:     Array<T>(0x0000000800522380)
 - java mirror:       a 'java/lang/Class'{0x00000000c6d6b0e8} = 'org/bytedeco/llvm/LLVM/LLVMValueRef'
 - vtable length      35  (start addr: 0x0000000840095e78)
 - itable length      5 (start addr: 0x0000000840095f90)
 - ---- static fields (0 words):
 - ---- non-static fields (9 words):
 - private 'deallocator' 'Lorg/bytedeco/javacpp/Pointer$Deallocator;' @12 
 - protected 'address' 'J' @16 
 - protected 'position' 'J' @24 
 - protected 'limit' 'J' @32 
 - protected 'capacity' 'J' @40 
 - non-static oop maps: 12-12 
RDX=0x00007fb6f428c120 points into unknown readable memory: 0x00007fb6f42805c0 | c0 05 28 f4 b6 7f 00 00
RSP=0x00007fb6fa9fdc60 is pointing into the stack for thread: 0x00007fb6f4019800
RBP=0x00007fb6f438b9c0 points into unknown readable memory: 0x00007fb6f438b9d0 | d0 b9 38 f4 b6 7f 00 00
RSI=0x0 is NULL
RDI=0x00007fb6f43ad590 points into unknown readable memory: 0x00007fb6f439be50 | 50 be 39 f4 b6 7f 00 00
R8 =0x00007fb6fa9fdd98 is pointing into the stack for thread: 0x00007fb6f4019800
R9 =0x0000000000000002 is an unknown value
R10=0x00007fb6dc6154d4 is at code_begin+1652 in an Interpreter codelet
method entry point (kind = native)  [0x00007fb6dc614e60, 0x00007fb6dc615e60]  4096 bytes
R11=0x00000000c6dcd888 points into unknown readable memory: 0x00000068837a7701 | 01 77 7a 83 68 00 00 00
R12=0x00007fb6f438b9c0 points into unknown readable memory: 0x00007fb6f438b9d0 | d0 b9 38 f4 b6 7f 00 00
R13=0x0 is NULL
R14=0x00007fb6f428c120 points into unknown readable memory: 0x00007fb6f42805c0 | c0 05 28 f4 b6 7f 00 00
R15=0x00007fb6f428c120 points into unknown readable memory: 0x00007fb6f42805c0 | c0 05 28 f4 b6 7f 00 00


Registers:
RAX=0x00007fb6f43ad660, RBX=0x0000000000000000, RCX=0x0000000840095ca8, RDX=0x00007fb6f428c120
RSP=0x00007fb6fa9fdc60, RBP=0x00007fb6f438b9c0, RSI=0x0000000000000000, RDI=0x00007fb6f43ad590
R8 =0x00007fb6fa9fdd98, R9 =0x0000000000000002, R10=0x00007fb6dc6154d4, R11=0x00000000c6dcd888
R12=0x00007fb6f438b9c0, R13=0x0000000000000000, R14=0x00007fb6f428c120, R15=0x00007fb6f428c120
RIP=0x00007fb69602ca66, EFLAGS=0x0000000000010206, CSGSFS=0x002b000000000033, ERR=0x0000000000000004
  TRAPNO=0x000000000000000e

Top of Stack: (sp=0x00007fb6fa9fdc60)
0x00007fb6fa9fdc60:   00007fb6fa9fdd30 00007fb6dc615084
0x00007fb6fa9fdc70:   00007fb6dc608b10 0000000000000042
0x00007fb6fa9fdc80:   00007fb6fa9fdcb0 00007fb6fb2e9281
0x00007fb6fa9fdc90:   0000000000000000 00007fb6f4019b48 

Instructions: (pc=0x00007fb69602ca66)
0x00007fb69602c966:   55 49 89 f5 be 01 01 00 00 41 54 55 48 89 fd 53
0x00007fb69602c976:   48 83 ec 60 80 39 00 66 89 74 24 20 74 09 48 89
0x00007fb69602c986:   0c 24 c6 44 24 20 03 48 8b 7d 30 e8 ea 14 fc ff
0x00007fb69602c996:   48 89 c7 e8 62 46 0e 00 4c 89 ee 48 89 c7 e8 c7
0x00007fb69602c9a6:   45 01 00 be 01 00 00 00 bf 40 00 00 00 89 c3 b8
0x00007fb69602c9b6:   01 01 00 00 66 89 44 24 50 e8 bc 09 13 00 48 8d
0x00007fb69602c9c6:   4c 24 30 41 89 d9 45 31 c0 48 83 ec 08 48 89 c7
0x00007fb69602c9d6:   4c 89 f2 4c 89 ee 6a 00 49 89 c4 e8 3a 5c 09 00
0x00007fb69602c9e6:   48 8b 7d 50 48 8b 4d 30 4c 89 e6 48 8d 54 24 10
0x00007fb69602c9f6:   4c 8b 45 38 48 8b 07 ff 50 10 48 8b 5d 00 8b 6d
0x00007fb69602ca06:   08 5a 59 48 c1 e5 04 48 01 dd 48 39 eb 74 1a 0f
0x00007fb69602ca16:   1f 00 48 8b 53 08 8b 33 4c 89 e7 48 83 c3 10 e8
0x00007fb69602ca26:   16 14 0e 00 48 39 dd 75 e9 48 83 c4 60 4c 89 e0
0x00007fb69602ca36:   5b 5d 41 5c 41 5d 41 5e c3 90 41 56 49 89 d6 41
0x00007fb69602ca46:   55 49 89 f5 41 54 55 48 89 fd 53 48 83 ec 30 48
0x00007fb69602ca56:   8b 7f 30 e8 22 14 fc ff 48 89 c7 e8 9a 45 0e 00
0x00007fb69602ca66:   49 8b 75 00 48 89 c7 e8 fe 44 01 00 be 02 00 00
0x00007fb69602ca76:   00 bf 40 00 00 00 89 c3 b8 01 01 00 00 66 89 44
0x00007fb69602ca86:   24 20 e8 f3 08 13 00 41 89 d8 45 31 c9 31 c9 48
0x00007fb69602ca96:   89 c7 4c 89 f2 4c 89 ee 49 89 c4 e8 6a 62 09 00
0x00007fb69602caa6:   48 8b 7d 50 48 8b 4d 30 48 89 e2 4c 8b 45 38 4c
0x00007fb69602cab6:   89 e6 48 8b 07 ff 50 10 48 8b 5d 00 8b 6d 08 48
0x00007fb69602cac6:   c1 e5 04 48 01 dd 48 39 eb 74 1e 0f 1f 80 00 00
0x00007fb69602cad6:   00 00 48 8b 53 08 8b 33 4c 89 e7 48 83 c3 10 e8
0x00007fb69602cae6:   56 13 0e 00 48 39 dd 75 e9 48 83 c4 30 4c 89 e0
0x00007fb69602caf6:   5b 5d 41 5c 41 5d 41 5e c3 90 41 56 b8 01 01 00
0x00007fb69602cb06:   00 41 55 41 89 f5 41 54 55 48 89 fd 53 48 83 ec
0x00007fb69602cb16:   30 80 39 00 66 89 44 24 20 74 09 48 89 0c 24 c6
0x00007fb69602cb26:   44 24 20 03 45 31 f6 85 d2 bf 40 00 00 00 41 0f
0x00007fb69602cb36:   94 c6 31 f6 e8 41 08 13 00 48 8b 75 40 45 31 c0
0x00007fb69602cb46:   44 89 f1 48 89 c7 44 89 ea 49 89 c4 e8 39 6f 09
0x00007fb69602cb56:   00 48 8b 7d 50 48 8b 4d 30 48 89 e2 4c 8b 45 38 


Stack slot to memory mapping:
stack at sp + 0 slots: 0x00007fb6fa9fdd30 is pointing into the stack for thread: 0x00007fb6f4019800
stack at sp + 1 slots: 0x00007fb6dc615084 is at code_begin+548 in an Interpreter codelet
method entry point (kind = native)  [0x00007fb6dc614e60, 0x00007fb6dc615e60]  4096 bytes
stack at sp + 2 slots: 0x00007fb6dc608b10 is at code_begin+-112 in 
[CodeBlob (0x00007fb6dc608b10)]
Framesize: 0
BufferBlob (0x00007fb6dc608b10) used for Interpreter
stack at sp + 3 slots: 0x0000000000000042 is an unknown value
stack at sp + 4 slots: 0x00007fb6fa9fdcb0 is pointing into the stack for thread: 0x00007fb6f4019800
stack at sp + 5 slots: 0x00007fb6fb2e9281: <offset 0x00000000008e9281> in /usr/lib/jvm/java-11-openjdk-amd64/lib/server/libjvm.so at 0x00007fb6faa00000
stack at sp + 6 slots: 0x0 is NULL
stack at sp + 7 slots: 0x00007fb6f4019b48 points into unknown readable memory: 0x00007fb6fbc44b40 | 40 4b c4 fb b6 7f 00 00


---------------  P R O C E S S  ---------------

Threads class SMR info:
_java_thread_list=0x00007fb6f42126f0, length=13, elements={
0x00007fb6f4019800, 0x00007fb6f4124000, 0x00007fb6f4126000, 0x00007fb6f412a800,
0x00007fb6f412c800, 0x00007fb6f412e800, 0x00007fb6f4130800, 0x00007fb6f4132800,
0x00007fb6f4140000, 0x00007fb6f4189000, 0x00007fb6f418d800, 0x0000562c1ca93000,
0x00007fb6f4211000
}

Java Threads: ( => current thread )
=>0x00007fb6f4019800 JavaThread "main" [_thread_in_native, id=6837, stack(0x00007fb6fa900000,0x00007fb6faa00000)]
  0x00007fb6f4124000 JavaThread "Reference Handler" daemon [_thread_blocked, id=6858, stack(0x00007fb6f8489000,0x00007fb6f8589000)]
  0x00007fb6f4126000 JavaThread "Finalizer" daemon [_thread_blocked, id=6859, stack(0x00007fb6f8389000,0x00007fb6f8489000)]
  0x00007fb6f412a800 JavaThread "Signal Dispatcher" daemon [_thread_blocked, id=6860, stack(0x00007fb6f8289000,0x00007fb6f8389000)]
  0x00007fb6f412c800 JavaThread "Service Thread" daemon [_thread_blocked, id=6861, stack(0x00007fb6f8189000,0x00007fb6f8289000)]
  0x00007fb6f412e800 JavaThread "C2 CompilerThread0" daemon [_thread_blocked, id=6862, stack(0x00007fb6f8089000,0x00007fb6f8189000)]
  0x00007fb6f4130800 JavaThread "C1 CompilerThread0" daemon [_thread_blocked, id=6863, stack(0x00007fb6f3f00000,0x00007fb6f4000000)]
  0x00007fb6f4132800 JavaThread "Sweeper thread" daemon [_thread_blocked, id=6864, stack(0x00007fb6dc500000,0x00007fb6dc600000)]
  0x00007fb6f4140000 JavaThread "Common-Cleaner" daemon [_thread_blocked, id=6866, stack(0x00007fb6dc400000,0x00007fb6dc500000)]
  0x00007fb6f4189000 JavaThread "JDWP Transport Listener: dt_socket" daemon [_thread_blocked, id=6868, stack(0x00007fb6dc300000,0x00007fb6dc400000)]
  0x00007fb6f418d800 JavaThread "JDWP Event Helper Thread" daemon [_thread_blocked, id=6870, stack(0x00007fb6dc200000,0x00007fb6dc300000)]
  0x0000562c1ca93000 JavaThread "JDWP Command Reader" daemon [_thread_in_native, id=6872, stack(0x00007fb6dc100000,0x00007fb6dc200000)]
  0x00007fb6f4211000 JavaThread "JavaCPP Deallocator" daemon [_thread_blocked, id=6875, stack(0x00007fb6dc000000,0x00007fb6dc100000)]

Other Threads:
  0x00007fb6f4121000 VMThread "VM Thread" [stack: 0x00007fb6f858b000,0x00007fb6f868b000] [id=6857]
  0x00007fb6f419e800 WatcherThread [stack: 0x00007fb6d4090000,0x00007fb6d4190000] [id=6874]
  0x00007fb6f4033800 GCTaskThread "GC Thread#0" [stack: 0x00007fb6f952a000,0x00007fb6f962a000] [id=6844]
  0x00007fb6bc001000 GCTaskThread "GC Thread#1" [stack: 0x00007fb6c7700000,0x00007fb6c7800000] [id=6876]
  0x00007fb6f404e800 ConcurrentGCThread "G1 Main Marker" [stack: 0x00007fb6f8c71000,0x00007fb6f8d71000] [id=6846]
  0x00007fb6f4050000 ConcurrentGCThread "G1 Conc#0" [stack: 0x00007fb6f8b6f000,0x00007fb6f8c6f000] [id=6849]
  0x00007fb6f408b800 ConcurrentGCThread "G1 Refine#0" [stack: 0x00007fb6f886b000,0x00007fb6f896b000] [id=6850]
  0x00007fb6f408d800 ConcurrentGCThread "G1 Young RemSet Sampling" [stack: 0x00007fb6f8769000,0x00007fb6f8869000] [id=6851]

Threads with active compile tasks:

VM state:not at safepoint (normal execution)

VM Mutex/Monitor currently owned by a thread: None

Heap address: 0x00000000c3200000, size: 974 MB, Compressed Oops mode: 32-bit
Narrow klass base: 0x0000000800000000, Narrow klass shift: 3
Compressed class space size: 1073741824 Address: 0x0000000840000000

Heap:
 garbage-first heap   total 65536K, used 7884K [0x00000000c3200000, 0x0000000100000000)
  region size 1024K, 9 young (9216K), 1 survivors (1024K)
 Metaspace       used 3902K, capacity 6665K, committed 6912K, reserved 1056768K
  class space    used 430K, capacity 710K, committed 768K, reserved 1048576K
Heap Regions: E=young(eden), S=young(survivor), O=old, HS=humongous(starts), HC=humongous(continues), CS=collection set, F=free, A=archive, TAMS=top-at-mark-start (previous, next)
|   0|0x00000000c3200000, 0x00000000c3201000, 0x00000000c3300000|  0%| O|  |TAMS 0x00000000c3200000, 0x00000000c3200000| Untracked 
|   1|0x00000000c3300000, 0x00000000c3300000, 0x00000000c3400000|  0%| F|  |TAMS 0x00000000c3300000, 0x00000000c3300000| Untracked 
|   2|0x00000000c3400000, 0x00000000c3400000, 0x00000000c3500000|  0%| F|  |TAMS 0x00000000c3400000, 0x00000000c3400000| Untracked 
|   3|0x00000000c3500000, 0x00000000c3500000, 0x00000000c3600000|  0%| F|  |TAMS 0x00000000c3500000, 0x00000000c3500000| Untracked 
|   4|0x00000000c3600000, 0x00000000c3600000, 0x00000000c3700000|  0%| F|  |TAMS 0x00000000c3600000, 0x00000000c3600000| Untracked 
|   5|0x00000000c3700000, 0x00000000c3700000, 0x00000000c3800000|  0%| F|  |TAMS 0x00000000c3700000, 0x00000000c3700000| Untracked 
|   6|0x00000000c3800000, 0x00000000c3800000, 0x00000000c3900000|  0%| F|  |TAMS 0x00000000c3800000, 0x00000000c3800000| Untracked 
|   7|0x00000000c3900000, 0x00000000c3900000, 0x00000000c3a00000|  0%| F|  |TAMS 0x00000000c3900000, 0x00000000c3900000| Untracked 
|   8|0x00000000c3a00000, 0x00000000c3a00000, 0x00000000c3b00000|  0%| F|  |TAMS 0x00000000c3a00000, 0x00000000c3a00000| Untracked 
|   9|0x00000000c3b00000, 0x00000000c3b00000, 0x00000000c3c00000|  0%| F|  |TAMS 0x00000000c3b00000, 0x00000000c3b00000| Untracked 
|  10|0x00000000c3c00000, 0x00000000c3c00000, 0x00000000c3d00000|  0%| F|  |TAMS 0x00000000c3c00000, 0x00000000c3c00000| Untracked 
|  11|0x00000000c3d00000, 0x00000000c3d00000, 0x00000000c3e00000|  0%| F|  |TAMS 0x00000000c3d00000, 0x00000000c3d00000| Untracked 
|  12|0x00000000c3e00000, 0x00000000c3e00000, 0x00000000c3f00000|  0%| F|  |TAMS 0x00000000c3e00000, 0x00000000c3e00000| Untracked 
|  13|0x00000000c3f00000, 0x00000000c3f00000, 0x00000000c4000000|  0%| F|  |TAMS 0x00000000c3f00000, 0x00000000c3f00000| Untracked 
|  14|0x00000000c4000000, 0x00000000c4000000, 0x00000000c4100000|  0%| F|  |TAMS 0x00000000c4000000, 0x00000000c4000000| Untracked 
|  15|0x00000000c4100000, 0x00000000c4100000, 0x00000000c4200000|  0%| F|  |TAMS 0x00000000c4100000, 0x00000000c4100000| Untracked 
|  16|0x00000000c4200000, 0x00000000c4200000, 0x00000000c4300000|  0%| F|  |TAMS 0x00000000c4200000, 0x00000000c4200000| Untracked 
|  17|0x00000000c4300000, 0x00000000c4300000, 0x00000000c4400000|  0%| F|  |TAMS 0x00000000c4300000, 0x00000000c4300000| Untracked 
|  18|0x00000000c4400000, 0x00000000c4400000, 0x00000000c4500000|  0%| F|  |TAMS 0x00000000c4400000, 0x00000000c4400000| Untracked 
|  19|0x00000000c4500000, 0x00000000c4500000, 0x00000000c4600000|  0%| F|  |TAMS 0x00000000c4500000, 0x00000000c4500000| Untracked 
|  20|0x00000000c4600000, 0x00000000c4600000, 0x00000000c4700000|  0%| F|  |TAMS 0x00000000c4600000, 0x00000000c4600000| Untracked 
|  21|0x00000000c4700000, 0x00000000c4700000, 0x00000000c4800000|  0%| F|  |TAMS 0x00000000c4700000, 0x00000000c4700000| Untracked 
|  22|0x00000000c4800000, 0x00000000c4800000, 0x00000000c4900000|  0%| F|  |TAMS 0x00000000c4800000, 0x00000000c4800000| Untracked 
|  23|0x00000000c4900000, 0x00000000c4900000, 0x00000000c4a00000|  0%| F|  |TAMS 0x00000000c4900000, 0x00000000c4900000| Untracked 
|  24|0x00000000c4a00000, 0x00000000c4a00000, 0x00000000c4b00000|  0%| F|  |TAMS 0x00000000c4a00000, 0x00000000c4a00000| Untracked 
|  25|0x00000000c4b00000, 0x00000000c4b00000, 0x00000000c4c00000|  0%| F|  |TAMS 0x00000000c4b00000, 0x00000000c4b00000| Untracked 
|  26|0x00000000c4c00000, 0x00000000c4c00000, 0x00000000c4d00000|  0%| F|  |TAMS 0x00000000c4c00000, 0x00000000c4c00000| Untracked 
|  27|0x00000000c4d00000, 0x00000000c4d00000, 0x00000000c4e00000|  0%| F|  |TAMS 0x00000000c4d00000, 0x00000000c4d00000| Untracked 
|  28|0x00000000c4e00000, 0x00000000c4e00000, 0x00000000c4f00000|  0%| F|  |TAMS 0x00000000c4e00000, 0x00000000c4e00000| Untracked 
|  29|0x00000000c4f00000, 0x00000000c4f00000, 0x00000000c5000000|  0%| F|  |TAMS 0x00000000c4f00000, 0x00000000c4f00000| Untracked 
|  30|0x00000000c5000000, 0x00000000c5000000, 0x00000000c5100000|  0%| F|  |TAMS 0x00000000c5000000, 0x00000000c5000000| Untracked 
|  31|0x00000000c5100000, 0x00000000c5100000, 0x00000000c5200000|  0%| F|  |TAMS 0x00000000c5100000, 0x00000000c5100000| Untracked 
|  32|0x00000000c5200000, 0x00000000c5200000, 0x00000000c5300000|  0%| F|  |TAMS 0x00000000c5200000, 0x00000000c5200000| Untracked 
|  33|0x00000000c5300000, 0x00000000c5300000, 0x00000000c5400000|  0%| F|  |TAMS 0x00000000c5300000, 0x00000000c5300000| Untracked 
|  34|0x00000000c5400000, 0x00000000c5400000, 0x00000000c5500000|  0%| F|  |TAMS 0x00000000c5400000, 0x00000000c5400000| Untracked 
|  35|0x00000000c5500000, 0x00000000c5500000, 0x00000000c5600000|  0%| F|  |TAMS 0x00000000c5500000, 0x00000000c5500000| Untracked 
|  36|0x00000000c5600000, 0x00000000c5600000, 0x00000000c5700000|  0%| F|  |TAMS 0x00000000c5600000, 0x00000000c5600000| Untracked 
|  37|0x00000000c5700000, 0x00000000c5700000, 0x00000000c5800000|  0%| F|  |TAMS 0x00000000c5700000, 0x00000000c5700000| Untracked 
|  38|0x00000000c5800000, 0x00000000c5800000, 0x00000000c5900000|  0%| F|  |TAMS 0x00000000c5800000, 0x00000000c5800000| Untracked 
|  39|0x00000000c5900000, 0x00000000c5900000, 0x00000000c5a00000|  0%| F|  |TAMS 0x00000000c5900000, 0x00000000c5900000| Untracked 
|  40|0x00000000c5a00000, 0x00000000c5a00000, 0x00000000c5b00000|  0%| F|  |TAMS 0x00000000c5a00000, 0x00000000c5a00000| Untracked 
|  41|0x00000000c5b00000, 0x00000000c5b00000, 0x00000000c5c00000|  0%| F|  |TAMS 0x00000000c5b00000, 0x00000000c5b00000| Untracked 
|  42|0x00000000c5c00000, 0x00000000c5c00000, 0x00000000c5d00000|  0%| F|  |TAMS 0x00000000c5c00000, 0x00000000c5c00000| Untracked 
|  43|0x00000000c5d00000, 0x00000000c5d00000, 0x00000000c5e00000|  0%| F|  |TAMS 0x00000000c5d00000, 0x00000000c5d00000| Untracked 
|  44|0x00000000c5e00000, 0x00000000c5e00000, 0x00000000c5f00000|  0%| F|  |TAMS 0x00000000c5e00000, 0x00000000c5e00000| Untracked 
|  45|0x00000000c5f00000, 0x00000000c5f00000, 0x00000000c6000000|  0%| F|  |TAMS 0x00000000c5f00000, 0x00000000c5f00000| Untracked 
|  46|0x00000000c6000000, 0x00000000c6000000, 0x00000000c6100000|  0%| F|  |TAMS 0x00000000c6000000, 0x00000000c6000000| Untracked 
|  47|0x00000000c6100000, 0x00000000c6100000, 0x00000000c6200000|  0%| F|  |TAMS 0x00000000c6100000, 0x00000000c6100000| Untracked 
|  48|0x00000000c6200000, 0x00000000c6200000, 0x00000000c6300000|  0%| F|  |TAMS 0x00000000c6200000, 0x00000000c6200000| Untracked 
|  49|0x00000000c6300000, 0x00000000c6300000, 0x00000000c6400000|  0%| F|  |TAMS 0x00000000c6300000, 0x00000000c6300000| Untracked 
|  50|0x00000000c6400000, 0x00000000c6400000, 0x00000000c6500000|  0%| F|  |TAMS 0x00000000c6400000, 0x00000000c6400000| Untracked 
|  51|0x00000000c6500000, 0x00000000c6500000, 0x00000000c6600000|  0%| F|  |TAMS 0x00000000c6500000, 0x00000000c6500000| Untracked 
|  52|0x00000000c6600000, 0x00000000c6600000, 0x00000000c6700000|  0%| F|  |TAMS 0x00000000c6600000, 0x00000000c6600000| Untracked 
|  53|0x00000000c6700000, 0x00000000c6800000, 0x00000000c6800000|100%| E|  |TAMS 0x00000000c6700000, 0x00000000c6700000| Complete 
|  54|0x00000000c6800000, 0x00000000c6900000, 0x00000000c6900000|100%| S|CS|TAMS 0x00000000c6800000, 0x00000000c6800000| Complete 
|  55|0x00000000c6900000, 0x00000000c6a00000, 0x00000000c6a00000|100%| E|CS|TAMS 0x00000000c6900000, 0x00000000c6900000| Complete 
|  56|0x00000000c6a00000, 0x00000000c6b00000, 0x00000000c6b00000|100%| E|CS|TAMS 0x00000000c6a00000, 0x00000000c6a00000| Complete 
|  57|0x00000000c6b00000, 0x00000000c6c00000, 0x00000000c6c00000|100%| E|CS|TAMS 0x00000000c6b00000, 0x00000000c6b00000| Complete 
|  58|0x00000000c6c00000, 0x00000000c6d00000, 0x00000000c6d00000|100%| E|CS|TAMS 0x00000000c6c00000, 0x00000000c6c00000| Complete 
|  59|0x00000000c6d00000, 0x00000000c6e00000, 0x00000000c6e00000|100%| E|  |TAMS 0x00000000c6d00000, 0x00000000c6d00000| Complete 
|  60|0x00000000c6e00000, 0x00000000c6f00000, 0x00000000c6f00000|100%| E|CS|TAMS 0x00000000c6e00000, 0x00000000c6e00000| Complete 
|  61|0x00000000c6f00000, 0x00000000c7000000, 0x00000000c7000000|100%| E|CS|TAMS 0x00000000c6f00000, 0x00000000c6f00000| Complete 
| 972|0x00000000ffe00000, 0x00000000ffe47000, 0x00000000fff00000| 27%|OA|  |TAMS 0x00000000ffe00000, 0x00000000ffe00000| Untracked 
| 973|0x00000000fff00000, 0x00000000fff6b000, 0x0000000100000000| 41%|CA|  |TAMS 0x00000000fff00000, 0x00000000fff00000| Untracked 

Card table byte_map: [0x00007fb6f8f58000,0x00007fb6f913f000] _byte_map_base: 0x00007fb6f893f000

Marking Bits (Prev, Next): (CMBitMap*) 0x00007fb6f4049aa8, (CMBitMap*) 0x00007fb6f4049ae0
 Prev Bits: [0x00007fb6d70c8000, 0x00007fb6d8000000)
 Next Bits: [0x00007fb6d6190000, 0x00007fb6d70c8000)

Polling page: 0x00007fb6fc072000

Metaspace:

Usage:
  Non-class:      5.82 MB capacity,     3.39 MB ( 58%) used,     2.42 MB ( 42%) free+waste,     9.19 KB ( <1%) overhead. 
      Class:    710.00 KB capacity,   430.48 KB ( 61%) used,   274.83 KB ( 39%) free+waste,     4.69 KB ( <1%) overhead. 
       Both:      6.51 MB capacity,     3.81 MB ( 59%) used,     2.68 MB ( 41%) free+waste,    13.88 KB ( <1%) overhead. 

Virtual space:
  Non-class space:        8.00 MB reserved,       6.00 MB ( 75%) committed 
      Class space:        1.00 GB reserved,     768.00 KB ( <1%) committed 
             Both:        1.01 GB reserved,       6.75 MB ( <1%) committed 

Chunk freelists:
   Non-Class:  0 bytes
       Class:  0 bytes
        Both:  0 bytes

MaxMetaspaceSize: unlimited
CompressedClassSpaceSize: 1.00 GB
Initial GC threshold: 20.80 MB
Current GC threshold: 20.80 MB
CDS: on

CodeHeap 'non-profiled nmethods': size=120036Kb used=237Kb max_used=237Kb free=119798Kb
 bounds [0x00007fb6e40c7000, 0x00007fb6e4337000, 0x00007fb6eb600000]
CodeHeap 'profiled nmethods': size=120032Kb used=1365Kb max_used=1365Kb free=118666Kb
 bounds [0x00007fb6dcb8f000, 0x00007fb6dcdff000, 0x00007fb6e40c7000]
CodeHeap 'non-nmethods': size=5692Kb used=1216Kb max_used=1222Kb free=4475Kb
 bounds [0x00007fb6dc600000, 0x00007fb6dc870000, 0x00007fb6dcb8f000]
 total_blobs=1175 nmethods=773 adapters=324
 compilation: enabled
              stopped_count=0, restarted_count=0
 full_count=0

Compilation events (20 events):
Event: 3.059 Thread 0x00007fb6f412e800  723       4       java.lang.StringBuilder::toString (35 bytes)
Event: 3.060 Thread 0x00007fb6f4130800  726       3       java.lang.ClassLoader::definePackage (84 bytes)
Event: 3.062 Thread 0x00007fb6f4130800 nmethod 726 0x00007fb6dccdcd90 code [0x00007fb6dccdd0a0, 0x00007fb6dccde270]
Event: 3.062 Thread 0x00007fb6f4130800  727       3       java.lang.Package::isSealed (26 bytes)
Event: 3.063 Thread 0x00007fb6f4130800 nmethod 727 0x00007fb6dccde810 code [0x00007fb6dccde9e0, 0x00007fb6dccded10]
Event: 3.068 Thread 0x00007fb6f412e800 nmethod 723 0x00007fb6e40fa790 code [0x00007fb6e40fa940, 0x00007fb6e40fad38]
Event: 38.674 Thread 0x00007fb6f4130800  733       3       java.util.Arrays::equals (57 bytes)
Event: 38.675 Thread 0x00007fb6f4130800 nmethod 733 0x00007fb6dccdee10 code [0x00007fb6dccdf000, 0x00007fb6dccdf560]
Event: 38.675 Thread 0x00007fb6f4130800  734       3       jdk.internal.org.objectweb.asm.ByteVector::putInt (74 bytes)
Event: 38.676 Thread 0x00007fb6f4130800 nmethod 734 0x00007fb6dccdf710 code [0x00007fb6dccdf8e0, 0x00007fb6dccdfb60]
Event: 38.722 Thread 0x00007fb6f4130800  736       3       java.lang.invoke.MethodType::checkPtypes (61 bytes)
Event: 38.723 Thread 0x00007fb6f4130800 nmethod 736 0x00007fb6dccdfd10 code [0x00007fb6dccdffc0, 0x00007fb6dcce09e0]
Event: 38.727 Thread 0x00007fb6f4130800  737       3       sun.invoke.util.VerifyAccess::isTypeVisible (118 bytes)
Event: 38.733 Thread 0x00007fb6f4130800 nmethod 737 0x00007fb6dcce0e10 code [0x00007fb6dcce11c0, 0x00007fb6dcce2de0]
Event: 38.733 Thread 0x00007fb6f4130800  738       3       java.util.regex.Pattern::has (15 bytes)
Event: 38.733 Thread 0x00007fb6f4130800 nmethod 738 0x00007fb6dcce3710 code [0x00007fb6dcce38c0, 0x00007fb6dcce3a30]
Event: 38.733 Thread 0x00007fb6f4130800  739       3       java.lang.invoke.MemberName::getReferenceKind (12 bytes)
Event: 38.733 Thread 0x00007fb6f4130800 nmethod 739 0x00007fb6dcce3a90 code [0x00007fb6dcce3c40, 0x00007fb6dcce3d70]
Event: 38.738 Thread 0x00007fb6f4130800  745       3       java.lang.invoke.LambdaForm::argument (27 bytes)
Event: 38.738 Thread 0x00007fb6f4130800 nmethod 745 0x00007fb6dcce3e10 code [0x00007fb6dcce3fe0, 0x00007fb6dcce42c0]

GC Heap History (2 events):
Event: 1.544 GC heap before
{Heap before GC invocations=0 (full 0):
 garbage-first heap   total 65536K, used 7880K [0x00000000c3200000, 0x0000000100000000)
  region size 1024K, 7 young (7168K), 0 survivors (0K)
 Metaspace       used 2438K, capacity 5463K, committed 5760K, reserved 1056768K
  class space    used 253K, capacity 521K, committed 640K, reserved 1048576K
}
Event: 1.556 GC heap after
{Heap after GC invocations=1 (full 0):
 garbage-first heap   total 65536K, used 1740K [0x00000000c3200000, 0x0000000100000000)
  region size 1024K, 1 young (1024K), 1 survivors (1024K)
 Metaspace       used 2438K, capacity 5463K, committed 5760K, reserved 1056768K
  class space    used 253K, capacity 521K, committed 640K, reserved 1048576K
}

Deoptimization events (20 events):
Event: 2.690 Thread 0x00007fb6f4019800 DEOPT PACKING pc=0x00007fb6dcca0e54 sp=0x00007fb6fa9fbfa0
Event: 2.690 Thread 0x00007fb6f4019800 DEOPT UNPACKING pc=0x00007fb6dc6499fa sp=0x00007fb6fa9fb490 mode 1
Event: 2.690 Thread 0x00007fb6f4019800 DEOPT PACKING pc=0x00007fb6dcca0e54 sp=0x00007fb6fa9fbfa0
Event: 2.690 Thread 0x00007fb6f4019800 DEOPT UNPACKING pc=0x00007fb6dc6499fa sp=0x00007fb6fa9fb490 mode 1
Event: 2.690 Thread 0x00007fb6f4019800 DEOPT PACKING pc=0x00007fb6dcca0e54 sp=0x00007fb6fa9fbfa0
Event: 2.690 Thread 0x00007fb6f4019800 DEOPT UNPACKING pc=0x00007fb6dc6499fa sp=0x00007fb6fa9fb490 mode 1
Event: 2.690 Thread 0x00007fb6f4019800 DEOPT PACKING pc=0x00007fb6dcca0e54 sp=0x00007fb6fa9fbfa0
Event: 2.690 Thread 0x00007fb6f4019800 DEOPT UNPACKING pc=0x00007fb6dc6499fa sp=0x00007fb6fa9fb490 mode 1
Event: 2.690 Thread 0x00007fb6f4019800 DEOPT PACKING pc=0x00007fb6dcca0e54 sp=0x00007fb6fa9fbfa0
Event: 2.690 Thread 0x00007fb6f4019800 DEOPT UNPACKING pc=0x00007fb6dc6499fa sp=0x00007fb6fa9fb490 mode 1
Event: 2.690 Thread 0x00007fb6f4019800 DEOPT PACKING pc=0x00007fb6dcca0e54 sp=0x00007fb6fa9fbfa0
Event: 2.690 Thread 0x00007fb6f4019800 DEOPT UNPACKING pc=0x00007fb6dc6499fa sp=0x00007fb6fa9fb490 mode 1
Event: 2.690 Thread 0x00007fb6f4019800 DEOPT PACKING pc=0x00007fb6dcca0e54 sp=0x00007fb6fa9fbfa0
Event: 2.690 Thread 0x00007fb6f4019800 DEOPT UNPACKING pc=0x00007fb6dc6499fa sp=0x00007fb6fa9fb490 mode 1
Event: 2.690 Thread 0x00007fb6f4019800 DEOPT PACKING pc=0x00007fb6dcca0e54 sp=0x00007fb6fa9fbfa0
Event: 2.690 Thread 0x00007fb6f4019800 DEOPT UNPACKING pc=0x00007fb6dc6499fa sp=0x00007fb6fa9fb490 mode 1
Event: 2.929 Thread 0x00007fb6f4019800 DEOPT PACKING pc=0x00007fb6dcc1718a sp=0x00007fb6fa9fd470
Event: 2.930 Thread 0x00007fb6f4019800 DEOPT UNPACKING pc=0x00007fb6dc6499fa sp=0x00007fb6fa9fc918 mode 0
Event: 2.937 Thread 0x00007fb6f4019800 DEOPT PACKING pc=0x00007fb6dcbcfb4f sp=0x00007fb6fa9fd550
Event: 2.937 Thread 0x00007fb6f4019800 DEOPT UNPACKING pc=0x00007fb6dc6499fa sp=0x00007fb6fa9fc9f8 mode 0

Classes redefined (0 events):
No events

Internal exceptions (20 events):
Event: 2.690 Thread 0x00007fb6f4019800 Exception <a 'java/security/PrivilegedActionException'{0x00000000c6c7ef48}> (0x00000000c6c7ef48) thrown at [./src/hotspot/share/prims/jvm.cpp, line 1304]
Event: 2.690 Thread 0x00007fb6f4019800 Exception <a 'java/security/PrivilegedActionException'{0x00000000c6c7f218}> (0x00000000c6c7f218) thrown at [./src/hotspot/share/prims/jvm.cpp, line 1304]
Event: 2.690 Thread 0x00007fb6f4019800 Exception <a 'java/security/PrivilegedActionException'{0x00000000c6c7fb68}> (0x00000000c6c7fb68) thrown at [./src/hotspot/share/prims/jvm.cpp, line 1304]
Event: 2.690 Thread 0x00007fb6f4019800 Exception <a 'java/security/PrivilegedActionException'{0x00000000c6c7fe38}> (0x00000000c6c7fe38) thrown at [./src/hotspot/share/prims/jvm.cpp, line 1304]
Event: 2.690 Thread 0x00007fb6f4019800 Exception <a 'java/security/PrivilegedActionException'{0x00000000c6c807c0}> (0x00000000c6c807c0) thrown at [./src/hotspot/share/prims/jvm.cpp, line 1304]
Event: 2.690 Thread 0x00007fb6f4019800 Exception <a 'java/security/PrivilegedActionException'{0x00000000c6c80a90}> (0x00000000c6c80a90) thrown at [./src/hotspot/share/prims/jvm.cpp, line 1304]
Event: 2.690 Thread 0x00007fb6f4019800 Exception <a 'java/security/PrivilegedActionException'{0x00000000c6c81400}> (0x00000000c6c81400) thrown at [./src/hotspot/share/prims/jvm.cpp, line 1304]
Event: 2.690 Thread 0x00007fb6f4019800 Exception <a 'java/security/PrivilegedActionException'{0x00000000c6c816d0}> (0x00000000c6c816d0) thrown at [./src/hotspot/share/prims/jvm.cpp, line 1304]
Event: 2.690 Thread 0x00007fb6f4019800 Exception <a 'java/security/PrivilegedActionException'{0x00000000c6c82040}> (0x00000000c6c82040) thrown at [./src/hotspot/share/prims/jvm.cpp, line 1304]
Event: 2.690 Thread 0x00007fb6f4019800 Exception <a 'java/security/PrivilegedActionException'{0x00000000c6c82310}> (0x00000000c6c82310) thrown at [./src/hotspot/share/prims/jvm.cpp, line 1304]
Event: 2.690 Thread 0x00007fb6f4019800 Exception <a 'java/security/PrivilegedActionException'{0x00000000c6c82c98}> (0x00000000c6c82c98) thrown at [./src/hotspot/share/prims/jvm.cpp, line 1304]
Event: 2.690 Thread 0x00007fb6f4019800 Exception <a 'java/security/PrivilegedActionException'{0x00000000c6c82f68}> (0x00000000c6c82f68) thrown at [./src/hotspot/share/prims/jvm.cpp, line 1304]
Event: 2.690 Thread 0x00007fb6f4019800 Exception <a 'java/security/PrivilegedActionException'{0x00000000c6c838f0}> (0x00000000c6c838f0) thrown at [./src/hotspot/share/prims/jvm.cpp, line 1304]
Event: 2.690 Thread 0x00007fb6f4019800 Exception <a 'java/security/PrivilegedActionException'{0x00000000c6c83bc0}> (0x00000000c6c83bc0) thrown at [./src/hotspot/share/prims/jvm.cpp, line 1304]
Event: 2.690 Thread 0x00007fb6f4019800 Exception <a 'java/security/PrivilegedActionException'{0x00000000c6c84548}> (0x00000000c6c84548) thrown at [./src/hotspot/share/prims/jvm.cpp, line 1304]
Event: 2.690 Thread 0x00007fb6f4019800 Exception <a 'java/security/PrivilegedActionException'{0x00000000c6c84818}> (0x00000000c6c84818) thrown at [./src/hotspot/share/prims/jvm.cpp, line 1304]
Event: 2.690 Thread 0x00007fb6f4019800 Exception <a 'java/security/PrivilegedActionException'{0x00000000c6c85188}> (0x00000000c6c85188) thrown at [./src/hotspot/share/prims/jvm.cpp, line 1304]
Event: 2.690 Thread 0x00007fb6f4019800 Exception <a 'java/security/PrivilegedActionException'{0x00000000c6c85458}> (0x00000000c6c85458) thrown at [./src/hotspot/share/prims/jvm.cpp, line 1304]
Event: 2.690 Thread 0x00007fb6f4019800 Exception <a 'java/security/PrivilegedActionException'{0x00000000c6c85de0}> (0x00000000c6c85de0) thrown at [./src/hotspot/share/prims/jvm.cpp, line 1304]
Event: 2.690 Thread 0x00007fb6f4019800 Exception <a 'java/security/PrivilegedActionException'{0x00000000c6c860b0}> (0x00000000c6c860b0) thrown at [./src/hotspot/share/prims/jvm.cpp, line 1304]

Events (20 events):
Event: 303.283 Executing VM operation: GetFrameCount
Event: 303.283 Executing VM operation: GetFrameCount done
Event: 303.284 Executing VM operation: GetStackTrace
Event: 303.285 Executing VM operation: GetStackTrace done
Event: 303.293 Executing VM operation: GetFrameCount
Event: 303.293 Executing VM operation: GetFrameCount done
Event: 303.293 Executing VM operation: GetStackTrace
Event: 303.293 Executing VM operation: GetStackTrace done
Event: 303.296 Executing VM operation: GetFrameCount
Event: 303.296 Executing VM operation: GetFrameCount done
Event: 303.296 Executing VM operation: GetStackTrace
Event: 303.297 Executing VM operation: GetStackTrace done
Event: 303.301 Executing VM operation: GetFrameCount
Event: 303.302 Executing VM operation: GetFrameCount done
Event: 303.302 Executing VM operation: GetStackTrace
Event: 303.302 Executing VM operation: GetStackTrace done
Event: 303.304 Executing VM operation: GetFrameCount
Event: 303.304 Executing VM operation: GetFrameCount done
Event: 303.304 Executing VM operation: GetStackTrace
Event: 303.304 Executing VM operation: GetStackTrace done


Dynamic libraries:
c3200000-c7000000 rw-p 00000000 00:00 0 
c7000000-ffe00000 ---p 00000000 00:00 0 
ffe00000-ffe47000 rw-p 00b0a000 08:03 1060156                            /usr/lib/jvm/java-11-openjdk-amd64/lib/server/classes.jsa
ffe47000-fff00000 rw-p 00000000 00:00 0 
fff00000-fff6b000 rw-p 00a9f000 08:03 1060156                            /usr/lib/jvm/java-11-openjdk-amd64/lib/server/classes.jsa
fff6b000-100000000 rw-p 00000000 00:00 0 
800000000-800002000 rwxp 00001000 08:03 1060156                          /usr/lib/jvm/java-11-openjdk-amd64/lib/server/classes.jsa
800002000-800a9e000 rw-p 00003000 08:03 1060156                          /usr/lib/jvm/java-11-openjdk-amd64/lib/server/classes.jsa
840000000-8400c0000 rw-p 00000000 00:00 0 
8400c0000-880000000 ---p 00000000 00:00 0 
562c1aaf1000-562c1aaf2000 r--p 00000000 08:03 1058673                    /usr/lib/jvm/java-11-openjdk-amd64/bin/java
562c1aaf2000-562c1aaf3000 r-xp 00001000 08:03 1058673                    /usr/lib/jvm/java-11-openjdk-amd64/bin/java
562c1aaf3000-562c1aaf4000 r--p 00002000 08:03 1058673                    /usr/lib/jvm/java-11-openjdk-amd64/bin/java
562c1aaf4000-562c1aaf5000 r--p 00002000 08:03 1058673                    /usr/lib/jvm/java-11-openjdk-amd64/bin/java
562c1aaf5000-562c1aaf6000 rw-p 00003000 08:03 1058673                    /usr/lib/jvm/java-11-openjdk-amd64/bin/java
562c1ca79000-562c1cadc000 rw-p 00000000 00:00 0                          [heap]
7fb695400000-7fb695d26000 r--p 00000000 08:03 1579535                    /home/doudou/.javacpp/cache/llvm-13.0.1-1.5.7-linux-x86_64.jar/org/bytedeco/llvm/linux-x86_64/libLLVM-13.so
7fb695d26000-7fb6996e9000 r-xp 00926000 08:03 1579535                    /home/doudou/.javacpp/cache/llvm-13.0.1-1.5.7-linux-x86_64.jar/org/bytedeco/llvm/linux-x86_64/libLLVM-13.so
7fb6996e9000-7fb69b93e000 r--p 042e9000 08:03 1579535                    /home/doudou/.javacpp/cache/llvm-13.0.1-1.5.7-linux-x86_64.jar/org/bytedeco/llvm/linux-x86_64/libLLVM-13.so
7fb69b93e000-7fb69be53000 r--p 0653d000 08:03 1579535                    /home/doudou/.javacpp/cache/llvm-13.0.1-1.5.7-linux-x86_64.jar/org/bytedeco/llvm/linux-x86_64/libLLVM-13.so
7fb69be53000-7fb69be5e000 rw-p 06a52000 08:03 1579535                    /home/doudou/.javacpp/cache/llvm-13.0.1-1.5.7-linux-x86_64.jar/org/bytedeco/llvm/linux-x86_64/libLLVM-13.so
7fb69be5e000-7fb69bed4000 rw-p 00000000 00:00 0 
7fb69c000000-7fb69c021000 rw-p 00000000 00:00 0 
7fb69c021000-7fb6a0000000 ---p 00000000 00:00 0 
7fb6a0000000-7fb6a0021000 rw-p 00000000 00:00 0 
7fb6a0021000-7fb6a4000000 ---p 00000000 00:00 0 
7fb6a4000000-7fb6a4317000 rw-p 00000000 00:00 0 
7fb6a4317000-7fb6a8000000 ---p 00000000 00:00 0 
7fb6a8000000-7fb6a83e1000 rw-p 00000000 00:00 0 
7fb6a83e1000-7fb6ac000000 ---p 00000000 00:00 0 
7fb6ac000000-7fb6ac021000 rw-p 00000000 00:00 0 
7fb6ac021000-7fb6b0000000 ---p 00000000 00:00 0 
7fb6b0000000-7fb6b0021000 rw-p 00000000 00:00 0 
7fb6b0021000-7fb6b4000000 ---p 00000000 00:00 0 
7fb6b4000000-7fb6b4021000 rw-p 00000000 00:00 0 
7fb6b4021000-7fb6b8000000 ---p 00000000 00:00 0 
7fb6b8000000-7fb6b8021000 rw-p 00000000 00:00 0 
7fb6b8021000-7fb6bc000000 ---p 00000000 00:00 0 
7fb6bc000000-7fb6bc034000 rw-p 00000000 00:00 0 
7fb6bc034000-7fb6c0000000 ---p 00000000 00:00 0 
7fb6c0000000-7fb6c0021000 rw-p 00000000 00:00 0 
7fb6c0021000-7fb6c4000000 ---p 00000000 00:00 0 
7fb6c75f8000-7fb6c765d000 r--p 00000000 08:03 1579540                    /home/doudou/.javacpp/cache/llvm-13.0.1-1.5.7-linux-x86_64.jar/org/bytedeco/llvm/linux-x86_64/libjniLLVM.so
7fb6c765d000-7fb6c76cb000 r-xp 00065000 08:03 1579540                    /home/doudou/.javacpp/cache/llvm-13.0.1-1.5.7-linux-x86_64.jar/org/bytedeco/llvm/linux-x86_64/libjniLLVM.so
7fb6c76cb000-7fb6c76f6000 r--p 000d3000 08:03 1579540                    /home/doudou/.javacpp/cache/llvm-13.0.1-1.5.7-linux-x86_64.jar/org/bytedeco/llvm/linux-x86_64/libjniLLVM.so
7fb6c76f6000-7fb6c76f9000 r--p 000fd000 08:03 1579540                    /home/doudou/.javacpp/cache/llvm-13.0.1-1.5.7-linux-x86_64.jar/org/bytedeco/llvm/linux-x86_64/libjniLLVM.so
7fb6c76f9000-7fb6c76fc000 rw-p 00100000 08:03 1579540                    /home/doudou/.javacpp/cache/llvm-13.0.1-1.5.7-linux-x86_64.jar/org/bytedeco/llvm/linux-x86_64/libjniLLVM.so
7fb6c76fc000-7fb6c76fe000 rw-p 00000000 00:00 0 
7fb6c76fe000-7fb6c76ff000 ---p 00000000 00:00 0 
7fb6c76ff000-7fb6c7e00000 rw-p 00000000 00:00 0 
7fb6c7e00000-7fb6c8000000 ---p 00000000 00:00 0 
7fb6c8000000-7fb6c8021000 rw-p 00000000 00:00 0 
7fb6c8021000-7fb6cc000000 ---p 00000000 00:00 0 
7fb6cc000000-7fb6cc021000 rw-p 00000000 00:00 0 
7fb6cc021000-7fb6d0000000 ---p 00000000 00:00 0 
7fb6d0000000-7fb6d0021000 rw-p 00000000 00:00 0 
7fb6d0021000-7fb6d4000000 ---p 00000000 00:00 0 
7fb6d408e000-7fb6d408f000 ---p 00000000 00:00 0 
7fb6d408f000-7fb6d6288000 rw-p 00000000 00:00 0 
7fb6d6288000-7fb6d70c0000 ---p 00000000 00:00 0 
7fb6d70c0000-7fb6d71c0000 rw-p 00000000 00:00 0 
7fb6d71c0000-7fb6d7ff8000 ---p 00000000 00:00 0 
7fb6d7ff8000-7fb6d8000000 rw-p 00000000 00:00 0 
7fb6d8000000-7fb6d8021000 rw-p 00000000 00:00 0 
7fb6d8021000-7fb6dc000000 ---p 00000000 00:00 0 
7fb6dc000000-7fb6dc004000 ---p 00000000 00:00 0 
7fb6dc004000-7fb6dc100000 rw-p 00000000 00:00 0 
7fb6dc100000-7fb6dc104000 ---p 00000000 00:00 0 
7fb6dc104000-7fb6dc200000 rw-p 00000000 00:00 0 
7fb6dc200000-7fb6dc204000 ---p 00000000 00:00 0 
7fb6dc204000-7fb6dc300000 rw-p 00000000 00:00 0 
7fb6dc300000-7fb6dc304000 ---p 00000000 00:00 0 
7fb6dc304000-7fb6dc400000 rw-p 00000000 00:00 0 
7fb6dc400000-7fb6dc404000 ---p 00000000 00:00 0 
7fb6dc404000-7fb6dc500000 rw-p 00000000 00:00 0 
7fb6dc500000-7fb6dc504000 ---p 00000000 00:00 0 
7fb6dc504000-7fb6dc600000 rw-p 00000000 00:00 0 
7fb6dc600000-7fb6dc870000 rwxp 00000000 00:00 0 
7fb6dc870000-7fb6dcb8f000 ---p 00000000 00:00 0 
7fb6dcb8f000-7fb6dcdff000 rwxp 00000000 00:00 0 
7fb6dcdff000-7fb6e40c7000 ---p 00000000 00:00 0 
7fb6e40c7000-7fb6e4337000 rwxp 00000000 00:00 0 
7fb6e4337000-7fb6eb600000 ---p 00000000 00:00 0 
7fb6eb600000-7fb6f3e0b000 r--s 00000000 08:03 1058832                    /usr/lib/jvm/java-11-openjdk-amd64/lib/modules
7fb6f3f00000-7fb6f3f04000 ---p 00000000 00:00 0 
7fb6f3f04000-7fb6f4000000 rw-p 00000000 00:00 0 
7fb6f4000000-7fb6f43b5000 rw-p 00000000 00:00 0 
7fb6f43b5000-7fb6f8000000 ---p 00000000 00:00 0 
7fb6f8071000-7fb6f8078000 r--p 00000000 08:03 1579536                    /home/doudou/.javacpp/cache/llvm-13.0.1-1.5.7-linux-x86_64.jar/org/bytedeco/llvm/linux-x86_64/libLTO.so.13
7fb6f8078000-7fb6f8080000 r-xp 00007000 08:03 1579536                    /home/doudou/.javacpp/cache/llvm-13.0.1-1.5.7-linux-x86_64.jar/org/bytedeco/llvm/linux-x86_64/libLTO.so.13
7fb6f8080000-7fb6f8082000 r--p 0000f000 08:03 1579536                    /home/doudou/.javacpp/cache/llvm-13.0.1-1.5.7-linux-x86_64.jar/org/bytedeco/llvm/linux-x86_64/libLTO.so.13
7fb6f8082000-7fb6f8083000 r--p 00010000 08:03 1579536                    /home/doudou/.javacpp/cache/llvm-13.0.1-1.5.7-linux-x86_64.jar/org/bytedeco/llvm/linux-x86_64/libLTO.so.13
7fb6f8083000-7fb6f8084000 rw-p 00011000 08:03 1579536                    /home/doudou/.javacpp/cache/llvm-13.0.1-1.5.7-linux-x86_64.jar/org/bytedeco/llvm/linux-x86_64/libLTO.so.13
7fb6f8084000-7fb6f8085000 r--p 00000000 08:03 551276                     /usr/lib/x86_64-linux-gnu/libdl.so.2
7fb6f8085000-7fb6f8086000 r-xp 00001000 08:03 551276                     /usr/lib/x86_64-linux-gnu/libdl.so.2
7fb6f8086000-7fb6f8087000 r--p 00002000 08:03 551276                     /usr/lib/x86_64-linux-gnu/libdl.so.2
7fb6f8087000-7fb6f8088000 r--p 00002000 08:03 551276                     /usr/lib/x86_64-linux-gnu/libdl.so.2
7fb6f8088000-7fb6f8089000 rw-p 00003000 08:03 551276                     /usr/lib/x86_64-linux-gnu/libdl.so.2
7fb6f8089000-7fb6f808d000 ---p 00000000 00:00 0 
7fb6f808d000-7fb6f8189000 rw-p 00000000 00:00 0 
7fb6f8189000-7fb6f818d000 ---p 00000000 00:00 0 
7fb6f818d000-7fb6f8289000 rw-p 00000000 00:00 0 
7fb6f8289000-7fb6f828d000 ---p 00000000 00:00 0 
7fb6f828d000-7fb6f8389000 rw-p 00000000 00:00 0 
7fb6f8389000-7fb6f838d000 ---p 00000000 00:00 0 
7fb6f838d000-7fb6f8489000 rw-p 00000000 00:00 0 
7fb6f8489000-7fb6f848d000 ---p 00000000 00:00 0 
7fb6f848d000-7fb6f8589000 rw-p 00000000 00:00 0 
7fb6f8589000-7fb6f858a000 ---p 00000000 00:00 0 
7fb6f858a000-7fb6f8767000 rw-p 00000000 00:00 0 
7fb6f8767000-7fb6f8768000 ---p 00000000 00:00 0 
7fb6f8768000-7fb6f8869000 rw-p 00000000 00:00 0 
7fb6f8869000-7fb6f886a000 ---p 00000000 00:00 0 
7fb6f886a000-7fb6f8b6d000 rw-p 00000000 00:00 0 
7fb6f8b6d000-7fb6f8b6e000 ---p 00000000 00:00 0 
7fb6f8b6e000-7fb6f8c6f000 rw-p 00000000 00:00 0 
7fb6f8c6f000-7fb6f8c70000 ---p 00000000 00:00 0 
7fb6f8c70000-7fb6f8d90000 rw-p 00000000 00:00 0 
7fb6f8d90000-7fb6f8f57000 ---p 00000000 00:00 0 
7fb6f8f57000-7fb6f8f77000 rw-p 00000000 00:00 0 
7fb6f8f77000-7fb6f913e000 ---p 00000000 00:00 0 
7fb6f913e000-7fb6f915e000 rw-p 00000000 00:00 0 
7fb6f915e000-7fb6f9325000 ---p 00000000 00:00 0 
7fb6f9325000-7fb6f9528000 rw-p 00000000 00:00 0 
7fb6f9528000-7fb6f9529000 ---p 00000000 00:00 0 
7fb6f9529000-7fb6f962f000 rw-p 00000000 00:00 0 
7fb6f962f000-7fb6f9715000 ---p 00000000 00:00 0 
7fb6f9715000-7fb6f971a000 rw-p 00000000 00:00 0 
7fb6f971a000-7fb6f9800000 ---p 00000000 00:00 0 
7fb6f9800000-7fb6fa5e7000 r--p 00000000 08:03 534858                     /usr/lib/locale/locale-archive
7fb6fa5ea000-7fb6fa5eb000 r--p 00000000 08:03 552054                     /usr/lib/x86_64-linux-gnu/libpthread.so.0
7fb6fa5eb000-7fb6fa5ec000 r-xp 00001000 08:03 552054                     /usr/lib/x86_64-linux-gnu/libpthread.so.0
7fb6fa5ec000-7fb6fa5ed000 r--p 00002000 08:03 552054                     /usr/lib/x86_64-linux-gnu/libpthread.so.0
7fb6fa5ed000-7fb6fa5ee000 r--p 00002000 08:03 552054                     /usr/lib/x86_64-linux-gnu/libpthread.so.0
7fb6fa5ee000-7fb6fa5ef000 rw-p 00003000 08:03 552054                     /usr/lib/x86_64-linux-gnu/libpthread.so.0
7fb6fa5ef000-7fb6fa5f3000 r--p 00000000 08:03 1579530                    /home/doudou/.javacpp/cache/javacpp-1.5.7-linux-x86_64.jar/org/bytedeco/javacpp/linux-x86_64/libjnijavacpp.so
7fb6fa5f3000-7fb6fa5fa000 r-xp 00004000 08:03 1579530                    /home/doudou/.javacpp/cache/javacpp-1.5.7-linux-x86_64.jar/org/bytedeco/javacpp/linux-x86_64/libjnijavacpp.so
7fb6fa5fa000-7fb6fa5fe000 r--p 0000b000 08:03 1579530                    /home/doudou/.javacpp/cache/javacpp-1.5.7-linux-x86_64.jar/org/bytedeco/javacpp/linux-x86_64/libjnijavacpp.so
7fb6fa5fe000-7fb6fa5ff000 r--p 0000e000 08:03 1579530                    /home/doudou/.javacpp/cache/javacpp-1.5.7-linux-x86_64.jar/org/bytedeco/javacpp/linux-x86_64/libjnijavacpp.so
7fb6fa5ff000-7fb6fa600000 rw-p 0000f000 08:03 1579530                    /home/doudou/.javacpp/cache/javacpp-1.5.7-linux-x86_64.jar/org/bytedeco/javacpp/linux-x86_64/libjnijavacpp.so
7fb6fa600000-7fb6fa69a000 r--p 00000000 08:03 552221                     /usr/lib/x86_64-linux-gnu/libstdc++.so.6.0.30
7fb6fa69a000-7fb6fa7aa000 r-xp 0009a000 08:03 552221                     /usr/lib/x86_64-linux-gnu/libstdc++.so.6.0.30
7fb6fa7aa000-7fb6fa819000 r--p 001aa000 08:03 552221                     /usr/lib/x86_64-linux-gnu/libstdc++.so.6.0.30
7fb6fa819000-7fb6fa824000 r--p 00218000 08:03 552221                     /usr/lib/x86_64-linux-gnu/libstdc++.so.6.0.30
7fb6fa824000-7fb6fa827000 rw-p 00223000 08:03 552221                     /usr/lib/x86_64-linux-gnu/libstdc++.so.6.0.30
7fb6fa827000-7fb6fa82a000 rw-p 00000000 00:00 0 
7fb6fa835000-7fb6fa836000 r--p 00000000 08:03 1579538                    /home/doudou/.javacpp/cache/llvm-13.0.1-1.5.7-linux-x86_64.jar/org/bytedeco/llvm/linux-x86_64/libRemarks.so.13
7fb6fa836000-7fb6fa837000 r-xp 00001000 08:03 1579538                    /home/doudou/.javacpp/cache/llvm-13.0.1-1.5.7-linux-x86_64.jar/org/bytedeco/llvm/linux-x86_64/libRemarks.so.13
7fb6fa837000-7fb6fa838000 r--p 00002000 08:03 1579538                    /home/doudou/.javacpp/cache/llvm-13.0.1-1.5.7-linux-x86_64.jar/org/bytedeco/llvm/linux-x86_64/libRemarks.so.13
7fb6fa838000-7fb6fa839000 r--p 00002000 08:03 1579538                    /home/doudou/.javacpp/cache/llvm-13.0.1-1.5.7-linux-x86_64.jar/org/bytedeco/llvm/linux-x86_64/libRemarks.so.13
7fb6fa839000-7fb6fa83a000 rw-p 00003000 08:03 1579538                    /home/doudou/.javacpp/cache/llvm-13.0.1-1.5.7-linux-x86_64.jar/org/bytedeco/llvm/linux-x86_64/libRemarks.so.13
7fb6fa83a000-7fb6fa83e000 r--p 00000000 08:03 1058822                    /usr/lib/jvm/java-11-openjdk-amd64/lib/libnet.so
7fb6fa83e000-7fb6fa84c000 r-xp 00004000 08:03 1058822                    /usr/lib/jvm/java-11-openjdk-amd64/lib/libnet.so
7fb6fa84c000-7fb6fa850000 r--p 00012000 08:03 1058822                    /usr/lib/jvm/java-11-openjdk-amd64/lib/libnet.so
7fb6fa850000-7fb6fa851000 r--p 00015000 08:03 1058822                    /usr/lib/jvm/java-11-openjdk-amd64/lib/libnet.so
7fb6fa851000-7fb6fa852000 rw-p 00016000 08:03 1058822                    /usr/lib/jvm/java-11-openjdk-amd64/lib/libnet.so
7fb6fa852000-7fb6fa859000 r--p 00000000 08:03 1058823                    /usr/lib/jvm/java-11-openjdk-amd64/lib/libnio.so
7fb6fa859000-7fb6fa861000 r-xp 00007000 08:03 1058823                    /usr/lib/jvm/java-11-openjdk-amd64/lib/libnio.so
7fb6fa861000-7fb6fa864000 r--p 0000f000 08:03 1058823                    /usr/lib/jvm/java-11-openjdk-amd64/lib/libnio.so
7fb6fa864000-7fb6fa865000 r--p 00011000 08:03 1058823                    /usr/lib/jvm/java-11-openjdk-amd64/lib/libnio.so
7fb6fa865000-7fb6fa866000 rw-p 00012000 08:03 1058823                    /usr/lib/jvm/java-11-openjdk-amd64/lib/libnio.so
7fb6fa866000-7fb6fa868000 r--p 00000000 08:03 1058803                    /usr/lib/jvm/java-11-openjdk-amd64/lib/libdt_socket.so
7fb6fa868000-7fb6fa86b000 r-xp 00002000 08:03 1058803                    /usr/lib/jvm/java-11-openjdk-amd64/lib/libdt_socket.so
7fb6fa86b000-7fb6fa86c000 r--p 00005000 08:03 1058803                    /usr/lib/jvm/java-11-openjdk-amd64/lib/libdt_socket.so
7fb6fa86c000-7fb6fa86d000 ---p 00006000 08:03 1058803                    /usr/lib/jvm/java-11-openjdk-amd64/lib/libdt_socket.so
7fb6fa86d000-7fb6fa86e000 r--p 00006000 08:03 1058803                    /usr/lib/jvm/java-11-openjdk-amd64/lib/libdt_socket.so
7fb6fa86e000-7fb6fa86f000 rw-p 00007000 08:03 1058803                    /usr/lib/jvm/java-11-openjdk-amd64/lib/libdt_socket.so
7fb6fa86f000-7fb6fa876000 r--s 00000000 08:03 553557                     /usr/lib/x86_64-linux-gnu/gconv/gconv-modules.cache
7fb6fa876000-7fb6fa89c000 rw-p 00000000 00:00 0 
7fb6fa89c000-7fb6fa8a3000 ---p 00000000 00:00 0 
7fb6fa8a3000-7fb6fa8a9000 r--s 000f8000 07:03 1466                       /snap/intellij-idea-ultimate/430/plugins/java/lib/rt/debugger-agent.jar
7fb6fa8a9000-7fb6fa8ab000 r--p 00000000 08:03 1058831                    /usr/lib/jvm/java-11-openjdk-amd64/lib/libzip.so
7fb6fa8ab000-7fb6fa8b0000 r-xp 00002000 08:03 1058831                    /usr/lib/jvm/java-11-openjdk-amd64/lib/libzip.so
7fb6fa8b0000-7fb6fa8b2000 r--p 00007000 08:03 1058831                    /usr/lib/jvm/java-11-openjdk-amd64/lib/libzip.so
7fb6fa8b2000-7fb6fa8b3000 r--p 00008000 08:03 1058831                    /usr/lib/jvm/java-11-openjdk-amd64/lib/libzip.so
7fb6fa8b3000-7fb6fa8b4000 rw-p 00009000 08:03 1058831                    /usr/lib/jvm/java-11-openjdk-amd64/lib/libzip.so
7fb6fa8b4000-7fb6fa8b6000 r--p 00000000 08:03 1058806                    /usr/lib/jvm/java-11-openjdk-amd64/lib/libinstrument.so
7fb6fa8b6000-7fb6fa8bd000 r-xp 00002000 08:03 1058806                    /usr/lib/jvm/java-11-openjdk-amd64/lib/libinstrument.so
7fb6fa8bd000-7fb6fa8c0000 r--p 00009000 08:03 1058806                    /usr/lib/jvm/java-11-openjdk-amd64/lib/libinstrument.so
7fb6fa8c0000-7fb6fa8c1000 r--p 0000b000 08:03 1058806                    /usr/lib/jvm/java-11-openjdk-amd64/lib/libinstrument.so
7fb6fa8c1000-7fb6fa8c2000 rw-p 0000c000 08:03 1058806                    /usr/lib/jvm/java-11-openjdk-amd64/lib/libinstrument.so
7fb6fa8c2000-7fb6fa8c4000 r--p 00000000 08:03 1058813                    /usr/lib/jvm/java-11-openjdk-amd64/lib/libjdwp.so
7fb6fa8c4000-7fb6fa8f0000 r-xp 00002000 08:03 1058813                    /usr/lib/jvm/java-11-openjdk-amd64/lib/libjdwp.so
7fb6fa8f0000-7fb6fa8fe000 r--p 0002e000 08:03 1058813                    /usr/lib/jvm/java-11-openjdk-amd64/lib/libjdwp.so
7fb6fa8fe000-7fb6fa8ff000 r--p 0003b000 08:03 1058813                    /usr/lib/jvm/java-11-openjdk-amd64/lib/libjdwp.so
7fb6fa8ff000-7fb6fa900000 rw-p 0003c000 08:03 1058813                    /usr/lib/jvm/java-11-openjdk-amd64/lib/libjdwp.so
7fb6fa900000-7fb6fa904000 ---p 00000000 00:00 0 
7fb6fa904000-7fb6faa00000 rw-p 00000000 00:00 0 
7fb6faa00000-7fb6fac82000 r--p 00000000 08:03 1058837                    /usr/lib/jvm/java-11-openjdk-amd64/lib/server/libjvm.so
7fb6fac82000-7fb6fb91e000 r-xp 00282000 08:03 1058837                    /usr/lib/jvm/java-11-openjdk-amd64/lib/server/libjvm.so
7fb6fb91e000-7fb6fbb79000 r--p 00f1e000 08:03 1058837                    /usr/lib/jvm/java-11-openjdk-amd64/lib/server/libjvm.so
7fb6fbb79000-7fb6fbb7a000 ---p 01179000 08:03 1058837                    /usr/lib/jvm/java-11-openjdk-amd64/lib/server/libjvm.so
7fb6fbb7a000-7fb6fbc3e000 r--p 01179000 08:03 1058837                    /usr/lib/jvm/java-11-openjdk-amd64/lib/server/libjvm.so
7fb6fbc3e000-7fb6fbc79000 rw-p 0123d000 08:03 1058837                    /usr/lib/jvm/java-11-openjdk-amd64/lib/server/libjvm.so
7fb6fbc79000-7fb6fbcd0000 rw-p 00000000 00:00 0 
7fb6fbcd2000-7fb6fbcda000 rw-s 00000000 08:03 824019                     /tmp/hsperfdata_doudou/6836
7fb6fbcda000-7fb6fbce8000 r--p 00000000 08:03 1058811                    /usr/lib/jvm/java-11-openjdk-amd64/lib/libjava.so
7fb6fbce8000-7fb6fbcfe000 r-xp 0000e000 08:03 1058811                    /usr/lib/jvm/java-11-openjdk-amd64/lib/libjava.so
7fb6fbcfe000-7fb6fbd05000 r--p 00024000 08:03 1058811                    /usr/lib/jvm/java-11-openjdk-amd64/lib/libjava.so
7fb6fbd05000-7fb6fbd06000 r--p 0002a000 08:03 1058811                    /usr/lib/jvm/java-11-openjdk-amd64/lib/libjava.so
7fb6fbd06000-7fb6fbd07000 rw-p 0002b000 08:03 1058811                    /usr/lib/jvm/java-11-openjdk-amd64/lib/libjava.so
7fb6fbd07000-7fb6fbd08000 rw-p 00000000 00:00 0 
7fb6fbd08000-7fb6fbd0d000 r--p 00000000 08:03 1058830                    /usr/lib/jvm/java-11-openjdk-amd64/lib/libverify.so
7fb6fbd0d000-7fb6fbd14000 r-xp 00005000 08:03 1058830                    /usr/lib/jvm/java-11-openjdk-amd64/lib/libverify.so
7fb6fbd14000-7fb6fbd16000 r--p 0000c000 08:03 1058830                    /usr/lib/jvm/java-11-openjdk-amd64/lib/libverify.so
7fb6fbd16000-7fb6fbd18000 r--p 0000d000 08:03 1058830                    /usr/lib/jvm/java-11-openjdk-amd64/lib/libverify.so
7fb6fbd18000-7fb6fbd19000 rw-p 0000f000 08:03 1058830                    /usr/lib/jvm/java-11-openjdk-amd64/lib/libverify.so
7fb6fbd19000-7fb6fbd27000 r--p 00000000 08:03 551785                     /usr/lib/x86_64-linux-gnu/libm.so.6
7fb6fbd27000-7fb6fbda3000 r-xp 0000e000 08:03 551785                     /usr/lib/x86_64-linux-gnu/libm.so.6
7fb6fbda3000-7fb6fbdfe000 r--p 0008a000 08:03 551785                     /usr/lib/x86_64-linux-gnu/libm.so.6
7fb6fbdfe000-7fb6fbdff000 r--p 000e4000 08:03 551785                     /usr/lib/x86_64-linux-gnu/libm.so.6
7fb6fbdff000-7fb6fbe00000 rw-p 000e5000 08:03 551785                     /usr/lib/x86_64-linux-gnu/libm.so.6
7fb6fbe00000-7fb6fbe28000 r--p 00000000 08:03 551134                     /usr/lib/x86_64-linux-gnu/libc.so.6
7fb6fbe28000-7fb6fbfbd000 r-xp 00028000 08:03 551134                     /usr/lib/x86_64-linux-gnu/libc.so.6
7fb6fbfbd000-7fb6fc015000 r--p 001bd000 08:03 551134                     /usr/lib/x86_64-linux-gnu/libc.so.6
7fb6fc015000-7fb6fc019000 r--p 00214000 08:03 551134                     /usr/lib/x86_64-linux-gnu/libc.so.6
7fb6fc019000-7fb6fc01b000 rw-p 00218000 08:03 551134                     /usr/lib/x86_64-linux-gnu/libc.so.6
7fb6fc01b000-7fb6fc028000 rw-p 00000000 00:00 0 
7fb6fc02b000-7fb6fc02c000 r--p 00000000 08:03 552110                     /usr/lib/x86_64-linux-gnu/librt.so.1
7fb6fc02c000-7fb6fc02d000 r-xp 00001000 08:03 552110                     /usr/lib/x86_64-linux-gnu/librt.so.1
7fb6fc02d000-7fb6fc02e000 r--p 00002000 08:03 552110                     /usr/lib/x86_64-linux-gnu/librt.so.1
7fb6fc02e000-7fb6fc02f000 r--p 00002000 08:03 552110                     /usr/lib/x86_64-linux-gnu/librt.so.1
7fb6fc02f000-7fb6fc030000 rw-p 00003000 08:03 552110                     /usr/lib/x86_64-linux-gnu/librt.so.1
7fb6fc030000-7fb6fc033000 r--p 00000000 08:03 551433                     /usr/lib/x86_64-linux-gnu/libgcc_s.so.1
7fb6fc033000-7fb6fc04a000 r-xp 00003000 08:03 551433                     /usr/lib/x86_64-linux-gnu/libgcc_s.so.1
7fb6fc04a000-7fb6fc04e000 r--p 0001a000 08:03 551433                     /usr/lib/x86_64-linux-gnu/libgcc_s.so.1
7fb6fc04e000-7fb6fc04f000 r--p 0001d000 08:03 551433                     /usr/lib/x86_64-linux-gnu/libgcc_s.so.1
7fb6fc04f000-7fb6fc050000 rw-p 0001e000 08:03 551433                     /usr/lib/x86_64-linux-gnu/libgcc_s.so.1
7fb6fc050000-7fb6fc052000 rw-p 00000000 00:00 0 
7fb6fc052000-7fb6fc054000 r--p 00000000 08:03 552488                     /usr/lib/x86_64-linux-gnu/libz.so.1.2.11
7fb6fc054000-7fb6fc065000 r-xp 00002000 08:03 552488                     /usr/lib/x86_64-linux-gnu/libz.so.1.2.11
7fb6fc065000-7fb6fc06b000 r--p 00013000 08:03 552488                     /usr/lib/x86_64-linux-gnu/libz.so.1.2.11
7fb6fc06b000-7fb6fc06c000 ---p 00019000 08:03 552488                     /usr/lib/x86_64-linux-gnu/libz.so.1.2.11
7fb6fc06c000-7fb6fc06d000 r--p 00019000 08:03 552488                     /usr/lib/x86_64-linux-gnu/libz.so.1.2.11
7fb6fc06d000-7fb6fc06e000 rw-p 0001a000 08:03 552488                     /usr/lib/x86_64-linux-gnu/libz.so.1.2.11
7fb6fc072000-7fb6fc073000 ---p 00000000 00:00 0 
7fb6fc073000-7fb6fc074000 r--p 00000000 00:00 0 
7fb6fc074000-7fb6fc076000 r--p 00000000 08:03 1058814                    /usr/lib/jvm/java-11-openjdk-amd64/lib/libjimage.so
7fb6fc076000-7fb6fc079000 r-xp 00002000 08:03 1058814                    /usr/lib/jvm/java-11-openjdk-amd64/lib/libjimage.so
7fb6fc079000-7fb6fc07a000 r--p 00005000 08:03 1058814                    /usr/lib/jvm/java-11-openjdk-amd64/lib/libjimage.so
7fb6fc07a000-7fb6fc07b000 ---p 00006000 08:03 1058814                    /usr/lib/jvm/java-11-openjdk-amd64/lib/libjimage.so
7fb6fc07b000-7fb6fc07c000 r--p 00006000 08:03 1058814                    /usr/lib/jvm/java-11-openjdk-amd64/lib/libjimage.so
7fb6fc07c000-7fb6fc07d000 rw-p 00007000 08:03 1058814                    /usr/lib/jvm/java-11-openjdk-amd64/lib/libjimage.so
7fb6fc07d000-7fb6fc080000 r--p 00000000 08:03 1058796                    /usr/lib/jvm/java-11-openjdk-amd64/lib/jli/libjli.so
7fb6fc080000-7fb6fc08a000 r-xp 00003000 08:03 1058796                    /usr/lib/jvm/java-11-openjdk-amd64/lib/jli/libjli.so
7fb6fc08a000-7fb6fc08d000 r--p 0000d000 08:03 1058796                    /usr/lib/jvm/java-11-openjdk-amd64/lib/jli/libjli.so
7fb6fc08d000-7fb6fc08e000 ---p 00010000 08:03 1058796                    /usr/lib/jvm/java-11-openjdk-amd64/lib/jli/libjli.so
7fb6fc08e000-7fb6fc08f000 r--p 00010000 08:03 1058796                    /usr/lib/jvm/java-11-openjdk-amd64/lib/jli/libjli.so
7fb6fc08f000-7fb6fc090000 rw-p 00011000 08:03 1058796                    /usr/lib/jvm/java-11-openjdk-amd64/lib/jli/libjli.so
7fb6fc090000-7fb6fc092000 rw-p 00000000 00:00 0 
7fb6fc092000-7fb6fc094000 r--p 00000000 08:03 550792                     /usr/lib/x86_64-linux-gnu/ld-linux-x86-64.so.2
7fb6fc094000-7fb6fc0be000 r-xp 00002000 08:03 550792                     /usr/lib/x86_64-linux-gnu/ld-linux-x86-64.so.2
7fb6fc0be000-7fb6fc0c9000 r--p 0002c000 08:03 550792                     /usr/lib/x86_64-linux-gnu/ld-linux-x86-64.so.2
7fb6fc0ca000-7fb6fc0cc000 r--p 00037000 08:03 550792                     /usr/lib/x86_64-linux-gnu/ld-linux-x86-64.so.2
7fb6fc0cc000-7fb6fc0ce000 rw-p 00039000 08:03 550792                     /usr/lib/x86_64-linux-gnu/ld-linux-x86-64.so.2
7ffcec486000-7ffcec4a7000 rw-p 00000000 00:00 0                          [stack]
7ffcec510000-7ffcec514000 r--p 00000000 00:00 0                          [vvar]
7ffcec514000-7ffcec516000 r-xp 00000000 00:00 0                          [vdso]
ffffffffff600000-ffffffffff601000 --xp 00000000 00:00 0                  [vsyscall]


VM Arguments:
jvm_args: -agentlib:jdwp=transport=dt_socket,address=127.0.0.1:33735,suspend=y,server=n -javaagent:/snap/intellij-idea-ultimate/430/plugins/java/lib/rt/debugger-agent.jar -Dfile.encoding=UTF-8 
java_command: Main /home/doudou/lab/Lab/tests/test1.sysy /home/doudou/lab/Lab/tests/out.txt
java_class_path (initial): /home/doudou/lab/Lab/out/production/Lab:/usr/local/lib/antlr-4.9.1-complete.jar:/usr/local/lib/javacpp-1.5.7-linux-x86_64.jar:/usr/local/lib/javacpp-1.5.7.jar:/usr/local/lib/llvm-13.0.1-1.5.7-linux-x86_64.jar:/usr/local/lib/llvm-13.0.1-1.5.7.jar:/usr/local/lib/llvm-platform-13.0.1-1.5.7.jar:/snap/intellij-idea-ultimate/430/lib/idea_rt.jar
Launcher Type: SUN_STANDARD

[Global flags]
     intx CICompilerCount                          = 2                                         {product} {ergonomic}
     uint ConcGCThreads                            = 1                                         {product} {ergonomic}
     uint G1ConcRefinementThreads                  = 2                                         {product} {ergonomic}
   size_t G1HeapRegionSize                         = 1048576                                   {product} {ergonomic}
    uintx GCDrainStackTargetSize                   = 64                                        {product} {ergonomic}
   size_t InitialHeapSize                          = 65011712                                  {product} {ergonomic}
   size_t MarkStackSize                            = 4194304                                   {product} {ergonomic}
   size_t MaxHeapSize                              = 1021313024                                {product} {ergonomic}
   size_t MaxNewSize                               = 612368384                                 {product} {ergonomic}
   size_t MinHeapDeltaBytes                        = 1048576                                   {product} {ergonomic}
    uintx NonNMethodCodeHeapSize                   = 5825164                                {pd product} {ergonomic}
    uintx NonProfiledCodeHeapSize                  = 122916538                              {pd product} {ergonomic}
    uintx ProfiledCodeHeapSize                     = 122916538                              {pd product} {ergonomic}
    uintx ReservedCodeCacheSize                    = 251658240                              {pd product} {ergonomic}
     bool SegmentedCodeCache                       = true                                      {product} {ergonomic}
     bool UseCompressedClassPointers               = true                                 {lp64_product} {ergonomic}
     bool UseCompressedOops                        = true                                 {lp64_product} {ergonomic}
     bool UseG1GC                                  = true                                      {product} {ergonomic}

Logging:
Log output configuration:
 #0: stdout all=warning uptime,level,tags
 #1: stderr all=off uptime,level,tags

Environment Variables:
PATH=/usr/local/sbin:/usr/local/bin:/usr/sbin:/usr/bin:/sbin:/bin:/usr/games:/usr/local/games:/snap/bin:/snap/bin
USERNAME=doudou
SHELL=/bin/bash
DISPLAY=:0
LANG=en_US.UTF-8
LC_NUMERIC=zh_CN.UTF-8
LC_TIME=zh_CN.UTF-8

Signal Handlers:
SIGSEGV: [libjvm.so+0xeabd80], sa_mask[0]=11111111011111111101111111111110, sa_flags=SA_RESTART|SA_SIGINFO
SIGBUS: [libjvm.so+0xeabd80], sa_mask[0]=11111111011111111101111111111110, sa_flags=SA_RESTART|SA_SIGINFO
SIGFPE: [libjvm.so+0xeabd80], sa_mask[0]=11111111011111111101111111111110, sa_flags=SA_RESTART|SA_SIGINFO
SIGPIPE: [libjvm.so+0xbee610], sa_mask[0]=11111111011111111101111111111110, sa_flags=SA_RESTART|SA_SIGINFO
SIGXFSZ: [libjvm.so+0xbee610], sa_mask[0]=11111111011111111101111111111110, sa_flags=SA_RESTART|SA_SIGINFO
SIGILL: [libjvm.so+0xeabd80], sa_mask[0]=11111111011111111101111111111110, sa_flags=SA_RESTART|SA_SIGINFO
SIGUSR2: [libjvm.so+0xbee4b0], sa_mask[0]=00100000000000000000000000000000, sa_flags=SA_RESTART|SA_SIGINFO
SIGHUP: [libjvm.so+0xbeec50], sa_mask[0]=11111111011111111101111111111110, sa_flags=SA_RESTART|SA_SIGINFO
SIGINT: [libjvm.so+0xbeec50], sa_mask[0]=11111111011111111101111111111110, sa_flags=SA_RESTART|SA_SIGINFO
SIGTERM: [libjvm.so+0xbeec50], sa_mask[0]=11111111011111111101111111111110, sa_flags=SA_RESTART|SA_SIGINFO
SIGQUIT: [libjvm.so+0xbeec50], sa_mask[0]=11111111011111111101111111111110, sa_flags=SA_RESTART|SA_SIGINFO


---------------  S Y S T E M  ---------------

OS:DISTRIB_ID=Ubuntu
DISTRIB_RELEASE=22.04
DISTRIB_CODENAME=jammy
DISTRIB_DESCRIPTION="Ubuntu 22.04.2 LTS"
uname:Linux 5.19.0-43-generic #44~22.04.1-Ubuntu SMP PREEMPT_DYNAMIC Mon May 22 13:39:36 UTC 2 x86_64
OS uptime: 0 days 1:41 hours
libc:glibc 2.35 NPTL 2.35 
rlimit (soft/hard): STACK 8192k/infinity , CORE 0k/infinity , NPROC 15250/15250 , NOFILE 1048576/1048576 , AS infinity/infinity , CPU infinity/infinity , DATA infinity/infinity , FSIZE infinity/infinity , MEMLOCK 497764k/497764k
load average:2.00 2.17 1.74

/proc/meminfo:
MemTotal:        3982112 kB
MemFree:          129608 kB
MemAvailable:     217796 kB
Buffers:            2288 kB
Cached:           249428 kB
SwapCached:        64568 kB
Active:          1102384 kB
Inactive:        1101932 kB
Active(anon):    1002228 kB
Inactive(anon):   951272 kB
Active(file):     100156 kB
Inactive(file):   150660 kB
Unevictable:           0 kB
Mlocked:               0 kB
SwapTotal:       3512316 kB
SwapFree:        1774560 kB
Zswap:                 0 kB
Zswapped:              0 kB
Dirty:               104 kB
Writeback:             0 kB
AnonPages:       1924000 kB
Mapped:           140988 kB
Shmem:               800 kB
KReclaimable:      83648 kB
Slab:             544164 kB
SReclaimable:      83648 kB
SUnreclaim:       460516 kB
KernelStack:       15248 kB
PageTables:        30468 kB
NFS_Unstable:          0 kB
Bounce:                0 kB
WritebackTmp:          0 kB
CommitLimit:     5503372 kB
Committed_AS:    6630404 kB
VmallocTotal:   34359738367 kB
VmallocUsed:      436192 kB
VmallocChunk:          0 kB
Percpu:           132096 kB
HardwareCorrupted:     0 kB
AnonHugePages:         0 kB
ShmemHugePages:        0 kB
ShmemPmdMapped:        0 kB
FileHugePages:         0 kB
FilePmdMapped:         0 kB
HugePages_Total:       0
HugePages_Free:        0
HugePages_Rsvd:        0
HugePages_Surp:        0
Hugepagesize:       2048 kB
Hugetlb:               0 kB
DirectMap4k:      288576 kB
DirectMap2M:     3905536 kB
DirectMap1G:     2097152 kB

/sys/kernel/mm/transparent_hugepage/enabled:
always [madvise] never
/sys/kernel/mm/transparent_hugepage/defrag (defrag/compaction efforts parameter):
always defer defer+madvise [madvise] never

Process Memory:
Virtual Size: 3683116K (peak: 12394872K)
Resident Set Size: 69280K (peak: 91204K) (anon: 35640K, file: 33640K, shmem: 0K)
Swapped out: 0K
C-Heap outstanding allocations: 9635K, retained: 6552K
glibc malloc tunables: (default)

/proc/sys/kernel/threads-max (system-wide limit on the number of threads):
30501
/proc/sys/vm/max_map_count (maximum number of memory map areas a process may have):
65530
/proc/sys/kernel/pid_max (system-wide limit on number of process identifiers):
4194304

container (cgroup) information:
container_type: cgroupv2
cpu_cpuset_cpus: not supported
cpu_memory_nodes: not supported
active_processor_count: 2
cpu_quota: not supported
cpu_period: not supported
cpu_shares: not supported
memory_limit_in_bytes: unlimited
memory_and_swap_limit_in_bytes: unlimited
memory_soft_limit_in_bytes: unlimited
memory_usage_in_bytes: 1892044 k
memory_max_usage_in_bytes: not supported
memory_swap_current_in_bytes: 841924 k
memory_swap_max_limit_in_bytes: unlimited
maximum number of tasks: 4575
current number of tasks: 132

VMWare virtualization detected
Steal ticks since vm start: 0
Steal ticks percentage since vm start:  0.000

CPU:total 2 (initial active 2) (1 cores per cpu, 1 threads per core) family 6 model 140 stepping 1 microcode 0xffffffff, cmov, cx8, fxsr, mmx, sse, sse2, sse3, ssse3, sse4.1, sse4.2, popcnt, avx, avx2, aes, clmul, erms, 3dnowpref, lzcnt, tsc, tscinvbit, bmi1, bmi2, adx, evex, sha, fma
CPU Model and flags from /proc/cpuinfo:
model name	: 11th Gen Intel(R) Core(TM) i7-1165G7 @ 2.80GHz
flags		: fpu vme de pse tsc msr pae mce cx8 apic sep mtrr pge mca cmov pat pse36 clflush mmx fxsr sse sse2 ss syscall nx pdpe1gb rdtscp lm constant_tsc arch_perfmon rep_good nopl xtopology tsc_reliable nonstop_tsc cpuid tsc_known_freq pni pclmulqdq ssse3 fma cx16 pcid sse4_1 sse4_2 x2apic movbe popcnt tsc_deadline_timer aes xsave avx f16c rdrand hypervisor lahf_lm abm 3dnowprefetch invpcid_single pti ssbd ibrs ibpb stibp fsgsbase tsc_adjust bmi1 avx2 smep bmi2 erms invpcid avx512f avx512dq rdseed adx smap avx512ifma clflushopt clwb avx512cd sha_ni avx512bw avx512vl xsaveopt xsavec xgetbv1 xsaves arat avx512vbmi umip avx512_vbmi2 gfni vaes vpclmulqdq avx512_vnni avx512_bitalg avx512_vpopcntdq rdpid fsrm avx512_vp2intersect flush_l1d arch_capabilities
Online cpus:
0-1
Offline cpus:
2-127
BIOS frequency limitation:
<Not Available>
Frequency switch latency (ns):
<Not Available>
Available cpu frequencies:
<Not Available>
Current governor:
<Not Available>
Core performance/turbo boost:
<Not Available>

Memory: 4k page, physical 3982112k(129608k free), swap 3512316k(1774560k free)

vm_info: OpenJDK 64-Bit Server VM (11.0.19+7-post-Ubuntu-0ubuntu122.04.1) for linux-amd64 JRE (11.0.19+7-post-Ubuntu-0ubuntu122.04.1), built on May 10 2023 00:54:00 by "unknown" with gcc 11.3.0

END.
