#
# A fatal error has been detected by the Java Runtime Environment:
#
#  SIGSEGV (0xb) at pc=0x00007f8ece02d28a, pid=17479, tid=17481
#
# JRE version: OpenJDK Runtime Environment (11.0.19+7) (build 11.0.19+7-post-Ubuntu-0ubuntu122.04.1)
# Java VM: OpenJDK 64-Bit Server VM (11.0.19+7-post-Ubuntu-0ubuntu122.04.1, mixed mode, sharing, tiered, compressed oops, g1 gc, linux-amd64)
# Problematic frame:
# C  [libLLVM-13.so+0xc2d28a]  LLVMBuildInBoundsGEP+0x7a
#
# Core dump will be written. Default location: Core dumps may be processed with "/usr/share/apport/apport -p%p -s%s -c%c -d%d -P%P -u%u -g%g -- %E" (or dumping to /home/doudou/lab/Lab/core.17479)
#
# If you would like to submit a bug report, please visit:
#   https://bugs.launchpad.net/ubuntu/+source/openjdk-lts
# The crash happened outside the Java Virtual Machine in native code.
# See problematic frame for where to report the bug.
#

---------------  S U M M A R Y ------------

Command Line: -javaagent:/snap/intellij-idea-ultimate/437/lib/idea_rt.jar=33263:/snap/intellij-idea-ultimate/437/bin -Dfile.encoding=UTF-8 Main /home/doudou/lab/Lab/tests/test1.sysy /home/doudou/lab/Lab/tests/out.txt

Host: 11th Gen Intel(R) Core(TM) i7-1165G7 @ 2.80GHz, 2 cores, 3G, Ubuntu 22.04.2 LTS
Time: Tue Jun 27 20:25:26 2023 CST elapsed time: 0.917791 seconds (0d 0h 0m 0s)

---------------  T H R E A D  ---------------

Current thread (0x00007f8f2c016800):  JavaThread "main" [_thread_in_native, id=17481, stack(0x00007f8f31900000,0x00007f8f31a00000)]

Stack: [0x00007f8f31900000,0x00007f8f31a00000],  sp=0x00007f8f319fddc0,  free space=1015k
Native frames: (J=compiled Java code, A=aot compiled Java code, j=interpreted, Vv=VM code, C=native code)
C  [libLLVM-13.so+0xc2d28a]  LLVMBuildInBoundsGEP+0x7a

Java frames: (J=compiled Java code, j=interpreted, Vv=VM code)
j  org.bytedeco.llvm.global.LLVM.LLVMBuildInBoundsGEP(Lorg/bytedeco/llvm/LLVM/LLVMBuilderRef;Lorg/bytedeco/llvm/LLVM/LLVMValueRef;Lorg/bytedeco/javacpp/PointerPointer;ILjava/lang/String;)Lorg/bytedeco/llvm/LLVM/LLVMValueRef;+0
j  SysYLlvmVisitor.visitLVal(LSysYParser$LValContext;)Lorg/bytedeco/llvm/LLVM/LLVMValueRef;+187
j  SysYLlvmVisitor.visitStmt(LSysYParser$StmtContext;)Lorg/bytedeco/llvm/LLVM/LLVMValueRef;+86
j  SysYLlvmVisitor.visitStmt(LSysYParser$StmtContext;)Ljava/lang/Object;+2
j  SysYParser$StmtContext.accept(Lorg/antlr/v4/runtime/tree/ParseTreeVisitor;)Ljava/lang/Object;+12
j  org.antlr.v4.runtime.tree.AbstractParseTreeVisitor.visitChildren(Lorg/antlr/v4/runtime/tree/RuleNode;)Ljava/lang/Object;+46
j  SysYParserBaseVisitor.visitBlockItem(LSysYParser$BlockItemContext;)Ljava/lang/Object;+2
j  SysYParser$BlockItemContext.accept(Lorg/antlr/v4/runtime/tree/ParseTreeVisitor;)Ljava/lang/Object;+12
j  org.antlr.v4.runtime.tree.AbstractParseTreeVisitor.visitChildren(Lorg/antlr/v4/runtime/tree/RuleNode;)Ljava/lang/Object;+46
j  SysYParserBaseVisitor.visitBlock(LSysYParser$BlockContext;)Ljava/lang/Object;+2
j  SysYParser$BlockContext.accept(Lorg/antlr/v4/runtime/tree/ParseTreeVisitor;)Ljava/lang/Object;+12
j  org.antlr.v4.runtime.tree.AbstractParseTreeVisitor.visit(Lorg/antlr/v4/runtime/tree/ParseTree;)Ljava/lang/Object;+2
j  SysYLlvmVisitor.visitFuncDef(LSysYParser$FuncDefContext;)Lorg/bytedeco/llvm/LLVM/LLVMValueRef;+552
j  SysYLlvmVisitor.visitCompUnit(LSysYParser$CompUnitContext;)Lorg/bytedeco/llvm/LLVM/LLVMValueRef;+893
j  SysYLlvmVisitor.visitCompUnit(LSysYParser$CompUnitContext;)Ljava/lang/Object;+2
j  SysYParser$CompUnitContext.accept(Lorg/antlr/v4/runtime/tree/ParseTreeVisitor;)Ljava/lang/Object;+12
j  org.antlr.v4.runtime.tree.AbstractParseTreeVisitor.visitChildren(Lorg/antlr/v4/runtime/tree/RuleNode;)Ljava/lang/Object;+46
j  SysYParserBaseVisitor.visitProgram(LSysYParser$ProgramContext;)Ljava/lang/Object;+2
j  SysYParser$ProgramContext.accept(Lorg/antlr/v4/runtime/tree/ParseTreeVisitor;)Ljava/lang/Object;+12
j  org.antlr.v4.runtime.tree.AbstractParseTreeVisitor.visit(Lorg/antlr/v4/runtime/tree/ParseTree;)Ljava/lang/Object;+2
j  Main.main([Ljava/lang/String;)V+218
v  ~StubRoutines::call_stub

siginfo: si_signo: 11 (SIGSEGV), si_code: 1 (SEGV_MAPERR), si_addr: 0x0000000000000010

Register to memory mapping:

RAX=0x0000000000000001 is an unknown value
RBX=0x00007f8f2c3ba870 points into unknown readable memory: 0x00007f8f2c3ba880 | 80 a8 3b 2c 8f 7f 00 00
RCX=0x0000000000000002 is an unknown value
RDX=0x0 is NULL
RSP=0x00007f8f319fddc0 is pointing into the stack for thread: 0x00007f8f2c016800
RBP=0x00007f8f2c386e80 points into unknown readable memory: 0x00007f8f2c3e3270 | 70 32 3e 2c 8f 7f 00 00
RSI=0x0000000000000101 is an unknown value
RDI=0x00007f8f2c3ba870 points into unknown readable memory: 0x00007f8f2c3ba880 | 80 a8 3b 2c 8f 7f 00 00
R8 =0x00007f8f2c3ebbc0 points into unknown readable memory: 0x746e696f50656c65 | 65 6c 65 50 6f 69 6e 74
R9 =0x0000000000000002 is an unknown value
R10=0x00007f8ecd454fd0: <offset 0x0000000000054fd0> in /home/doudou/.javacpp/cache/llvm-13.0.1-1.5.7-linux-x86_64.jar/org/bytedeco/llvm/linux-x86_64/libLLVM-13.so at 0x00007f8ecd400000
R11=0x00007f8ece02d210: LLVMBuildInBoundsGEP+0x0000000000000000 in /home/doudou/.javacpp/cache/llvm-13.0.1-1.5.7-linux-x86_64.jar/org/bytedeco/llvm/linux-x86_64/libLLVM-13.so at 0x00007f8ecd400000
R12=0x00007f8f319fdf78 is pointing into the stack for thread: 0x00007f8f2c016800
R13=0x00007f8f2c3eb330 points into unknown readable memory: 0x00007f8f2c31c0f0 | f0 c0 31 2c 8f 7f 00 00
R14=0x0000000000000002 is an unknown value
R15=0x00007f8f2c3e3240 points into unknown readable memory: 0x00007f8f2c3caf40 | 40 af 3c 2c 8f 7f 00 00


Registers:
RAX=0x0000000000000001, RBX=0x00007f8f2c3ba870, RCX=0x0000000000000002, RDX=0x0000000000000000
RSP=0x00007f8f319fddc0, RBP=0x00007f8f2c386e80, RSI=0x0000000000000101, RDI=0x00007f8f2c3ba870
R8 =0x00007f8f2c3ebbc0, R9 =0x0000000000000002, R10=0x00007f8ecd454fd0, R11=0x00007f8ece02d210
R12=0x00007f8f319fdf78, R13=0x00007f8f2c3eb330, R14=0x0000000000000002, R15=0x00007f8f2c3e3240
RIP=0x00007f8ece02d28a, EFLAGS=0x0000000000010202, CSGSFS=0x002b000000000033, ERR=0x0000000000000004
  TRAPNO=0x000000000000000e

Top of Stack: (sp=0x00007f8f319fddc0)
0x00007f8f319fddc0:   0000000000000000 0000000000000000
0x00007f8f319fddd0:   0000000000000000 0000000000000000
0x00007f8f319fdde0:   00007f8f2c3ebbc0 0000000000000000
0x00007f8f319fddf0:   0000000000000000 0000000000000000 

Instructions: (pc=0x00007f8ece02d28a)
0x00007f8ece02d18a:   0f 84 6f ff ff ff 48 89 c3 0f 1f 44 00 00 48 8b
0x00007f8ece02d19a:   53 08 8b 33 4c 89 e7 48 83 c3 10 e8 96 0c 0e 00
0x00007f8ece02d1aa:   48 39 dd 75 e9 e9 4b ff ff ff 0f 1f 40 00 48 8b
0x00007f8ece02d1ba:   39 e8 80 69 12 00 48 8b 55 00 48 89 c7 0f b6 42
0x00007f8ece02d1ca:   08 83 f8 12 0f 85 23 fe ff ff 8b 72 20 31 c0 e9
0x00007f8ece02d1da:   7a fe ff ff 66 90 8b 41 20 be 01 00 00 00 e9 51
0x00007f8ece02d1ea:   fe ff ff 0f 1f 00 4c 89 e9 4d 89 f0 48 89 ea 4c
0x00007f8ece02d1fa:   89 fe ff d0 49 89 c4 e9 52 ff ff ff 66 2e 0f 1f
0x00007f8ece02d20a:   84 00 00 00 00 00 41 57 41 56 41 89 ce 41 55 49
0x00007f8ece02d21a:   89 d5 41 54 55 48 89 f5 53 48 89 fb 48 81 ec 88
0x00007f8ece02d22a:   00 00 00 48 8b 06 0f b6 50 08 83 ea 12 83 fa 01
0x00007f8ece02d23a:   77 07 48 8b 40 10 48 8b 00 be 01 01 00 00 41 80
0x00007f8ece02d24a:   38 00 4c 8b 78 18 66 89 74 24 40 74 0a 4c 89 44
0x00007f8ece02d25a:   24 20 c6 44 24 40 03 80 7d 10 12 77 29 4d 85 f6
0x00007f8ece02d26a:   0f 84 f0 01 00 00 31 c0 eb 11 0f 1f 40 00 48 83
0x00007f8ece02d27a:   c0 01 49 39 c6 0f 84 db 01 00 00 49 8b 54 c5 00
0x00007f8ece02d28a:   80 7a 10 12 76 e8 b8 01 01 00 00 bf 50 00 00 00
0x00007f8ece02d29a:   66 89 44 24 70 8d 41 01 89 c6 89 44 24 10 e8 d3
0x00007f8ece02d2aa:   00 13 00 49 89 c4 8b 44 24 10 4c 89 e1 48 c1 e0
0x00007f8ece02d2ba:   05 48 29 c1 48 89 4c 24 08 48 8b 4d 00 0f b6 41
0x00007f8ece02d2ca:   08 83 e8 12 83 f8 01 77 07 48 8b 41 10 48 8b 08
0x00007f8ece02d2da:   44 8b 41 08 4c 89 ee 4c 89 ff 4c 89 f2 48 89 4c
0x00007f8ece02d2ea:   24 18 41 c1 e8 08 44 89 44 24 14 e8 d6 6a 09 00
0x00007f8ece02d2fa:   48 8b 4c 24 18 44 8b 44 24 14 48 89 c7 48 83 79
0x00007f8ece02d30a:   18 00 44 89 c6 0f 84 eb 01 00 00 e8 b6 77 12 00
0x00007f8ece02d31a:   48 8b 55 00 48 89 c7 0f b6 42 08 83 f8 12 0f 84
0x00007f8ece02d32a:   ee 01 00 00 83 f8 13 74 5d 4b 8d 74 f5 00 49 39
0x00007f8ece02d33a:   f5 74 6a 4c 89 e8 48 8b 10 48 8b 0a 0f b6 51 08
0x00007f8ece02d34a:   83 fa 12 74 21 83 fa 13 0f 84 d8 01 00 00 48 83
0x00007f8ece02d35a:   c0 08 48 39 c6 74 46 48 8b 10 48 8b 0a 0f b6 51
0x00007f8ece02d36a:   08 83 fa 12 75 df 8b 41 20 31 f6 48 c1 e6 20 48
0x00007f8ece02d37a:   09 c6 e8 3f 5c 12 00 48 89 c7 eb 21 66 2e 0f 1f 


Stack slot to memory mapping:
stack at sp + 0 slots: 0x0 is NULL
stack at sp + 1 slots: 0x0 is NULL
stack at sp + 2 slots: 0x0 is NULL
stack at sp + 3 slots: 0x0 is NULL
stack at sp + 4 slots: 0x00007f8f2c3ebbc0 points into unknown readable memory: 0x746e696f50656c65 | 65 6c 65 50 6f 69 6e 74
stack at sp + 5 slots: 0x0 is NULL
stack at sp + 6 slots: 0x0 is NULL
stack at sp + 7 slots: 0x0 is NULL


---------------  P R O C E S S  ---------------

Threads class SMR info:
_java_thread_list=0x00007f8f2c22adb0, length=11, elements={
0x00007f8f2c016800, 0x00007f8f2c120000, 0x00007f8f2c122000, 0x00007f8f2c128800,
0x00007f8f2c12a800, 0x00007f8f2c12c800, 0x00007f8f2c12f000, 0x00007f8f2c131000,
0x00007f8f2c13e800, 0x00007f8f2c20e000, 0x00007f8f2c228800
}

Java Threads: ( => current thread )
=>0x00007f8f2c016800 JavaThread "main" [_thread_in_native, id=17481, stack(0x00007f8f31900000,0x00007f8f31a00000)]
  0x00007f8f2c120000 JavaThread "Reference Handler" daemon [_thread_blocked, id=17496, stack(0x00007f8f0d07d000,0x00007f8f0d17d000)]
  0x00007f8f2c122000 JavaThread "Finalizer" daemon [_thread_blocked, id=17497, stack(0x00007f8f0cf7d000,0x00007f8f0d07d000)]
  0x00007f8f2c128800 JavaThread "Signal Dispatcher" daemon [_thread_blocked, id=17500, stack(0x00007f8f0ce7d000,0x00007f8f0cf7d000)]
  0x00007f8f2c12a800 JavaThread "Service Thread" daemon [_thread_blocked, id=17502, stack(0x00007f8f0cd7d000,0x00007f8f0ce7d000)]
  0x00007f8f2c12c800 JavaThread "C2 CompilerThread0" daemon [_thread_blocked, id=17503, stack(0x00007f8f0cc7d000,0x00007f8f0cd7d000)]
  0x00007f8f2c12f000 JavaThread "C1 CompilerThread0" daemon [_thread_blocked, id=17504, stack(0x00007f8f0cb7d000,0x00007f8f0cc7d000)]
  0x00007f8f2c131000 JavaThread "Sweeper thread" daemon [_thread_blocked, id=17505, stack(0x00007f8f0ca7d000,0x00007f8f0cb7d000)]
  0x00007f8f2c13e800 JavaThread "Common-Cleaner" daemon [_thread_blocked, id=17508, stack(0x00007f8f0c97d000,0x00007f8f0ca7d000)]
  0x00007f8f2c20e000 JavaThread "Monitor Ctrl-Break" daemon [_thread_in_native, id=17509, stack(0x00007f8f0c87d000,0x00007f8f0c97d000)]
  0x00007f8f2c228800 JavaThread "JavaCPP Deallocator" daemon [_thread_blocked, id=17512, stack(0x00007f8f0c67b000,0x00007f8f0c77b000)]

Other Threads:
  0x00007f8f2c11d000 VMThread "VM Thread" [stack: 0x00007f8f0d17f000,0x00007f8f0d27f000] [id=17493]
  0x00007f8f2c20f800 WatcherThread [stack: 0x00007f8f0c77d000,0x00007f8f0c87d000] [id=17510]
  0x00007f8f2c02f800 GCTaskThread "GC Thread#0" [stack: 0x00007f8f30100000,0x00007f8f30200000] [id=17485]
  0x00007f8ef8001000 GCTaskThread "GC Thread#1" [stack: 0x00007f8f0c57b000,0x00007f8f0c67b000] [id=17514]
  0x00007f8f2c04a800 ConcurrentGCThread "G1 Main Marker" [stack: 0x00007f8f1402d000,0x00007f8f1412d000] [id=17486]
  0x00007f8f2c04c800 ConcurrentGCThread "G1 Conc#0" [stack: 0x00007f8f0de87000,0x00007f8f0df87000] [id=17487]
  0x00007f8f2c087800 ConcurrentGCThread "G1 Refine#0" [stack: 0x00007f8f0db83000,0x00007f8f0dc83000] [id=17490]
  0x00007f8f2c089800 ConcurrentGCThread "G1 Young RemSet Sampling" [stack: 0x00007f8f0da81000,0x00007f8f0db81000] [id=17491]

Threads with active compile tasks:

VM state:not at safepoint (normal execution)

VM Mutex/Monitor currently owned by a thread: None

Heap address: 0x00000000c2e00000, size: 978 MB, Compressed Oops mode: 32-bit
Narrow klass base: 0x0000000800000000, Narrow klass shift: 3
Compressed class space size: 1073741824 Address: 0x0000000840000000

Heap:
 garbage-first heap   total 65536K, used 5400K [0x00000000c2e00000, 0x0000000100000000)
  region size 1024K, 5 young (5120K), 1 survivors (1024K)
 Metaspace       used 4024K, capacity 6614K, committed 6912K, reserved 1056768K
  class space    used 437K, capacity 695K, committed 768K, reserved 1048576K
Heap Regions: E=young(eden), S=young(survivor), O=old, HS=humongous(starts), HC=humongous(continues), CS=collection set, F=free, A=archive, TAMS=top-at-mark-start (previous, next)
|   0|0x00000000c2e00000, 0x00000000c2e94200, 0x00000000c2f00000| 57%| O|  |TAMS 0x00000000c2e00000, 0x00000000c2e00000| Untracked 
|   1|0x00000000c2f00000, 0x00000000c2f00000, 0x00000000c3000000|  0%| F|  |TAMS 0x00000000c2f00000, 0x00000000c2f00000| Untracked 
|   2|0x00000000c3000000, 0x00000000c3000000, 0x00000000c3100000|  0%| F|  |TAMS 0x00000000c3000000, 0x00000000c3000000| Untracked 
|   3|0x00000000c3100000, 0x00000000c3100000, 0x00000000c3200000|  0%| F|  |TAMS 0x00000000c3100000, 0x00000000c3100000| Untracked 
|   4|0x00000000c3200000, 0x00000000c3200000, 0x00000000c3300000|  0%| F|  |TAMS 0x00000000c3200000, 0x00000000c3200000| Untracked 
|   5|0x00000000c3300000, 0x00000000c3300000, 0x00000000c3400000|  0%| F|  |TAMS 0x00000000c3300000, 0x00000000c3300000| Untracked 
|   6|0x00000000c3400000, 0x00000000c3400000, 0x00000000c3500000|  0%| F|  |TAMS 0x00000000c3400000, 0x00000000c3400000| Untracked 
|   7|0x00000000c3500000, 0x00000000c3500000, 0x00000000c3600000|  0%| F|  |TAMS 0x00000000c3500000, 0x00000000c3500000| Untracked 
|   8|0x00000000c3600000, 0x00000000c3600000, 0x00000000c3700000|  0%| F|  |TAMS 0x00000000c3600000, 0x00000000c3600000| Untracked 
|   9|0x00000000c3700000, 0x00000000c3700000, 0x00000000c3800000|  0%| F|  |TAMS 0x00000000c3700000, 0x00000000c3700000| Untracked 
|  10|0x00000000c3800000, 0x00000000c3800000, 0x00000000c3900000|  0%| F|  |TAMS 0x00000000c3800000, 0x00000000c3800000| Untracked 
|  11|0x00000000c3900000, 0x00000000c3900000, 0x00000000c3a00000|  0%| F|  |TAMS 0x00000000c3900000, 0x00000000c3900000| Untracked 
|  12|0x00000000c3a00000, 0x00000000c3a00000, 0x00000000c3b00000|  0%| F|  |TAMS 0x00000000c3a00000, 0x00000000c3a00000| Untracked 
|  13|0x00000000c3b00000, 0x00000000c3b00000, 0x00000000c3c00000|  0%| F|  |TAMS 0x00000000c3b00000, 0x00000000c3b00000| Untracked 
|  14|0x00000000c3c00000, 0x00000000c3c00000, 0x00000000c3d00000|  0%| F|  |TAMS 0x00000000c3c00000, 0x00000000c3c00000| Untracked 
|  15|0x00000000c3d00000, 0x00000000c3d00000, 0x00000000c3e00000|  0%| F|  |TAMS 0x00000000c3d00000, 0x00000000c3d00000| Untracked 
|  16|0x00000000c3e00000, 0x00000000c3e00000, 0x00000000c3f00000|  0%| F|  |TAMS 0x00000000c3e00000, 0x00000000c3e00000| Untracked 
|  17|0x00000000c3f00000, 0x00000000c3f00000, 0x00000000c4000000|  0%| F|  |TAMS 0x00000000c3f00000, 0x00000000c3f00000| Untracked 
|  18|0x00000000c4000000, 0x00000000c4000000, 0x00000000c4100000|  0%| F|  |TAMS 0x00000000c4000000, 0x00000000c4000000| Untracked 
|  19|0x00000000c4100000, 0x00000000c4100000, 0x00000000c4200000|  0%| F|  |TAMS 0x00000000c4100000, 0x00000000c4100000| Untracked 
|  20|0x00000000c4200000, 0x00000000c4200000, 0x00000000c4300000|  0%| F|  |TAMS 0x00000000c4200000, 0x00000000c4200000| Untracked 
|  21|0x00000000c4300000, 0x00000000c4300000, 0x00000000c4400000|  0%| F|  |TAMS 0x00000000c4300000, 0x00000000c4300000| Untracked 
|  22|0x00000000c4400000, 0x00000000c4400000, 0x00000000c4500000|  0%| F|  |TAMS 0x00000000c4400000, 0x00000000c4400000| Untracked 
|  23|0x00000000c4500000, 0x00000000c4500000, 0x00000000c4600000|  0%| F|  |TAMS 0x00000000c4500000, 0x00000000c4500000| Untracked 
|  24|0x00000000c4600000, 0x00000000c4600000, 0x00000000c4700000|  0%| F|  |TAMS 0x00000000c4600000, 0x00000000c4600000| Untracked 
|  25|0x00000000c4700000, 0x00000000c4700000, 0x00000000c4800000|  0%| F|  |TAMS 0x00000000c4700000, 0x00000000c4700000| Untracked 
|  26|0x00000000c4800000, 0x00000000c4800000, 0x00000000c4900000|  0%| F|  |TAMS 0x00000000c4800000, 0x00000000c4800000| Untracked 
|  27|0x00000000c4900000, 0x00000000c4900000, 0x00000000c4a00000|  0%| F|  |TAMS 0x00000000c4900000, 0x00000000c4900000| Untracked 
|  28|0x00000000c4a00000, 0x00000000c4a00000, 0x00000000c4b00000|  0%| F|  |TAMS 0x00000000c4a00000, 0x00000000c4a00000| Untracked 
|  29|0x00000000c4b00000, 0x00000000c4b00000, 0x00000000c4c00000|  0%| F|  |TAMS 0x00000000c4b00000, 0x00000000c4b00000| Untracked 
|  30|0x00000000c4c00000, 0x00000000c4c00000, 0x00000000c4d00000|  0%| F|  |TAMS 0x00000000c4c00000, 0x00000000c4c00000| Untracked 
|  31|0x00000000c4d00000, 0x00000000c4d00000, 0x00000000c4e00000|  0%| F|  |TAMS 0x00000000c4d00000, 0x00000000c4d00000| Untracked 
|  32|0x00000000c4e00000, 0x00000000c4e00000, 0x00000000c4f00000|  0%| F|  |TAMS 0x00000000c4e00000, 0x00000000c4e00000| Untracked 
|  33|0x00000000c4f00000, 0x00000000c4f00000, 0x00000000c5000000|  0%| F|  |TAMS 0x00000000c4f00000, 0x00000000c4f00000| Untracked 
|  34|0x00000000c5000000, 0x00000000c5000000, 0x00000000c5100000|  0%| F|  |TAMS 0x00000000c5000000, 0x00000000c5000000| Untracked 
|  35|0x00000000c5100000, 0x00000000c5100000, 0x00000000c5200000|  0%| F|  |TAMS 0x00000000c5100000, 0x00000000c5100000| Untracked 
|  36|0x00000000c5200000, 0x00000000c5200000, 0x00000000c5300000|  0%| F|  |TAMS 0x00000000c5200000, 0x00000000c5200000| Untracked 
|  37|0x00000000c5300000, 0x00000000c5300000, 0x00000000c5400000|  0%| F|  |TAMS 0x00000000c5300000, 0x00000000c5300000| Untracked 
|  38|0x00000000c5400000, 0x00000000c5400000, 0x00000000c5500000|  0%| F|  |TAMS 0x00000000c5400000, 0x00000000c5400000| Untracked 
|  39|0x00000000c5500000, 0x00000000c5500000, 0x00000000c5600000|  0%| F|  |TAMS 0x00000000c5500000, 0x00000000c5500000| Untracked 
|  40|0x00000000c5600000, 0x00000000c5600000, 0x00000000c5700000|  0%| F|  |TAMS 0x00000000c5600000, 0x00000000c5600000| Untracked 
|  41|0x00000000c5700000, 0x00000000c5700000, 0x00000000c5800000|  0%| F|  |TAMS 0x00000000c5700000, 0x00000000c5700000| Untracked 
|  42|0x00000000c5800000, 0x00000000c5800000, 0x00000000c5900000|  0%| F|  |TAMS 0x00000000c5800000, 0x00000000c5800000| Untracked 
|  43|0x00000000c5900000, 0x00000000c5900000, 0x00000000c5a00000|  0%| F|  |TAMS 0x00000000c5900000, 0x00000000c5900000| Untracked 
|  44|0x00000000c5a00000, 0x00000000c5a00000, 0x00000000c5b00000|  0%| F|  |TAMS 0x00000000c5a00000, 0x00000000c5a00000| Untracked 
|  45|0x00000000c5b00000, 0x00000000c5b00000, 0x00000000c5c00000|  0%| F|  |TAMS 0x00000000c5b00000, 0x00000000c5b00000| Untracked 
|  46|0x00000000c5c00000, 0x00000000c5c00000, 0x00000000c5d00000|  0%| F|  |TAMS 0x00000000c5c00000, 0x00000000c5c00000| Untracked 
|  47|0x00000000c5d00000, 0x00000000c5d00000, 0x00000000c5e00000|  0%| F|  |TAMS 0x00000000c5d00000, 0x00000000c5d00000| Untracked 
|  48|0x00000000c5e00000, 0x00000000c5e00000, 0x00000000c5f00000|  0%| F|  |TAMS 0x00000000c5e00000, 0x00000000c5e00000| Untracked 
|  49|0x00000000c5f00000, 0x00000000c5f00000, 0x00000000c6000000|  0%| F|  |TAMS 0x00000000c5f00000, 0x00000000c5f00000| Untracked 
|  50|0x00000000c6000000, 0x00000000c6000000, 0x00000000c6100000|  0%| F|  |TAMS 0x00000000c6000000, 0x00000000c6000000| Untracked 
|  51|0x00000000c6100000, 0x00000000c6100000, 0x00000000c6200000|  0%| F|  |TAMS 0x00000000c6100000, 0x00000000c6100000| Untracked 
|  52|0x00000000c6200000, 0x00000000c6200000, 0x00000000c6300000|  0%| F|  |TAMS 0x00000000c6200000, 0x00000000c6200000| Untracked 
|  53|0x00000000c6300000, 0x00000000c6300000, 0x00000000c6400000|  0%| F|  |TAMS 0x00000000c6300000, 0x00000000c6300000| Untracked 
|  54|0x00000000c6400000, 0x00000000c6500000, 0x00000000c6500000|100%| S|CS|TAMS 0x00000000c6400000, 0x00000000c6400000| Complete 
|  55|0x00000000c6500000, 0x00000000c6500000, 0x00000000c6600000|  0%| F|  |TAMS 0x00000000c6500000, 0x00000000c6500000| Untracked 
|  56|0x00000000c6600000, 0x00000000c6600000, 0x00000000c6700000|  0%| F|  |TAMS 0x00000000c6600000, 0x00000000c6600000| Untracked 
|  57|0x00000000c6700000, 0x00000000c6700000, 0x00000000c6800000|  0%| F|  |TAMS 0x00000000c6700000, 0x00000000c6700000| Untracked 
|  58|0x00000000c6800000, 0x00000000c6900000, 0x00000000c6900000|100%| E|  |TAMS 0x00000000c6800000, 0x00000000c6800000| Complete 
|  59|0x00000000c6900000, 0x00000000c6a00000, 0x00000000c6a00000|100%| E|CS|TAMS 0x00000000c6900000, 0x00000000c6900000| Complete 
|  60|0x00000000c6a00000, 0x00000000c6b00000, 0x00000000c6b00000|100%| E|CS|TAMS 0x00000000c6a00000, 0x00000000c6a00000| Complete 
|  61|0x00000000c6b00000, 0x00000000c6c00000, 0x00000000c6c00000|100%| E|CS|TAMS 0x00000000c6b00000, 0x00000000c6b00000| Complete 
| 976|0x00000000ffe00000, 0x00000000ffe47000, 0x00000000fff00000| 27%|OA|  |TAMS 0x00000000ffe00000, 0x00000000ffe00000| Untracked 
| 977|0x00000000fff00000, 0x00000000fff6b000, 0x0000000100000000| 41%|CA|  |TAMS 0x00000000fff00000, 0x00000000fff00000| Untracked 

Card table byte_map: [0x00007f8f1412d000,0x00007f8f14316000] _byte_map_base: 0x00007f8f13b16000

Marking Bits (Prev, Next): (CMBitMap*) 0x00007f8f2c045b88, (CMBitMap*) 0x00007f8f2c045bc0
 Prev Bits: [0x00007f8f0eecf000, 0x00007f8f0fe17000)
 Next Bits: [0x00007f8f0df87000, 0x00007f8f0eecf000)

Polling page: 0x00007f8f31ddc000

Metaspace:

Usage:
  Non-class:      5.78 MB capacity,     3.50 MB ( 61%) used,     2.27 MB ( 39%) free+waste,     6.94 KB ( <1%) overhead. 
      Class:    695.00 KB capacity,   437.95 KB ( 63%) used,   253.30 KB ( 36%) free+waste,     3.75 KB ( <1%) overhead. 
       Both:      6.46 MB capacity,     3.93 MB ( 61%) used,     2.52 MB ( 39%) free+waste,    10.69 KB ( <1%) overhead. 

Virtual space:
  Non-class space:        8.00 MB reserved,       6.00 MB ( 75%) committed 
      Class space:        1.00 GB reserved,     768.00 KB ( <1%) committed 
             Both:        1.01 GB reserved,       6.75 MB ( <1%) committed 

Chunk freelists:
   Non-Class:  37.00 KB
       Class:  9.00 KB
        Both:  46.00 KB

MaxMetaspaceSize: unlimited
CompressedClassSpaceSize: 1.00 GB
Initial GC threshold: 20.80 MB
Current GC threshold: 20.80 MB
CDS: on

CodeHeap 'non-profiled nmethods': size=120036Kb used=228Kb max_used=228Kb free=119807Kb
 bounds [0x00007f8f1c0c7000, 0x00007f8f1c337000, 0x00007f8f23600000]
CodeHeap 'profiled nmethods': size=120032Kb used=1287Kb max_used=1287Kb free=118744Kb
 bounds [0x00007f8f14b8f000, 0x00007f8f14dff000, 0x00007f8f1c0c7000]
CodeHeap 'non-nmethods': size=5692Kb used=1157Kb max_used=1169Kb free=4534Kb
 bounds [0x00007f8f14600000, 0x00007f8f14870000, 0x00007f8f14b8f000]
 total_blobs=1152 nmethods=743 adapters=323
 compilation: enabled
              stopped_count=0, restarted_count=0
 full_count=0

Compilation events (20 events):
Event: 0.903 Thread 0x00007f8f2c12f000 nmethod 709 0x00007f8f14cbf990 code [0x00007f8f14cbfb40, 0x00007f8f14cbfd90]
Event: 0.903 Thread 0x00007f8f2c12f000  715       3       java.util.Arrays::equals (57 bytes)
Event: 0.904 Thread 0x00007f8f2c12f000 nmethod 715 0x00007f8f14cbfe90 code [0x00007f8f14cc0080, 0x00007f8f14cc05e0]
Event: 0.904 Thread 0x00007f8f2c12f000  718       1       java.lang.invoke.LambdaForm$Name::index (5 bytes)
Event: 0.904 Thread 0x00007f8f2c12f000 nmethod 718 0x00007f8f1c0fce90 code [0x00007f8f1c0fd040, 0x00007f8f1c0fd110]
Event: 0.904 Thread 0x00007f8f2c12f000  713       3       java.lang.invoke.MemberName::getMethodOrFieldType (72 bytes)
Event: 0.905 Thread 0x00007f8f2c12f000 nmethod 713 0x00007f8f14cc0790 code [0x00007f8f14cc0b00, 0x00007f8f14cc1e60]
Event: 0.905 Thread 0x00007f8f2c12f000  720       1       java.lang.invoke.LambdaForm$BasicType::basicTypeClass (5 bytes)
Event: 0.905 Thread 0x00007f8f2c12f000 nmethod 720 0x00007f8f1c0fdd90 code [0x00007f8f1c0fdf40, 0x00007f8f1c0fe010]
Event: 0.905 Thread 0x00007f8f2c12f000  714       3       java.lang.Class::cast (27 bytes)
Event: 0.905 Thread 0x00007f8f2c12f000 nmethod 714 0x00007f8f14cc2490 code [0x00007f8f14cc2660, 0x00007f8f14cc2930]
Event: 0.905 Thread 0x00007f8f2c12f000  725       3       sun.invoke.util.Wrapper::forPrimitiveType (49 bytes)
Event: 0.907 Thread 0x00007f8f2c12f000 nmethod 725 0x00007f8f14cc2a10 code [0x00007f8f14cc2da0, 0x00007f8f14cc4300]
Event: 0.907 Thread 0x00007f8f2c12f000  731       3       java.lang.Number::<init> (5 bytes)
Event: 0.907 Thread 0x00007f8f2c12f000 nmethod 731 0x00007f8f14cc4b10 code [0x00007f8f14cc4cc0, 0x00007f8f14cc4e30]
Event: 0.907 Thread 0x00007f8f2c12f000  728       3       java.util.ImmutableCollections$ListN::get (7 bytes)
Event: 0.907 Thread 0x00007f8f2c12f000 nmethod 728 0x00007f8f14cc4f10 code [0x00007f8f14cc50c0, 0x00007f8f14cc51f0]
Event: 0.907 Thread 0x00007f8f2c12f000  735       3       jdk.internal.org.objectweb.asm.Frame::execute (2264 bytes)
Event: 0.910 Thread 0x00007f8f2c12c800  741       4       java.lang.StringBuilder::<init> (7 bytes)
Event: 0.912 Thread 0x00007f8f2c12c800 nmethod 741 0x00007f8f1c0ff590 code [0x00007f8f1c0ff720, 0x00007f8f1c0ff8d8]

GC Heap History (2 events):
Event: 0.637 GC heap before
{Heap before GC invocations=0 (full 0):
 garbage-first heap   total 65536K, used 7880K [0x00000000c2e00000, 0x0000000100000000)
  region size 1024K, 7 young (7168K), 0 survivors (0K)
 Metaspace       used 3111K, capacity 5908K, committed 6272K, reserved 1056768K
  class space    used 337K, capacity 586K, committed 640K, reserved 1048576K
}
Event: 0.649 GC heap after
{Heap after GC invocations=1 (full 0):
 garbage-first heap   total 65536K, used 2328K [0x00000000c2e00000, 0x0000000100000000)
  region size 1024K, 1 young (1024K), 1 survivors (1024K)
 Metaspace       used 3111K, capacity 5908K, committed 6272K, reserved 1056768K
  class space    used 337K, capacity 586K, committed 640K, reserved 1048576K
}

Deoptimization events (20 events):
Event: 0.582 Thread 0x00007f8f2c016800 Uncommon trap: trap_request=0xffffffc6 fr.pc=0x00007f8f1c0df35c relative=0x000000000000037c
Event: 0.582 Thread 0x00007f8f2c016800 Uncommon trap: reason=bimorphic_or_optimized_type_check action=maybe_recompile pc=0x00007f8f1c0df35c method=java.util.HashMap.getNode(ILjava/lang/Object;)Ljava/util/HashMap$Node; @ 126 c2
Event: 0.582 Thread 0x00007f8f2c016800 DEOPT PACKING pc=0x00007f8f1c0df35c sp=0x00007f8f319fe0b0
Event: 0.582 Thread 0x00007f8f2c016800 DEOPT UNPACKING pc=0x00007f8f146082a5 sp=0x00007f8f319fe048 mode 2
Event: 0.582 Thread 0x00007f8f2c016800 Uncommon trap: trap_request=0xffffffc6 fr.pc=0x00007f8f1c0df35c relative=0x000000000000037c
Event: 0.582 Thread 0x00007f8f2c016800 Uncommon trap: reason=bimorphic_or_optimized_type_check action=maybe_recompile pc=0x00007f8f1c0df35c method=java.util.HashMap.getNode(ILjava/lang/Object;)Ljava/util/HashMap$Node; @ 126 c2
Event: 0.582 Thread 0x00007f8f2c016800 DEOPT PACKING pc=0x00007f8f1c0df35c sp=0x00007f8f319fe0b0
Event: 0.582 Thread 0x00007f8f2c016800 DEOPT UNPACKING pc=0x00007f8f146082a5 sp=0x00007f8f319fe048 mode 2
Event: 0.582 Thread 0x00007f8f2c016800 Uncommon trap: trap_request=0xffffffc6 fr.pc=0x00007f8f1c0df35c relative=0x000000000000037c
Event: 0.582 Thread 0x00007f8f2c016800 Uncommon trap: reason=bimorphic_or_optimized_type_check action=maybe_recompile pc=0x00007f8f1c0df35c method=java.util.HashMap.getNode(ILjava/lang/Object;)Ljava/util/HashMap$Node; @ 126 c2
Event: 0.582 Thread 0x00007f8f2c016800 DEOPT PACKING pc=0x00007f8f1c0df35c sp=0x00007f8f319fe0b0
Event: 0.582 Thread 0x00007f8f2c016800 DEOPT UNPACKING pc=0x00007f8f146082a5 sp=0x00007f8f319fe048 mode 2
Event: 0.583 Thread 0x00007f8f2c016800 Uncommon trap: trap_request=0xffffffc6 fr.pc=0x00007f8f1c0df35c relative=0x000000000000037c
Event: 0.583 Thread 0x00007f8f2c016800 Uncommon trap: reason=bimorphic_or_optimized_type_check action=maybe_recompile pc=0x00007f8f1c0df35c method=java.util.HashMap.getNode(ILjava/lang/Object;)Ljava/util/HashMap$Node; @ 126 c2
Event: 0.583 Thread 0x00007f8f2c016800 DEOPT PACKING pc=0x00007f8f1c0df35c sp=0x00007f8f319fe0b0
Event: 0.583 Thread 0x00007f8f2c016800 DEOPT UNPACKING pc=0x00007f8f146082a5 sp=0x00007f8f319fe048 mode 2
Event: 0.689 Thread 0x00007f8f2c016800 DEOPT PACKING pc=0x00007f8f14bb424f sp=0x00007f8f319fd700
Event: 0.689 Thread 0x00007f8f2c016800 DEOPT UNPACKING pc=0x00007f8f146499fa sp=0x00007f8f319fcbc0 mode 0
Event: 0.804 Thread 0x00007f8f2c016800 DEOPT PACKING pc=0x00007f8f14beefc2 sp=0x00007f8f319fd590
Event: 0.804 Thread 0x00007f8f2c016800 DEOPT UNPACKING pc=0x00007f8f146499fa sp=0x00007f8f319fca18 mode 0

Classes redefined (0 events):
No events

Internal exceptions (20 events):
Event: 0.240 Thread 0x00007f8f2c016800 Exception <a 'java/security/PrivilegedActionException'{0x00000000c6ae0d28}> (0x00000000c6ae0d28) thrown at [./src/hotspot/share/prims/jvm.cpp, line 1304]
Event: 0.240 Thread 0x00007f8f2c016800 Exception <a 'java/security/PrivilegedActionException'{0x00000000c6ae0ff8}> (0x00000000c6ae0ff8) thrown at [./src/hotspot/share/prims/jvm.cpp, line 1304]
Event: 0.241 Thread 0x00007f8f2c016800 Exception <a 'java/security/PrivilegedActionException'{0x00000000c6ae1968}> (0x00000000c6ae1968) thrown at [./src/hotspot/share/prims/jvm.cpp, line 1304]
Event: 0.241 Thread 0x00007f8f2c016800 Exception <a 'java/security/PrivilegedActionException'{0x00000000c6ae1c38}> (0x00000000c6ae1c38) thrown at [./src/hotspot/share/prims/jvm.cpp, line 1304]
Event: 0.241 Thread 0x00007f8f2c016800 Exception <a 'java/security/PrivilegedActionException'{0x00000000c6ae25a8}> (0x00000000c6ae25a8) thrown at [./src/hotspot/share/prims/jvm.cpp, line 1304]
Event: 0.241 Thread 0x00007f8f2c016800 Exception <a 'java/security/PrivilegedActionException'{0x00000000c6ae2878}> (0x00000000c6ae2878) thrown at [./src/hotspot/share/prims/jvm.cpp, line 1304]
Event: 0.241 Thread 0x00007f8f2c016800 Exception <a 'java/security/PrivilegedActionException'{0x00000000c6ae3200}> (0x00000000c6ae3200) thrown at [./src/hotspot/share/prims/jvm.cpp, line 1304]
Event: 0.241 Thread 0x00007f8f2c016800 Exception <a 'java/security/PrivilegedActionException'{0x00000000c6ae34d0}> (0x00000000c6ae34d0) thrown at [./src/hotspot/share/prims/jvm.cpp, line 1304]
Event: 0.241 Thread 0x00007f8f2c016800 Exception <a 'java/security/PrivilegedActionException'{0x00000000c6ae3e58}> (0x00000000c6ae3e58) thrown at [./src/hotspot/share/prims/jvm.cpp, line 1304]
Event: 0.241 Thread 0x00007f8f2c016800 Exception <a 'java/security/PrivilegedActionException'{0x00000000c6ae4128}> (0x00000000c6ae4128) thrown at [./src/hotspot/share/prims/jvm.cpp, line 1304]
Event: 0.241 Thread 0x00007f8f2c016800 Exception <a 'java/security/PrivilegedActionException'{0x00000000c6ae4ab0}> (0x00000000c6ae4ab0) thrown at [./src/hotspot/share/prims/jvm.cpp, line 1304]
Event: 0.241 Thread 0x00007f8f2c016800 Exception <a 'java/security/PrivilegedActionException'{0x00000000c6ae4d80}> (0x00000000c6ae4d80) thrown at [./src/hotspot/share/prims/jvm.cpp, line 1304]
Event: 0.241 Thread 0x00007f8f2c016800 Exception <a 'java/security/PrivilegedActionException'{0x00000000c6ae56f0}> (0x00000000c6ae56f0) thrown at [./src/hotspot/share/prims/jvm.cpp, line 1304]
Event: 0.241 Thread 0x00007f8f2c016800 Exception <a 'java/security/PrivilegedActionException'{0x00000000c6ae59c0}> (0x00000000c6ae59c0) thrown at [./src/hotspot/share/prims/jvm.cpp, line 1304]
Event: 0.241 Thread 0x00007f8f2c016800 Exception <a 'java/security/PrivilegedActionException'{0x00000000c6ae6348}> (0x00000000c6ae6348) thrown at [./src/hotspot/share/prims/jvm.cpp, line 1304]
Event: 0.241 Thread 0x00007f8f2c016800 Exception <a 'java/security/PrivilegedActionException'{0x00000000c6ae6618}> (0x00000000c6ae6618) thrown at [./src/hotspot/share/prims/jvm.cpp, line 1304]
Event: 0.318 Thread 0x00007f8f2c016800 Exception <a 'java/lang/NoSuchMethodError'{0x00000000c6995588}: 'int java.lang.invoke.DirectMethodHandle$Holder.invokeStaticInit(java.lang.Object, java.lang.Object, java.lang.Object, java.lang.Object)'> (0x00000000c6995588) thrown at [./src/hotspot/share/interpreter/linkResolver.cpp, line 772]
Event: 0.319 Thread 0x00007f8f2c016800 Exception <a 'java/lang/IncompatibleClassChangeError'{0x00000000c699f308}: Found class java.lang.Object, but interface was expected> (0x00000000c699f308) thrown at [./src/hotspot/share/interpreter/linkResolver.cpp, line 839]
Event: 0.320 Thread 0x00007f8f2c016800 Exception <a 'java/lang/NoSuchMethodError'{0x00000000c69a24b8}: 'void java.lang.invoke.DirectMethodHandle$Holder.invokeStaticInit(java.lang.Object, java.lang.Object)'> (0x00000000c69a24b8) thrown at [./src/hotspot/share/interpreter/linkResolver.cpp, line 772]
Event: 0.322 Thread 0x00007f8f2c016800 Exception <a 'java/lang/NoSuchMethodError'{0x00000000c69a7928}: 'int java.lang.invoke.DirectMethodHandle$Holder.invokeStaticInit(java.lang.Object, java.lang.Object)'> (0x00000000c69a7928) thrown at [./src/hotspot/share/interpreter/linkResolver.cpp, line 772]

Events (20 events):
Event: 0.892 loading class LLVMSymbolTable$SymbolTableEntry
Event: 0.892 loading class LLVMSymbolTable$SymbolTableEntry done
Event: 0.898 Executing VM operation: Deoptimize
Event: 0.898 Executing VM operation: Deoptimize done
Event: 0.900 loading class java/lang/invoke/BoundMethodHandle$Species_LL
Event: 0.900 loading class java/lang/invoke/BoundMethodHandle$Species_LL done
Event: 0.902 loading class java/lang/invoke/BoundMethodHandle$Species_LLL
Event: 0.902 loading class java/lang/invoke/BoundMethodHandle$Species_LLL done
Event: 0.902 loading class java/lang/invoke/BoundMethodHandle$Species_LLLL
Event: 0.903 loading class java/lang/invoke/BoundMethodHandle$Species_LLLL done
Event: 0.904 loading class java/lang/invoke/BoundMethodHandle$Species_LLLLL
Event: 0.904 loading class java/lang/invoke/BoundMethodHandle$Species_LLLLL done
Event: 0.905 loading class java/lang/invoke/BoundMethodHandle$Species_LLLLLL
Event: 0.905 loading class java/lang/invoke/BoundMethodHandle$Species_LLLLLL done
Event: 0.906 loading class java/lang/invoke/BoundMethodHandle$Species_LLLLLLI
Event: 0.906 loading class java/lang/invoke/BoundMethodHandle$Species_LLLLLLI done
Event: 0.908 loading class java/lang/invoke/BoundMethodHandle$Species_LLLLLLII
Event: 0.908 loading class java/lang/invoke/BoundMethodHandle$Species_LLLLLLII done
Event: 0.909 loading class java/lang/invoke/BoundMethodHandle$Species_LLLLLLIIL
Event: 0.910 loading class java/lang/invoke/BoundMethodHandle$Species_LLLLLLIIL done


Dynamic libraries:
c2e00000-c6c00000 rw-p 00000000 00:00 0 
c6c00000-ffe00000 ---p 00000000 00:00 0 
ffe00000-ffe47000 rw-p 00b0a000 08:03 1060156                            /usr/lib/jvm/java-11-openjdk-amd64/lib/server/classes.jsa
ffe47000-fff00000 rw-p 00000000 00:00 0 
fff00000-fff6b000 rw-p 00a9f000 08:03 1060156                            /usr/lib/jvm/java-11-openjdk-amd64/lib/server/classes.jsa
fff6b000-100000000 rw-p 00000000 00:00 0 
800000000-800002000 rwxp 00001000 08:03 1060156                          /usr/lib/jvm/java-11-openjdk-amd64/lib/server/classes.jsa
800002000-8003cc000 rw-p 00003000 08:03 1060156                          /usr/lib/jvm/java-11-openjdk-amd64/lib/server/classes.jsa
8003cc000-800a9d000 r--p 003cd000 08:03 1060156                          /usr/lib/jvm/java-11-openjdk-amd64/lib/server/classes.jsa
800a9d000-800a9e000 rw-p 00a9e000 08:03 1060156                          /usr/lib/jvm/java-11-openjdk-amd64/lib/server/classes.jsa
840000000-8400c0000 rw-p 00000000 00:00 0 
8400c0000-880000000 ---p 00000000 00:00 0 
55fe2dc8b000-55fe2dc8c000 r--p 00000000 08:03 1058673                    /usr/lib/jvm/java-11-openjdk-amd64/bin/java
55fe2dc8c000-55fe2dc8d000 r-xp 00001000 08:03 1058673                    /usr/lib/jvm/java-11-openjdk-amd64/bin/java
55fe2dc8d000-55fe2dc8e000 r--p 00002000 08:03 1058673                    /usr/lib/jvm/java-11-openjdk-amd64/bin/java
55fe2dc8e000-55fe2dc8f000 r--p 00002000 08:03 1058673                    /usr/lib/jvm/java-11-openjdk-amd64/bin/java
55fe2dc8f000-55fe2dc90000 rw-p 00003000 08:03 1058673                    /usr/lib/jvm/java-11-openjdk-amd64/bin/java
55fe2de30000-55fe2de72000 rw-p 00000000 00:00 0                          [heap]
7f8ecd400000-7f8ecdd26000 r--p 00000000 08:03 1579535                    /home/doudou/.javacpp/cache/llvm-13.0.1-1.5.7-linux-x86_64.jar/org/bytedeco/llvm/linux-x86_64/libLLVM-13.so
7f8ecdd26000-7f8ed16e9000 r-xp 00926000 08:03 1579535                    /home/doudou/.javacpp/cache/llvm-13.0.1-1.5.7-linux-x86_64.jar/org/bytedeco/llvm/linux-x86_64/libLLVM-13.so
7f8ed16e9000-7f8ed393e000 r--p 042e9000 08:03 1579535                    /home/doudou/.javacpp/cache/llvm-13.0.1-1.5.7-linux-x86_64.jar/org/bytedeco/llvm/linux-x86_64/libLLVM-13.so
7f8ed393e000-7f8ed3e53000 r--p 0653d000 08:03 1579535                    /home/doudou/.javacpp/cache/llvm-13.0.1-1.5.7-linux-x86_64.jar/org/bytedeco/llvm/linux-x86_64/libLLVM-13.so
7f8ed3e53000-7f8ed3e5e000 rw-p 06a52000 08:03 1579535                    /home/doudou/.javacpp/cache/llvm-13.0.1-1.5.7-linux-x86_64.jar/org/bytedeco/llvm/linux-x86_64/libLLVM-13.so
7f8ed3e5e000-7f8ed3ed4000 rw-p 00000000 00:00 0 
7f8ed4000000-7f8ed4021000 rw-p 00000000 00:00 0 
7f8ed4021000-7f8ed8000000 ---p 00000000 00:00 0 
7f8ed8000000-7f8ed8021000 rw-p 00000000 00:00 0 
7f8ed8021000-7f8edc000000 ---p 00000000 00:00 0 
7f8edc000000-7f8edc362000 rw-p 00000000 00:00 0 
7f8edc362000-7f8ee0000000 ---p 00000000 00:00 0 
7f8ee0000000-7f8ee0342000 rw-p 00000000 00:00 0 
7f8ee0342000-7f8ee4000000 ---p 00000000 00:00 0 
7f8ee4000000-7f8ee4021000 rw-p 00000000 00:00 0 
7f8ee4021000-7f8ee8000000 ---p 00000000 00:00 0 
7f8ee8000000-7f8ee8021000 rw-p 00000000 00:00 0 
7f8ee8021000-7f8eec000000 ---p 00000000 00:00 0 
7f8eec000000-7f8eec021000 rw-p 00000000 00:00 0 
7f8eec021000-7f8ef0000000 ---p 00000000 00:00 0 
7f8ef0000000-7f8ef0021000 rw-p 00000000 00:00 0 
7f8ef0021000-7f8ef4000000 ---p 00000000 00:00 0 
7f8ef4000000-7f8ef4021000 rw-p 00000000 00:00 0 
7f8ef4021000-7f8ef8000000 ---p 00000000 00:00 0 
7f8ef8000000-7f8ef8021000 rw-p 00000000 00:00 0 
7f8ef8021000-7f8efc000000 ---p 00000000 00:00 0 
7f8efc000000-7f8efc021000 rw-p 00000000 00:00 0 
7f8efc021000-7f8f00000000 ---p 00000000 00:00 0 
7f8f00000000-7f8f00021000 rw-p 00000000 00:00 0 
7f8f00021000-7f8f04000000 ---p 00000000 00:00 0 
7f8f05200000-7f8f05fe7000 r--p 00000000 08:03 534858                     /usr/lib/locale/locale-archive
7f8f06000000-7f8f08000000 rw-p 00000000 00:00 0 
7f8f08000000-7f8f08021000 rw-p 00000000 00:00 0 
7f8f08021000-7f8f0c000000 ---p 00000000 00:00 0 
7f8f0c473000-7f8f0c4d8000 r--p 00000000 08:03 1579540                    /home/doudou/.javacpp/cache/llvm-13.0.1-1.5.7-linux-x86_64.jar/org/bytedeco/llvm/linux-x86_64/libjniLLVM.so
7f8f0c4d8000-7f8f0c546000 r-xp 00065000 08:03 1579540                    /home/doudou/.javacpp/cache/llvm-13.0.1-1.5.7-linux-x86_64.jar/org/bytedeco/llvm/linux-x86_64/libjniLLVM.so
7f8f0c546000-7f8f0c571000 r--p 000d3000 08:03 1579540                    /home/doudou/.javacpp/cache/llvm-13.0.1-1.5.7-linux-x86_64.jar/org/bytedeco/llvm/linux-x86_64/libjniLLVM.so
7f8f0c571000-7f8f0c574000 r--p 000fd000 08:03 1579540                    /home/doudou/.javacpp/cache/llvm-13.0.1-1.5.7-linux-x86_64.jar/org/bytedeco/llvm/linux-x86_64/libjniLLVM.so
7f8f0c574000-7f8f0c577000 rw-p 00100000 08:03 1579540                    /home/doudou/.javacpp/cache/llvm-13.0.1-1.5.7-linux-x86_64.jar/org/bytedeco/llvm/linux-x86_64/libjniLLVM.so
7f8f0c577000-7f8f0c579000 rw-p 00000000 00:00 0 
7f8f0c579000-7f8f0c57a000 ---p 00000000 00:00 0 
7f8f0c57a000-7f8f0c67b000 rw-p 00000000 00:00 0 
7f8f0c67b000-7f8f0c67f000 ---p 00000000 00:00 0 
7f8f0c67f000-7f8f0c77b000 rw-p 00000000 00:00 0 
7f8f0c77b000-7f8f0c77c000 ---p 00000000 00:00 0 
7f8f0c77c000-7f8f0c87d000 rw-p 00000000 00:00 0 
7f8f0c87d000-7f8f0c881000 ---p 00000000 00:00 0 
7f8f0c881000-7f8f0c97d000 rw-p 00000000 00:00 0 
7f8f0c97d000-7f8f0c981000 ---p 00000000 00:00 0 
7f8f0c981000-7f8f0ca7d000 rw-p 00000000 00:00 0 
7f8f0ca7d000-7f8f0ca81000 ---p 00000000 00:00 0 
7f8f0ca81000-7f8f0cb7d000 rw-p 00000000 00:00 0 
7f8f0cb7d000-7f8f0cb81000 ---p 00000000 00:00 0 
7f8f0cb81000-7f8f0cc7d000 rw-p 00000000 00:00 0 
7f8f0cc7d000-7f8f0cc81000 ---p 00000000 00:00 0 
7f8f0cc81000-7f8f0cd7d000 rw-p 00000000 00:00 0 
7f8f0cd7d000-7f8f0cd81000 ---p 00000000 00:00 0 
7f8f0cd81000-7f8f0ce7d000 rw-p 00000000 00:00 0 
7f8f0ce7d000-7f8f0ce81000 ---p 00000000 00:00 0 
7f8f0ce81000-7f8f0cf7d000 rw-p 00000000 00:00 0 
7f8f0cf7d000-7f8f0cf81000 ---p 00000000 00:00 0 
7f8f0cf81000-7f8f0d07d000 rw-p 00000000 00:00 0 
7f8f0d07d000-7f8f0d081000 ---p 00000000 00:00 0 
7f8f0d081000-7f8f0d17d000 rw-p 00000000 00:00 0 
7f8f0d17d000-7f8f0d17e000 ---p 00000000 00:00 0 
7f8f0d17e000-7f8f0d87f000 rw-p 00000000 00:00 0 
7f8f0d87f000-7f8f0da7f000 ---p 00000000 00:00 0 
7f8f0da7f000-7f8f0da80000 ---p 00000000 00:00 0 
7f8f0da80000-7f8f0db81000 rw-p 00000000 00:00 0 
7f8f0db81000-7f8f0db82000 ---p 00000000 00:00 0 
7f8f0db82000-7f8f0de85000 rw-p 00000000 00:00 0 
7f8f0de85000-7f8f0de86000 ---p 00000000 00:00 0 
7f8f0de86000-7f8f0e07f000 rw-p 00000000 00:00 0 
7f8f0e07f000-7f8f0eec7000 ---p 00000000 00:00 0 
7f8f0eec7000-7f8f0efc7000 rw-p 00000000 00:00 0 
7f8f0efc7000-7f8f0fe0f000 ---p 00000000 00:00 0 
7f8f0fe0f000-7f8f0fe36000 rw-p 00000000 00:00 0 
7f8f0fe36000-7f8f0ffff000 ---p 00000000 00:00 0 
7f8f0ffff000-7f8f10000000 rw-p 00000000 00:00 0 
7f8f10000000-7f8f10021000 rw-p 00000000 00:00 0 
7f8f10021000-7f8f14000000 ---p 00000000 00:00 0 
7f8f1402b000-7f8f1402c000 ---p 00000000 00:00 0 
7f8f1402c000-7f8f1414c000 rw-p 00000000 00:00 0 
7f8f1414c000-7f8f14315000 ---p 00000000 00:00 0 
7f8f14315000-7f8f14335000 rw-p 00000000 00:00 0 
7f8f14335000-7f8f144fe000 ---p 00000000 00:00 0 
7f8f144fe000-7f8f14600000 rw-p 00000000 00:00 0 
7f8f14600000-7f8f14870000 rwxp 00000000 00:00 0 
7f8f14870000-7f8f14b8f000 ---p 00000000 00:00 0 
7f8f14b8f000-7f8f14dff000 rwxp 00000000 00:00 0 
7f8f14dff000-7f8f1c0c7000 ---p 00000000 00:00 0 
7f8f1c0c7000-7f8f1c337000 rwxp 00000000 00:00 0 
7f8f1c337000-7f8f23600000 ---p 00000000 00:00 0 
7f8f23600000-7f8f2be0b000 r--s 00000000 08:03 1058832                    /usr/lib/jvm/java-11-openjdk-amd64/lib/modules
7f8f2bedb000-7f8f2bee2000 r--p 00000000 08:03 1579536                    /home/doudou/.javacpp/cache/llvm-13.0.1-1.5.7-linux-x86_64.jar/org/bytedeco/llvm/linux-x86_64/libLTO.so.13
7f8f2bee2000-7f8f2beea000 r-xp 00007000 08:03 1579536                    /home/doudou/.javacpp/cache/llvm-13.0.1-1.5.7-linux-x86_64.jar/org/bytedeco/llvm/linux-x86_64/libLTO.so.13
7f8f2beea000-7f8f2beec000 r--p 0000f000 08:03 1579536                    /home/doudou/.javacpp/cache/llvm-13.0.1-1.5.7-linux-x86_64.jar/org/bytedeco/llvm/linux-x86_64/libLTO.so.13
7f8f2beec000-7f8f2beed000 r--p 00010000 08:03 1579536                    /home/doudou/.javacpp/cache/llvm-13.0.1-1.5.7-linux-x86_64.jar/org/bytedeco/llvm/linux-x86_64/libLTO.so.13
7f8f2beed000-7f8f2beee000 rw-p 00011000 08:03 1579536                    /home/doudou/.javacpp/cache/llvm-13.0.1-1.5.7-linux-x86_64.jar/org/bytedeco/llvm/linux-x86_64/libLTO.so.13
7f8f2beee000-7f8f2bef2000 r--p 00000000 08:03 1579530                    /home/doudou/.javacpp/cache/javacpp-1.5.7-linux-x86_64.jar/org/bytedeco/javacpp/linux-x86_64/libjnijavacpp.so
7f8f2bef2000-7f8f2bef9000 r-xp 00004000 08:03 1579530                    /home/doudou/.javacpp/cache/javacpp-1.5.7-linux-x86_64.jar/org/bytedeco/javacpp/linux-x86_64/libjnijavacpp.so
7f8f2bef9000-7f8f2befd000 r--p 0000b000 08:03 1579530                    /home/doudou/.javacpp/cache/javacpp-1.5.7-linux-x86_64.jar/org/bytedeco/javacpp/linux-x86_64/libjnijavacpp.so
7f8f2befd000-7f8f2befe000 r--p 0000e000 08:03 1579530                    /home/doudou/.javacpp/cache/javacpp-1.5.7-linux-x86_64.jar/org/bytedeco/javacpp/linux-x86_64/libjnijavacpp.so
7f8f2befe000-7f8f2beff000 rw-p 0000f000 08:03 1579530                    /home/doudou/.javacpp/cache/javacpp-1.5.7-linux-x86_64.jar/org/bytedeco/javacpp/linux-x86_64/libjnijavacpp.so
7f8f2beff000-7f8f2c000000 rw-p 00000000 00:00 0 
7f8f2c000000-7f8f2c3ed000 rw-p 00000000 00:00 0 
7f8f2c3ed000-7f8f30000000 ---p 00000000 00:00 0 
7f8f30000000-7f8f30001000 r--p 00000000 08:03 551276                     /usr/lib/x86_64-linux-gnu/libdl.so.2
7f8f30001000-7f8f30002000 r-xp 00001000 08:03 551276                     /usr/lib/x86_64-linux-gnu/libdl.so.2
7f8f30002000-7f8f30003000 r--p 00002000 08:03 551276                     /usr/lib/x86_64-linux-gnu/libdl.so.2
7f8f30003000-7f8f30004000 r--p 00002000 08:03 551276                     /usr/lib/x86_64-linux-gnu/libdl.so.2
7f8f30004000-7f8f30005000 rw-p 00003000 08:03 551276                     /usr/lib/x86_64-linux-gnu/libdl.so.2
7f8f30005000-7f8f30006000 r--p 00000000 08:03 552054                     /usr/lib/x86_64-linux-gnu/libpthread.so.0
7f8f30006000-7f8f30007000 r-xp 00001000 08:03 552054                     /usr/lib/x86_64-linux-gnu/libpthread.so.0
7f8f30007000-7f8f30008000 r--p 00002000 08:03 552054                     /usr/lib/x86_64-linux-gnu/libpthread.so.0
7f8f30008000-7f8f30009000 r--p 00002000 08:03 552054                     /usr/lib/x86_64-linux-gnu/libpthread.so.0
7f8f30009000-7f8f3000a000 rw-p 00003000 08:03 552054                     /usr/lib/x86_64-linux-gnu/libpthread.so.0
7f8f3000a000-7f8f3000e000 r--p 00000000 08:03 1058822                    /usr/lib/jvm/java-11-openjdk-amd64/lib/libnet.so
7f8f3000e000-7f8f3001c000 r-xp 00004000 08:03 1058822                    /usr/lib/jvm/java-11-openjdk-amd64/lib/libnet.so
7f8f3001c000-7f8f30020000 r--p 00012000 08:03 1058822                    /usr/lib/jvm/java-11-openjdk-amd64/lib/libnet.so
7f8f30020000-7f8f30021000 r--p 00015000 08:03 1058822                    /usr/lib/jvm/java-11-openjdk-amd64/lib/libnet.so
7f8f30021000-7f8f30022000 rw-p 00016000 08:03 1058822                    /usr/lib/jvm/java-11-openjdk-amd64/lib/libnet.so
7f8f30022000-7f8f300fe000 rw-p 00000000 00:00 0 
7f8f300fe000-7f8f300ff000 ---p 00000000 00:00 0 
7f8f300ff000-7f8f30200000 rw-p 00000000 00:00 0 
7f8f30200000-7f8f3029a000 r--p 00000000 08:03 552221                     /usr/lib/x86_64-linux-gnu/libstdc++.so.6.0.30
7f8f3029a000-7f8f303aa000 r-xp 0009a000 08:03 552221                     /usr/lib/x86_64-linux-gnu/libstdc++.so.6.0.30
7f8f303aa000-7f8f30419000 r--p 001aa000 08:03 552221                     /usr/lib/x86_64-linux-gnu/libstdc++.so.6.0.30
7f8f30419000-7f8f30424000 r--p 00218000 08:03 552221                     /usr/lib/x86_64-linux-gnu/libstdc++.so.6.0.30
7f8f30424000-7f8f30427000 rw-p 00223000 08:03 552221                     /usr/lib/x86_64-linux-gnu/libstdc++.so.6.0.30
7f8f30427000-7f8f3042f000 rw-p 00000000 00:00 0 
7f8f3042f000-7f8f30515000 ---p 00000000 00:00 0 
7f8f30515000-7f8f3051a000 rw-p 00000000 00:00 0 
7f8f3051a000-7f8f30600000 ---p 00000000 00:00 0 
7f8f30600000-7f8f30882000 r--p 00000000 08:03 1058837                    /usr/lib/jvm/java-11-openjdk-amd64/lib/server/libjvm.so
7f8f30882000-7f8f3151e000 r-xp 00282000 08:03 1058837                    /usr/lib/jvm/java-11-openjdk-amd64/lib/server/libjvm.so
7f8f3151e000-7f8f31779000 r--p 00f1e000 08:03 1058837                    /usr/lib/jvm/java-11-openjdk-amd64/lib/server/libjvm.so
7f8f31779000-7f8f3177a000 ---p 01179000 08:03 1058837                    /usr/lib/jvm/java-11-openjdk-amd64/lib/server/libjvm.so
7f8f3177a000-7f8f3183e000 r--p 01179000 08:03 1058837                    /usr/lib/jvm/java-11-openjdk-amd64/lib/server/libjvm.so
7f8f3183e000-7f8f31879000 rw-p 0123d000 08:03 1058837                    /usr/lib/jvm/java-11-openjdk-amd64/lib/server/libjvm.so
7f8f31879000-7f8f318d0000 rw-p 00000000 00:00 0 
7f8f318d3000-7f8f318da000 r--s 00000000 08:03 553557                     /usr/lib/x86_64-linux-gnu/gconv/gconv-modules.cache
7f8f318da000-7f8f318db000 r--p 00000000 08:03 1579538                    /home/doudou/.javacpp/cache/llvm-13.0.1-1.5.7-linux-x86_64.jar/org/bytedeco/llvm/linux-x86_64/libRemarks.so.13
7f8f318db000-7f8f318dc000 r-xp 00001000 08:03 1579538                    /home/doudou/.javacpp/cache/llvm-13.0.1-1.5.7-linux-x86_64.jar/org/bytedeco/llvm/linux-x86_64/libRemarks.so.13
7f8f318dc000-7f8f318dd000 r--p 00002000 08:03 1579538                    /home/doudou/.javacpp/cache/llvm-13.0.1-1.5.7-linux-x86_64.jar/org/bytedeco/llvm/linux-x86_64/libRemarks.so.13
7f8f318dd000-7f8f318de000 r--p 00002000 08:03 1579538                    /home/doudou/.javacpp/cache/llvm-13.0.1-1.5.7-linux-x86_64.jar/org/bytedeco/llvm/linux-x86_64/libRemarks.so.13
7f8f318de000-7f8f318df000 rw-p 00003000 08:03 1579538                    /home/doudou/.javacpp/cache/llvm-13.0.1-1.5.7-linux-x86_64.jar/org/bytedeco/llvm/linux-x86_64/libRemarks.so.13
7f8f318df000-7f8f31900000 rw-p 00000000 00:00 0 
7f8f31900000-7f8f31904000 ---p 00000000 00:00 0 
7f8f31904000-7f8f31a00000 rw-p 00000000 00:00 0 
7f8f31a00000-7f8f31a28000 r--p 00000000 08:03 551134                     /usr/lib/x86_64-linux-gnu/libc.so.6
7f8f31a28000-7f8f31bbd000 r-xp 00028000 08:03 551134                     /usr/lib/x86_64-linux-gnu/libc.so.6
7f8f31bbd000-7f8f31c15000 r--p 001bd000 08:03 551134                     /usr/lib/x86_64-linux-gnu/libc.so.6
7f8f31c15000-7f8f31c19000 r--p 00214000 08:03 551134                     /usr/lib/x86_64-linux-gnu/libc.so.6
7f8f31c19000-7f8f31c1b000 rw-p 00218000 08:03 551134                     /usr/lib/x86_64-linux-gnu/libc.so.6
7f8f31c1b000-7f8f31c28000 rw-p 00000000 00:00 0 
7f8f31c29000-7f8f31c2a000 r--p 00000000 08:03 1058804                    /usr/lib/jvm/java-11-openjdk-amd64/lib/libextnet.so
7f8f31c2a000-7f8f31c2b000 r-xp 00001000 08:03 1058804                    /usr/lib/jvm/java-11-openjdk-amd64/lib/libextnet.so
7f8f31c2b000-7f8f31c2c000 r--p 00002000 08:03 1058804                    /usr/lib/jvm/java-11-openjdk-amd64/lib/libextnet.so
7f8f31c2c000-7f8f31c2d000 r--p 00002000 08:03 1058804                    /usr/lib/jvm/java-11-openjdk-amd64/lib/libextnet.so
7f8f31c2d000-7f8f31c2e000 rw-p 00003000 08:03 1058804                    /usr/lib/jvm/java-11-openjdk-amd64/lib/libextnet.so
7f8f31c2e000-7f8f31c35000 r--p 00000000 08:03 1058823                    /usr/lib/jvm/java-11-openjdk-amd64/lib/libnio.so
7f8f31c35000-7f8f31c3d000 r-xp 00007000 08:03 1058823                    /usr/lib/jvm/java-11-openjdk-amd64/lib/libnio.so
7f8f31c3d000-7f8f31c40000 r--p 0000f000 08:03 1058823                    /usr/lib/jvm/java-11-openjdk-amd64/lib/libnio.so
7f8f31c40000-7f8f31c41000 r--p 00011000 08:03 1058823                    /usr/lib/jvm/java-11-openjdk-amd64/lib/libnio.so
7f8f31c41000-7f8f31c42000 rw-p 00012000 08:03 1058823                    /usr/lib/jvm/java-11-openjdk-amd64/lib/libnio.so
7f8f31c42000-7f8f31c47000 rw-p 00000000 00:00 0 
7f8f31c47000-7f8f31c4e000 ---p 00000000 00:00 0 
7f8f31c4e000-7f8f31c50000 r--p 00000000 08:03 1058831                    /usr/lib/jvm/java-11-openjdk-amd64/lib/libzip.so
7f8f31c50000-7f8f31c55000 r-xp 00002000 08:03 1058831                    /usr/lib/jvm/java-11-openjdk-amd64/lib/libzip.so
7f8f31c55000-7f8f31c57000 r--p 00007000 08:03 1058831                    /usr/lib/jvm/java-11-openjdk-amd64/lib/libzip.so
7f8f31c57000-7f8f31c58000 r--p 00008000 08:03 1058831                    /usr/lib/jvm/java-11-openjdk-amd64/lib/libzip.so
7f8f31c58000-7f8f31c59000 rw-p 00009000 08:03 1058831                    /usr/lib/jvm/java-11-openjdk-amd64/lib/libzip.so
7f8f31c59000-7f8f31c61000 rw-s 00000000 08:03 262226                     /tmp/hsperfdata_doudou/17479
7f8f31c61000-7f8f31c63000 r--p 00000000 08:03 1058806                    /usr/lib/jvm/java-11-openjdk-amd64/lib/libinstrument.so
7f8f31c63000-7f8f31c6a000 r-xp 00002000 08:03 1058806                    /usr/lib/jvm/java-11-openjdk-amd64/lib/libinstrument.so
7f8f31c6a000-7f8f31c6d000 r--p 00009000 08:03 1058806                    /usr/lib/jvm/java-11-openjdk-amd64/lib/libinstrument.so
7f8f31c6d000-7f8f31c6e000 r--p 0000b000 08:03 1058806                    /usr/lib/jvm/java-11-openjdk-amd64/lib/libinstrument.so
7f8f31c6e000-7f8f31c6f000 rw-p 0000c000 08:03 1058806                    /usr/lib/jvm/java-11-openjdk-amd64/lib/libinstrument.so
7f8f31c6f000-7f8f31c7d000 r--p 00000000 08:03 1058811                    /usr/lib/jvm/java-11-openjdk-amd64/lib/libjava.so
7f8f31c7d000-7f8f31c93000 r-xp 0000e000 08:03 1058811                    /usr/lib/jvm/java-11-openjdk-amd64/lib/libjava.so
7f8f31c93000-7f8f31c9a000 r--p 00024000 08:03 1058811                    /usr/lib/jvm/java-11-openjdk-amd64/lib/libjava.so
7f8f31c9a000-7f8f31c9b000 r--p 0002a000 08:03 1058811                    /usr/lib/jvm/java-11-openjdk-amd64/lib/libjava.so
7f8f31c9b000-7f8f31c9c000 rw-p 0002b000 08:03 1058811                    /usr/lib/jvm/java-11-openjdk-amd64/lib/libjava.so
7f8f31c9c000-7f8f31c9d000 rw-p 00000000 00:00 0 
7f8f31c9d000-7f8f31ca2000 r--p 00000000 08:03 1058830                    /usr/lib/jvm/java-11-openjdk-amd64/lib/libverify.so
7f8f31ca2000-7f8f31ca9000 r-xp 00005000 08:03 1058830                    /usr/lib/jvm/java-11-openjdk-amd64/lib/libverify.so
7f8f31ca9000-7f8f31cab000 r--p 0000c000 08:03 1058830                    /usr/lib/jvm/java-11-openjdk-amd64/lib/libverify.so
7f8f31cab000-7f8f31cad000 r--p 0000d000 08:03 1058830                    /usr/lib/jvm/java-11-openjdk-amd64/lib/libverify.so
7f8f31cad000-7f8f31cae000 rw-p 0000f000 08:03 1058830                    /usr/lib/jvm/java-11-openjdk-amd64/lib/libverify.so
7f8f31cae000-7f8f31caf000 r--p 00000000 08:03 552110                     /usr/lib/x86_64-linux-gnu/librt.so.1
7f8f31caf000-7f8f31cb0000 r-xp 00001000 08:03 552110                     /usr/lib/x86_64-linux-gnu/librt.so.1
7f8f31cb0000-7f8f31cb1000 r--p 00002000 08:03 552110                     /usr/lib/x86_64-linux-gnu/librt.so.1
7f8f31cb1000-7f8f31cb2000 r--p 00002000 08:03 552110                     /usr/lib/x86_64-linux-gnu/librt.so.1
7f8f31cb2000-7f8f31cb3000 rw-p 00003000 08:03 552110                     /usr/lib/x86_64-linux-gnu/librt.so.1
7f8f31cb3000-7f8f31cb6000 r--p 00000000 08:03 551433                     /usr/lib/x86_64-linux-gnu/libgcc_s.so.1
7f8f31cb6000-7f8f31ccd000 r-xp 00003000 08:03 551433                     /usr/lib/x86_64-linux-gnu/libgcc_s.so.1
7f8f31ccd000-7f8f31cd1000 r--p 0001a000 08:03 551433                     /usr/lib/x86_64-linux-gnu/libgcc_s.so.1
7f8f31cd1000-7f8f31cd2000 r--p 0001d000 08:03 551433                     /usr/lib/x86_64-linux-gnu/libgcc_s.so.1
7f8f31cd2000-7f8f31cd3000 rw-p 0001e000 08:03 551433                     /usr/lib/x86_64-linux-gnu/libgcc_s.so.1
7f8f31cd3000-7f8f31ce1000 r--p 00000000 08:03 551785                     /usr/lib/x86_64-linux-gnu/libm.so.6
7f8f31ce1000-7f8f31d5d000 r-xp 0000e000 08:03 551785                     /usr/lib/x86_64-linux-gnu/libm.so.6
7f8f31d5d000-7f8f31db8000 r--p 0008a000 08:03 551785                     /usr/lib/x86_64-linux-gnu/libm.so.6
7f8f31db8000-7f8f31db9000 r--p 000e4000 08:03 551785                     /usr/lib/x86_64-linux-gnu/libm.so.6
7f8f31db9000-7f8f31dba000 rw-p 000e5000 08:03 551785                     /usr/lib/x86_64-linux-gnu/libm.so.6
7f8f31dba000-7f8f31dbc000 rw-p 00000000 00:00 0 
7f8f31dbc000-7f8f31dbe000 r--p 00000000 08:03 552488                     /usr/lib/x86_64-linux-gnu/libz.so.1.2.11
7f8f31dbe000-7f8f31dcf000 r-xp 00002000 08:03 552488                     /usr/lib/x86_64-linux-gnu/libz.so.1.2.11
7f8f31dcf000-7f8f31dd5000 r--p 00013000 08:03 552488                     /usr/lib/x86_64-linux-gnu/libz.so.1.2.11
7f8f31dd5000-7f8f31dd6000 ---p 00019000 08:03 552488                     /usr/lib/x86_64-linux-gnu/libz.so.1.2.11
7f8f31dd6000-7f8f31dd7000 r--p 00019000 08:03 552488                     /usr/lib/x86_64-linux-gnu/libz.so.1.2.11
7f8f31dd7000-7f8f31dd8000 rw-p 0001a000 08:03 552488                     /usr/lib/x86_64-linux-gnu/libz.so.1.2.11
7f8f31ddc000-7f8f31ddd000 ---p 00000000 00:00 0 
7f8f31ddd000-7f8f31dde000 r--p 00000000 00:00 0 
7f8f31dde000-7f8f31de0000 r--p 00000000 08:03 1058814                    /usr/lib/jvm/java-11-openjdk-amd64/lib/libjimage.so
7f8f31de0000-7f8f31de3000 r-xp 00002000 08:03 1058814                    /usr/lib/jvm/java-11-openjdk-amd64/lib/libjimage.so
7f8f31de3000-7f8f31de4000 r--p 00005000 08:03 1058814                    /usr/lib/jvm/java-11-openjdk-amd64/lib/libjimage.so
7f8f31de4000-7f8f31de5000 ---p 00006000 08:03 1058814                    /usr/lib/jvm/java-11-openjdk-amd64/lib/libjimage.so
7f8f31de5000-7f8f31de6000 r--p 00006000 08:03 1058814                    /usr/lib/jvm/java-11-openjdk-amd64/lib/libjimage.so
7f8f31de6000-7f8f31de7000 rw-p 00007000 08:03 1058814                    /usr/lib/jvm/java-11-openjdk-amd64/lib/libjimage.so
7f8f31de7000-7f8f31dea000 r--p 00000000 08:03 1058796                    /usr/lib/jvm/java-11-openjdk-amd64/lib/jli/libjli.so
7f8f31dea000-7f8f31df4000 r-xp 00003000 08:03 1058796                    /usr/lib/jvm/java-11-openjdk-amd64/lib/jli/libjli.so
7f8f31df4000-7f8f31df7000 r--p 0000d000 08:03 1058796                    /usr/lib/jvm/java-11-openjdk-amd64/lib/jli/libjli.so
7f8f31df7000-7f8f31df8000 ---p 00010000 08:03 1058796                    /usr/lib/jvm/java-11-openjdk-amd64/lib/jli/libjli.so
7f8f31df8000-7f8f31df9000 r--p 00010000 08:03 1058796                    /usr/lib/jvm/java-11-openjdk-amd64/lib/jli/libjli.so
7f8f31df9000-7f8f31dfa000 rw-p 00011000 08:03 1058796                    /usr/lib/jvm/java-11-openjdk-amd64/lib/jli/libjli.so
7f8f31dfa000-7f8f31dfc000 rw-p 00000000 00:00 0 
7f8f31dfc000-7f8f31dfe000 r--p 00000000 08:03 550792                     /usr/lib/x86_64-linux-gnu/ld-linux-x86-64.so.2
7f8f31dfe000-7f8f31e28000 r-xp 00002000 08:03 550792                     /usr/lib/x86_64-linux-gnu/ld-linux-x86-64.so.2
7f8f31e28000-7f8f31e33000 r--p 0002c000 08:03 550792                     /usr/lib/x86_64-linux-gnu/ld-linux-x86-64.so.2
7f8f31e34000-7f8f31e36000 r--p 00037000 08:03 550792                     /usr/lib/x86_64-linux-gnu/ld-linux-x86-64.so.2
7f8f31e36000-7f8f31e38000 rw-p 00039000 08:03 550792                     /usr/lib/x86_64-linux-gnu/ld-linux-x86-64.so.2
7ffc02067000-7ffc02088000 rw-p 00000000 00:00 0                          [stack]
7ffc02199000-7ffc0219d000 r--p 00000000 00:00 0                          [vvar]
7ffc0219d000-7ffc0219f000 r-xp 00000000 00:00 0                          [vdso]
ffffffffff600000-ffffffffff601000 --xp 00000000 00:00 0                  [vsyscall]


VM Arguments:
jvm_args: -javaagent:/snap/intellij-idea-ultimate/437/lib/idea_rt.jar=33263:/snap/intellij-idea-ultimate/437/bin -Dfile.encoding=UTF-8 
java_command: Main /home/doudou/lab/Lab/tests/test1.sysy /home/doudou/lab/Lab/tests/out.txt
java_class_path (initial): /home/doudou/lab/Lab/out/production/Lab:/usr/local/lib/antlr-4.9.1-complete.jar:/usr/local/lib/javacpp-1.5.7-linux-x86_64.jar:/usr/local/lib/javacpp-1.5.7.jar:/usr/local/lib/llvm-13.0.1-1.5.7-linux-x86_64.jar:/usr/local/lib/llvm-13.0.1-1.5.7.jar:/usr/local/lib/llvm-platform-13.0.1-1.5.7.jar
Launcher Type: SUN_STANDARD

[Global flags]
     intx CICompilerCount                          = 2                                         {product} {ergonomic}
     uint ConcGCThreads                            = 1                                         {product} {ergonomic}
     uint G1ConcRefinementThreads                  = 2                                         {product} {ergonomic}
   size_t G1HeapRegionSize                         = 1048576                                   {product} {ergonomic}
    uintx GCDrainStackTargetSize                   = 64                                        {product} {ergonomic}
   size_t InitialHeapSize                          = 65011712                                  {product} {ergonomic}
   size_t MarkStackSize                            = 4194304                                   {product} {ergonomic}
   size_t MaxHeapSize                              = 1025507328                                {product} {ergonomic}
   size_t MaxNewSize                               = 614465536                                 {product} {ergonomic}
   size_t MinHeapDeltaBytes                        = 1048576                                   {product} {ergonomic}
    uintx NonNMethodCodeHeapSize                   = 5825164                                {pd product} {ergonomic}
    uintx NonProfiledCodeHeapSize                  = 122916538                              {pd product} {ergonomic}
    uintx ProfiledCodeHeapSize                     = 122916538                              {pd product} {ergonomic}
    uintx ReservedCodeCacheSize                    = 251658240                              {pd product} {ergonomic}
     bool SegmentedCodeCache                       = true                                      {product} {ergonomic}
     bool UseCompressedClassPointers               = true                                 {lp64_product} {ergonomic}
     bool UseCompressedOops                        = true                                 {lp64_product} {ergonomic}
     bool UseG1GC                                  = true                                      {product} {ergonomic}

Logging:
Log output configuration:
 #0: stdout all=warning uptime,level,tags
 #1: stderr all=off uptime,level,tags

Environment Variables:
PATH=/usr/local/sbin:/usr/local/bin:/usr/sbin:/usr/bin:/sbin:/bin:/usr/games:/usr/local/games:/snap/bin:/snap/bin
USERNAME=doudou
SHELL=/bin/bash
DISPLAY=:0
LANG=en_US.UTF-8
LC_NUMERIC=zh_CN.UTF-8
LC_TIME=zh_CN.UTF-8

Signal Handlers:
SIGSEGV: [libjvm.so+0xeabd80], sa_mask[0]=11111111011111111101111111111110, sa_flags=SA_RESTART|SA_SIGINFO
SIGBUS: [libjvm.so+0xeabd80], sa_mask[0]=11111111011111111101111111111110, sa_flags=SA_RESTART|SA_SIGINFO
SIGFPE: [libjvm.so+0xeabd80], sa_mask[0]=11111111011111111101111111111110, sa_flags=SA_RESTART|SA_SIGINFO
SIGPIPE: [libjvm.so+0xbee610], sa_mask[0]=11111111011111111101111111111110, sa_flags=SA_RESTART|SA_SIGINFO
SIGXFSZ: [libjvm.so+0xbee610], sa_mask[0]=11111111011111111101111111111110, sa_flags=SA_RESTART|SA_SIGINFO
SIGILL: [libjvm.so+0xeabd80], sa_mask[0]=11111111011111111101111111111110, sa_flags=SA_RESTART|SA_SIGINFO
SIGUSR2: [libjvm.so+0xbee4b0], sa_mask[0]=00100000000000000000000000000000, sa_flags=SA_RESTART|SA_SIGINFO
SIGHUP: [libjvm.so+0xbeec50], sa_mask[0]=11111111011111111101111111111110, sa_flags=SA_RESTART|SA_SIGINFO
SIGINT: [libjvm.so+0xbeec50], sa_mask[0]=11111111011111111101111111111110, sa_flags=SA_RESTART|SA_SIGINFO
SIGTERM: [libjvm.so+0xbeec50], sa_mask[0]=11111111011111111101111111111110, sa_flags=SA_RESTART|SA_SIGINFO
SIGQUIT: [libjvm.so+0xbeec50], sa_mask[0]=11111111011111111101111111111110, sa_flags=SA_RESTART|SA_SIGINFO


---------------  S Y S T E M  ---------------

OS:DISTRIB_ID=Ubuntu
DISTRIB_RELEASE=22.04
DISTRIB_CODENAME=jammy
DISTRIB_DESCRIPTION="Ubuntu 22.04.2 LTS"
uname:Linux 5.19.0-45-generic #46~22.04.1-Ubuntu SMP PREEMPT_DYNAMIC Wed Jun 7 15:06:04 UTC 20 x86_64
OS uptime: 0 days 12:58 hours
libc:glibc 2.35 NPTL 2.35 
rlimit (soft/hard): STACK 8192k/infinity , CORE 0k/infinity , NPROC 15333/15333 , NOFILE 1048576/1048576 , AS infinity/infinity , CPU infinity/infinity , DATA infinity/infinity , FSIZE infinity/infinity , MEMLOCK 500652k/500652k
load average:3.02 1.88 1.56

/proc/meminfo:
MemTotal:        4005236 kB
MemFree:          262960 kB
MemAvailable:     372960 kB
Buffers:            6956 kB
Cached:           284476 kB
SwapCached:        73476 kB
Active:          2004332 kB
Inactive:         546600 kB
Active(anon):    1811756 kB
Inactive(anon):   457952 kB
Active(file):     192576 kB
Inactive(file):    88648 kB
Unevictable:           0 kB
Mlocked:               0 kB
SwapTotal:       3512316 kB
SwapFree:        1965184 kB
Zswap:                 0 kB
Zswapped:              0 kB
Dirty:              6360 kB
Writeback:             0 kB
AnonPages:       2237272 kB
Mapped:           136952 kB
Shmem:             11300 kB
KReclaimable:      70848 kB
Slab:             227104 kB
SReclaimable:      70848 kB
SUnreclaim:       156256 kB
KernelStack:       10764 kB
PageTables:        26288 kB
NFS_Unstable:          0 kB
Bounce:                0 kB
WritebackTmp:          0 kB
CommitLimit:     5514932 kB
Committed_AS:    6093940 kB
VmallocTotal:   34359738367 kB
VmallocUsed:       46088 kB
VmallocChunk:          0 kB
Percpu:             2216 kB
HardwareCorrupted:     0 kB
AnonHugePages:         0 kB
ShmemHugePages:        0 kB
ShmemPmdMapped:        0 kB
FileHugePages:         0 kB
FilePmdMapped:         0 kB
HugePages_Total:       0
HugePages_Free:        0
HugePages_Rsvd:        0
HugePages_Surp:        0
Hugepagesize:       2048 kB
Hugetlb:               0 kB
DirectMap4k:      202560 kB
DirectMap2M:     3991552 kB
DirectMap1G:     2097152 kB

/sys/kernel/mm/transparent_hugepage/enabled:
always [madvise] never
/sys/kernel/mm/transparent_hugepage/defrag (defrag/compaction efforts parameter):
always defer defer+madvise [madvise] never

Process Memory:
Virtual Size: 3684896K (peak: 12384612K)
Resident Set Size: 92868K (peak: 92868K) (anon: 36388K, file: 56480K, shmem: 0K)
Swapped out: 0K
C-Heap outstanding allocations: 14918K, retained: 2097K
glibc malloc tunables: (default)

/proc/sys/kernel/threads-max (system-wide limit on the number of threads):
30667
/proc/sys/vm/max_map_count (maximum number of memory map areas a process may have):
65530
/proc/sys/kernel/pid_max (system-wide limit on number of process identifiers):
4194304

container (cgroup) information:
container_type: cgroupv2
cpu_cpuset_cpus: not supported
cpu_memory_nodes: not supported
active_processor_count: 2
cpu_quota: not supported
cpu_period: not supported
cpu_shares: not supported
memory_limit_in_bytes: unlimited
memory_and_swap_limit_in_bytes: unlimited
memory_soft_limit_in_bytes: unlimited
memory_usage_in_bytes: 2136608 k
memory_max_usage_in_bytes: not supported
memory_swap_current_in_bytes: 817160 k
memory_swap_max_limit_in_bytes: unlimited
maximum number of tasks: 4600
current number of tasks: 139

VMWare virtualization detected
Steal ticks since vm start: 0
Steal ticks percentage since vm start:  0.000

CPU:total 2 (initial active 2) (1 cores per cpu, 1 threads per core) family 6 model 140 stepping 1 microcode 0xffffffff, cmov, cx8, fxsr, mmx, sse, sse2, sse3, ssse3, sse4.1, sse4.2, popcnt, avx, avx2, aes, clmul, erms, 3dnowpref, lzcnt, tsc, tscinvbit, bmi1, bmi2, adx, evex, sha, fma
CPU Model and flags from /proc/cpuinfo:
model name	: 11th Gen Intel(R) Core(TM) i7-1165G7 @ 2.80GHz
flags		: fpu vme de pse tsc msr pae mce cx8 apic sep mtrr pge mca cmov pat pse36 clflush mmx fxsr sse sse2 ss syscall nx pdpe1gb rdtscp lm constant_tsc arch_perfmon rep_good nopl xtopology tsc_reliable nonstop_tsc cpuid tsc_known_freq pni pclmulqdq ssse3 fma cx16 pcid sse4_1 sse4_2 x2apic movbe popcnt tsc_deadline_timer aes xsave avx f16c rdrand hypervisor lahf_lm abm 3dnowprefetch invpcid_single pti ssbd ibrs ibpb stibp fsgsbase tsc_adjust bmi1 avx2 smep bmi2 erms invpcid avx512f avx512dq rdseed adx smap avx512ifma clflushopt clwb avx512cd sha_ni avx512bw avx512vl xsaveopt xsavec xgetbv1 xsaves arat avx512vbmi umip avx512_vbmi2 gfni vaes vpclmulqdq avx512_vnni avx512_bitalg avx512_vpopcntdq rdpid fsrm avx512_vp2intersect flush_l1d arch_capabilities
Online cpus:
0-1
Offline cpus:

BIOS frequency limitation:
<Not Available>
Frequency switch latency (ns):
<Not Available>
Available cpu frequencies:
<Not Available>
Current governor:
<Not Available>
Core performance/turbo boost:
<Not Available>

Memory: 4k page, physical 4005236k(262960k free), swap 3512316k(1965184k free)

vm_info: OpenJDK 64-Bit Server VM (11.0.19+7-post-Ubuntu-0ubuntu122.04.1) for linux-amd64 JRE (11.0.19+7-post-Ubuntu-0ubuntu122.04.1), built on May 10 2023 00:54:00 by "unknown" with gcc 11.3.0

END.
