#
# A fatal error has been detected by the Java Runtime Environment:
#
#  SIGSEGV (0xb) at pc=0x00007f5529fede80, pid=28679, tid=28680
#
# JRE version: OpenJDK Runtime Environment (11.0.19+7) (build 11.0.19+7-post-Ubuntu-0ubuntu122.04.1)
# Java VM: OpenJDK 64-Bit Server VM (11.0.19+7-post-Ubuntu-0ubuntu122.04.1, mixed mode, sharing, tiered, compressed oops, g1 gc, linux-amd64)
# Problematic frame:
# C  [libLLVM-13.so+0xbede80]  llvm::BasicBlock::getModule() const+0x0
#
# Core dump will be written. Default location: Core dumps may be processed with "/usr/share/apport/apport -p%p -s%s -c%c -d%d -P%P -u%u -g%g -- %E" (or dumping to /home/doudou/lab/Lab/core.28679)
#
# If you would like to submit a bug report, please visit:
#   https://bugs.launchpad.net/ubuntu/+source/openjdk-lts
# The crash happened outside the Java Virtual Machine in native code.
# See problematic frame for where to report the bug.
#

---------------  S U M M A R Y ------------

Command Line: -javaagent:/snap/intellij-idea-ultimate/437/lib/idea_rt.jar=45837:/snap/intellij-idea-ultimate/437/bin -Dfile.encoding=UTF-8 Main /home/doudou/lab/Lab/tests/test1.sysy /home/doudou/lab/Lab/tests/out.txt

Host: 11th Gen Intel(R) Core(TM) i7-1165G7 @ 2.80GHz, 2 cores, 3G, Ubuntu 22.04.2 LTS
Time: Wed Jun 28 14:31:57 2023 CST elapsed time: 1.516046 seconds (0d 0h 0m 1s)

---------------  T H R E A D  ---------------

Current thread (0x00007f5584016800):  JavaThread "main" [_thread_in_native, id=28680, stack(0x00007f558c900000,0x00007f558ca00000)]

Stack: [0x00007f558c900000,0x00007f558ca00000],  sp=0x00007f558c9fe2b8,  free space=1016k
Native frames: (J=compiled Java code, A=aot compiled Java code, j=interpreted, Vv=VM code, C=native code)
C  [libLLVM-13.so+0xbede80]  llvm::BasicBlock::getModule() const+0x0

Java frames: (J=compiled Java code, j=interpreted, Vv=VM code)
j  org.bytedeco.llvm.global.LLVM.LLVMBuildLoad(Lorg/bytedeco/llvm/LLVM/LLVMBuilderRef;Lorg/bytedeco/llvm/LLVM/LLVMValueRef;Ljava/lang/String;)Lorg/bytedeco/llvm/LLVM/LLVMValueRef;+0
j  SysYLlvmVisitor.visitExp(LSysYParser$ExpContext;)Lorg/bytedeco/llvm/LLVM/LLVMValueRef;+70
j  SysYLlvmVisitor.visitInitVal(LSysYParser$InitValContext;)Lorg/bytedeco/llvm/LLVM/LLVMValueRef;+19
j  SysYLlvmVisitor.visitCompUnit(LSysYParser$CompUnitContext;)Lorg/bytedeco/llvm/LLVM/LLVMValueRef;+129
j  SysYLlvmVisitor.visitCompUnit(LSysYParser$CompUnitContext;)Ljava/lang/Object;+2
j  SysYParser$CompUnitContext.accept(Lorg/antlr/v4/runtime/tree/ParseTreeVisitor;)Ljava/lang/Object;+12
j  org.antlr.v4.runtime.tree.AbstractParseTreeVisitor.visitChildren(Lorg/antlr/v4/runtime/tree/RuleNode;)Ljava/lang/Object;+46
j  SysYParserBaseVisitor.visitProgram(LSysYParser$ProgramContext;)Ljava/lang/Object;+2
j  SysYParser$ProgramContext.accept(Lorg/antlr/v4/runtime/tree/ParseTreeVisitor;)Ljava/lang/Object;+12
j  org.antlr.v4.runtime.tree.AbstractParseTreeVisitor.visit(Lorg/antlr/v4/runtime/tree/ParseTree;)Ljava/lang/Object;+2
j  Main.main([Ljava/lang/String;)V+210
v  ~StubRoutines::call_stub

siginfo: si_signo: 11 (SIGSEGV), si_code: 1 (SEGV_MAPERR), si_addr: 0x0000000000000038

Register to memory mapping:

RAX=0x00007f5584383520 points into unknown readable memory: 0x00007f558436b180 | 80 b1 36 84 55 7f 00 00
RBX=0x00007f558435ad50 points into unknown readable memory: 0x00007f5584383520 | 20 35 38 84 55 7f 00 00
RCX=0x7272615f74726f73 is an unknown value
RDX=0x00007f5584385c60 points into unknown readable memory: 0x7272615f74726f73 | 73 6f 72 74 5f 61 72 72
RSP=0x00007f558c9fe2b8 is pointing into the stack for thread: 0x00007f5584016800
RBP=0x00007f558435aab0 points into unknown readable memory: 0x00007f558435aac0 | c0 aa 35 84 55 7f 00 00
RSI=0x0000000000000101 is an unknown value
RDI=0x0 is NULL
R8 =0x00000000c686ce20 points into unknown readable memory: 0x7272615f74726f73 | 73 6f 72 74 5f 61 72 72
R9 =0x0000000000000002 is an unknown value
R10=0x00007f5529451700: <offset 0x0000000000051700> in /home/doudou/.javacpp/cache/llvm-13.0.1-1.5.7-linux-x86_64.jar/org/bytedeco/llvm/linux-x86_64/libLLVM-13.so at 0x00007f5529400000
R11=0x00007f552a02c870: LLVMBuildLoad+0x0000000000000000 in /home/doudou/.javacpp/cache/llvm-13.0.1-1.5.7-linux-x86_64.jar/org/bytedeco/llvm/linux-x86_64/libLLVM-13.so at 0x00007f5529400000
R12=0x00007f558c9fe410 is pointing into the stack for thread: 0x00007f5584016800
R13=0x00007f558435ad50 points into unknown readable memory: 0x00007f5584383520 | 20 35 38 84 55 7f 00 00
R14=0x00007f55843816d8 points into unknown readable memory: 0x00007f558436b180 | 80 b1 36 84 55 7f 00 00
R15=0x00007f5584016800 is a thread


Registers:
RAX=0x00007f5584383520, RBX=0x00007f558435ad50, RCX=0x7272615f74726f73, RDX=0x00007f5584385c60
RSP=0x00007f558c9fe2b8, RBP=0x00007f558435aab0, RSI=0x0000000000000101, RDI=0x0000000000000000
R8 =0x00000000c686ce20, R9 =0x0000000000000002, R10=0x00007f5529451700, R11=0x00007f552a02c870
R12=0x00007f558c9fe410, R13=0x00007f558435ad50, R14=0x00007f55843816d8, R15=0x00007f5584016800
RIP=0x00007f5529fede80, EFLAGS=0x0000000000010202, CSGSFS=0x002b000000000033, ERR=0x0000000000000004
  TRAPNO=0x000000000000000e

Top of Stack: (sp=0x00007f558c9fe2b8)
0x00007f558c9fe2b8:   00007f552a02c8aa 00007f5584385c60
0x00007f558c9fe2c8:   0000000000000000 0000000000000000
0x00007f558c9fe2d8:   0000000000000000 0000000000000103
0x00007f558c9fe2e8:   0000000000000000 0000000000000000 

Instructions: (pc=0x00007f5529fede80)
0x00007f5529fedd80:   ff 66 0f ef c0 48 89 02 48 89 50 08 41 0f 11 45
0x00007f5529fedd90:   00 e8 5a 4b 17 00 4c 39 f3 75 c5 4d 8b 6c 24 30
0x00007f5529fedda0:   4c 39 ed 74 3b 0f 1f 00 4c 89 eb 48 89 ef 4d 8b
0x00007f5529feddb0:   6d 08 4c 8d 73 e8 4c 89 f6 e8 42 fd ff ff 48 8b
0x00007f5529feddc0:   03 48 8b 53 08 66 0f ef c9 4c 89 f7 48 89 02 48
0x00007f5529feddd0:   89 50 08 0f 11 0b e8 15 4b 17 00 4c 39 ed 75 c8
0x00007f5529fedde0:   48 83 c4 08 4c 89 e7 5b 5d 41 5c 41 5d 41 5e 41
0x00007f5529feddf0:   5f e9 fa 48 17 00 66 2e 0f 1f 84 00 00 00 00 00
0x00007f5529fede00:   48 8d 4b e8 48 89 c8 48 29 d0 e9 11 ff ff ff 90
0x00007f5529fede10:   48 8b 07 48 8b 38 e8 45 13 16 00 31 d2 be 01 00
0x00007f5529fede20:   00 00 48 89 c7 e8 b6 2a 02 00 48 89 c3 49 8b 44
0x00007f5529fede30:   24 08 48 85 c0 0f 84 a2 fe ff ff 0f 1f 44 00 00
0x00007f5529fede40:   48 8b 68 18 31 d2 48 89 df 48 8b 75 00 e8 ae bc
0x00007f5529fede50:   02 00 48 89 ef 48 89 c6 e8 63 65 17 00 48 89 ef
0x00007f5529fede60:   e8 4b 81 02 00 49 8b 44 24 08 48 85 c0 75 d1 e9
0x00007f5529fede70:   69 fe ff ff 66 2e 0f 1f 84 00 00 00 00 00 66 90
0x00007f5529fede80:   48 8b 47 38 48 8b 40 28 c3 0f 1f 80 00 00 00 00
0x00007f5529fede90:   48 8b 47 28 48 83 c7 28 48 39 f8 74 2b 48 85 c0
0x00007f5529fedea0:   0f 84 9e 9d d3 ff 4c 8d 40 e8 0f b6 40 f8 83 e8
0x00007f5529fedeb0:   1b 83 f8 0b b8 00 00 00 00 4c 0f 43 c0 4c 89 c0
0x00007f5529fedec0:   c3 0f 1f 80 00 00 00 00 45 31 c0 eb f0 0f 1f 00
0x00007f5529feded0:   48 8b 47 28 48 8d 57 28 48 39 d0 0f 84 af 00 00
0x00007f5529fedee0:   00 48 85 c0 0f 84 64 9d d3 ff 45 31 c0 80 78 f8
0x00007f5529fedef0:   1b 75 23 48 8b 57 30 48 8d 48 e8 48 85 d2 74 09
0x00007f5529fedf00:   48 83 ea 18 48 39 d1 74 0d 48 8b 50 10 45 31 c0
0x00007f5529fedf10:   48 39 42 30 75 0a 4c 89 c0 c3 66 0f 1f 44 00 00
0x00007f5529fedf20:   4c 8b 00 4d 85 c0 74 ee 8b 50 fc 49 8d 48 e8 81
0x00007f5529fedf30:   e2 ff ff ff 07 74 3e 89 d2 48 f7 da 48 c1 e2 05
0x00007f5529fedf40:   48 8b 44 10 e8 48 85 c0 74 2b 48 39 c1 75 41 41
0x00007f5529fedf50:   80 78 f8 4b 75 1f 49 8b 40 10 4c 39 40 30 74 30
0x00007f5529fedf60:   49 8b 48 c8 4d 8b 00 4d 85 c0 74 aa 49 83 e8 18
0x00007f5529fedf70:   4c 39 c1 75 1b 45 31 c0 80 79 10 52 75 98 0f b7 


Stack slot to memory mapping:
stack at sp + 0 slots: 0x00007f552a02c8aa: LLVMBuildLoad+0x000000000000003a in /home/doudou/.javacpp/cache/llvm-13.0.1-1.5.7-linux-x86_64.jar/org/bytedeco/llvm/linux-x86_64/libLLVM-13.so at 0x00007f5529400000
stack at sp + 1 slots: 0x00007f5584385c60 points into unknown readable memory: 0x7272615f74726f73 | 73 6f 72 74 5f 61 72 72
stack at sp + 2 slots: 0x0 is NULL
stack at sp + 3 slots: 0x0 is NULL
stack at sp + 4 slots: 0x0 is NULL
stack at sp + 5 slots: 0x0000000000000103 is an unknown value
stack at sp + 6 slots: 0x0 is NULL
stack at sp + 7 slots: 0x0 is NULL


---------------  P R O C E S S  ---------------

Threads class SMR info:
_java_thread_list=0x00007f5584212740, length=11, elements={
0x00007f5584016800, 0x00007f5584120000, 0x00007f5584122000, 0x00007f5584128800,
0x00007f558412a800, 0x00007f558412c800, 0x00007f558412f000, 0x00007f5584131000,
0x00007f5584146800, 0x00007f55841f5800, 0x00007f5584210000
}

Java Threads: ( => current thread )
=>0x00007f5584016800 JavaThread "main" [_thread_in_native, id=28680, stack(0x00007f558c900000,0x00007f558ca00000)]
  0x00007f5584120000 JavaThread "Reference Handler" daemon [_thread_blocked, id=28687, stack(0x00007f5588139000,0x00007f5588239000)]
  0x00007f5584122000 JavaThread "Finalizer" daemon [_thread_blocked, id=28688, stack(0x00007f5588039000,0x00007f5588139000)]
  0x00007f5584128800 JavaThread "Signal Dispatcher" daemon [_thread_blocked, id=28689, stack(0x00007f5583f00000,0x00007f5584000000)]
  0x00007f558412a800 JavaThread "Service Thread" daemon [_thread_blocked, id=28690, stack(0x00007f556c500000,0x00007f556c600000)]
  0x00007f558412c800 JavaThread "C2 CompilerThread0" daemon [_thread_blocked, id=28691, stack(0x00007f556c400000,0x00007f556c500000)]
  0x00007f558412f000 JavaThread "C1 CompilerThread0" daemon [_thread_blocked, id=28692, stack(0x00007f556c300000,0x00007f556c400000)]
  0x00007f5584131000 JavaThread "Sweeper thread" daemon [_thread_blocked, id=28693, stack(0x00007f556c200000,0x00007f556c300000)]
  0x00007f5584146800 JavaThread "Common-Cleaner" daemon [_thread_blocked, id=28694, stack(0x00007f556c100000,0x00007f556c200000)]
  0x00007f55841f5800 JavaThread "Monitor Ctrl-Break" daemon [_thread_in_native, id=28696, stack(0x00007f556c000000,0x00007f556c100000)]
  0x00007f5584210000 JavaThread "JavaCPP Deallocator" daemon [_thread_blocked, id=28698, stack(0x00007f555c7fe000,0x00007f555c8fe000)]

Other Threads:
  0x00007f558411d000 VMThread "VM Thread" [stack: 0x00007f558823b000,0x00007f558833b000] [id=28686]
  0x00007f55841f7000 WatcherThread [stack: 0x00007f555c900000,0x00007f555ca00000] [id=28697]
  0x00007f558402f800 GCTaskThread "GC Thread#0" [stack: 0x00007f558b015000,0x00007f558b115000] [id=28681]
  0x00007f5554001000 GCTaskThread "GC Thread#1" [stack: 0x00007f555c6fe000,0x00007f555c7fe000] [id=28699]
  0x00007f558404a800 ConcurrentGCThread "G1 Main Marker" [stack: 0x00007f55888c6000,0x00007f55889c6000] [id=28682]
  0x00007f558404c800 ConcurrentGCThread "G1 Conc#0" [stack: 0x00007f55887c4000,0x00007f55888c4000] [id=28683]
  0x00007f5584087800 ConcurrentGCThread "G1 Refine#0" [stack: 0x00007f55884c0000,0x00007f55885c0000] [id=28684]
  0x00007f5584089800 ConcurrentGCThread "G1 Young RemSet Sampling" [stack: 0x00007f55883be000,0x00007f55884be000] [id=28685]

Threads with active compile tasks:

VM state:not at safepoint (normal execution)

VM Mutex/Monitor currently owned by a thread: None

Heap address: 0x00000000c2e00000, size: 978 MB, Compressed Oops mode: 32-bit
Narrow klass base: 0x0000000800000000, Narrow klass shift: 3
Compressed class space size: 1073741824 Address: 0x0000000840000000

Heap:
 garbage-first heap   total 65536K, used 5744K [0x00000000c2e00000, 0x0000000100000000)
  region size 1024K, 5 young (5120K), 1 survivors (1024K)
 Metaspace       used 3852K, capacity 6580K, committed 6912K, reserved 1056768K
  class space    used 423K, capacity 682K, committed 768K, reserved 1048576K
Heap Regions: E=young(eden), S=young(survivor), O=old, HS=humongous(starts), HC=humongous(continues), CS=collection set, F=free, A=archive, TAMS=top-at-mark-start (previous, next)
|   0|0x00000000c2e00000, 0x00000000c2eea000, 0x00000000c2f00000| 91%| O|  |TAMS 0x00000000c2e00000, 0x00000000c2e00000| Untracked 
|   1|0x00000000c2f00000, 0x00000000c2f00000, 0x00000000c3000000|  0%| F|  |TAMS 0x00000000c2f00000, 0x00000000c2f00000| Untracked 
|   2|0x00000000c3000000, 0x00000000c3000000, 0x00000000c3100000|  0%| F|  |TAMS 0x00000000c3000000, 0x00000000c3000000| Untracked 
|   3|0x00000000c3100000, 0x00000000c3100000, 0x00000000c3200000|  0%| F|  |TAMS 0x00000000c3100000, 0x00000000c3100000| Untracked 
|   4|0x00000000c3200000, 0x00000000c3200000, 0x00000000c3300000|  0%| F|  |TAMS 0x00000000c3200000, 0x00000000c3200000| Untracked 
|   5|0x00000000c3300000, 0x00000000c3300000, 0x00000000c3400000|  0%| F|  |TAMS 0x00000000c3300000, 0x00000000c3300000| Untracked 
|   6|0x00000000c3400000, 0x00000000c3400000, 0x00000000c3500000|  0%| F|  |TAMS 0x00000000c3400000, 0x00000000c3400000| Untracked 
|   7|0x00000000c3500000, 0x00000000c3500000, 0x00000000c3600000|  0%| F|  |TAMS 0x00000000c3500000, 0x00000000c3500000| Untracked 
|   8|0x00000000c3600000, 0x00000000c3600000, 0x00000000c3700000|  0%| F|  |TAMS 0x00000000c3600000, 0x00000000c3600000| Untracked 
|   9|0x00000000c3700000, 0x00000000c3700000, 0x00000000c3800000|  0%| F|  |TAMS 0x00000000c3700000, 0x00000000c3700000| Untracked 
|  10|0x00000000c3800000, 0x00000000c3800000, 0x00000000c3900000|  0%| F|  |TAMS 0x00000000c3800000, 0x00000000c3800000| Untracked 
|  11|0x00000000c3900000, 0x00000000c3900000, 0x00000000c3a00000|  0%| F|  |TAMS 0x00000000c3900000, 0x00000000c3900000| Untracked 
|  12|0x00000000c3a00000, 0x00000000c3a00000, 0x00000000c3b00000|  0%| F|  |TAMS 0x00000000c3a00000, 0x00000000c3a00000| Untracked 
|  13|0x00000000c3b00000, 0x00000000c3b00000, 0x00000000c3c00000|  0%| F|  |TAMS 0x00000000c3b00000, 0x00000000c3b00000| Untracked 
|  14|0x00000000c3c00000, 0x00000000c3c00000, 0x00000000c3d00000|  0%| F|  |TAMS 0x00000000c3c00000, 0x00000000c3c00000| Untracked 
|  15|0x00000000c3d00000, 0x00000000c3d00000, 0x00000000c3e00000|  0%| F|  |TAMS 0x00000000c3d00000, 0x00000000c3d00000| Untracked 
|  16|0x00000000c3e00000, 0x00000000c3e00000, 0x00000000c3f00000|  0%| F|  |TAMS 0x00000000c3e00000, 0x00000000c3e00000| Untracked 
|  17|0x00000000c3f00000, 0x00000000c3f00000, 0x00000000c4000000|  0%| F|  |TAMS 0x00000000c3f00000, 0x00000000c3f00000| Untracked 
|  18|0x00000000c4000000, 0x00000000c4000000, 0x00000000c4100000|  0%| F|  |TAMS 0x00000000c4000000, 0x00000000c4000000| Untracked 
|  19|0x00000000c4100000, 0x00000000c4100000, 0x00000000c4200000|  0%| F|  |TAMS 0x00000000c4100000, 0x00000000c4100000| Untracked 
|  20|0x00000000c4200000, 0x00000000c4200000, 0x00000000c4300000|  0%| F|  |TAMS 0x00000000c4200000, 0x00000000c4200000| Untracked 
|  21|0x00000000c4300000, 0x00000000c4300000, 0x00000000c4400000|  0%| F|  |TAMS 0x00000000c4300000, 0x00000000c4300000| Untracked 
|  22|0x00000000c4400000, 0x00000000c4400000, 0x00000000c4500000|  0%| F|  |TAMS 0x00000000c4400000, 0x00000000c4400000| Untracked 
|  23|0x00000000c4500000, 0x00000000c4500000, 0x00000000c4600000|  0%| F|  |TAMS 0x00000000c4500000, 0x00000000c4500000| Untracked 
|  24|0x00000000c4600000, 0x00000000c4600000, 0x00000000c4700000|  0%| F|  |TAMS 0x00000000c4600000, 0x00000000c4600000| Untracked 
|  25|0x00000000c4700000, 0x00000000c4700000, 0x00000000c4800000|  0%| F|  |TAMS 0x00000000c4700000, 0x00000000c4700000| Untracked 
|  26|0x00000000c4800000, 0x00000000c4800000, 0x00000000c4900000|  0%| F|  |TAMS 0x00000000c4800000, 0x00000000c4800000| Untracked 
|  27|0x00000000c4900000, 0x00000000c4900000, 0x00000000c4a00000|  0%| F|  |TAMS 0x00000000c4900000, 0x00000000c4900000| Untracked 
|  28|0x00000000c4a00000, 0x00000000c4a00000, 0x00000000c4b00000|  0%| F|  |TAMS 0x00000000c4a00000, 0x00000000c4a00000| Untracked 
|  29|0x00000000c4b00000, 0x00000000c4b00000, 0x00000000c4c00000|  0%| F|  |TAMS 0x00000000c4b00000, 0x00000000c4b00000| Untracked 
|  30|0x00000000c4c00000, 0x00000000c4c00000, 0x00000000c4d00000|  0%| F|  |TAMS 0x00000000c4c00000, 0x00000000c4c00000| Untracked 
|  31|0x00000000c4d00000, 0x00000000c4d00000, 0x00000000c4e00000|  0%| F|  |TAMS 0x00000000c4d00000, 0x00000000c4d00000| Untracked 
|  32|0x00000000c4e00000, 0x00000000c4e00000, 0x00000000c4f00000|  0%| F|  |TAMS 0x00000000c4e00000, 0x00000000c4e00000| Untracked 
|  33|0x00000000c4f00000, 0x00000000c4f00000, 0x00000000c5000000|  0%| F|  |TAMS 0x00000000c4f00000, 0x00000000c4f00000| Untracked 
|  34|0x00000000c5000000, 0x00000000c5000000, 0x00000000c5100000|  0%| F|  |TAMS 0x00000000c5000000, 0x00000000c5000000| Untracked 
|  35|0x00000000c5100000, 0x00000000c5100000, 0x00000000c5200000|  0%| F|  |TAMS 0x00000000c5100000, 0x00000000c5100000| Untracked 
|  36|0x00000000c5200000, 0x00000000c5200000, 0x00000000c5300000|  0%| F|  |TAMS 0x00000000c5200000, 0x00000000c5200000| Untracked 
|  37|0x00000000c5300000, 0x00000000c5300000, 0x00000000c5400000|  0%| F|  |TAMS 0x00000000c5300000, 0x00000000c5300000| Untracked 
|  38|0x00000000c5400000, 0x00000000c5400000, 0x00000000c5500000|  0%| F|  |TAMS 0x00000000c5400000, 0x00000000c5400000| Untracked 
|  39|0x00000000c5500000, 0x00000000c5500000, 0x00000000c5600000|  0%| F|  |TAMS 0x00000000c5500000, 0x00000000c5500000| Untracked 
|  40|0x00000000c5600000, 0x00000000c5600000, 0x00000000c5700000|  0%| F|  |TAMS 0x00000000c5600000, 0x00000000c5600000| Untracked 
|  41|0x00000000c5700000, 0x00000000c5700000, 0x00000000c5800000|  0%| F|  |TAMS 0x00000000c5700000, 0x00000000c5700000| Untracked 
|  42|0x00000000c5800000, 0x00000000c5800000, 0x00000000c5900000|  0%| F|  |TAMS 0x00000000c5800000, 0x00000000c5800000| Untracked 
|  43|0x00000000c5900000, 0x00000000c5900000, 0x00000000c5a00000|  0%| F|  |TAMS 0x00000000c5900000, 0x00000000c5900000| Untracked 
|  44|0x00000000c5a00000, 0x00000000c5a00000, 0x00000000c5b00000|  0%| F|  |TAMS 0x00000000c5a00000, 0x00000000c5a00000| Untracked 
|  45|0x00000000c5b00000, 0x00000000c5b00000, 0x00000000c5c00000|  0%| F|  |TAMS 0x00000000c5b00000, 0x00000000c5b00000| Untracked 
|  46|0x00000000c5c00000, 0x00000000c5c00000, 0x00000000c5d00000|  0%| F|  |TAMS 0x00000000c5c00000, 0x00000000c5c00000| Untracked 
|  47|0x00000000c5d00000, 0x00000000c5d00000, 0x00000000c5e00000|  0%| F|  |TAMS 0x00000000c5d00000, 0x00000000c5d00000| Untracked 
|  48|0x00000000c5e00000, 0x00000000c5e00000, 0x00000000c5f00000|  0%| F|  |TAMS 0x00000000c5e00000, 0x00000000c5e00000| Untracked 
|  49|0x00000000c5f00000, 0x00000000c5f00000, 0x00000000c6000000|  0%| F|  |TAMS 0x00000000c5f00000, 0x00000000c5f00000| Untracked 
|  50|0x00000000c6000000, 0x00000000c6000000, 0x00000000c6100000|  0%| F|  |TAMS 0x00000000c6000000, 0x00000000c6000000| Untracked 
|  51|0x00000000c6100000, 0x00000000c6100000, 0x00000000c6200000|  0%| F|  |TAMS 0x00000000c6100000, 0x00000000c6100000| Untracked 
|  52|0x00000000c6200000, 0x00000000c6200000, 0x00000000c6300000|  0%| F|  |TAMS 0x00000000c6200000, 0x00000000c6200000| Untracked 
|  53|0x00000000c6300000, 0x00000000c6300000, 0x00000000c6400000|  0%| F|  |TAMS 0x00000000c6300000, 0x00000000c6300000| Untracked 
|  54|0x00000000c6400000, 0x00000000c6500000, 0x00000000c6500000|100%| S|CS|TAMS 0x00000000c6400000, 0x00000000c6400000| Complete 
|  55|0x00000000c6500000, 0x00000000c6500000, 0x00000000c6600000|  0%| F|  |TAMS 0x00000000c6500000, 0x00000000c6500000| Untracked 
|  56|0x00000000c6600000, 0x00000000c6600000, 0x00000000c6700000|  0%| F|  |TAMS 0x00000000c6600000, 0x00000000c6600000| Untracked 
|  57|0x00000000c6700000, 0x00000000c6700000, 0x00000000c6800000|  0%| F|  |TAMS 0x00000000c6700000, 0x00000000c6700000| Untracked 
|  58|0x00000000c6800000, 0x00000000c6880800, 0x00000000c6900000| 50%| E|  |TAMS 0x00000000c6800000, 0x00000000c6800000| Complete 
|  59|0x00000000c6900000, 0x00000000c6a00000, 0x00000000c6a00000|100%| E|CS|TAMS 0x00000000c6900000, 0x00000000c6900000| Complete 
|  60|0x00000000c6a00000, 0x00000000c6b00000, 0x00000000c6b00000|100%| E|CS|TAMS 0x00000000c6a00000, 0x00000000c6a00000| Complete 
|  61|0x00000000c6b00000, 0x00000000c6c00000, 0x00000000c6c00000|100%| E|CS|TAMS 0x00000000c6b00000, 0x00000000c6b00000| Complete 
| 976|0x00000000ffe00000, 0x00000000ffe47000, 0x00000000fff00000| 27%|OA|  |TAMS 0x00000000ffe00000, 0x00000000ffe00000| Untracked 
| 977|0x00000000fff00000, 0x00000000fff6b000, 0x0000000100000000| 41%|CA|  |TAMS 0x00000000fff00000, 0x00000000fff00000| Untracked 

Card table byte_map: [0x00007f558aa3f000,0x00007f558ac28000] _byte_map_base: 0x00007f558a428000

Marking Bits (Prev, Next): (CMBitMap*) 0x00007f5584045b88, (CMBitMap*) 0x00007f5584045bc0
 Prev Bits: [0x00007f558990e000, 0x00007f558a856000)
 Next Bits: [0x00007f55889c6000, 0x00007f558990e000)

Polling page: 0x00007f558cd8e000

Metaspace:

Usage:
  Non-class:      5.76 MB capacity,     3.35 MB ( 58%) used,     2.41 MB ( 42%) free+waste,     5.62 KB ( <1%) overhead. 
      Class:    682.00 KB capacity,   423.05 KB ( 62%) used,   256.01 KB ( 38%) free+waste,     2.94 KB ( <1%) overhead. 
       Both:      6.43 MB capacity,     3.76 MB ( 59%) used,     2.66 MB ( 41%) free+waste,     8.56 KB ( <1%) overhead. 

Virtual space:
  Non-class space:        8.00 MB reserved,       6.00 MB ( 75%) committed 
      Class space:        1.00 GB reserved,     768.00 KB ( <1%) committed 
             Both:        1.01 GB reserved,       6.75 MB ( <1%) committed 

Chunk freelists:
   Non-Class:  54.00 KB
       Class:  22.00 KB
        Both:  76.00 KB

MaxMetaspaceSize: unlimited
CompressedClassSpaceSize: 1.00 GB
Initial GC threshold: 20.80 MB
Current GC threshold: 20.80 MB
CDS: on

CodeHeap 'non-profiled nmethods': size=120036Kb used=195Kb max_used=195Kb free=119841Kb
 bounds [0x00007f55740c7000, 0x00007f5574337000, 0x00007f557b600000]
CodeHeap 'profiled nmethods': size=120032Kb used=1089Kb max_used=1089Kb free=118942Kb
 bounds [0x00007f556cb8f000, 0x00007f556cdff000, 0x00007f55740c7000]
CodeHeap 'non-nmethods': size=5692Kb used=1153Kb max_used=1167Kb free=4538Kb
 bounds [0x00007f556c600000, 0x00007f556c870000, 0x00007f556cb8f000]
 total_blobs=1069 nmethods=667 adapters=316
 compilation: enabled
              stopped_count=0, restarted_count=0
 full_count=0

Compilation events (20 events):
Event: 1.476 Thread 0x00007f558412f000  655       1       java.util.zip.ZipEntry::getName (5 bytes)
Event: 1.476 Thread 0x00007f558412f000 nmethod 655 0x00007f55740f6b90 code [0x00007f55740f6d40, 0x00007f55740f6e10]
Event: 1.478 Thread 0x00007f558412c800  658       4       java.lang.AbstractStringBuilder::<init> (39 bytes)
Event: 1.480 Thread 0x00007f558412c800 nmethod 658 0x00007f55740f6e90 code [0x00007f55740f7020, 0x00007f55740f7218]
Event: 1.480 Thread 0x00007f558412f000  661   !   3       jdk.internal.ref.PhantomCleanable::insert (53 bytes)
Event: 1.480 Thread 0x00007f558412f000 nmethod 661 0x00007f556cc9ab90 code [0x00007f556cc9ad60, 0x00007f556cc9b1d0]
Event: 1.481 Thread 0x00007f558412f000  662       3       jdk.internal.ref.CleanerFactory::cleaner (4 bytes)
Event: 1.481 Thread 0x00007f558412f000 nmethod 662 0x00007f556cc9b390 code [0x00007f556cc9b540, 0x00007f556cc9b630]
Event: 1.481 Thread 0x00007f558412f000  659       3       java.lang.ClassLoader::definePackage (84 bytes)
Event: 1.482 Thread 0x00007f558412f000 nmethod 659 0x00007f556cc9b690 code [0x00007f556cc9b9a0, 0x00007f556cc9cb50]
Event: 1.482 Thread 0x00007f558412f000  660       3       java.lang.Package::isSealed (26 bytes)
Event: 1.483 Thread 0x00007f558412f000 nmethod 660 0x00007f556cc9d090 code [0x00007f556cc9d260, 0x00007f556cc9d590]
Event: 1.483 Thread 0x00007f558412f000  663       3       java.io.RandomAccessFile::readFully (45 bytes)
Event: 1.483 Thread 0x00007f558412f000 nmethod 663 0x00007f556cc9d690 code [0x00007f556cc9d880, 0x00007f556cc9dbf0]
Event: 1.500 Thread 0x00007f558412f000  664       3       java.lang.StringCoding::resultCached (50 bytes)
Event: 1.500 Thread 0x00007f558412f000 nmethod 664 0x00007f556cc9dd90 code [0x00007f556cc9e000, 0x00007f556cc9edb0]
Event: 1.500 Thread 0x00007f558412f000  665       3       java.lang.StringCoding$Result::with (12 bytes)
Event: 1.500 Thread 0x00007f558412f000 nmethod 665 0x00007f556cc9f110 code [0x00007f556cc9f2c0, 0x00007f556cc9f430]
Event: 1.500 Thread 0x00007f558412c800  666       4       java.lang.String::indexOf (7 bytes)
Event: 1.503 Thread 0x00007f558412c800 nmethod 666 0x00007f55740f7310 code [0x00007f55740f74a0, 0x00007f55740f7658]

GC Heap History (2 events):
Event: 1.087 GC heap before
{Heap before GC invocations=0 (full 0):
 garbage-first heap   total 65536K, used 6856K [0x00000000c2e00000, 0x0000000100000000)
  region size 1024K, 7 young (7168K), 0 survivors (0K)
 Metaspace       used 3120K, capacity 5908K, committed 6016K, reserved 1056768K
  class space    used 338K, capacity 586K, committed 640K, reserved 1048576K
}
Event: 1.115 GC heap after
{Heap after GC invocations=1 (full 0):
 garbage-first heap   total 65536K, used 2672K [0x00000000c2e00000, 0x0000000100000000)
  region size 1024K, 1 young (1024K), 1 survivors (1024K)
 Metaspace       used 3120K, capacity 5908K, committed 6016K, reserved 1056768K
  class space    used 338K, capacity 586K, committed 640K, reserved 1048576K
}

Deoptimization events (20 events):
Event: 0.963 Thread 0x00007f5584016800 Uncommon trap: trap_request=0xffffffc6 fr.pc=0x00007f55740dff5c relative=0x000000000000037c
Event: 0.963 Thread 0x00007f5584016800 Uncommon trap: reason=bimorphic_or_optimized_type_check action=maybe_recompile pc=0x00007f55740dff5c method=java.util.HashMap.getNode(ILjava/lang/Object;)Ljava/util/HashMap$Node; @ 126 c2
Event: 0.963 Thread 0x00007f5584016800 DEOPT PACKING pc=0x00007f55740dff5c sp=0x00007f558c9fdfb0
Event: 0.963 Thread 0x00007f5584016800 DEOPT UNPACKING pc=0x00007f556c6082a5 sp=0x00007f558c9fdf48 mode 2
Event: 0.963 Thread 0x00007f5584016800 Uncommon trap: trap_request=0xffffffc6 fr.pc=0x00007f55740dff5c relative=0x000000000000037c
Event: 0.963 Thread 0x00007f5584016800 Uncommon trap: reason=bimorphic_or_optimized_type_check action=maybe_recompile pc=0x00007f55740dff5c method=java.util.HashMap.getNode(ILjava/lang/Object;)Ljava/util/HashMap$Node; @ 126 c2
Event: 0.963 Thread 0x00007f5584016800 DEOPT PACKING pc=0x00007f55740dff5c sp=0x00007f558c9fdfb0
Event: 0.963 Thread 0x00007f5584016800 DEOPT UNPACKING pc=0x00007f556c6082a5 sp=0x00007f558c9fdf48 mode 2
Event: 0.963 Thread 0x00007f5584016800 Uncommon trap: trap_request=0xffffffc6 fr.pc=0x00007f55740dff5c relative=0x000000000000037c
Event: 0.963 Thread 0x00007f5584016800 Uncommon trap: reason=bimorphic_or_optimized_type_check action=maybe_recompile pc=0x00007f55740dff5c method=java.util.HashMap.getNode(ILjava/lang/Object;)Ljava/util/HashMap$Node; @ 126 c2
Event: 0.963 Thread 0x00007f5584016800 DEOPT PACKING pc=0x00007f55740dff5c sp=0x00007f558c9fdfb0
Event: 0.963 Thread 0x00007f5584016800 DEOPT UNPACKING pc=0x00007f556c6082a5 sp=0x00007f558c9fdf48 mode 2
Event: 0.963 Thread 0x00007f5584016800 Uncommon trap: trap_request=0xffffffc6 fr.pc=0x00007f55740dff5c relative=0x000000000000037c
Event: 0.963 Thread 0x00007f5584016800 Uncommon trap: reason=bimorphic_or_optimized_type_check action=maybe_recompile pc=0x00007f55740dff5c method=java.util.HashMap.getNode(ILjava/lang/Object;)Ljava/util/HashMap$Node; @ 126 c2
Event: 0.963 Thread 0x00007f5584016800 DEOPT PACKING pc=0x00007f55740dff5c sp=0x00007f558c9fdfb0
Event: 0.963 Thread 0x00007f5584016800 DEOPT UNPACKING pc=0x00007f556c6082a5 sp=0x00007f558c9fdf48 mode 2
Event: 1.416 Thread 0x00007f5584016800 DEOPT PACKING pc=0x00007f556cc018c2 sp=0x00007f558c9fd4f0
Event: 1.416 Thread 0x00007f5584016800 DEOPT UNPACKING pc=0x00007f556c6499fa sp=0x00007f558c9fc978 mode 0
Event: 1.417 Thread 0x00007f5584016800 DEOPT PACKING pc=0x00007f556cbc43cf sp=0x00007f558c9fd4b0
Event: 1.417 Thread 0x00007f5584016800 DEOPT UNPACKING pc=0x00007f556c6499fa sp=0x00007f558c9fc970 mode 0

Classes redefined (0 events):
No events

Internal exceptions (20 events):
Event: 0.338 Thread 0x00007f5584016800 Exception <a 'java/security/PrivilegedActionException'{0x00000000c6ae0d30}> (0x00000000c6ae0d30) thrown at [./src/hotspot/share/prims/jvm.cpp, line 1304]
Event: 0.338 Thread 0x00007f5584016800 Exception <a 'java/security/PrivilegedActionException'{0x00000000c6ae1000}> (0x00000000c6ae1000) thrown at [./src/hotspot/share/prims/jvm.cpp, line 1304]
Event: 0.339 Thread 0x00007f5584016800 Exception <a 'java/security/PrivilegedActionException'{0x00000000c6ae1970}> (0x00000000c6ae1970) thrown at [./src/hotspot/share/prims/jvm.cpp, line 1304]
Event: 0.339 Thread 0x00007f5584016800 Exception <a 'java/security/PrivilegedActionException'{0x00000000c6ae1c40}> (0x00000000c6ae1c40) thrown at [./src/hotspot/share/prims/jvm.cpp, line 1304]
Event: 0.339 Thread 0x00007f5584016800 Exception <a 'java/security/PrivilegedActionException'{0x00000000c6ae25b0}> (0x00000000c6ae25b0) thrown at [./src/hotspot/share/prims/jvm.cpp, line 1304]
Event: 0.339 Thread 0x00007f5584016800 Exception <a 'java/security/PrivilegedActionException'{0x00000000c6ae2880}> (0x00000000c6ae2880) thrown at [./src/hotspot/share/prims/jvm.cpp, line 1304]
Event: 0.339 Thread 0x00007f5584016800 Exception <a 'java/security/PrivilegedActionException'{0x00000000c6ae3208}> (0x00000000c6ae3208) thrown at [./src/hotspot/share/prims/jvm.cpp, line 1304]
Event: 0.339 Thread 0x00007f5584016800 Exception <a 'java/security/PrivilegedActionException'{0x00000000c6ae34d8}> (0x00000000c6ae34d8) thrown at [./src/hotspot/share/prims/jvm.cpp, line 1304]
Event: 0.339 Thread 0x00007f5584016800 Exception <a 'java/security/PrivilegedActionException'{0x00000000c6ae3e60}> (0x00000000c6ae3e60) thrown at [./src/hotspot/share/prims/jvm.cpp, line 1304]
Event: 0.339 Thread 0x00007f5584016800 Exception <a 'java/security/PrivilegedActionException'{0x00000000c6ae4130}> (0x00000000c6ae4130) thrown at [./src/hotspot/share/prims/jvm.cpp, line 1304]
Event: 0.340 Thread 0x00007f5584016800 Exception <a 'java/security/PrivilegedActionException'{0x00000000c6ae4ab8}> (0x00000000c6ae4ab8) thrown at [./src/hotspot/share/prims/jvm.cpp, line 1304]
Event: 0.340 Thread 0x00007f5584016800 Exception <a 'java/security/PrivilegedActionException'{0x00000000c6ae4d88}> (0x00000000c6ae4d88) thrown at [./src/hotspot/share/prims/jvm.cpp, line 1304]
Event: 0.340 Thread 0x00007f5584016800 Exception <a 'java/security/PrivilegedActionException'{0x00000000c6ae56f8}> (0x00000000c6ae56f8) thrown at [./src/hotspot/share/prims/jvm.cpp, line 1304]
Event: 0.340 Thread 0x00007f5584016800 Exception <a 'java/security/PrivilegedActionException'{0x00000000c6ae59c8}> (0x00000000c6ae59c8) thrown at [./src/hotspot/share/prims/jvm.cpp, line 1304]
Event: 0.340 Thread 0x00007f5584016800 Exception <a 'java/security/PrivilegedActionException'{0x00000000c6ae6350}> (0x00000000c6ae6350) thrown at [./src/hotspot/share/prims/jvm.cpp, line 1304]
Event: 0.340 Thread 0x00007f5584016800 Exception <a 'java/security/PrivilegedActionException'{0x00000000c6ae6620}> (0x00000000c6ae6620) thrown at [./src/hotspot/share/prims/jvm.cpp, line 1304]
Event: 0.406 Thread 0x00007f5584016800 Exception <a 'java/lang/NoSuchMethodError'{0x00000000c69958f0}: 'int java.lang.invoke.DirectMethodHandle$Holder.invokeStaticInit(java.lang.Object, java.lang.Object, java.lang.Object, java.lang.Object)'> (0x00000000c69958f0) thrown at [./src/hotspot/share/interpreter/linkResolver.cpp, line 772]
Event: 0.409 Thread 0x00007f5584016800 Exception <a 'java/lang/IncompatibleClassChangeError'{0x00000000c699f670}: Found class java.lang.Object, but interface was expected> (0x00000000c699f670) thrown at [./src/hotspot/share/interpreter/linkResolver.cpp, line 839]
Event: 0.410 Thread 0x00007f5584016800 Exception <a 'java/lang/NoSuchMethodError'{0x00000000c69a2820}: 'void java.lang.invoke.DirectMethodHandle$Holder.invokeStaticInit(java.lang.Object, java.lang.Object)'> (0x00000000c69a2820) thrown at [./src/hotspot/share/interpreter/linkResolver.cpp, line 772]
Event: 0.412 Thread 0x00007f5584016800 Exception <a 'java/lang/NoSuchMethodError'{0x00000000c69a7cb0}: 'int java.lang.invoke.DirectMethodHandle$Holder.invokeStaticInit(java.lang.Object, java.lang.Object)'> (0x00000000c69a7cb0) thrown at [./src/hotspot/share/interpreter/linkResolver.cpp, line 772]

Events (20 events):
Event: 1.479 loading class org/bytedeco/llvm/LLVM/LLVMPassManagerBuilderRef
Event: 1.479 loading class org/bytedeco/llvm/LLVM/LLVMPassManagerBuilderRef done
Event: 1.479 loading class org/bytedeco/llvm/LLVM/LLVMPassBuilderOptionsRef
Event: 1.479 loading class org/bytedeco/llvm/LLVM/LLVMPassBuilderOptionsRef done
Event: 1.479 loading class org/bytedeco/llvm/LLVM/Pass
Event: 1.479 loading class org/bytedeco/llvm/LLVM/Pass done
Event: 1.480 loading class org/bytedeco/llvm/LLVM/LLVMNamedMDNodeRef
Event: 1.480 loading class org/bytedeco/llvm/LLVM/LLVMNamedMDNodeRef done
Event: 1.480 loading class org/bytedeco/llvm/LLVM/LLVMUseRef
Event: 1.480 loading class org/bytedeco/llvm/LLVM/LLVMUseRef done
Event: 1.497 loading class java/util/Stack
Event: 1.497 loading class java/util/Stack done
Event: 1.498 loading class Utils
Event: 1.498 loading class Utils done
Event: 1.504 loading class org/bytedeco/javacpp/PointerScope
Event: 1.504 loading class org/bytedeco/javacpp/PointerScope done
Event: 1.505 loading class org/bytedeco/javacpp/PointerScope$1
Event: 1.505 loading class org/bytedeco/javacpp/PointerScope$1 done
Event: 1.506 loading class LLVMSymbolTable$SymbolTableEntry
Event: 1.506 loading class LLVMSymbolTable$SymbolTableEntry done


Dynamic libraries:
c2e00000-c6c00000 rw-p 00000000 00:00 0 
c6c00000-ffe00000 ---p 00000000 00:00 0 
ffe00000-ffe47000 rw-p 00b0a000 08:03 1060156                            /usr/lib/jvm/java-11-openjdk-amd64/lib/server/classes.jsa
ffe47000-fff00000 rw-p 00000000 00:00 0 
fff00000-fff6b000 rw-p 00a9f000 08:03 1060156                            /usr/lib/jvm/java-11-openjdk-amd64/lib/server/classes.jsa
fff6b000-100000000 rw-p 00000000 00:00 0 
800000000-800002000 rwxp 00001000 08:03 1060156                          /usr/lib/jvm/java-11-openjdk-amd64/lib/server/classes.jsa
800002000-8003cc000 rw-p 00003000 08:03 1060156                          /usr/lib/jvm/java-11-openjdk-amd64/lib/server/classes.jsa
8003cc000-800a9d000 r--p 003cd000 08:03 1060156                          /usr/lib/jvm/java-11-openjdk-amd64/lib/server/classes.jsa
800a9d000-800a9e000 rw-p 00a9e000 08:03 1060156                          /usr/lib/jvm/java-11-openjdk-amd64/lib/server/classes.jsa
840000000-8400c0000 rw-p 00000000 00:00 0 
8400c0000-880000000 ---p 00000000 00:00 0 
5600a0a0d000-5600a0a0e000 r--p 00000000 08:03 1058673                    /usr/lib/jvm/java-11-openjdk-amd64/bin/java
5600a0a0e000-5600a0a0f000 r-xp 00001000 08:03 1058673                    /usr/lib/jvm/java-11-openjdk-amd64/bin/java
5600a0a0f000-5600a0a10000 r--p 00002000 08:03 1058673                    /usr/lib/jvm/java-11-openjdk-amd64/bin/java
5600a0a10000-5600a0a11000 r--p 00002000 08:03 1058673                    /usr/lib/jvm/java-11-openjdk-amd64/bin/java
5600a0a11000-5600a0a12000 rw-p 00003000 08:03 1058673                    /usr/lib/jvm/java-11-openjdk-amd64/bin/java
5600a1e5d000-5600a1ea0000 rw-p 00000000 00:00 0                          [heap]
7f5529400000-7f5529d26000 r--p 00000000 08:03 1579535                    /home/doudou/.javacpp/cache/llvm-13.0.1-1.5.7-linux-x86_64.jar/org/bytedeco/llvm/linux-x86_64/libLLVM-13.so
7f5529d26000-7f552d6e9000 r-xp 00926000 08:03 1579535                    /home/doudou/.javacpp/cache/llvm-13.0.1-1.5.7-linux-x86_64.jar/org/bytedeco/llvm/linux-x86_64/libLLVM-13.so
7f552d6e9000-7f552f93e000 r--p 042e9000 08:03 1579535                    /home/doudou/.javacpp/cache/llvm-13.0.1-1.5.7-linux-x86_64.jar/org/bytedeco/llvm/linux-x86_64/libLLVM-13.so
7f552f93e000-7f552fe53000 r--p 0653d000 08:03 1579535                    /home/doudou/.javacpp/cache/llvm-13.0.1-1.5.7-linux-x86_64.jar/org/bytedeco/llvm/linux-x86_64/libLLVM-13.so
7f552fe53000-7f552fe5e000 rw-p 06a52000 08:03 1579535                    /home/doudou/.javacpp/cache/llvm-13.0.1-1.5.7-linux-x86_64.jar/org/bytedeco/llvm/linux-x86_64/libLLVM-13.so
7f552fe5e000-7f552fed4000 rw-p 00000000 00:00 0 
7f5530000000-7f5530021000 rw-p 00000000 00:00 0 
7f5530021000-7f5534000000 ---p 00000000 00:00 0 
7f5534000000-7f5534021000 rw-p 00000000 00:00 0 
7f5534021000-7f5538000000 ---p 00000000 00:00 0 
7f5538000000-7f5538348000 rw-p 00000000 00:00 0 
7f5538348000-7f553c000000 ---p 00000000 00:00 0 
7f553c000000-7f553c325000 rw-p 00000000 00:00 0 
7f553c325000-7f5540000000 ---p 00000000 00:00 0 
7f5540000000-7f5540021000 rw-p 00000000 00:00 0 
7f5540021000-7f5544000000 ---p 00000000 00:00 0 
7f5544000000-7f5544021000 rw-p 00000000 00:00 0 
7f5544021000-7f5548000000 ---p 00000000 00:00 0 
7f5548000000-7f5548021000 rw-p 00000000 00:00 0 
7f5548021000-7f554c000000 ---p 00000000 00:00 0 
7f554c000000-7f554c021000 rw-p 00000000 00:00 0 
7f554c021000-7f5550000000 ---p 00000000 00:00 0 
7f5550000000-7f5550021000 rw-p 00000000 00:00 0 
7f5550021000-7f5554000000 ---p 00000000 00:00 0 
7f5554000000-7f5554021000 rw-p 00000000 00:00 0 
7f5554021000-7f5558000000 ---p 00000000 00:00 0 
7f5558000000-7f5558021000 rw-p 00000000 00:00 0 
7f5558021000-7f555c000000 ---p 00000000 00:00 0 
7f555c5f6000-7f555c65b000 r--p 00000000 08:03 1579540                    /home/doudou/.javacpp/cache/llvm-13.0.1-1.5.7-linux-x86_64.jar/org/bytedeco/llvm/linux-x86_64/libjniLLVM.so
7f555c65b000-7f555c6c9000 r-xp 00065000 08:03 1579540                    /home/doudou/.javacpp/cache/llvm-13.0.1-1.5.7-linux-x86_64.jar/org/bytedeco/llvm/linux-x86_64/libjniLLVM.so
7f555c6c9000-7f555c6f4000 r--p 000d3000 08:03 1579540                    /home/doudou/.javacpp/cache/llvm-13.0.1-1.5.7-linux-x86_64.jar/org/bytedeco/llvm/linux-x86_64/libjniLLVM.so
7f555c6f4000-7f555c6f7000 r--p 000fd000 08:03 1579540                    /home/doudou/.javacpp/cache/llvm-13.0.1-1.5.7-linux-x86_64.jar/org/bytedeco/llvm/linux-x86_64/libjniLLVM.so
7f555c6f7000-7f555c6fa000 rw-p 00100000 08:03 1579540                    /home/doudou/.javacpp/cache/llvm-13.0.1-1.5.7-linux-x86_64.jar/org/bytedeco/llvm/linux-x86_64/libjniLLVM.so
7f555c6fa000-7f555c6fc000 rw-p 00000000 00:00 0 
7f555c6fc000-7f555c6fd000 ---p 00000000 00:00 0 
7f555c6fd000-7f555c7fe000 rw-p 00000000 00:00 0 
7f555c7fe000-7f555c802000 ---p 00000000 00:00 0 
7f555c802000-7f555c8fe000 rw-p 00000000 00:00 0 
7f555c8fe000-7f555c8ff000 ---p 00000000 00:00 0 
7f555c8ff000-7f555ca00000 rw-p 00000000 00:00 0 
7f555ca00000-7f555d7e7000 r--p 00000000 08:03 534858                     /usr/lib/locale/locale-archive
7f555d800000-7f555de00000 rw-p 00000000 00:00 0 
7f555de00000-7f555e000000 ---p 00000000 00:00 0 
7f555e000000-7f5560000000 rw-p 00000000 00:00 0 
7f5560000000-7f5560021000 rw-p 00000000 00:00 0 
7f5560021000-7f5564000000 ---p 00000000 00:00 0 
7f5564000000-7f5564021000 rw-p 00000000 00:00 0 
7f5564021000-7f5568000000 ---p 00000000 00:00 0 
7f5568000000-7f5568021000 rw-p 00000000 00:00 0 
7f5568021000-7f556c000000 ---p 00000000 00:00 0 
7f556c000000-7f556c004000 ---p 00000000 00:00 0 
7f556c004000-7f556c100000 rw-p 00000000 00:00 0 
7f556c100000-7f556c104000 ---p 00000000 00:00 0 
7f556c104000-7f556c200000 rw-p 00000000 00:00 0 
7f556c200000-7f556c204000 ---p 00000000 00:00 0 
7f556c204000-7f556c300000 rw-p 00000000 00:00 0 
7f556c300000-7f556c304000 ---p 00000000 00:00 0 
7f556c304000-7f556c400000 rw-p 00000000 00:00 0 
7f556c400000-7f556c404000 ---p 00000000 00:00 0 
7f556c404000-7f556c500000 rw-p 00000000 00:00 0 
7f556c500000-7f556c504000 ---p 00000000 00:00 0 
7f556c504000-7f556c600000 rw-p 00000000 00:00 0 
7f556c600000-7f556c870000 rwxp 00000000 00:00 0 
7f556c870000-7f556cb8f000 ---p 00000000 00:00 0 
7f556cb8f000-7f556cdff000 rwxp 00000000 00:00 0 
7f556cdff000-7f55740c7000 ---p 00000000 00:00 0 
7f55740c7000-7f5574337000 rwxp 00000000 00:00 0 
7f5574337000-7f557b600000 ---p 00000000 00:00 0 
7f557b600000-7f5583e0b000 r--s 00000000 08:03 1058832                    /usr/lib/jvm/java-11-openjdk-amd64/lib/modules
7f5583f00000-7f5583f04000 ---p 00000000 00:00 0 
7f5583f04000-7f5584000000 rw-p 00000000 00:00 0 
7f5584000000-7f5584388000 rw-p 00000000 00:00 0 
7f5584388000-7f5588000000 ---p 00000000 00:00 0 
7f5588026000-7f558802d000 r--p 00000000 08:03 1579536                    /home/doudou/.javacpp/cache/llvm-13.0.1-1.5.7-linux-x86_64.jar/org/bytedeco/llvm/linux-x86_64/libLTO.so.13
7f558802d000-7f5588035000 r-xp 00007000 08:03 1579536                    /home/doudou/.javacpp/cache/llvm-13.0.1-1.5.7-linux-x86_64.jar/org/bytedeco/llvm/linux-x86_64/libLTO.so.13
7f5588035000-7f5588037000 r--p 0000f000 08:03 1579536                    /home/doudou/.javacpp/cache/llvm-13.0.1-1.5.7-linux-x86_64.jar/org/bytedeco/llvm/linux-x86_64/libLTO.so.13
7f5588037000-7f5588038000 r--p 00010000 08:03 1579536                    /home/doudou/.javacpp/cache/llvm-13.0.1-1.5.7-linux-x86_64.jar/org/bytedeco/llvm/linux-x86_64/libLTO.so.13
7f5588038000-7f5588039000 rw-p 00011000 08:03 1579536                    /home/doudou/.javacpp/cache/llvm-13.0.1-1.5.7-linux-x86_64.jar/org/bytedeco/llvm/linux-x86_64/libLTO.so.13
7f5588039000-7f558803d000 ---p 00000000 00:00 0 
7f558803d000-7f5588139000 rw-p 00000000 00:00 0 
7f5588139000-7f558813d000 ---p 00000000 00:00 0 
7f558813d000-7f5588239000 rw-p 00000000 00:00 0 
7f5588239000-7f558823a000 ---p 00000000 00:00 0 
7f558823a000-7f55883bc000 rw-p 00000000 00:00 0 
7f55883bc000-7f55883bd000 ---p 00000000 00:00 0 
7f55883bd000-7f55884be000 rw-p 00000000 00:00 0 
7f55884be000-7f55884bf000 ---p 00000000 00:00 0 
7f55884bf000-7f55887c2000 rw-p 00000000 00:00 0 
7f55887c2000-7f55887c3000 ---p 00000000 00:00 0 
7f55887c3000-7f55888c4000 rw-p 00000000 00:00 0 
7f55888c4000-7f55888c5000 ---p 00000000 00:00 0 
7f55888c5000-7f5588abe000 rw-p 00000000 00:00 0 
7f5588abe000-7f5589906000 ---p 00000000 00:00 0 
7f5589906000-7f5589a06000 rw-p 00000000 00:00 0 
7f5589a06000-7f558a84e000 ---p 00000000 00:00 0 
7f558a84e000-7f558a875000 rw-p 00000000 00:00 0 
7f558a875000-7f558aa3e000 ---p 00000000 00:00 0 
7f558aa3e000-7f558aa5e000 rw-p 00000000 00:00 0 
7f558aa5e000-7f558ac27000 ---p 00000000 00:00 0 
7f558ac27000-7f558ac47000 rw-p 00000000 00:00 0 
7f558ac47000-7f558ae10000 ---p 00000000 00:00 0 
7f558ae10000-7f558b013000 rw-p 00000000 00:00 0 
7f558b013000-7f558b014000 ---p 00000000 00:00 0 
7f558b014000-7f558b11a000 rw-p 00000000 00:00 0 
7f558b11a000-7f558b200000 ---p 00000000 00:00 0 
7f558b200000-7f558b29a000 r--p 00000000 08:03 552221                     /usr/lib/x86_64-linux-gnu/libstdc++.so.6.0.30
7f558b29a000-7f558b3aa000 r-xp 0009a000 08:03 552221                     /usr/lib/x86_64-linux-gnu/libstdc++.so.6.0.30
7f558b3aa000-7f558b419000 r--p 001aa000 08:03 552221                     /usr/lib/x86_64-linux-gnu/libstdc++.so.6.0.30
7f558b419000-7f558b424000 r--p 00218000 08:03 552221                     /usr/lib/x86_64-linux-gnu/libstdc++.so.6.0.30
7f558b424000-7f558b427000 rw-p 00223000 08:03 552221                     /usr/lib/x86_64-linux-gnu/libstdc++.so.6.0.30
7f558b427000-7f558b42a000 rw-p 00000000 00:00 0 
7f558b437000-7f558b438000 r--p 00000000 08:03 551276                     /usr/lib/x86_64-linux-gnu/libdl.so.2
7f558b438000-7f558b439000 r-xp 00001000 08:03 551276                     /usr/lib/x86_64-linux-gnu/libdl.so.2
7f558b439000-7f558b43a000 r--p 00002000 08:03 551276                     /usr/lib/x86_64-linux-gnu/libdl.so.2
7f558b43a000-7f558b43b000 r--p 00002000 08:03 551276                     /usr/lib/x86_64-linux-gnu/libdl.so.2
7f558b43b000-7f558b43c000 rw-p 00003000 08:03 551276                     /usr/lib/x86_64-linux-gnu/libdl.so.2
7f558b43c000-7f558b43d000 r--p 00000000 08:03 552054                     /usr/lib/x86_64-linux-gnu/libpthread.so.0
7f558b43d000-7f558b43e000 r-xp 00001000 08:03 552054                     /usr/lib/x86_64-linux-gnu/libpthread.so.0
7f558b43e000-7f558b43f000 r--p 00002000 08:03 552054                     /usr/lib/x86_64-linux-gnu/libpthread.so.0
7f558b43f000-7f558b440000 r--p 00002000 08:03 552054                     /usr/lib/x86_64-linux-gnu/libpthread.so.0
7f558b440000-7f558b441000 rw-p 00003000 08:03 552054                     /usr/lib/x86_64-linux-gnu/libpthread.so.0
7f558b444000-7f558b44b000 r--s 00000000 08:03 553557                     /usr/lib/x86_64-linux-gnu/gconv/gconv-modules.cache
7f558b44b000-7f558b44c000 r--p 00000000 08:03 1579538                    /home/doudou/.javacpp/cache/llvm-13.0.1-1.5.7-linux-x86_64.jar/org/bytedeco/llvm/linux-x86_64/libRemarks.so.13
7f558b44c000-7f558b44d000 r-xp 00001000 08:03 1579538                    /home/doudou/.javacpp/cache/llvm-13.0.1-1.5.7-linux-x86_64.jar/org/bytedeco/llvm/linux-x86_64/libRemarks.so.13
7f558b44d000-7f558b44e000 r--p 00002000 08:03 1579538                    /home/doudou/.javacpp/cache/llvm-13.0.1-1.5.7-linux-x86_64.jar/org/bytedeco/llvm/linux-x86_64/libRemarks.so.13
7f558b44e000-7f558b44f000 r--p 00002000 08:03 1579538                    /home/doudou/.javacpp/cache/llvm-13.0.1-1.5.7-linux-x86_64.jar/org/bytedeco/llvm/linux-x86_64/libRemarks.so.13
7f558b44f000-7f558b450000 rw-p 00003000 08:03 1579538                    /home/doudou/.javacpp/cache/llvm-13.0.1-1.5.7-linux-x86_64.jar/org/bytedeco/llvm/linux-x86_64/libRemarks.so.13
7f558b450000-7f558b454000 r--p 00000000 08:03 1579530                    /home/doudou/.javacpp/cache/javacpp-1.5.7-linux-x86_64.jar/org/bytedeco/javacpp/linux-x86_64/libjnijavacpp.so
7f558b454000-7f558b45b000 r-xp 00004000 08:03 1579530                    /home/doudou/.javacpp/cache/javacpp-1.5.7-linux-x86_64.jar/org/bytedeco/javacpp/linux-x86_64/libjnijavacpp.so
7f558b45b000-7f558b45f000 r--p 0000b000 08:03 1579530                    /home/doudou/.javacpp/cache/javacpp-1.5.7-linux-x86_64.jar/org/bytedeco/javacpp/linux-x86_64/libjnijavacpp.so
7f558b45f000-7f558b460000 r--p 0000e000 08:03 1579530                    /home/doudou/.javacpp/cache/javacpp-1.5.7-linux-x86_64.jar/org/bytedeco/javacpp/linux-x86_64/libjnijavacpp.so
7f558b460000-7f558b461000 rw-p 0000f000 08:03 1579530                    /home/doudou/.javacpp/cache/javacpp-1.5.7-linux-x86_64.jar/org/bytedeco/javacpp/linux-x86_64/libjnijavacpp.so
7f558b461000-7f558b465000 r--p 00000000 08:03 1058822                    /usr/lib/jvm/java-11-openjdk-amd64/lib/libnet.so
7f558b465000-7f558b473000 r-xp 00004000 08:03 1058822                    /usr/lib/jvm/java-11-openjdk-amd64/lib/libnet.so
7f558b473000-7f558b477000 r--p 00012000 08:03 1058822                    /usr/lib/jvm/java-11-openjdk-amd64/lib/libnet.so
7f558b477000-7f558b478000 r--p 00015000 08:03 1058822                    /usr/lib/jvm/java-11-openjdk-amd64/lib/libnet.so
7f558b478000-7f558b479000 rw-p 00016000 08:03 1058822                    /usr/lib/jvm/java-11-openjdk-amd64/lib/libnet.so
7f558b479000-7f558b480000 r--p 00000000 08:03 1058823                    /usr/lib/jvm/java-11-openjdk-amd64/lib/libnio.so
7f558b480000-7f558b488000 r-xp 00007000 08:03 1058823                    /usr/lib/jvm/java-11-openjdk-amd64/lib/libnio.so
7f558b488000-7f558b48b000 r--p 0000f000 08:03 1058823                    /usr/lib/jvm/java-11-openjdk-amd64/lib/libnio.so
7f558b48b000-7f558b48c000 r--p 00011000 08:03 1058823                    /usr/lib/jvm/java-11-openjdk-amd64/lib/libnio.so
7f558b48c000-7f558b48d000 rw-p 00012000 08:03 1058823                    /usr/lib/jvm/java-11-openjdk-amd64/lib/libnio.so
7f558b48d000-7f558b50e000 rw-p 00000000 00:00 0 
7f558b50e000-7f558b5f4000 ---p 00000000 00:00 0 
7f558b5f4000-7f558b5f9000 rw-p 00000000 00:00 0 
7f558b5f9000-7f558b600000 ---p 00000000 00:00 0 
7f558b600000-7f558b882000 r--p 00000000 08:03 1058837                    /usr/lib/jvm/java-11-openjdk-amd64/lib/server/libjvm.so
7f558b882000-7f558c51e000 r-xp 00282000 08:03 1058837                    /usr/lib/jvm/java-11-openjdk-amd64/lib/server/libjvm.so
7f558c51e000-7f558c779000 r--p 00f1e000 08:03 1058837                    /usr/lib/jvm/java-11-openjdk-amd64/lib/server/libjvm.so
7f558c779000-7f558c77a000 ---p 01179000 08:03 1058837                    /usr/lib/jvm/java-11-openjdk-amd64/lib/server/libjvm.so
7f558c77a000-7f558c83e000 r--p 01179000 08:03 1058837                    /usr/lib/jvm/java-11-openjdk-amd64/lib/server/libjvm.so
7f558c83e000-7f558c879000 rw-p 0123d000 08:03 1058837                    /usr/lib/jvm/java-11-openjdk-amd64/lib/server/libjvm.so
7f558c879000-7f558c8d0000 rw-p 00000000 00:00 0 
7f558c8d2000-7f558c8e0000 r--p 00000000 08:03 1058811                    /usr/lib/jvm/java-11-openjdk-amd64/lib/libjava.so
7f558c8e0000-7f558c8f6000 r-xp 0000e000 08:03 1058811                    /usr/lib/jvm/java-11-openjdk-amd64/lib/libjava.so
7f558c8f6000-7f558c8fd000 r--p 00024000 08:03 1058811                    /usr/lib/jvm/java-11-openjdk-amd64/lib/libjava.so
7f558c8fd000-7f558c8fe000 r--p 0002a000 08:03 1058811                    /usr/lib/jvm/java-11-openjdk-amd64/lib/libjava.so
7f558c8fe000-7f558c8ff000 rw-p 0002b000 08:03 1058811                    /usr/lib/jvm/java-11-openjdk-amd64/lib/libjava.so
7f558c8ff000-7f558c900000 rw-p 00000000 00:00 0 
7f558c900000-7f558c904000 ---p 00000000 00:00 0 
7f558c904000-7f558ca00000 rw-p 00000000 00:00 0 
7f558ca00000-7f558ca28000 r--p 00000000 08:03 551134                     /usr/lib/x86_64-linux-gnu/libc.so.6
7f558ca28000-7f558cbbd000 r-xp 00028000 08:03 551134                     /usr/lib/x86_64-linux-gnu/libc.so.6
7f558cbbd000-7f558cc15000 r--p 001bd000 08:03 551134                     /usr/lib/x86_64-linux-gnu/libc.so.6
7f558cc15000-7f558cc19000 r--p 00214000 08:03 551134                     /usr/lib/x86_64-linux-gnu/libc.so.6
7f558cc19000-7f558cc1b000 rw-p 00218000 08:03 551134                     /usr/lib/x86_64-linux-gnu/libc.so.6
7f558cc1b000-7f558cc28000 rw-p 00000000 00:00 0 
7f558cc29000-7f558cc2a000 r--p 00000000 08:03 1058804                    /usr/lib/jvm/java-11-openjdk-amd64/lib/libextnet.so
7f558cc2a000-7f558cc2b000 r-xp 00001000 08:03 1058804                    /usr/lib/jvm/java-11-openjdk-amd64/lib/libextnet.so
7f558cc2b000-7f558cc2c000 r--p 00002000 08:03 1058804                    /usr/lib/jvm/java-11-openjdk-amd64/lib/libextnet.so
7f558cc2c000-7f558cc2d000 r--p 00002000 08:03 1058804                    /usr/lib/jvm/java-11-openjdk-amd64/lib/libextnet.so
7f558cc2d000-7f558cc2e000 rw-p 00003000 08:03 1058804                    /usr/lib/jvm/java-11-openjdk-amd64/lib/libextnet.so
7f558cc2e000-7f558cc30000 r--p 00000000 08:03 1058831                    /usr/lib/jvm/java-11-openjdk-amd64/lib/libzip.so
7f558cc30000-7f558cc35000 r-xp 00002000 08:03 1058831                    /usr/lib/jvm/java-11-openjdk-amd64/lib/libzip.so
7f558cc35000-7f558cc37000 r--p 00007000 08:03 1058831                    /usr/lib/jvm/java-11-openjdk-amd64/lib/libzip.so
7f558cc37000-7f558cc38000 r--p 00008000 08:03 1058831                    /usr/lib/jvm/java-11-openjdk-amd64/lib/libzip.so
7f558cc38000-7f558cc39000 rw-p 00009000 08:03 1058831                    /usr/lib/jvm/java-11-openjdk-amd64/lib/libzip.so
7f558cc39000-7f558cc41000 rw-s 00000000 08:03 262226                     /tmp/hsperfdata_doudou/28679
7f558cc41000-7f558cc43000 r--p 00000000 08:03 1058806                    /usr/lib/jvm/java-11-openjdk-amd64/lib/libinstrument.so
7f558cc43000-7f558cc4a000 r-xp 00002000 08:03 1058806                    /usr/lib/jvm/java-11-openjdk-amd64/lib/libinstrument.so
7f558cc4a000-7f558cc4d000 r--p 00009000 08:03 1058806                    /usr/lib/jvm/java-11-openjdk-amd64/lib/libinstrument.so
7f558cc4d000-7f558cc4e000 r--p 0000b000 08:03 1058806                    /usr/lib/jvm/java-11-openjdk-amd64/lib/libinstrument.so
7f558cc4e000-7f558cc4f000 rw-p 0000c000 08:03 1058806                    /usr/lib/jvm/java-11-openjdk-amd64/lib/libinstrument.so
7f558cc4f000-7f558cc54000 r--p 00000000 08:03 1058830                    /usr/lib/jvm/java-11-openjdk-amd64/lib/libverify.so
7f558cc54000-7f558cc5b000 r-xp 00005000 08:03 1058830                    /usr/lib/jvm/java-11-openjdk-amd64/lib/libverify.so
7f558cc5b000-7f558cc5d000 r--p 0000c000 08:03 1058830                    /usr/lib/jvm/java-11-openjdk-amd64/lib/libverify.so
7f558cc5d000-7f558cc5f000 r--p 0000d000 08:03 1058830                    /usr/lib/jvm/java-11-openjdk-amd64/lib/libverify.so
7f558cc5f000-7f558cc60000 rw-p 0000f000 08:03 1058830                    /usr/lib/jvm/java-11-openjdk-amd64/lib/libverify.so
7f558cc60000-7f558cc61000 r--p 00000000 08:03 552110                     /usr/lib/x86_64-linux-gnu/librt.so.1
7f558cc61000-7f558cc62000 r-xp 00001000 08:03 552110                     /usr/lib/x86_64-linux-gnu/librt.so.1
7f558cc62000-7f558cc63000 r--p 00002000 08:03 552110                     /usr/lib/x86_64-linux-gnu/librt.so.1
7f558cc63000-7f558cc64000 r--p 00002000 08:03 552110                     /usr/lib/x86_64-linux-gnu/librt.so.1
7f558cc64000-7f558cc65000 rw-p 00003000 08:03 552110                     /usr/lib/x86_64-linux-gnu/librt.so.1
7f558cc65000-7f558cc68000 r--p 00000000 08:03 551433                     /usr/lib/x86_64-linux-gnu/libgcc_s.so.1
7f558cc68000-7f558cc7f000 r-xp 00003000 08:03 551433                     /usr/lib/x86_64-linux-gnu/libgcc_s.so.1
7f558cc7f000-7f558cc83000 r--p 0001a000 08:03 551433                     /usr/lib/x86_64-linux-gnu/libgcc_s.so.1
7f558cc83000-7f558cc84000 r--p 0001d000 08:03 551433                     /usr/lib/x86_64-linux-gnu/libgcc_s.so.1
7f558cc84000-7f558cc85000 rw-p 0001e000 08:03 551433                     /usr/lib/x86_64-linux-gnu/libgcc_s.so.1
7f558cc85000-7f558cc93000 r--p 00000000 08:03 551785                     /usr/lib/x86_64-linux-gnu/libm.so.6
7f558cc93000-7f558cd0f000 r-xp 0000e000 08:03 551785                     /usr/lib/x86_64-linux-gnu/libm.so.6
7f558cd0f000-7f558cd6a000 r--p 0008a000 08:03 551785                     /usr/lib/x86_64-linux-gnu/libm.so.6
7f558cd6a000-7f558cd6b000 r--p 000e4000 08:03 551785                     /usr/lib/x86_64-linux-gnu/libm.so.6
7f558cd6b000-7f558cd6c000 rw-p 000e5000 08:03 551785                     /usr/lib/x86_64-linux-gnu/libm.so.6
7f558cd6c000-7f558cd6e000 rw-p 00000000 00:00 0 
7f558cd6e000-7f558cd70000 r--p 00000000 08:03 552488                     /usr/lib/x86_64-linux-gnu/libz.so.1.2.11
7f558cd70000-7f558cd81000 r-xp 00002000 08:03 552488                     /usr/lib/x86_64-linux-gnu/libz.so.1.2.11
7f558cd81000-7f558cd87000 r--p 00013000 08:03 552488                     /usr/lib/x86_64-linux-gnu/libz.so.1.2.11
7f558cd87000-7f558cd88000 ---p 00019000 08:03 552488                     /usr/lib/x86_64-linux-gnu/libz.so.1.2.11
7f558cd88000-7f558cd89000 r--p 00019000 08:03 552488                     /usr/lib/x86_64-linux-gnu/libz.so.1.2.11
7f558cd89000-7f558cd8a000 rw-p 0001a000 08:03 552488                     /usr/lib/x86_64-linux-gnu/libz.so.1.2.11
7f558cd8e000-7f558cd8f000 ---p 00000000 00:00 0 
7f558cd8f000-7f558cd90000 r--p 00000000 00:00 0 
7f558cd90000-7f558cd92000 r--p 00000000 08:03 1058814                    /usr/lib/jvm/java-11-openjdk-amd64/lib/libjimage.so
7f558cd92000-7f558cd95000 r-xp 00002000 08:03 1058814                    /usr/lib/jvm/java-11-openjdk-amd64/lib/libjimage.so
7f558cd95000-7f558cd96000 r--p 00005000 08:03 1058814                    /usr/lib/jvm/java-11-openjdk-amd64/lib/libjimage.so
7f558cd96000-7f558cd97000 ---p 00006000 08:03 1058814                    /usr/lib/jvm/java-11-openjdk-amd64/lib/libjimage.so
7f558cd97000-7f558cd98000 r--p 00006000 08:03 1058814                    /usr/lib/jvm/java-11-openjdk-amd64/lib/libjimage.so
7f558cd98000-7f558cd99000 rw-p 00007000 08:03 1058814                    /usr/lib/jvm/java-11-openjdk-amd64/lib/libjimage.so
7f558cd99000-7f558cd9c000 r--p 00000000 08:03 1058796                    /usr/lib/jvm/java-11-openjdk-amd64/lib/jli/libjli.so
7f558cd9c000-7f558cda6000 r-xp 00003000 08:03 1058796                    /usr/lib/jvm/java-11-openjdk-amd64/lib/jli/libjli.so
7f558cda6000-7f558cda9000 r--p 0000d000 08:03 1058796                    /usr/lib/jvm/java-11-openjdk-amd64/lib/jli/libjli.so
7f558cda9000-7f558cdaa000 ---p 00010000 08:03 1058796                    /usr/lib/jvm/java-11-openjdk-amd64/lib/jli/libjli.so
7f558cdaa000-7f558cdab000 r--p 00010000 08:03 1058796                    /usr/lib/jvm/java-11-openjdk-amd64/lib/jli/libjli.so
7f558cdab000-7f558cdac000 rw-p 00011000 08:03 1058796                    /usr/lib/jvm/java-11-openjdk-amd64/lib/jli/libjli.so
7f558cdac000-7f558cdae000 rw-p 00000000 00:00 0 
7f558cdae000-7f558cdb0000 r--p 00000000 08:03 550792                     /usr/lib/x86_64-linux-gnu/ld-linux-x86-64.so.2
7f558cdb0000-7f558cdda000 r-xp 00002000 08:03 550792                     /usr/lib/x86_64-linux-gnu/ld-linux-x86-64.so.2
7f558cdda000-7f558cde5000 r--p 0002c000 08:03 550792                     /usr/lib/x86_64-linux-gnu/ld-linux-x86-64.so.2
7f558cde6000-7f558cde8000 r--p 00037000 08:03 550792                     /usr/lib/x86_64-linux-gnu/ld-linux-x86-64.so.2
7f558cde8000-7f558cdea000 rw-p 00039000 08:03 550792                     /usr/lib/x86_64-linux-gnu/ld-linux-x86-64.so.2
7ffdd9c7b000-7ffdd9c9c000 rw-p 00000000 00:00 0                          [stack]
7ffdd9d69000-7ffdd9d6d000 r--p 00000000 00:00 0                          [vvar]
7ffdd9d6d000-7ffdd9d6f000 r-xp 00000000 00:00 0                          [vdso]
ffffffffff600000-ffffffffff601000 --xp 00000000 00:00 0                  [vsyscall]


VM Arguments:
jvm_args: -javaagent:/snap/intellij-idea-ultimate/437/lib/idea_rt.jar=45837:/snap/intellij-idea-ultimate/437/bin -Dfile.encoding=UTF-8 
java_command: Main /home/doudou/lab/Lab/tests/test1.sysy /home/doudou/lab/Lab/tests/out.txt
java_class_path (initial): /home/doudou/lab/Lab/out/production/Lab:/usr/local/lib/antlr-4.9.1-complete.jar:/usr/local/lib/javacpp-1.5.7-linux-x86_64.jar:/usr/local/lib/javacpp-1.5.7.jar:/usr/local/lib/llvm-13.0.1-1.5.7-linux-x86_64.jar:/usr/local/lib/llvm-13.0.1-1.5.7.jar:/usr/local/lib/llvm-platform-13.0.1-1.5.7.jar
Launcher Type: SUN_STANDARD

[Global flags]
     intx CICompilerCount                          = 2                                         {product} {ergonomic}
     uint ConcGCThreads                            = 1                                         {product} {ergonomic}
     uint G1ConcRefinementThreads                  = 2                                         {product} {ergonomic}
   size_t G1HeapRegionSize                         = 1048576                                   {product} {ergonomic}
    uintx GCDrainStackTargetSize                   = 64                                        {product} {ergonomic}
   size_t InitialHeapSize                          = 65011712                                  {product} {ergonomic}
   size_t MarkStackSize                            = 4194304                                   {product} {ergonomic}
   size_t MaxHeapSize                              = 1025507328                                {product} {ergonomic}
   size_t MaxNewSize                               = 614465536                                 {product} {ergonomic}
   size_t MinHeapDeltaBytes                        = 1048576                                   {product} {ergonomic}
    uintx NonNMethodCodeHeapSize                   = 5825164                                {pd product} {ergonomic}
    uintx NonProfiledCodeHeapSize                  = 122916538                              {pd product} {ergonomic}
    uintx ProfiledCodeHeapSize                     = 122916538                              {pd product} {ergonomic}
    uintx ReservedCodeCacheSize                    = 251658240                              {pd product} {ergonomic}
     bool SegmentedCodeCache                       = true                                      {product} {ergonomic}
     bool UseCompressedClassPointers               = true                                 {lp64_product} {ergonomic}
     bool UseCompressedOops                        = true                                 {lp64_product} {ergonomic}
     bool UseG1GC                                  = true                                      {product} {ergonomic}

Logging:
Log output configuration:
 #0: stdout all=warning uptime,level,tags
 #1: stderr all=off uptime,level,tags

Environment Variables:
PATH=/usr/local/sbin:/usr/local/bin:/usr/sbin:/usr/bin:/sbin:/bin:/usr/games:/usr/local/games:/snap/bin:/snap/bin
USERNAME=doudou
SHELL=/bin/bash
DISPLAY=:0
LANG=en_US.UTF-8
LC_NUMERIC=zh_CN.UTF-8
LC_TIME=zh_CN.UTF-8

Signal Handlers:
SIGSEGV: [libjvm.so+0xeabd80], sa_mask[0]=11111111011111111101111111111110, sa_flags=SA_RESTART|SA_SIGINFO
SIGBUS: [libjvm.so+0xeabd80], sa_mask[0]=11111111011111111101111111111110, sa_flags=SA_RESTART|SA_SIGINFO
SIGFPE: [libjvm.so+0xeabd80], sa_mask[0]=11111111011111111101111111111110, sa_flags=SA_RESTART|SA_SIGINFO
SIGPIPE: [libjvm.so+0xbee610], sa_mask[0]=11111111011111111101111111111110, sa_flags=SA_RESTART|SA_SIGINFO
SIGXFSZ: [libjvm.so+0xbee610], sa_mask[0]=11111111011111111101111111111110, sa_flags=SA_RESTART|SA_SIGINFO
SIGILL: [libjvm.so+0xeabd80], sa_mask[0]=11111111011111111101111111111110, sa_flags=SA_RESTART|SA_SIGINFO
SIGUSR2: [libjvm.so+0xbee4b0], sa_mask[0]=00100000000000000000000000000000, sa_flags=SA_RESTART|SA_SIGINFO
SIGHUP: [libjvm.so+0xbeec50], sa_mask[0]=11111111011111111101111111111110, sa_flags=SA_RESTART|SA_SIGINFO
SIGINT: [libjvm.so+0xbeec50], sa_mask[0]=11111111011111111101111111111110, sa_flags=SA_RESTART|SA_SIGINFO
SIGTERM: [libjvm.so+0xbeec50], sa_mask[0]=11111111011111111101111111111110, sa_flags=SA_RESTART|SA_SIGINFO
SIGQUIT: [libjvm.so+0xbeec50], sa_mask[0]=11111111011111111101111111111110, sa_flags=SA_RESTART|SA_SIGINFO


---------------  S Y S T E M  ---------------

OS:DISTRIB_ID=Ubuntu
DISTRIB_RELEASE=22.04
DISTRIB_CODENAME=jammy
DISTRIB_DESCRIPTION="Ubuntu 22.04.2 LTS"
uname:Linux 5.19.0-45-generic #46~22.04.1-Ubuntu SMP PREEMPT_DYNAMIC Wed Jun 7 15:06:04 UTC 20 x86_64
OS uptime: 0 days 19:58 hours
libc:glibc 2.35 NPTL 2.35 
rlimit (soft/hard): STACK 8192k/infinity , CORE 0k/infinity , NPROC 15333/15333 , NOFILE 1048576/1048576 , AS infinity/infinity , CPU infinity/infinity , DATA infinity/infinity , FSIZE infinity/infinity , MEMLOCK 500652k/500652k
load average:2.90 1.69 1.21

/proc/meminfo:
MemTotal:        4005236 kB
MemFree:          170016 kB
MemAvailable:     186456 kB
Buffers:            3608 kB
Cached:           191956 kB
SwapCached:        55964 kB
Active:          1085864 kB
Inactive:        1017028 kB
Active(anon):     995788 kB
Inactive(anon):   911792 kB
Active(file):      90076 kB
Inactive(file):   105236 kB
Unevictable:           0 kB
Mlocked:               0 kB
SwapTotal:       3512316 kB
SwapFree:        1491512 kB
Zswap:                 0 kB
Zswapped:              0 kB
Dirty:              5828 kB
Writeback:             0 kB
AnonPages:       1851908 kB
Mapped:            92104 kB
Shmem:               148 kB
KReclaimable:      51452 kB
Slab:             245056 kB
SReclaimable:      51452 kB
SUnreclaim:       193604 kB
KernelStack:       10944 kB
PageTables:        26948 kB
NFS_Unstable:          0 kB
Bounce:                0 kB
WritebackTmp:          0 kB
CommitLimit:     5514932 kB
Committed_AS:    6217220 kB
VmallocTotal:   34359738367 kB
VmallocUsed:       46248 kB
VmallocChunk:          0 kB
Percpu:             2216 kB
HardwareCorrupted:     0 kB
AnonHugePages:         0 kB
ShmemHugePages:        0 kB
ShmemPmdMapped:        0 kB
FileHugePages:         0 kB
FilePmdMapped:         0 kB
HugePages_Total:       0
HugePages_Free:        0
HugePages_Rsvd:        0
HugePages_Surp:        0
Hugepagesize:       2048 kB
Hugetlb:               0 kB
DirectMap4k:      229184 kB
DirectMap2M:     3964928 kB
DirectMap1G:     2097152 kB

/sys/kernel/mm/transparent_hugepage/enabled:
always [madvise] never
/sys/kernel/mm/transparent_hugepage/defrag (defrag/compaction efforts parameter):
always defer defer+madvise [madvise] never

Process Memory:
Virtual Size: 3684900K (peak: 12384612K)
Resident Set Size: 90832K (peak: 90832K) (anon: 35316K, file: 55516K, shmem: 0K)
Swapped out: 0K
C-Heap outstanding allocations: 14651K, retained: 2032K
glibc malloc tunables: (default)

/proc/sys/kernel/threads-max (system-wide limit on the number of threads):
30667
/proc/sys/vm/max_map_count (maximum number of memory map areas a process may have):
65530
/proc/sys/kernel/pid_max (system-wide limit on number of process identifiers):
4194304

container (cgroup) information:
container_type: cgroupv2
cpu_cpuset_cpus: not supported
cpu_memory_nodes: not supported
active_processor_count: 2
cpu_quota: not supported
cpu_period: not supported
cpu_shares: not supported
memory_limit_in_bytes: unlimited
memory_and_swap_limit_in_bytes: unlimited
memory_soft_limit_in_bytes: unlimited
memory_usage_in_bytes: 1957056 k
memory_max_usage_in_bytes: not supported
memory_swap_current_in_bytes: 1084552 k
memory_swap_max_limit_in_bytes: unlimited
maximum number of tasks: 4600
current number of tasks: 148

VMWare virtualization detected
Steal ticks since vm start: 0
Steal ticks percentage since vm start:  0.000

CPU:total 2 (initial active 2) (1 cores per cpu, 1 threads per core) family 6 model 140 stepping 1 microcode 0xffffffff, cmov, cx8, fxsr, mmx, sse, sse2, sse3, ssse3, sse4.1, sse4.2, popcnt, avx, avx2, aes, clmul, erms, 3dnowpref, lzcnt, tsc, tscinvbit, bmi1, bmi2, adx, evex, sha, fma
CPU Model and flags from /proc/cpuinfo:
model name	: 11th Gen Intel(R) Core(TM) i7-1165G7 @ 2.80GHz
flags		: fpu vme de pse tsc msr pae mce cx8 apic sep mtrr pge mca cmov pat pse36 clflush mmx fxsr sse sse2 ss syscall nx pdpe1gb rdtscp lm constant_tsc arch_perfmon rep_good nopl xtopology tsc_reliable nonstop_tsc cpuid tsc_known_freq pni pclmulqdq ssse3 fma cx16 pcid sse4_1 sse4_2 x2apic movbe popcnt tsc_deadline_timer aes xsave avx f16c rdrand hypervisor lahf_lm abm 3dnowprefetch invpcid_single pti ssbd ibrs ibpb stibp fsgsbase tsc_adjust bmi1 avx2 smep bmi2 erms invpcid avx512f avx512dq rdseed adx smap avx512ifma clflushopt clwb avx512cd sha_ni avx512bw avx512vl xsaveopt xsavec xgetbv1 xsaves arat avx512vbmi umip avx512_vbmi2 gfni vaes vpclmulqdq avx512_vnni avx512_bitalg avx512_vpopcntdq rdpid fsrm avx512_vp2intersect flush_l1d arch_capabilities
Online cpus:
0-1
Offline cpus:

BIOS frequency limitation:
<Not Available>
Frequency switch latency (ns):
<Not Available>
Available cpu frequencies:
<Not Available>
Current governor:
<Not Available>
Core performance/turbo boost:
<Not Available>

Memory: 4k page, physical 4005236k(170016k free), swap 3512316k(1491512k free)

vm_info: OpenJDK 64-Bit Server VM (11.0.19+7-post-Ubuntu-0ubuntu122.04.1) for linux-amd64 JRE (11.0.19+7-post-Ubuntu-0ubuntu122.04.1), built on May 10 2023 00:54:00 by "unknown" with gcc 11.3.0

END.
