#
# A fatal error has been detected by the Java Runtime Environment:
#
#  SIGSEGV (0xb) at pc=0x00007f16d602c882, pid=19573, tid=19575
#
# JRE version: OpenJDK Runtime Environment (11.0.19+7) (build 11.0.19+7-post-Ubuntu-0ubuntu122.04.1)
# Java VM: OpenJDK 64-Bit Server VM (11.0.19+7-post-Ubuntu-0ubuntu122.04.1, mixed mode, sharing, tiered, compressed oops, g1 gc, linux-amd64)
# Problematic frame:
# C  [libLLVM-13.so+0xc2c882]  LLVMBuildLoad+0x12
#
# Core dump will be written. Default location: Core dumps may be processed with "/usr/share/apport/apport -p%p -s%s -c%c -d%d -P%P -u%u -g%g -- %E" (or dumping to /home/doudou/lab/Lab/core.19573)
#
# If you would like to submit a bug report, please visit:
#   https://bugs.launchpad.net/ubuntu/+source/openjdk-lts
# The crash happened outside the Java Virtual Machine in native code.
# See problematic frame for where to report the bug.
#

---------------  S U M M A R Y ------------

Command Line: -javaagent:/snap/intellij-idea-ultimate/437/lib/idea_rt.jar=43507:/snap/intellij-idea-ultimate/437/bin -Dfile.encoding=UTF-8 Main /home/doudou/lab/Lab/tests/test1.sysy /home/doudou/lab/Lab/tests/out.txt

Host: 11th Gen Intel(R) Core(TM) i7-1165G7 @ 2.80GHz, 2 cores, 3G, Ubuntu 22.04.2 LTS
Time: Tue Jun 27 21:01:21 2023 CST elapsed time: 1.022299 seconds (0d 0h 0m 1s)

---------------  T H R E A D  ---------------

Current thread (0x00007f1730016800):  JavaThread "main" [_thread_in_native, id=19575, stack(0x00007f17396e0000,0x00007f17397e0000)]

Stack: [0x00007f17396e0000,0x00007f17397e0000],  sp=0x00007f17397ddda0,  free space=1015k
Native frames: (J=compiled Java code, A=aot compiled Java code, j=interpreted, Vv=VM code, C=native code)
C  [libLLVM-13.so+0xc2c882]  LLVMBuildLoad+0x12

Java frames: (J=compiled Java code, j=interpreted, Vv=VM code)
j  org.bytedeco.llvm.global.LLVM.LLVMBuildLoad(Lorg/bytedeco/llvm/LLVM/LLVMBuilderRef;Lorg/bytedeco/llvm/LLVM/LLVMValueRef;Ljava/lang/String;)Lorg/bytedeco/llvm/LLVM/LLVMValueRef;+0
j  SysYLlvmVisitor.visitExp(LSysYParser$ExpContext;)Lorg/bytedeco/llvm/LLVM/LLVMValueRef;+70
j  SysYLlvmVisitor.visitExp(LSysYParser$ExpContext;)Lorg/bytedeco/llvm/LLVM/LLVMValueRef;+508
j  SysYLlvmVisitor.visitStmt(LSysYParser$StmtContext;)Lorg/bytedeco/llvm/LLVM/LLVMValueRef;+95
j  SysYLlvmVisitor.visitStmt(LSysYParser$StmtContext;)Ljava/lang/Object;+2
j  SysYParser$StmtContext.accept(Lorg/antlr/v4/runtime/tree/ParseTreeVisitor;)Ljava/lang/Object;+12
j  org.antlr.v4.runtime.tree.AbstractParseTreeVisitor.visitChildren(Lorg/antlr/v4/runtime/tree/RuleNode;)Ljava/lang/Object;+46
j  SysYParserBaseVisitor.visitBlockItem(LSysYParser$BlockItemContext;)Ljava/lang/Object;+2
j  SysYParser$BlockItemContext.accept(Lorg/antlr/v4/runtime/tree/ParseTreeVisitor;)Ljava/lang/Object;+12
j  org.antlr.v4.runtime.tree.AbstractParseTreeVisitor.visitChildren(Lorg/antlr/v4/runtime/tree/RuleNode;)Ljava/lang/Object;+46
j  SysYParserBaseVisitor.visitBlock(LSysYParser$BlockContext;)Ljava/lang/Object;+2
j  SysYParser$BlockContext.accept(Lorg/antlr/v4/runtime/tree/ParseTreeVisitor;)Ljava/lang/Object;+12
j  org.antlr.v4.runtime.tree.AbstractParseTreeVisitor.visit(Lorg/antlr/v4/runtime/tree/ParseTree;)Ljava/lang/Object;+2
j  SysYLlvmVisitor.visitFuncDef(LSysYParser$FuncDefContext;)Lorg/bytedeco/llvm/LLVM/LLVMValueRef;+552
j  SysYLlvmVisitor.visitCompUnit(LSysYParser$CompUnitContext;)Lorg/bytedeco/llvm/LLVM/LLVMValueRef;+1008
j  SysYLlvmVisitor.visitCompUnit(LSysYParser$CompUnitContext;)Ljava/lang/Object;+2
j  SysYParser$CompUnitContext.accept(Lorg/antlr/v4/runtime/tree/ParseTreeVisitor;)Ljava/lang/Object;+12
j  org.antlr.v4.runtime.tree.AbstractParseTreeVisitor.visitChildren(Lorg/antlr/v4/runtime/tree/RuleNode;)Ljava/lang/Object;+46
j  SysYParserBaseVisitor.visitProgram(LSysYParser$ProgramContext;)Ljava/lang/Object;+2
j  SysYParser$ProgramContext.accept(Lorg/antlr/v4/runtime/tree/ParseTreeVisitor;)Ljava/lang/Object;+12
j  org.antlr.v4.runtime.tree.AbstractParseTreeVisitor.visit(Lorg/antlr/v4/runtime/tree/ParseTree;)Ljava/lang/Object;+2
j  Main.main([Ljava/lang/String;)V+218
v  ~StubRoutines::call_stub

siginfo: si_signo: 11 (SIGSEGV), si_code: 1 (SEGV_MAPERR), si_addr: 0x0000000000000000

Register to memory mapping:

RAX=0x00007f173040d610 points into unknown readable memory: 0x00007f0074726f73 | 73 6f 72 74 00 7f 00 00
RBX=0x0 is NULL
RCX=0x0000000074726f73 is an unknown value
RDX=0x00007f173040d610 points into unknown readable memory: 0x00007f0074726f73 | 73 6f 72 74 00 7f 00 00
RSP=0x00007f17397ddda0 is pointing into the stack for thread: 0x00007f1730016800
RBP=0x00007f17303dca40 points into unknown readable memory: 0x00007f17303dca50 | 50 ca 3d 30 17 7f 00 00
RSI=0x0 is NULL
RDI=0x00007f17303dca40 points into unknown readable memory: 0x00007f17303dca50 | 50 ca 3d 30 17 7f 00 00
R8 =0x00000000c67a7560 points into unknown readable memory: 0x0000000074726f73 | 73 6f 72 74 00 00 00 00
R9 =0x0000000000000002 is an unknown value
R10=0x00007f16d5451700: <offset 0x0000000000051700> in /home/doudou/.javacpp/cache/llvm-13.0.1-1.5.7-linux-x86_64.jar/org/bytedeco/llvm/linux-x86_64/libLLVM-13.so at 0x00007f16d5400000
R11=0x00007f16d602c870: LLVMBuildLoad+0x0000000000000000 in /home/doudou/.javacpp/cache/llvm-13.0.1-1.5.7-linux-x86_64.jar/org/bytedeco/llvm/linux-x86_64/libLLVM-13.so at 0x00007f16d5400000
R12=0x0 is NULL
R13=0x0 is NULL
R14=0x00007f173040d610 points into unknown readable memory: 0x00007f0074726f73 | 73 6f 72 74 00 7f 00 00
R15=0x00007f1730016800 is a thread


Registers:
RAX=0x00007f173040d610, RBX=0x0000000000000000, RCX=0x0000000074726f73, RDX=0x00007f173040d610
RSP=0x00007f17397ddda0, RBP=0x00007f17303dca40, RSI=0x0000000000000000, RDI=0x00007f17303dca40
R8 =0x00000000c67a7560, R9 =0x0000000000000002, R10=0x00007f16d5451700, R11=0x00007f16d602c870
R12=0x0000000000000000, R13=0x0000000000000000, R14=0x00007f173040d610, R15=0x00007f1730016800
RIP=0x00007f16d602c882, EFLAGS=0x0000000000010206, CSGSFS=0x002b000000000033, ERR=0x0000000000000004
  TRAPNO=0x000000000000000e

Top of Stack: (sp=0x00007f17397ddda0)
0x00007f17397ddda0:   0000000000000000 0000000000000000
0x00007f17397dddb0:   0000000000000000 0000000000000000
0x00007f17397dddc0:   cafebabecafebabe 0000000000000000
0x00007f17397dddd0:   0000000000000000 0000000000000000 

Instructions: (pc=0x00007f16d602c882)
0x00007f16d602c782:   89 c4 4c 8d 4c 24 40 e8 92 57 09 00 48 8b 7d 50
0x00007f16d602c792:   48 8b 4d 30 4c 89 e6 48 8d 54 24 10 4c 8b 45 38
0x00007f16d602c7a2:   48 8b 07 ff 50 10 48 8b 5d 00 8b 6d 08 5a 59 48
0x00007f16d602c7b2:   c1 e5 04 48 01 dd 48 39 eb 74 1a 0f 1f 00 48 8b
0x00007f16d602c7c2:   53 08 8b 33 4c 89 e7 48 83 c3 10 e8 6e 16 0e 00
0x00007f16d602c7d2:   48 39 dd 75 e9 48 83 c4 68 4c 89 e0 5b 5d 41 5c
0x00007f16d602c7e2:   41 5d 41 5e 41 5f c3 0f 1f 80 00 00 00 00 41 54
0x00007f16d602c7f2:   b8 01 01 00 00 55 48 89 fd 48 89 f7 53 48 83 ec
0x00007f16d602c802:   30 48 8b 75 30 66 89 44 24 20 e8 ef 24 09 00 48
0x00007f16d602c812:   8b 7d 50 48 8b 4d 30 48 89 e2 49 89 c4 4c 8b 45
0x00007f16d602c822:   38 48 8b 07 4c 89 e6 ff 50 10 48 8b 5d 00 8b 6d
0x00007f16d602c832:   08 48 c1 e5 04 48 01 dd 48 39 eb 74 18 90 48 8b
0x00007f16d602c842:   53 08 8b 33 4c 89 e7 48 83 c3 10 e8 ee 15 0e 00
0x00007f16d602c852:   48 39 dd 75 e9 48 83 c4 30 4c 89 e0 5b 5d 41 5c
0x00007f16d602c862:   c3 66 2e 0f 1f 84 00 00 00 00 00 0f 1f 00 41 56
0x00007f16d602c872:   41 55 49 89 f5 41 54 55 48 89 fd 53 48 83 ec 60
0x00007f16d602c882:   48 8b 06 80 3a 00 be 01 01 00 00 4c 8b 70 18 66
0x00007f16d602c892:   89 74 24 20 74 09 48 89 14 24 c6 44 24 20 03 48
0x00007f16d602c8a2:   8b 7d 30 e8 d6 15 fc ff 48 89 c7 e8 4e 47 0e 00
0x00007f16d602c8b2:   4c 89 f6 48 89 c7 e8 b3 46 01 00 be 01 00 00 00
0x00007f16d602c8c2:   bf 40 00 00 00 89 c3 b8 01 01 00 00 66 89 44 24
0x00007f16d602c8d2:   50 e8 a8 0a 13 00 48 8d 4c 24 30 41 89 d9 45 31
0x00007f16d602c8e2:   c0 48 83 ec 08 48 89 c7 4c 89 ea 4c 89 f6 6a 00
0x00007f16d602c8f2:   49 89 c4 e8 26 5d 09 00 48 8b 7d 50 48 8b 4d 30
0x00007f16d602c902:   4c 89 e6 48 8d 54 24 10 4c 8b 45 38 48 8b 07 ff
0x00007f16d602c912:   50 10 48 8b 5d 00 8b 6d 08 5a 59 48 c1 e5 04 48
0x00007f16d602c922:   01 dd 48 39 eb 74 1e 0f 1f 80 00 00 00 00 48 8b
0x00007f16d602c932:   53 08 8b 33 4c 89 e7 48 83 c3 10 e8 fe 14 0e 00
0x00007f16d602c942:   48 39 dd 75 e9 48 83 c4 60 4c 89 e0 5b 5d 41 5c
0x00007f16d602c952:   41 5d 41 5e c3 66 0f 1f 84 00 00 00 00 00 41 56
0x00007f16d602c962:   49 89 d6 41 55 49 89 f5 be 01 01 00 00 41 54 55
0x00007f16d602c972:   48 89 fd 53 48 83 ec 60 80 39 00 66 89 74 24 20 


Stack slot to memory mapping:
stack at sp + 0 slots: 0x0 is NULL
stack at sp + 1 slots: 0x0 is NULL
stack at sp + 2 slots: 0x0 is NULL
stack at sp + 3 slots: 0x0 is NULL
stack at sp + 4 slots: 0xcafebabecafebabe is an unknown value
stack at sp + 5 slots: 0x0 is NULL
stack at sp + 6 slots: 0x0 is NULL
stack at sp + 7 slots: 0x0 is NULL


---------------  P R O C E S S  ---------------

Threads class SMR info:
_java_thread_list=0x00007f173021c030, length=11, elements={
0x00007f1730016800, 0x00007f1730120000, 0x00007f1730122000, 0x00007f1730128800,
0x00007f173012a800, 0x00007f173012c800, 0x00007f173012f000, 0x00007f1730131000,
0x00007f1730146800, 0x00007f17301fd000, 0x00007f1730217800
}

Java Threads: ( => current thread )
=>0x00007f1730016800 JavaThread "main" [_thread_in_native, id=19575, stack(0x00007f17396e0000,0x00007f17397e0000)]
  0x00007f1730120000 JavaThread "Reference Handler" daemon [_thread_blocked, id=19590, stack(0x00007f1734739000,0x00007f1734839000)]
  0x00007f1730122000 JavaThread "Finalizer" daemon [_thread_blocked, id=19591, stack(0x00007f1734639000,0x00007f1734739000)]
  0x00007f1730128800 JavaThread "Signal Dispatcher" daemon [_thread_blocked, id=19597, stack(0x00007f1734539000,0x00007f1734639000)]
  0x00007f173012a800 JavaThread "Service Thread" daemon [_thread_blocked, id=19598, stack(0x00007f1734439000,0x00007f1734539000)]
  0x00007f173012c800 JavaThread "C2 CompilerThread0" daemon [_thread_blocked, id=19599, stack(0x00007f1734339000,0x00007f1734439000)]
  0x00007f173012f000 JavaThread "C1 CompilerThread0" daemon [_thread_blocked, id=19600, stack(0x00007f1734239000,0x00007f1734339000)]
  0x00007f1730131000 JavaThread "Sweeper thread" daemon [_thread_blocked, id=19601, stack(0x00007f1734139000,0x00007f1734239000)]
  0x00007f1730146800 JavaThread "Common-Cleaner" daemon [_thread_blocked, id=19602, stack(0x00007f1734039000,0x00007f1734139000)]
  0x00007f17301fd000 JavaThread "Monitor Ctrl-Break" daemon [_thread_in_native, id=19604, stack(0x00007f172ff00000,0x00007f1730000000)]
  0x00007f1730217800 JavaThread "JavaCPP Deallocator" daemon [_thread_blocked, id=19607, stack(0x00007f17183fe000,0x00007f17184fe000)]

Other Threads:
  0x00007f173011d000 VMThread "VM Thread" [stack: 0x00007f173483b000,0x00007f173493b000] [id=19587]
  0x00007f17301fe800 WatcherThread [stack: 0x00007f1718500000,0x00007f1718600000] [id=19605]
  0x00007f173002f800 GCTaskThread "GC Thread#0" [stack: 0x00007f1737e15000,0x00007f1737f15000] [id=19581]
  0x00007f1700001000 GCTaskThread "GC Thread#1" [stack: 0x00007f17182fe000,0x00007f17183fe000] [id=19608]
  0x00007f173004a800 ConcurrentGCThread "G1 Main Marker" [stack: 0x00007f17356c6000,0x00007f17357c6000] [id=19582]
  0x00007f173004c800 ConcurrentGCThread "G1 Conc#0" [stack: 0x00007f17355c4000,0x00007f17356c4000] [id=19583]
  0x00007f1730087800 ConcurrentGCThread "G1 Refine#0" [stack: 0x00007f17352c0000,0x00007f17353c0000] [id=19584]
  0x00007f1730089800 ConcurrentGCThread "G1 Young RemSet Sampling" [stack: 0x00007f17351be000,0x00007f17352be000] [id=19585]

Threads with active compile tasks:

VM state:not at safepoint (normal execution)

VM Mutex/Monitor currently owned by a thread: None

Heap address: 0x00000000c2e00000, size: 978 MB, Compressed Oops mode: 32-bit
Narrow klass base: 0x0000000800000000, Narrow klass shift: 3
Compressed class space size: 1073741824 Address: 0x0000000840000000

Heap:
 garbage-first heap   total 65536K, used 6443K [0x00000000c2e00000, 0x0000000100000000)
  region size 1024K, 6 young (6144K), 1 survivors (1024K)
 Metaspace       used 4112K, capacity 6722K, committed 6912K, reserved 1056768K
  class space    used 471K, capacity 735K, committed 768K, reserved 1048576K
Heap Regions: E=young(eden), S=young(survivor), O=old, HS=humongous(starts), HC=humongous(continues), CS=collection set, F=free, A=archive, TAMS=top-at-mark-start (previous, next)
|   0|0x00000000c2e00000, 0x00000000c2e98c00, 0x00000000c2f00000| 59%| O|  |TAMS 0x00000000c2e00000, 0x00000000c2e00000| Untracked 
|   1|0x00000000c2f00000, 0x00000000c2f00000, 0x00000000c3000000|  0%| F|  |TAMS 0x00000000c2f00000, 0x00000000c2f00000| Untracked 
|   2|0x00000000c3000000, 0x00000000c3000000, 0x00000000c3100000|  0%| F|  |TAMS 0x00000000c3000000, 0x00000000c3000000| Untracked 
|   3|0x00000000c3100000, 0x00000000c3100000, 0x00000000c3200000|  0%| F|  |TAMS 0x00000000c3100000, 0x00000000c3100000| Untracked 
|   4|0x00000000c3200000, 0x00000000c3200000, 0x00000000c3300000|  0%| F|  |TAMS 0x00000000c3200000, 0x00000000c3200000| Untracked 
|   5|0x00000000c3300000, 0x00000000c3300000, 0x00000000c3400000|  0%| F|  |TAMS 0x00000000c3300000, 0x00000000c3300000| Untracked 
|   6|0x00000000c3400000, 0x00000000c3400000, 0x00000000c3500000|  0%| F|  |TAMS 0x00000000c3400000, 0x00000000c3400000| Untracked 
|   7|0x00000000c3500000, 0x00000000c3500000, 0x00000000c3600000|  0%| F|  |TAMS 0x00000000c3500000, 0x00000000c3500000| Untracked 
|   8|0x00000000c3600000, 0x00000000c3600000, 0x00000000c3700000|  0%| F|  |TAMS 0x00000000c3600000, 0x00000000c3600000| Untracked 
|   9|0x00000000c3700000, 0x00000000c3700000, 0x00000000c3800000|  0%| F|  |TAMS 0x00000000c3700000, 0x00000000c3700000| Untracked 
|  10|0x00000000c3800000, 0x00000000c3800000, 0x00000000c3900000|  0%| F|  |TAMS 0x00000000c3800000, 0x00000000c3800000| Untracked 
|  11|0x00000000c3900000, 0x00000000c3900000, 0x00000000c3a00000|  0%| F|  |TAMS 0x00000000c3900000, 0x00000000c3900000| Untracked 
|  12|0x00000000c3a00000, 0x00000000c3a00000, 0x00000000c3b00000|  0%| F|  |TAMS 0x00000000c3a00000, 0x00000000c3a00000| Untracked 
|  13|0x00000000c3b00000, 0x00000000c3b00000, 0x00000000c3c00000|  0%| F|  |TAMS 0x00000000c3b00000, 0x00000000c3b00000| Untracked 
|  14|0x00000000c3c00000, 0x00000000c3c00000, 0x00000000c3d00000|  0%| F|  |TAMS 0x00000000c3c00000, 0x00000000c3c00000| Untracked 
|  15|0x00000000c3d00000, 0x00000000c3d00000, 0x00000000c3e00000|  0%| F|  |TAMS 0x00000000c3d00000, 0x00000000c3d00000| Untracked 
|  16|0x00000000c3e00000, 0x00000000c3e00000, 0x00000000c3f00000|  0%| F|  |TAMS 0x00000000c3e00000, 0x00000000c3e00000| Untracked 
|  17|0x00000000c3f00000, 0x00000000c3f00000, 0x00000000c4000000|  0%| F|  |TAMS 0x00000000c3f00000, 0x00000000c3f00000| Untracked 
|  18|0x00000000c4000000, 0x00000000c4000000, 0x00000000c4100000|  0%| F|  |TAMS 0x00000000c4000000, 0x00000000c4000000| Untracked 
|  19|0x00000000c4100000, 0x00000000c4100000, 0x00000000c4200000|  0%| F|  |TAMS 0x00000000c4100000, 0x00000000c4100000| Untracked 
|  20|0x00000000c4200000, 0x00000000c4200000, 0x00000000c4300000|  0%| F|  |TAMS 0x00000000c4200000, 0x00000000c4200000| Untracked 
|  21|0x00000000c4300000, 0x00000000c4300000, 0x00000000c4400000|  0%| F|  |TAMS 0x00000000c4300000, 0x00000000c4300000| Untracked 
|  22|0x00000000c4400000, 0x00000000c4400000, 0x00000000c4500000|  0%| F|  |TAMS 0x00000000c4400000, 0x00000000c4400000| Untracked 
|  23|0x00000000c4500000, 0x00000000c4500000, 0x00000000c4600000|  0%| F|  |TAMS 0x00000000c4500000, 0x00000000c4500000| Untracked 
|  24|0x00000000c4600000, 0x00000000c4600000, 0x00000000c4700000|  0%| F|  |TAMS 0x00000000c4600000, 0x00000000c4600000| Untracked 
|  25|0x00000000c4700000, 0x00000000c4700000, 0x00000000c4800000|  0%| F|  |TAMS 0x00000000c4700000, 0x00000000c4700000| Untracked 
|  26|0x00000000c4800000, 0x00000000c4800000, 0x00000000c4900000|  0%| F|  |TAMS 0x00000000c4800000, 0x00000000c4800000| Untracked 
|  27|0x00000000c4900000, 0x00000000c4900000, 0x00000000c4a00000|  0%| F|  |TAMS 0x00000000c4900000, 0x00000000c4900000| Untracked 
|  28|0x00000000c4a00000, 0x00000000c4a00000, 0x00000000c4b00000|  0%| F|  |TAMS 0x00000000c4a00000, 0x00000000c4a00000| Untracked 
|  29|0x00000000c4b00000, 0x00000000c4b00000, 0x00000000c4c00000|  0%| F|  |TAMS 0x00000000c4b00000, 0x00000000c4b00000| Untracked 
|  30|0x00000000c4c00000, 0x00000000c4c00000, 0x00000000c4d00000|  0%| F|  |TAMS 0x00000000c4c00000, 0x00000000c4c00000| Untracked 
|  31|0x00000000c4d00000, 0x00000000c4d00000, 0x00000000c4e00000|  0%| F|  |TAMS 0x00000000c4d00000, 0x00000000c4d00000| Untracked 
|  32|0x00000000c4e00000, 0x00000000c4e00000, 0x00000000c4f00000|  0%| F|  |TAMS 0x00000000c4e00000, 0x00000000c4e00000| Untracked 
|  33|0x00000000c4f00000, 0x00000000c4f00000, 0x00000000c5000000|  0%| F|  |TAMS 0x00000000c4f00000, 0x00000000c4f00000| Untracked 
|  34|0x00000000c5000000, 0x00000000c5000000, 0x00000000c5100000|  0%| F|  |TAMS 0x00000000c5000000, 0x00000000c5000000| Untracked 
|  35|0x00000000c5100000, 0x00000000c5100000, 0x00000000c5200000|  0%| F|  |TAMS 0x00000000c5100000, 0x00000000c5100000| Untracked 
|  36|0x00000000c5200000, 0x00000000c5200000, 0x00000000c5300000|  0%| F|  |TAMS 0x00000000c5200000, 0x00000000c5200000| Untracked 
|  37|0x00000000c5300000, 0x00000000c5300000, 0x00000000c5400000|  0%| F|  |TAMS 0x00000000c5300000, 0x00000000c5300000| Untracked 
|  38|0x00000000c5400000, 0x00000000c5400000, 0x00000000c5500000|  0%| F|  |TAMS 0x00000000c5400000, 0x00000000c5400000| Untracked 
|  39|0x00000000c5500000, 0x00000000c5500000, 0x00000000c5600000|  0%| F|  |TAMS 0x00000000c5500000, 0x00000000c5500000| Untracked 
|  40|0x00000000c5600000, 0x00000000c5600000, 0x00000000c5700000|  0%| F|  |TAMS 0x00000000c5600000, 0x00000000c5600000| Untracked 
|  41|0x00000000c5700000, 0x00000000c5700000, 0x00000000c5800000|  0%| F|  |TAMS 0x00000000c5700000, 0x00000000c5700000| Untracked 
|  42|0x00000000c5800000, 0x00000000c5800000, 0x00000000c5900000|  0%| F|  |TAMS 0x00000000c5800000, 0x00000000c5800000| Untracked 
|  43|0x00000000c5900000, 0x00000000c5900000, 0x00000000c5a00000|  0%| F|  |TAMS 0x00000000c5900000, 0x00000000c5900000| Untracked 
|  44|0x00000000c5a00000, 0x00000000c5a00000, 0x00000000c5b00000|  0%| F|  |TAMS 0x00000000c5a00000, 0x00000000c5a00000| Untracked 
|  45|0x00000000c5b00000, 0x00000000c5b00000, 0x00000000c5c00000|  0%| F|  |TAMS 0x00000000c5b00000, 0x00000000c5b00000| Untracked 
|  46|0x00000000c5c00000, 0x00000000c5c00000, 0x00000000c5d00000|  0%| F|  |TAMS 0x00000000c5c00000, 0x00000000c5c00000| Untracked 
|  47|0x00000000c5d00000, 0x00000000c5d00000, 0x00000000c5e00000|  0%| F|  |TAMS 0x00000000c5d00000, 0x00000000c5d00000| Untracked 
|  48|0x00000000c5e00000, 0x00000000c5e00000, 0x00000000c5f00000|  0%| F|  |TAMS 0x00000000c5e00000, 0x00000000c5e00000| Untracked 
|  49|0x00000000c5f00000, 0x00000000c5f00000, 0x00000000c6000000|  0%| F|  |TAMS 0x00000000c5f00000, 0x00000000c5f00000| Untracked 
|  50|0x00000000c6000000, 0x00000000c6000000, 0x00000000c6100000|  0%| F|  |TAMS 0x00000000c6000000, 0x00000000c6000000| Untracked 
|  51|0x00000000c6100000, 0x00000000c6100000, 0x00000000c6200000|  0%| F|  |TAMS 0x00000000c6100000, 0x00000000c6100000| Untracked 
|  52|0x00000000c6200000, 0x00000000c6200000, 0x00000000c6300000|  0%| F|  |TAMS 0x00000000c6200000, 0x00000000c6200000| Untracked 
|  53|0x00000000c6300000, 0x00000000c6300000, 0x00000000c6400000|  0%| F|  |TAMS 0x00000000c6300000, 0x00000000c6300000| Untracked 
|  54|0x00000000c6400000, 0x00000000c6500000, 0x00000000c6500000|100%| S|CS|TAMS 0x00000000c6400000, 0x00000000c6400000| Complete 
|  55|0x00000000c6500000, 0x00000000c6500000, 0x00000000c6600000|  0%| F|  |TAMS 0x00000000c6500000, 0x00000000c6500000| Untracked 
|  56|0x00000000c6600000, 0x00000000c6600000, 0x00000000c6700000|  0%| F|  |TAMS 0x00000000c6600000, 0x00000000c6600000| Untracked 
|  57|0x00000000c6700000, 0x00000000c6800000, 0x00000000c6800000|100%| E|  |TAMS 0x00000000c6700000, 0x00000000c6700000| Complete 
|  58|0x00000000c6800000, 0x00000000c6900000, 0x00000000c6900000|100%| E|CS|TAMS 0x00000000c6800000, 0x00000000c6800000| Complete 
|  59|0x00000000c6900000, 0x00000000c6a00000, 0x00000000c6a00000|100%| E|CS|TAMS 0x00000000c6900000, 0x00000000c6900000| Complete 
|  60|0x00000000c6a00000, 0x00000000c6b00000, 0x00000000c6b00000|100%| E|CS|TAMS 0x00000000c6a00000, 0x00000000c6a00000| Complete 
|  61|0x00000000c6b00000, 0x00000000c6c00000, 0x00000000c6c00000|100%| E|CS|TAMS 0x00000000c6b00000, 0x00000000c6b00000| Complete 
| 976|0x00000000ffe00000, 0x00000000ffe47000, 0x00000000fff00000| 27%|OA|  |TAMS 0x00000000ffe00000, 0x00000000ffe00000| Untracked 
| 977|0x00000000fff00000, 0x00000000fff6b000, 0x0000000100000000| 41%|CA|  |TAMS 0x00000000fff00000, 0x00000000fff00000| Untracked 

Card table byte_map: [0x00007f173783f000,0x00007f1737a28000] _byte_map_base: 0x00007f1737228000

Marking Bits (Prev, Next): (CMBitMap*) 0x00007f1730045b88, (CMBitMap*) 0x00007f1730045bc0
 Prev Bits: [0x00007f173670e000, 0x00007f1737656000)
 Next Bits: [0x00007f17357c6000, 0x00007f173670e000)

Polling page: 0x00007f1739b4f000

Metaspace:

Usage:
  Non-class:      5.85 MB capacity,     3.56 MB ( 61%) used,     2.28 MB ( 39%) free+waste,    11.19 KB ( <1%) overhead. 
      Class:    735.00 KB capacity,   471.10 KB ( 64%) used,   257.65 KB ( 35%) free+waste,     6.25 KB ( <1%) overhead. 
       Both:      6.56 MB capacity,     4.02 MB ( 61%) used,     2.53 MB ( 39%) free+waste,    17.44 KB ( <1%) overhead. 

Virtual space:
  Non-class space:        8.00 MB reserved,       6.00 MB ( 75%) committed 
      Class space:        1.00 GB reserved,     768.00 KB ( <1%) committed 
             Both:        1.01 GB reserved,       6.75 MB ( <1%) committed 

Chunk freelists:
   Non-Class:  0 bytes
       Class:  1.00 KB
        Both:  1.00 KB

MaxMetaspaceSize: unlimited
CompressedClassSpaceSize: 1.00 GB
Initial GC threshold: 20.80 MB
Current GC threshold: 20.80 MB
CDS: on

CodeHeap 'non-profiled nmethods': size=120036Kb used=256Kb max_used=256Kb free=119780Kb
 bounds [0x00007f17200c7000, 0x00007f1720337000, 0x00007f1727600000]
CodeHeap 'profiled nmethods': size=120032Kb used=1134Kb max_used=1134Kb free=118897Kb
 bounds [0x00007f1718b8f000, 0x00007f1718dff000, 0x00007f17200c7000]
CodeHeap 'non-nmethods': size=5692Kb used=1168Kb max_used=1181Kb free=4523Kb
 bounds [0x00007f1718600000, 0x00007f1718870000, 0x00007f1718b8f000]
 total_blobs=1172 nmethods=750 adapters=336
 compilation: enabled
              stopped_count=0, restarted_count=0
 full_count=0

Compilation events (20 events):
Event: 1.009 Thread 0x00007f173012f000 nmethod 738 0x00007f1718ca0a90 code [0x00007f1718ca0cc0, 0x00007f1718ca1280]
Event: 1.009 Thread 0x00007f173012f000  739       3       java.lang.invoke.LambdaForm$NamedFunction::returnType (11 bytes)
Event: 1.009 Thread 0x00007f173012f000 nmethod 739 0x00007f1718ca1590 code [0x00007f1718ca17a0, 0x00007f1718ca1c20]
Event: 1.009 Thread 0x00007f173012f000  729       3       jdk.internal.org.objectweb.asm.ClassWriter::addType (39 bytes)
Event: 1.010 Thread 0x00007f173012f000 nmethod 729 0x00007f1718ca1e10 code [0x00007f1718ca1fe0, 0x00007f1718ca2200]
Event: 1.010 Thread 0x00007f173012f000  734       3       java.lang.invoke.InvokerBytecodeGenerator::getInternalName (98 bytes)
Event: 1.010 Thread 0x00007f173012f000 nmethod 734 0x00007f1718ca2310 code [0x00007f1718ca2520, 0x00007f1718ca29f0]
Event: 1.010 Thread 0x00007f173012f000  742       3       sun.invoke.util.VerifyType::isNullConversion (157 bytes)
Event: 1.011 Thread 0x00007f173012f000 nmethod 742 0x00007f1718ca2b10 code [0x00007f1718ca2e20, 0x00007f1718ca4300]
Event: 1.011 Thread 0x00007f173012f000  727       3       jdk.internal.org.objectweb.asm.ClassWriter::newClass (11 bytes)
Event: 1.011 Thread 0x00007f173012f000 nmethod 727 0x00007f1718ca4790 code [0x00007f1718ca4940, 0x00007f1718ca4aa0]
Event: 1.011 Thread 0x00007f173012f000  746       3       jdk.internal.org.objectweb.asm.Frame::pop (45 bytes)
Event: 1.011 Thread 0x00007f173012f000 nmethod 746 0x00007f1718ca4b90 code [0x00007f1718ca4d40, 0x00007f1718ca4ed0]
Event: 1.011 Thread 0x00007f173012f000  745       3       java.lang.invoke.MemberName::getMethodOrFieldType (72 bytes)
Event: 1.012 Thread 0x00007f173012f000 nmethod 745 0x00007f1718ca4f90 code [0x00007f1718ca5300, 0x00007f1718ca6660]
Event: 1.012 Thread 0x00007f173012f000  735       3       java.lang.invoke.MethodType::parameterSlotCount (8 bytes)
Event: 1.013 Thread 0x00007f173012f000 nmethod 735 0x00007f1718ca6c90 code [0x00007f1718ca6e40, 0x00007f1718ca7050]
Event: 1.013 Thread 0x00007f173012f000  736       3       java.lang.invoke.MethodTypeForm::parameterSlotCount (9 bytes)
Event: 1.013 Thread 0x00007f173012c800 nmethod 705 0x00007f1720105e90 code [0x00007f1720106040, 0x00007f1720106598]
Event: 1.013 Thread 0x00007f173012c800  701       4       java.lang.StringBuilder::<init> (7 bytes)

GC Heap History (2 events):
Event: 0.723 GC heap before
{Heap before GC invocations=0 (full 0):
 garbage-first heap   total 65536K, used 6856K [0x00000000c2e00000, 0x0000000100000000)
  region size 1024K, 7 young (7168K), 0 survivors (0K)
 Metaspace       used 3095K, capacity 5944K, committed 6016K, reserved 1056768K
  class space    used 349K, capacity 600K, committed 640K, reserved 1048576K
}
Event: 0.750 GC heap after
{Heap after GC invocations=1 (full 0):
 garbage-first heap   total 65536K, used 2347K [0x00000000c2e00000, 0x0000000100000000)
  region size 1024K, 1 young (1024K), 1 survivors (1024K)
 Metaspace       used 3095K, capacity 5944K, committed 6016K, reserved 1056768K
  class space    used 349K, capacity 600K, committed 640K, reserved 1048576K
}

Deoptimization events (20 events):
Event: 0.704 Thread 0x00007f1730016800 DEOPT PACKING pc=0x00007f17200d02a4 sp=0x00007f17397dcd80
Event: 0.704 Thread 0x00007f1730016800 DEOPT UNPACKING pc=0x00007f17186082a5 sp=0x00007f17397dcd30 mode 2
Event: 0.707 Thread 0x00007f1730016800 Uncommon trap: trap_request=0xffffffc6 fr.pc=0x00007f17200d02a4 relative=0x0000000000000084
Event: 0.707 Thread 0x00007f1730016800 Uncommon trap: reason=bimorphic_or_optimized_type_check action=maybe_recompile pc=0x00007f17200d02a4 method=java.util.AbstractCollection.isEmpty()Z @ 1 c2
Event: 0.707 Thread 0x00007f1730016800 DEOPT PACKING pc=0x00007f17200d02a4 sp=0x00007f17397dcf60
Event: 0.707 Thread 0x00007f1730016800 DEOPT UNPACKING pc=0x00007f17186082a5 sp=0x00007f17397dcf10 mode 2
Event: 0.707 Thread 0x00007f1730016800 Uncommon trap: trap_request=0xffffffc6 fr.pc=0x00007f17200d02a4 relative=0x0000000000000084
Event: 0.707 Thread 0x00007f1730016800 Uncommon trap: reason=bimorphic_or_optimized_type_check action=maybe_recompile pc=0x00007f17200d02a4 method=java.util.AbstractCollection.isEmpty()Z @ 1 c2
Event: 0.707 Thread 0x00007f1730016800 DEOPT PACKING pc=0x00007f17200d02a4 sp=0x00007f17397dcf40
Event: 0.707 Thread 0x00007f1730016800 DEOPT UNPACKING pc=0x00007f17186082a5 sp=0x00007f17397dcef0 mode 2
Event: 0.810 Thread 0x00007f1730016800 DEOPT PACKING pc=0x00007f1718beeb24 sp=0x00007f17397dd700
Event: 0.815 Thread 0x00007f1730016800 DEOPT UNPACKING pc=0x00007f17186499fa sp=0x00007f17397dcb90 mode 0
Event: 0.894 Thread 0x00007f1730016800 DEOPT PACKING pc=0x00007f1718bc0fcf sp=0x00007f17397dd4a0
Event: 0.894 Thread 0x00007f1730016800 DEOPT UNPACKING pc=0x00007f17186499fa sp=0x00007f17397dc948 mode 0
Event: 0.895 Thread 0x00007f1730016800 DEOPT PACKING pc=0x00007f1718bc0fcf sp=0x00007f17397dd4a0
Event: 0.895 Thread 0x00007f1730016800 DEOPT UNPACKING pc=0x00007f17186499fa sp=0x00007f17397dc948 mode 0
Event: 0.897 Thread 0x00007f1730016800 DEOPT PACKING pc=0x00007f1718bc0fcf sp=0x00007f17397dd520
Event: 0.897 Thread 0x00007f1730016800 DEOPT UNPACKING pc=0x00007f17186499fa sp=0x00007f17397dc9c8 mode 0
Event: 0.898 Thread 0x00007f1730016800 DEOPT PACKING pc=0x00007f1718bc0fcf sp=0x00007f17397dd4c0
Event: 0.898 Thread 0x00007f1730016800 DEOPT UNPACKING pc=0x00007f17186499fa sp=0x00007f17397dc968 mode 0

Classes redefined (0 events):
No events

Internal exceptions (20 events):
Event: 0.281 Thread 0x00007f1730016800 Exception <a 'java/security/PrivilegedActionException'{0x00000000c6ae7e80}> (0x00000000c6ae7e80) thrown at [./src/hotspot/share/prims/jvm.cpp, line 1304]
Event: 0.281 Thread 0x00007f1730016800 Exception <a 'java/security/PrivilegedActionException'{0x00000000c6ae8150}> (0x00000000c6ae8150) thrown at [./src/hotspot/share/prims/jvm.cpp, line 1304]
Event: 0.281 Thread 0x00007f1730016800 Exception <a 'java/security/PrivilegedActionException'{0x00000000c6ae8ad8}> (0x00000000c6ae8ad8) thrown at [./src/hotspot/share/prims/jvm.cpp, line 1304]
Event: 0.281 Thread 0x00007f1730016800 Exception <a 'java/security/PrivilegedActionException'{0x00000000c6ae8da8}> (0x00000000c6ae8da8) thrown at [./src/hotspot/share/prims/jvm.cpp, line 1304]
Event: 0.282 Thread 0x00007f1730016800 Exception <a 'java/security/PrivilegedActionException'{0x00000000c6ae9730}> (0x00000000c6ae9730) thrown at [./src/hotspot/share/prims/jvm.cpp, line 1304]
Event: 0.282 Thread 0x00007f1730016800 Exception <a 'java/security/PrivilegedActionException'{0x00000000c6ae9a00}> (0x00000000c6ae9a00) thrown at [./src/hotspot/share/prims/jvm.cpp, line 1304]
Event: 0.282 Thread 0x00007f1730016800 Exception <a 'java/security/PrivilegedActionException'{0x00000000c6aea370}> (0x00000000c6aea370) thrown at [./src/hotspot/share/prims/jvm.cpp, line 1304]
Event: 0.282 Thread 0x00007f1730016800 Exception <a 'java/security/PrivilegedActionException'{0x00000000c6aea640}> (0x00000000c6aea640) thrown at [./src/hotspot/share/prims/jvm.cpp, line 1304]
Event: 0.282 Thread 0x00007f1730016800 Exception <a 'java/security/PrivilegedActionException'{0x00000000c6aeafc8}> (0x00000000c6aeafc8) thrown at [./src/hotspot/share/prims/jvm.cpp, line 1304]
Event: 0.282 Thread 0x00007f1730016800 Exception <a 'java/security/PrivilegedActionException'{0x00000000c6aeb298}> (0x00000000c6aeb298) thrown at [./src/hotspot/share/prims/jvm.cpp, line 1304]
Event: 0.336 Thread 0x00007f1730016800 Exception <a 'java/lang/NoSuchMethodError'{0x00000000c699a178}: 'int java.lang.invoke.DirectMethodHandle$Holder.invokeStaticInit(java.lang.Object, java.lang.Object, java.lang.Object, java.lang.Object)'> (0x00000000c699a178) thrown at [./src/hotspot/share/interpreter/linkResolver.cpp, line 772]
Event: 0.338 Thread 0x00007f1730016800 Exception <a 'java/lang/IncompatibleClassChangeError'{0x00000000c69a3ef8}: Found class java.lang.Object, but interface was expected> (0x00000000c69a3ef8) thrown at [./src/hotspot/share/interpreter/linkResolver.cpp, line 839]
Event: 0.339 Thread 0x00007f1730016800 Exception <a 'java/lang/NoSuchMethodError'{0x00000000c69a70a8}: 'void java.lang.invoke.DirectMethodHandle$Holder.invokeStaticInit(java.lang.Object, java.lang.Object)'> (0x00000000c69a70a8) thrown at [./src/hotspot/share/interpreter/linkResolver.cpp, line 772]
Event: 0.341 Thread 0x00007f1730016800 Exception <a 'java/lang/NoSuchMethodError'{0x00000000c69ac718}: 'int java.lang.invoke.DirectMethodHandle$Holder.invokeStaticInit(java.lang.Object, java.lang.Object)'> (0x00000000c69ac718) thrown at [./src/hotspot/share/interpreter/linkResolver.cpp, line 772]
Event: 0.765 Thread 0x00007f1730016800 Exception <a 'java/lang/NoSuchMethodError'{0x00000000c6b3aa38}: 'java.lang.Object java.lang.invoke.DirectMethodHandle$Holder.invokeStatic(java.lang.Object, java.lang.Object, java.lang.Object, java.lang.Object, java.lang.Object, java.lang.Object, java.lang.Object, java.lang.Object, java.lang.Object, java.lang.Object, java.lang.Object, java.lang.Object, java.lang.Object, java.lang.Object, java.lang.Object)'> (0x00000000c6b3aa38) thrown at [./src/hotspot/share/interpreter/linkResolver.cpp, line 772]
Event: 0.768 Thread 0x00007f1730016800 Exception <a 'java/lang/NoSuchMethodError'{0x00000000c6b491e8}: 'java.lang.Object java.lang.invoke.DirectMethodHandle$Holder.invokeStatic(java.lang.Object, java.lang.Object, java.lang.Object, java.lang.Object, java.lang.Object, java.lang.Object, java.lang.Object, java.lang.Object, java.lang.Object, java.lang.Object, java.lang.Object, java.lang.Object, java.lang.Object, java.lang.Object, java.lang.Object, java.lang.Object)'> (0x00000000c6b491e8) thrown at [./src/hotspot/share/interpreter/linkResolver.cpp, l
Event: 0.770 Thread 0x00007f1730016800 Exception <a 'java/lang/NoSuchMethodError'{0x00000000c6b56ff0}: 'java.lang.Object java.lang.invoke.DirectMethodHandle$Holder.invokeSpecial(java.lang.Object, java.lang.Object, int, int, java.lang.Object, int, java.lang.Object)'> (0x00000000c6b56ff0) thrown at [./src/hotspot/share/interpreter/linkResolver.cpp, line 772]
Event: 0.770 Thread 0x00007f1730016800 Exception <a 'java/lang/NoSuchMethodError'{0x00000000c6b5a480}: 'java.lang.Object java.lang.invoke.DelegatingMethodHandle$Holder.reinvoke_L(java.lang.Object, int, int, java.lang.Object, int, java.lang.Object)'> (0x00000000c6b5a480) thrown at [./src/hotspot/share/interpreter/linkResolver.cpp, line 772]
Event: 0.772 Thread 0x00007f1730016800 Exception <a 'java/lang/NoSuchMethodError'{0x00000000c6b69770}: 'java.lang.Object java.lang.invoke.DirectMethodHandle$Holder.invokeStatic(java.lang.Object, java.lang.Object, java.lang.Object, java.lang.Object, java.lang.Object, java.lang.Object, int)'> (0x00000000c6b69770) thrown at [./src/hotspot/share/interpreter/linkResolver.cpp, line 772]
Event: 0.780 Thread 0x00007f1730016800 Exception <a 'java/lang/NoSuchMethodError'{0x00000000c6bc15d8}: 'java.lang.Object java.lang.invoke.Invokers$Holder.linkToTargetMethod(java.lang.Object, int, java.lang.Object, java.lang.Object)'> (0x00000000c6bc15d8) thrown at [./src/hotspot/share/interpreter/linkResolver.cpp, line 772]

Events (20 events):
Event: 0.975 loading class org/bytedeco/llvm/LLVM/LLVMNamedMDNodeRef
Event: 0.975 loading class org/bytedeco/llvm/LLVM/LLVMNamedMDNodeRef done
Event: 0.975 loading class org/bytedeco/llvm/LLVM/LLVMUseRef
Event: 0.975 loading class org/bytedeco/llvm/LLVM/LLVMUseRef done
Event: 0.978 loading class java/util/Stack
Event: 0.978 loading class java/util/Stack done
Event: 0.978 loading class Utils
Event: 0.978 loading class Utils done
Event: 0.983 loading class org/bytedeco/javacpp/PointerScope
Event: 0.983 loading class org/bytedeco/javacpp/PointerScope done
Event: 0.997 loading class org/bytedeco/javacpp/PointerScope$1
Event: 0.997 loading class org/bytedeco/javacpp/PointerScope$1 done
Event: 0.998 loading class LLVMSymbolTable$SymbolTableEntry
Event: 0.998 loading class LLVMSymbolTable$SymbolTableEntry done
Event: 1.004 loading class java/lang/invoke/BoundMethodHandle$Species_LLLLLLI
Event: 1.005 loading class java/lang/invoke/BoundMethodHandle$Species_LLLLLLI done
Event: 1.006 loading class java/lang/invoke/BoundMethodHandle$Species_LLLLLLII
Event: 1.006 loading class java/lang/invoke/BoundMethodHandle$Species_LLLLLLII done
Event: 1.011 loading class java/lang/invoke/BoundMethodHandle$Species_LLLLLLIIL
Event: 1.011 loading class java/lang/invoke/BoundMethodHandle$Species_LLLLLLIIL done


Dynamic libraries:
c2e00000-c6c00000 rw-p 00000000 00:00 0 
c6c00000-ffe00000 ---p 00000000 00:00 0 
ffe00000-ffe47000 rw-p 00b0a000 08:03 1060156                            /usr/lib/jvm/java-11-openjdk-amd64/lib/server/classes.jsa
ffe47000-fff00000 rw-p 00000000 00:00 0 
fff00000-fff6b000 rw-p 00a9f000 08:03 1060156                            /usr/lib/jvm/java-11-openjdk-amd64/lib/server/classes.jsa
fff6b000-100000000 rw-p 00000000 00:00 0 
800000000-800002000 rwxp 00001000 08:03 1060156                          /usr/lib/jvm/java-11-openjdk-amd64/lib/server/classes.jsa
800002000-8003cc000 rw-p 00003000 08:03 1060156                          /usr/lib/jvm/java-11-openjdk-amd64/lib/server/classes.jsa
8003cc000-800a9d000 r--p 003cd000 08:03 1060156                          /usr/lib/jvm/java-11-openjdk-amd64/lib/server/classes.jsa
800a9d000-800a9e000 rw-p 00a9e000 08:03 1060156                          /usr/lib/jvm/java-11-openjdk-amd64/lib/server/classes.jsa
840000000-8400c0000 rw-p 00000000 00:00 0 
8400c0000-880000000 ---p 00000000 00:00 0 
55d293b47000-55d293b48000 r--p 00000000 08:03 1058673                    /usr/lib/jvm/java-11-openjdk-amd64/bin/java
55d293b48000-55d293b49000 r-xp 00001000 08:03 1058673                    /usr/lib/jvm/java-11-openjdk-amd64/bin/java
55d293b49000-55d293b4a000 r--p 00002000 08:03 1058673                    /usr/lib/jvm/java-11-openjdk-amd64/bin/java
55d293b4a000-55d293b4b000 r--p 00002000 08:03 1058673                    /usr/lib/jvm/java-11-openjdk-amd64/bin/java
55d293b4b000-55d293b4c000 rw-p 00003000 08:03 1058673                    /usr/lib/jvm/java-11-openjdk-amd64/bin/java
55d294baf000-55d294bf1000 rw-p 00000000 00:00 0                          [heap]
7f16d5400000-7f16d5d26000 r--p 00000000 08:03 1579535                    /home/doudou/.javacpp/cache/llvm-13.0.1-1.5.7-linux-x86_64.jar/org/bytedeco/llvm/linux-x86_64/libLLVM-13.so
7f16d5d26000-7f16d96e9000 r-xp 00926000 08:03 1579535                    /home/doudou/.javacpp/cache/llvm-13.0.1-1.5.7-linux-x86_64.jar/org/bytedeco/llvm/linux-x86_64/libLLVM-13.so
7f16d96e9000-7f16db93e000 r--p 042e9000 08:03 1579535                    /home/doudou/.javacpp/cache/llvm-13.0.1-1.5.7-linux-x86_64.jar/org/bytedeco/llvm/linux-x86_64/libLLVM-13.so
7f16db93e000-7f16dbe53000 r--p 0653d000 08:03 1579535                    /home/doudou/.javacpp/cache/llvm-13.0.1-1.5.7-linux-x86_64.jar/org/bytedeco/llvm/linux-x86_64/libLLVM-13.so
7f16dbe53000-7f16dbe5e000 rw-p 06a52000 08:03 1579535                    /home/doudou/.javacpp/cache/llvm-13.0.1-1.5.7-linux-x86_64.jar/org/bytedeco/llvm/linux-x86_64/libLLVM-13.so
7f16dbe5e000-7f16dbed4000 rw-p 00000000 00:00 0 
7f16dc000000-7f16dc021000 rw-p 00000000 00:00 0 
7f16dc021000-7f16e0000000 ---p 00000000 00:00 0 
7f16e0000000-7f16e0021000 rw-p 00000000 00:00 0 
7f16e0021000-7f16e4000000 ---p 00000000 00:00 0 
7f16e4000000-7f16e42e1000 rw-p 00000000 00:00 0 
7f16e42e1000-7f16e8000000 ---p 00000000 00:00 0 
7f16e8000000-7f16e832b000 rw-p 00000000 00:00 0 
7f16e832b000-7f16ec000000 ---p 00000000 00:00 0 
7f16ec000000-7f16ec021000 rw-p 00000000 00:00 0 
7f16ec021000-7f16f0000000 ---p 00000000 00:00 0 
7f16f0000000-7f16f0021000 rw-p 00000000 00:00 0 
7f16f0021000-7f16f4000000 ---p 00000000 00:00 0 
7f16f4000000-7f16f4021000 rw-p 00000000 00:00 0 
7f16f4021000-7f16f8000000 ---p 00000000 00:00 0 
7f16f8000000-7f16f8021000 rw-p 00000000 00:00 0 
7f16f8021000-7f16fc000000 ---p 00000000 00:00 0 
7f16fc000000-7f16fc021000 rw-p 00000000 00:00 0 
7f16fc021000-7f1700000000 ---p 00000000 00:00 0 
7f1700000000-7f1700021000 rw-p 00000000 00:00 0 
7f1700021000-7f1704000000 ---p 00000000 00:00 0 
7f1704000000-7f1704021000 rw-p 00000000 00:00 0 
7f1704021000-7f1708000000 ---p 00000000 00:00 0 
7f1709200000-7f1709fe7000 r--p 00000000 08:03 534858                     /usr/lib/locale/locale-archive
7f170a000000-7f170c000000 rw-p 00000000 00:00 0 
7f170c000000-7f170c021000 rw-p 00000000 00:00 0 
7f170c021000-7f1710000000 ---p 00000000 00:00 0 
7f1710000000-7f1710021000 rw-p 00000000 00:00 0 
7f1710021000-7f1714000000 ---p 00000000 00:00 0 
7f1714000000-7f1714021000 rw-p 00000000 00:00 0 
7f1714021000-7f1718000000 ---p 00000000 00:00 0 
7f17181f6000-7f171825b000 r--p 00000000 08:03 1579540                    /home/doudou/.javacpp/cache/llvm-13.0.1-1.5.7-linux-x86_64.jar/org/bytedeco/llvm/linux-x86_64/libjniLLVM.so
7f171825b000-7f17182c9000 r-xp 00065000 08:03 1579540                    /home/doudou/.javacpp/cache/llvm-13.0.1-1.5.7-linux-x86_64.jar/org/bytedeco/llvm/linux-x86_64/libjniLLVM.so
7f17182c9000-7f17182f4000 r--p 000d3000 08:03 1579540                    /home/doudou/.javacpp/cache/llvm-13.0.1-1.5.7-linux-x86_64.jar/org/bytedeco/llvm/linux-x86_64/libjniLLVM.so
7f17182f4000-7f17182f7000 r--p 000fd000 08:03 1579540                    /home/doudou/.javacpp/cache/llvm-13.0.1-1.5.7-linux-x86_64.jar/org/bytedeco/llvm/linux-x86_64/libjniLLVM.so
7f17182f7000-7f17182fa000 rw-p 00100000 08:03 1579540                    /home/doudou/.javacpp/cache/llvm-13.0.1-1.5.7-linux-x86_64.jar/org/bytedeco/llvm/linux-x86_64/libjniLLVM.so
7f17182fa000-7f17182fc000 rw-p 00000000 00:00 0 
7f17182fc000-7f17182fd000 ---p 00000000 00:00 0 
7f17182fd000-7f17183fe000 rw-p 00000000 00:00 0 
7f17183fe000-7f1718402000 ---p 00000000 00:00 0 
7f1718402000-7f17184fe000 rw-p 00000000 00:00 0 
7f17184fe000-7f17184ff000 ---p 00000000 00:00 0 
7f17184ff000-7f1718600000 rw-p 00000000 00:00 0 
7f1718600000-7f1718870000 rwxp 00000000 00:00 0 
7f1718870000-7f1718b8f000 ---p 00000000 00:00 0 
7f1718b8f000-7f1718dff000 rwxp 00000000 00:00 0 
7f1718dff000-7f17200c7000 ---p 00000000 00:00 0 
7f17200c7000-7f1720337000 rwxp 00000000 00:00 0 
7f1720337000-7f1727600000 ---p 00000000 00:00 0 
7f1727600000-7f172fe0b000 r--s 00000000 08:03 1058832                    /usr/lib/jvm/java-11-openjdk-amd64/lib/modules
7f172feed000-7f172fef4000 r--p 00000000 08:03 1579536                    /home/doudou/.javacpp/cache/llvm-13.0.1-1.5.7-linux-x86_64.jar/org/bytedeco/llvm/linux-x86_64/libLTO.so.13
7f172fef4000-7f172fefc000 r-xp 00007000 08:03 1579536                    /home/doudou/.javacpp/cache/llvm-13.0.1-1.5.7-linux-x86_64.jar/org/bytedeco/llvm/linux-x86_64/libLTO.so.13
7f172fefc000-7f172fefe000 r--p 0000f000 08:03 1579536                    /home/doudou/.javacpp/cache/llvm-13.0.1-1.5.7-linux-x86_64.jar/org/bytedeco/llvm/linux-x86_64/libLTO.so.13
7f172fefe000-7f172feff000 r--p 00010000 08:03 1579536                    /home/doudou/.javacpp/cache/llvm-13.0.1-1.5.7-linux-x86_64.jar/org/bytedeco/llvm/linux-x86_64/libLTO.so.13
7f172feff000-7f172ff00000 rw-p 00011000 08:03 1579536                    /home/doudou/.javacpp/cache/llvm-13.0.1-1.5.7-linux-x86_64.jar/org/bytedeco/llvm/linux-x86_64/libLTO.so.13
7f172ff00000-7f172ff04000 ---p 00000000 00:00 0 
7f172ff04000-7f1730000000 rw-p 00000000 00:00 0 
7f1730000000-7f173040f000 rw-p 00000000 00:00 0 
7f173040f000-7f1734000000 ---p 00000000 00:00 0 
7f1734008000-7f1734009000 r--p 00000000 08:03 551276                     /usr/lib/x86_64-linux-gnu/libdl.so.2
7f1734009000-7f173400a000 r-xp 00001000 08:03 551276                     /usr/lib/x86_64-linux-gnu/libdl.so.2
7f173400a000-7f173400b000 r--p 00002000 08:03 551276                     /usr/lib/x86_64-linux-gnu/libdl.so.2
7f173400b000-7f173400c000 r--p 00002000 08:03 551276                     /usr/lib/x86_64-linux-gnu/libdl.so.2
7f173400c000-7f173400d000 rw-p 00003000 08:03 551276                     /usr/lib/x86_64-linux-gnu/libdl.so.2
7f173400d000-7f173400e000 r--p 00000000 08:03 552054                     /usr/lib/x86_64-linux-gnu/libpthread.so.0
7f173400e000-7f173400f000 r-xp 00001000 08:03 552054                     /usr/lib/x86_64-linux-gnu/libpthread.so.0
7f173400f000-7f1734010000 r--p 00002000 08:03 552054                     /usr/lib/x86_64-linux-gnu/libpthread.so.0
7f1734010000-7f1734011000 r--p 00002000 08:03 552054                     /usr/lib/x86_64-linux-gnu/libpthread.so.0
7f1734011000-7f1734012000 rw-p 00003000 08:03 552054                     /usr/lib/x86_64-linux-gnu/libpthread.so.0
7f1734015000-7f173401c000 r--s 00000000 08:03 553557                     /usr/lib/x86_64-linux-gnu/gconv/gconv-modules.cache
7f173401c000-7f173401d000 r--p 00000000 08:03 1579538                    /home/doudou/.javacpp/cache/llvm-13.0.1-1.5.7-linux-x86_64.jar/org/bytedeco/llvm/linux-x86_64/libRemarks.so.13
7f173401d000-7f173401e000 r-xp 00001000 08:03 1579538                    /home/doudou/.javacpp/cache/llvm-13.0.1-1.5.7-linux-x86_64.jar/org/bytedeco/llvm/linux-x86_64/libRemarks.so.13
7f173401e000-7f173401f000 r--p 00002000 08:03 1579538                    /home/doudou/.javacpp/cache/llvm-13.0.1-1.5.7-linux-x86_64.jar/org/bytedeco/llvm/linux-x86_64/libRemarks.so.13
7f173401f000-7f1734020000 r--p 00002000 08:03 1579538                    /home/doudou/.javacpp/cache/llvm-13.0.1-1.5.7-linux-x86_64.jar/org/bytedeco/llvm/linux-x86_64/libRemarks.so.13
7f1734020000-7f1734021000 rw-p 00003000 08:03 1579538                    /home/doudou/.javacpp/cache/llvm-13.0.1-1.5.7-linux-x86_64.jar/org/bytedeco/llvm/linux-x86_64/libRemarks.so.13
7f1734021000-7f1734025000 r--p 00000000 08:03 1058822                    /usr/lib/jvm/java-11-openjdk-amd64/lib/libnet.so
7f1734025000-7f1734033000 r-xp 00004000 08:03 1058822                    /usr/lib/jvm/java-11-openjdk-amd64/lib/libnet.so
7f1734033000-7f1734037000 r--p 00012000 08:03 1058822                    /usr/lib/jvm/java-11-openjdk-amd64/lib/libnet.so
7f1734037000-7f1734038000 r--p 00015000 08:03 1058822                    /usr/lib/jvm/java-11-openjdk-amd64/lib/libnet.so
7f1734038000-7f1734039000 rw-p 00016000 08:03 1058822                    /usr/lib/jvm/java-11-openjdk-amd64/lib/libnet.so
7f1734039000-7f173403d000 ---p 00000000 00:00 0 
7f173403d000-7f1734139000 rw-p 00000000 00:00 0 
7f1734139000-7f173413d000 ---p 00000000 00:00 0 
7f173413d000-7f1734239000 rw-p 00000000 00:00 0 
7f1734239000-7f173423d000 ---p 00000000 00:00 0 
7f173423d000-7f1734339000 rw-p 00000000 00:00 0 
7f1734339000-7f173433d000 ---p 00000000 00:00 0 
7f173433d000-7f1734439000 rw-p 00000000 00:00 0 
7f1734439000-7f173443d000 ---p 00000000 00:00 0 
7f173443d000-7f1734539000 rw-p 00000000 00:00 0 
7f1734539000-7f173453d000 ---p 00000000 00:00 0 
7f173453d000-7f1734639000 rw-p 00000000 00:00 0 
7f1734639000-7f173463d000 ---p 00000000 00:00 0 
7f173463d000-7f1734739000 rw-p 00000000 00:00 0 
7f1734739000-7f173473d000 ---p 00000000 00:00 0 
7f173473d000-7f1734839000 rw-p 00000000 00:00 0 
7f1734839000-7f173483a000 ---p 00000000 00:00 0 
7f173483a000-7f1734fbc000 rw-p 00000000 00:00 0 
7f1734fbc000-7f17351bc000 ---p 00000000 00:00 0 
7f17351bc000-7f17351bd000 ---p 00000000 00:00 0 
7f17351bd000-7f17352be000 rw-p 00000000 00:00 0 
7f17352be000-7f17352bf000 ---p 00000000 00:00 0 
7f17352bf000-7f17355c2000 rw-p 00000000 00:00 0 
7f17355c2000-7f17355c3000 ---p 00000000 00:00 0 
7f17355c3000-7f17356c4000 rw-p 00000000 00:00 0 
7f17356c4000-7f17356c5000 ---p 00000000 00:00 0 
7f17356c5000-7f17358be000 rw-p 00000000 00:00 0 
7f17358be000-7f1736706000 ---p 00000000 00:00 0 
7f1736706000-7f1736806000 rw-p 00000000 00:00 0 
7f1736806000-7f173764e000 ---p 00000000 00:00 0 
7f173764e000-7f1737675000 rw-p 00000000 00:00 0 
7f1737675000-7f173783e000 ---p 00000000 00:00 0 
7f173783e000-7f173785e000 rw-p 00000000 00:00 0 
7f173785e000-7f1737a27000 ---p 00000000 00:00 0 
7f1737a27000-7f1737a47000 rw-p 00000000 00:00 0 
7f1737a47000-7f1737c10000 ---p 00000000 00:00 0 
7f1737c10000-7f1737e13000 rw-p 00000000 00:00 0 
7f1737e13000-7f1737e14000 ---p 00000000 00:00 0 
7f1737e14000-7f1737f1a000 rw-p 00000000 00:00 0 
7f1737f1a000-7f1738000000 ---p 00000000 00:00 0 
7f1738000000-7f173809a000 r--p 00000000 08:03 552221                     /usr/lib/x86_64-linux-gnu/libstdc++.so.6.0.30
7f173809a000-7f17381aa000 r-xp 0009a000 08:03 552221                     /usr/lib/x86_64-linux-gnu/libstdc++.so.6.0.30
7f17381aa000-7f1738219000 r--p 001aa000 08:03 552221                     /usr/lib/x86_64-linux-gnu/libstdc++.so.6.0.30
7f1738219000-7f1738224000 r--p 00218000 08:03 552221                     /usr/lib/x86_64-linux-gnu/libstdc++.so.6.0.30
7f1738224000-7f1738227000 rw-p 00223000 08:03 552221                     /usr/lib/x86_64-linux-gnu/libstdc++.so.6.0.30
7f1738227000-7f173822a000 rw-p 00000000 00:00 0 
7f173822a000-7f173822e000 r--p 00000000 08:03 1579530                    /home/doudou/.javacpp/cache/javacpp-1.5.7-linux-x86_64.jar/org/bytedeco/javacpp/linux-x86_64/libjnijavacpp.so
7f173822e000-7f1738235000 r-xp 00004000 08:03 1579530                    /home/doudou/.javacpp/cache/javacpp-1.5.7-linux-x86_64.jar/org/bytedeco/javacpp/linux-x86_64/libjnijavacpp.so
7f1738235000-7f1738239000 r--p 0000b000 08:03 1579530                    /home/doudou/.javacpp/cache/javacpp-1.5.7-linux-x86_64.jar/org/bytedeco/javacpp/linux-x86_64/libjnijavacpp.so
7f1738239000-7f173823a000 r--p 0000e000 08:03 1579530                    /home/doudou/.javacpp/cache/javacpp-1.5.7-linux-x86_64.jar/org/bytedeco/javacpp/linux-x86_64/libjnijavacpp.so
7f173823a000-7f173823b000 rw-p 0000f000 08:03 1579530                    /home/doudou/.javacpp/cache/javacpp-1.5.7-linux-x86_64.jar/org/bytedeco/javacpp/linux-x86_64/libjnijavacpp.so
7f173823b000-7f173823c000 r--p 00000000 08:03 1058804                    /usr/lib/jvm/java-11-openjdk-amd64/lib/libextnet.so
7f173823c000-7f173823d000 r-xp 00001000 08:03 1058804                    /usr/lib/jvm/java-11-openjdk-amd64/lib/libextnet.so
7f173823d000-7f173823e000 r--p 00002000 08:03 1058804                    /usr/lib/jvm/java-11-openjdk-amd64/lib/libextnet.so
7f173823e000-7f173823f000 r--p 00002000 08:03 1058804                    /usr/lib/jvm/java-11-openjdk-amd64/lib/libextnet.so
7f173823f000-7f1738240000 rw-p 00003000 08:03 1058804                    /usr/lib/jvm/java-11-openjdk-amd64/lib/libextnet.so
7f1738240000-7f1738247000 r--p 00000000 08:03 1058823                    /usr/lib/jvm/java-11-openjdk-amd64/lib/libnio.so
7f1738247000-7f173824f000 r-xp 00007000 08:03 1058823                    /usr/lib/jvm/java-11-openjdk-amd64/lib/libnio.so
7f173824f000-7f1738252000 r--p 0000f000 08:03 1058823                    /usr/lib/jvm/java-11-openjdk-amd64/lib/libnio.so
7f1738252000-7f1738253000 r--p 00011000 08:03 1058823                    /usr/lib/jvm/java-11-openjdk-amd64/lib/libnio.so
7f1738253000-7f1738254000 rw-p 00012000 08:03 1058823                    /usr/lib/jvm/java-11-openjdk-amd64/lib/libnio.so
7f1738254000-7f17382d5000 rw-p 00000000 00:00 0 
7f17382d5000-7f17383bb000 ---p 00000000 00:00 0 
7f17383bb000-7f17383c0000 rw-p 00000000 00:00 0 
7f17383c0000-7f17383c7000 ---p 00000000 00:00 0 
7f17383c7000-7f17383c9000 r--p 00000000 08:03 1058831                    /usr/lib/jvm/java-11-openjdk-amd64/lib/libzip.so
7f17383c9000-7f17383ce000 r-xp 00002000 08:03 1058831                    /usr/lib/jvm/java-11-openjdk-amd64/lib/libzip.so
7f17383ce000-7f17383d0000 r--p 00007000 08:03 1058831                    /usr/lib/jvm/java-11-openjdk-amd64/lib/libzip.so
7f17383d0000-7f17383d1000 r--p 00008000 08:03 1058831                    /usr/lib/jvm/java-11-openjdk-amd64/lib/libzip.so
7f17383d1000-7f17383d2000 rw-p 00009000 08:03 1058831                    /usr/lib/jvm/java-11-openjdk-amd64/lib/libzip.so
7f17383d2000-7f17383e0000 r--p 00000000 08:03 1058811                    /usr/lib/jvm/java-11-openjdk-amd64/lib/libjava.so
7f17383e0000-7f17383f6000 r-xp 0000e000 08:03 1058811                    /usr/lib/jvm/java-11-openjdk-amd64/lib/libjava.so
7f17383f6000-7f17383fd000 r--p 00024000 08:03 1058811                    /usr/lib/jvm/java-11-openjdk-amd64/lib/libjava.so
7f17383fd000-7f17383fe000 r--p 0002a000 08:03 1058811                    /usr/lib/jvm/java-11-openjdk-amd64/lib/libjava.so
7f17383fe000-7f17383ff000 rw-p 0002b000 08:03 1058811                    /usr/lib/jvm/java-11-openjdk-amd64/lib/libjava.so
7f17383ff000-7f1738400000 rw-p 00000000 00:00 0 
7f1738400000-7f1738682000 r--p 00000000 08:03 1058837                    /usr/lib/jvm/java-11-openjdk-amd64/lib/server/libjvm.so
7f1738682000-7f173931e000 r-xp 00282000 08:03 1058837                    /usr/lib/jvm/java-11-openjdk-amd64/lib/server/libjvm.so
7f173931e000-7f1739579000 r--p 00f1e000 08:03 1058837                    /usr/lib/jvm/java-11-openjdk-amd64/lib/server/libjvm.so
7f1739579000-7f173957a000 ---p 01179000 08:03 1058837                    /usr/lib/jvm/java-11-openjdk-amd64/lib/server/libjvm.so
7f173957a000-7f173963e000 r--p 01179000 08:03 1058837                    /usr/lib/jvm/java-11-openjdk-amd64/lib/server/libjvm.so
7f173963e000-7f1739679000 rw-p 0123d000 08:03 1058837                    /usr/lib/jvm/java-11-openjdk-amd64/lib/server/libjvm.so
7f1739679000-7f17396d0000 rw-p 00000000 00:00 0 
7f17396d2000-7f17396d4000 r--p 00000000 08:03 1058806                    /usr/lib/jvm/java-11-openjdk-amd64/lib/libinstrument.so
7f17396d4000-7f17396db000 r-xp 00002000 08:03 1058806                    /usr/lib/jvm/java-11-openjdk-amd64/lib/libinstrument.so
7f17396db000-7f17396de000 r--p 00009000 08:03 1058806                    /usr/lib/jvm/java-11-openjdk-amd64/lib/libinstrument.so
7f17396de000-7f17396df000 r--p 0000b000 08:03 1058806                    /usr/lib/jvm/java-11-openjdk-amd64/lib/libinstrument.so
7f17396df000-7f17396e0000 rw-p 0000c000 08:03 1058806                    /usr/lib/jvm/java-11-openjdk-amd64/lib/libinstrument.so
7f17396e0000-7f17396e4000 ---p 00000000 00:00 0 
7f17396e4000-7f17397e0000 rw-p 00000000 00:00 0 
7f17397e0000-7f17397e3000 r--p 00000000 08:03 551433                     /usr/lib/x86_64-linux-gnu/libgcc_s.so.1
7f17397e3000-7f17397fa000 r-xp 00003000 08:03 551433                     /usr/lib/x86_64-linux-gnu/libgcc_s.so.1
7f17397fa000-7f17397fe000 r--p 0001a000 08:03 551433                     /usr/lib/x86_64-linux-gnu/libgcc_s.so.1
7f17397fe000-7f17397ff000 r--p 0001d000 08:03 551433                     /usr/lib/x86_64-linux-gnu/libgcc_s.so.1
7f17397ff000-7f1739800000 rw-p 0001e000 08:03 551433                     /usr/lib/x86_64-linux-gnu/libgcc_s.so.1
7f1739800000-7f1739828000 r--p 00000000 08:03 551134                     /usr/lib/x86_64-linux-gnu/libc.so.6
7f1739828000-7f17399bd000 r-xp 00028000 08:03 551134                     /usr/lib/x86_64-linux-gnu/libc.so.6
7f17399bd000-7f1739a15000 r--p 001bd000 08:03 551134                     /usr/lib/x86_64-linux-gnu/libc.so.6
7f1739a15000-7f1739a19000 r--p 00214000 08:03 551134                     /usr/lib/x86_64-linux-gnu/libc.so.6
7f1739a19000-7f1739a1b000 rw-p 00218000 08:03 551134                     /usr/lib/x86_64-linux-gnu/libc.so.6
7f1739a1b000-7f1739a28000 rw-p 00000000 00:00 0 
7f1739a28000-7f1739a30000 rw-s 00000000 08:03 262226                     /tmp/hsperfdata_doudou/19573
7f1739a30000-7f1739a35000 r--p 00000000 08:03 1058830                    /usr/lib/jvm/java-11-openjdk-amd64/lib/libverify.so
7f1739a35000-7f1739a3c000 r-xp 00005000 08:03 1058830                    /usr/lib/jvm/java-11-openjdk-amd64/lib/libverify.so
7f1739a3c000-7f1739a3e000 r--p 0000c000 08:03 1058830                    /usr/lib/jvm/java-11-openjdk-amd64/lib/libverify.so
7f1739a3e000-7f1739a40000 r--p 0000d000 08:03 1058830                    /usr/lib/jvm/java-11-openjdk-amd64/lib/libverify.so
7f1739a40000-7f1739a41000 rw-p 0000f000 08:03 1058830                    /usr/lib/jvm/java-11-openjdk-amd64/lib/libverify.so
7f1739a41000-7f1739a42000 r--p 00000000 08:03 552110                     /usr/lib/x86_64-linux-gnu/librt.so.1
7f1739a42000-7f1739a43000 r-xp 00001000 08:03 552110                     /usr/lib/x86_64-linux-gnu/librt.so.1
7f1739a43000-7f1739a44000 r--p 00002000 08:03 552110                     /usr/lib/x86_64-linux-gnu/librt.so.1
7f1739a44000-7f1739a45000 r--p 00002000 08:03 552110                     /usr/lib/x86_64-linux-gnu/librt.so.1
7f1739a45000-7f1739a46000 rw-p 00003000 08:03 552110                     /usr/lib/x86_64-linux-gnu/librt.so.1
7f1739a46000-7f1739a54000 r--p 00000000 08:03 551785                     /usr/lib/x86_64-linux-gnu/libm.so.6
7f1739a54000-7f1739ad0000 r-xp 0000e000 08:03 551785                     /usr/lib/x86_64-linux-gnu/libm.so.6
7f1739ad0000-7f1739b2b000 r--p 0008a000 08:03 551785                     /usr/lib/x86_64-linux-gnu/libm.so.6
7f1739b2b000-7f1739b2c000 r--p 000e4000 08:03 551785                     /usr/lib/x86_64-linux-gnu/libm.so.6
7f1739b2c000-7f1739b2d000 rw-p 000e5000 08:03 551785                     /usr/lib/x86_64-linux-gnu/libm.so.6
7f1739b2d000-7f1739b2f000 rw-p 00000000 00:00 0 
7f1739b2f000-7f1739b31000 r--p 00000000 08:03 552488                     /usr/lib/x86_64-linux-gnu/libz.so.1.2.11
7f1739b31000-7f1739b42000 r-xp 00002000 08:03 552488                     /usr/lib/x86_64-linux-gnu/libz.so.1.2.11
7f1739b42000-7f1739b48000 r--p 00013000 08:03 552488                     /usr/lib/x86_64-linux-gnu/libz.so.1.2.11
7f1739b48000-7f1739b49000 ---p 00019000 08:03 552488                     /usr/lib/x86_64-linux-gnu/libz.so.1.2.11
7f1739b49000-7f1739b4a000 r--p 00019000 08:03 552488                     /usr/lib/x86_64-linux-gnu/libz.so.1.2.11
7f1739b4a000-7f1739b4b000 rw-p 0001a000 08:03 552488                     /usr/lib/x86_64-linux-gnu/libz.so.1.2.11
7f1739b4f000-7f1739b50000 ---p 00000000 00:00 0 
7f1739b50000-7f1739b51000 r--p 00000000 00:00 0 
7f1739b51000-7f1739b53000 r--p 00000000 08:03 1058814                    /usr/lib/jvm/java-11-openjdk-amd64/lib/libjimage.so
7f1739b53000-7f1739b56000 r-xp 00002000 08:03 1058814                    /usr/lib/jvm/java-11-openjdk-amd64/lib/libjimage.so
7f1739b56000-7f1739b57000 r--p 00005000 08:03 1058814                    /usr/lib/jvm/java-11-openjdk-amd64/lib/libjimage.so
7f1739b57000-7f1739b58000 ---p 00006000 08:03 1058814                    /usr/lib/jvm/java-11-openjdk-amd64/lib/libjimage.so
7f1739b58000-7f1739b59000 r--p 00006000 08:03 1058814                    /usr/lib/jvm/java-11-openjdk-amd64/lib/libjimage.so
7f1739b59000-7f1739b5a000 rw-p 00007000 08:03 1058814                    /usr/lib/jvm/java-11-openjdk-amd64/lib/libjimage.so
7f1739b5a000-7f1739b5d000 r--p 00000000 08:03 1058796                    /usr/lib/jvm/java-11-openjdk-amd64/lib/jli/libjli.so
7f1739b5d000-7f1739b67000 r-xp 00003000 08:03 1058796                    /usr/lib/jvm/java-11-openjdk-amd64/lib/jli/libjli.so
7f1739b67000-7f1739b6a000 r--p 0000d000 08:03 1058796                    /usr/lib/jvm/java-11-openjdk-amd64/lib/jli/libjli.so
7f1739b6a000-7f1739b6b000 ---p 00010000 08:03 1058796                    /usr/lib/jvm/java-11-openjdk-amd64/lib/jli/libjli.so
7f1739b6b000-7f1739b6c000 r--p 00010000 08:03 1058796                    /usr/lib/jvm/java-11-openjdk-amd64/lib/jli/libjli.so
7f1739b6c000-7f1739b6d000 rw-p 00011000 08:03 1058796                    /usr/lib/jvm/java-11-openjdk-amd64/lib/jli/libjli.so
7f1739b6d000-7f1739b6f000 rw-p 00000000 00:00 0 
7f1739b6f000-7f1739b71000 r--p 00000000 08:03 550792                     /usr/lib/x86_64-linux-gnu/ld-linux-x86-64.so.2
7f1739b71000-7f1739b9b000 r-xp 00002000 08:03 550792                     /usr/lib/x86_64-linux-gnu/ld-linux-x86-64.so.2
7f1739b9b000-7f1739ba6000 r--p 0002c000 08:03 550792                     /usr/lib/x86_64-linux-gnu/ld-linux-x86-64.so.2
7f1739ba7000-7f1739ba9000 r--p 00037000 08:03 550792                     /usr/lib/x86_64-linux-gnu/ld-linux-x86-64.so.2
7f1739ba9000-7f1739bab000 rw-p 00039000 08:03 550792                     /usr/lib/x86_64-linux-gnu/ld-linux-x86-64.so.2
7fff8780b000-7fff8782c000 rw-p 00000000 00:00 0                          [stack]
7fff87993000-7fff87997000 r--p 00000000 00:00 0                          [vvar]
7fff87997000-7fff87999000 r-xp 00000000 00:00 0                          [vdso]
ffffffffff600000-ffffffffff601000 --xp 00000000 00:00 0                  [vsyscall]


VM Arguments:
jvm_args: -javaagent:/snap/intellij-idea-ultimate/437/lib/idea_rt.jar=43507:/snap/intellij-idea-ultimate/437/bin -Dfile.encoding=UTF-8 
java_command: Main /home/doudou/lab/Lab/tests/test1.sysy /home/doudou/lab/Lab/tests/out.txt
java_class_path (initial): /home/doudou/lab/Lab/out/production/Lab:/usr/local/lib/antlr-4.9.1-complete.jar:/usr/local/lib/javacpp-1.5.7-linux-x86_64.jar:/usr/local/lib/javacpp-1.5.7.jar:/usr/local/lib/llvm-13.0.1-1.5.7-linux-x86_64.jar:/usr/local/lib/llvm-13.0.1-1.5.7.jar:/usr/local/lib/llvm-platform-13.0.1-1.5.7.jar
Launcher Type: SUN_STANDARD

[Global flags]
     intx CICompilerCount                          = 2                                         {product} {ergonomic}
     uint ConcGCThreads                            = 1                                         {product} {ergonomic}
     uint G1ConcRefinementThreads                  = 2                                         {product} {ergonomic}
   size_t G1HeapRegionSize                         = 1048576                                   {product} {ergonomic}
    uintx GCDrainStackTargetSize                   = 64                                        {product} {ergonomic}
   size_t InitialHeapSize                          = 65011712                                  {product} {ergonomic}
   size_t MarkStackSize                            = 4194304                                   {product} {ergonomic}
   size_t MaxHeapSize                              = 1025507328                                {product} {ergonomic}
   size_t MaxNewSize                               = 614465536                                 {product} {ergonomic}
   size_t MinHeapDeltaBytes                        = 1048576                                   {product} {ergonomic}
    uintx NonNMethodCodeHeapSize                   = 5825164                                {pd product} {ergonomic}
    uintx NonProfiledCodeHeapSize                  = 122916538                              {pd product} {ergonomic}
    uintx ProfiledCodeHeapSize                     = 122916538                              {pd product} {ergonomic}
    uintx ReservedCodeCacheSize                    = 251658240                              {pd product} {ergonomic}
     bool SegmentedCodeCache                       = true                                      {product} {ergonomic}
     bool UseCompressedClassPointers               = true                                 {lp64_product} {ergonomic}
     bool UseCompressedOops                        = true                                 {lp64_product} {ergonomic}
     bool UseG1GC                                  = true                                      {product} {ergonomic}

Logging:
Log output configuration:
 #0: stdout all=warning uptime,level,tags
 #1: stderr all=off uptime,level,tags

Environment Variables:
PATH=/usr/local/sbin:/usr/local/bin:/usr/sbin:/usr/bin:/sbin:/bin:/usr/games:/usr/local/games:/snap/bin:/snap/bin
USERNAME=doudou
SHELL=/bin/bash
DISPLAY=:0
LANG=en_US.UTF-8
LC_NUMERIC=zh_CN.UTF-8
LC_TIME=zh_CN.UTF-8

Signal Handlers:
SIGSEGV: [libjvm.so+0xeabd80], sa_mask[0]=11111111011111111101111111111110, sa_flags=SA_RESTART|SA_SIGINFO
SIGBUS: [libjvm.so+0xeabd80], sa_mask[0]=11111111011111111101111111111110, sa_flags=SA_RESTART|SA_SIGINFO
SIGFPE: [libjvm.so+0xeabd80], sa_mask[0]=11111111011111111101111111111110, sa_flags=SA_RESTART|SA_SIGINFO
SIGPIPE: [libjvm.so+0xbee610], sa_mask[0]=11111111011111111101111111111110, sa_flags=SA_RESTART|SA_SIGINFO
SIGXFSZ: [libjvm.so+0xbee610], sa_mask[0]=11111111011111111101111111111110, sa_flags=SA_RESTART|SA_SIGINFO
SIGILL: [libjvm.so+0xeabd80], sa_mask[0]=11111111011111111101111111111110, sa_flags=SA_RESTART|SA_SIGINFO
SIGUSR2: [libjvm.so+0xbee4b0], sa_mask[0]=00100000000000000000000000000000, sa_flags=SA_RESTART|SA_SIGINFO
SIGHUP: [libjvm.so+0xbeec50], sa_mask[0]=11111111011111111101111111111110, sa_flags=SA_RESTART|SA_SIGINFO
SIGINT: [libjvm.so+0xbeec50], sa_mask[0]=11111111011111111101111111111110, sa_flags=SA_RESTART|SA_SIGINFO
SIGTERM: [libjvm.so+0xbeec50], sa_mask[0]=11111111011111111101111111111110, sa_flags=SA_RESTART|SA_SIGINFO
SIGQUIT: [libjvm.so+0xbeec50], sa_mask[0]=11111111011111111101111111111110, sa_flags=SA_RESTART|SA_SIGINFO


---------------  S Y S T E M  ---------------

OS:DISTRIB_ID=Ubuntu
DISTRIB_RELEASE=22.04
DISTRIB_CODENAME=jammy
DISTRIB_DESCRIPTION="Ubuntu 22.04.2 LTS"
uname:Linux 5.19.0-45-generic #46~22.04.1-Ubuntu SMP PREEMPT_DYNAMIC Wed Jun 7 15:06:04 UTC 20 x86_64
OS uptime: 0 days 13:34 hours
libc:glibc 2.35 NPTL 2.35 
rlimit (soft/hard): STACK 8192k/infinity , CORE 0k/infinity , NPROC 15333/15333 , NOFILE 1048576/1048576 , AS infinity/infinity , CPU infinity/infinity , DATA infinity/infinity , FSIZE infinity/infinity , MEMLOCK 500652k/500652k
load average:1.00 1.10 1.41

/proc/meminfo:
MemTotal:        4005236 kB
MemFree:          258848 kB
MemAvailable:     346208 kB
Buffers:            5148 kB
Cached:           262248 kB
SwapCached:        85500 kB
Active:          2031528 kB
Inactive:         433044 kB
Active(anon):    1863544 kB
Inactive(anon):   343840 kB
Active(file):     167984 kB
Inactive(file):    89204 kB
Unevictable:           0 kB
Mlocked:               0 kB
SwapTotal:       3512316 kB
SwapFree:        1830472 kB
Zswap:                 0 kB
Zswapped:              0 kB
Dirty:               344 kB
Writeback:             0 kB
AnonPages:       2173860 kB
Mapped:           129532 kB
Shmem:             10760 kB
KReclaimable:      69544 kB
Slab:             230548 kB
SReclaimable:      69544 kB
SUnreclaim:       161004 kB
KernelStack:       10944 kB
PageTables:        26644 kB
NFS_Unstable:          0 kB
Bounce:                0 kB
WritebackTmp:          0 kB
CommitLimit:     5514932 kB
Committed_AS:    6147612 kB
VmallocTotal:   34359738367 kB
VmallocUsed:       46232 kB
VmallocChunk:          0 kB
Percpu:             2216 kB
HardwareCorrupted:     0 kB
AnonHugePages:         0 kB
ShmemHugePages:        0 kB
ShmemPmdMapped:        0 kB
FileHugePages:         0 kB
FilePmdMapped:         0 kB
HugePages_Total:       0
HugePages_Free:        0
HugePages_Rsvd:        0
HugePages_Surp:        0
Hugepagesize:       2048 kB
Hugetlb:               0 kB
DirectMap4k:      202560 kB
DirectMap2M:     3991552 kB
DirectMap1G:     2097152 kB

/sys/kernel/mm/transparent_hugepage/enabled:
always [madvise] never
/sys/kernel/mm/transparent_hugepage/defrag (defrag/compaction efforts parameter):
always defer defer+madvise [madvise] never

Process Memory:
Virtual Size: 3684896K (peak: 12384612K)
Resident Set Size: 91264K (peak: 91448K) (anon: 36108K, file: 55156K, shmem: 0K)
Swapped out: 0K
C-Heap outstanding allocations: 14784K, retained: 2083K
glibc malloc tunables: (default)

/proc/sys/kernel/threads-max (system-wide limit on the number of threads):
30667
/proc/sys/vm/max_map_count (maximum number of memory map areas a process may have):
65530
/proc/sys/kernel/pid_max (system-wide limit on number of process identifiers):
4194304

container (cgroup) information:
container_type: cgroupv2
cpu_cpuset_cpus: not supported
cpu_memory_nodes: not supported
active_processor_count: 2
cpu_quota: not supported
cpu_period: not supported
cpu_shares: not supported
memory_limit_in_bytes: unlimited
memory_and_swap_limit_in_bytes: unlimited
memory_soft_limit_in_bytes: unlimited
memory_usage_in_bytes: 2182008 k
memory_max_usage_in_bytes: not supported
memory_swap_current_in_bytes: 838548 k
memory_swap_max_limit_in_bytes: unlimited
maximum number of tasks: 4600
current number of tasks: 147

VMWare virtualization detected
Steal ticks since vm start: 0
Steal ticks percentage since vm start:  0.000

CPU:total 2 (initial active 2) (1 cores per cpu, 1 threads per core) family 6 model 140 stepping 1 microcode 0xffffffff, cmov, cx8, fxsr, mmx, sse, sse2, sse3, ssse3, sse4.1, sse4.2, popcnt, avx, avx2, aes, clmul, erms, 3dnowpref, lzcnt, tsc, tscinvbit, bmi1, bmi2, adx, evex, sha, fma
CPU Model and flags from /proc/cpuinfo:
model name	: 11th Gen Intel(R) Core(TM) i7-1165G7 @ 2.80GHz
flags		: fpu vme de pse tsc msr pae mce cx8 apic sep mtrr pge mca cmov pat pse36 clflush mmx fxsr sse sse2 ss syscall nx pdpe1gb rdtscp lm constant_tsc arch_perfmon rep_good nopl xtopology tsc_reliable nonstop_tsc cpuid tsc_known_freq pni pclmulqdq ssse3 fma cx16 pcid sse4_1 sse4_2 x2apic movbe popcnt tsc_deadline_timer aes xsave avx f16c rdrand hypervisor lahf_lm abm 3dnowprefetch invpcid_single pti ssbd ibrs ibpb stibp fsgsbase tsc_adjust bmi1 avx2 smep bmi2 erms invpcid avx512f avx512dq rdseed adx smap avx512ifma clflushopt clwb avx512cd sha_ni avx512bw avx512vl xsaveopt xsavec xgetbv1 xsaves arat avx512vbmi umip avx512_vbmi2 gfni vaes vpclmulqdq avx512_vnni avx512_bitalg avx512_vpopcntdq rdpid fsrm avx512_vp2intersect flush_l1d arch_capabilities
Online cpus:
0-1
Offline cpus:

BIOS frequency limitation:
<Not Available>
Frequency switch latency (ns):
<Not Available>
Available cpu frequencies:
<Not Available>
Current governor:
<Not Available>
Core performance/turbo boost:
<Not Available>

Memory: 4k page, physical 4005236k(258848k free), swap 3512316k(1830472k free)

vm_info: OpenJDK 64-Bit Server VM (11.0.19+7-post-Ubuntu-0ubuntu122.04.1) for linux-amd64 JRE (11.0.19+7-post-Ubuntu-0ubuntu122.04.1), built on May 10 2023 00:54:00 by "unknown" with gcc 11.3.0

END.
