#
# A fatal error has been detected by the Java Runtime Environment:
#
#  SIGSEGV (0xb) at pc=0x00007ff1f6013886, pid=26395, tid=26396
#
# JRE version: OpenJDK Runtime Environment (11.0.19+7) (build 11.0.19+7-post-Ubuntu-0ubuntu122.04.1)
# Java VM: OpenJDK 64-Bit Server VM (11.0.19+7-post-Ubuntu-0ubuntu122.04.1, mixed mode, sharing, tiered, compressed oops, g1 gc, linux-amd64)
# Problematic frame:
# C  [libLLVM-13.so+0xc13886]  llvm::ConstantArray::getImpl(llvm::ArrayType*, llvm::ArrayRef<llvm::Constant*>)+0x26
#
# Core dump will be written. Default location: Core dumps may be processed with "/usr/share/apport/apport -p%p -s%s -c%c -d%d -P%P -u%u -g%g -- %E" (or dumping to /home/doudou/lab/Lab/core.26395)
#
# If you would like to submit a bug report, please visit:
#   https://bugs.launchpad.net/ubuntu/+source/openjdk-lts
# The crash happened outside the Java Virtual Machine in native code.
# See problematic frame for where to report the bug.
#

---------------  S U M M A R Y ------------

Command Line: -javaagent:/snap/intellij-idea-ultimate/437/lib/idea_rt.jar=39191:/snap/intellij-idea-ultimate/437/bin -Dfile.encoding=UTF-8 Main /home/doudou/lab/Lab/tests/test1.sysy /home/doudou/lab/Lab/tests/out.txt

Host: 11th Gen Intel(R) Core(TM) i7-1165G7 @ 2.80GHz, 2 cores, 3G, Ubuntu 22.04.2 LTS
Time: Wed Jun 28 12:18:36 2023 CST elapsed time: 1.240014 seconds (0d 0h 0m 1s)

---------------  T H R E A D  ---------------

Current thread (0x00007ff258016800):  JavaThread "main" [_thread_in_native, id=26396, stack(0x00007ff25fb00000,0x00007ff25fc00000)]

Stack: [0x00007ff25fb00000,0x00007ff25fc00000],  sp=0x00007ff25fbfda20,  free space=1014k
Native frames: (J=compiled Java code, A=aot compiled Java code, j=interpreted, Vv=VM code, C=native code)
C  [libLLVM-13.so+0xc13886]  llvm::ConstantArray::getImpl(llvm::ArrayType*, llvm::ArrayRef<llvm::Constant*>)+0x26

Java frames: (J=compiled Java code, j=interpreted, Vv=VM code)
j  org.bytedeco.llvm.global.LLVM.LLVMConstArray(Lorg/bytedeco/llvm/LLVM/LLVMTypeRef;Lorg/bytedeco/javacpp/PointerPointer;I)Lorg/bytedeco/llvm/LLVM/LLVMValueRef;+0
j  SysYLlvmVisitor.visitVarDef(LSysYParser$VarDefContext;)Lorg/bytedeco/llvm/LLVM/LLVMValueRef;+692
j  SysYLlvmVisitor.visitVarDef(LSysYParser$VarDefContext;)Ljava/lang/Object;+2
j  SysYParser$VarDefContext.accept(Lorg/antlr/v4/runtime/tree/ParseTreeVisitor;)Ljava/lang/Object;+12
j  org.antlr.v4.runtime.tree.AbstractParseTreeVisitor.visitChildren(Lorg/antlr/v4/runtime/tree/RuleNode;)Ljava/lang/Object;+46
j  SysYParserBaseVisitor.visitVarDecl(LSysYParser$VarDeclContext;)Ljava/lang/Object;+2
j  SysYParser$VarDeclContext.accept(Lorg/antlr/v4/runtime/tree/ParseTreeVisitor;)Ljava/lang/Object;+12
j  org.antlr.v4.runtime.tree.AbstractParseTreeVisitor.visitChildren(Lorg/antlr/v4/runtime/tree/RuleNode;)Ljava/lang/Object;+46
j  SysYParserBaseVisitor.visitDecl(LSysYParser$DeclContext;)Ljava/lang/Object;+2
j  SysYParser$DeclContext.accept(Lorg/antlr/v4/runtime/tree/ParseTreeVisitor;)Ljava/lang/Object;+12
j  org.antlr.v4.runtime.tree.AbstractParseTreeVisitor.visitChildren(Lorg/antlr/v4/runtime/tree/RuleNode;)Ljava/lang/Object;+46
j  SysYParserBaseVisitor.visitBlockItem(LSysYParser$BlockItemContext;)Ljava/lang/Object;+2
j  SysYParser$BlockItemContext.accept(Lorg/antlr/v4/runtime/tree/ParseTreeVisitor;)Ljava/lang/Object;+12
j  org.antlr.v4.runtime.tree.AbstractParseTreeVisitor.visitChildren(Lorg/antlr/v4/runtime/tree/RuleNode;)Ljava/lang/Object;+46
j  SysYParserBaseVisitor.visitBlock(LSysYParser$BlockContext;)Ljava/lang/Object;+2
j  SysYParser$BlockContext.accept(Lorg/antlr/v4/runtime/tree/ParseTreeVisitor;)Ljava/lang/Object;+12
j  org.antlr.v4.runtime.tree.AbstractParseTreeVisitor.visit(Lorg/antlr/v4/runtime/tree/ParseTree;)Ljava/lang/Object;+2
j  SysYLlvmVisitor.visitFuncDef(LSysYParser$FuncDefContext;)Lorg/bytedeco/llvm/LLVM/LLVMValueRef;+552
j  SysYLlvmVisitor.visitCompUnit(LSysYParser$CompUnitContext;)Lorg/bytedeco/llvm/LLVM/LLVMValueRef;+2072
j  SysYLlvmVisitor.visitCompUnit(LSysYParser$CompUnitContext;)Ljava/lang/Object;+2
j  SysYParser$CompUnitContext.accept(Lorg/antlr/v4/runtime/tree/ParseTreeVisitor;)Ljava/lang/Object;+12
j  org.antlr.v4.runtime.tree.AbstractParseTreeVisitor.visitChildren(Lorg/antlr/v4/runtime/tree/RuleNode;)Ljava/lang/Object;+46
j  SysYParserBaseVisitor.visitProgram(LSysYParser$ProgramContext;)Ljava/lang/Object;+2
j  SysYParser$ProgramContext.accept(Lorg/antlr/v4/runtime/tree/ParseTreeVisitor;)Ljava/lang/Object;+12
j  org.antlr.v4.runtime.tree.AbstractParseTreeVisitor.visit(Lorg/antlr/v4/runtime/tree/ParseTree;)Ljava/lang/Object;+2
j  Main.main([Ljava/lang/String;)V+210
v  ~StubRoutines::call_stub

siginfo: si_signo: 11 (SIGSEGV), si_code: 1 (SEGV_MAPERR), si_addr: 0x0000000000000010

Register to memory mapping:

RAX=0x00007ff2584267b0 points into unknown readable memory: 0x00007ff25838e4a0 | a0 e4 38 58 f2 7f 00 00
RBX=0x0 is NULL
RCX=0x0000000000000004 is an unknown value
RDX=0x0000000000000005 is an unknown value
RSP=0x00007ff25fbfda20 is pointing into the stack for thread: 0x00007ff258016800
RBP=0x00007ff2584267b0 points into unknown readable memory: 0x00007ff25838e4a0 | a0 e4 38 58 f2 7f 00 00
RSI=0x00007ff258436040 points into unknown readable memory: 0x0000000000000000 | 00 00 00 00 00 00 00 00
RDI=0x00007ff2584267b0 points into unknown readable memory: 0x00007ff25838e4a0 | a0 e4 38 58 f2 7f 00 00
R8 =0x00007ff258426200 points into unknown readable memory: 0x00007ff2584249b8 | b8 49 42 58 f2 7f 00 00
R9 =0x00000000c67b2df0 is an oop: org.bytedeco.javacpp.PointerPointer 
{0x00000000c67b2df0} - klass: 'org/bytedeco/javacpp/PointerPointer'
 - ---- fields (total size 7 words):
 - private 'deallocator' 'Lorg/bytedeco/javacpp/Pointer$Deallocator;' @12  a 'org/bytedeco/javacpp/Pointer$NativeDeallocator'{0x00000000c67b2e28} (c67b2e28)
 - protected 'address' 'J' @16  140678839623744 (58436040 7ff2)
 - protected 'position' 'J' @24  0 (0 0)
 - protected 'limit' 'J' @32  5 (5 0)
 - protected 'capacity' 'J' @40  5 (5 0)
 - private strict 'pointerArray' '[Lorg/bytedeco/javacpp/Pointer;' @48  a 'org/bytedeco/llvm/LLVM/LLVMValueRef'[5] {0x00000000c6717538} (c6717538)
R10=0x000000000000000c is an unknown value
R11=0x00007ff25faa8a04: <offset 0x00000000012a8a04> in /usr/lib/jvm/java-11-openjdk-amd64/lib/server/libjvm.so at 0x00007ff25e800000
R12=0x00007ff258436040 points into unknown readable memory: 0x0000000000000000 | 00 00 00 00 00 00 00 00
R13=0x0000000000000005 is an unknown value
R14=0x00007ff2584267b0 points into unknown readable memory: 0x00007ff25838e4a0 | a0 e4 38 58 f2 7f 00 00
R15=0x00007ff258016800 is a thread


Registers:
RAX=0x00007ff2584267b0, RBX=0x0000000000000000, RCX=0x0000000000000004, RDX=0x0000000000000005
RSP=0x00007ff25fbfda20, RBP=0x00007ff2584267b0, RSI=0x00007ff258436040, RDI=0x00007ff2584267b0
R8 =0x00007ff258426200, R9 =0x00000000c67b2df0, R10=0x000000000000000c, R11=0x00007ff25faa8a04
R12=0x00007ff258436040, R13=0x0000000000000005, R14=0x00007ff2584267b0, R15=0x00007ff258016800
RIP=0x00007ff1f6013886, EFLAGS=0x0000000000010206, CSGSFS=0x002b000000000033, ERR=0x0000000000000004
  TRAPNO=0x000000000000000e

Top of Stack: (sp=0x00007ff25fbfda20)
0x00007ff25fbfda20:   0000000000000000 00007ff25fbfdb20
0x00007ff25fbfda30:   00007ff258016800 00007ff258016b48
0x00007ff25fbfda40:   00007ff258282b88 00007ff25fbfe9f0
0x00007ff25fbfda50:   00007ff25fbfdb10 00007ff25f0fdb8d 

Instructions: (pc=0x00007ff1f6013886)
0x00007ff1f6013786:   ff 48 8b 44 24 28 44 8b 44 24 08 e9 70 fa ff ff
0x00007ff1f6013796:   b9 04 00 00 00 48 89 ee 4c 89 ff e8 7a b8 ef ff
0x00007ff1f60137a6:   8b 54 24 28 48 8b 44 24 20 44 89 2c 90 e9 50 fc
0x00007ff1f60137b6:   ff ff 31 ed 31 f6 4d 89 ec e9 84 fa ff ff 31 ed
0x00007ff1f60137c6:   45 31 f6 4d 89 ec e9 39 f9 ff ff 48 8d 7c 24 20
0x00007ff1f60137d6:   b9 08 00 00 00 48 89 ee e8 3d b8 ef ff 8b 44 24
0x00007ff1f60137e6:   28 e9 fd fc ff ff b9 08 00 00 00 48 89 ee 4c 89
0x00007ff1f60137f6:   ff e8 24 b8 ef ff 8b 54 24 28 48 8b 44 24 20 4c
0x00007ff1f6013806:   89 2c d0 e9 cb fd ff ff 48 8d 7c 24 20 b9 04 00
0x00007ff1f6013816:   00 00 48 89 ee e8 00 b8 ef ff 8b 44 24 28 e9 cc
0x00007ff1f6013826:   fe ff ff 40 84 ff 0f 85 08 f9 ff ff 45 84 c0 0f
0x00007ff1f6013836:   85 48 fb ff ff e9 fc f7 ff ff 41 83 fc 01 0f 84
0x00007ff1f6013846:   16 f9 ff ff 40 80 fe 0b 40 0f 94 c7 45 31 c0 e9
0x00007ff1f6013856:   c3 f7 ff ff 66 0f 1f 44 00 00 41 57 41 56 49 89
0x00007ff1f6013866:   fe 41 55 41 54 55 53 48 81 ec b8 00 00 00 48 85
0x00007ff1f6013876:   d2 0f 84 8b 01 00 00 48 8b 1e 49 89 f4 49 89 d5
0x00007ff1f6013886:   0f b6 43 10 3c 0b 0f 84 fe 00 00 00 83 e8 0a 83
0x00007ff1f6013896:   f8 01 0f 86 8a 01 00 00 48 89 df e8 6a 79 ff ff
0x00007ff1f60138a6:   84 c0 0f 85 4a 01 00 00 48 8b 3b 0f b6 77 08 40
0x00007ff1f60138b6:   80 fe 03 0f 87 71 02 00 00 0f b6 43 10 3c 0f 0f
0x00007ff1f60138c6:   85 7d 01 00 00 be 08 00 00 00 e8 9b b2 13 00 84
0x00007ff1f60138d6:   c0 0f 84 d3 02 00 00 4c 8d 74 24 38 4f 8d 2c ec
0x00007ff1f60138e6:   4c 89 e3 31 c0 66 0f 6f 05 4d 92 6d 03 4c 89 74
0x00007ff1f60138f6:   24 20 4c 8d 7c 24 20 0f 11 44 24 28 4d 39 ec 74
0x00007ff1f6013906:   4a 48 8b 13 80 7a 10 0f 0f 85 5c 02 00 00 83 7a
0x00007ff1f6013916:   20 40 48 8b 6a 18 76 04 48 8b 6d 00 48 8d 50 01
0x00007ff1f6013926:   48 3b 54 24 30 0f 87 19 06 00 00 48 8b 54 24 20
0x00007ff1f6013936:   40 88 2c 02 48 8b 44 24 28 48 83 c3 08 48 83 c0
0x00007ff1f6013946:   01 48 89 44 24 28 49 39 dd 75 b6 49 8b 3c 24 e8
0x00007ff1f6013956:   e6 d7 14 00 48 8b 6c 24 28 be 08 00 00 00 4c 8b
0x00007ff1f6013966:   64 24 20 48 89 c7 e8 1f b8 13 00 48 89 ee 48 89
0x00007ff1f6013976:   c7 e8 e4 d5 13 00 4c 89 e7 48 89 ee 48 89 c2 e8 


Stack slot to memory mapping:
stack at sp + 0 slots: 0x0 is NULL
stack at sp + 1 slots: 0x00007ff25fbfdb20 is pointing into the stack for thread: 0x00007ff258016800
stack at sp + 2 slots: 0x00007ff258016800 is a thread
stack at sp + 3 slots: 0x00007ff258016b48 points into unknown readable memory: 0x00007ff25fa44b40 | 40 4b a4 5f f2 7f 00 00
stack at sp + 4 slots: 0x00007ff258282b88 points into unknown readable memory: 0x00007ff238cd9760 | 60 97 cd 38 f2 7f 00 00
stack at sp + 5 slots: 0x00007ff25fbfe9f0 is pointing into the stack for thread: 0x00007ff258016800
stack at sp + 6 slots: 0x00007ff25fbfdb10 is pointing into the stack for thread: 0x00007ff258016800
stack at sp + 7 slots: 0x00007ff25f0fdb8d: <offset 0x00000000008fdb8d> in /usr/lib/jvm/java-11-openjdk-amd64/lib/server/libjvm.so at 0x00007ff25e800000


---------------  P R O C E S S  ---------------

Threads class SMR info:
_java_thread_list=0x00007ff258252260, length=11, elements={
0x00007ff258016800, 0x00007ff258120000, 0x00007ff258122000, 0x00007ff258128800,
0x00007ff25812a800, 0x00007ff25812c800, 0x00007ff25812f000, 0x00007ff258131000,
0x00007ff25814e800, 0x00007ff258235000, 0x00007ff258250000
}

Java Threads: ( => current thread )
=>0x00007ff258016800 JavaThread "main" [_thread_in_native, id=26396, stack(0x00007ff25fb00000,0x00007ff25fc00000)]
  0x00007ff258120000 JavaThread "Reference Handler" daemon [_thread_blocked, id=26410, stack(0x00007ff25c281000,0x00007ff25c381000)]
  0x00007ff258122000 JavaThread "Finalizer" daemon [_thread_blocked, id=26411, stack(0x00007ff25c181000,0x00007ff25c281000)]
  0x00007ff258128800 JavaThread "Signal Dispatcher" daemon [_thread_blocked, id=26414, stack(0x00007ff25c081000,0x00007ff25c181000)]
  0x00007ff25812a800 JavaThread "Service Thread" daemon [_thread_blocked, id=26415, stack(0x00007ff257f00000,0x00007ff258000000)]
  0x00007ff25812c800 JavaThread "C2 CompilerThread0" daemon [_thread_blocked, id=26416, stack(0x00007ff240500000,0x00007ff240600000)]
  0x00007ff25812f000 JavaThread "C1 CompilerThread0" daemon [_thread_blocked, id=26417, stack(0x00007ff240400000,0x00007ff240500000)]
  0x00007ff258131000 JavaThread "Sweeper thread" daemon [_thread_blocked, id=26420, stack(0x00007ff240300000,0x00007ff240400000)]
  0x00007ff25814e800 JavaThread "Common-Cleaner" daemon [_thread_blocked, id=26424, stack(0x00007ff240200000,0x00007ff240300000)]
  0x00007ff258235000 JavaThread "Monitor Ctrl-Break" daemon [_thread_in_native, id=26427, stack(0x00007ff240100000,0x00007ff240200000)]
  0x00007ff258250000 JavaThread "JavaCPP Deallocator" daemon [_thread_blocked, id=26429, stack(0x00007ff240000000,0x00007ff240100000)]

Other Threads:
  0x00007ff25811d000 VMThread "VM Thread" [stack: 0x00007ff25c383000,0x00007ff25c483000] [id=26408]
  0x00007ff258236800 WatcherThread [stack: 0x00007ff2387b8000,0x00007ff2388b8000] [id=26428]
  0x00007ff25802f800 GCTaskThread "GC Thread#0" [stack: 0x00007ff25e215000,0x00007ff25e315000] [id=26398]
  0x00007ff228001000 GCTaskThread "GC Thread#1" [stack: 0x00007ff2386b6000,0x00007ff2387b6000] [id=26430]
  0x00007ff25804a800 ConcurrentGCThread "G1 Main Marker" [stack: 0x00007ff25ca0e000,0x00007ff25cb0e000] [id=26401]
  0x00007ff25804c800 ConcurrentGCThread "G1 Conc#0" [stack: 0x00007ff25c90c000,0x00007ff25ca0c000] [id=26402]
  0x00007ff258087800 ConcurrentGCThread "G1 Refine#0" [stack: 0x00007ff25c608000,0x00007ff25c708000] [id=26404]
  0x00007ff258089800 ConcurrentGCThread "G1 Young RemSet Sampling" [stack: 0x00007ff25c506000,0x00007ff25c606000] [id=26405]

Threads with active compile tasks:

VM state:not at safepoint (normal execution)

VM Mutex/Monitor currently owned by a thread: None

Heap address: 0x00000000c2e00000, size: 978 MB, Compressed Oops mode: 32-bit
Narrow klass base: 0x0000000800000000, Narrow klass shift: 3
Compressed class space size: 1073741824 Address: 0x0000000840000000

Heap:
 garbage-first heap   total 65536K, used 6446K [0x00000000c2e00000, 0x0000000100000000)
  region size 1024K, 6 young (6144K), 1 survivors (1024K)
 Metaspace       used 4103K, capacity 6664K, committed 6912K, reserved 1056768K
  class space    used 452K, capacity 714K, committed 768K, reserved 1048576K
Heap Regions: E=young(eden), S=young(survivor), O=old, HS=humongous(starts), HC=humongous(continues), CS=collection set, F=free, A=archive, TAMS=top-at-mark-start (previous, next)
|   0|0x00000000c2e00000, 0x00000000c2e99800, 0x00000000c2f00000| 59%| O|  |TAMS 0x00000000c2e00000, 0x00000000c2e00000| Untracked 
|   1|0x00000000c2f00000, 0x00000000c2f00000, 0x00000000c3000000|  0%| F|  |TAMS 0x00000000c2f00000, 0x00000000c2f00000| Untracked 
|   2|0x00000000c3000000, 0x00000000c3000000, 0x00000000c3100000|  0%| F|  |TAMS 0x00000000c3000000, 0x00000000c3000000| Untracked 
|   3|0x00000000c3100000, 0x00000000c3100000, 0x00000000c3200000|  0%| F|  |TAMS 0x00000000c3100000, 0x00000000c3100000| Untracked 
|   4|0x00000000c3200000, 0x00000000c3200000, 0x00000000c3300000|  0%| F|  |TAMS 0x00000000c3200000, 0x00000000c3200000| Untracked 
|   5|0x00000000c3300000, 0x00000000c3300000, 0x00000000c3400000|  0%| F|  |TAMS 0x00000000c3300000, 0x00000000c3300000| Untracked 
|   6|0x00000000c3400000, 0x00000000c3400000, 0x00000000c3500000|  0%| F|  |TAMS 0x00000000c3400000, 0x00000000c3400000| Untracked 
|   7|0x00000000c3500000, 0x00000000c3500000, 0x00000000c3600000|  0%| F|  |TAMS 0x00000000c3500000, 0x00000000c3500000| Untracked 
|   8|0x00000000c3600000, 0x00000000c3600000, 0x00000000c3700000|  0%| F|  |TAMS 0x00000000c3600000, 0x00000000c3600000| Untracked 
|   9|0x00000000c3700000, 0x00000000c3700000, 0x00000000c3800000|  0%| F|  |TAMS 0x00000000c3700000, 0x00000000c3700000| Untracked 
|  10|0x00000000c3800000, 0x00000000c3800000, 0x00000000c3900000|  0%| F|  |TAMS 0x00000000c3800000, 0x00000000c3800000| Untracked 
|  11|0x00000000c3900000, 0x00000000c3900000, 0x00000000c3a00000|  0%| F|  |TAMS 0x00000000c3900000, 0x00000000c3900000| Untracked 
|  12|0x00000000c3a00000, 0x00000000c3a00000, 0x00000000c3b00000|  0%| F|  |TAMS 0x00000000c3a00000, 0x00000000c3a00000| Untracked 
|  13|0x00000000c3b00000, 0x00000000c3b00000, 0x00000000c3c00000|  0%| F|  |TAMS 0x00000000c3b00000, 0x00000000c3b00000| Untracked 
|  14|0x00000000c3c00000, 0x00000000c3c00000, 0x00000000c3d00000|  0%| F|  |TAMS 0x00000000c3c00000, 0x00000000c3c00000| Untracked 
|  15|0x00000000c3d00000, 0x00000000c3d00000, 0x00000000c3e00000|  0%| F|  |TAMS 0x00000000c3d00000, 0x00000000c3d00000| Untracked 
|  16|0x00000000c3e00000, 0x00000000c3e00000, 0x00000000c3f00000|  0%| F|  |TAMS 0x00000000c3e00000, 0x00000000c3e00000| Untracked 
|  17|0x00000000c3f00000, 0x00000000c3f00000, 0x00000000c4000000|  0%| F|  |TAMS 0x00000000c3f00000, 0x00000000c3f00000| Untracked 
|  18|0x00000000c4000000, 0x00000000c4000000, 0x00000000c4100000|  0%| F|  |TAMS 0x00000000c4000000, 0x00000000c4000000| Untracked 
|  19|0x00000000c4100000, 0x00000000c4100000, 0x00000000c4200000|  0%| F|  |TAMS 0x00000000c4100000, 0x00000000c4100000| Untracked 
|  20|0x00000000c4200000, 0x00000000c4200000, 0x00000000c4300000|  0%| F|  |TAMS 0x00000000c4200000, 0x00000000c4200000| Untracked 
|  21|0x00000000c4300000, 0x00000000c4300000, 0x00000000c4400000|  0%| F|  |TAMS 0x00000000c4300000, 0x00000000c4300000| Untracked 
|  22|0x00000000c4400000, 0x00000000c4400000, 0x00000000c4500000|  0%| F|  |TAMS 0x00000000c4400000, 0x00000000c4400000| Untracked 
|  23|0x00000000c4500000, 0x00000000c4500000, 0x00000000c4600000|  0%| F|  |TAMS 0x00000000c4500000, 0x00000000c4500000| Untracked 
|  24|0x00000000c4600000, 0x00000000c4600000, 0x00000000c4700000|  0%| F|  |TAMS 0x00000000c4600000, 0x00000000c4600000| Untracked 
|  25|0x00000000c4700000, 0x00000000c4700000, 0x00000000c4800000|  0%| F|  |TAMS 0x00000000c4700000, 0x00000000c4700000| Untracked 
|  26|0x00000000c4800000, 0x00000000c4800000, 0x00000000c4900000|  0%| F|  |TAMS 0x00000000c4800000, 0x00000000c4800000| Untracked 
|  27|0x00000000c4900000, 0x00000000c4900000, 0x00000000c4a00000|  0%| F|  |TAMS 0x00000000c4900000, 0x00000000c4900000| Untracked 
|  28|0x00000000c4a00000, 0x00000000c4a00000, 0x00000000c4b00000|  0%| F|  |TAMS 0x00000000c4a00000, 0x00000000c4a00000| Untracked 
|  29|0x00000000c4b00000, 0x00000000c4b00000, 0x00000000c4c00000|  0%| F|  |TAMS 0x00000000c4b00000, 0x00000000c4b00000| Untracked 
|  30|0x00000000c4c00000, 0x00000000c4c00000, 0x00000000c4d00000|  0%| F|  |TAMS 0x00000000c4c00000, 0x00000000c4c00000| Untracked 
|  31|0x00000000c4d00000, 0x00000000c4d00000, 0x00000000c4e00000|  0%| F|  |TAMS 0x00000000c4d00000, 0x00000000c4d00000| Untracked 
|  32|0x00000000c4e00000, 0x00000000c4e00000, 0x00000000c4f00000|  0%| F|  |TAMS 0x00000000c4e00000, 0x00000000c4e00000| Untracked 
|  33|0x00000000c4f00000, 0x00000000c4f00000, 0x00000000c5000000|  0%| F|  |TAMS 0x00000000c4f00000, 0x00000000c4f00000| Untracked 
|  34|0x00000000c5000000, 0x00000000c5000000, 0x00000000c5100000|  0%| F|  |TAMS 0x00000000c5000000, 0x00000000c5000000| Untracked 
|  35|0x00000000c5100000, 0x00000000c5100000, 0x00000000c5200000|  0%| F|  |TAMS 0x00000000c5100000, 0x00000000c5100000| Untracked 
|  36|0x00000000c5200000, 0x00000000c5200000, 0x00000000c5300000|  0%| F|  |TAMS 0x00000000c5200000, 0x00000000c5200000| Untracked 
|  37|0x00000000c5300000, 0x00000000c5300000, 0x00000000c5400000|  0%| F|  |TAMS 0x00000000c5300000, 0x00000000c5300000| Untracked 
|  38|0x00000000c5400000, 0x00000000c5400000, 0x00000000c5500000|  0%| F|  |TAMS 0x00000000c5400000, 0x00000000c5400000| Untracked 
|  39|0x00000000c5500000, 0x00000000c5500000, 0x00000000c5600000|  0%| F|  |TAMS 0x00000000c5500000, 0x00000000c5500000| Untracked 
|  40|0x00000000c5600000, 0x00000000c5600000, 0x00000000c5700000|  0%| F|  |TAMS 0x00000000c5600000, 0x00000000c5600000| Untracked 
|  41|0x00000000c5700000, 0x00000000c5700000, 0x00000000c5800000|  0%| F|  |TAMS 0x00000000c5700000, 0x00000000c5700000| Untracked 
|  42|0x00000000c5800000, 0x00000000c5800000, 0x00000000c5900000|  0%| F|  |TAMS 0x00000000c5800000, 0x00000000c5800000| Untracked 
|  43|0x00000000c5900000, 0x00000000c5900000, 0x00000000c5a00000|  0%| F|  |TAMS 0x00000000c5900000, 0x00000000c5900000| Untracked 
|  44|0x00000000c5a00000, 0x00000000c5a00000, 0x00000000c5b00000|  0%| F|  |TAMS 0x00000000c5a00000, 0x00000000c5a00000| Untracked 
|  45|0x00000000c5b00000, 0x00000000c5b00000, 0x00000000c5c00000|  0%| F|  |TAMS 0x00000000c5b00000, 0x00000000c5b00000| Untracked 
|  46|0x00000000c5c00000, 0x00000000c5c00000, 0x00000000c5d00000|  0%| F|  |TAMS 0x00000000c5c00000, 0x00000000c5c00000| Untracked 
|  47|0x00000000c5d00000, 0x00000000c5d00000, 0x00000000c5e00000|  0%| F|  |TAMS 0x00000000c5d00000, 0x00000000c5d00000| Untracked 
|  48|0x00000000c5e00000, 0x00000000c5e00000, 0x00000000c5f00000|  0%| F|  |TAMS 0x00000000c5e00000, 0x00000000c5e00000| Untracked 
|  49|0x00000000c5f00000, 0x00000000c5f00000, 0x00000000c6000000|  0%| F|  |TAMS 0x00000000c5f00000, 0x00000000c5f00000| Untracked 
|  50|0x00000000c6000000, 0x00000000c6000000, 0x00000000c6100000|  0%| F|  |TAMS 0x00000000c6000000, 0x00000000c6000000| Untracked 
|  51|0x00000000c6100000, 0x00000000c6100000, 0x00000000c6200000|  0%| F|  |TAMS 0x00000000c6100000, 0x00000000c6100000| Untracked 
|  52|0x00000000c6200000, 0x00000000c6200000, 0x00000000c6300000|  0%| F|  |TAMS 0x00000000c6200000, 0x00000000c6200000| Untracked 
|  53|0x00000000c6300000, 0x00000000c6300000, 0x00000000c6400000|  0%| F|  |TAMS 0x00000000c6300000, 0x00000000c6300000| Untracked 
|  54|0x00000000c6400000, 0x00000000c6500000, 0x00000000c6500000|100%| S|CS|TAMS 0x00000000c6400000, 0x00000000c6400000| Complete 
|  55|0x00000000c6500000, 0x00000000c6500000, 0x00000000c6600000|  0%| F|  |TAMS 0x00000000c6500000, 0x00000000c6500000| Untracked 
|  56|0x00000000c6600000, 0x00000000c6600000, 0x00000000c6700000|  0%| F|  |TAMS 0x00000000c6600000, 0x00000000c6600000| Untracked 
|  57|0x00000000c6700000, 0x00000000c6800000, 0x00000000c6800000|100%| E|  |TAMS 0x00000000c6700000, 0x00000000c6700000| Complete 
|  58|0x00000000c6800000, 0x00000000c6900000, 0x00000000c6900000|100%| E|CS|TAMS 0x00000000c6800000, 0x00000000c6800000| Complete 
|  59|0x00000000c6900000, 0x00000000c6a00000, 0x00000000c6a00000|100%| E|CS|TAMS 0x00000000c6900000, 0x00000000c6900000| Complete 
|  60|0x00000000c6a00000, 0x00000000c6b00000, 0x00000000c6b00000|100%| E|CS|TAMS 0x00000000c6a00000, 0x00000000c6a00000| Complete 
|  61|0x00000000c6b00000, 0x00000000c6c00000, 0x00000000c6c00000|100%| E|CS|TAMS 0x00000000c6b00000, 0x00000000c6b00000| Complete 
| 976|0x00000000ffe00000, 0x00000000ffe47000, 0x00000000fff00000| 27%|OA|  |TAMS 0x00000000ffe00000, 0x00000000ffe00000| Untracked 
| 977|0x00000000fff00000, 0x00000000fff6b000, 0x0000000100000000| 41%|CA|  |TAMS 0x00000000fff00000, 0x00000000fff00000| Untracked 

Card table byte_map: [0x00007ff25dc3f000,0x00007ff25de28000] _byte_map_base: 0x00007ff25d628000

Marking Bits (Prev, Next): (CMBitMap*) 0x00007ff258045b88, (CMBitMap*) 0x00007ff258045bc0
 Prev Bits: [0x00007ff25cb0e000, 0x00007ff25da56000)
 Next Bits: [0x00007ff23b0b8000, 0x00007ff23c000000)

Polling page: 0x00007ff25ff54000

Metaspace:

Usage:
  Non-class:      5.81 MB capacity,     3.56 MB ( 61%) used,     2.24 MB ( 39%) free+waste,     8.88 KB ( <1%) overhead. 
      Class:    714.00 KB capacity,   452.79 KB ( 63%) used,   256.27 KB ( 36%) free+waste,     4.94 KB ( <1%) overhead. 
       Both:      6.51 MB capacity,     4.01 MB ( 62%) used,     2.49 MB ( 38%) free+waste,    13.81 KB ( <1%) overhead. 

Virtual space:
  Non-class space:        8.00 MB reserved,       6.00 MB ( 75%) committed 
      Class space:        1.00 GB reserved,     768.00 KB ( <1%) committed 
             Both:        1.01 GB reserved,       6.75 MB ( <1%) committed 

Chunk freelists:
   Non-Class:  0 bytes
       Class:  0 bytes
        Both:  0 bytes

MaxMetaspaceSize: unlimited
CompressedClassSpaceSize: 1.00 GB
Initial GC threshold: 20.80 MB
Current GC threshold: 20.80 MB
CDS: on

CodeHeap 'non-profiled nmethods': size=120036Kb used=253Kb max_used=253Kb free=119782Kb
 bounds [0x00007ff2480c7000, 0x00007ff248337000, 0x00007ff24f600000]
CodeHeap 'profiled nmethods': size=120032Kb used=1360Kb max_used=1360Kb free=118671Kb
 bounds [0x00007ff240b8f000, 0x00007ff240dff000, 0x00007ff2480c7000]
CodeHeap 'non-nmethods': size=5692Kb used=1162Kb max_used=1175Kb free=4529Kb
 bounds [0x00007ff240600000, 0x00007ff240870000, 0x00007ff240b8f000]
 total_blobs=1210 nmethods=795 adapters=329
 compilation: enabled
              stopped_count=0, restarted_count=0
 full_count=0

Compilation events (20 events):
Event: 1.225 Thread 0x00007ff25812c800 nmethod 770 0x00007ff248103a10 code [0x00007ff248103ba0, 0x00007ff248103c38]
Event: 1.226 Thread 0x00007ff25812f000  776       3       sun.invoke.util.Wrapper::stackSlots (9 bytes)
Event: 1.226 Thread 0x00007ff25812f000 nmethod 776 0x00007ff240cdb390 code [0x00007ff240cdb540, 0x00007ff240cdb650]
Event: 1.233 Thread 0x00007ff25812c800  777       4       java.lang.String::substring (58 bytes)
Event: 1.233 Thread 0x00007ff25812f000  779       3       jdk.internal.org.objectweb.asm.ClassWriter::addType (39 bytes)
Event: 1.233 Thread 0x00007ff25812f000 nmethod 779 0x00007ff240cdb710 code [0x00007ff240cdb8e0, 0x00007ff240cdbb00]
Event: 1.233 Thread 0x00007ff25812f000  778       3       jdk.internal.org.objectweb.asm.Frame::type (416 bytes)
Event: 1.235 Thread 0x00007ff25812f000 nmethod 778 0x00007ff240cdbc10 code [0x00007ff240cdc020, 0x00007ff240cddff0]
Event: 1.235 Thread 0x00007ff25812f000  780       3       sun.invoke.util.BytecodeDescriptor::unparseSig (91 bytes)
Event: 1.235 Thread 0x00007ff25812f000 nmethod 780 0x00007ff240cdeb10 code [0x00007ff240cdeda0, 0x00007ff240cdf5c0]
Event: 1.235 Thread 0x00007ff25812f000  786       3       jdk.internal.org.objectweb.asm.ByteVector::put11 (52 bytes)
Event: 1.236 Thread 0x00007ff25812f000 nmethod 786 0x00007ff240cdf990 code [0x00007ff240cdfb60, 0x00007ff240cdfd80]
Event: 1.236 Thread 0x00007ff25812f000  791       3       java.lang.invoke.InvokerBytecodeGenerator::loadInsnOpcode (86 bytes)
Event: 1.236 Thread 0x00007ff25812f000 nmethod 791 0x00007ff240cdff10 code [0x00007ff240ce01a0, 0x00007ff240ce0d30]
Event: 1.236 Thread 0x00007ff25812f000  790       3       jdk.internal.org.objectweb.asm.ClassWriter::newClass (11 bytes)
Event: 1.236 Thread 0x00007ff25812f000 nmethod 790 0x00007ff240ce1110 code [0x00007ff240ce12c0, 0x00007ff240ce1420]
Event: 1.237 Thread 0x00007ff25812f000  782       3       java.lang.invoke.MemberName::getMethodOrFieldType (72 bytes)
Event: 1.237 Thread 0x00007ff25812c800 nmethod 777 0x00007ff248105510 code [0x00007ff2481056c0, 0x00007ff248105bb8]
Event: 1.237 Thread 0x00007ff25812c800  788       4       java.util.ImmutableCollections$ListN::get (7 bytes)
Event: 1.237 Thread 0x00007ff25812c800 nmethod 788 0x00007ff248105e10 code [0x00007ff248105fa0, 0x00007ff248106038]

GC Heap History (2 events):
Event: 0.796 GC heap before
{Heap before GC invocations=0 (full 0):
 garbage-first heap   total 65536K, used 6856K [0x00000000c2e00000, 0x0000000100000000)
  region size 1024K, 7 young (7168K), 0 survivors (0K)
 Metaspace       used 3146K, capacity 5908K, committed 6016K, reserved 1056768K
  class space    used 337K, capacity 586K, committed 640K, reserved 1048576K
}
Event: 0.812 GC heap after
{Heap after GC invocations=1 (full 0):
 garbage-first heap   total 65536K, used 2350K [0x00000000c2e00000, 0x0000000100000000)
  region size 1024K, 1 young (1024K), 1 survivors (1024K)
 Metaspace       used 3146K, capacity 5908K, committed 6016K, reserved 1056768K
  class space    used 337K, capacity 586K, committed 640K, reserved 1048576K
}

Deoptimization events (20 events):
Event: 0.741 Thread 0x00007ff258016800 Uncommon trap: trap_request=0xffffffc6 fr.pc=0x00007ff2480e1db4 relative=0x00000000000003d4
Event: 0.741 Thread 0x00007ff258016800 Uncommon trap: reason=bimorphic_or_optimized_type_check action=maybe_recompile pc=0x00007ff2480e1db4 method=java.util.HashMap.getNode(ILjava/lang/Object;)Ljava/util/HashMap$Node; @ 126 c2
Event: 0.741 Thread 0x00007ff258016800 DEOPT PACKING pc=0x00007ff2480e1db4 sp=0x00007ff25fbfe020
Event: 0.741 Thread 0x00007ff258016800 DEOPT UNPACKING pc=0x00007ff2406082a5 sp=0x00007ff25fbfdf58 mode 2
Event: 0.741 Thread 0x00007ff258016800 Uncommon trap: trap_request=0xffffffc6 fr.pc=0x00007ff2480e1db4 relative=0x00000000000003d4
Event: 0.741 Thread 0x00007ff258016800 Uncommon trap: reason=bimorphic_or_optimized_type_check action=maybe_recompile pc=0x00007ff2480e1db4 method=java.util.HashMap.getNode(ILjava/lang/Object;)Ljava/util/HashMap$Node; @ 126 c2
Event: 0.741 Thread 0x00007ff258016800 DEOPT PACKING pc=0x00007ff2480e1db4 sp=0x00007ff25fbfe020
Event: 0.741 Thread 0x00007ff258016800 DEOPT UNPACKING pc=0x00007ff2406082a5 sp=0x00007ff25fbfdf58 mode 2
Event: 0.741 Thread 0x00007ff258016800 Uncommon trap: trap_request=0xffffffc6 fr.pc=0x00007ff2480e1db4 relative=0x00000000000003d4
Event: 0.741 Thread 0x00007ff258016800 Uncommon trap: reason=bimorphic_or_optimized_type_check action=maybe_recompile pc=0x00007ff2480e1db4 method=java.util.HashMap.getNode(ILjava/lang/Object;)Ljava/util/HashMap$Node; @ 126 c2
Event: 0.741 Thread 0x00007ff258016800 DEOPT PACKING pc=0x00007ff2480e1db4 sp=0x00007ff25fbfe020
Event: 0.741 Thread 0x00007ff258016800 DEOPT UNPACKING pc=0x00007ff2406082a5 sp=0x00007ff25fbfdf58 mode 2
Event: 0.741 Thread 0x00007ff258016800 Uncommon trap: trap_request=0xffffffc6 fr.pc=0x00007ff2480df95c relative=0x000000000000037c
Event: 0.741 Thread 0x00007ff258016800 Uncommon trap: reason=bimorphic_or_optimized_type_check action=maybe_recompile pc=0x00007ff2480df95c method=java.util.HashMap.getNode(ILjava/lang/Object;)Ljava/util/HashMap$Node; @ 126 c2
Event: 0.742 Thread 0x00007ff258016800 DEOPT PACKING pc=0x00007ff2480df95c sp=0x00007ff25fbfdfb0
Event: 0.742 Thread 0x00007ff258016800 DEOPT UNPACKING pc=0x00007ff2406082a5 sp=0x00007ff25fbfdf60 mode 2
Event: 0.976 Thread 0x00007ff258016800 DEOPT PACKING pc=0x00007ff240c02c42 sp=0x00007ff25fbfd500
Event: 0.976 Thread 0x00007ff258016800 DEOPT UNPACKING pc=0x00007ff2406499fa sp=0x00007ff25fbfc988 mode 0
Event: 0.978 Thread 0x00007ff258016800 DEOPT PACKING pc=0x00007ff240bc814f sp=0x00007ff25fbfd4b0
Event: 0.978 Thread 0x00007ff258016800 DEOPT UNPACKING pc=0x00007ff2406499fa sp=0x00007ff25fbfc958 mode 0

Classes redefined (0 events):
No events

Internal exceptions (20 events):
Event: 0.338 Thread 0x00007ff258016800 Exception <a 'java/security/PrivilegedActionException'{0x00000000c6ae7ab0}> (0x00000000c6ae7ab0) thrown at [./src/hotspot/share/prims/jvm.cpp, line 1304]
Event: 0.338 Thread 0x00007ff258016800 Exception <a 'java/security/PrivilegedActionException'{0x00000000c6ae7d80}> (0x00000000c6ae7d80) thrown at [./src/hotspot/share/prims/jvm.cpp, line 1304]
Event: 0.338 Thread 0x00007ff258016800 Exception <a 'java/security/PrivilegedActionException'{0x00000000c6ae8708}> (0x00000000c6ae8708) thrown at [./src/hotspot/share/prims/jvm.cpp, line 1304]
Event: 0.338 Thread 0x00007ff258016800 Exception <a 'java/security/PrivilegedActionException'{0x00000000c6ae89d8}> (0x00000000c6ae89d8) thrown at [./src/hotspot/share/prims/jvm.cpp, line 1304]
Event: 0.338 Thread 0x00007ff258016800 Exception <a 'java/security/PrivilegedActionException'{0x00000000c6ae9360}> (0x00000000c6ae9360) thrown at [./src/hotspot/share/prims/jvm.cpp, line 1304]
Event: 0.338 Thread 0x00007ff258016800 Exception <a 'java/security/PrivilegedActionException'{0x00000000c6ae9630}> (0x00000000c6ae9630) thrown at [./src/hotspot/share/prims/jvm.cpp, line 1304]
Event: 0.338 Thread 0x00007ff258016800 Exception <a 'java/security/PrivilegedActionException'{0x00000000c6ae9fb8}> (0x00000000c6ae9fb8) thrown at [./src/hotspot/share/prims/jvm.cpp, line 1304]
Event: 0.338 Thread 0x00007ff258016800 Exception <a 'java/security/PrivilegedActionException'{0x00000000c6aea288}> (0x00000000c6aea288) thrown at [./src/hotspot/share/prims/jvm.cpp, line 1304]
Event: 0.338 Thread 0x00007ff258016800 Exception <a 'java/security/PrivilegedActionException'{0x00000000c6aeabf8}> (0x00000000c6aeabf8) thrown at [./src/hotspot/share/prims/jvm.cpp, line 1304]
Event: 0.338 Thread 0x00007ff258016800 Exception <a 'java/security/PrivilegedActionException'{0x00000000c6aeaec8}> (0x00000000c6aeaec8) thrown at [./src/hotspot/share/prims/jvm.cpp, line 1304]
Event: 0.338 Thread 0x00007ff258016800 Exception <a 'java/security/PrivilegedActionException'{0x00000000c6aeb850}> (0x00000000c6aeb850) thrown at [./src/hotspot/share/prims/jvm.cpp, line 1304]
Event: 0.338 Thread 0x00007ff258016800 Exception <a 'java/security/PrivilegedActionException'{0x00000000c6aebb20}> (0x00000000c6aebb20) thrown at [./src/hotspot/share/prims/jvm.cpp, line 1304]
Event: 0.397 Thread 0x00007ff258016800 Exception <a 'java/lang/NoSuchMethodError'{0x00000000c699ab28}: 'int java.lang.invoke.DirectMethodHandle$Holder.invokeStaticInit(java.lang.Object, java.lang.Object, java.lang.Object, java.lang.Object)'> (0x00000000c699ab28) thrown at [./src/hotspot/share/interpreter/linkResolver.cpp, line 772]
Event: 0.400 Thread 0x00007ff258016800 Exception <a 'java/lang/IncompatibleClassChangeError'{0x00000000c69a48a8}: Found class java.lang.Object, but interface was expected> (0x00000000c69a48a8) thrown at [./src/hotspot/share/interpreter/linkResolver.cpp, line 839]
Event: 0.401 Thread 0x00007ff258016800 Exception <a 'java/lang/NoSuchMethodError'{0x00000000c69a7a58}: 'void java.lang.invoke.DirectMethodHandle$Holder.invokeStaticInit(java.lang.Object, java.lang.Object)'> (0x00000000c69a7a58) thrown at [./src/hotspot/share/interpreter/linkResolver.cpp, line 772]
Event: 0.405 Thread 0x00007ff258016800 Exception <a 'java/lang/NoSuchMethodError'{0x00000000c69acf28}: 'int java.lang.invoke.DirectMethodHandle$Holder.invokeStaticInit(java.lang.Object, java.lang.Object)'> (0x00000000c69acf28) thrown at [./src/hotspot/share/interpreter/linkResolver.cpp, line 772]
Event: 1.227 Thread 0x00007ff258016800 Exception <a 'java/lang/NoSuchMethodError'{0x00000000c67631e8}: 'java.lang.Object java.lang.invoke.DirectMethodHandle$Holder.invokeStatic(java.lang.Object, java.lang.Object, java.lang.Object, java.lang.Object, java.lang.Object, java.lang.Object, java.lang.Object, java.lang.Object, java.lang.Object, java.lang.Object, java.lang.Object, int)'> (0x00000000c67631e8) thrown at [./src/hotspot/share/interpreter/linkResolver.cpp, line 772]
Event: 1.229 Thread 0x00007ff258016800 Exception <a 'java/lang/NoSuchMethodError'{0x00000000c6782550}: 'java.lang.Object java.lang.invoke.DirectMethodHandle$Holder.invokeStatic(java.lang.Object, java.lang.Object, java.lang.Object, java.lang.Object, java.lang.Object, java.lang.Object, java.lang.Object, java.lang.Object, java.lang.Object, java.lang.Object, java.lang.Object, int, int)'> (0x00000000c6782550) thrown at [./src/hotspot/share/interpreter/linkResolver.cpp, line 772]
Event: 1.231 Thread 0x00007ff258016800 Exception <a 'java/lang/NoSuchMethodError'{0x00000000c67a1818}: 'java.lang.Object java.lang.invoke.DirectMethodHandle$Holder.invokeStatic(java.lang.Object, java.lang.Object, java.lang.Object, java.lang.Object, java.lang.Object, java.lang.Object, java.lang.Object, java.lang.Object, java.lang.Object, java.lang.Object, java.lang.Object, int, int, java.lang.Object)'> (0x00000000c67a1818) thrown at [./src/hotspot/share/interpreter/linkResolver.cpp, line 772]
Event: 1.232 Thread 0x00007ff258016800 Exception <a 'java/lang/NoSuchMethodError'{0x00000000c67ad970}: 'java.lang.Object java.lang.invoke.Invokers$Holder.linkToTargetMethod(java.lang.Object, int, java.lang.Object)'> (0x00000000c67ad970) thrown at [./src/hotspot/share/interpreter/linkResolver.cpp, line 772]

Events (20 events):
Event: 1.181 loading class java/lang/invoke/BoundMethodHandle$Species_LLLLL
Event: 1.181 loading class java/lang/invoke/BoundMethodHandle$Species_LLLLL done
Event: 1.182 loading class java/lang/invoke/BoundMethodHandle$Species_LLLLLL
Event: 1.182 loading class java/lang/invoke/BoundMethodHandle$Species_LLLLLL done
Event: 1.184 loading class java/lang/invoke/BoundMethodHandle$Species_LLLLLLI
Event: 1.184 loading class java/lang/invoke/BoundMethodHandle$Species_LLLLLLI done
Event: 1.187 loading class java/lang/invoke/BoundMethodHandle$Species_LLLLLLII
Event: 1.187 loading class java/lang/invoke/BoundMethodHandle$Species_LLLLLLII done
Event: 1.193 loading class java/lang/invoke/BoundMethodHandle$Species_LLLLLLIIL
Event: 1.193 loading class java/lang/invoke/BoundMethodHandle$Species_LLLLLLIIL done
Event: 1.213 loading class java/lang/invoke/BoundMethodHandle$Species_LLLLLLL
Event: 1.213 loading class java/lang/invoke/BoundMethodHandle$Species_LLLLLLL done
Event: 1.216 loading class java/lang/invoke/BoundMethodHandle$Species_LLLLLLLL
Event: 1.217 loading class java/lang/invoke/BoundMethodHandle$Species_LLLLLLLL done
Event: 1.220 loading class java/lang/invoke/BoundMethodHandle$Species_LLLLLLLLI
Event: 1.220 loading class java/lang/invoke/BoundMethodHandle$Species_LLLLLLLLI done
Event: 1.228 loading class java/lang/invoke/BoundMethodHandle$Species_LLLLLLLLII
Event: 1.228 loading class java/lang/invoke/BoundMethodHandle$Species_LLLLLLLLII done
Event: 1.230 loading class java/lang/invoke/BoundMethodHandle$Species_LLLLLLLLIIL
Event: 1.230 loading class java/lang/invoke/BoundMethodHandle$Species_LLLLLLLLIIL done


Dynamic libraries:
c2e00000-c6c00000 rw-p 00000000 00:00 0 
c6c00000-ffe00000 ---p 00000000 00:00 0 
ffe00000-ffe47000 rw-p 00b0a000 08:03 1060156                            /usr/lib/jvm/java-11-openjdk-amd64/lib/server/classes.jsa
ffe47000-fff00000 rw-p 00000000 00:00 0 
fff00000-fff6b000 rw-p 00a9f000 08:03 1060156                            /usr/lib/jvm/java-11-openjdk-amd64/lib/server/classes.jsa
fff6b000-100000000 rw-p 00000000 00:00 0 
800000000-800002000 rwxp 00001000 08:03 1060156                          /usr/lib/jvm/java-11-openjdk-amd64/lib/server/classes.jsa
800002000-8003cc000 rw-p 00003000 08:03 1060156                          /usr/lib/jvm/java-11-openjdk-amd64/lib/server/classes.jsa
8003cc000-800a9d000 r--p 003cd000 08:03 1060156                          /usr/lib/jvm/java-11-openjdk-amd64/lib/server/classes.jsa
800a9d000-800a9e000 rw-p 00a9e000 08:03 1060156                          /usr/lib/jvm/java-11-openjdk-amd64/lib/server/classes.jsa
840000000-8400c0000 rw-p 00000000 00:00 0 
8400c0000-880000000 ---p 00000000 00:00 0 
556b56f1f000-556b56f20000 r--p 00000000 08:03 1058673                    /usr/lib/jvm/java-11-openjdk-amd64/bin/java
556b56f20000-556b56f21000 r-xp 00001000 08:03 1058673                    /usr/lib/jvm/java-11-openjdk-amd64/bin/java
556b56f21000-556b56f22000 r--p 00002000 08:03 1058673                    /usr/lib/jvm/java-11-openjdk-amd64/bin/java
556b56f22000-556b56f23000 r--p 00002000 08:03 1058673                    /usr/lib/jvm/java-11-openjdk-amd64/bin/java
556b56f23000-556b56f24000 rw-p 00003000 08:03 1058673                    /usr/lib/jvm/java-11-openjdk-amd64/bin/java
556b587c5000-556b58807000 rw-p 00000000 00:00 0                          [heap]
7ff1f5400000-7ff1f5d26000 r--p 00000000 08:03 1579535                    /home/doudou/.javacpp/cache/llvm-13.0.1-1.5.7-linux-x86_64.jar/org/bytedeco/llvm/linux-x86_64/libLLVM-13.so
7ff1f5d26000-7ff1f96e9000 r-xp 00926000 08:03 1579535                    /home/doudou/.javacpp/cache/llvm-13.0.1-1.5.7-linux-x86_64.jar/org/bytedeco/llvm/linux-x86_64/libLLVM-13.so
7ff1f96e9000-7ff1fb93e000 r--p 042e9000 08:03 1579535                    /home/doudou/.javacpp/cache/llvm-13.0.1-1.5.7-linux-x86_64.jar/org/bytedeco/llvm/linux-x86_64/libLLVM-13.so
7ff1fb93e000-7ff1fbe53000 r--p 0653d000 08:03 1579535                    /home/doudou/.javacpp/cache/llvm-13.0.1-1.5.7-linux-x86_64.jar/org/bytedeco/llvm/linux-x86_64/libLLVM-13.so
7ff1fbe53000-7ff1fbe5e000 rw-p 06a52000 08:03 1579535                    /home/doudou/.javacpp/cache/llvm-13.0.1-1.5.7-linux-x86_64.jar/org/bytedeco/llvm/linux-x86_64/libLLVM-13.so
7ff1fbe5e000-7ff1fbed4000 rw-p 00000000 00:00 0 
7ff1fc000000-7ff1fc021000 rw-p 00000000 00:00 0 
7ff1fc021000-7ff200000000 ---p 00000000 00:00 0 
7ff204000000-7ff204287000 rw-p 00000000 00:00 0 
7ff204287000-7ff208000000 ---p 00000000 00:00 0 
7ff208000000-7ff208021000 rw-p 00000000 00:00 0 
7ff208021000-7ff20c000000 ---p 00000000 00:00 0 
7ff20c000000-7ff20c021000 rw-p 00000000 00:00 0 
7ff20c021000-7ff210000000 ---p 00000000 00:00 0 
7ff210000000-7ff2102fd000 rw-p 00000000 00:00 0 
7ff2102fd000-7ff214000000 ---p 00000000 00:00 0 
7ff214000000-7ff214021000 rw-p 00000000 00:00 0 
7ff214021000-7ff218000000 ---p 00000000 00:00 0 
7ff21b200000-7ff21bfe7000 r--p 00000000 08:03 534858                     /usr/lib/locale/locale-archive
7ff21c000000-7ff21c021000 rw-p 00000000 00:00 0 
7ff21c021000-7ff220000000 ---p 00000000 00:00 0 
7ff220000000-7ff220021000 rw-p 00000000 00:00 0 
7ff220021000-7ff224000000 ---p 00000000 00:00 0 
7ff224000000-7ff224021000 rw-p 00000000 00:00 0 
7ff224021000-7ff228000000 ---p 00000000 00:00 0 
7ff228000000-7ff228021000 rw-p 00000000 00:00 0 
7ff228021000-7ff22c000000 ---p 00000000 00:00 0 
7ff22c000000-7ff22c021000 rw-p 00000000 00:00 0 
7ff22c021000-7ff230000000 ---p 00000000 00:00 0 
7ff230000000-7ff230021000 rw-p 00000000 00:00 0 
7ff230021000-7ff234000000 ---p 00000000 00:00 0 
7ff234000000-7ff234021000 rw-p 00000000 00:00 0 
7ff234021000-7ff238000000 ---p 00000000 00:00 0 
7ff2385ae000-7ff238613000 r--p 00000000 08:03 1579540                    /home/doudou/.javacpp/cache/llvm-13.0.1-1.5.7-linux-x86_64.jar/org/bytedeco/llvm/linux-x86_64/libjniLLVM.so
7ff238613000-7ff238681000 r-xp 00065000 08:03 1579540                    /home/doudou/.javacpp/cache/llvm-13.0.1-1.5.7-linux-x86_64.jar/org/bytedeco/llvm/linux-x86_64/libjniLLVM.so
7ff238681000-7ff2386ac000 r--p 000d3000 08:03 1579540                    /home/doudou/.javacpp/cache/llvm-13.0.1-1.5.7-linux-x86_64.jar/org/bytedeco/llvm/linux-x86_64/libjniLLVM.so
7ff2386ac000-7ff2386af000 r--p 000fd000 08:03 1579540                    /home/doudou/.javacpp/cache/llvm-13.0.1-1.5.7-linux-x86_64.jar/org/bytedeco/llvm/linux-x86_64/libjniLLVM.so
7ff2386af000-7ff2386b2000 rw-p 00100000 08:03 1579540                    /home/doudou/.javacpp/cache/llvm-13.0.1-1.5.7-linux-x86_64.jar/org/bytedeco/llvm/linux-x86_64/libjniLLVM.so
7ff2386b2000-7ff2386b4000 rw-p 00000000 00:00 0 
7ff2386b4000-7ff2386b5000 ---p 00000000 00:00 0 
7ff2386b5000-7ff2387b6000 rw-p 00000000 00:00 0 
7ff2387b6000-7ff2387b7000 ---p 00000000 00:00 0 
7ff2387b7000-7ff238eb8000 rw-p 00000000 00:00 0 
7ff238eb8000-7ff2390b8000 ---p 00000000 00:00 0 
7ff2390b8000-7ff23b1b0000 rw-p 00000000 00:00 0 
7ff23b1b0000-7ff23bff8000 ---p 00000000 00:00 0 
7ff23bff8000-7ff23c000000 rw-p 00000000 00:00 0 
7ff23c000000-7ff23c021000 rw-p 00000000 00:00 0 
7ff23c021000-7ff240000000 ---p 00000000 00:00 0 
7ff240000000-7ff240004000 ---p 00000000 00:00 0 
7ff240004000-7ff240100000 rw-p 00000000 00:00 0 
7ff240100000-7ff240104000 ---p 00000000 00:00 0 
7ff240104000-7ff240200000 rw-p 00000000 00:00 0 
7ff240200000-7ff240204000 ---p 00000000 00:00 0 
7ff240204000-7ff240300000 rw-p 00000000 00:00 0 
7ff240300000-7ff240304000 ---p 00000000 00:00 0 
7ff240304000-7ff240400000 rw-p 00000000 00:00 0 
7ff240400000-7ff240404000 ---p 00000000 00:00 0 
7ff240404000-7ff240500000 rw-p 00000000 00:00 0 
7ff240500000-7ff240504000 ---p 00000000 00:00 0 
7ff240504000-7ff240600000 rw-p 00000000 00:00 0 
7ff240600000-7ff240870000 rwxp 00000000 00:00 0 
7ff240870000-7ff240b8f000 ---p 00000000 00:00 0 
7ff240b8f000-7ff240dff000 rwxp 00000000 00:00 0 
7ff240dff000-7ff2480c7000 ---p 00000000 00:00 0 
7ff2480c7000-7ff248337000 rwxp 00000000 00:00 0 
7ff248337000-7ff24f600000 ---p 00000000 00:00 0 
7ff24f600000-7ff257e0b000 r--s 00000000 08:03 1058832                    /usr/lib/jvm/java-11-openjdk-amd64/lib/modules
7ff257f00000-7ff257f04000 ---p 00000000 00:00 0 
7ff257f04000-7ff258000000 rw-p 00000000 00:00 0 
7ff258000000-7ff258438000 rw-p 00000000 00:00 0 
7ff258438000-7ff25c000000 ---p 00000000 00:00 0 
7ff25c03d000-7ff25c044000 r--p 00000000 08:03 1579536                    /home/doudou/.javacpp/cache/llvm-13.0.1-1.5.7-linux-x86_64.jar/org/bytedeco/llvm/linux-x86_64/libLTO.so.13
7ff25c044000-7ff25c04c000 r-xp 00007000 08:03 1579536                    /home/doudou/.javacpp/cache/llvm-13.0.1-1.5.7-linux-x86_64.jar/org/bytedeco/llvm/linux-x86_64/libLTO.so.13
7ff25c04c000-7ff25c04e000 r--p 0000f000 08:03 1579536                    /home/doudou/.javacpp/cache/llvm-13.0.1-1.5.7-linux-x86_64.jar/org/bytedeco/llvm/linux-x86_64/libLTO.so.13
7ff25c04e000-7ff25c04f000 r--p 00010000 08:03 1579536                    /home/doudou/.javacpp/cache/llvm-13.0.1-1.5.7-linux-x86_64.jar/org/bytedeco/llvm/linux-x86_64/libLTO.so.13
7ff25c04f000-7ff25c050000 rw-p 00011000 08:03 1579536                    /home/doudou/.javacpp/cache/llvm-13.0.1-1.5.7-linux-x86_64.jar/org/bytedeco/llvm/linux-x86_64/libLTO.so.13
7ff25c050000-7ff25c051000 r--p 00000000 08:03 551276                     /usr/lib/x86_64-linux-gnu/libdl.so.2
7ff25c051000-7ff25c052000 r-xp 00001000 08:03 551276                     /usr/lib/x86_64-linux-gnu/libdl.so.2
7ff25c052000-7ff25c053000 r--p 00002000 08:03 551276                     /usr/lib/x86_64-linux-gnu/libdl.so.2
7ff25c053000-7ff25c054000 r--p 00002000 08:03 551276                     /usr/lib/x86_64-linux-gnu/libdl.so.2
7ff25c054000-7ff25c055000 rw-p 00003000 08:03 551276                     /usr/lib/x86_64-linux-gnu/libdl.so.2
7ff25c055000-7ff25c056000 r--p 00000000 08:03 552054                     /usr/lib/x86_64-linux-gnu/libpthread.so.0
7ff25c056000-7ff25c057000 r-xp 00001000 08:03 552054                     /usr/lib/x86_64-linux-gnu/libpthread.so.0
7ff25c057000-7ff25c058000 r--p 00002000 08:03 552054                     /usr/lib/x86_64-linux-gnu/libpthread.so.0
7ff25c058000-7ff25c059000 r--p 00002000 08:03 552054                     /usr/lib/x86_64-linux-gnu/libpthread.so.0
7ff25c059000-7ff25c05a000 rw-p 00003000 08:03 552054                     /usr/lib/x86_64-linux-gnu/libpthread.so.0
7ff25c05d000-7ff25c064000 r--s 00000000 08:03 553557                     /usr/lib/x86_64-linux-gnu/gconv/gconv-modules.cache
7ff25c064000-7ff25c065000 r--p 00000000 08:03 1579538                    /home/doudou/.javacpp/cache/llvm-13.0.1-1.5.7-linux-x86_64.jar/org/bytedeco/llvm/linux-x86_64/libRemarks.so.13
7ff25c065000-7ff25c066000 r-xp 00001000 08:03 1579538                    /home/doudou/.javacpp/cache/llvm-13.0.1-1.5.7-linux-x86_64.jar/org/bytedeco/llvm/linux-x86_64/libRemarks.so.13
7ff25c066000-7ff25c067000 r--p 00002000 08:03 1579538                    /home/doudou/.javacpp/cache/llvm-13.0.1-1.5.7-linux-x86_64.jar/org/bytedeco/llvm/linux-x86_64/libRemarks.so.13
7ff25c067000-7ff25c068000 r--p 00002000 08:03 1579538                    /home/doudou/.javacpp/cache/llvm-13.0.1-1.5.7-linux-x86_64.jar/org/bytedeco/llvm/linux-x86_64/libRemarks.so.13
7ff25c068000-7ff25c069000 rw-p 00003000 08:03 1579538                    /home/doudou/.javacpp/cache/llvm-13.0.1-1.5.7-linux-x86_64.jar/org/bytedeco/llvm/linux-x86_64/libRemarks.so.13
7ff25c069000-7ff25c06d000 r--p 00000000 08:03 1058822                    /usr/lib/jvm/java-11-openjdk-amd64/lib/libnet.so
7ff25c06d000-7ff25c07b000 r-xp 00004000 08:03 1058822                    /usr/lib/jvm/java-11-openjdk-amd64/lib/libnet.so
7ff25c07b000-7ff25c07f000 r--p 00012000 08:03 1058822                    /usr/lib/jvm/java-11-openjdk-amd64/lib/libnet.so
7ff25c07f000-7ff25c080000 r--p 00015000 08:03 1058822                    /usr/lib/jvm/java-11-openjdk-amd64/lib/libnet.so
7ff25c080000-7ff25c081000 rw-p 00016000 08:03 1058822                    /usr/lib/jvm/java-11-openjdk-amd64/lib/libnet.so
7ff25c081000-7ff25c085000 ---p 00000000 00:00 0 
7ff25c085000-7ff25c181000 rw-p 00000000 00:00 0 
7ff25c181000-7ff25c185000 ---p 00000000 00:00 0 
7ff25c185000-7ff25c281000 rw-p 00000000 00:00 0 
7ff25c281000-7ff25c285000 ---p 00000000 00:00 0 
7ff25c285000-7ff25c381000 rw-p 00000000 00:00 0 
7ff25c381000-7ff25c382000 ---p 00000000 00:00 0 
7ff25c382000-7ff25c504000 rw-p 00000000 00:00 0 
7ff25c504000-7ff25c505000 ---p 00000000 00:00 0 
7ff25c505000-7ff25c606000 rw-p 00000000 00:00 0 
7ff25c606000-7ff25c607000 ---p 00000000 00:00 0 
7ff25c607000-7ff25c90a000 rw-p 00000000 00:00 0 
7ff25c90a000-7ff25c90b000 ---p 00000000 00:00 0 
7ff25c90b000-7ff25ca0c000 rw-p 00000000 00:00 0 
7ff25ca0c000-7ff25ca0d000 ---p 00000000 00:00 0 
7ff25ca0d000-7ff25cc06000 rw-p 00000000 00:00 0 
7ff25cc06000-7ff25da4e000 ---p 00000000 00:00 0 
7ff25da4e000-7ff25da75000 rw-p 00000000 00:00 0 
7ff25da75000-7ff25dc3e000 ---p 00000000 00:00 0 
7ff25dc3e000-7ff25dc5e000 rw-p 00000000 00:00 0 
7ff25dc5e000-7ff25de27000 ---p 00000000 00:00 0 
7ff25de27000-7ff25de47000 rw-p 00000000 00:00 0 
7ff25de47000-7ff25e010000 ---p 00000000 00:00 0 
7ff25e010000-7ff25e213000 rw-p 00000000 00:00 0 
7ff25e213000-7ff25e214000 ---p 00000000 00:00 0 
7ff25e214000-7ff25e31a000 rw-p 00000000 00:00 0 
7ff25e31a000-7ff25e400000 ---p 00000000 00:00 0 
7ff25e400000-7ff25e49a000 r--p 00000000 08:03 552221                     /usr/lib/x86_64-linux-gnu/libstdc++.so.6.0.30
7ff25e49a000-7ff25e5aa000 r-xp 0009a000 08:03 552221                     /usr/lib/x86_64-linux-gnu/libstdc++.so.6.0.30
7ff25e5aa000-7ff25e619000 r--p 001aa000 08:03 552221                     /usr/lib/x86_64-linux-gnu/libstdc++.so.6.0.30
7ff25e619000-7ff25e624000 r--p 00218000 08:03 552221                     /usr/lib/x86_64-linux-gnu/libstdc++.so.6.0.30
7ff25e624000-7ff25e627000 rw-p 00223000 08:03 552221                     /usr/lib/x86_64-linux-gnu/libstdc++.so.6.0.30
7ff25e627000-7ff25e62a000 rw-p 00000000 00:00 0 
7ff25e62a000-7ff25e62e000 r--p 00000000 08:03 1579530                    /home/doudou/.javacpp/cache/javacpp-1.5.7-linux-x86_64.jar/org/bytedeco/javacpp/linux-x86_64/libjnijavacpp.so
7ff25e62e000-7ff25e635000 r-xp 00004000 08:03 1579530                    /home/doudou/.javacpp/cache/javacpp-1.5.7-linux-x86_64.jar/org/bytedeco/javacpp/linux-x86_64/libjnijavacpp.so
7ff25e635000-7ff25e639000 r--p 0000b000 08:03 1579530                    /home/doudou/.javacpp/cache/javacpp-1.5.7-linux-x86_64.jar/org/bytedeco/javacpp/linux-x86_64/libjnijavacpp.so
7ff25e639000-7ff25e63a000 r--p 0000e000 08:03 1579530                    /home/doudou/.javacpp/cache/javacpp-1.5.7-linux-x86_64.jar/org/bytedeco/javacpp/linux-x86_64/libjnijavacpp.so
7ff25e63a000-7ff25e63b000 rw-p 0000f000 08:03 1579530                    /home/doudou/.javacpp/cache/javacpp-1.5.7-linux-x86_64.jar/org/bytedeco/javacpp/linux-x86_64/libjnijavacpp.so
7ff25e63b000-7ff25e63c000 r--p 00000000 08:03 1058804                    /usr/lib/jvm/java-11-openjdk-amd64/lib/libextnet.so
7ff25e63c000-7ff25e63d000 r-xp 00001000 08:03 1058804                    /usr/lib/jvm/java-11-openjdk-amd64/lib/libextnet.so
7ff25e63d000-7ff25e63e000 r--p 00002000 08:03 1058804                    /usr/lib/jvm/java-11-openjdk-amd64/lib/libextnet.so
7ff25e63e000-7ff25e63f000 r--p 00002000 08:03 1058804                    /usr/lib/jvm/java-11-openjdk-amd64/lib/libextnet.so
7ff25e63f000-7ff25e640000 rw-p 00003000 08:03 1058804                    /usr/lib/jvm/java-11-openjdk-amd64/lib/libextnet.so
7ff25e640000-7ff25e647000 r--p 00000000 08:03 1058823                    /usr/lib/jvm/java-11-openjdk-amd64/lib/libnio.so
7ff25e647000-7ff25e64f000 r-xp 00007000 08:03 1058823                    /usr/lib/jvm/java-11-openjdk-amd64/lib/libnio.so
7ff25e64f000-7ff25e652000 r--p 0000f000 08:03 1058823                    /usr/lib/jvm/java-11-openjdk-amd64/lib/libnio.so
7ff25e652000-7ff25e653000 r--p 00011000 08:03 1058823                    /usr/lib/jvm/java-11-openjdk-amd64/lib/libnio.so
7ff25e653000-7ff25e654000 rw-p 00012000 08:03 1058823                    /usr/lib/jvm/java-11-openjdk-amd64/lib/libnio.so
7ff25e654000-7ff25e6d5000 rw-p 00000000 00:00 0 
7ff25e6d5000-7ff25e7bb000 ---p 00000000 00:00 0 
7ff25e7bb000-7ff25e7c0000 rw-p 00000000 00:00 0 
7ff25e7c0000-7ff25e7c7000 ---p 00000000 00:00 0 
7ff25e7c7000-7ff25e7c9000 r--p 00000000 08:03 1058831                    /usr/lib/jvm/java-11-openjdk-amd64/lib/libzip.so
7ff25e7c9000-7ff25e7ce000 r-xp 00002000 08:03 1058831                    /usr/lib/jvm/java-11-openjdk-amd64/lib/libzip.so
7ff25e7ce000-7ff25e7d0000 r--p 00007000 08:03 1058831                    /usr/lib/jvm/java-11-openjdk-amd64/lib/libzip.so
7ff25e7d0000-7ff25e7d1000 r--p 00008000 08:03 1058831                    /usr/lib/jvm/java-11-openjdk-amd64/lib/libzip.so
7ff25e7d1000-7ff25e7d2000 rw-p 00009000 08:03 1058831                    /usr/lib/jvm/java-11-openjdk-amd64/lib/libzip.so
7ff25e7d2000-7ff25e7e0000 r--p 00000000 08:03 1058811                    /usr/lib/jvm/java-11-openjdk-amd64/lib/libjava.so
7ff25e7e0000-7ff25e7f6000 r-xp 0000e000 08:03 1058811                    /usr/lib/jvm/java-11-openjdk-amd64/lib/libjava.so
7ff25e7f6000-7ff25e7fd000 r--p 00024000 08:03 1058811                    /usr/lib/jvm/java-11-openjdk-amd64/lib/libjava.so
7ff25e7fd000-7ff25e7fe000 r--p 0002a000 08:03 1058811                    /usr/lib/jvm/java-11-openjdk-amd64/lib/libjava.so
7ff25e7fe000-7ff25e7ff000 rw-p 0002b000 08:03 1058811                    /usr/lib/jvm/java-11-openjdk-amd64/lib/libjava.so
7ff25e7ff000-7ff25e800000 rw-p 00000000 00:00 0 
7ff25e800000-7ff25ea82000 r--p 00000000 08:03 1058837                    /usr/lib/jvm/java-11-openjdk-amd64/lib/server/libjvm.so
7ff25ea82000-7ff25f71e000 r-xp 00282000 08:03 1058837                    /usr/lib/jvm/java-11-openjdk-amd64/lib/server/libjvm.so
7ff25f71e000-7ff25f979000 r--p 00f1e000 08:03 1058837                    /usr/lib/jvm/java-11-openjdk-amd64/lib/server/libjvm.so
7ff25f979000-7ff25f97a000 ---p 01179000 08:03 1058837                    /usr/lib/jvm/java-11-openjdk-amd64/lib/server/libjvm.so
7ff25f97a000-7ff25fa3e000 r--p 01179000 08:03 1058837                    /usr/lib/jvm/java-11-openjdk-amd64/lib/server/libjvm.so
7ff25fa3e000-7ff25fa79000 rw-p 0123d000 08:03 1058837                    /usr/lib/jvm/java-11-openjdk-amd64/lib/server/libjvm.so
7ff25fa79000-7ff25fad0000 rw-p 00000000 00:00 0 
7ff25fad4000-7ff25fadc000 rw-s 00000000 08:03 262226                     /tmp/hsperfdata_doudou/26395
7ff25fadc000-7ff25fade000 r--p 00000000 08:03 1058806                    /usr/lib/jvm/java-11-openjdk-amd64/lib/libinstrument.so
7ff25fade000-7ff25fae5000 r-xp 00002000 08:03 1058806                    /usr/lib/jvm/java-11-openjdk-amd64/lib/libinstrument.so
7ff25fae5000-7ff25fae8000 r--p 00009000 08:03 1058806                    /usr/lib/jvm/java-11-openjdk-amd64/lib/libinstrument.so
7ff25fae8000-7ff25fae9000 r--p 0000b000 08:03 1058806                    /usr/lib/jvm/java-11-openjdk-amd64/lib/libinstrument.so
7ff25fae9000-7ff25faea000 rw-p 0000c000 08:03 1058806                    /usr/lib/jvm/java-11-openjdk-amd64/lib/libinstrument.so
7ff25faea000-7ff25faef000 r--p 00000000 08:03 1058830                    /usr/lib/jvm/java-11-openjdk-amd64/lib/libverify.so
7ff25faef000-7ff25faf6000 r-xp 00005000 08:03 1058830                    /usr/lib/jvm/java-11-openjdk-amd64/lib/libverify.so
7ff25faf6000-7ff25faf8000 r--p 0000c000 08:03 1058830                    /usr/lib/jvm/java-11-openjdk-amd64/lib/libverify.so
7ff25faf8000-7ff25fafa000 r--p 0000d000 08:03 1058830                    /usr/lib/jvm/java-11-openjdk-amd64/lib/libverify.so
7ff25fafa000-7ff25fafb000 rw-p 0000f000 08:03 1058830                    /usr/lib/jvm/java-11-openjdk-amd64/lib/libverify.so
7ff25fafb000-7ff25fafc000 r--p 00000000 08:03 552110                     /usr/lib/x86_64-linux-gnu/librt.so.1
7ff25fafc000-7ff25fafd000 r-xp 00001000 08:03 552110                     /usr/lib/x86_64-linux-gnu/librt.so.1
7ff25fafd000-7ff25fafe000 r--p 00002000 08:03 552110                     /usr/lib/x86_64-linux-gnu/librt.so.1
7ff25fafe000-7ff25faff000 r--p 00002000 08:03 552110                     /usr/lib/x86_64-linux-gnu/librt.so.1
7ff25faff000-7ff25fb00000 rw-p 00003000 08:03 552110                     /usr/lib/x86_64-linux-gnu/librt.so.1
7ff25fb00000-7ff25fb04000 ---p 00000000 00:00 0 
7ff25fb04000-7ff25fc00000 rw-p 00000000 00:00 0 
7ff25fc00000-7ff25fc28000 r--p 00000000 08:03 551134                     /usr/lib/x86_64-linux-gnu/libc.so.6
7ff25fc28000-7ff25fdbd000 r-xp 00028000 08:03 551134                     /usr/lib/x86_64-linux-gnu/libc.so.6
7ff25fdbd000-7ff25fe15000 r--p 001bd000 08:03 551134                     /usr/lib/x86_64-linux-gnu/libc.so.6
7ff25fe15000-7ff25fe19000 r--p 00214000 08:03 551134                     /usr/lib/x86_64-linux-gnu/libc.so.6
7ff25fe19000-7ff25fe1b000 rw-p 00218000 08:03 551134                     /usr/lib/x86_64-linux-gnu/libc.so.6
7ff25fe1b000-7ff25fe28000 rw-p 00000000 00:00 0 
7ff25fe2b000-7ff25fe2e000 r--p 00000000 08:03 551433                     /usr/lib/x86_64-linux-gnu/libgcc_s.so.1
7ff25fe2e000-7ff25fe45000 r-xp 00003000 08:03 551433                     /usr/lib/x86_64-linux-gnu/libgcc_s.so.1
7ff25fe45000-7ff25fe49000 r--p 0001a000 08:03 551433                     /usr/lib/x86_64-linux-gnu/libgcc_s.so.1
7ff25fe49000-7ff25fe4a000 r--p 0001d000 08:03 551433                     /usr/lib/x86_64-linux-gnu/libgcc_s.so.1
7ff25fe4a000-7ff25fe4b000 rw-p 0001e000 08:03 551433                     /usr/lib/x86_64-linux-gnu/libgcc_s.so.1
7ff25fe4b000-7ff25fe59000 r--p 00000000 08:03 551785                     /usr/lib/x86_64-linux-gnu/libm.so.6
7ff25fe59000-7ff25fed5000 r-xp 0000e000 08:03 551785                     /usr/lib/x86_64-linux-gnu/libm.so.6
7ff25fed5000-7ff25ff30000 r--p 0008a000 08:03 551785                     /usr/lib/x86_64-linux-gnu/libm.so.6
7ff25ff30000-7ff25ff31000 r--p 000e4000 08:03 551785                     /usr/lib/x86_64-linux-gnu/libm.so.6
7ff25ff31000-7ff25ff32000 rw-p 000e5000 08:03 551785                     /usr/lib/x86_64-linux-gnu/libm.so.6
7ff25ff32000-7ff25ff34000 rw-p 00000000 00:00 0 
7ff25ff34000-7ff25ff36000 r--p 00000000 08:03 552488                     /usr/lib/x86_64-linux-gnu/libz.so.1.2.11
7ff25ff36000-7ff25ff47000 r-xp 00002000 08:03 552488                     /usr/lib/x86_64-linux-gnu/libz.so.1.2.11
7ff25ff47000-7ff25ff4d000 r--p 00013000 08:03 552488                     /usr/lib/x86_64-linux-gnu/libz.so.1.2.11
7ff25ff4d000-7ff25ff4e000 ---p 00019000 08:03 552488                     /usr/lib/x86_64-linux-gnu/libz.so.1.2.11
7ff25ff4e000-7ff25ff4f000 r--p 00019000 08:03 552488                     /usr/lib/x86_64-linux-gnu/libz.so.1.2.11
7ff25ff4f000-7ff25ff50000 rw-p 0001a000 08:03 552488                     /usr/lib/x86_64-linux-gnu/libz.so.1.2.11
7ff25ff54000-7ff25ff55000 ---p 00000000 00:00 0 
7ff25ff55000-7ff25ff56000 r--p 00000000 00:00 0 
7ff25ff56000-7ff25ff58000 r--p 00000000 08:03 1058814                    /usr/lib/jvm/java-11-openjdk-amd64/lib/libjimage.so
7ff25ff58000-7ff25ff5b000 r-xp 00002000 08:03 1058814                    /usr/lib/jvm/java-11-openjdk-amd64/lib/libjimage.so
7ff25ff5b000-7ff25ff5c000 r--p 00005000 08:03 1058814                    /usr/lib/jvm/java-11-openjdk-amd64/lib/libjimage.so
7ff25ff5c000-7ff25ff5d000 ---p 00006000 08:03 1058814                    /usr/lib/jvm/java-11-openjdk-amd64/lib/libjimage.so
7ff25ff5d000-7ff25ff5e000 r--p 00006000 08:03 1058814                    /usr/lib/jvm/java-11-openjdk-amd64/lib/libjimage.so
7ff25ff5e000-7ff25ff5f000 rw-p 00007000 08:03 1058814                    /usr/lib/jvm/java-11-openjdk-amd64/lib/libjimage.so
7ff25ff5f000-7ff25ff62000 r--p 00000000 08:03 1058796                    /usr/lib/jvm/java-11-openjdk-amd64/lib/jli/libjli.so
7ff25ff62000-7ff25ff6c000 r-xp 00003000 08:03 1058796                    /usr/lib/jvm/java-11-openjdk-amd64/lib/jli/libjli.so
7ff25ff6c000-7ff25ff6f000 r--p 0000d000 08:03 1058796                    /usr/lib/jvm/java-11-openjdk-amd64/lib/jli/libjli.so
7ff25ff6f000-7ff25ff70000 ---p 00010000 08:03 1058796                    /usr/lib/jvm/java-11-openjdk-amd64/lib/jli/libjli.so
7ff25ff70000-7ff25ff71000 r--p 00010000 08:03 1058796                    /usr/lib/jvm/java-11-openjdk-amd64/lib/jli/libjli.so
7ff25ff71000-7ff25ff72000 rw-p 00011000 08:03 1058796                    /usr/lib/jvm/java-11-openjdk-amd64/lib/jli/libjli.so
7ff25ff72000-7ff25ff74000 rw-p 00000000 00:00 0 
7ff25ff74000-7ff25ff76000 r--p 00000000 08:03 550792                     /usr/lib/x86_64-linux-gnu/ld-linux-x86-64.so.2
7ff25ff76000-7ff25ffa0000 r-xp 00002000 08:03 550792                     /usr/lib/x86_64-linux-gnu/ld-linux-x86-64.so.2
7ff25ffa0000-7ff25ffab000 r--p 0002c000 08:03 550792                     /usr/lib/x86_64-linux-gnu/ld-linux-x86-64.so.2
7ff25ffac000-7ff25ffae000 r--p 00037000 08:03 550792                     /usr/lib/x86_64-linux-gnu/ld-linux-x86-64.so.2
7ff25ffae000-7ff25ffb0000 rw-p 00039000 08:03 550792                     /usr/lib/x86_64-linux-gnu/ld-linux-x86-64.so.2
7ffd18a48000-7ffd18a69000 rw-p 00000000 00:00 0                          [stack]
7ffd18a89000-7ffd18a8d000 r--p 00000000 00:00 0                          [vvar]
7ffd18a8d000-7ffd18a8f000 r-xp 00000000 00:00 0                          [vdso]
ffffffffff600000-ffffffffff601000 --xp 00000000 00:00 0                  [vsyscall]


VM Arguments:
jvm_args: -javaagent:/snap/intellij-idea-ultimate/437/lib/idea_rt.jar=39191:/snap/intellij-idea-ultimate/437/bin -Dfile.encoding=UTF-8 
java_command: Main /home/doudou/lab/Lab/tests/test1.sysy /home/doudou/lab/Lab/tests/out.txt
java_class_path (initial): /home/doudou/lab/Lab/out/production/Lab:/usr/local/lib/antlr-4.9.1-complete.jar:/usr/local/lib/javacpp-1.5.7-linux-x86_64.jar:/usr/local/lib/javacpp-1.5.7.jar:/usr/local/lib/llvm-13.0.1-1.5.7-linux-x86_64.jar:/usr/local/lib/llvm-13.0.1-1.5.7.jar:/usr/local/lib/llvm-platform-13.0.1-1.5.7.jar
Launcher Type: SUN_STANDARD

[Global flags]
     intx CICompilerCount                          = 2                                         {product} {ergonomic}
     uint ConcGCThreads                            = 1                                         {product} {ergonomic}
     uint G1ConcRefinementThreads                  = 2                                         {product} {ergonomic}
   size_t G1HeapRegionSize                         = 1048576                                   {product} {ergonomic}
    uintx GCDrainStackTargetSize                   = 64                                        {product} {ergonomic}
   size_t InitialHeapSize                          = 65011712                                  {product} {ergonomic}
   size_t MarkStackSize                            = 4194304                                   {product} {ergonomic}
   size_t MaxHeapSize                              = 1025507328                                {product} {ergonomic}
   size_t MaxNewSize                               = 614465536                                 {product} {ergonomic}
   size_t MinHeapDeltaBytes                        = 1048576                                   {product} {ergonomic}
    uintx NonNMethodCodeHeapSize                   = 5825164                                {pd product} {ergonomic}
    uintx NonProfiledCodeHeapSize                  = 122916538                              {pd product} {ergonomic}
    uintx ProfiledCodeHeapSize                     = 122916538                              {pd product} {ergonomic}
    uintx ReservedCodeCacheSize                    = 251658240                              {pd product} {ergonomic}
     bool SegmentedCodeCache                       = true                                      {product} {ergonomic}
     bool UseCompressedClassPointers               = true                                 {lp64_product} {ergonomic}
     bool UseCompressedOops                        = true                                 {lp64_product} {ergonomic}
     bool UseG1GC                                  = true                                      {product} {ergonomic}

Logging:
Log output configuration:
 #0: stdout all=warning uptime,level,tags
 #1: stderr all=off uptime,level,tags

Environment Variables:
PATH=/usr/local/sbin:/usr/local/bin:/usr/sbin:/usr/bin:/sbin:/bin:/usr/games:/usr/local/games:/snap/bin:/snap/bin
USERNAME=doudou
SHELL=/bin/bash
DISPLAY=:0
LANG=en_US.UTF-8
LC_NUMERIC=zh_CN.UTF-8
LC_TIME=zh_CN.UTF-8

Signal Handlers:
SIGSEGV: [libjvm.so+0xeabd80], sa_mask[0]=11111111011111111101111111111110, sa_flags=SA_RESTART|SA_SIGINFO
SIGBUS: [libjvm.so+0xeabd80], sa_mask[0]=11111111011111111101111111111110, sa_flags=SA_RESTART|SA_SIGINFO
SIGFPE: [libjvm.so+0xeabd80], sa_mask[0]=11111111011111111101111111111110, sa_flags=SA_RESTART|SA_SIGINFO
SIGPIPE: [libjvm.so+0xbee610], sa_mask[0]=11111111011111111101111111111110, sa_flags=SA_RESTART|SA_SIGINFO
SIGXFSZ: [libjvm.so+0xbee610], sa_mask[0]=11111111011111111101111111111110, sa_flags=SA_RESTART|SA_SIGINFO
SIGILL: [libjvm.so+0xeabd80], sa_mask[0]=11111111011111111101111111111110, sa_flags=SA_RESTART|SA_SIGINFO
SIGUSR2: [libjvm.so+0xbee4b0], sa_mask[0]=00100000000000000000000000000000, sa_flags=SA_RESTART|SA_SIGINFO
SIGHUP: [libjvm.so+0xbeec50], sa_mask[0]=11111111011111111101111111111110, sa_flags=SA_RESTART|SA_SIGINFO
SIGINT: [libjvm.so+0xbeec50], sa_mask[0]=11111111011111111101111111111110, sa_flags=SA_RESTART|SA_SIGINFO
SIGTERM: [libjvm.so+0xbeec50], sa_mask[0]=11111111011111111101111111111110, sa_flags=SA_RESTART|SA_SIGINFO
SIGQUIT: [libjvm.so+0xbeec50], sa_mask[0]=11111111011111111101111111111110, sa_flags=SA_RESTART|SA_SIGINFO


---------------  S Y S T E M  ---------------

OS:DISTRIB_ID=Ubuntu
DISTRIB_RELEASE=22.04
DISTRIB_CODENAME=jammy
DISTRIB_DESCRIPTION="Ubuntu 22.04.2 LTS"
uname:Linux 5.19.0-45-generic #46~22.04.1-Ubuntu SMP PREEMPT_DYNAMIC Wed Jun 7 15:06:04 UTC 20 x86_64
OS uptime: 0 days 18:26 hours
libc:glibc 2.35 NPTL 2.35 
rlimit (soft/hard): STACK 8192k/infinity , CORE 0k/infinity , NPROC 15333/15333 , NOFILE 1048576/1048576 , AS infinity/infinity , CPU infinity/infinity , DATA infinity/infinity , FSIZE infinity/infinity , MEMLOCK 500652k/500652k
load average:1.88 1.79 1.27

/proc/meminfo:
MemTotal:        4005236 kB
MemFree:          223808 kB
MemAvailable:     241344 kB
Buffers:            2004 kB
Cached:           193912 kB
SwapCached:        19264 kB
Active:          1626716 kB
Inactive:         545832 kB
Active(anon):    1510224 kB
Inactive(anon):   466648 kB
Active(file):     116492 kB
Inactive(file):    79184 kB
Unevictable:           0 kB
Mlocked:               0 kB
SwapTotal:       3512316 kB
SwapFree:        1642464 kB
Zswap:                 0 kB
Zswapped:              0 kB
Dirty:               448 kB
Writeback:             0 kB
AnonPages:       1959608 kB
Mapped:            99828 kB
Shmem:               340 kB
KReclaimable:      52920 kB
Slab:             238340 kB
SReclaimable:      52920 kB
SUnreclaim:       185420 kB
KernelStack:       11184 kB
PageTables:        27060 kB
NFS_Unstable:          0 kB
Bounce:                0 kB
WritebackTmp:          0 kB
CommitLimit:     5514932 kB
Committed_AS:    6272144 kB
VmallocTotal:   34359738367 kB
VmallocUsed:       46540 kB
VmallocChunk:          0 kB
Percpu:             2216 kB
HardwareCorrupted:     0 kB
AnonHugePages:         0 kB
ShmemHugePages:        0 kB
ShmemPmdMapped:        0 kB
FileHugePages:         0 kB
FilePmdMapped:         0 kB
HugePages_Total:       0
HugePages_Free:        0
HugePages_Rsvd:        0
HugePages_Surp:        0
Hugepagesize:       2048 kB
Hugetlb:               0 kB
DirectMap4k:      216896 kB
DirectMap2M:     3977216 kB
DirectMap1G:     2097152 kB

/sys/kernel/mm/transparent_hugepage/enabled:
always [madvise] never
/sys/kernel/mm/transparent_hugepage/defrag (defrag/compaction efforts parameter):
always defer defer+madvise [madvise] never

Process Memory:
Virtual Size: 3684896K (peak: 12384612K)
Resident Set Size: 91444K (peak: 91444K) (anon: 35852K, file: 55592K, shmem: 0K)
Swapped out: 0K
C-Heap outstanding allocations: 14727K, retained: 2096K
glibc malloc tunables: (default)

/proc/sys/kernel/threads-max (system-wide limit on the number of threads):
30667
/proc/sys/vm/max_map_count (maximum number of memory map areas a process may have):
65530
/proc/sys/kernel/pid_max (system-wide limit on number of process identifiers):
4194304

container (cgroup) information:
container_type: cgroupv2
cpu_cpuset_cpus: not supported
cpu_memory_nodes: not supported
active_processor_count: 2
cpu_quota: not supported
cpu_period: not supported
cpu_shares: not supported
memory_limit_in_bytes: unlimited
memory_and_swap_limit_in_bytes: unlimited
memory_soft_limit_in_bytes: unlimited
memory_usage_in_bytes: 2001688 k
memory_max_usage_in_bytes: not supported
memory_swap_current_in_bytes: 956504 k
memory_swap_max_limit_in_bytes: unlimited
maximum number of tasks: 4600
current number of tasks: 157

VMWare virtualization detected
Steal ticks since vm start: 0
Steal ticks percentage since vm start:  0.000

CPU:total 2 (initial active 2) (1 cores per cpu, 1 threads per core) family 6 model 140 stepping 1 microcode 0xffffffff, cmov, cx8, fxsr, mmx, sse, sse2, sse3, ssse3, sse4.1, sse4.2, popcnt, avx, avx2, aes, clmul, erms, 3dnowpref, lzcnt, tsc, tscinvbit, bmi1, bmi2, adx, evex, sha, fma
CPU Model and flags from /proc/cpuinfo:
model name	: 11th Gen Intel(R) Core(TM) i7-1165G7 @ 2.80GHz
flags		: fpu vme de pse tsc msr pae mce cx8 apic sep mtrr pge mca cmov pat pse36 clflush mmx fxsr sse sse2 ss syscall nx pdpe1gb rdtscp lm constant_tsc arch_perfmon rep_good nopl xtopology tsc_reliable nonstop_tsc cpuid tsc_known_freq pni pclmulqdq ssse3 fma cx16 pcid sse4_1 sse4_2 x2apic movbe popcnt tsc_deadline_timer aes xsave avx f16c rdrand hypervisor lahf_lm abm 3dnowprefetch invpcid_single pti ssbd ibrs ibpb stibp fsgsbase tsc_adjust bmi1 avx2 smep bmi2 erms invpcid avx512f avx512dq rdseed adx smap avx512ifma clflushopt clwb avx512cd sha_ni avx512bw avx512vl xsaveopt xsavec xgetbv1 xsaves arat avx512vbmi umip avx512_vbmi2 gfni vaes vpclmulqdq avx512_vnni avx512_bitalg avx512_vpopcntdq rdpid fsrm avx512_vp2intersect flush_l1d arch_capabilities
Online cpus:
0-1
Offline cpus:

BIOS frequency limitation:
<Not Available>
Frequency switch latency (ns):
<Not Available>
Available cpu frequencies:
<Not Available>
Current governor:
<Not Available>
Core performance/turbo boost:
<Not Available>

Memory: 4k page, physical 4005236k(223808k free), swap 3512316k(1642464k free)

vm_info: OpenJDK 64-Bit Server VM (11.0.19+7-post-Ubuntu-0ubuntu122.04.1) for linux-amd64 JRE (11.0.19+7-post-Ubuntu-0ubuntu122.04.1), built on May 10 2023 00:54:00 by "unknown" with gcc 11.3.0

END.
